
 Primary working directories    : /scratch/sirous/44117/molpro.0bARTIAf6J
 Secondary working directories  : /scratch/sirous/44117/molpro.0bARTIAf6J
 Wavefunction directory         : /scratch/sirous/44117/
 Main file repository           : /scratch/sirous/44117/molpro.0bARTIAf6J/

 id        : karlovklimes

 Nodes                      nprocs
 nc-11.cc.karlov.mff.cuni.cz    4

 Using customized tuning parameters: mindgm=1; mindgv=20; mindgc=4; mindgr=1; noblas=0; minvec=7
 default implementation of scratch files=sf  


 Variables initialized (934), CPU time= 0.00 sec
 ***,CH3C6H4CN+CF3CN+BF3
 memory,500,m
 gdirect
 gthresh,energy=1.d-8,twoint=1.d-15,oneint=1.d-15,zero=1.d-15,orbital=1.d-8,grid=1.d-8
 symmetry,nosym
 geomtyp=xyz
                                                                                 ! Geometry
 geometry={
 O1        -0.706920192    0.045830367     0.006386104
 H1        0.265623615    0.071710143     0.001339293
 C1        -1.076670667    -1.313915813     0.00161428
 H2        -2.162923576    -1.36319577     0.005865424
 H3        -0.723405945    -1.844651676     -0.887743498
 H4        -0.716079778    -1.852820828     0.883079775
 N1        5.18134851035143    -0.20289665052579456     -0.010540036236096926
 H5        5.551968062351431    0.3048798554742055     0.782592354763903
 H6        5.55209135035143    0.26144191647420545     -0.829798870236097
 C2        5.659100446351431    -1.5889300975257945     0.026921168763903075
 H7        5.267215609351431    -2.1229553745257945     -0.8352705602360969
 H8        6.745811602351431    -1.6956652655257944     0.029955663763903073
 H9        5.26697404535143    -2.0756602665257944     0.9165533157639031
 }
 
 
 
 basis=avqz
 
 
 
                                                                                 ! Dimer Calculation
 {rhf,accu=1.d-8;orbital,2101.2}
 eab_HF=energy
 
 
                                                                                 !monomer A
 dummy,7,8,9,10,11,12,13;                                                        ! NOW MONOMER B IS DUMMY
 {rhf,accu=1.d-8;orbital,2201.2}
 ea_HF=energy
                                                                                 !monomer B
 dummy,1,2,3,4,5,6;                                                              !NOW MONOMER A IS DUMMY
 {rhf,accu=1.d-8;orbital,2301.2}
 eb_HF=energy
 
 E_AB_int=eab_HF-ea_HF-eb_HF
 
 
 text,results in hartree
 show,E_AB_int
 
 Commands  initialized (763), CPU time= 0.01 sec, 617 directives.
 Default parameters read. Elapsed time= 0.15 sec

 Checking input...
 Passed
1


                                         ***  PROGRAM SYSTEM MOLPRO  ***
                                       Copyright, TTI GmbH Stuttgart, 2015
                                    Version 2019.2 linked Jun  8 2019 11:26:33


 **********************************************************************************************************************************
 LABEL *   CH3C6H4CN+CF3CN+BF3                                                           
  64 bit mpp version                                                                     DATE: 10-Oct-19          TIME: 11:53:48  
 **********************************************************************************************************************************

 SHA1:             8135a10abc80eafa5b3ae28ffc55be4890dc4c84
 **********************************************************************************************************************************

 THRESHOLDS:

 ZERO    =  1.00D-15  ONEINT  =  1.00D-15  TWOINT  =  1.00D-15  PREFAC  =  1.00D-14  XXXXXX  =  1.00D-09  EORDER  =  1.00D-04
 ENERGY  =  1.00D-08  ETEST   =  0.00D+00  EDENS   =  0.00D+00  THRDEDEF=  1.00D-06  GRADIENT=  1.00D-02  STEP    =  1.00D-03
 ORBITAL =  1.00D-08  CIVEC   =  1.00D-05  COEFF   =  1.00D-04  PRINTCI =  5.00D-02  PUNCHCI =  9.90D+01  OPTGRAD =  3.00D-04
 OPTENERG=  1.00D-06  OPTSTEP =  3.00D-04  THRGRAD =  1.00D-10  COMPRESS=  1.00D-11  VARMIN  =  1.00D-07  VARMAX  =  1.00D-03
 THRDOUB =  0.00D+00  THRDIV  =  1.00D-05  THRRED  =  1.00D-07  THRPSP  =  1.00D+00  THRDC   =  1.00D-10  THRCS   =  1.00D-10
 THRNRM  =  1.00D-08  THREQ   =  0.00D+00  THRDE   =  1.00D+00  THRREF  =  1.00D-05  SPARFAC =  1.00D+00  THRDLP  =  1.00D-07
 THRDIA  =  1.00D-10  THRDLS  =  1.00D-07  THRGPS  =  0.00D+00  THRKEX  =  0.00D+00  THRDIS  =  2.00D-01  THRVAR  =  1.00D-10
 THRLOC  =  1.00D-06  THRGAP  =  1.00D-06  THRLOCT = -1.00D+00  THRGAPT = -1.00D+00  THRORB  =  1.00D-06  THRMLTP =  0.00D+00
 THRCPQCI=  1.00D-10  KEXTA   =  0.00D+00  THRCOARS=  0.00D+00  SYMTOL  =  1.00D-06  GRADTOL =  1.00D-06  THROVL  =  1.00D-08
 THRORTH =  1.00D-08  GRID    =  1.00D-08  GRIDMAX =  1.00D-03  DTMAX   =  0.00D+00  THROCCDE=  1.00D-01  THROCCDE=  1.00D-01
 THRPRINT=  2.50D-01


 Variable memory set to  500000000 words,  buffer space 

 SETTING GEOMTYP        =    XYZ
 ZSYMEL=NOSYM

 SETTING BASIS          =    AVQZ


 Recomputing integrals since basis changed


 Using spherical harmonics

 Library entry O      S aug-cc-pVQZ          selected for orbital group  1
 Library entry O      P aug-cc-pVQZ          selected for orbital group  1
 Library entry O      D aug-cc-pVQZ          selected for orbital group  1
 Library entry O      F aug-cc-pVQZ          selected for orbital group  1
 Library entry O      G aug-cc-pVQZ          selected for orbital group  1
 Library entry H      S aug-cc-pVQZ          selected for orbital group  2
 Library entry H      P aug-cc-pVQZ          selected for orbital group  2
 Library entry H      D aug-cc-pVQZ          selected for orbital group  2
 Library entry H      F aug-cc-pVQZ          selected for orbital group  2
 Library entry C      S aug-cc-pVQZ          selected for orbital group  3
 Library entry C      P aug-cc-pVQZ          selected for orbital group  3
 Library entry C      D aug-cc-pVQZ          selected for orbital group  3
 Library entry C      F aug-cc-pVQZ          selected for orbital group  3
 Library entry C      G aug-cc-pVQZ          selected for orbital group  3
 Library entry N      S aug-cc-pVQZ          selected for orbital group  5
 Library entry N      P aug-cc-pVQZ          selected for orbital group  5
 Library entry N      D aug-cc-pVQZ          selected for orbital group  5
 Library entry N      F aug-cc-pVQZ          selected for orbital group  5
 Library entry N      G aug-cc-pVQZ          selected for orbital group  5


 PROGRAM * SEWARD (Integral evaluation for generally contracted gaussian basis sets)     Author: Roland Lindh, 1990

 Geometry written to block  1 of record 700


 Point group  C1  



 ATOMIC COORDINATES

 NR  ATOM    CHARGE       X              Y              Z

   1  O1      8.00   -1.335885555    0.086606842    0.012067988
   2  H1      1.00    0.501955885    0.135512531    0.002530897
   3  C1      6.00   -2.034612687   -2.482941037    0.003050547
   4  H2      1.00   -4.087333187   -2.576066659    0.011084045
   5  H3      1.00   -1.367039113   -3.485886463   -1.677592080
   6  H4      1.00   -1.353194664   -3.501323923    1.668778921
   7  N1      7.00    9.791329640   -0.383419101   -0.019917782
   8  H5      1.00   10.491699090    0.576139428    1.478885218
   9  H6      1.00   10.491932071    0.494053620   -1.568092603
  10  C2      6.00   10.694149955   -3.002642715    0.050873636
  11  H7      1.00    9.953594941   -4.011804233   -1.578432599
  12  H8      1.00   12.747736416   -3.204342951    0.056608000
  13  H9      1.00    9.953138451   -3.922429431    1.732034745

 Bond lengths in Bohr (Angstrom)

 1-2  1.838516761  1-3  2.662870110  3-4  2.054847530  3-5  2.067876603  3-6  2.067869735
     ( 0.972901172)     ( 1.409130178)     ( 1.087378485)     ( 1.094273173)     ( 1.094269539)

  7- 8  1.912506305   7- 9  1.912497691   7-10  2.771358563  10-11  2.054621012  10-12  2.063476005
       ( 1.012054752)       ( 1.012050194)       ( 1.466539795)       ( 1.087258617)       ( 1.091944477)

 10-13  2.054606611
       ( 1.087250996)

 Bond angles

  1-3-4  107.80889360   1-3-5  112.70939660   1-3-6  112.70742448   2-1-3  106.73530620

  4- 3- 5  107.67954830   4- 3- 6  107.68099728   5- 3- 6  108.02575013   7-10-11  109.05828427

  7-10-12  114.62388023   7-10-13  109.05680439   8- 7- 9  105.66707883   8- 7-10  109.56459378

  9- 7-10  109.57028935  11-10-12  108.23406660  11-10-13  107.39674280  12-10-13  108.23392760

 NUCLEAR CHARGE:                   36
 NUMBER OF PRIMITIVE AOS:         985
 NUMBER OF SYMMETRY AOS:          804
 NUMBER OF CONTRACTIONS:          734   (  734A   )
 NUMBER OF CORE ORBITALS:           4   (    4A   )
 NUMBER OF VALENCE ORBITALS:       25   (   25A   )


 NUCLEAR REPULSION ENERGY  109.22602579


 Eigenvalues of metric

         1 0.998E-05 0.139E-04 0.184E-04 0.235E-04 0.241E-04 0.292E-04 0.327E-04 0.375E-04


 OPERATOR DM      FOR CENTER  0  COORDINATES:    0.000000    0.000000    0.000000


 **********************************************************************************************************************************
 DATASETS  * FILE   NREC   LENGTH (MB)   RECORD NAMES
              1      18       49.81       500      610      700      900      950      970     1000      129      960     1100   
                                          VAR    BASINP    GEOM    SYMINP    ZMAT    AOBASIS   BASIS     P2S    ABASIS      S 
                                         1400     1410     1200     1210     1080     1600     1650     1700   
                                           T        V       H0       H01     AOSYM     SMH    MOLCAS    OPER   

 PROGRAMS   *        TOTAL       INT
 CPU TIMES  *         1.18      1.00
 REAL TIME  *         1.89 SEC
 DISK USED  *        50.52 MB (local),      202.07 MB (total)
 GA USED    *         0.00 MB       (max)       0.00 MB       (current)
 **********************************************************************************************************************************


 PROGRAM * RHF-SCF (CLOSED SHELL)       Authors: W. Meyer, H.-J. Werner


 NUMBER OF ELECTRONS:      18+   18-    SPACE SYMMETRY=1    SPIN SYMMETRY: Singlet 
 CONVERGENCE THRESHOLDS:    1.00E-04 (Density)    1.00E-09 (Energy)
 INTEGRAL THRESHOLDS:       1.00E-11 (Initial)    1.00E-11 (Final)
 MAX. NUMBER OF ITERATIONS:       60
 INTERPOLATION TYPE:            DIIS
 INTERPOLATION STEPS:              2 (START)      1 (STEP)
 LEVEL SHIFTS:                  0.00 (CLOSED)  0.00 (OPEN) 



 Orbital guess generated from atomic densities. Full valence occupancy:   29

 Molecular orbital dump at record        2101.2

 Initial occupancy:  18

 Direct Fock-matrix evaluation.        Authors: Roland Lindh & Martin Schuetz (1993/96)

 Integral Threshold:                  0.1D-10
 Threshold for writing integrals:     0.1D-06
 Prescreening on density matrix:        ON 
 Calculation will be performed fully direct        

 ITERATION   DDIFF            GRAD            ENERGY        2-EL.EN.            DIPOLE MOMENTS         DIIS   CPU(IT)  CPU(TOT)
    1      0.000D+00      0.000D+00      -210.29506705    367.793904    1.51023   -0.61133   -0.01069    0    239.8    248.7     start
    2      0.000D+00      0.221D-02      -210.34895554    363.077670    0.90050   -0.40096   -0.00482    1    228.6    477.3     diag
    3      0.155D-02      0.110D-02      -210.35997552    365.334922    1.05856   -0.54278   -0.00550    2    218.5    695.8     diag
    4      0.521D-03      0.269D-03      -210.36108972    364.996836    1.05748   -0.53143   -0.00530    3    209.1    904.9     diag
    5      0.156D-03      0.565D-04      -210.36115992    364.988181    1.05187   -0.54111   -0.00517    4    197.7   1102.6     diag
    6      0.423D-04      0.163D-04      -210.36116481    365.000559    1.05344   -0.54177   -0.00514    5    184.9   1287.5     diag
    7      0.123D-04      0.536D-05      -210.36116536    364.995885    1.05363   -0.54239   -0.00514    6    173.9   1461.4     diag
    8      0.450D-05      0.116D-05      -210.36116540    364.995901    1.05367   -0.54263   -0.00514    7    161.6   1623.0     diag
    9      0.129D-05      0.389D-06      -210.36116541    364.996167    1.05366   -0.54263   -0.00514    0    142.0   1765.0     orth

 Final occupancy:  18

 !RHF STATE  1.1 Energy              -210.361165405286
 Nuclear energy                       109.22602579
 One-electron energy                 -502.08527458
 Two-electron energy                  182.49808338
 Virial quotient                       -1.00111611
 !RHF STATE  1.1 Dipole moment          1.05366076    -0.54262728    -0.00513751
 Dipole moment /Debye                   2.67796311    -1.37913065    -0.01305739

 Orbital energies:

         1.1          2.1          3.1          4.1          5.1          6.1          7.1          8.1          9.1         10.1
    -20.553385   -15.542983   -11.264376   -11.243665    -1.353810    -1.174358    -0.918718    -0.900968    -0.686127    -0.666124

        11.1         12.1         13.1         14.1         15.1         16.1         17.1         18.1         19.1         20.1
     -0.615698    -0.608576    -0.591074    -0.560263    -0.522056    -0.498348    -0.445322    -0.398704     0.022676     0.031398


 HOMO     18.1    -0.398704 =     -10.8493eV
 LUMO     19.1     0.022676 =       0.6171eV
 LUMO-HOMO         0.421381 =      11.4663eV


 **********************************************************************************************************************************
 DATASETS  * FILE   NREC   LENGTH (MB)   RECORD NAMES
              1      18       49.81       500      610      700      900      950      970     1000      129      960     1100   
                                          VAR    BASINP    GEOM    SYMINP    ZMAT    AOBASIS   BASIS     P2S    ABASIS      S 
                                         1400     1410     1200     1210     1080     1600     1650     1700   
                                           T        V       H0       H01     AOSYM     SMH    MOLCAS    OPER   

              2       4       13.87       700     1000      520     2101   
                                         GEOM     BASIS   MCVARS     RHF  

 PROGRAMS   *        TOTAL   RHF-SCF       INT
 CPU TIMES  *      1766.75   1765.56      1.00
 REAL TIME  *      1781.12 SEC
 DISK USED  *        98.36 MB (local),      393.45 MB (total)
 SF USED    *         6.47 MB
 GA USED    *         0.00 MB       (max)       0.00 MB       (current)
 **********************************************************************************************************************************
 SETTING EAB_HF         =      -210.36116541  AU                              

 Dummy atoms: N1  H5  H6  C2  H7  H8  H9


 Recomputing one-electron integrals since nuclear charges changed


 PROGRAM * SEWARD (Integral evaluation for generally contracted gaussian basis sets)     Author: Roland Lindh, 1990

 Geometry written to block  1 of record 700


 Point group  C1  



 ATOMIC COORDINATES

 NR  ATOM    CHARGE       X              Y              Z

   1  O1      8.00   -1.335885555    0.086606842    0.012067988
   2  H1      1.00    0.501955885    0.135512531    0.002530897
   3  C1      6.00   -2.034612687   -2.482941037    0.003050547
   4  H2      1.00   -4.087333187   -2.576066659    0.011084045
   5  H3      1.00   -1.367039113   -3.485886463   -1.677592080
   6  H4      1.00   -1.353194664   -3.501323923    1.668778921
   7  N1      0.00    9.791329640   -0.383419101   -0.019917782
   8  H5      0.00   10.491699090    0.576139428    1.478885218
   9  H6      0.00   10.491932071    0.494053620   -1.568092603
  10  C2      0.00   10.694149955   -3.002642715    0.050873636
  11  H7      0.00    9.953594941   -4.011804233   -1.578432599
  12  H8      0.00   12.747736416   -3.204342951    0.056608000
  13  H9      0.00    9.953138451   -3.922429431    1.732034745

 Bond lengths in Bohr (Angstrom)

 1-2  1.838516761  1-3  2.662870110  3-4  2.054847530  3-5  2.067876603  3-6  2.067869735
     ( 0.972901172)     ( 1.409130178)     ( 1.087378485)     ( 1.094273173)     ( 1.094269539)

  7- 8  1.912506305   7- 9  1.912497691   7-10  2.771358563  10-11  2.054621012  10-12  2.063476005
       ( 1.012054752)       ( 1.012050194)       ( 1.466539795)       ( 1.087258617)       ( 1.091944477)

 10-13  2.054606611
       ( 1.087250996)

 Bond angles

  1-3-4  107.80889360   1-3-5  112.70939660   1-3-6  112.70742448   2-1-3  106.73530620

  4- 3- 5  107.67954830   4- 3- 6  107.68099728   5- 3- 6  108.02575013   7-10-11  109.05828427

  7-10-12  114.62388023   7-10-13  109.05680439   8- 7- 9  105.66707883   8- 7-10  109.56459378

  9- 7-10  109.57028935  11-10-12  108.23406660  11-10-13  107.39674280  12-10-13  108.23392760

 NUCLEAR CHARGE:                   18
 NUMBER OF PRIMITIVE AOS:         985
 NUMBER OF SYMMETRY AOS:          804
 NUMBER OF CONTRACTIONS:          734   (  734A   )
 NUMBER OF CORE ORBITALS:           2   (    2A   )
 NUMBER OF VALENCE ORBITALS:       12   (   12A   )

 MOLECULE CHANGED: INITIALIZING OCCUPATION AND DUMP RECORDS


 NUCLEAR REPULSION ENERGY   40.42467095


 Eigenvalues of metric

         1 0.998E-05 0.139E-04 0.184E-04 0.235E-04 0.241E-04 0.292E-04 0.327E-04 0.375E-04


 OPERATOR DM      FOR CENTER  0  COORDINATES:    0.000000    0.000000    0.000000


 **********************************************************************************************************************************
 DATASETS  * FILE   NREC   LENGTH (MB)   RECORD NAMES
              1      18       49.81       500      610      700      900      950      970     1000      129      960     1100   
                                          VAR    BASINP    GEOM    SYMINP    ZMAT    AOBASIS   BASIS     P2S    ABASIS      S 
                                         1400     1410     1200     1210     1080     1600     1650     1700   
                                           T        V       H0       H01     AOSYM     SMH    MOLCAS    OPER   

              2       4       13.87       700     1000      520     2101   
                                         GEOM     BASIS   MCVARS     RHF  

 PROGRAMS   *        TOTAL       INT   RHF-SCF       INT
 CPU TIMES  *      1767.49      0.74   1765.56      1.00
 REAL TIME  *      1781.91 SEC
 DISK USED  *        98.36 MB (local),      393.45 MB (total)
 SF USED    *         6.47 MB
 GA USED    *         0.00 MB       (max)       0.00 MB       (current)
 **********************************************************************************************************************************


 PROGRAM * RHF-SCF (CLOSED SHELL)       Authors: W. Meyer, H.-J. Werner


 NUMBER OF ELECTRONS:       9+    9-    SPACE SYMMETRY=1    SPIN SYMMETRY: Singlet 
 CONVERGENCE THRESHOLDS:    1.00E-04 (Density)    1.00E-09 (Energy)
 INTEGRAL THRESHOLDS:       1.00E-11 (Initial)    1.00E-11 (Final)
 MAX. NUMBER OF ITERATIONS:       60
 INTERPOLATION TYPE:            DIIS
 INTERPOLATION STEPS:              2 (START)      1 (STEP)
 LEVEL SHIFTS:                  0.00 (CLOSED)  0.00 (OPEN) 



 Orbital guess generated from atomic densities. Full valence occupancy:   14

 Molecular orbital dump at record        2201.2

 Initial occupancy:   9

 Direct Fock-matrix evaluation.        Authors: Roland Lindh & Martin Schuetz (1993/96)

 Integral Threshold:                  0.1D-10
 Threshold for writing integrals:     0.1D-06
 Prescreening on density matrix:        ON 
 Calculation will be performed fully direct        

 ITERATION   DDIFF            GRAD            ENERGY        2-EL.EN.            DIPOLE MOMENTS         DIIS   CPU(IT)  CPU(TOT)
    1      0.000D+00      0.000D+00      -115.06239078    164.630651    0.73162   -0.73024   -0.00757    0    222.4    228.6     start
    2      0.000D+00      0.243D-02      -115.09083699    162.044627    0.38295   -0.43204   -0.00423    1    212.3    440.9     diag
    3      0.116D-02      0.133D-02      -115.09825071    163.310395    0.45550   -0.55405   -0.00522    2    200.0    640.9     diag
    4      0.416D-03      0.265D-03      -115.09879416    163.131004    0.45091   -0.54783   -0.00516    3    191.9    832.8     diag
    5      0.107D-03      0.541D-04      -115.09883032    163.142706    0.44519   -0.55117   -0.00515    4    176.2   1009.0     diag
    6      0.285D-04      0.103D-04      -115.09883205    163.140471    0.44504   -0.55199   -0.00515    5    157.4   1166.5     diag
    7      0.831D-05      0.228D-05      -115.09883214    163.140066    0.44475   -0.55220   -0.00515    6    139.9   1306.4     diag
    8      0.200D-05      0.601D-06      -115.09883214    163.140447    0.44474   -0.55222   -0.00515    0    111.7   1418.1     orth

 Final occupancy:   9

 !RHF STATE  1.1 Energy              -115.098832140317
 Nuclear energy                        40.42467095
 One-electron energy                 -237.09372666
 Two-electron energy                   81.57022357
 Virial quotient                       -1.00116171
 !RHF STATE  1.1 Dipole moment          0.44473936    -0.55221527    -0.00514968
 Dipole moment /Debye                   1.13034065    -1.40349928    -0.01308832

 Orbital energies:

         1.1          2.1          3.1          4.1          5.1          6.1          7.1          8.1          9.1         10.1
    -20.559530   -11.269306    -1.359818    -0.923889    -0.691908    -0.621033    -0.596523    -0.503687    -0.450945     0.015196

        11.1
      0.029987


 HOMO      9.1    -0.450945 =     -12.2708eV
 LUMO     10.1     0.015196 =       0.4135eV
 LUMO-HOMO         0.466141 =      12.6843eV


 **********************************************************************************************************************************
 DATASETS  * FILE   NREC   LENGTH (MB)   RECORD NAMES
              1      18       49.81       500      610      700      900      950      970     1000      129      960     1100   
                                          VAR    BASINP    GEOM    SYMINP    ZMAT    AOBASIS   BASIS     P2S    ABASIS      S 
                                         1400     1410     1200     1210     1080     1600     1650     1700   
                                           T        V       H0       H01     AOSYM     SMH    MOLCAS    OPER   

              2       5       37.95       700     1000      520     2101     2201   
                                         GEOM     BASIS   MCVARS     RHF      RHF  

 PROGRAMS   *        TOTAL   RHF-SCF       INT   RHF-SCF       INT
 CPU TIMES  *      3186.13   1418.64      0.74   1765.56      1.00
 REAL TIME  *      3210.78 SEC
 DISK USED  *       120.29 MB (local),      481.15 MB (total)
 SF USED    *         6.47 MB
 GA USED    *         0.00 MB       (max)       0.00 MB       (current)
 **********************************************************************************************************************************
 SETTING EA_HF          =      -115.09883214  AU                              

 Dummy atoms: O1  H1  C1  H2  H3  H4


 Recomputing one-electron integrals since nuclear charges changed


 PROGRAM * SEWARD (Integral evaluation for generally contracted gaussian basis sets)     Author: Roland Lindh, 1990

 Geometry written to block  1 of record 700


 Point group  C1  



 ATOMIC COORDINATES

 NR  ATOM    CHARGE       X              Y              Z

   1  O1      0.00   -1.335885555    0.086606842    0.012067988
   2  H1      0.00    0.501955885    0.135512531    0.002530897
   3  C1      0.00   -2.034612687   -2.482941037    0.003050547
   4  H2      0.00   -4.087333187   -2.576066659    0.011084045
   5  H3      0.00   -1.367039113   -3.485886463   -1.677592080
   6  H4      0.00   -1.353194664   -3.501323923    1.668778921
   7  N1      7.00    9.791329640   -0.383419101   -0.019917782
   8  H5      1.00   10.491699090    0.576139428    1.478885218
   9  H6      1.00   10.491932071    0.494053620   -1.568092603
  10  C2      6.00   10.694149955   -3.002642715    0.050873636
  11  H7      1.00    9.953594941   -4.011804233   -1.578432599
  12  H8      1.00   12.747736416   -3.204342951    0.056608000
  13  H9      1.00    9.953138451   -3.922429431    1.732034745

 Bond lengths in Bohr (Angstrom)

 1-2  1.838516761  1-3  2.662870110  3-4  2.054847530  3-5  2.067876603  3-6  2.067869735
     ( 0.972901172)     ( 1.409130178)     ( 1.087378485)     ( 1.094273173)     ( 1.094269539)

  7- 8  1.912506305   7- 9  1.912497691   7-10  2.771358563  10-11  2.054621012  10-12  2.063476005
       ( 1.012054752)       ( 1.012050194)       ( 1.466539795)       ( 1.087258617)       ( 1.091944477)

 10-13  2.054606611
       ( 1.087250996)

 Bond angles

  1-3-4  107.80889360   1-3-5  112.70939660   1-3-6  112.70742448   2-1-3  106.73530620

  4- 3- 5  107.67954830   4- 3- 6  107.68099728   5- 3- 6  108.02575013   7-10-11  109.05828427

  7-10-12  114.62388023   7-10-13  109.05680439   8- 7- 9  105.66707883   8- 7-10  109.56459378

  9- 7-10  109.57028935  11-10-12  108.23406660  11-10-13  107.39674280  12-10-13  108.23392760

 NUCLEAR CHARGE:                   18
 NUMBER OF PRIMITIVE AOS:         985
 NUMBER OF SYMMETRY AOS:          804
 NUMBER OF CONTRACTIONS:          734   (  734A   )
 NUMBER OF CORE ORBITALS:           2   (    2A   )
 NUMBER OF VALENCE ORBITALS:       13   (   13A   )

 MOLECULE CHANGED: INITIALIZING OCCUPATION AND DUMP RECORDS


 NUCLEAR REPULSION ENERGY   42.05202864


 Eigenvalues of metric

         1 0.998E-05 0.139E-04 0.184E-04 0.235E-04 0.241E-04 0.292E-04 0.327E-04 0.375E-04


 OPERATOR DM      FOR CENTER  0  COORDINATES:    0.000000    0.000000    0.000000


 **********************************************************************************************************************************
 DATASETS  * FILE   NREC   LENGTH (MB)   RECORD NAMES
              1      18       49.81       500      610      700      900      950      970     1000      129      960     1100   
                                          VAR    BASINP    GEOM    SYMINP    ZMAT    AOBASIS   BASIS     P2S    ABASIS      S 
                                         1400     1410     1200     1210     1080     1600     1650     1700   
                                           T        V       H0       H01     AOSYM     SMH    MOLCAS    OPER   

              2       5       37.95       700     1000      520     2101     2201   
                                         GEOM     BASIS   MCVARS     RHF      RHF  

 PROGRAMS   *        TOTAL       INT   RHF-SCF       INT   RHF-SCF       INT
 CPU TIMES  *      3186.86      0.73   1418.64      0.74   1765.56      1.00
 REAL TIME  *      3211.57 SEC
 DISK USED  *       120.29 MB (local),      481.15 MB (total)
 SF USED    *         6.47 MB
 GA USED    *         0.00 MB       (max)       0.00 MB       (current)
 **********************************************************************************************************************************


 PROGRAM * RHF-SCF (CLOSED SHELL)       Authors: W. Meyer, H.-J. Werner


 NUMBER OF ELECTRONS:       9+    9-    SPACE SYMMETRY=1    SPIN SYMMETRY: Singlet 
 CONVERGENCE THRESHOLDS:    1.00E-04 (Density)    1.00E-09 (Energy)
 INTEGRAL THRESHOLDS:       1.00E-11 (Initial)    1.00E-11 (Final)
 MAX. NUMBER OF ITERATIONS:       60
 INTERPOLATION TYPE:            DIIS
 INTERPOLATION STEPS:              2 (START)      1 (STEP)
 LEVEL SHIFTS:                  0.00 (CLOSED)  0.00 (OPEN) 



 Orbital guess generated from atomic densities. Full valence occupancy:   15

 Molecular orbital dump at record        2301.2

 Initial occupancy:   9

 Direct Fock-matrix evaluation.        Authors: Roland Lindh & Martin Schuetz (1993/96)

 Integral Threshold:                  0.1D-10
 Threshold for writing integrals:     0.1D-06
 Prescreening on density matrix:        ON 
 Calculation will be performed fully direct        

 ITERATION   DDIFF            GRAD            ENERGY        2-EL.EN.            DIPOLE MOMENTS         DIIS   CPU(IT)  CPU(TOT)
    1      0.000D+00      0.000D+00       -95.23111701    149.656086    0.77839    0.11893   -0.00312    0    224.7    231.0     start
    2      0.000D+00      0.197D-02       -95.25702633    147.491068    0.46941    0.02580   -0.00065    1    213.1    444.1     diag
    3      0.104D-02      0.828D-03       -95.26088920    148.524859    0.57179    0.01100   -0.00023    2    202.8    646.9     diag
    4      0.318D-03      0.243D-03       -95.26141550    148.312756    0.56737    0.00928   -0.00019    3    193.6    840.5     diag
    5      0.113D-03      0.481D-04       -95.26144321    148.319430    0.56811    0.00367   -0.00004    4    179.9   1020.4     diag
    6      0.255D-04      0.115D-04       -95.26144499    148.322611    0.56917    0.00344   -0.00003    5    163.5   1183.9     diag
    7      0.806D-05      0.325D-05       -95.26144512    148.320630    0.56955    0.00309   -0.00002    6    148.0   1331.9     diag
    8      0.223D-05      0.871D-06       -95.26144513    148.320945    0.56962    0.00297   -0.00002    7    136.6   1468.6     diag
    9      0.760D-06      0.225D-06       -95.26144513    148.320874    0.56964    0.00296   -0.00002    0    109.6   1578.2     orth

 Final occupancy:   9

 !RHF STATE  1.1 Energy               -95.261445132643
 Nuclear energy                        42.05202864
 One-electron energy                 -211.47391057
 Two-electron energy                   74.16043680
 Virial quotient                       -1.00103097
 !RHF STATE  1.1 Dipole moment          0.56963942     0.00295966    -0.00001888
 Dipole moment /Debye                   1.44778415     0.00752222    -0.00004798

 Orbital energies:

         1.1          2.1          3.1          4.1          5.1          6.1          7.1          8.1          9.1         10.1
    -15.538180   -11.239359    -1.169698    -0.896556    -0.661509    -0.604100    -0.555744    -0.517617    -0.393756     0.022586

        11.1
      0.028649


 HOMO      9.1    -0.393756 =     -10.7146eV
 LUMO     10.1     0.022586 =       0.6146eV
 LUMO-HOMO         0.416342 =      11.3292eV


 **********************************************************************************************************************************
 DATASETS  * FILE   NREC   LENGTH (MB)   RECORD NAMES
              1      18       49.81       500      610      700      900      950      970     1000      129      960     1100   
                                          VAR    BASINP    GEOM    SYMINP    ZMAT    AOBASIS   BASIS     P2S    ABASIS      S 
                                         1400     1410     1200     1210     1080     1600     1650     1700   
                                           T        V       H0       H01     AOSYM     SMH    MOLCAS    OPER   

              2       6       62.03       700     1000      520     2101     2201     2301   
                                         GEOM     BASIS   MCVARS     RHF      RHF      RHF  

 PROGRAMS   *        TOTAL   RHF-SCF       INT   RHF-SCF       INT   RHF-SCF       INT
 CPU TIMES  *      4765.56   1578.69      0.73   1418.64      0.74   1765.56      1.00
 REAL TIME  *      4801.75 SEC
 DISK USED  *       146.53 MB (local),      586.11 MB (total)
 SF USED    *         6.47 MB
 GA USED    *         0.00 MB       (max)       0.00 MB       (current)
 **********************************************************************************************************************************
 SETTING EB_HF          =       -95.26144513  AU                              
 SETTING E_AB_INT       =        -0.00088813  AU                              

 *** results in hartree
 E_AB_INT         =        -0.00088813 AU
 Molecular orbitals read from record     2301.2  Type=RHF/CANONICAL (state 1.1)
 Occupation numbers read from record     2301.2  Type=RHF/RHF (state 1.1)
 Orbital energies read from record       2301.2  Type=RHF/CANONICAL (state 1.1)
 Redundancy group numbers read from rec  2301.2  Type=RHF/RHF (state 1.1)

 RHF/aug-cc-pVQZ energy=    -95.261445132643

         RHF-SCF         RHF-SCF         RHF-SCF
    -95.26144513   -115.09883214   -210.36116541
 **********************************************************************************************************************************
 Molpro calculation terminated
