
 Primary working directories    : /scratch/sirous/44098/molpro.CmFzWj57cd
 Secondary working directories  : /scratch/sirous/44098/molpro.CmFzWj57cd
 Wavefunction directory         : /scratch/sirous/44098/
 Main file repository           : /scratch/sirous/44098/molpro.CmFzWj57cd/

 id        : karlovklimes

 Nodes                      nprocs
 nc-12.cc.karlov.mff.cuni.cz    4

 Using customized tuning parameters: mindgm=1; mindgv=20; mindgc=4; mindgr=1; noblas=0; minvec=7
 default implementation of scratch files=sf  


 Variables initialized (934), CPU time= 0.01 sec
 ***,CH3C6H4CN+CF3CN+BF3
 memory,500,m
 gdirect
 gthresh,energy=1.d-8,twoint=1.d-15,oneint=1.d-15,zero=1.d-15,orbital=1.d-8,grid=1.d-8
 symmetry,nosym
 geomtyp=xyz
                                                                                 ! Geometry
 geometry={
 O1        -0.706920192    0.045830367     0.006386104
 H1        0.265623615    0.071710143     0.001339293
 C1        -1.076670667    -1.313915813     0.00161428
 H2        -2.162923576    -1.36319577     0.005865424
 H3        -0.723405945    -1.844651676     -0.887743498
 H4        -0.716079778    -1.852820828     0.883079775
 N1        1.8386555813531427    -0.0161640338632274     -0.0024620904351870766
 H5        2.2092751333531426    0.4916124721367726     0.7906703005648129
 H6        2.209398421353143    0.4481745331367726     -0.8217209244351871
 C2        2.316407517353143    -1.4021974808632274     0.03499911456481292
 H7        1.9245226803531428    -1.9362227578632274     -0.827192614435187
 H8        3.4031186733531427    -1.5089326488632273     0.03803360956481292
 H9        1.9242811163531428    -1.8889276498632273     0.924631261564813
 }
 
 
 
 basis=avqz
 
 
 
                                                                                 ! Dimer Calculation
 {rhf,accu=1.d-8;orbital,2101.2}
 eab_HF=energy
 
 
                                                                                 !monomer A
 dummy,7,8,9,10,11,12,13;                                                        ! NOW MONOMER B IS DUMMY
 {rhf,accu=1.d-8;orbital,2201.2}
 ea_HF=energy
                                                                                 !monomer B
 dummy,1,2,3,4,5,6;                                                              !NOW MONOMER A IS DUMMY
 {rhf,accu=1.d-8;orbital,2301.2}
 eb_HF=energy
 
 E_AB_int=eab_HF-ea_HF-eb_HF
 
 
 text,results in hartree
 show,E_AB_int
 
 Commands  initialized (763), CPU time= 0.02 sec, 617 directives.
 Default parameters read. Elapsed time= 0.20 sec

 Checking input...
 Passed
1


                                         ***  PROGRAM SYSTEM MOLPRO  ***
                                       Copyright, TTI GmbH Stuttgart, 2015
                                    Version 2019.2 linked Jun  8 2019 11:26:33


 **********************************************************************************************************************************
 LABEL *   CH3C6H4CN+CF3CN+BF3                                                           
  64 bit mpp version                                                                     DATE: 10-Oct-19          TIME: 04:04:45  
 **********************************************************************************************************************************

 SHA1:             8135a10abc80eafa5b3ae28ffc55be4890dc4c84
 **********************************************************************************************************************************

 THRESHOLDS:

 ZERO    =  1.00D-15  ONEINT  =  1.00D-15  TWOINT  =  1.00D-15  PREFAC  =  1.00D-14  XXXXXX  =  1.00D-09  EORDER  =  1.00D-04
 ENERGY  =  1.00D-08  ETEST   =  0.00D+00  EDENS   =  0.00D+00  THRDEDEF=  1.00D-06  GRADIENT=  1.00D-02  STEP    =  1.00D-03
 ORBITAL =  1.00D-08  CIVEC   =  1.00D-05  COEFF   =  1.00D-04  PRINTCI =  5.00D-02  PUNCHCI =  9.90D+01  OPTGRAD =  3.00D-04
 OPTENERG=  1.00D-06  OPTSTEP =  3.00D-04  THRGRAD =  1.00D-10  COMPRESS=  1.00D-11  VARMIN  =  1.00D-07  VARMAX  =  1.00D-03
 THRDOUB =  0.00D+00  THRDIV  =  1.00D-05  THRRED  =  1.00D-07  THRPSP  =  1.00D+00  THRDC   =  1.00D-10  THRCS   =  1.00D-10
 THRNRM  =  1.00D-08  THREQ   =  0.00D+00  THRDE   =  1.00D+00  THRREF  =  1.00D-05  SPARFAC =  1.00D+00  THRDLP  =  1.00D-07
 THRDIA  =  1.00D-10  THRDLS  =  1.00D-07  THRGPS  =  0.00D+00  THRKEX  =  0.00D+00  THRDIS  =  2.00D-01  THRVAR  =  1.00D-10
 THRLOC  =  1.00D-06  THRGAP  =  1.00D-06  THRLOCT = -1.00D+00  THRGAPT = -1.00D+00  THRORB  =  1.00D-06  THRMLTP =  0.00D+00
 THRCPQCI=  1.00D-10  KEXTA   =  0.00D+00  THRCOARS=  0.00D+00  SYMTOL  =  1.00D-06  GRADTOL =  1.00D-06  THROVL  =  1.00D-08
 THRORTH =  1.00D-08  GRID    =  1.00D-08  GRIDMAX =  1.00D-03  DTMAX   =  0.00D+00  THROCCDE=  1.00D-01  THROCCDE=  1.00D-01
 THRPRINT=  2.50D-01


 Variable memory set to  500000000 words,  buffer space 

 SETTING GEOMTYP        =    XYZ
 ZSYMEL=NOSYM

 SETTING BASIS          =    AVQZ


 Recomputing integrals since basis changed


 Using spherical harmonics

 Library entry O      S aug-cc-pVQZ          selected for orbital group  1
 Library entry O      P aug-cc-pVQZ          selected for orbital group  1
 Library entry O      D aug-cc-pVQZ          selected for orbital group  1
 Library entry O      F aug-cc-pVQZ          selected for orbital group  1
 Library entry O      G aug-cc-pVQZ          selected for orbital group  1
 Library entry H      S aug-cc-pVQZ          selected for orbital group  2
 Library entry H      P aug-cc-pVQZ          selected for orbital group  2
 Library entry H      D aug-cc-pVQZ          selected for orbital group  2
 Library entry H      F aug-cc-pVQZ          selected for orbital group  2
 Library entry C      S aug-cc-pVQZ          selected for orbital group  3
 Library entry C      P aug-cc-pVQZ          selected for orbital group  3
 Library entry C      D aug-cc-pVQZ          selected for orbital group  3
 Library entry C      F aug-cc-pVQZ          selected for orbital group  3
 Library entry C      G aug-cc-pVQZ          selected for orbital group  3
 Library entry N      S aug-cc-pVQZ          selected for orbital group  5
 Library entry N      P aug-cc-pVQZ          selected for orbital group  5
 Library entry N      D aug-cc-pVQZ          selected for orbital group  5
 Library entry N      F aug-cc-pVQZ          selected for orbital group  5
 Library entry N      G aug-cc-pVQZ          selected for orbital group  5


 PROGRAM * SEWARD (Integral evaluation for generally contracted gaussian basis sets)     Author: Roland Lindh, 1990

 Geometry written to block  1 of record 700


 Point group  C1  



 ATOMIC COORDINATES

 NR  ATOM    CHARGE       X              Y              Z

   1  O1      8.00   -1.335885555    0.086606842    0.012067988
   2  H1      1.00    0.501955885    0.135512531    0.002530897
   3  C1      6.00   -2.034612687   -2.482941037    0.003050547
   4  H2      1.00   -4.087333187   -2.576066659    0.011084045
   5  H3      1.00   -1.367039113   -3.485886463   -1.677592080
   6  H4      1.00   -1.353194664   -3.501323923    1.668778921
   7  N1      7.00    3.474555486   -0.030545597   -0.004652677
   8  H5      1.00    4.174924936    0.929012932    1.494150323
   9  H6      1.00    4.175157916    0.846927124   -1.552827498
  10  C2      6.00    4.377375801   -2.649769211    0.066138741
  11  H7      1.00    3.636820786   -3.658930729   -1.563167494
  12  H8      1.00    6.430962262   -2.851469447    0.071873106
  13  H9      1.00    3.636364297   -3.569555927    1.747299851

 Bond lengths in Bohr (Angstrom)

 1-2  1.838516761  1-3  2.662870110  3-4  2.054847530  3-5  2.067876603  3-6  2.067869735
     ( 0.972901172)     ( 1.409130178)     ( 1.087378485)     ( 1.094273173)     ( 1.094269539)

  7- 8  1.912506305   7- 9  1.912497691   7-10  2.771358563  10-11  2.054621012  10-12  2.063476005
       ( 1.012054752)       ( 1.012050194)       ( 1.466539795)       ( 1.087258617)       ( 1.091944477)

 10-13  2.054606611
       ( 1.087250996)

 Bond angles

  1-3-4  107.80889360   1-3-5  112.70939660   1-3-6  112.70742448   2-1-3  106.73530620

  4- 3- 5  107.67954830   4- 3- 6  107.68099728   5- 3- 6  108.02575013   7-10-11  109.05828427

  7-10-12  114.62388023   7-10-13  109.05680439   8- 7- 9  105.66707883   8- 7-10  109.56459378

  9- 7-10  109.57028935  11-10-12  108.23406660  11-10-13  107.39674280  12-10-13  108.23392760

 NUCLEAR CHARGE:                   36
 NUMBER OF PRIMITIVE AOS:         985
 NUMBER OF SYMMETRY AOS:          804
 NUMBER OF CONTRACTIONS:          734   (  734A   )
 NUMBER OF CORE ORBITALS:           4   (    4A   )
 NUMBER OF VALENCE ORBITALS:       25   (   25A   )


 NUCLEAR REPULSION ENERGY  137.43118160


 Eigenvalues of metric

         1 0.204E-05 0.353E-05 0.555E-05 0.816E-05 0.920E-05 0.969E-05 0.120E-04 0.147E-04


 OPERATOR DM      FOR CENTER  0  COORDINATES:    0.000000    0.000000    0.000000


 **********************************************************************************************************************************
 DATASETS  * FILE   NREC   LENGTH (MB)   RECORD NAMES
              1      18       49.81       500      610      700      900      950      970     1000      129      960     1100   
                                          VAR    BASINP    GEOM    SYMINP    ZMAT    AOBASIS   BASIS     P2S    ABASIS      S 
                                         1400     1410     1200     1210     1080     1600     1650     1700   
                                           T        V       H0       H01     AOSYM     SMH    MOLCAS    OPER   

 PROGRAMS   *        TOTAL       INT
 CPU TIMES  *         1.29      1.12
 REAL TIME  *         2.83 SEC
 DISK USED  *        50.52 MB (local),      202.07 MB (total)
 GA USED    *         0.00 MB       (max)       0.00 MB       (current)
 **********************************************************************************************************************************


 PROGRAM * RHF-SCF (CLOSED SHELL)       Authors: W. Meyer, H.-J. Werner


 NUMBER OF ELECTRONS:      18+   18-    SPACE SYMMETRY=1    SPIN SYMMETRY: Singlet 
 CONVERGENCE THRESHOLDS:    1.00E-04 (Density)    1.00E-09 (Energy)
 INTEGRAL THRESHOLDS:       1.00E-12 (Initial)    1.00E-12 (Final)
 MAX. NUMBER OF ITERATIONS:       60
 INTERPOLATION TYPE:            DIIS
 INTERPOLATION STEPS:              2 (START)      1 (STEP)
 LEVEL SHIFTS:                  0.00 (CLOSED)  0.00 (OPEN) 



 Orbital guess generated from atomic densities. Full valence occupancy:   29

 Molecular orbital dump at record        2101.2

 Initial occupancy:  18

 Direct Fock-matrix evaluation.        Authors: Roland Lindh & Martin Schuetz (1993/96)

 Integral Threshold:                  0.1D-11
 Threshold for writing integrals:     0.1D-06
 Prescreening on density matrix:        ON 
 Calculation will be performed fully direct        

 ITERATION   DDIFF            GRAD            ENERGY        2-EL.EN.            DIPOLE MOMENTS         DIIS   CPU(IT)  CPU(TOT)
    1      0.000D+00      0.000D+00      -210.28631037    424.542489    2.03876   -0.63602   -0.01157    0    508.8    520.0     start
    2      0.000D+00      0.227D-02      -210.34233903    419.962262    1.51993   -0.29637   -0.00319    1    498.5   1018.5     diag
    3      0.166D-02      0.124D-02      -210.35569202    421.951253    1.57368   -0.46682   -0.00496    2    485.9   1504.4     diag
    4      0.576D-03      0.278D-03      -210.35688846    421.784155    1.55260   -0.45210   -0.00480    3    479.6   1984.0     diag
    5      0.181D-03      0.515D-04      -210.35694884    421.706367    1.54138   -0.45628   -0.00467    4    457.6   2441.6     diag
    6      0.470D-04      0.171D-04      -210.35695399    421.733012    1.54101   -0.45684   -0.00466    5    439.8   2881.4     diag
    7      0.134D-04      0.519D-05      -210.35695455    421.725887    1.54053   -0.45702   -0.00467    6    418.1   3299.5     diag
    8      0.491D-05      0.108D-05      -210.35695458    421.725678    1.54039   -0.45718   -0.00466    7    393.6   3693.1     diag
    9      0.124D-05      0.358D-06      -210.35695459    421.725999    1.54034   -0.45715   -0.00466    8    362.9   4056.0     diag
   10      0.335D-06      0.953D-07      -210.35695459    421.725893    1.54033   -0.45715   -0.00466    0    331.6   4387.6     orth

 Final occupancy:  18

 !RHF STATE  1.1 Energy              -210.356954587350
 Nuclear energy                       137.43118160
 One-electron energy                 -558.65108257
 Two-electron energy                  210.86294639
 Virial quotient                       -1.00028445
 !RHF STATE  1.1 Dipole moment          1.54032597    -0.45715071    -0.00466243
 Dipole moment /Debye                   3.91486168    -1.16188511    -0.01184995

 Orbital energies:

         1.1          2.1          3.1          4.1          5.1          6.1          7.1          8.1          9.1         10.1
    -20.492946   -15.569328   -11.261936   -11.240532    -1.311489    -1.206425    -0.925836    -0.891016    -0.694828    -0.681771

        11.1         12.1         13.1         14.1         15.1         16.1         17.1         18.1         19.1         20.1
     -0.623531    -0.585901    -0.578160    -0.555763    -0.542901    -0.487388    -0.407928    -0.404915     0.019628     0.033578


 HOMO     18.1    -0.404915 =     -11.0183eV
 LUMO     19.1     0.019628 =       0.5341eV
 LUMO-HOMO         0.424543 =      11.5524eV


 **********************************************************************************************************************************
 DATASETS  * FILE   NREC   LENGTH (MB)   RECORD NAMES
              1      18       49.81       500      610      700      900      950      970     1000      129      960     1100   
                                          VAR    BASINP    GEOM    SYMINP    ZMAT    AOBASIS   BASIS     P2S    ABASIS      S 
                                         1400     1410     1200     1210     1080     1600     1650     1700   
                                           T        V       H0       H01     AOSYM     SMH    MOLCAS    OPER   

              2       4       13.87       700     1000      520     2101   
                                         GEOM     BASIS   MCVARS     RHF  

 PROGRAMS   *        TOTAL   RHF-SCF       INT
 CPU TIMES  *      4389.42   4388.13      1.12
 REAL TIME  *      4405.27 SEC
 DISK USED  *       100.52 MB (local),      402.09 MB (total)
 SF USED    *         6.47 MB
 GA USED    *         0.00 MB       (max)       0.00 MB       (current)
 **********************************************************************************************************************************
 SETTING EAB_HF         =      -210.35695459  AU                              

 Dummy atoms: N1  H5  H6  C2  H7  H8  H9


 Recomputing one-electron integrals since nuclear charges changed


 PROGRAM * SEWARD (Integral evaluation for generally contracted gaussian basis sets)     Author: Roland Lindh, 1990

 Geometry written to block  1 of record 700


 Point group  C1  



 ATOMIC COORDINATES

 NR  ATOM    CHARGE       X              Y              Z

   1  O1      8.00   -1.335885555    0.086606842    0.012067988
   2  H1      1.00    0.501955885    0.135512531    0.002530897
   3  C1      6.00   -2.034612687   -2.482941037    0.003050547
   4  H2      1.00   -4.087333187   -2.576066659    0.011084045
   5  H3      1.00   -1.367039113   -3.485886463   -1.677592080
   6  H4      1.00   -1.353194664   -3.501323923    1.668778921
   7  N1      0.00    3.474555486   -0.030545597   -0.004652677
   8  H5      0.00    4.174924936    0.929012932    1.494150323
   9  H6      0.00    4.175157916    0.846927124   -1.552827498
  10  C2      0.00    4.377375801   -2.649769211    0.066138741
  11  H7      0.00    3.636820786   -3.658930729   -1.563167494
  12  H8      0.00    6.430962262   -2.851469447    0.071873106
  13  H9      0.00    3.636364297   -3.569555927    1.747299851

 Bond lengths in Bohr (Angstrom)

 1-2  1.838516761  1-3  2.662870110  3-4  2.054847530  3-5  2.067876603  3-6  2.067869735
     ( 0.972901172)     ( 1.409130178)     ( 1.087378485)     ( 1.094273173)     ( 1.094269539)

  7- 8  1.912506305   7- 9  1.912497691   7-10  2.771358563  10-11  2.054621012  10-12  2.063476005
       ( 1.012054752)       ( 1.012050194)       ( 1.466539795)       ( 1.087258617)       ( 1.091944477)

 10-13  2.054606611
       ( 1.087250996)

 Bond angles

  1-3-4  107.80889360   1-3-5  112.70939660   1-3-6  112.70742448   2-1-3  106.73530620

  4- 3- 5  107.67954830   4- 3- 6  107.68099728   5- 3- 6  108.02575013   7-10-11  109.05828427

  7-10-12  114.62388023   7-10-13  109.05680439   8- 7- 9  105.66707883   8- 7-10  109.56459378

  9- 7-10  109.57028935  11-10-12  108.23406660  11-10-13  107.39674280  12-10-13  108.23392760

 NUCLEAR CHARGE:                   18
 NUMBER OF PRIMITIVE AOS:         985
 NUMBER OF SYMMETRY AOS:          804
 NUMBER OF CONTRACTIONS:          734   (  734A   )
 NUMBER OF CORE ORBITALS:           2   (    2A   )
 NUMBER OF VALENCE ORBITALS:       12   (   12A   )

 MOLECULE CHANGED: INITIALIZING OCCUPATION AND DUMP RECORDS


 NUCLEAR REPULSION ENERGY   40.42467095


 Eigenvalues of metric

         1 0.204E-05 0.353E-05 0.555E-05 0.816E-05 0.920E-05 0.969E-05 0.120E-04 0.147E-04


 OPERATOR DM      FOR CENTER  0  COORDINATES:    0.000000    0.000000    0.000000


 **********************************************************************************************************************************
 DATASETS  * FILE   NREC   LENGTH (MB)   RECORD NAMES
              1      18       49.81       500      610      700      900      950      970     1000      129      960     1100   
                                          VAR    BASINP    GEOM    SYMINP    ZMAT    AOBASIS   BASIS     P2S    ABASIS      S 
                                         1400     1410     1200     1210     1080     1600     1650     1700   
                                           T        V       H0       H01     AOSYM     SMH    MOLCAS    OPER   

              2       4       13.87       700     1000      520     2101   
                                         GEOM     BASIS   MCVARS     RHF  

 PROGRAMS   *        TOTAL       INT   RHF-SCF       INT
 CPU TIMES  *      4390.21      0.78   4388.13      1.12
 REAL TIME  *      4406.20 SEC
 DISK USED  *       100.52 MB (local),      402.09 MB (total)
 SF USED    *         6.47 MB
 GA USED    *         0.00 MB       (max)       0.00 MB       (current)
 **********************************************************************************************************************************


 PROGRAM * RHF-SCF (CLOSED SHELL)       Authors: W. Meyer, H.-J. Werner


 NUMBER OF ELECTRONS:       9+    9-    SPACE SYMMETRY=1    SPIN SYMMETRY: Singlet 
 CONVERGENCE THRESHOLDS:    1.00E-04 (Density)    1.00E-09 (Energy)
 INTEGRAL THRESHOLDS:       1.00E-12 (Initial)    1.00E-12 (Final)
 MAX. NUMBER OF ITERATIONS:       60
 INTERPOLATION TYPE:            DIIS
 INTERPOLATION STEPS:              2 (START)      1 (STEP)
 LEVEL SHIFTS:                  0.00 (CLOSED)  0.00 (OPEN) 



 Orbital guess generated from atomic densities. Full valence occupancy:   14

 Molecular orbital dump at record        2201.2

 Initial occupancy:   9

 Direct Fock-matrix evaluation.        Authors: Roland Lindh & Martin Schuetz (1993/96)

 Integral Threshold:                  0.1D-11
 Threshold for writing integrals:     0.1D-06
 Prescreening on density matrix:        ON 
 Calculation will be performed fully direct        

 ITERATION   DDIFF            GRAD            ENERGY        2-EL.EN.            DIPOLE MOMENTS         DIIS   CPU(IT)  CPU(TOT)
    1      0.000D+00      0.000D+00      -115.06242920    164.631094    0.73164   -0.73022   -0.00757    0    501.9    509.7     start
    2      0.000D+00      0.243D-02      -115.09087780    162.045103    0.38303   -0.43198   -0.00423    1    485.4    995.0     diag
    3      0.120D-02      0.133D-02      -115.09829134    163.310822    0.45557   -0.55399   -0.00522    2    475.2   1470.2     diag
    4      0.423D-03      0.265D-03      -115.09883481    163.131458    0.45099   -0.54776   -0.00516    3    465.8   1936.0     diag
    5      0.117D-03      0.542D-04      -115.09887098    163.143163    0.44527   -0.55110   -0.00514    4    446.1   2382.1     diag
    6      0.321D-04      0.103D-04      -115.09887271    163.140926    0.44512   -0.55191   -0.00515    5    425.4   2807.5     diag
    7      0.874D-05      0.228D-05      -115.09887280    163.140520    0.44483   -0.55213   -0.00515    6    395.1   3202.6     diag
    8      0.210D-05      0.601D-06      -115.09887280    163.140907    0.44480   -0.55215   -0.00515    7    357.3   3559.9     diag
    9      0.437D-06      0.184D-06      -115.09887280    163.140726    0.44479   -0.55215   -0.00515    0    318.8   3878.7     orth

 Final occupancy:   9

 !RHF STATE  1.1 Energy              -115.098872802931
 Nuclear energy                        40.42467095
 One-electron energy                 -237.09390686
 Two-electron energy                   81.57036311
 Virial quotient                       -1.00116272
 !RHF STATE  1.1 Dipole moment          0.44478739    -0.55215264    -0.00514745
 Dipole moment /Debye                   1.13046273    -1.40334012    -0.01308266

 Orbital energies:

         1.1          2.1          3.1          4.1          5.1          6.1          7.1          8.1          9.1         10.1
    -20.559521   -11.269313    -1.359802    -0.923884    -0.691899    -0.621030    -0.596516    -0.503683    -0.450942     0.017635

        11.1
      0.032028


 HOMO      9.1    -0.450942 =     -12.2708eV
 LUMO     10.1     0.017635 =       0.4799eV
 LUMO-HOMO         0.468577 =      12.7506eV


 **********************************************************************************************************************************
 DATASETS  * FILE   NREC   LENGTH (MB)   RECORD NAMES
              1      18       49.81       500      610      700      900      950      970     1000      129      960     1100   
                                          VAR    BASINP    GEOM    SYMINP    ZMAT    AOBASIS   BASIS     P2S    ABASIS      S 
                                         1400     1410     1200     1210     1080     1600     1650     1700   
                                           T        V       H0       H01     AOSYM     SMH    MOLCAS    OPER   

              2       5       37.95       700     1000      520     2101     2201   
                                         GEOM     BASIS   MCVARS     RHF      RHF  

 PROGRAMS   *        TOTAL   RHF-SCF       INT   RHF-SCF       INT
 CPU TIMES  *      8269.45   3879.24      0.78   4388.13      1.12
 REAL TIME  *      8297.25 SEC
 DISK USED  *       122.45 MB (local),      489.78 MB (total)
 SF USED    *         6.47 MB
 GA USED    *         0.00 MB       (max)       0.00 MB       (current)
 **********************************************************************************************************************************
 SETTING EA_HF          =      -115.09887280  AU                              

 Dummy atoms: O1  H1  C1  H2  H3  H4


 Recomputing one-electron integrals since nuclear charges changed


 PROGRAM * SEWARD (Integral evaluation for generally contracted gaussian basis sets)     Author: Roland Lindh, 1990

 Geometry written to block  1 of record 700


 Point group  C1  



 ATOMIC COORDINATES

 NR  ATOM    CHARGE       X              Y              Z

   1  O1      0.00   -1.335885555    0.086606842    0.012067988
   2  H1      0.00    0.501955885    0.135512531    0.002530897
   3  C1      0.00   -2.034612687   -2.482941037    0.003050547
   4  H2      0.00   -4.087333187   -2.576066659    0.011084045
   5  H3      0.00   -1.367039113   -3.485886463   -1.677592080
   6  H4      0.00   -1.353194664   -3.501323923    1.668778921
   7  N1      7.00    3.474555486   -0.030545597   -0.004652677
   8  H5      1.00    4.174924936    0.929012932    1.494150323
   9  H6      1.00    4.175157916    0.846927124   -1.552827498
  10  C2      6.00    4.377375801   -2.649769211    0.066138741
  11  H7      1.00    3.636820786   -3.658930729   -1.563167494
  12  H8      1.00    6.430962262   -2.851469447    0.071873106
  13  H9      1.00    3.636364297   -3.569555927    1.747299851

 Bond lengths in Bohr (Angstrom)

 1-2  1.838516761  1-3  2.662870110  3-4  2.054847530  3-5  2.067876603  3-6  2.067869735
     ( 0.972901172)     ( 1.409130178)     ( 1.087378485)     ( 1.094273173)     ( 1.094269539)

  7- 8  1.912506305   7- 9  1.912497691   7-10  2.771358563  10-11  2.054621012  10-12  2.063476005
       ( 1.012054752)       ( 1.012050194)       ( 1.466539795)       ( 1.087258617)       ( 1.091944477)

 10-13  2.054606611
       ( 1.087250996)

 Bond angles

  1-3-4  107.80889360   1-3-5  112.70939660   1-3-6  112.70742448   2-1-3  106.73530620

  4- 3- 5  107.67954830   4- 3- 6  107.68099728   5- 3- 6  108.02575013   7-10-11  109.05828427

  7-10-12  114.62388023   7-10-13  109.05680439   8- 7- 9  105.66707883   8- 7-10  109.56459378

  9- 7-10  109.57028935  11-10-12  108.23406660  11-10-13  107.39674280  12-10-13  108.23392760

 NUCLEAR CHARGE:                   18
 NUMBER OF PRIMITIVE AOS:         985
 NUMBER OF SYMMETRY AOS:          804
 NUMBER OF CONTRACTIONS:          734   (  734A   )
 NUMBER OF CORE ORBITALS:           2   (    2A   )
 NUMBER OF VALENCE ORBITALS:       13   (   13A   )

 MOLECULE CHANGED: INITIALIZING OCCUPATION AND DUMP RECORDS


 NUCLEAR REPULSION ENERGY   42.05202864


 Eigenvalues of metric

         1 0.204E-05 0.353E-05 0.555E-05 0.816E-05 0.920E-05 0.969E-05 0.120E-04 0.147E-04


 OPERATOR DM      FOR CENTER  0  COORDINATES:    0.000000    0.000000    0.000000


 **********************************************************************************************************************************
 DATASETS  * FILE   NREC   LENGTH (MB)   RECORD NAMES
              1      18       49.81       500      610      700      900      950      970     1000      129      960     1100   
                                          VAR    BASINP    GEOM    SYMINP    ZMAT    AOBASIS   BASIS     P2S    ABASIS      S 
                                         1400     1410     1200     1210     1080     1600     1650     1700   
                                           T        V       H0       H01     AOSYM     SMH    MOLCAS    OPER   

              2       5       37.95       700     1000      520     2101     2201   
                                         GEOM     BASIS   MCVARS     RHF      RHF  

 PROGRAMS   *        TOTAL       INT   RHF-SCF       INT   RHF-SCF       INT
 CPU TIMES  *      8270.24      0.79   3879.24      0.78   4388.13      1.12
 REAL TIME  *      8298.16 SEC
 DISK USED  *       122.45 MB (local),      489.78 MB (total)
 SF USED    *         6.47 MB
 GA USED    *         0.00 MB       (max)       0.00 MB       (current)
 **********************************************************************************************************************************


 PROGRAM * RHF-SCF (CLOSED SHELL)       Authors: W. Meyer, H.-J. Werner


 NUMBER OF ELECTRONS:       9+    9-    SPACE SYMMETRY=1    SPIN SYMMETRY: Singlet 
 CONVERGENCE THRESHOLDS:    1.00E-04 (Density)    1.00E-09 (Energy)
 INTEGRAL THRESHOLDS:       1.00E-12 (Initial)    1.00E-12 (Final)
 MAX. NUMBER OF ITERATIONS:       60
 INTERPOLATION TYPE:            DIIS
 INTERPOLATION STEPS:              2 (START)      1 (STEP)
 LEVEL SHIFTS:                  0.00 (CLOSED)  0.00 (OPEN) 



 Orbital guess generated from atomic densities. Full valence occupancy:   15

 Molecular orbital dump at record        2301.2

 Initial occupancy:   9

 Direct Fock-matrix evaluation.        Authors: Roland Lindh & Martin Schuetz (1993/96)

 Integral Threshold:                  0.1D-11
 Threshold for writing integrals:     0.1D-06
 Prescreening on density matrix:        ON 
 Calculation will be performed fully direct        

 ITERATION   DDIFF            GRAD            ENERGY        2-EL.EN.            DIPOLE MOMENTS         DIIS   CPU(IT)  CPU(TOT)
    1      0.000D+00      0.000D+00       -95.23114762    149.656342    0.77845    0.11890   -0.00312    0    490.0    497.8     start
    2      0.000D+00      0.197D-02       -95.25705888    147.491092    0.46948    0.02576   -0.00065    1    483.7    981.5     diag
    3      0.109D-02      0.829D-03       -95.26092241    148.524895    0.57184    0.01097   -0.00023    2    467.4   1448.9     diag
    4      0.325D-03      0.243D-03       -95.26144872    148.312803    0.56742    0.00925   -0.00019    3    456.6   1905.4     diag
    5      0.124D-03      0.481D-04       -95.26147645    148.319550    0.56818    0.00364   -0.00004    4    437.0   2342.4     diag
    6      0.259D-04      0.115D-04       -95.26147823    148.322721    0.56923    0.00341   -0.00003    5    417.1   2759.5     diag
    7      0.757D-05      0.325D-05       -95.26147836    148.320738    0.56962    0.00306   -0.00002    6    392.4   3152.0     diag
    8      0.207D-05      0.872D-06       -95.26147837    148.321054    0.56968    0.00295   -0.00002    7    366.8   3518.7     diag
    9      0.724D-06      0.225D-06       -95.26147838    148.321015    0.56971    0.00292   -0.00002    8    331.1   3849.9     diag
   10      0.231D-06      0.492D-07       -95.26147838    148.321014    0.56971    0.00292   -0.00002    0    265.6   4115.5     orth

 Final occupancy:   9

 !RHF STATE  1.1 Energy               -95.261478375894
 Nuclear energy                        42.05202864
 One-electron energy                 -211.47401405
 Two-electron energy                   74.16050704
 Virial quotient                       -1.00103229
 !RHF STATE  1.1 Dipole moment          0.56971104     0.00292156    -0.00001825
 Dipole moment /Debye                   1.44796618     0.00742537    -0.00004637

 Orbital energies:

         1.1          2.1          3.1          4.1          5.1          6.1          7.1          8.1          9.1         10.1
    -15.538197   -11.239353    -1.169688    -0.896550    -0.661503    -0.604099    -0.555739    -0.517613    -0.393758     0.023753

        11.1
      0.031527


 HOMO      9.1    -0.393758 =     -10.7147eV
 LUMO     10.1     0.023753 =       0.6463eV
 LUMO-HOMO         0.417511 =      11.3610eV


 **********************************************************************************************************************************
 DATASETS  * FILE   NREC   LENGTH (MB)   RECORD NAMES
              1      18       49.81       500      610      700      900      950      970     1000      129      960     1100   
                                          VAR    BASINP    GEOM    SYMINP    ZMAT    AOBASIS   BASIS     P2S    ABASIS      S 
                                         1400     1410     1200     1210     1080     1600     1650     1700   
                                           T        V       H0       H01     AOSYM     SMH    MOLCAS    OPER   

              2       6       62.03       700     1000      520     2101     2201     2301   
                                         GEOM     BASIS   MCVARS     RHF      RHF      RHF  

 PROGRAMS   *        TOTAL   RHF-SCF       INT   RHF-SCF       INT   RHF-SCF       INT
 CPU TIMES  *     12386.26   4116.02      0.79   3879.24      0.78   4388.13      1.12
 REAL TIME  *     12426.50 SEC
 DISK USED  *       148.68 MB (local),      594.74 MB (total)
 SF USED    *         6.47 MB
 GA USED    *         0.00 MB       (max)       0.00 MB       (current)
 **********************************************************************************************************************************
 SETTING EB_HF          =       -95.26147838  AU                              
 SETTING E_AB_INT       =         0.00339659  AU                              

 *** results in hartree
 E_AB_INT         =         0.00339659 AU
 Molecular orbitals read from record     2301.2  Type=RHF/CANONICAL (state 1.1)
 Occupation numbers read from record     2301.2  Type=RHF/RHF (state 1.1)
 Orbital energies read from record       2301.2  Type=RHF/CANONICAL (state 1.1)
 Redundancy group numbers read from rec  2301.2  Type=RHF/RHF (state 1.1)

 RHF/aug-cc-pVQZ energy=    -95.261478375894

         RHF-SCF         RHF-SCF         RHF-SCF
    -95.26147838   -115.09887280   -210.35695459
 **********************************************************************************************************************************
 Molpro calculation terminated
