
 Primary working directories    : /scratch/sirous/70410/molpro.WXUFXZTLFV
 Secondary working directories  : /scratch/sirous/70410/molpro.WXUFXZTLFV
 Wavefunction directory         : /scratch/sirous/70410/
 Main file repository           : /scratch/sirous/70410/molpro.WXUFXZTLFV/

 id        : karlovklimes

 Nodes                      nprocs
 nc-17.cc.karlov.mff.cuni.cz    4

 Using customized tuning parameters: mindgm=1; mindgv=20; mindgc=4; mindgr=1; noblas=0; minvec=7
 default implementation of scratch files=sf  


 Variables initialized (934), CPU time= 0.00 sec
 ***,CH3C6H4CN+CF3CN+BF3
 memory,500,m
 gdirect
 gthresh,energy=1.d-8,twoint=1.d-15,oneint=1.d-15,zero=1.d-15,orbital=1.d-8,grid=1.d-8
 symmetry,nosym
 geomtyp=xyz
                                                                                 ! Geometry
 geometry={
 N1        -0.729999134    0.022767626     0.000914648
 H1        0.298422555    0.074004465     0.001623038
 C1        -1.296824528    -1.240426820     0.001502336
 O1        -0.594098857    -2.253517508     0.002633705
 C2        -2.743622291    -1.262331701     0.000479378
 H2        -3.249590454    -2.211835169     0.000833106
 C3        -3.422019974    -0.095909207     -0.000922590
 H3        -4.500897091    -0.049216027     -0.001745463
 N2        -2.774836844    1.105408947     -0.001418075
 H4        -3.283838068    1.973877391     -0.002485743
 C4        -1.391478664    1.237019779     -0.000525382
 O2        -0.839843713    2.317035280     -0.001001251
 N3        4.330202842    -1.095415907     0.000500232
 H5        4.777446625    -0.188842707     0.000887048
 C5        5.186250612    -2.210033697     -0.000999645
 O3        6.395702635    -2.058329282     -0.001748844
 C6        4.472032182    -3.472207235     -0.001504039
 H6        5.038616731    -4.387237985     -0.002642674
 C7        3.121863206    -3.476025107     -0.000543943
 H7        2.544899969    -4.388989873     -0.000862620
 N4        2.383871796    -2.325144268     0.000906469
 H8        1.357535536    -2.346587067     0.001583538
 C8        2.956642734    -1.080479227     0.001457116
 O4        2.306321850    -0.039260922     0.002693509
 }
 
 
 
 basis=avtz
 
 
 
                                                                                 ! Dimer Calculation
 {rhf,accu=1.d-8;orbital,2101.2}
 eab_HF=energy
 
 
                                                                                 !monomer A
 dummy,13,14,15,16,17,18,19,20,21,22,23,24;                                      ! NOW MONOMER B IS DUMMY
 {rhf,accu=1.d-8;orbital,2201.2}
 ea_HF=energy
                                                                                 !monomer B
 dummy,1,2,3,4,5,6,7,8,9,10,11,12;                                               !NOW MONOMER A IS DUMMY
 {rhf,accu=1.d-8;orbital,2301.2}
 eb_HF=energy
 
 E_AB_int=eab_HF-ea_HF-eb_HF
 
 
 text,results in hartree
 show,E_AB_int
 
 Commands  initialized (763), CPU time= 0.01 sec, 617 directives.
 Default parameters read. Elapsed time= 0.21 sec

 Checking input...
 Passed
1


                                         ***  PROGRAM SYSTEM MOLPRO  ***
                                       Copyright, TTI GmbH Stuttgart, 2015
                                    Version 2019.2 linked Jun  8 2019 11:26:33


 **********************************************************************************************************************************
 LABEL *   CH3C6H4CN+CF3CN+BF3                                                           
  64 bit mpp version                                                                     DATE: 20-Oct-19          TIME: 19:39:12  
 **********************************************************************************************************************************

 SHA1:             8135a10abc80eafa5b3ae28ffc55be4890dc4c84
 **********************************************************************************************************************************

 THRESHOLDS:

 ZERO    =  1.00D-15  ONEINT  =  1.00D-15  TWOINT  =  1.00D-15  PREFAC  =  1.00D-14  XXXXXX  =  1.00D-09  EORDER  =  1.00D-04
 ENERGY  =  1.00D-08  ETEST   =  0.00D+00  EDENS   =  0.00D+00  THRDEDEF=  1.00D-06  GRADIENT=  1.00D-02  STEP    =  1.00D-03
 ORBITAL =  1.00D-08  CIVEC   =  1.00D-05  COEFF   =  1.00D-04  PRINTCI =  5.00D-02  PUNCHCI =  9.90D+01  OPTGRAD =  3.00D-04
 OPTENERG=  1.00D-06  OPTSTEP =  3.00D-04  THRGRAD =  1.00D-10  COMPRESS=  1.00D-11  VARMIN  =  1.00D-07  VARMAX  =  1.00D-03
 THRDOUB =  0.00D+00  THRDIV  =  1.00D-05  THRRED  =  1.00D-07  THRPSP  =  1.00D+00  THRDC   =  1.00D-10  THRCS   =  1.00D-10
 THRNRM  =  1.00D-08  THREQ   =  0.00D+00  THRDE   =  1.00D+00  THRREF  =  1.00D-05  SPARFAC =  1.00D+00  THRDLP  =  1.00D-07
 THRDIA  =  1.00D-10  THRDLS  =  1.00D-07  THRGPS  =  0.00D+00  THRKEX  =  0.00D+00  THRDIS  =  2.00D-01  THRVAR  =  1.00D-10
 THRLOC  =  1.00D-06  THRGAP  =  1.00D-06  THRLOCT = -1.00D+00  THRGAPT = -1.00D+00  THRORB  =  1.00D-06  THRMLTP =  0.00D+00
 THRCPQCI=  1.00D-10  KEXTA   =  0.00D+00  THRCOARS=  0.00D+00  SYMTOL  =  1.00D-06  GRADTOL =  1.00D-06  THROVL  =  1.00D-08
 THRORTH =  1.00D-08  GRID    =  1.00D-08  GRIDMAX =  1.00D-03  DTMAX   =  0.00D+00  THROCCDE=  1.00D-01  THROCCDE=  1.00D-01
 THRPRINT=  2.50D-01


 Variable memory set to  500000000 words,  buffer space 

 SETTING GEOMTYP        =    XYZ
 ZSYMEL=NOSYM

 SETTING BASIS          =    AVTZ


 Recomputing integrals since basis changed


 Using spherical harmonics

 Library entry N      S aug-cc-pVTZ          selected for orbital group  1
 Library entry N      P aug-cc-pVTZ          selected for orbital group  1
 Library entry N      D aug-cc-pVTZ          selected for orbital group  1
 Library entry N      F aug-cc-pVTZ          selected for orbital group  1
 Library entry H      S aug-cc-pVTZ          selected for orbital group  2
 Library entry H      P aug-cc-pVTZ          selected for orbital group  2
 Library entry H      D aug-cc-pVTZ          selected for orbital group  2
 Library entry C      S aug-cc-pVTZ          selected for orbital group  3
 Library entry C      P aug-cc-pVTZ          selected for orbital group  3
 Library entry C      D aug-cc-pVTZ          selected for orbital group  3
 Library entry C      F aug-cc-pVTZ          selected for orbital group  3
 Library entry O      S aug-cc-pVTZ          selected for orbital group  4
 Library entry O      P aug-cc-pVTZ          selected for orbital group  4
 Library entry O      D aug-cc-pVTZ          selected for orbital group  4
 Library entry O      F aug-cc-pVTZ          selected for orbital group  4


 PROGRAM * SEWARD (Integral evaluation for generally contracted gaussian basis sets)     Author: Roland Lindh, 1990

 Geometry written to block  1 of record 700


 Point group  C1  



 ATOMIC COORDINATES

 NR  ATOM    CHARGE       X              Y              Z

   1  N1      7.00   -1.379498434    0.043024578    0.001728434
   2  H1      1.00    0.563936898    0.139848171    0.003067097
   3  C1      6.00   -2.450643190   -2.344066967    0.002839004
   4  O1      8.00   -1.122684131   -4.258530907    0.004976981
   5  C2      6.00   -5.184694719   -2.385461193    0.000905893
   6  H2      1.00   -6.140835975   -4.179762702    0.001574342
   7  C3      6.00   -6.466680544   -0.181242134   -0.001743442
   8  H3      1.00   -8.505462817   -0.093004812   -0.003298447
   9  N2      7.00   -5.243681676    2.088920165   -0.002679773
  10  H4      1.00   -6.205554586    3.730087672   -0.004697373
  11  C4      6.00   -2.629513583    2.337628593   -0.000992828
  12  O2      8.00   -1.587074605    4.378562100   -0.001892090
  13  N3      7.00    8.182897435   -2.070036057    0.000945301
  14  H5      1.00    9.028065696   -0.356860997    0.001676278
  15  C5      6.00    9.800593270   -4.176358413   -0.001889055
  16  O3      8.00   12.086126354   -3.889678617   -0.003304836
  17  C6      6.00    8.450916044   -6.561520722   -0.002842222
  18  H6      1.00    9.521605668   -8.290678235   -0.004993930
  19  C7      6.00    5.899466458   -6.568735454   -0.001027903
  20  H7      1.00    4.809163956   -8.293988823   -0.001630116
  21  N4      7.00    4.504864811   -4.393885867    0.001712978
  22  H8      1.00    2.565370367   -4.434406884    0.002992453
  23  C8      6.00    5.587245015   -2.041809822    0.002753550
  24  O4      8.00    4.358316652   -0.074192390    0.005089994

 Bond lengths in Bohr (Angstrom)

  1- 2  1.945846215   1- 3  2.616401797   1-11  2.612996912   3- 4  2.329946783   3- 5  2.734365555
       ( 1.029697473)       ( 1.384540206)       ( 1.382738418)       ( 1.232954740)       ( 1.446963938)

  5- 6  2.033156278   5- 7  2.549916927   7- 8  2.040691403   7- 9  2.578636069   9-10  1.902270841
       ( 1.075899969)       ( 1.349357927)       ( 1.079887385)       ( 1.364555443)       ( 1.006638378)

  9-11  2.625972876  11-12  2.291743749  13-14  1.910308538  13-15  2.655850470  13-23  2.595806517
       ( 1.389605002)       ( 1.212738565)       ( 1.010891744)       ( 1.405415544)       ( 1.373641653)

 15-16  2.303442812  15-17  2.740552638  17-18  2.033805941  17-19  2.551460432  19-20  2.040896640
       ( 1.218929443)       ( 1.450238001)       ( 1.076243755)       ( 1.350174715)       ( 1.079995992)

 19-21  2.583581235  21-22  1.939918113  21-23  2.589171626  23-24  2.319868260
       ( 1.367172312)       ( 1.026560456)       ( 1.370130620)       ( 1.227621415)

 Bond angles

  1- 3- 4  121.08616799   1- 3- 5  115.03428635   1-11- 9  113.14524725   1-11-12  124.36370485

  2- 1- 3  117.01904589   2- 1-11  115.72776747   3- 1-11  127.25318664   3- 5- 6  118.91948994

  3-5-7  119.31513280   4-3-5  123.87954495   5-7-8  122.66072133   5-7-9  121.50492002

  6- 5- 7  121.76537723   7- 9-10  121.31326779   7- 9-11  123.74722692   8- 7- 9  115.83435863

  9-11-12  122.49104789  10- 9-11  114.93950529  13-15-16  120.37556360  13-15-17  112.97110185

 13-23-21  114.08791883  13-23-24  122.61100136  14-13-15  116.21634580  14-13-23  115.63565073

 15-13-23  128.14800341  15-17-18  118.73037134  15-17-19  119.66594268  16-15-17  126.65333454

 17-19-20  122.45350867  17-19-21  122.50764393  18-17-19  121.60368597  19-21-22  121.47277512

 19-21-23  122.61938921  20-19-21  115.03884740  21-23-24  123.30107981  22-21-23  115.90783553

 NUCLEAR CHARGE:                  116
 NUMBER OF PRIMITIVE AOS:        1288
 NUMBER OF SYMMETRY AOS:         1128
 NUMBER OF CONTRACTIONS:          920   (  920A   )
 NUMBER OF CORE ORBITALS:          16   (   16A   )
 NUMBER OF VALENCE ORBITALS:       72   (   72A   )


 NUCLEAR REPULSION ENERGY 1029.48621651


 Eigenvalues of metric

         1 0.180E-05 0.236E-05 0.278E-05 0.326E-05 0.404E-05 0.425E-05 0.580E-05 0.698E-05


 OPERATOR DM      FOR CENTER  0  COORDINATES:    0.000000    0.000000    0.000000


 **********************************************************************************************************************************
 DATASETS  * FILE   NREC   LENGTH (MB)   RECORD NAMES
              1      18       61.18       500      610      700      900      950      970     1000      129      960     1100   
                                          VAR    BASINP    GEOM    SYMINP    ZMAT    AOBASIS   BASIS     P2S    ABASIS      S 
                                         1400     1410     1200     1210     1080     1600     1650     1700   
                                           T        V       H0       H01     AOSYM     SMH    MOLCAS    OPER   

 PROGRAMS   *        TOTAL       INT
 CPU TIMES  *         2.12      1.95
 REAL TIME  *         4.37 SEC
 DISK USED  *        62.13 MB (local),      248.53 MB (total)
 GA USED    *         0.00 MB       (max)       0.00 MB       (current)
 **********************************************************************************************************************************


 PROGRAM * RHF-SCF (CLOSED SHELL)       Authors: W. Meyer, H.-J. Werner


 NUMBER OF ELECTRONS:      58+   58-    SPACE SYMMETRY=1    SPIN SYMMETRY: Singlet 
 CONVERGENCE THRESHOLDS:    1.00E-04 (Density)    1.00E-09 (Energy)
 INTEGRAL THRESHOLDS:       1.00E-12 (Initial)    1.00E-12 (Final)
 MAX. NUMBER OF ITERATIONS:       60
 INTERPOLATION TYPE:            DIIS
 INTERPOLATION STEPS:              2 (START)      1 (STEP)
 LEVEL SHIFTS:                  0.00 (CLOSED)  0.00 (OPEN) 



 Orbital guess generated from atomic densities. Full valence occupancy:   88

 Molecular orbital dump at record        2101.2

 Initial occupancy:  58

 Direct Fock-matrix evaluation.        Authors: Roland Lindh & Martin Schuetz (1993/96)

 Integral Threshold:                  0.1D-11
 Threshold for writing integrals:     0.1D-06
 Prescreening on density matrix:        ON 
 Calculation will be performed fully direct        

 ITERATION   DDIFF            GRAD            ENERGY        2-EL.EN.            DIPOLE MOMENTS         DIIS   CPU(IT)  CPU(TOT)
    1      0.000D+00      0.000D+00      -824.85849988   2632.989038   -5.46453   -0.50747   -0.00242    0    757.1    783.4     start
    2      0.000D+00      0.295D-02      -825.04351833   2635.876608   -2.53209   -0.69449   -0.00130    1    735.0   1518.4     diag
    3      0.414D-02      0.247D-02      -825.25796403   2634.213937   -3.56695   -0.86172   -0.00181    2    716.9   2235.4     diag
    4      0.181D-02      0.294D-03      -825.26548649   2634.724607   -3.46579   -0.79944   -0.00177    3    690.5   2925.8     diag
    5      0.398D-03      0.114D-03      -825.26671065   2634.529697   -3.40919   -0.84854   -0.00177    4    665.4   3591.3     diag
    6      0.159D-03      0.389D-04      -825.26698815   2634.581645   -3.39246   -0.84376   -0.00177    5    648.2   4239.4     diag
    7      0.830D-04      0.179D-04      -825.26703250   2634.594679   -3.37649   -0.84620   -0.00176    6    622.0   4861.4     diag
    8      0.344D-04      0.766D-05      -825.26703861   2634.586607   -3.37309   -0.84749   -0.00177    7    597.5   5458.9     diag
    9      0.132D-04      0.249D-05      -825.26703933   2634.589592   -3.37143   -0.84713   -0.00176    8    565.9   6024.8     diag
   10      0.479D-05      0.944D-06      -825.26703945   2634.590615   -3.37021   -0.84759   -0.00176    9    535.6   6560.4     orth
   11      0.175D-05      0.462D-06      -825.26703947   2634.590118   -3.36989   -0.84764   -0.00176    9    521.1   7081.5     diag
   12      0.116D-05      0.116D-06      -825.26703948   2634.590214   -3.36972   -0.84770   -0.00176    9    499.2   7580.7     diag
   13      0.615D-06      0.477D-07      -825.26703948   2634.590244   -3.36970   -0.84772   -0.00176    0    495.5   8076.2     orth

 Final occupancy:  58

 !RHF STATE  1.1 Energy              -825.267039475053
 Nuclear energy                      1029.48621651
 One-electron energy                -3172.04837816
 Two-electron energy                 1317.29512217
 Virial quotient                       -1.00177094
 !RHF STATE  1.1 Dipole moment         -3.36969644    -0.84771744    -0.00176402
 Dipole moment /Debye                  -8.56435308    -2.15454168    -0.00448340

 Orbital energies:

         1.1          2.1          3.1          4.1          5.1          6.1          7.1          8.1          9.1         10.1
    -20.552947   -20.546533   -20.543951   -20.534363   -15.648000   -15.627360   -15.626584   -15.622068   -11.418803   -11.413950

        11.1         12.1         13.1         14.1         15.1         16.1         17.1         18.1         19.1         20.1
    -11.391961   -11.373338   -11.346972   -11.329409   -11.259010   -11.245329    -1.437826    -1.429958    -1.405207    -1.390988

        21.1         22.1         23.1         24.1         25.1         26.1         27.1         28.1         29.1         30.1
     -1.316660    -1.303927    -1.249047    -1.237974    -1.092877    -1.078412    -0.937535    -0.925143    -0.906438    -0.892697

        31.1         32.1         33.1         34.1         35.1         36.1         37.1         38.1         39.1         40.1
     -0.809656    -0.796559    -0.770424    -0.757281    -0.720078    -0.707649    -0.687863    -0.671171    -0.669161    -0.662078

        41.1         42.1         43.1         44.1         45.1         46.1         47.1         48.1         49.1         50.1
     -0.654324    -0.646520    -0.622161    -0.606993    -0.602572    -0.592418    -0.579901    -0.563457    -0.528077    -0.515440

        51.1         52.1         53.1         54.1         55.1         56.1         57.1         58.1         59.1         60.1
     -0.491450    -0.477369    -0.460590    -0.442933    -0.441456    -0.433471    -0.373809    -0.358938     0.011647     0.024809


 HOMO     58.1    -0.358938 =      -9.7672eV
 LUMO     59.1     0.011647 =       0.3169eV
 LUMO-HOMO         0.370585 =      10.0841eV


 **********************************************************************************************************************************
 DATASETS  * FILE   NREC   LENGTH (MB)   RECORD NAMES
              1      18       61.18       500      610      700      900      950      970     1000      129      960     1100   
                                          VAR    BASINP    GEOM    SYMINP    ZMAT    AOBASIS   BASIS     P2S    ABASIS      S 
                                         1400     1410     1200     1210     1080     1600     1650     1700   
                                           T        V       H0       H01     AOSYM     SMH    MOLCAS    OPER   

              2       4       20.24       700     1000      520     2101   
                                         GEOM     BASIS   MCVARS     RHF  

 PROGRAMS   *        TOTAL   RHF-SCF       INT
 CPU TIMES  *      8079.28   8077.16      1.95
 REAL TIME  *      8094.91 SEC
 DISK USED  *       142.62 MB (local),      570.48 MB (total)
 SF USED    *        10.17 MB
 GA USED    *         0.00 MB       (max)       0.00 MB       (current)
 **********************************************************************************************************************************
 SETTING EAB_HF         =      -825.26703948  AU                              

 Dummy atoms: N3  H5  C5  O3  C6  H6  C7  H7  N4  H8  C8  O4


 Recomputing one-electron integrals since nuclear charges changed


 PROGRAM * SEWARD (Integral evaluation for generally contracted gaussian basis sets)     Author: Roland Lindh, 1990

 Geometry written to block  1 of record 700


 Point group  C1  



 ATOMIC COORDINATES

 NR  ATOM    CHARGE       X              Y              Z

   1  N1      7.00   -1.379498434    0.043024578    0.001728434
   2  H1      1.00    0.563936898    0.139848171    0.003067097
   3  C1      6.00   -2.450643190   -2.344066967    0.002839004
   4  O1      8.00   -1.122684131   -4.258530907    0.004976981
   5  C2      6.00   -5.184694719   -2.385461193    0.000905893
   6  H2      1.00   -6.140835975   -4.179762702    0.001574342
   7  C3      6.00   -6.466680544   -0.181242134   -0.001743442
   8  H3      1.00   -8.505462817   -0.093004812   -0.003298447
   9  N2      7.00   -5.243681676    2.088920165   -0.002679773
  10  H4      1.00   -6.205554586    3.730087672   -0.004697373
  11  C4      6.00   -2.629513583    2.337628593   -0.000992828
  12  O2      8.00   -1.587074605    4.378562100   -0.001892090
  13  N3      0.00    8.182897435   -2.070036057    0.000945301
  14  H5      0.00    9.028065696   -0.356860997    0.001676278
  15  C5      0.00    9.800593270   -4.176358413   -0.001889055
  16  O3      0.00   12.086126354   -3.889678617   -0.003304836
  17  C6      0.00    8.450916044   -6.561520722   -0.002842222
  18  H6      0.00    9.521605668   -8.290678235   -0.004993930
  19  C7      0.00    5.899466458   -6.568735454   -0.001027903
  20  H7      0.00    4.809163956   -8.293988823   -0.001630116
  21  N4      0.00    4.504864811   -4.393885867    0.001712978
  22  H8      0.00    2.565370367   -4.434406884    0.002992453
  23  C8      0.00    5.587245015   -2.041809822    0.002753550
  24  O4      0.00    4.358316652   -0.074192390    0.005089994

 Bond lengths in Bohr (Angstrom)

  1- 2  1.945846215   1- 3  2.616401797   1-11  2.612996912   3- 4  2.329946783   3- 5  2.734365555
       ( 1.029697473)       ( 1.384540206)       ( 1.382738418)       ( 1.232954740)       ( 1.446963938)

  5- 6  2.033156278   5- 7  2.549916927   7- 8  2.040691403   7- 9  2.578636069   9-10  1.902270841
       ( 1.075899969)       ( 1.349357927)       ( 1.079887385)       ( 1.364555443)       ( 1.006638378)

  9-11  2.625972876  11-12  2.291743749  13-14  1.910308538  13-15  2.655850470  13-23  2.595806517
       ( 1.389605002)       ( 1.212738565)       ( 1.010891744)       ( 1.405415544)       ( 1.373641653)

 15-16  2.303442812  15-17  2.740552638  17-18  2.033805941  17-19  2.551460432  19-20  2.040896640
       ( 1.218929443)       ( 1.450238001)       ( 1.076243755)       ( 1.350174715)       ( 1.079995992)

 19-21  2.583581235  21-22  1.939918113  21-23  2.589171626  23-24  2.319868260
       ( 1.367172312)       ( 1.026560456)       ( 1.370130620)       ( 1.227621415)

 Bond angles

  1- 3- 4  121.08616799   1- 3- 5  115.03428635   1-11- 9  113.14524725   1-11-12  124.36370485

  2- 1- 3  117.01904589   2- 1-11  115.72776747   3- 1-11  127.25318664   3- 5- 6  118.91948994

  3-5-7  119.31513280   4-3-5  123.87954495   5-7-8  122.66072133   5-7-9  121.50492002

  6- 5- 7  121.76537723   7- 9-10  121.31326779   7- 9-11  123.74722692   8- 7- 9  115.83435863

  9-11-12  122.49104789  10- 9-11  114.93950529  13-15-16  120.37556360  13-15-17  112.97110185

 13-23-21  114.08791883  13-23-24  122.61100136  14-13-15  116.21634580  14-13-23  115.63565073

 15-13-23  128.14800341  15-17-18  118.73037134  15-17-19  119.66594268  16-15-17  126.65333454

 17-19-20  122.45350867  17-19-21  122.50764393  18-17-19  121.60368597  19-21-22  121.47277512

 19-21-23  122.61938921  20-19-21  115.03884740  21-23-24  123.30107981  22-21-23  115.90783553

 NUCLEAR CHARGE:                   58
 NUMBER OF PRIMITIVE AOS:        1288
 NUMBER OF SYMMETRY AOS:         1128
 NUMBER OF CONTRACTIONS:          920   (  920A   )
 NUMBER OF CORE ORBITALS:           8   (    8A   )
 NUMBER OF VALENCE ORBITALS:       36   (   36A   )

 MOLECULE CHANGED: INITIALIZING OCCUPATION AND DUMP RECORDS


 NUCLEAR REPULSION ENERGY  357.25264066


 Eigenvalues of metric

         1 0.180E-05 0.236E-05 0.278E-05 0.326E-05 0.404E-05 0.425E-05 0.580E-05 0.698E-05


 OPERATOR DM      FOR CENTER  0  COORDINATES:    0.000000    0.000000    0.000000


 **********************************************************************************************************************************
 DATASETS  * FILE   NREC   LENGTH (MB)   RECORD NAMES
              1      18       61.18       500      610      700      900      950      970     1000      129      960     1100   
                                          VAR    BASINP    GEOM    SYMINP    ZMAT    AOBASIS   BASIS     P2S    ABASIS      S 
                                         1400     1410     1200     1210     1080     1600     1650     1700   
                                           T        V       H0       H01     AOSYM     SMH    MOLCAS    OPER   

              2       4       20.24       700     1000      520     2101   
                                         GEOM     BASIS   MCVARS     RHF  

 PROGRAMS   *        TOTAL       INT   RHF-SCF       INT
 CPU TIMES  *      8080.81      1.52   8077.16      1.95
 REAL TIME  *      8096.78 SEC
 DISK USED  *       142.62 MB (local),      570.48 MB (total)
 SF USED    *        10.17 MB
 GA USED    *         0.00 MB       (max)       0.00 MB       (current)
 **********************************************************************************************************************************


 PROGRAM * RHF-SCF (CLOSED SHELL)       Authors: W. Meyer, H.-J. Werner


 NUMBER OF ELECTRONS:      29+   29-    SPACE SYMMETRY=1    SPIN SYMMETRY: Singlet 
 CONVERGENCE THRESHOLDS:    1.00E-04 (Density)    1.00E-09 (Energy)
 INTEGRAL THRESHOLDS:       1.00E-12 (Initial)    1.00E-12 (Final)
 MAX. NUMBER OF ITERATIONS:       60
 INTERPOLATION TYPE:            DIIS
 INTERPOLATION STEPS:              2 (START)      1 (STEP)
 LEVEL SHIFTS:                  0.00 (CLOSED)  0.00 (OPEN) 



 Orbital guess generated from atomic densities. Full valence occupancy:   44

 Molecular orbital dump at record        2201.2

 Initial occupancy:  29

 Direct Fock-matrix evaluation.        Authors: Roland Lindh & Martin Schuetz (1993/96)

 Integral Threshold:                  0.1D-11
 Threshold for writing integrals:     0.1D-06
 Prescreening on density matrix:        ON 
 Calculation will be performed fully direct        

 ITERATION   DDIFF            GRAD            ENERGY        2-EL.EN.            DIPOLE MOMENTS         DIIS   CPU(IT)  CPU(TOT)
    1      0.000D+00      0.000D+00      -412.40052491   1001.290019   -2.83523    1.50623   -0.00288    0    734.0    749.8     start
    2      0.000D+00      0.300D-02      -412.49388208   1002.892440   -1.36672    0.22326   -0.00112    1    709.5   1459.3     diag
    3      0.294D-02      0.261D-02      -412.61823021   1001.785723   -1.97209    0.58067   -0.00171    2    685.4   2144.7     diag
    4      0.130D-02      0.291D-03      -412.62219060   1002.145304   -1.91945    0.58063   -0.00168    3    658.0   2802.8     diag
    5      0.277D-03      0.117D-03      -412.62286326   1002.006208   -1.90570    0.54114   -0.00164    4    633.3   3436.0     diag
    6      0.117D-03      0.417D-04      -412.62301172   1002.035854   -1.89914    0.53770   -0.00163    5    616.1   4052.1     diag
    7      0.593D-04      0.199D-04      -412.62303780   1002.047642   -1.89210    0.53371   -0.00162    6    590.1   4642.2     diag
    8      0.245D-04      0.845D-05      -412.62304156   1002.041267   -1.89069    0.53142   -0.00162    7    563.6   5205.8     diag
    9      0.995D-05      0.274D-05      -412.62304200   1002.042953   -1.88991    0.53145   -0.00162    8    534.7   5740.5     diag
   10      0.350D-05      0.100D-05      -412.62304207   1002.043519   -1.88939    0.53076   -0.00162    9    503.2   6243.7     orth
   11      0.134D-05      0.487D-06      -412.62304208   1002.043261   -1.88927    0.53069   -0.00162    9    485.5   6729.2     diag
   12      0.787D-06      0.112D-06      -412.62304209   1002.043323   -1.88922    0.53061   -0.00162    9    451.2   7180.3     diag
   13      0.240D-06      0.416D-07      -412.62304209   1002.043338   -1.88922    0.53060   -0.00162    0    437.4   7617.7     orth

 Final occupancy:  29

 !RHF STATE  1.1 Energy              -412.623042085628
 Nuclear energy                       357.25264066
 One-electron energy                -1270.89735183
 Two-electron energy                  501.02166908
 Virial quotient                       -1.00181868
 !RHF STATE  1.1 Dipole moment         -1.88921923     0.53060306    -0.00161883
 Dipole moment /Debye                  -4.80160182     1.34857014    -0.00411439

 Orbital energies:

         1.1          2.1          3.1          4.1          5.1          6.1          7.1          8.1          9.1         10.1
    -20.550840   -20.536956   -15.645972   -15.634006   -11.422272   -11.379093   -11.340282   -11.254338    -1.439671    -1.390155

        11.1         12.1         13.1         14.1         15.1         16.1         17.1         18.1         19.1         20.1
     -1.315257    -1.249295    -1.087864    -0.934209    -0.904323    -0.808203    -0.766739    -0.716969    -0.677162    -0.671525

        21.1         22.1         23.1         24.1         25.1         26.1         27.1         28.1         29.1         30.1
     -0.653824    -0.610693    -0.601478    -0.568868    -0.528929    -0.485300    -0.447785    -0.437362    -0.367635     0.013652

        31.1
      0.024857


 HOMO     29.1    -0.367635 =     -10.0039eV
 LUMO     30.1     0.013652 =       0.3715eV
 LUMO-HOMO         0.381287 =      10.3754eV


 **********************************************************************************************************************************
 DATASETS  * FILE   NREC   LENGTH (MB)   RECORD NAMES
              1      18       61.18       500      610      700      900      950      970     1000      129      960     1100   
                                          VAR    BASINP    GEOM    SYMINP    ZMAT    AOBASIS   BASIS     P2S    ABASIS      S 
                                         1400     1410     1200     1210     1080     1600     1650     1700   
                                           T        V       H0       H01     AOSYM     SMH    MOLCAS    OPER   

              2       5       56.64       700     1000      520     2101     2201   
                                         GEOM     BASIS   MCVARS     RHF      RHF  

 PROGRAMS   *        TOTAL   RHF-SCF       INT   RHF-SCF       INT
 CPU TIMES  *     15699.49   7618.68      1.52   8077.16      1.95
 REAL TIME  *     15727.15 SEC
 DISK USED  *       179.02 MB (local),      716.07 MB (total)
 SF USED    *        10.17 MB
 GA USED    *         0.00 MB       (max)       0.00 MB       (current)
 **********************************************************************************************************************************
 SETTING EA_HF          =      -412.62304209  AU                              

 Dummy atoms: N1  H1  C1  O1  C2  H2  C3  H3  N2  H4  C4  O2


 Recomputing one-electron integrals since nuclear charges changed


 PROGRAM * SEWARD (Integral evaluation for generally contracted gaussian basis sets)     Author: Roland Lindh, 1990

 Geometry written to block  1 of record 700


 Point group  C1  



 ATOMIC COORDINATES

 NR  ATOM    CHARGE       X              Y              Z

   1  N1      0.00   -1.379498434    0.043024578    0.001728434
   2  H1      0.00    0.563936898    0.139848171    0.003067097
   3  C1      0.00   -2.450643190   -2.344066967    0.002839004
   4  O1      0.00   -1.122684131   -4.258530907    0.004976981
   5  C2      0.00   -5.184694719   -2.385461193    0.000905893
   6  H2      0.00   -6.140835975   -4.179762702    0.001574342
   7  C3      0.00   -6.466680544   -0.181242134   -0.001743442
   8  H3      0.00   -8.505462817   -0.093004812   -0.003298447
   9  N2      0.00   -5.243681676    2.088920165   -0.002679773
  10  H4      0.00   -6.205554586    3.730087672   -0.004697373
  11  C4      0.00   -2.629513583    2.337628593   -0.000992828
  12  O2      0.00   -1.587074605    4.378562100   -0.001892090
  13  N3      7.00    8.182897435   -2.070036057    0.000945301
  14  H5      1.00    9.028065696   -0.356860997    0.001676278
  15  C5      6.00    9.800593270   -4.176358413   -0.001889055
  16  O3      8.00   12.086126354   -3.889678617   -0.003304836
  17  C6      6.00    8.450916044   -6.561520722   -0.002842222
  18  H6      1.00    9.521605668   -8.290678235   -0.004993930
  19  C7      6.00    5.899466458   -6.568735454   -0.001027903
  20  H7      1.00    4.809163956   -8.293988823   -0.001630116
  21  N4      7.00    4.504864811   -4.393885867    0.001712978
  22  H8      1.00    2.565370367   -4.434406884    0.002992453
  23  C8      6.00    5.587245015   -2.041809822    0.002753550
  24  O4      8.00    4.358316652   -0.074192390    0.005089994

 Bond lengths in Bohr (Angstrom)

  1- 2  1.945846215   1- 3  2.616401797   1-11  2.612996912   3- 4  2.329946783   3- 5  2.734365555
       ( 1.029697473)       ( 1.384540206)       ( 1.382738418)       ( 1.232954740)       ( 1.446963938)

  5- 6  2.033156278   5- 7  2.549916927   7- 8  2.040691403   7- 9  2.578636069   9-10  1.902270841
       ( 1.075899969)       ( 1.349357927)       ( 1.079887385)       ( 1.364555443)       ( 1.006638378)

  9-11  2.625972876  11-12  2.291743749  13-14  1.910308538  13-15  2.655850470  13-23  2.595806517
       ( 1.389605002)       ( 1.212738565)       ( 1.010891744)       ( 1.405415544)       ( 1.373641653)

 15-16  2.303442812  15-17  2.740552638  17-18  2.033805941  17-19  2.551460432  19-20  2.040896640
       ( 1.218929443)       ( 1.450238001)       ( 1.076243755)       ( 1.350174715)       ( 1.079995992)

 19-21  2.583581235  21-22  1.939918113  21-23  2.589171626  23-24  2.319868260
       ( 1.367172312)       ( 1.026560456)       ( 1.370130620)       ( 1.227621415)

 Bond angles

  1- 3- 4  121.08616799   1- 3- 5  115.03428635   1-11- 9  113.14524725   1-11-12  124.36370485

  2- 1- 3  117.01904589   2- 1-11  115.72776747   3- 1-11  127.25318664   3- 5- 6  118.91948994

  3-5-7  119.31513280   4-3-5  123.87954495   5-7-8  122.66072133   5-7-9  121.50492002

  6- 5- 7  121.76537723   7- 9-10  121.31326779   7- 9-11  123.74722692   8- 7- 9  115.83435863

  9-11-12  122.49104789  10- 9-11  114.93950529  13-15-16  120.37556360  13-15-17  112.97110185

 13-23-21  114.08791883  13-23-24  122.61100136  14-13-15  116.21634580  14-13-23  115.63565073

 15-13-23  128.14800341  15-17-18  118.73037134  15-17-19  119.66594268  16-15-17  126.65333454

 17-19-20  122.45350867  17-19-21  122.50764393  18-17-19  121.60368597  19-21-22  121.47277512

 19-21-23  122.61938921  20-19-21  115.03884740  21-23-24  123.30107981  22-21-23  115.90783553

 NUCLEAR CHARGE:                   58
 NUMBER OF PRIMITIVE AOS:        1288
 NUMBER OF SYMMETRY AOS:         1128
 NUMBER OF CONTRACTIONS:          920   (  920A   )
 NUMBER OF CORE ORBITALS:           8   (    8A   )
 NUMBER OF VALENCE ORBITALS:       36   (   36A   )

 MOLECULE CHANGED: INITIALIZING OCCUPATION AND DUMP RECORDS


 NUCLEAR REPULSION ENERGY  357.22824349


 Eigenvalues of metric

         1 0.180E-05 0.236E-05 0.278E-05 0.326E-05 0.404E-05 0.425E-05 0.580E-05 0.698E-05


 OPERATOR DM      FOR CENTER  0  COORDINATES:    0.000000    0.000000    0.000000


 **********************************************************************************************************************************
 DATASETS  * FILE   NREC   LENGTH (MB)   RECORD NAMES
              1      18       61.18       500      610      700      900      950      970     1000      129      960     1100   
                                          VAR    BASINP    GEOM    SYMINP    ZMAT    AOBASIS   BASIS     P2S    ABASIS      S 
                                         1400     1410     1200     1210     1080     1600     1650     1700   
                                           T        V       H0       H01     AOSYM     SMH    MOLCAS    OPER   

              2       5       56.64       700     1000      520     2101     2201   
                                         GEOM     BASIS   MCVARS     RHF      RHF  

 PROGRAMS   *        TOTAL       INT   RHF-SCF       INT   RHF-SCF       INT
 CPU TIMES  *     15701.01      1.51   7618.68      1.52   8077.16      1.95
 REAL TIME  *     15729.03 SEC
 DISK USED  *       179.02 MB (local),      716.07 MB (total)
 SF USED    *        10.17 MB
 GA USED    *         0.00 MB       (max)       0.00 MB       (current)
 **********************************************************************************************************************************


 PROGRAM * RHF-SCF (CLOSED SHELL)       Authors: W. Meyer, H.-J. Werner


 NUMBER OF ELECTRONS:      29+   29-    SPACE SYMMETRY=1    SPIN SYMMETRY: Singlet 
 CONVERGENCE THRESHOLDS:    1.00E-04 (Density)    1.00E-09 (Energy)
 INTEGRAL THRESHOLDS:       1.00E-12 (Initial)    1.00E-12 (Final)
 MAX. NUMBER OF ITERATIONS:       60
 INTERPOLATION TYPE:            DIIS
 INTERPOLATION STEPS:              2 (START)      1 (STEP)
 LEVEL SHIFTS:                  0.00 (CLOSED)  0.00 (OPEN) 



 Orbital guess generated from atomic densities. Full valence occupancy:   44

 Molecular orbital dump at record        2301.2

 Initial occupancy:  29

 Direct Fock-matrix evaluation.        Authors: Roland Lindh & Martin Schuetz (1993/96)

 Integral Threshold:                  0.1D-11
 Threshold for writing integrals:     0.1D-06
 Prescreening on density matrix:        ON 
 Calculation will be performed fully direct        

 ITERATION   DDIFF            GRAD            ENERGY        2-EL.EN.            DIPOLE MOMENTS         DIIS   CPU(IT)  CPU(TOT)
    1      0.000D+00      0.000D+00      -412.40291946   1001.253988   -2.60679   -2.02344    0.00032    0    738.0    753.8     start
    2      0.000D+00      0.299D-02      -412.49650491   1002.840994   -0.83837   -1.19182   -0.00036    1    712.7   1466.5     diag
    3      0.307D-02      0.259D-02      -412.61853436   1001.734488   -1.40223   -1.60404   -0.00025    2    691.2   2157.7     diag
    4      0.138D-02      0.289D-03      -412.62246444   1002.096703   -1.38321   -1.55601   -0.00023    3    662.7   2820.4     diag
    5      0.296D-03      0.115D-03      -412.62312093   1001.954227   -1.33842   -1.56160   -0.00027    4    631.0   3451.3     diag
    6      0.118D-03      0.408D-04      -412.62326667   1001.986798   -1.33454   -1.55662   -0.00026    5    612.5   4063.8     diag
    7      0.611D-04      0.190D-04      -412.62329126   1001.996886   -1.32623   -1.55300   -0.00027    6    587.2   4651.0     diag
    8      0.268D-04      0.808D-05      -412.62329469   1001.990611   -1.32419   -1.55286   -0.00027    7    560.6   5211.6     diag
    9      0.102D-04      0.267D-05      -412.62329510   1001.992410   -1.32371   -1.55225   -0.00027    8    529.5   5741.1     diag
   10      0.383D-05      0.995D-06      -412.62329517   1001.993017   -1.32290   -1.55214   -0.00027    9    500.8   6241.9     orth
   11      0.135D-05      0.482D-06      -412.62329518   1001.992730   -1.32277   -1.55208   -0.00027    9    485.2   6727.1     diag
   12      0.875D-06      0.108D-06      -412.62329518   1001.992809   -1.32268   -1.55208   -0.00027    9    456.7   7183.8     diag
   13      0.303D-06      0.387D-07      -412.62329518   1001.992816   -1.32267   -1.55208   -0.00027    0    448.0   7631.7     orth

 Final occupancy:  29

 !RHF STATE  1.1 Energy              -412.623295184158
 Nuclear energy                       357.22824349
 One-electron energy                -1270.84794643
 Two-electron energy                  500.99640776
 Virial quotient                       -1.00182002
 !RHF STATE  1.1 Dipole moment         -1.32267208    -1.55207552    -0.00026991
 Dipole moment /Debye                  -3.36167689    -3.94472409    -0.00068599

 Orbital energies:

         1.1          2.1          3.1          4.1          5.1          6.1          7.1          8.1          9.1         10.1
    -20.543203   -20.542804   -15.649963   -15.628033   -11.417590   -11.381872   -11.343096   -11.258030    -1.432843    -1.397483

        11.1         12.1         13.1         14.1         15.1         16.1         17.1         18.1         19.1         20.1
     -1.313950    -1.247087    -1.090440    -0.937709    -0.901504    -0.807745    -0.767832    -0.715656    -0.677484    -0.670740

        21.1         22.1         23.1         24.1         25.1         26.1         27.1         28.1         29.1         30.1
     -0.649782    -0.615710    -0.602564    -0.571661    -0.524813    -0.481644    -0.449389    -0.435895    -0.371045     0.009170

        31.1
      0.022678


 HOMO     29.1    -0.371045 =     -10.0966eV
 LUMO     30.1     0.009170 =       0.2495eV
 LUMO-HOMO         0.380215 =      10.3462eV


 **********************************************************************************************************************************
 DATASETS  * FILE   NREC   LENGTH (MB)   RECORD NAMES
              1      18       61.18       500      610      700      900      950      970     1000      129      960     1100   
                                          VAR    BASINP    GEOM    SYMINP    ZMAT    AOBASIS   BASIS     P2S    ABASIS      S 
                                         1400     1410     1200     1210     1080     1600     1650     1700   
                                           T        V       H0       H01     AOSYM     SMH    MOLCAS    OPER   

              2       6       93.04       700     1000      520     2101     2201     2301   
                                         GEOM     BASIS   MCVARS     RHF      RHF      RHF  

 PROGRAMS   *        TOTAL   RHF-SCF       INT   RHF-SCF       INT   RHF-SCF       INT
 CPU TIMES  *     23333.79   7632.77      1.51   7618.68      1.52   8077.16      1.95
 REAL TIME  *     23373.76 SEC
 DISK USED  *       215.42 MB (local),      861.67 MB (total)
 SF USED    *        10.17 MB
 GA USED    *         0.00 MB       (max)       0.00 MB       (current)
 **********************************************************************************************************************************
 SETTING EB_HF          =      -412.62329518  AU                              
 SETTING E_AB_INT       =        -0.02070221  AU                              

 *** results in hartree
 E_AB_INT         =        -0.02070221 AU
 Molecular orbitals read from record     2301.2  Type=RHF/CANONICAL (state 1.1)
 Occupation numbers read from record     2301.2  Type=RHF/RHF (state 1.1)
 Orbital energies read from record       2301.2  Type=RHF/CANONICAL (state 1.1)
 Redundancy group numbers read from rec  2301.2  Type=RHF/RHF (state 1.1)

 RHF/aug-cc-pVTZ energy=   -412.623295184158

         RHF-SCF         RHF-SCF         RHF-SCF
   -412.62329518   -412.62304209   -825.26703948
 **********************************************************************************************************************************
 Molpro calculation terminated
