
 Primary working directories    : /scratch/sirous/119762/molpro.N1sxSzRtvR
 Secondary working directories  : /scratch/sirous/119762/molpro.N1sxSzRtvR
 Wavefunction directory         : /scratch/sirous/119762/
 Main file repository           : /scratch/sirous/119762/molpro.N1sxSzRtvR/

 id        : karlovklimes

 Nodes                      nprocs
 nc-01.cc.karlov.mff.cuni.cz    4

 Using customized tuning parameters: mindgm=1; mindgv=20; mindgc=4; mindgr=1; noblas=0; minvec=7
 default implementation of scratch files=sf  


 Variables initialized (934), CPU time= 0.01 sec
 ***,CH3C6H4CN+CF3CN+BF3
 memory,500,m
 gdirect
 gthresh,energy=1.d-8,twoint=1.d-15,oneint=1.d-15,zero=1.d-15,orbital=1.d-8,grid=1.d-8
 symmetry,nosym
 geomtyp=xyz
                                                                                 ! Geometry
 geometry={
 C1        -1.061709204    1.297140572     0.292060003
 O1        -0.358161116    2.270458613     0.531812668
 O2        -0.589303516    0.094917758     0.003788813
 H1        0.404435659    0.127722621     0.018411838
 C2        -2.558427798    1.342549823     0.296257320
 H2        -2.895997978    2.347464002     0.518316340
 H3        -2.932889278    1.022390451     -0.672995551
 H4        -2.937211960    0.644910433     1.039557084
 C3        2.799564974    1.108464452     0.271261944
 O3        2.095946609    0.135149964     0.031474342
 O4        2.327138640    2.310899840     0.559040415
 H5        1.333350100    2.278001606     0.544639911
 C4        4.296277422    1.062561706     0.269297549
 H6        4.633856986    0.061242513     0.031772054
 H7        4.677775967    1.772914645     -0.460171349
 H8        4.667793733    1.365256223     1.245352910
 }
 
 
 
 basis=avqz
 
 
 
                                                                                 ! Dimer Calculation
 {rhf,accu=1.d-8;orbital,2101.2}
 eab_HF=energy
 
 
                                                                                 !monomer A
 dummy,9,10,11,12,13,14,15,16;                                                   ! NOW MONOMER B IS DUMMY
 {rhf,accu=1.d-8;orbital,2201.2}
 ea_HF=energy
                                                                                 !monomer B
 dummy,1,2,3,4,5,6,7,8;                                                          !NOW MONOMER A IS DUMMY
 {rhf,accu=1.d-8;orbital,2301.2}
 eb_HF=energy
 
 E_AB_int=eab_HF-ea_HF-eb_HF
 
 
 text,results in hartree
 show,E_AB_int
 
 Commands  initialized (763), CPU time= 0.02 sec, 617 directives.
 Default parameters read. Elapsed time= 0.20 sec

 Checking input...
 Passed
1


                                         ***  PROGRAM SYSTEM MOLPRO  ***
                                       Copyright, TTI GmbH Stuttgart, 2015
                                    Version 2019.2 linked Jun  8 2019 11:26:33


 **********************************************************************************************************************************
 LABEL *   CH3C6H4CN+CF3CN+BF3                                                           
  64 bit mpp version                                                                     DATE: 20-Nov-19          TIME: 10:08:21  
 **********************************************************************************************************************************

 SHA1:             8135a10abc80eafa5b3ae28ffc55be4890dc4c84
 **********************************************************************************************************************************

 THRESHOLDS:

 ZERO    =  1.00D-15  ONEINT  =  1.00D-15  TWOINT  =  1.00D-15  PREFAC  =  1.00D-14  XXXXXX  =  1.00D-09  EORDER  =  1.00D-04
 ENERGY  =  1.00D-08  ETEST   =  0.00D+00  EDENS   =  0.00D+00  THRDEDEF=  1.00D-06  GRADIENT=  1.00D-02  STEP    =  1.00D-03
 ORBITAL =  1.00D-08  CIVEC   =  1.00D-05  COEFF   =  1.00D-04  PRINTCI =  5.00D-02  PUNCHCI =  9.90D+01  OPTGRAD =  3.00D-04
 OPTENERG=  1.00D-06  OPTSTEP =  3.00D-04  THRGRAD =  1.00D-10  COMPRESS=  1.00D-11  VARMIN  =  1.00D-07  VARMAX  =  1.00D-03
 THRDOUB =  0.00D+00  THRDIV  =  1.00D-05  THRRED  =  1.00D-07  THRPSP  =  1.00D+00  THRDC   =  1.00D-10  THRCS   =  1.00D-10
 THRNRM  =  1.00D-08  THREQ   =  0.00D+00  THRDE   =  1.00D+00  THRREF  =  1.00D-05  SPARFAC =  1.00D+00  THRDLP  =  1.00D-07
 THRDIA  =  1.00D-10  THRDLS  =  1.00D-07  THRGPS  =  0.00D+00  THRKEX  =  0.00D+00  THRDIS  =  2.00D-01  THRVAR  =  1.00D-10
 THRLOC  =  1.00D-06  THRGAP  =  1.00D-06  THRLOCT = -1.00D+00  THRGAPT = -1.00D+00  THRORB  =  1.00D-06  THRMLTP =  0.00D+00
 THRCPQCI=  1.00D-10  KEXTA   =  0.00D+00  THRCOARS=  0.00D+00  SYMTOL  =  1.00D-06  GRADTOL =  1.00D-06  THROVL  =  1.00D-08
 THRORTH =  1.00D-08  GRID    =  1.00D-08  GRIDMAX =  1.00D-03  DTMAX   =  0.00D+00  THROCCDE=  1.00D-01  THROCCDE=  1.00D-01
 THRPRINT=  2.50D-01


 Variable memory set to  500000000 words,  buffer space 

 SETTING GEOMTYP        =    XYZ
 ZSYMEL=NOSYM

 SETTING BASIS          =    AVQZ


 Recomputing integrals since basis changed


 Using spherical harmonics

 Library entry C      S aug-cc-pVQZ          selected for orbital group  1
 Library entry C      P aug-cc-pVQZ          selected for orbital group  1
 Library entry C      D aug-cc-pVQZ          selected for orbital group  1
 Library entry C      F aug-cc-pVQZ          selected for orbital group  1
 Library entry C      G aug-cc-pVQZ          selected for orbital group  1
 Library entry O      S aug-cc-pVQZ          selected for orbital group  2
 Library entry O      P aug-cc-pVQZ          selected for orbital group  2
 Library entry O      D aug-cc-pVQZ          selected for orbital group  2
 Library entry O      F aug-cc-pVQZ          selected for orbital group  2
 Library entry O      G aug-cc-pVQZ          selected for orbital group  2
 Library entry H      S aug-cc-pVQZ          selected for orbital group  3
 Library entry H      P aug-cc-pVQZ          selected for orbital group  3
 Library entry H      D aug-cc-pVQZ          selected for orbital group  3
 Library entry H      F aug-cc-pVQZ          selected for orbital group  3


 PROGRAM * SEWARD (Integral evaluation for generally contracted gaussian basis sets)     Author: Roland Lindh, 1990

 Geometry written to block  1 of record 700


 Point group  C1  



 ATOMIC COORDINATES

 NR  ATOM    CHARGE       X              Y              Z

   1  C1      6.00   -2.006339619    2.451240426    0.551913418
   2  O1      8.00   -0.676826418    4.290544956    1.004980292
   3  O2      8.00   -1.113622249    0.179368567    0.007159819
   4  H1      1.00    0.764272631    0.241360774    0.034793331
   5  C2      6.00   -4.834727848    2.537051474    0.559845197
   6  H2      1.00   -5.472643036    4.436064051    0.979475928
   7  H3      1.00   -5.542357489    1.932037945   -1.271777274
   8  H4      1.00   -5.550526174    1.218704093    1.964478180
   9  C3      6.00    5.290411069    2.094694233    0.512610782
  10  O3      8.00    3.960765063    0.255396418    0.059477886
  11  O4      8.00    4.397654683    4.366967799    1.056433277
  12  H5      1.00    2.519666517    4.304799147    1.029220268
  13  C4      6.00    8.118787683    2.007950615    0.508898614
  14  H6      1.00    8.756720604    0.115731577    0.060040480
  15  H7      1.00    8.839715450    3.350323121   -0.869597820
  16  H8      1.00    8.820851761    2.579960351    2.353375928

 Bond lengths in Bohr (Angstrom)

 1-2  2.314285224  1-3  2.501020298  1-5  2.829700765  3-4  1.879121025  5-6  2.046771728
     ( 1.224667000)     ( 1.323482946)     ( 1.497413158)     ( 0.994388023)     ( 1.083104954)

  5- 7  2.054658599   5- 8  2.055091452   9-10  2.314369110   9-11  2.501196519   9-13  2.829708908
       ( 1.087278507)       ( 1.087507563)       ( 1.224711391)       ( 1.323576198)       ( 1.497417468)

 11-12  1.879213943  13-14  2.046686328  13-15  2.054739207  13-16  2.054795774
       ( 0.994437193)       ( 1.083059762)       ( 1.087321163)       ( 1.087351097)

 Bond angles

  1-3-4  108.87701878   1-5-6  109.89119120   1-5-7  109.43969357   1-5-8  109.30552992

  2-1-3  124.02321982   2-1-5  123.33715270   3-1-5  112.63957654   6-5-7  110.40341342

  6- 5- 8  110.27380138   7- 5- 8  107.48414510   9-11-12  108.87447824   9-13-14  109.88739098

  9-13-15  109.36282320   9-13-16  109.37800168  10- 9-11  124.02108976  10- 9-13  123.34151116

 11- 9-13  112.63739793  14-13-15  110.33493204  14-13-16  110.34882885  15-13-16  107.48601334

 NUCLEAR CHARGE:                   64
 NUMBER OF PRIMITIVE AOS:        1400
 NUMBER OF SYMMETRY AOS:         1128
 NUMBER OF CONTRACTIONS:         1008   ( 1008A   )
 NUMBER OF CORE ORBITALS:           8   (    8A   )
 NUMBER OF VALENCE ORBITALS:       40   (   40A   )


 NUCLEAR REPULSION ENERGY  381.10036757


 Eigenvalues of metric

         1 0.195E-05 0.249E-05 0.297E-05 0.397E-05 0.460E-05 0.534E-05 0.704E-05 0.948E-05


 OPERATOR DM      FOR CENTER  0  COORDINATES:    0.000000    0.000000    0.000000


 **********************************************************************************************************************************
 DATASETS  * FILE   NREC   LENGTH (MB)   RECORD NAMES
              1      18       67.16       500      610      700      900      950      970     1000      129      960     1100   
                                          VAR    BASINP    GEOM    SYMINP    ZMAT    AOBASIS   BASIS     P2S    ABASIS      S 
                                         1400     1410     1200     1210     1080     1600     1650     1700   
                                           T        V       H0       H01     AOSYM     SMH    MOLCAS    OPER   

 PROGRAMS   *        TOTAL       INT
 CPU TIMES  *         2.29      2.11
 REAL TIME  *         3.74 SEC
 DISK USED  *        68.02 MB (local),      272.08 MB (total)
 GA USED    *         0.00 MB       (max)       0.00 MB       (current)
 **********************************************************************************************************************************


 PROGRAM * RHF-SCF (CLOSED SHELL)       Authors: W. Meyer, H.-J. Werner


 NUMBER OF ELECTRONS:      32+   32-    SPACE SYMMETRY=1    SPIN SYMMETRY: Singlet 
 CONVERGENCE THRESHOLDS:    1.00E-04 (Density)    1.00E-09 (Energy)
 INTEGRAL THRESHOLDS:       1.00E-12 (Initial)    1.00E-12 (Final)
 MAX. NUMBER OF ITERATIONS:       60
 INTERPOLATION TYPE:            DIIS
 INTERPOLATION STEPS:              2 (START)      1 (STEP)
 LEVEL SHIFTS:                  0.00 (CLOSED)  0.00 (OPEN) 



 Orbital guess generated from atomic densities. Full valence occupancy:   48

 Molecular orbital dump at record        2101.2

 Initial occupancy:  32

 Direct Fock-matrix evaluation.        Authors: Roland Lindh & Martin Schuetz (1993/96)

 Integral Threshold:                  0.1D-11
 Threshold for writing integrals:     0.1D-06
 Prescreening on density matrix:        ON 
 Calculation will be performed fully direct        

 ITERATION   DDIFF            GRAD            ENERGY        2-EL.EN.            DIPOLE MOMENTS         DIIS   CPU(IT)  CPU(TOT)
    1      0.000D+00      0.000D+00      -455.68020991   1090.851524    0.00009   -0.00103    0.00370    0   1575.3   1605.8     start
    2      0.000D+00      0.257D-02      -455.80275854   1086.512209    0.00008   -0.00050    0.00178    1   1517.9   3123.7     diag
    3      0.203D-02      0.161D-02      -455.85623536   1088.475046    0.00012   -0.00050    0.00172    2   1467.2   4590.9     diag
    4      0.814D-03      0.267D-03      -455.85920479   1088.392770    0.00012   -0.00051    0.00171    3   1424.4   6015.4     diag
    5      0.216D-03      0.107D-03      -455.85964153   1088.361529    0.00013   -0.00049    0.00165    4   1366.9   7382.2     diag
    6      0.833D-04      0.305D-04      -455.85969231   1088.376929    0.00013   -0.00049    0.00163    5   1305.3   8687.5     diag
    7      0.282D-04      0.122D-04      -455.85970136   1088.374011    0.00013   -0.00049    0.00163    6   1249.9   9937.3     diag
    8      0.120D-04      0.413D-05      -455.85970290   1088.375505    0.00013   -0.00049    0.00163    7   1191.3  11128.6     diag
    9      0.469D-05      0.146D-05      -455.85970312   1088.375215    0.00013   -0.00049    0.00163    8   1129.1  12257.8     diag
   10      0.207D-05      0.380D-06      -455.85970313   1088.375443    0.00013   -0.00049    0.00163    9   1043.1  13300.8     orth
   11      0.565D-06      0.105D-06      -455.85970313   1088.375165    0.00013   -0.00049    0.00163    9    930.5  14231.3     diag
   12      0.135D-06      0.298D-07      -455.85970313   1088.375271    0.00013   -0.00049    0.00163    0    873.2  15104.6     orth

 Final occupancy:  32

 !RHF STATE  1.1 Energy              -455.859703133645
 Nuclear energy                       381.10036757
 One-electron energy                -1381.14770641
 Two-electron energy                  544.18763570
 Virial quotient                       -1.00114775
 !RHF STATE  1.1 Dipole moment          0.00012574    -0.00048642     0.00162657
 Dipole moment /Debye                   0.00031958    -0.00123628     0.00413406

 Orbital energies:

         1.1          2.1          3.1          4.1          5.1          6.1          7.1          8.1          9.1         10.1
    -20.596726   -20.596720   -20.555156   -20.555141   -11.395645   -11.395626   -11.242875   -11.242870    -1.470734    -1.458643

        11.1         12.1         13.1         14.1         15.1         16.1         17.1         18.1         19.1         20.1
     -1.368606    -1.355059    -1.033774    -1.025933    -0.838046    -0.816087    -0.745133    -0.696070    -0.686831    -0.675816

        21.1         22.1         23.1         24.1         25.1         26.1         27.1         28.1         29.1         30.1
     -0.655694    -0.649475    -0.589939    -0.582216    -0.574455    -0.561675    -0.559072    -0.557705    -0.492833    -0.482015

        31.1         32.1         33.1         34.1
     -0.474012    -0.455634     0.025492     0.027726


 HOMO     32.1    -0.455634 =     -12.3984eV
 LUMO     33.1     0.025492 =       0.6937eV
 LUMO-HOMO         0.481126 =      13.0921eV


 **********************************************************************************************************************************
 DATASETS  * FILE   NREC   LENGTH (MB)   RECORD NAMES
              1      18       67.16       500      610      700      900      950      970     1000      129      960     1100   
                                          VAR    BASINP    GEOM    SYMINP    ZMAT    AOBASIS   BASIS     P2S    ABASIS      S 
                                         1400     1410     1200     1210     1080     1600     1650     1700   
                                           T        V       H0       H01     AOSYM     SMH    MOLCAS    OPER   

              2       4       23.52       700     1000      520     2101   
                                         GEOM     BASIS   MCVARS     RHF  

 PROGRAMS   *        TOTAL   RHF-SCF       INT
 CPU TIMES  *     15108.16  15105.87      2.11
 REAL TIME  *     15195.93 SEC
 DISK USED  *       164.12 MB (local),      656.49 MB (total)
 SF USED    *        12.20 MB
 GA USED    *         0.00 MB       (max)       0.00 MB       (current)
 **********************************************************************************************************************************
 SETTING EAB_HF         =      -455.85970313  AU                              

 Dummy atoms: C3  O3  O4  H5  C4  H6  H7  H8


 Recomputing one-electron integrals since nuclear charges changed


 PROGRAM * SEWARD (Integral evaluation for generally contracted gaussian basis sets)     Author: Roland Lindh, 1990

 Geometry written to block  1 of record 700


 Point group  C1  



 ATOMIC COORDINATES

 NR  ATOM    CHARGE       X              Y              Z

   1  C1      6.00   -2.006339619    2.451240426    0.551913418
   2  O1      8.00   -0.676826418    4.290544956    1.004980292
   3  O2      8.00   -1.113622249    0.179368567    0.007159819
   4  H1      1.00    0.764272631    0.241360774    0.034793331
   5  C2      6.00   -4.834727848    2.537051474    0.559845197
   6  H2      1.00   -5.472643036    4.436064051    0.979475928
   7  H3      1.00   -5.542357489    1.932037945   -1.271777274
   8  H4      1.00   -5.550526174    1.218704093    1.964478180
   9  C3      0.00    5.290411069    2.094694233    0.512610782
  10  O3      0.00    3.960765063    0.255396418    0.059477886
  11  O4      0.00    4.397654683    4.366967799    1.056433277
  12  H5      0.00    2.519666517    4.304799147    1.029220268
  13  C4      0.00    8.118787683    2.007950615    0.508898614
  14  H6      0.00    8.756720604    0.115731577    0.060040480
  15  H7      0.00    8.839715450    3.350323121   -0.869597820
  16  H8      0.00    8.820851761    2.579960351    2.353375928

 Bond lengths in Bohr (Angstrom)

 1-2  2.314285224  1-3  2.501020298  1-5  2.829700765  3-4  1.879121025  5-6  2.046771728
     ( 1.224667000)     ( 1.323482946)     ( 1.497413158)     ( 0.994388023)     ( 1.083104954)

  5- 7  2.054658599   5- 8  2.055091452   9-10  2.314369110   9-11  2.501196519   9-13  2.829708908
       ( 1.087278507)       ( 1.087507563)       ( 1.224711391)       ( 1.323576198)       ( 1.497417468)

 11-12  1.879213943  13-14  2.046686328  13-15  2.054739207  13-16  2.054795774
       ( 0.994437193)       ( 1.083059762)       ( 1.087321163)       ( 1.087351097)

 Bond angles

  1-3-4  108.87701878   1-5-6  109.89119120   1-5-7  109.43969357   1-5-8  109.30552992

  2-1-3  124.02321982   2-1-5  123.33715270   3-1-5  112.63957654   6-5-7  110.40341342

  6- 5- 8  110.27380138   7- 5- 8  107.48414510   9-11-12  108.87447824   9-13-14  109.88739098

  9-13-15  109.36282320   9-13-16  109.37800168  10- 9-11  124.02108976  10- 9-13  123.34151116

 11- 9-13  112.63739793  14-13-15  110.33493204  14-13-16  110.34882885  15-13-16  107.48601334

 NUCLEAR CHARGE:                   32
 NUMBER OF PRIMITIVE AOS:        1400
 NUMBER OF SYMMETRY AOS:         1128
 NUMBER OF CONTRACTIONS:         1008   ( 1008A   )
 NUMBER OF CORE ORBITALS:           4   (    4A   )
 NUMBER OF VALENCE ORBITALS:       20   (   20A   )

 MOLECULE CHANGED: INITIALIZING OCCUPATION AND DUMP RECORDS


 NUCLEAR REPULSION ENERGY  121.35354254


 Eigenvalues of metric

         1 0.195E-05 0.249E-05 0.297E-05 0.397E-05 0.460E-05 0.534E-05 0.704E-05 0.948E-05


 OPERATOR DM      FOR CENTER  0  COORDINATES:    0.000000    0.000000    0.000000


 **********************************************************************************************************************************
 DATASETS  * FILE   NREC   LENGTH (MB)   RECORD NAMES
              1      18       67.16       500      610      700      900      950      970     1000      129      960     1100   
                                          VAR    BASINP    GEOM    SYMINP    ZMAT    AOBASIS   BASIS     P2S    ABASIS      S 
                                         1400     1410     1200     1210     1080     1600     1650     1700   
                                           T        V       H0       H01     AOSYM     SMH    MOLCAS    OPER   

              2       4       23.52       700     1000      520     2101   
                                         GEOM     BASIS   MCVARS     RHF  

 PROGRAMS   *        TOTAL       INT   RHF-SCF       INT
 CPU TIMES  *     15109.95      1.77  15105.87      2.11
 REAL TIME  *     15197.86 SEC
 DISK USED  *       164.12 MB (local),      656.49 MB (total)
 SF USED    *        12.20 MB
 GA USED    *         0.00 MB       (max)       0.00 MB       (current)
 **********************************************************************************************************************************


 PROGRAM * RHF-SCF (CLOSED SHELL)       Authors: W. Meyer, H.-J. Werner


 NUMBER OF ELECTRONS:      16+   16-    SPACE SYMMETRY=1    SPIN SYMMETRY: Singlet 
 CONVERGENCE THRESHOLDS:    1.00E-04 (Density)    1.00E-09 (Energy)
 INTEGRAL THRESHOLDS:       1.00E-12 (Initial)    1.00E-12 (Final)
 MAX. NUMBER OF ITERATIONS:       60
 INTERPOLATION TYPE:            DIIS
 INTERPOLATION STEPS:              2 (START)      1 (STEP)
 LEVEL SHIFTS:                  0.00 (CLOSED)  0.00 (OPEN) 



 Orbital guess generated from atomic densities. Full valence occupancy:   24

 Molecular orbital dump at record        2201.2

 Initial occupancy:  16

 Direct Fock-matrix evaluation.        Authors: Roland Lindh & Martin Schuetz (1993/96)

 Integral Threshold:                  0.1D-11
 Threshold for writing integrals:     0.1D-06
 Prescreening on density matrix:        ON 
 Calculation will be performed fully direct        

 ITERATION   DDIFF            GRAD            ENERGY        2-EL.EN.            DIPOLE MOMENTS         DIIS   CPU(IT)  CPU(TOT)
    1      0.000D+00      0.000D+00      -227.81202443    407.532396   -0.54487   -1.30582   -0.31468    0   1536.7   1555.1     start
    2      0.000D+00      0.272D-02      -227.87666784    404.746616   -0.26218   -0.49129   -0.11827    1   1480.4   3035.5     diag
    3      0.157D-02      0.193D-02      -227.91530187    405.783903   -0.45822   -0.81627   -0.19814    2   1435.8   4471.3     diag
    4      0.663D-03      0.290D-03      -227.91702869    405.905541   -0.42418   -0.73832   -0.17906    3   1377.7   5849.0     diag
    5      0.159D-03      0.122D-03      -227.91733535    405.822711   -0.43924   -0.75053   -0.18219    4   1320.7   7169.7     diag
    6      0.688D-04      0.346D-04      -227.91737159    405.840974   -0.43973   -0.74151   -0.18004    5   1248.8   8418.5     diag
    7      0.232D-04      0.136D-04      -227.91737839    405.840451   -0.43907   -0.74043   -0.17977    6   1193.8   9612.3     diag
    8      0.104D-04      0.535D-05      -227.91737958    405.840634   -0.43882   -0.73967   -0.17959    7   1125.3  10737.6     diag
    9      0.416D-05      0.187D-05      -227.91737975    405.840763   -0.43849   -0.73932   -0.17950    8   1067.4  11805.1     diag
   10      0.195D-05      0.427D-06      -227.91737976    405.840938   -0.43834   -0.73922   -0.17948    9    946.8  12751.8     orth
   11      0.465D-06      0.107D-06      -227.91737976    405.840811   -0.43833   -0.73922   -0.17948    0    808.1  13559.9     orth

 Final occupancy:  16

 !RHF STATE  1.1 Energy              -227.917379763545
 Nuclear energy                       121.35354254
 One-electron energy                 -552.19132789
 Two-electron energy                  202.92040560
 Virial quotient                       -1.00140500
 !RHF STATE  1.1 Dipole moment         -0.43832885    -0.73921811    -0.17947830
 Dipole moment /Debye                  -1.11404785    -1.87878196    -0.45615846

 Orbital energies:

         1.1          2.1          3.1          4.1          5.1          6.1          7.1          8.1          9.1         10.1
    -20.622251   -20.542523   -11.388153   -11.242599    -1.470943    -1.353786    -1.028540    -0.833574    -0.705193    -0.682481

        11.1         12.1         13.1         14.1         15.1         16.1         17.1         18.1
     -0.656395    -0.580304    -0.572801    -0.565241    -0.477952    -0.452521     0.018758     0.026368


 HOMO     16.1    -0.452521 =     -12.3137eV
 LUMO     17.1     0.018758 =       0.5104eV
 LUMO-HOMO         0.471279 =      12.8241eV


 **********************************************************************************************************************************
 DATASETS  * FILE   NREC   LENGTH (MB)   RECORD NAMES
              1      18       67.16       500      610      700      900      950      970     1000      129      960     1100   
                                          VAR    BASINP    GEOM    SYMINP    ZMAT    AOBASIS   BASIS     P2S    ABASIS      S 
                                         1400     1410     1200     1210     1080     1600     1650     1700   
                                           T        V       H0       H01     AOSYM     SMH    MOLCAS    OPER   

              2       5       66.71       700     1000      520     2101     2201   
                                         GEOM     BASIS   MCVARS     RHF      RHF  

 PROGRAMS   *        TOTAL   RHF-SCF       INT   RHF-SCF       INT
 CPU TIMES  *     28671.25  13561.29      1.77  15105.87      2.11
 REAL TIME  *     28837.10 SEC
 DISK USED  *       207.30 MB (local),      829.22 MB (total)
 SF USED    *        12.20 MB
 GA USED    *         0.00 MB       (max)       0.00 MB       (current)
 **********************************************************************************************************************************
 SETTING EA_HF          =      -227.91737976  AU                              

 Dummy atoms: C1  O1  O2  H1  C2  H2  H3  H4


 Recomputing one-electron integrals since nuclear charges changed


 PROGRAM * SEWARD (Integral evaluation for generally contracted gaussian basis sets)     Author: Roland Lindh, 1990

 Geometry written to block  1 of record 700


 Point group  C1  



 ATOMIC COORDINATES

 NR  ATOM    CHARGE       X              Y              Z

   1  C1      0.00   -2.006339619    2.451240426    0.551913418
   2  O1      0.00   -0.676826418    4.290544956    1.004980292
   3  O2      0.00   -1.113622249    0.179368567    0.007159819
   4  H1      0.00    0.764272631    0.241360774    0.034793331
   5  C2      0.00   -4.834727848    2.537051474    0.559845197
   6  H2      0.00   -5.472643036    4.436064051    0.979475928
   7  H3      0.00   -5.542357489    1.932037945   -1.271777274
   8  H4      0.00   -5.550526174    1.218704093    1.964478180
   9  C3      6.00    5.290411069    2.094694233    0.512610782
  10  O3      8.00    3.960765063    0.255396418    0.059477886
  11  O4      8.00    4.397654683    4.366967799    1.056433277
  12  H5      1.00    2.519666517    4.304799147    1.029220268
  13  C4      6.00    8.118787683    2.007950615    0.508898614
  14  H6      1.00    8.756720604    0.115731577    0.060040480
  15  H7      1.00    8.839715450    3.350323121   -0.869597820
  16  H8      1.00    8.820851761    2.579960351    2.353375928

 Bond lengths in Bohr (Angstrom)

 1-2  2.314285224  1-3  2.501020298  1-5  2.829700765  3-4  1.879121025  5-6  2.046771728
     ( 1.224667000)     ( 1.323482946)     ( 1.497413158)     ( 0.994388023)     ( 1.083104954)

  5- 7  2.054658599   5- 8  2.055091452   9-10  2.314369110   9-11  2.501196519   9-13  2.829708908
       ( 1.087278507)       ( 1.087507563)       ( 1.224711391)       ( 1.323576198)       ( 1.497417468)

 11-12  1.879213943  13-14  2.046686328  13-15  2.054739207  13-16  2.054795774
       ( 0.994437193)       ( 1.083059762)       ( 1.087321163)       ( 1.087351097)

 Bond angles

  1-3-4  108.87701878   1-5-6  109.89119120   1-5-7  109.43969357   1-5-8  109.30552992

  2-1-3  124.02321982   2-1-5  123.33715270   3-1-5  112.63957654   6-5-7  110.40341342

  6- 5- 8  110.27380138   7- 5- 8  107.48414510   9-11-12  108.87447824   9-13-14  109.88739098

  9-13-15  109.36282320   9-13-16  109.37800168  10- 9-11  124.02108976  10- 9-13  123.34151116

 11- 9-13  112.63739793  14-13-15  110.33493204  14-13-16  110.34882885  15-13-16  107.48601334

 NUCLEAR CHARGE:                   32
 NUMBER OF PRIMITIVE AOS:        1400
 NUMBER OF SYMMETRY AOS:         1128
 NUMBER OF CONTRACTIONS:         1008   ( 1008A   )
 NUMBER OF CORE ORBITALS:           4   (    4A   )
 NUMBER OF VALENCE ORBITALS:       20   (   20A   )

 MOLECULE CHANGED: INITIALIZING OCCUPATION AND DUMP RECORDS


 NUCLEAR REPULSION ENERGY  121.35037583


 Eigenvalues of metric

         1 0.195E-05 0.249E-05 0.297E-05 0.397E-05 0.460E-05 0.534E-05 0.704E-05 0.948E-05


 OPERATOR DM      FOR CENTER  0  COORDINATES:    0.000000    0.000000    0.000000


 **********************************************************************************************************************************
 DATASETS  * FILE   NREC   LENGTH (MB)   RECORD NAMES
              1      18       67.16       500      610      700      900      950      970     1000      129      960     1100   
                                          VAR    BASINP    GEOM    SYMINP    ZMAT    AOBASIS   BASIS     P2S    ABASIS      S 
                                         1400     1410     1200     1210     1080     1600     1650     1700   
                                           T        V       H0       H01     AOSYM     SMH    MOLCAS    OPER   

              2       5       66.71       700     1000      520     2101     2201   
                                         GEOM     BASIS   MCVARS     RHF      RHF  

 PROGRAMS   *        TOTAL       INT   RHF-SCF       INT   RHF-SCF       INT
 CPU TIMES  *     28673.04      1.79  13561.29      1.77  15105.87      2.11
 REAL TIME  *     28839.04 SEC
 DISK USED  *       207.30 MB (local),      829.22 MB (total)
 SF USED    *        12.20 MB
 GA USED    *         0.00 MB       (max)       0.00 MB       (current)
 **********************************************************************************************************************************


 PROGRAM * RHF-SCF (CLOSED SHELL)       Authors: W. Meyer, H.-J. Werner


 NUMBER OF ELECTRONS:      16+   16-    SPACE SYMMETRY=1    SPIN SYMMETRY: Singlet 
 CONVERGENCE THRESHOLDS:    1.00E-04 (Density)    1.00E-09 (Energy)
 INTEGRAL THRESHOLDS:       1.00E-12 (Initial)    1.00E-12 (Final)
 MAX. NUMBER OF ITERATIONS:       60
 INTERPOLATION TYPE:            DIIS
 INTERPOLATION STEPS:              2 (START)      1 (STEP)
 LEVEL SHIFTS:                  0.00 (CLOSED)  0.00 (OPEN) 



 Orbital guess generated from atomic densities. Full valence occupancy:   24

 Molecular orbital dump at record        2301.2

 Initial occupancy:  16

 Direct Fock-matrix evaluation.        Authors: Roland Lindh & Martin Schuetz (1993/96)

 Integral Threshold:                  0.1D-11
 Threshold for writing integrals:     0.1D-06
 Prescreening on density matrix:        ON 
 Calculation will be performed fully direct        

 ITERATION   DDIFF            GRAD            ENERGY        2-EL.EN.            DIPOLE MOMENTS         DIIS   CPU(IT)  CPU(TOT)
    1      0.000D+00      0.000D+00      -227.81200570    407.525957    0.54499    1.30481    0.31833    0   1525.7   1544.0     start
    2      0.000D+00      0.272D-02      -227.87664931    404.740636    0.26227    0.49076    0.11997    1   1469.5   3013.5     diag
    3      0.157D-02      0.193D-02      -227.91529243    405.777856    0.45837    0.81576    0.19981    2   1418.2   4431.7     diag
    4      0.663D-03      0.290D-03      -227.91701951    405.899463    0.42432    0.73780    0.18074    3   1362.7   5794.4     diag
    5      0.159D-03      0.122D-03      -227.91732626    405.816649    0.43939    0.75004    0.18380    4   1319.9   7114.3     diag
    6      0.688D-04      0.346D-04      -227.91736251    405.834916    0.43988    0.74101    0.18163    5   1250.7   8365.0     diag
    7      0.232D-04      0.136D-04      -227.91736931    405.834389    0.43922    0.73993    0.18136    6   1198.1   9563.1     diag
    8      0.104D-04      0.535D-05      -227.91737050    405.834574    0.43897    0.73917    0.18118    7   1129.6  10692.7     diag
    9      0.416D-05      0.187D-05      -227.91737068    405.834702    0.43864    0.73883    0.18109    8   1057.2  11749.8     diag
   10      0.195D-05      0.427D-06      -227.91737068    405.834877    0.43849    0.73872    0.18107    9    911.5  12661.3     orth
   11      0.465D-06      0.107D-06      -227.91737068    405.834750    0.43848    0.73872    0.18107    0    773.0  13434.3     orth

 Final occupancy:  16

 !RHF STATE  1.1 Energy              -227.917370684866
 Nuclear energy                       121.35037583
 One-electron energy                 -552.18512174
 Two-electron energy                  202.91737522
 Virial quotient                       -1.00140626
 !RHF STATE  1.1 Dipole moment          0.43847932     0.73872269     0.18106541
 Dipole moment /Debye                   1.11443027     1.87752282     0.46019223

 Orbital energies:

         1.1          2.1          3.1          4.1          5.1          6.1          7.1          8.1          9.1         10.1
    -20.622246   -20.542540   -11.388172   -11.242593    -1.470890    -1.353763    -1.028558    -0.833540    -0.705180    -0.682467

        11.1         12.1         13.1         14.1         15.1         16.1         17.1         18.1
     -0.656379    -0.580316    -0.572810    -0.565254    -0.477951    -0.452527     0.018759     0.026367


 HOMO     16.1    -0.452527 =     -12.3139eV
 LUMO     17.1     0.018759 =       0.5105eV
 LUMO-HOMO         0.471286 =      12.8243eV


 **********************************************************************************************************************************
 DATASETS  * FILE   NREC   LENGTH (MB)   RECORD NAMES
              1      18       67.16       500      610      700      900      950      970     1000      129      960     1100   
                                          VAR    BASINP    GEOM    SYMINP    ZMAT    AOBASIS   BASIS     P2S    ABASIS      S 
                                         1400     1410     1200     1210     1080     1600     1650     1700   
                                           T        V       H0       H01     AOSYM     SMH    MOLCAS    OPER   

              2       6      109.89       700     1000      520     2101     2201     2301   
                                         GEOM     BASIS   MCVARS     RHF      RHF      RHF  

 PROGRAMS   *        TOTAL   RHF-SCF       INT   RHF-SCF       INT   RHF-SCF       INT
 CPU TIMES  *     42108.68  13435.64      1.79  13561.29      1.77  15105.87      2.11
 REAL TIME  *     42346.12 SEC
 DISK USED  *       250.49 MB (local),        1.00 GB (total)
 SF USED    *        12.20 MB
 GA USED    *         0.00 MB       (max)       0.00 MB       (current)
 **********************************************************************************************************************************
 SETTING EB_HF          =      -227.91737068  AU                              
 SETTING E_AB_INT       =        -0.02495269  AU                              

 *** results in hartree
 E_AB_INT         =        -0.02495269 AU
 Molecular orbitals read from record     2301.2  Type=RHF/CANONICAL (state 1.1)
 Occupation numbers read from record     2301.2  Type=RHF/RHF (state 1.1)
 Orbital energies read from record       2301.2  Type=RHF/CANONICAL (state 1.1)
 Redundancy group numbers read from rec  2301.2  Type=RHF/RHF (state 1.1)

 RHF/aug-cc-pVQZ energy=   -227.917370684866

         RHF-SCF         RHF-SCF         RHF-SCF
   -227.91737068   -227.91737976   -455.85970313
 **********************************************************************************************************************************
 Molpro calculation terminated
Wed 20 Nov 2019 09:54:07 PM CET
