
 Primary working directories    : /scratch/sirous/45055/molpro.Vekh6yaauO
 Secondary working directories  : /scratch/sirous/45055/molpro.Vekh6yaauO
 Wavefunction directory         : /scratch/sirous/45055/
 Main file repository           : /scratch/sirous/45055/molpro.Vekh6yaauO/

 id        : karlovklimes

 Nodes                      nprocs
 nc-11.cc.karlov.mff.cuni.cz    4

 Using customized tuning parameters: mindgm=1; mindgv=20; mindgc=4; mindgr=1; noblas=0; minvec=7
 default implementation of scratch files=sf  


 Variables initialized (934), CPU time= 0.00 sec
 ***,CH3C6H4CN+CF3CN+BF3
 memory,500,m
 gdirect
 gthresh,energy=1.d-8,twoint=1.d-15,oneint=1.d-15,zero=1.d-15,orbital=1.d-8,grid=1.d-8
 symmetry,nosym
 geomtyp=xyz
                                                                                 ! Geometry
 geometry={
 N1        -0.63864138    0.470916372     0.044568477
 H1        0.189954359    -0.113937162     -0.005773605
 H2        -1.300468945    0.081256802     -0.61366848
 C1        -1.19865882    0.391398577     1.391946599
 H3        -2.092737771    1.009244715     1.453167495
 H4        -1.462745512    -0.615843668     1.72945219
 H5        -0.480275539    0.798674912     2.101087305
 N2        2.8787412781430928    -0.5297234359483632     0.24110269435940107
 H6        3.175009948143093    -0.2551857009483632     -0.6868825486405988
 H7        3.502290945143093    -1.2774137519483633     0.5162975573594011
 C2        3.038971254143093    0.6054871570516368     1.154777998359401
 H8        2.768780950143093    0.2907913770516368     2.160431107359401
 H9        4.0463815651430926    1.027263716051637     1.191749732359401
 H10        2.346430871143093    1.3912626390516367     0.8621207523594011
 }
 
 
 
 basis=avqz
 
 
 
                                                                                 ! Dimer Calculation
 {rhf,accu=1.d-8;orbital,2101.2}
 eab_HF=energy
 
 
                                                                                 !monomer A
 dummy,8,9,10,11,12,13,14;                                                       ! NOW MONOMER B IS DUMMY
 {rhf,accu=1.d-8;orbital,2201.2}
 ea_HF=energy
                                                                                 !monomer B
 dummy,1,2,3,4,5,6,7;                                                            !NOW MONOMER A IS DUMMY
 {rhf,accu=1.d-8;orbital,2301.2}
 eb_HF=energy
 
 E_AB_int=eab_HF-ea_HF-eb_HF
 
 
 text,results in hartree
 show,E_AB_int
 
 Commands  initialized (763), CPU time= 0.01 sec, 617 directives.
 Default parameters read. Elapsed time= 0.21 sec

 Checking input...
 Passed
1


                                         ***  PROGRAM SYSTEM MOLPRO  ***
                                       Copyright, TTI GmbH Stuttgart, 2015
                                    Version 2019.2 linked Jun  8 2019 11:26:33


 **********************************************************************************************************************************
 LABEL *   CH3C6H4CN+CF3CN+BF3                                                           
  64 bit mpp version                                                                     DATE: 16-Oct-19          TIME: 15:03:58  
 **********************************************************************************************************************************

 SHA1:             8135a10abc80eafa5b3ae28ffc55be4890dc4c84
 **********************************************************************************************************************************

 THRESHOLDS:

 ZERO    =  1.00D-15  ONEINT  =  1.00D-15  TWOINT  =  1.00D-15  PREFAC  =  1.00D-14  XXXXXX  =  1.00D-09  EORDER  =  1.00D-04
 ENERGY  =  1.00D-08  ETEST   =  0.00D+00  EDENS   =  0.00D+00  THRDEDEF=  1.00D-06  GRADIENT=  1.00D-02  STEP    =  1.00D-03
 ORBITAL =  1.00D-08  CIVEC   =  1.00D-05  COEFF   =  1.00D-04  PRINTCI =  5.00D-02  PUNCHCI =  9.90D+01  OPTGRAD =  3.00D-04
 OPTENERG=  1.00D-06  OPTSTEP =  3.00D-04  THRGRAD =  1.00D-10  COMPRESS=  1.00D-11  VARMIN  =  1.00D-07  VARMAX  =  1.00D-03
 THRDOUB =  0.00D+00  THRDIV  =  1.00D-05  THRRED  =  1.00D-07  THRPSP  =  1.00D+00  THRDC   =  1.00D-10  THRCS   =  1.00D-10
 THRNRM  =  1.00D-08  THREQ   =  0.00D+00  THRDE   =  1.00D+00  THRREF  =  1.00D-05  SPARFAC =  1.00D+00  THRDLP  =  1.00D-07
 THRDIA  =  1.00D-10  THRDLS  =  1.00D-07  THRGPS  =  0.00D+00  THRKEX  =  0.00D+00  THRDIS  =  2.00D-01  THRVAR  =  1.00D-10
 THRLOC  =  1.00D-06  THRGAP  =  1.00D-06  THRLOCT = -1.00D+00  THRGAPT = -1.00D+00  THRORB  =  1.00D-06  THRMLTP =  0.00D+00
 THRCPQCI=  1.00D-10  KEXTA   =  0.00D+00  THRCOARS=  0.00D+00  SYMTOL  =  1.00D-06  GRADTOL =  1.00D-06  THROVL  =  1.00D-08
 THRORTH =  1.00D-08  GRID    =  1.00D-08  GRIDMAX =  1.00D-03  DTMAX   =  0.00D+00  THROCCDE=  1.00D-01  THROCCDE=  1.00D-01
 THRPRINT=  2.50D-01


 Variable memory set to  500000000 words,  buffer space 

 SETTING GEOMTYP        =    XYZ
 ZSYMEL=NOSYM

 SETTING BASIS          =    AVQZ


 Recomputing integrals since basis changed


 Using spherical harmonics

 Library entry N      S aug-cc-pVQZ          selected for orbital group  1
 Library entry N      P aug-cc-pVQZ          selected for orbital group  1
 Library entry N      D aug-cc-pVQZ          selected for orbital group  1
 Library entry N      F aug-cc-pVQZ          selected for orbital group  1
 Library entry N      G aug-cc-pVQZ          selected for orbital group  1
 Library entry H      S aug-cc-pVQZ          selected for orbital group  2
 Library entry H      P aug-cc-pVQZ          selected for orbital group  2
 Library entry H      D aug-cc-pVQZ          selected for orbital group  2
 Library entry H      F aug-cc-pVQZ          selected for orbital group  2
 Library entry C      S aug-cc-pVQZ          selected for orbital group  3
 Library entry C      P aug-cc-pVQZ          selected for orbital group  3
 Library entry C      D aug-cc-pVQZ          selected for orbital group  3
 Library entry C      F aug-cc-pVQZ          selected for orbital group  3
 Library entry C      G aug-cc-pVQZ          selected for orbital group  3


 PROGRAM * SEWARD (Integral evaluation for generally contracted gaussian basis sets)     Author: Roland Lindh, 1990

 Geometry written to block  1 of record 700


 Point group  C1  



 ATOMIC COORDINATES

 NR  ATOM    CHARGE       X              Y              Z

   1  N1      7.00   -1.206857300    0.889902971    0.084222215
   2  H1      1.00    0.358961715   -0.215310032   -0.010910532
   3  H2      1.00   -2.457530140    0.153553102   -1.159665358
   4  C1      6.00   -2.265136887    0.739636116    2.630397852
   5  H3      1.00   -3.954701238    1.907196104    2.746088579
   6  H4      1.00   -2.764188408   -1.163775868    3.268190985
   7  H5      1.00   -0.907589233    1.509276846    3.970479570
   8  N2      7.00    5.440032599   -1.001032216    0.455618060
   9  H6      1.00    5.999899245   -0.482231086   -1.298019897
  10  H7      1.00    6.618370695   -2.413962139    0.975660982
  11  C2      6.00    5.742823371    1.144204899    2.182214152
  12  H8      1.00    5.232237695    0.549516062    4.082623104
  13  H9      1.00    7.646552954    1.941247081    2.252080603
  14  H10     1.00    4.434111717    2.629105355    1.629172108

 Bond lengths in Bohr (Angstrom)

 1-2  1.918941168  1-3  1.911452322  1-4  2.761439151  4-5  2.056990123  4-6  2.068528386
     ( 1.015459935)     ( 1.011497008)     ( 1.461290668)     ( 1.088512296)     ( 1.094618082)

  4- 7  2.056964146   8- 9  1.912551008   8-10  1.911882914   8-11  2.770353514  11-12  2.055701032
       ( 1.088498550)       ( 1.012078408)       ( 1.011724868)       ( 1.466007946)       ( 1.087830138)

 11-13  2.065028786  11-14  2.055118259
       ( 1.092766173)       ( 1.087521749)

 Bond angles

  1-4-5  109.61825688   1-4-6  115.26640673   1-4-7  109.11184884   2-1-3  106.24620114

  2-1-4  109.09178005   3-1-4  109.16631862   5-4-6  107.86599269   5-4-7  107.04188174

  6- 4- 7  107.61673376   8-11-12  108.96566474   8-11-13  114.88035325   8-11-14  108.79498984

  9- 8-10  105.63187803   9- 8-11  109.23286158  10- 8-11  109.59570301  12-11-13  108.02032199

 12-11-14  107.43539387  13-11-14  108.49916731

 NUCLEAR CHARGE:                   36
 NUMBER OF PRIMITIVE AOS:        1042
 NUMBER OF SYMMETRY AOS:          852
 NUMBER OF CONTRACTIONS:          780   (  780A   )
 NUMBER OF CORE ORBITALS:           4   (    4A   )
 NUMBER OF VALENCE ORBITALS:       26   (   26A   )


 NUCLEAR REPULSION ENERGY  126.23240019


 Eigenvalues of metric

         1 0.471E-05 0.736E-05 0.853E-05 0.106E-04 0.126E-04 0.142E-04 0.152E-04 0.177E-04


 OPERATOR DM      FOR CENTER  0  COORDINATES:    0.000000    0.000000    0.000000


 **********************************************************************************************************************************
 DATASETS  * FILE   NREC   LENGTH (MB)   RECORD NAMES
              1      18       52.35       500      610      700      900      950      970     1000      129      960     1100   
                                          VAR    BASINP    GEOM    SYMINP    ZMAT    AOBASIS   BASIS     P2S    ABASIS      S 
                                         1400     1410     1200     1210     1080     1600     1650     1700   
                                           T        V       H0       H01     AOSYM     SMH    MOLCAS    OPER   

 PROGRAMS   *        TOTAL       INT
 CPU TIMES  *         1.42      1.24
 REAL TIME  *         3.17 SEC
 DISK USED  *        53.09 MB (local),      212.35 MB (total)
 GA USED    *         0.00 MB       (max)       0.00 MB       (current)
 **********************************************************************************************************************************


 PROGRAM * RHF-SCF (CLOSED SHELL)       Authors: W. Meyer, H.-J. Werner


 NUMBER OF ELECTRONS:      18+   18-    SPACE SYMMETRY=1    SPIN SYMMETRY: Singlet 
 CONVERGENCE THRESHOLDS:    1.00E-04 (Density)    1.00E-09 (Energy)
 INTEGRAL THRESHOLDS:       1.00E-12 (Initial)    1.00E-12 (Final)
 MAX. NUMBER OF ITERATIONS:       60
 INTERPOLATION TYPE:            DIIS
 INTERPOLATION STEPS:              2 (START)      1 (STEP)
 LEVEL SHIFTS:                  0.00 (CLOSED)  0.00 (OPEN) 



 Orbital guess generated from atomic densities. Full valence occupancy:   30

 Molecular orbital dump at record        2101.2

 Initial occupancy:  18

 Direct Fock-matrix evaluation.        Authors: Roland Lindh & Martin Schuetz (1993/96)

 Integral Threshold:                  0.1D-11
 Threshold for writing integrals:     0.1D-06
 Prescreening on density matrix:        ON 
 Calculation will be performed fully direct        

 ITERATION   DDIFF            GRAD            ENERGY        2-EL.EN.            DIPOLE MOMENTS         DIIS   CPU(IT)  CPU(TOT)
    1      0.000D+00      0.000D+00      -190.46581701    383.955653    0.68964   -0.64109   -0.02596    0    570.5    582.9     start
    2      0.000D+00      0.189D-02      -190.51679509    379.484866    0.48918   -0.34038    0.03845    1    551.0   1133.9     diag
    3      0.140D-02      0.786D-03      -190.52419862    381.604003    0.53012   -0.39745    0.07777    2    531.7   1665.6     diag
    4      0.426D-03      0.237D-03      -190.52523931    381.165282    0.52702   -0.39294    0.07615    3    521.0   2186.6     diag
    5      0.152D-03      0.453D-04      -190.52529145    381.177666    0.52529   -0.38812    0.08394    4    491.4   2677.9     diag
    6      0.330D-04      0.111D-04      -190.52529490    381.184486    0.52563   -0.38886    0.08397    5    465.7   3143.7     diag
    7      0.107D-04      0.312D-05      -190.52529517    381.180801    0.52576   -0.38882    0.08452    6    431.9   3575.5     diag
    8      0.311D-05      0.840D-06      -190.52529520    381.181413    0.52577   -0.38878    0.08466    7    404.3   3979.9     diag
    9      0.105D-05      0.224D-06      -190.52529520    381.181346    0.52578   -0.38878    0.08468    8    367.5   4347.4     diag
   10      0.283D-06      0.574D-07      -190.52529520    381.181335    0.52578   -0.38878    0.08468    0    308.3   4655.7     orth

 Final occupancy:  18

 !RHF STATE  1.1 Energy              -190.525295199478
 Nuclear energy                       126.23240019
 One-electron energy                 -507.34836312
 Two-electron energy                  190.59066774
 Virial quotient                       -1.00103502
 !RHF STATE  1.1 Dipole moment          0.52578135    -0.38878481     0.08468245
 Dipole moment /Debye                   1.33631535    -0.98812769     0.21522723

 Orbital energies:

         1.1          2.1          3.1          4.1          5.1          6.1          7.1          8.1          9.1         10.1
    -15.543237   -15.524878   -11.240376   -11.230222    -1.174644    -1.158557    -0.898444    -0.885419    -0.666160    -0.650871

        11.1         12.1         13.1         14.1         15.1         16.1         17.1         18.1         19.1         20.1
     -0.607146    -0.593679    -0.557882    -0.544560    -0.519131    -0.506354    -0.400121    -0.381835     0.024666     0.033849


 HOMO     18.1    -0.381835 =     -10.3902eV
 LUMO     19.1     0.024666 =       0.6712eV
 LUMO-HOMO         0.406500 =      11.0614eV


 **********************************************************************************************************************************
 DATASETS  * FILE   NREC   LENGTH (MB)   RECORD NAMES
              1      18       52.35       500      610      700      900      950      970     1000      129      960     1100   
                                          VAR    BASINP    GEOM    SYMINP    ZMAT    AOBASIS   BASIS     P2S    ABASIS      S 
                                         1400     1410     1200     1210     1080     1600     1650     1700   
                                           T        V       H0       H01     AOSYM     SMH    MOLCAS    OPER   

              2       4       15.29       700     1000      520     2101   
                                         GEOM     BASIS   MCVARS     RHF  

 PROGRAMS   *        TOTAL   RHF-SCF       INT
 CPU TIMES  *      4657.78   4656.34      1.24
 REAL TIME  *      4673.22 SEC
 DISK USED  *       109.23 MB (local),      436.91 MB (total)
 SF USED    *         7.31 MB
 GA USED    *         0.00 MB       (max)       0.00 MB       (current)
 **********************************************************************************************************************************
 SETTING EAB_HF         =      -190.52529520  AU                              

 Dummy atoms: N2  H6  H7  C2  H8  H9  H10


 Recomputing one-electron integrals since nuclear charges changed


 PROGRAM * SEWARD (Integral evaluation for generally contracted gaussian basis sets)     Author: Roland Lindh, 1990

 Geometry written to block  1 of record 700


 Point group  C1  



 ATOMIC COORDINATES

 NR  ATOM    CHARGE       X              Y              Z

   1  N1      7.00   -1.206857300    0.889902971    0.084222215
   2  H1      1.00    0.358961715   -0.215310032   -0.010910532
   3  H2      1.00   -2.457530140    0.153553102   -1.159665358
   4  C1      6.00   -2.265136887    0.739636116    2.630397852
   5  H3      1.00   -3.954701238    1.907196104    2.746088579
   6  H4      1.00   -2.764188408   -1.163775868    3.268190985
   7  H5      1.00   -0.907589233    1.509276846    3.970479570
   8  N2      0.00    5.440032599   -1.001032216    0.455618060
   9  H6      0.00    5.999899245   -0.482231086   -1.298019897
  10  H7      0.00    6.618370695   -2.413962139    0.975660982
  11  C2      0.00    5.742823371    1.144204899    2.182214152
  12  H8      0.00    5.232237695    0.549516062    4.082623104
  13  H9      0.00    7.646552954    1.941247081    2.252080603
  14  H10     0.00    4.434111717    2.629105355    1.629172108

 Bond lengths in Bohr (Angstrom)

 1-2  1.918941168  1-3  1.911452322  1-4  2.761439151  4-5  2.056990123  4-6  2.068528386
     ( 1.015459935)     ( 1.011497008)     ( 1.461290668)     ( 1.088512296)     ( 1.094618082)

  4- 7  2.056964146   8- 9  1.912551008   8-10  1.911882914   8-11  2.770353514  11-12  2.055701032
       ( 1.088498550)       ( 1.012078408)       ( 1.011724868)       ( 1.466007946)       ( 1.087830138)

 11-13  2.065028786  11-14  2.055118259
       ( 1.092766173)       ( 1.087521749)

 Bond angles

  1-4-5  109.61825688   1-4-6  115.26640673   1-4-7  109.11184884   2-1-3  106.24620114

  2-1-4  109.09178005   3-1-4  109.16631862   5-4-6  107.86599269   5-4-7  107.04188174

  6- 4- 7  107.61673376   8-11-12  108.96566474   8-11-13  114.88035325   8-11-14  108.79498984

  9- 8-10  105.63187803   9- 8-11  109.23286158  10- 8-11  109.59570301  12-11-13  108.02032199

 12-11-14  107.43539387  13-11-14  108.49916731

 NUCLEAR CHARGE:                   18
 NUMBER OF PRIMITIVE AOS:        1042
 NUMBER OF SYMMETRY AOS:          852
 NUMBER OF CONTRACTIONS:          780   (  780A   )
 NUMBER OF CORE ORBITALS:           2   (    2A   )
 NUMBER OF VALENCE ORBITALS:       13   (   13A   )

 MOLECULE CHANGED: INITIALIZING OCCUPATION AND DUMP RECORDS


 NUCLEAR REPULSION ENERGY   42.09217566


 Eigenvalues of metric

         1 0.471E-05 0.736E-05 0.853E-05 0.106E-04 0.126E-04 0.142E-04 0.152E-04 0.177E-04


 OPERATOR DM      FOR CENTER  0  COORDINATES:    0.000000    0.000000    0.000000


 **********************************************************************************************************************************
 DATASETS  * FILE   NREC   LENGTH (MB)   RECORD NAMES
              1      18       52.35       500      610      700      900      950      970     1000      129      960     1100   
                                          VAR    BASINP    GEOM    SYMINP    ZMAT    AOBASIS   BASIS     P2S    ABASIS      S 
                                         1400     1410     1200     1210     1080     1600     1650     1700   
                                           T        V       H0       H01     AOSYM     SMH    MOLCAS    OPER   

              2       4       15.29       700     1000      520     2101   
                                         GEOM     BASIS   MCVARS     RHF  

 PROGRAMS   *        TOTAL       INT   RHF-SCF       INT
 CPU TIMES  *      4658.67      0.89   4656.34      1.24
 REAL TIME  *      4674.27 SEC
 DISK USED  *       109.23 MB (local),      436.91 MB (total)
 SF USED    *         7.31 MB
 GA USED    *         0.00 MB       (max)       0.00 MB       (current)
 **********************************************************************************************************************************


 PROGRAM * RHF-SCF (CLOSED SHELL)       Authors: W. Meyer, H.-J. Werner


 NUMBER OF ELECTRONS:       9+    9-    SPACE SYMMETRY=1    SPIN SYMMETRY: Singlet 
 CONVERGENCE THRESHOLDS:    1.00E-04 (Density)    1.00E-09 (Energy)
 INTEGRAL THRESHOLDS:       1.00E-12 (Initial)    1.00E-12 (Final)
 MAX. NUMBER OF ITERATIONS:       60
 INTERPOLATION TYPE:            DIIS
 INTERPOLATION STEPS:              2 (START)      1 (STEP)
 LEVEL SHIFTS:                  0.00 (CLOSED)  0.00 (OPEN) 



 Orbital guess generated from atomic densities. Full valence occupancy:   15

 Molecular orbital dump at record        2201.2

 Initial occupancy:   9

 Direct Fock-matrix evaluation.        Authors: Roland Lindh & Martin Schuetz (1993/96)

 Integral Threshold:                  0.1D-11
 Threshold for writing integrals:     0.1D-06
 Prescreening on density matrix:        ON 
 Calculation will be performed fully direct        

 ITERATION   DDIFF            GRAD            ENERGY        2-EL.EN.            DIPOLE MOMENTS         DIIS   CPU(IT)  CPU(TOT)
    1      0.000D+00      0.000D+00       -95.23096060    149.732754   -0.11989   -0.77728    0.05800    0    546.0    554.5     start
    2      0.000D+00      0.190D-02       -95.25689665    147.563828   -0.08805   -0.45510    0.07287    1    523.0   1077.5     diag
    3      0.995D-03      0.802D-03       -95.26075575    148.599525   -0.11422   -0.54899    0.10845    2    507.6   1585.1     diag
    4      0.307D-03      0.236D-03       -95.26128304    148.386122   -0.11400   -0.54403    0.10866    3    494.8   2080.0     diag
    5      0.107D-03      0.467D-04       -95.26131075    148.393136   -0.11606   -0.54316    0.11372    4    461.6   2541.6     diag
    6      0.235D-04      0.111D-04       -95.26131251    148.396258   -0.11635   -0.54408    0.11413    5    436.4   2978.0     diag
    7      0.748D-05      0.314D-05       -95.26131264    148.394285   -0.11654   -0.54434    0.11451    6    395.9   3373.9     diag
    8      0.212D-05      0.839D-06       -95.26131266    148.394602   -0.11660   -0.54437    0.11462    7    369.2   3743.1     diag
    9      0.757D-06      0.216D-06       -95.26131266    148.394564   -0.11661   -0.54439    0.11464    8    319.0   4062.1     diag
   10      0.206D-06      0.472D-07       -95.26131266    148.394563   -0.11661   -0.54438    0.11464    0    255.9   4318.0     orth

 Final occupancy:   9

 !RHF STATE  1.1 Energy               -95.261312656301
 Nuclear energy                        42.09217566
 One-electron energy                 -211.55076970
 Two-electron energy                   74.19728137
 Virial quotient                       -1.00105242
 !RHF STATE  1.1 Dipole moment         -0.11660805    -0.54438492     0.11464462
 Dipole moment /Debye                  -0.29636870    -1.38359784     0.29137848

 Orbital energies:

         1.1          2.1          3.1          4.1          5.1          6.1          7.1          8.1          9.1         10.1
    -15.538937   -11.239281    -1.171236    -0.895480    -0.662894    -0.604248    -0.555675    -0.516359    -0.393993     0.019715

        11.1
      0.031381


 HOMO      9.1    -0.393993 =     -10.7211eV
 LUMO     10.1     0.019715 =       0.5365eV
 LUMO-HOMO         0.413708 =      11.2576eV


 **********************************************************************************************************************************
 DATASETS  * FILE   NREC   LENGTH (MB)   RECORD NAMES
              1      18       52.35       500      610      700      900      950      970     1000      129      960     1100   
                                          VAR    BASINP    GEOM    SYMINP    ZMAT    AOBASIS   BASIS     P2S    ABASIS      S 
                                         1400     1410     1200     1210     1080     1600     1650     1700   
                                           T        V       H0       H01     AOSYM     SMH    MOLCAS    OPER   

              2       5       42.16       700     1000      520     2101     2201   
                                         GEOM     BASIS   MCVARS     RHF      RHF  

 PROGRAMS   *        TOTAL   RHF-SCF       INT   RHF-SCF       INT
 CPU TIMES  *      8977.39   4318.72      0.89   4656.34      1.24
 REAL TIME  *      9004.75 SEC
 DISK USED  *       136.10 MB (local),      544.39 MB (total)
 SF USED    *         7.31 MB
 GA USED    *         0.00 MB       (max)       0.00 MB       (current)
 **********************************************************************************************************************************
 SETTING EA_HF          =       -95.26131266  AU                              

 Dummy atoms: N1  H1  H2  C1  H3  H4  H5


 Recomputing one-electron integrals since nuclear charges changed


 PROGRAM * SEWARD (Integral evaluation for generally contracted gaussian basis sets)     Author: Roland Lindh, 1990

 Geometry written to block  1 of record 700


 Point group  C1  



 ATOMIC COORDINATES

 NR  ATOM    CHARGE       X              Y              Z

   1  N1      0.00   -1.206857300    0.889902971    0.084222215
   2  H1      0.00    0.358961715   -0.215310032   -0.010910532
   3  H2      0.00   -2.457530140    0.153553102   -1.159665358
   4  C1      0.00   -2.265136887    0.739636116    2.630397852
   5  H3      0.00   -3.954701238    1.907196104    2.746088579
   6  H4      0.00   -2.764188408   -1.163775868    3.268190985
   7  H5      0.00   -0.907589233    1.509276846    3.970479570
   8  N2      7.00    5.440032599   -1.001032216    0.455618060
   9  H6      1.00    5.999899245   -0.482231086   -1.298019897
  10  H7      1.00    6.618370695   -2.413962139    0.975660982
  11  C2      6.00    5.742823371    1.144204899    2.182214152
  12  H8      1.00    5.232237695    0.549516062    4.082623104
  13  H9      1.00    7.646552954    1.941247081    2.252080603
  14  H10     1.00    4.434111717    2.629105355    1.629172108

 Bond lengths in Bohr (Angstrom)

 1-2  1.918941168  1-3  1.911452322  1-4  2.761439151  4-5  2.056990123  4-6  2.068528386
     ( 1.015459935)     ( 1.011497008)     ( 1.461290668)     ( 1.088512296)     ( 1.094618082)

  4- 7  2.056964146   8- 9  1.912551008   8-10  1.911882914   8-11  2.770353514  11-12  2.055701032
       ( 1.088498550)       ( 1.012078408)       ( 1.011724868)       ( 1.466007946)       ( 1.087830138)

 11-13  2.065028786  11-14  2.055118259
       ( 1.092766173)       ( 1.087521749)

 Bond angles

  1-4-5  109.61825688   1-4-6  115.26640673   1-4-7  109.11184884   2-1-3  106.24620114

  2-1-4  109.09178005   3-1-4  109.16631862   5-4-6  107.86599269   5-4-7  107.04188174

  6- 4- 7  107.61673376   8-11-12  108.96566474   8-11-13  114.88035325   8-11-14  108.79498984

  9- 8-10  105.63187803   9- 8-11  109.23286158  10- 8-11  109.59570301  12-11-13  108.02032199

 12-11-14  107.43539387  13-11-14  108.49916731

 NUCLEAR CHARGE:                   18
 NUMBER OF PRIMITIVE AOS:        1042
 NUMBER OF SYMMETRY AOS:          852
 NUMBER OF CONTRACTIONS:          780   (  780A   )
 NUMBER OF CORE ORBITALS:           2   (    2A   )
 NUMBER OF VALENCE ORBITALS:       13   (   13A   )

 MOLECULE CHANGED: INITIALIZING OCCUPATION AND DUMP RECORDS


 NUCLEAR REPULSION ENERGY   42.05982949


 Eigenvalues of metric

         1 0.471E-05 0.736E-05 0.853E-05 0.106E-04 0.126E-04 0.142E-04 0.152E-04 0.177E-04


 OPERATOR DM      FOR CENTER  0  COORDINATES:    0.000000    0.000000    0.000000


 **********************************************************************************************************************************
 DATASETS  * FILE   NREC   LENGTH (MB)   RECORD NAMES
              1      18       52.35       500      610      700      900      950      970     1000      129      960     1100   
                                          VAR    BASINP    GEOM    SYMINP    ZMAT    AOBASIS   BASIS     P2S    ABASIS      S 
                                         1400     1410     1200     1210     1080     1600     1650     1700   
                                           T        V       H0       H01     AOSYM     SMH    MOLCAS    OPER   

              2       5       42.16       700     1000      520     2101     2201   
                                         GEOM     BASIS   MCVARS     RHF      RHF  

 PROGRAMS   *        TOTAL       INT   RHF-SCF       INT   RHF-SCF       INT
 CPU TIMES  *      8978.31      0.92   4318.72      0.89   4656.34      1.24
 REAL TIME  *      9005.82 SEC
 DISK USED  *       136.10 MB (local),      544.39 MB (total)
 SF USED    *         7.31 MB
 GA USED    *         0.00 MB       (max)       0.00 MB       (current)
 **********************************************************************************************************************************


 PROGRAM * RHF-SCF (CLOSED SHELL)       Authors: W. Meyer, H.-J. Werner


 NUMBER OF ELECTRONS:       9+    9-    SPACE SYMMETRY=1    SPIN SYMMETRY: Singlet 
 CONVERGENCE THRESHOLDS:    1.00E-04 (Density)    1.00E-09 (Energy)
 INTEGRAL THRESHOLDS:       1.00E-12 (Initial)    1.00E-12 (Final)
 MAX. NUMBER OF ITERATIONS:       60
 INTERPOLATION TYPE:            DIIS
 INTERPOLATION STEPS:              2 (START)      1 (STEP)
 LEVEL SHIFTS:                  0.00 (CLOSED)  0.00 (OPEN) 



 Orbital guess generated from atomic densities. Full valence occupancy:   15

 Molecular orbital dump at record        2301.2

 Initial occupancy:   9

 Direct Fock-matrix evaluation.        Authors: Roland Lindh & Martin Schuetz (1993/96)

 Integral Threshold:                  0.1D-11
 Threshold for writing integrals:     0.1D-06
 Prescreening on density matrix:        ON 
 Calculation will be performed fully direct        

 ITERATION   DDIFF            GRAD            ENERGY        2-EL.EN.            DIPOLE MOMENTS         DIIS   CPU(IT)  CPU(TOT)
    1      0.000D+00      0.000D+00       -95.23105714    149.668610    0.77214    0.14435   -0.08552    0    549.0    557.5     start
    2      0.000D+00      0.191D-02       -95.25698421    147.505355    0.45543    0.11939   -0.02134    1    524.2   1081.6     diag
    3      0.992D-03      0.804D-03       -95.26084927    148.538380    0.55050    0.16056   -0.01266    2    505.2   1586.8     diag
    4      0.309D-03      0.236D-03       -95.26137574    148.326414    0.54582    0.16044   -0.01160    3    492.5   2079.3     diag
    5      0.106D-03      0.467D-04       -95.26140351    148.333155    0.54533    0.16470   -0.00793    4    470.0   2549.3     diag
    6      0.239D-04      0.111D-04       -95.26140529    148.336331    0.54629    0.16518   -0.00779    5    432.7   2982.0     diag
    7      0.786D-05      0.315D-05       -95.26140542    148.334342    0.54658    0.16554   -0.00757    6    396.1   3378.1     diag
    8      0.219D-05      0.844D-06       -95.26140543    148.334658    0.54661    0.16565   -0.00750    7    369.3   3747.4     diag
    9      0.731D-06      0.218D-06       -95.26140543    148.334619    0.54663    0.16567   -0.00748    8    326.0   4073.4     diag
   10      0.209D-06      0.476D-07       -95.26140543    148.334618    0.54663    0.16567   -0.00748    0    253.6   4327.0     orth

 Final occupancy:   9

 !RHF STATE  1.1 Energy               -95.261405432363
 Nuclear energy                        42.05982949
 One-electron energy                 -211.48854413
 Two-electron energy                   74.16730921
 Virial quotient                       -1.00102522
 !RHF STATE  1.1 Dipole moment          0.54663410     0.16567141    -0.00748070
 Dipole moment /Debye                   1.38931429     0.42106714    -0.01901280

 Orbital energies:

         1.1          2.1          3.1          4.1          5.1          6.1          7.1          8.1          9.1         10.1
    -15.538268   -11.239449    -1.170147    -0.896261    -0.661776    -0.604431    -0.555081    -0.517344    -0.394205     0.022645

        11.1
      0.030520


 HOMO      9.1    -0.394205 =     -10.7269eV
 LUMO     10.1     0.022645 =       0.6162eV
 LUMO-HOMO         0.416851 =      11.3431eV


 **********************************************************************************************************************************
 DATASETS  * FILE   NREC   LENGTH (MB)   RECORD NAMES
              1      18       52.35       500      610      700      900      950      970     1000      129      960     1100   
                                          VAR    BASINP    GEOM    SYMINP    ZMAT    AOBASIS   BASIS     P2S    ABASIS      S 
                                         1400     1410     1200     1210     1080     1600     1650     1700   
                                           T        V       H0       H01     AOSYM     SMH    MOLCAS    OPER   

              2       6       69.03       700     1000      520     2101     2201     2301   
                                         GEOM     BASIS   MCVARS     RHF      RHF      RHF  

 PROGRAMS   *        TOTAL   RHF-SCF       INT   RHF-SCF       INT   RHF-SCF       INT
 CPU TIMES  *     13306.00   4327.69      0.92   4318.72      0.89   4656.34      1.24
 REAL TIME  *     13345.35 SEC
 DISK USED  *       162.97 MB (local),      651.88 MB (total)
 SF USED    *         7.31 MB
 GA USED    *         0.00 MB       (max)       0.00 MB       (current)
 **********************************************************************************************************************************
 SETTING EB_HF          =       -95.26140543  AU                              
 SETTING E_AB_INT       =        -0.00257711  AU                              

 *** results in hartree
 E_AB_INT         =        -0.00257711 AU
 Molecular orbitals read from record     2301.2  Type=RHF/CANONICAL (state 1.1)
 Occupation numbers read from record     2301.2  Type=RHF/RHF (state 1.1)
 Orbital energies read from record       2301.2  Type=RHF/CANONICAL (state 1.1)
 Redundancy group numbers read from rec  2301.2  Type=RHF/RHF (state 1.1)

 RHF/aug-cc-pVQZ energy=    -95.261405432363

         RHF-SCF         RHF-SCF         RHF-SCF
    -95.26140543    -95.26131266   -190.52529520
 **********************************************************************************************************************************
 Molpro calculation terminated
