
 Primary working directories    : /scratch/sirous/122610/molpro.FAOqx5FiK4
 Secondary working directories  : /scratch/sirous/122610/molpro.FAOqx5FiK4
 Wavefunction directory         : /scratch/sirous/122610/
 Main file repository           : /scratch/sirous/122610/molpro.FAOqx5FiK4/

 id        : karlovklimes

 Nodes                      nprocs
 nc-02.cc.karlov.mff.cuni.cz    4

 Using customized tuning parameters: mindgm=1; mindgv=20; mindgc=4; mindgr=1; noblas=0; minvec=7
 default implementation of scratch files=sf  


 Variables initialized (934), CPU time= 0.01 sec
 ***,CH3C6H4CN+CF3CN+BF3
 memory,500,m
 gdirect
 gthresh,energy=1.d-8,twoint=1.d-15,oneint=1.d-15,zero=1.d-15,orbital=1.d-8,grid=1.d-8
 symmetry,nosym
 geomtyp=xyz
                                                                                 ! Geometry
 geometry={
 N1        0.195729592    -0.844689252     0.823846417
 H1        0.450397533    -1.796752940     1.049767944
 C1        -1.179049195    -0.573684403     0.759483486
 O1        -1.993646244    -1.456265265     0.966900658
 C2        -1.476714706    0.811155669     0.437559516
 H2        -2.506355919    1.115650590     0.363894693
 C3        -0.468112800    1.682962449     0.234890836
 H3        -0.638435222    2.721642964     -0.006164102
 N2        0.845628536    1.305991135     0.326830511
 H4        1.589692556    1.968879240     0.185959794
 C4        1.254261474    0.019461869     0.636243974
 O2        2.422304381    -0.301716391     0.731879480
 C5        1.057600997    -0.863988642     4.427229255
 H5        1.511453506    -0.956044881     3.439246701
 H6        1.602103497    -1.527968909     5.096426927
 C6        1.111914468    0.601963360     4.860165237
 H7        2.070204459    1.074862294     4.649440948
 H8        0.923799182    0.683600902     5.933388369
 C7        -0.055437115    1.214777837     4.089394036
 H9        0.218867161    1.303559440     3.035922414
 H10        -0.339851539    2.205918962     4.441028050
 C8        -1.172381607    0.177205928     4.260422350
 H11        -1.897920886    0.200819782     3.449050438
 H12        -1.716467237    0.381903084     5.182670966
 C9        -0.449345262    -1.189341903     4.364079237
 H13        -0.692009808    -1.833498028     3.520719563
 H14        -0.764451489    -1.716744317     5.263165657
 }
 
 
 
 basis=avtz
 
 
 
                                                                                 ! Dimer Calculation
 {rhf,accu=1.d-8;orbital,2101.2}
 eab_HF=energy
 
 
                                                                                 !monomer A
 dummy,13,14,15,16,17,18,19,20,21,22,23,24,25,26,27;                             ! NOW MONOMER B IS DUMMY
 {rhf,accu=1.d-8;orbital,2201.2}
 ea_HF=energy
                                                                                 !monomer B
 dummy,1,2,3,4,5,6,7,8,9,10,11,12;                                               !NOW MONOMER A IS DUMMY
 {rhf,accu=1.d-8;orbital,2301.2}
 eb_HF=energy
 
 E_AB_int=eab_HF-ea_HF-eb_HF
 
 
 text,results in hartree
 show,E_AB_int
 
 Commands  initialized (763), CPU time= 0.01 sec, 617 directives.
 Default parameters read. Elapsed time= 0.20 sec

 Checking input...
 Passed
1


                                         ***  PROGRAM SYSTEM MOLPRO  ***
                                       Copyright, TTI GmbH Stuttgart, 2015
                                    Version 2019.2 linked Jun  8 2019 11:26:33


 **********************************************************************************************************************************
 LABEL *   CH3C6H4CN+CF3CN+BF3                                                           
  64 bit mpp version                                                                     DATE: 21-Nov-19          TIME: 08:40:34  
 **********************************************************************************************************************************

 SHA1:             8135a10abc80eafa5b3ae28ffc55be4890dc4c84
 **********************************************************************************************************************************

 THRESHOLDS:

 ZERO    =  1.00D-15  ONEINT  =  1.00D-15  TWOINT  =  1.00D-15  PREFAC  =  1.00D-14  XXXXXX  =  1.00D-09  EORDER  =  1.00D-04
 ENERGY  =  1.00D-08  ETEST   =  0.00D+00  EDENS   =  0.00D+00  THRDEDEF=  1.00D-06  GRADIENT=  1.00D-02  STEP    =  1.00D-03
 ORBITAL =  1.00D-08  CIVEC   =  1.00D-05  COEFF   =  1.00D-04  PRINTCI =  5.00D-02  PUNCHCI =  9.90D+01  OPTGRAD =  3.00D-04
 OPTENERG=  1.00D-06  OPTSTEP =  3.00D-04  THRGRAD =  1.00D-10  COMPRESS=  1.00D-11  VARMIN  =  1.00D-07  VARMAX  =  1.00D-03
 THRDOUB =  0.00D+00  THRDIV  =  1.00D-05  THRRED  =  1.00D-07  THRPSP  =  1.00D+00  THRDC   =  1.00D-10  THRCS   =  1.00D-10
 THRNRM  =  1.00D-08  THREQ   =  0.00D+00  THRDE   =  1.00D+00  THRREF  =  1.00D-05  SPARFAC =  1.00D+00  THRDLP  =  1.00D-07
 THRDIA  =  1.00D-10  THRDLS  =  1.00D-07  THRGPS  =  0.00D+00  THRKEX  =  0.00D+00  THRDIS  =  2.00D-01  THRVAR  =  1.00D-10
 THRLOC  =  1.00D-06  THRGAP  =  1.00D-06  THRLOCT = -1.00D+00  THRGAPT = -1.00D+00  THRORB  =  1.00D-06  THRMLTP =  0.00D+00
 THRCPQCI=  1.00D-10  KEXTA   =  0.00D+00  THRCOARS=  0.00D+00  SYMTOL  =  1.00D-06  GRADTOL =  1.00D-06  THROVL  =  1.00D-08
 THRORTH =  1.00D-08  GRID    =  1.00D-08  GRIDMAX =  1.00D-03  DTMAX   =  0.00D+00  THROCCDE=  1.00D-01  THROCCDE=  1.00D-01
 THRPRINT=  2.50D-01


 Variable memory set to  500000000 words,  buffer space 

 SETTING GEOMTYP        =    XYZ
 ZSYMEL=NOSYM

 SETTING BASIS          =    AVTZ


 Recomputing integrals since basis changed


 Using spherical harmonics

 Library entry N      S aug-cc-pVTZ          selected for orbital group  1
 Library entry N      P aug-cc-pVTZ          selected for orbital group  1
 Library entry N      D aug-cc-pVTZ          selected for orbital group  1
 Library entry N      F aug-cc-pVTZ          selected for orbital group  1
 Library entry H      S aug-cc-pVTZ          selected for orbital group  2
 Library entry H      P aug-cc-pVTZ          selected for orbital group  2
 Library entry H      D aug-cc-pVTZ          selected for orbital group  2
 Library entry C      S aug-cc-pVTZ          selected for orbital group  3
 Library entry C      P aug-cc-pVTZ          selected for orbital group  3
 Library entry C      D aug-cc-pVTZ          selected for orbital group  3
 Library entry C      F aug-cc-pVTZ          selected for orbital group  3
 Library entry O      S aug-cc-pVTZ          selected for orbital group  4
 Library entry O      P aug-cc-pVTZ          selected for orbital group  4
 Library entry O      D aug-cc-pVTZ          selected for orbital group  4
 Library entry O      F aug-cc-pVTZ          selected for orbital group  4


 PROGRAM * SEWARD (Integral evaluation for generally contracted gaussian basis sets)     Author: Roland Lindh, 1990

 Geometry written to block  1 of record 700


 Point group  C1  



 ATOMIC COORDINATES

 NR  ATOM    CHARGE       X              Y              Z

   1  N1      7.00    0.369875323   -1.596231347    1.556844097
   2  H1      1.00    0.851127985   -3.395370970    1.983773909
   3  C1      6.00   -2.228080066   -1.084106404    1.435215785
   4  O1      8.00   -3.767445390   -2.751942516    1.827177433
   5  C2      6.00   -2.790586358    1.532862059    0.826867648
   6  H2      1.00   -4.736326258    2.108274066    0.687661308
   7  C3      6.00   -0.884604987    3.180338107    0.443879349
   8  H3      1.00   -1.206467718    5.143159811   -0.011648465
   9  N2      7.00    1.598006336    2.467965566    0.617620155
  10  H4      1.00    3.004083553    3.720642536    0.351413081
  11  C4      6.00    2.370210674    0.036777602    1.202326859
  12  O2      8.00    4.577491870   -0.570161346    1.383051773
  13  C5      6.00    1.998576233   -1.632701908    8.366250783
  14  H5      1.00    2.856233176   -1.806662988    6.499234340
  15  H6      1.00    3.027536833   -2.887442765    9.630851106
  16  C6      6.00    2.101213818    1.137545887    9.184381218
  17  H7      1.00    3.912119449    2.031195357    8.786170024
  18  H8      1.00    1.745727448    1.291818483   11.212479008
  19  C7      6.00   -0.104760964    2.295597414    7.727834743
  20  H9      1.00    0.413598992    2.463370329    5.737061898
  21  H10     1.00   -0.642226332    4.168582691    8.392326726
  22  C8      6.00   -2.215480151    0.334870672    8.051031416
  23  H11     1.00   -3.586550681    0.379494388    6.517760718
  24  H12     1.00   -3.243652980    0.721692235    9.793828719
  25  C9      6.00   -0.849139481   -2.247530465    8.246914544
  26  H13     1.00   -1.307709013   -3.464809123    6.653195735
  27  H14     1.00   -1.444603950   -3.244176585    9.945941640

 Bond lengths in Bohr (Angstrom)

  1- 2  1.910700545   1- 3  2.650742841   1-11  2.606480811   3- 4  2.303249190   3- 5  2.744999948
       ( 1.011099185)       ( 1.402712703)       ( 1.379290246)       ( 1.218826983)       ( 1.452591417)

  5- 6  2.033809514   5- 7  2.548258690   7- 8  2.040531854   7- 9  2.588632745   9-10  1.901872482
       ( 1.076245646)       ( 1.348480426)       ( 1.079802956)       ( 1.369845456)       ( 1.006427575)

  9-11  2.617031980  11-12  2.296328953  13-14  2.061937993  13-15  2.057267243  13-16  2.890353738
       ( 1.384873684)       ( 1.215164951)       ( 1.091130596)       ( 1.088658942)       ( 1.529509330)

 13-25  2.915774353  16-17  2.058290731  16-18  2.064788425  16-19  2.885989555  19-20  2.063981908
       ( 1.542961340)       ( 1.089200548)       ( 1.092638980)       ( 1.527199904)       ( 1.092212190)

 19-21  2.058759934  19-22  2.898972392  22-23  2.057363534  22-24  2.060124445  22-25  2.928148333
       ( 1.089448840)       ( 1.534070125)       ( 1.088709897)       ( 1.090170908)       ( 1.549509368)

 25-26  2.057180835  25-27  2.057808178
       ( 1.088613216)       ( 1.088945192)

 Bond angles

  1- 3- 4  120.48588059   1- 3- 5  113.27831131   1-11- 9  112.70376525   1-11-12  124.15183250

  2- 1- 3  116.04195051   2- 1-11  115.27924558   3- 1-11  128.67330791   3- 5- 6  118.74700870

  3-5-7  119.76167130   4-3-5  126.23554626   5-7-8  122.51106753   5-7-9  121.95942980

  6- 5- 7  121.49109310   7- 9-10  121.22372254   7- 9-11  123.61636940   8- 7- 9  115.52913133

  9-11-12  123.14428226  10- 9-11  115.15106191  13-16-17  113.11697739  13-16-18  110.09167036

 13-16-19  102.39161310  13-25-22  105.81333605  13-25-26  111.97412674  13-25-27  110.54530909

 14-13-15  107.28311992  14-13-16  108.80745281  14-13-25  110.57231903  15-13-16  113.12931685

 15-13-25  112.64598075  16-13-25  104.38090211  16-19-20  109.11361859  16-19-21  113.68513422

 16-19-22  103.23055891  17-16-18  108.00277537  17-16-19  113.61843577  18-16-19  109.52068826

 19-22-23  112.79651924  19-22-24  109.31104418  19-22-25  105.31967797  20-19-21  107.63358132

 20-19-22  110.20422308  21-19-22  112.90842467  22-25-26  111.46986870  22-25-27  110.32493535

 23-22-24  107.08519694  23-22-25  112.33066689  24-22-25  109.99184348  26-25-27  106.77116029

 NUCLEAR CHARGE:                   98
 NUMBER OF PRIMITIVE AOS:        1249
 NUMBER OF SYMMETRY AOS:         1104
 NUMBER OF CONTRACTIONS:          920   (  920A   )
 NUMBER OF CORE ORBITALS:          13   (   13A   )
 NUMBER OF VALENCE ORBITALS:       66   (   66A   )


 NUCLEAR REPULSION ENERGY  828.84120133


 Eigenvalues of metric

         1 0.960E-06 0.194E-05 0.233E-05 0.265E-05 0.295E-05 0.411E-05 0.431E-05 0.457E-05


 OPERATOR DM      FOR CENTER  0  COORDINATES:    0.000000    0.000000    0.000000


 **********************************************************************************************************************************
 DATASETS  * FILE   NREC   LENGTH (MB)   RECORD NAMES
              1      18       61.22       500      610      700      900      950      970     1000      129      960     1100   
                                          VAR    BASINP    GEOM    SYMINP    ZMAT    AOBASIS   BASIS     P2S    ABASIS      S 
                                         1400     1410     1200     1210     1080     1600     1650     1700   
                                           T        V       H0       H01     AOSYM     SMH    MOLCAS    OPER   

 PROGRAMS   *        TOTAL       INT
 CPU TIMES  *         2.09      1.91
 REAL TIME  *         4.20 SEC
 DISK USED  *        62.22 MB (local),      248.87 MB (total)
 GA USED    *         0.00 MB       (max)       0.00 MB       (current)
 **********************************************************************************************************************************


 PROGRAM * RHF-SCF (CLOSED SHELL)       Authors: W. Meyer, H.-J. Werner


 NUMBER OF ELECTRONS:      49+   49-    SPACE SYMMETRY=1    SPIN SYMMETRY: Singlet 
 CONVERGENCE THRESHOLDS:    1.00E-04 (Density)    1.00E-09 (Energy)
 INTEGRAL THRESHOLDS:       1.00E-13 (Initial)    1.00E-13 (Final)
 MAX. NUMBER OF ITERATIONS:       60
 INTERPOLATION TYPE:            DIIS
 INTERPOLATION STEPS:              2 (START)      1 (STEP)
 LEVEL SHIFTS:                  0.00 (CLOSED)  0.00 (OPEN) 



 Orbital guess generated from atomic densities. Full valence occupancy:   79

 Molecular orbital dump at record        2101.2

 Initial occupancy:  49

 Direct Fock-matrix evaluation.        Authors: Roland Lindh & Martin Schuetz (1993/96)

 Integral Threshold:                  0.1D-12
 Threshold for writing integrals:     0.1D-06
 Prescreening on density matrix:        ON 
 Calculation will be performed fully direct        

 ITERATION   DDIFF            GRAD            ENERGY        2-EL.EN.            DIPOLE MOMENTS         DIIS   CPU(IT)  CPU(TOT)
    1      0.000D+00      0.000D+00      -607.56566498   2074.536752    0.70317    3.04032   -0.81042    0    963.3    988.1     start
    2      0.000D+00      0.252D-02      -607.71765611   2071.567392   -0.22452    1.23251   -0.19848    1    997.5   1985.6     diag
    3      0.412D-02      0.203D-02      -607.84351770   2071.698868    0.02063    1.95909   -0.48989    2    991.3   2976.9     diag
    4      0.150D-02      0.306D-03      -607.84966325   2072.844123    0.03981    1.88729   -0.45385    3    984.9   3961.8     diag
    5      0.516D-03      0.115D-03      -607.85053952   2072.209130    0.00384    1.87022   -0.44977    4    960.4   4922.2     diag
    6      0.196D-03      0.349D-04      -607.85070157   2072.336081    0.00339    1.86362   -0.44871    5    944.7   5867.0     diag
    7      0.772D-04      0.155D-04      -607.85073039   2072.316905    0.00070    1.85606   -0.44628    6    916.9   6783.9     diag
    8      0.312D-04      0.687D-05      -607.85073500   2072.309990   -0.00039    1.85514   -0.44591    7    897.0   7680.9     diag
    9      0.133D-04      0.236D-05      -607.85073557   2072.316069   -0.00055    1.85414   -0.44587    8    874.2   8555.1     diag
   10      0.511D-05      0.858D-06      -607.85073565   2072.315146   -0.00096    1.85361   -0.44573    9    837.4   9392.5     orth
   11      0.169D-05      0.371D-06      -607.85073566   2072.315274   -0.00101    1.85352   -0.44571    9    817.5  10210.0     diag
   12      0.884D-06      0.112D-06      -607.85073566   2072.315453   -0.00111    1.85342   -0.44570    9    778.2  10988.2     diag
   13      0.304D-06      0.478D-07      -607.85073566   2072.315358   -0.00111    1.85342   -0.44570    9    735.0  11723.2     diag
   14      0.930D-07      0.130D-07      -607.85073566   2072.315388   -0.00113    1.85341   -0.44570    0    688.9  12412.1     orth

 Final occupancy:  49

 !RHF STATE  1.1 Energy              -607.850735663131
 Nuclear energy                       828.84120133
 One-electron energy                -2472.84963120
 Two-electron energy                 1036.15769421
 Virial quotient                       -1.00137820
 !RHF STATE  1.1 Dipole moment         -0.00112566     1.85341251    -0.44569657
 Dipole moment /Debye                  -0.00286096     4.71059617    -1.13277349

 Orbital energies:

         1.1          2.1          3.1          4.1          5.1          6.1          7.1          8.1          9.1         10.1
    -20.548839   -20.543047   -15.645463   -15.628597   -11.420147   -11.382142   -11.341203   -11.256071   -11.212557   -11.209392

        11.1         12.1         13.1         14.1         15.1         16.1         17.1         18.1         19.1         20.1
    -11.208104   -11.206673   -11.205651    -1.438030    -1.400112    -1.314837    -1.247198    -1.115395    -1.089439    -0.956029

        21.1         22.1         23.1         24.1         25.1         26.1         27.1         28.1         29.1         30.1
     -0.954611    -0.934510    -0.902961    -0.808177    -0.777625    -0.767500    -0.764152    -0.715436    -0.679098    -0.675796

        31.1         32.1         33.1         34.1         35.1         36.1         37.1         38.1         39.1         40.1
     -0.654453    -0.645816    -0.642580    -0.616396    -0.602818    -0.579416    -0.570329    -0.561073    -0.525560    -0.485798

        41.1         42.1         43.1         44.1         45.1         46.1         47.1         48.1         49.1         50.1
     -0.474566    -0.472904    -0.461759    -0.461134    -0.458663    -0.451784    -0.445710    -0.437553    -0.370018     0.014172

        51.1
      0.032012


 HOMO     49.1    -0.370018 =     -10.0687eV
 LUMO     50.1     0.014172 =       0.3856eV
 LUMO-HOMO         0.384190 =      10.4543eV


 **********************************************************************************************************************************
 DATASETS  * FILE   NREC   LENGTH (MB)   RECORD NAMES
              1      18       61.22       500      610      700      900      950      970     1000      129      960     1100   
                                          VAR    BASINP    GEOM    SYMINP    ZMAT    AOBASIS   BASIS     P2S    ABASIS      S 
                                         1400     1410     1200     1210     1080     1600     1650     1700   
                                           T        V       H0       H01     AOSYM     SMH    MOLCAS    OPER   

              2       4       20.29       700     1000      520     2101   
                                         GEOM     BASIS   MCVARS     RHF  

 PROGRAMS   *        TOTAL   RHF-SCF       INT
 CPU TIMES  *     12415.21  12413.12      1.91
 REAL TIME  *     12468.73 SEC
 DISK USED  *       142.70 MB (local),      570.82 MB (total)
 SF USED    *        10.17 MB
 GA USED    *         0.00 MB       (max)       0.00 MB       (current)
 **********************************************************************************************************************************
 SETTING EAB_HF         =      -607.85073566  AU                              

 Dummy atoms: C5  H5  H6  C6  H7  H8  C7  H9  H10  C8  H11  H12  C9  H13  H14


 Recomputing one-electron integrals since nuclear charges changed


 PROGRAM * SEWARD (Integral evaluation for generally contracted gaussian basis sets)     Author: Roland Lindh, 1990

 Geometry written to block  1 of record 700


 Point group  C1  



 ATOMIC COORDINATES

 NR  ATOM    CHARGE       X              Y              Z

   1  N1      7.00    0.369875323   -1.596231347    1.556844097
   2  H1      1.00    0.851127985   -3.395370970    1.983773909
   3  C1      6.00   -2.228080066   -1.084106404    1.435215785
   4  O1      8.00   -3.767445390   -2.751942516    1.827177433
   5  C2      6.00   -2.790586358    1.532862059    0.826867648
   6  H2      1.00   -4.736326258    2.108274066    0.687661308
   7  C3      6.00   -0.884604987    3.180338107    0.443879349
   8  H3      1.00   -1.206467718    5.143159811   -0.011648465
   9  N2      7.00    1.598006336    2.467965566    0.617620155
  10  H4      1.00    3.004083553    3.720642536    0.351413081
  11  C4      6.00    2.370210674    0.036777602    1.202326859
  12  O2      8.00    4.577491870   -0.570161346    1.383051773
  13  C5      0.00    1.998576233   -1.632701908    8.366250783
  14  H5      0.00    2.856233176   -1.806662988    6.499234340
  15  H6      0.00    3.027536833   -2.887442765    9.630851106
  16  C6      0.00    2.101213818    1.137545887    9.184381218
  17  H7      0.00    3.912119449    2.031195357    8.786170024
  18  H8      0.00    1.745727448    1.291818483   11.212479008
  19  C7      0.00   -0.104760964    2.295597414    7.727834743
  20  H9      0.00    0.413598992    2.463370329    5.737061898
  21  H10     0.00   -0.642226332    4.168582691    8.392326726
  22  C8      0.00   -2.215480151    0.334870672    8.051031416
  23  H11     0.00   -3.586550681    0.379494388    6.517760718
  24  H12     0.00   -3.243652980    0.721692235    9.793828719
  25  C9      0.00   -0.849139481   -2.247530465    8.246914544
  26  H13     0.00   -1.307709013   -3.464809123    6.653195735
  27  H14     0.00   -1.444603950   -3.244176585    9.945941640

 Bond lengths in Bohr (Angstrom)

  1- 2  1.910700545   1- 3  2.650742841   1-11  2.606480811   3- 4  2.303249190   3- 5  2.744999948
       ( 1.011099185)       ( 1.402712703)       ( 1.379290246)       ( 1.218826983)       ( 1.452591417)

  5- 6  2.033809514   5- 7  2.548258690   7- 8  2.040531854   7- 9  2.588632745   9-10  1.901872482
       ( 1.076245646)       ( 1.348480426)       ( 1.079802956)       ( 1.369845456)       ( 1.006427575)

  9-11  2.617031980  11-12  2.296328953  13-14  2.061937993  13-15  2.057267243  13-16  2.890353738
       ( 1.384873684)       ( 1.215164951)       ( 1.091130596)       ( 1.088658942)       ( 1.529509330)

 13-25  2.915774353  16-17  2.058290731  16-18  2.064788425  16-19  2.885989555  19-20  2.063981908
       ( 1.542961340)       ( 1.089200548)       ( 1.092638980)       ( 1.527199904)       ( 1.092212190)

 19-21  2.058759934  19-22  2.898972392  22-23  2.057363534  22-24  2.060124445  22-25  2.928148333
       ( 1.089448840)       ( 1.534070125)       ( 1.088709897)       ( 1.090170908)       ( 1.549509368)

 25-26  2.057180835  25-27  2.057808178
       ( 1.088613216)       ( 1.088945192)

 Bond angles

  1- 3- 4  120.48588059   1- 3- 5  113.27831131   1-11- 9  112.70376525   1-11-12  124.15183250

  2- 1- 3  116.04195051   2- 1-11  115.27924558   3- 1-11  128.67330791   3- 5- 6  118.74700870

  3-5-7  119.76167130   4-3-5  126.23554626   5-7-8  122.51106753   5-7-9  121.95942980

  6- 5- 7  121.49109310   7- 9-10  121.22372254   7- 9-11  123.61636940   8- 7- 9  115.52913133

  9-11-12  123.14428226  10- 9-11  115.15106191  13-16-17  113.11697739  13-16-18  110.09167036

 13-16-19  102.39161310  13-25-22  105.81333605  13-25-26  111.97412674  13-25-27  110.54530909

 14-13-15  107.28311992  14-13-16  108.80745281  14-13-25  110.57231903  15-13-16  113.12931685

 15-13-25  112.64598075  16-13-25  104.38090211  16-19-20  109.11361859  16-19-21  113.68513422

 16-19-22  103.23055891  17-16-18  108.00277537  17-16-19  113.61843577  18-16-19  109.52068826

 19-22-23  112.79651924  19-22-24  109.31104418  19-22-25  105.31967797  20-19-21  107.63358132

 20-19-22  110.20422308  21-19-22  112.90842467  22-25-26  111.46986870  22-25-27  110.32493535

 23-22-24  107.08519694  23-22-25  112.33066689  24-22-25  109.99184348  26-25-27  106.77116029

 NUCLEAR CHARGE:                   58
 NUMBER OF PRIMITIVE AOS:        1249
 NUMBER OF SYMMETRY AOS:         1104
 NUMBER OF CONTRACTIONS:          920   (  920A   )
 NUMBER OF CORE ORBITALS:           8   (    8A   )
 NUMBER OF VALENCE ORBITALS:       36   (   36A   )

 MOLECULE CHANGED: INITIALIZING OCCUPATION AND DUMP RECORDS


 NUCLEAR REPULSION ENERGY  357.04169479


 Eigenvalues of metric

         1 0.960E-06 0.194E-05 0.233E-05 0.265E-05 0.295E-05 0.411E-05 0.431E-05 0.457E-05


 OPERATOR DM      FOR CENTER  0  COORDINATES:    0.000000    0.000000    0.000000


 **********************************************************************************************************************************
 DATASETS  * FILE   NREC   LENGTH (MB)   RECORD NAMES
              1      18       61.22       500      610      700      900      950      970     1000      129      960     1100   
                                          VAR    BASINP    GEOM    SYMINP    ZMAT    AOBASIS   BASIS     P2S    ABASIS      S 
                                         1400     1410     1200     1210     1080     1600     1650     1700   
                                           T        V       H0       H01     AOSYM     SMH    MOLCAS    OPER   

              2       4       20.29       700     1000      520     2101   
                                         GEOM     BASIS   MCVARS     RHF  

 PROGRAMS   *        TOTAL       INT   RHF-SCF       INT
 CPU TIMES  *     12416.82      1.59  12413.12      1.91
 REAL TIME  *     12470.67 SEC
 DISK USED  *       142.70 MB (local),      570.82 MB (total)
 SF USED    *        10.17 MB
 GA USED    *         0.00 MB       (max)       0.00 MB       (current)
 **********************************************************************************************************************************


 PROGRAM * RHF-SCF (CLOSED SHELL)       Authors: W. Meyer, H.-J. Werner


 NUMBER OF ELECTRONS:      29+   29-    SPACE SYMMETRY=1    SPIN SYMMETRY: Singlet 
 CONVERGENCE THRESHOLDS:    1.00E-04 (Density)    1.00E-09 (Energy)
 INTEGRAL THRESHOLDS:       1.00E-13 (Initial)    1.00E-13 (Final)
 MAX. NUMBER OF ITERATIONS:       60
 INTERPOLATION TYPE:            DIIS
 INTERPOLATION STEPS:              2 (START)      1 (STEP)
 LEVEL SHIFTS:                  0.00 (CLOSED)  0.00 (OPEN) 



 Orbital guess generated from atomic densities. Full valence occupancy:   44

 Molecular orbital dump at record        2201.2

 Initial occupancy:  29

 Direct Fock-matrix evaluation.        Authors: Roland Lindh & Martin Schuetz (1993/96)

 Integral Threshold:                  0.1D-12
 Threshold for writing integrals:     0.1D-06
 Prescreening on density matrix:        ON 
 Calculation will be performed fully direct        

 ITERATION   DDIFF            GRAD            ENERGY        2-EL.EN.            DIPOLE MOMENTS         DIIS   CPU(IT)  CPU(TOT)
    1      0.000D+00      0.000D+00      -412.40817153   1000.852412    0.70074    3.03277   -0.73278    0   1020.5   1038.1     start
    2      0.000D+00      0.297D-02      -412.50218529   1002.412499   -0.12633    1.37374   -0.31940    1   1006.9   2045.0     diag
    3      0.316D-02      0.255D-02      -412.62038995   1001.339706    0.04889    2.00901   -0.48098    2    991.0   3036.0     diag
    4      0.139D-02      0.290D-03      -412.62429579   1001.701309    0.06363    1.96163   -0.46802    3    967.7   4003.7     diag
    5      0.344D-03      0.116D-03      -412.62495701   1001.558778    0.02748    1.93897   -0.46293    4    944.6   4948.3     diag
    6      0.137D-03      0.406D-04      -412.62510302   1001.592405    0.02691    1.93261   -0.46132    5    930.8   5879.1     diag
    7      0.695D-04      0.191D-04      -412.62512764   1001.601659    0.02349    1.92492   -0.45946    6    910.4   6789.5     diag
    8      0.291D-04      0.816D-05      -412.62513111   1001.595596    0.02193    1.92340   -0.45913    7    890.9   7680.5     diag
    9      0.113D-04      0.266D-05      -412.62513152   1001.597487    0.02201    1.92266   -0.45895    8    863.4   8543.8     diag
   10      0.392D-05      0.974D-06      -412.62513158   1001.598007    0.02147    1.92206   -0.45881    9    829.2   9373.1     orth
   11      0.145D-05      0.470D-06      -412.62513160   1001.597750    0.02142    1.92194   -0.45878    9    807.7  10180.7     diag
   12      0.830D-06      0.109D-06      -412.62513160   1001.597830    0.02135    1.92188   -0.45877    9    767.4  10948.2     diag
   13      0.241D-06      0.400D-07      -412.62513160   1001.597834    0.02135    1.92187   -0.45877    0    705.9  11654.1     orth

 Final occupancy:  29

 !RHF STATE  1.1 Energy              -412.625131598591
 Nuclear energy                       357.04169479
 One-electron energy                -1270.46574350
 Two-electron energy                  500.79891712
 Virial quotient                       -1.00175255
 !RHF STATE  1.1 Dipole moment          0.02134818     1.92187340    -0.45876543
 Dipole moment /Debye                   0.05425812     4.88459499    -1.16598905

 Orbital energies:

         1.1          2.1          3.1          4.1          5.1          6.1          7.1          8.1          9.1         10.1
    -20.547989   -20.542450   -15.645251   -15.628059   -11.419532   -11.381564   -11.341460   -11.256193    -1.437072    -1.399047

        11.1         12.1         13.1         14.1         15.1         16.1         17.1         18.1         19.1         20.1
     -1.314222    -1.246368    -1.089193    -0.934123    -0.902263    -0.807688    -0.765791    -0.714992    -0.678304    -0.669643

        21.1         22.1         23.1         24.1         25.1         26.1         27.1         28.1         29.1         30.1
     -0.653803    -0.615836    -0.602382    -0.571575    -0.526754    -0.484650    -0.450168    -0.437751    -0.369832     0.011876

        31.1
      0.024612


 HOMO     29.1    -0.369832 =     -10.0636eV
 LUMO     30.1     0.011876 =       0.3232eV
 LUMO-HOMO         0.381708 =      10.3868eV


 **********************************************************************************************************************************
 DATASETS  * FILE   NREC   LENGTH (MB)   RECORD NAMES
              1      18       61.22       500      610      700      900      950      970     1000      129      960     1100   
                                          VAR    BASINP    GEOM    SYMINP    ZMAT    AOBASIS   BASIS     P2S    ABASIS      S 
                                         1400     1410     1200     1210     1080     1600     1650     1700   
                                           T        V       H0       H01     AOSYM     SMH    MOLCAS    OPER   

              2       5       56.69       700     1000      520     2101     2201   
                                         GEOM     BASIS   MCVARS     RHF      RHF  

 PROGRAMS   *        TOTAL   RHF-SCF       INT   RHF-SCF       INT
 CPU TIMES  *     24071.96  11655.14      1.59  12413.12      1.91
 REAL TIME  *     24174.07 SEC
 DISK USED  *       179.10 MB (local),      716.41 MB (total)
 SF USED    *        10.17 MB
 GA USED    *         0.00 MB       (max)       0.00 MB       (current)
 **********************************************************************************************************************************
 SETTING EA_HF          =      -412.62513160  AU                              

 Dummy atoms: N1  H1  C1  O1  C2  H2  C3  H3  N2  H4  C4  O2


 Recomputing one-electron integrals since nuclear charges changed


 PROGRAM * SEWARD (Integral evaluation for generally contracted gaussian basis sets)     Author: Roland Lindh, 1990

 Geometry written to block  1 of record 700


 Point group  C1  



 ATOMIC COORDINATES

 NR  ATOM    CHARGE       X              Y              Z

   1  N1      0.00    0.369875323   -1.596231347    1.556844097
   2  H1      0.00    0.851127985   -3.395370970    1.983773909
   3  C1      0.00   -2.228080066   -1.084106404    1.435215785
   4  O1      0.00   -3.767445390   -2.751942516    1.827177433
   5  C2      0.00   -2.790586358    1.532862059    0.826867648
   6  H2      0.00   -4.736326258    2.108274066    0.687661308
   7  C3      0.00   -0.884604987    3.180338107    0.443879349
   8  H3      0.00   -1.206467718    5.143159811   -0.011648465
   9  N2      0.00    1.598006336    2.467965566    0.617620155
  10  H4      0.00    3.004083553    3.720642536    0.351413081
  11  C4      0.00    2.370210674    0.036777602    1.202326859
  12  O2      0.00    4.577491870   -0.570161346    1.383051773
  13  C5      6.00    1.998576233   -1.632701908    8.366250783
  14  H5      1.00    2.856233176   -1.806662988    6.499234340
  15  H6      1.00    3.027536833   -2.887442765    9.630851106
  16  C6      6.00    2.101213818    1.137545887    9.184381218
  17  H7      1.00    3.912119449    2.031195357    8.786170024
  18  H8      1.00    1.745727448    1.291818483   11.212479008
  19  C7      6.00   -0.104760964    2.295597414    7.727834743
  20  H9      1.00    0.413598992    2.463370329    5.737061898
  21  H10     1.00   -0.642226332    4.168582691    8.392326726
  22  C8      6.00   -2.215480151    0.334870672    8.051031416
  23  H11     1.00   -3.586550681    0.379494388    6.517760718
  24  H12     1.00   -3.243652980    0.721692235    9.793828719
  25  C9      6.00   -0.849139481   -2.247530465    8.246914544
  26  H13     1.00   -1.307709013   -3.464809123    6.653195735
  27  H14     1.00   -1.444603950   -3.244176585    9.945941640

 Bond lengths in Bohr (Angstrom)

  1- 2  1.910700545   1- 3  2.650742841   1-11  2.606480811   3- 4  2.303249190   3- 5  2.744999948
       ( 1.011099185)       ( 1.402712703)       ( 1.379290246)       ( 1.218826983)       ( 1.452591417)

  5- 6  2.033809514   5- 7  2.548258690   7- 8  2.040531854   7- 9  2.588632745   9-10  1.901872482
       ( 1.076245646)       ( 1.348480426)       ( 1.079802956)       ( 1.369845456)       ( 1.006427575)

  9-11  2.617031980  11-12  2.296328953  13-14  2.061937993  13-15  2.057267243  13-16  2.890353738
       ( 1.384873684)       ( 1.215164951)       ( 1.091130596)       ( 1.088658942)       ( 1.529509330)

 13-25  2.915774353  16-17  2.058290731  16-18  2.064788425  16-19  2.885989555  19-20  2.063981908
       ( 1.542961340)       ( 1.089200548)       ( 1.092638980)       ( 1.527199904)       ( 1.092212190)

 19-21  2.058759934  19-22  2.898972392  22-23  2.057363534  22-24  2.060124445  22-25  2.928148333
       ( 1.089448840)       ( 1.534070125)       ( 1.088709897)       ( 1.090170908)       ( 1.549509368)

 25-26  2.057180835  25-27  2.057808178
       ( 1.088613216)       ( 1.088945192)

 Bond angles

  1- 3- 4  120.48588059   1- 3- 5  113.27831131   1-11- 9  112.70376525   1-11-12  124.15183250

  2- 1- 3  116.04195051   2- 1-11  115.27924558   3- 1-11  128.67330791   3- 5- 6  118.74700870

  3-5-7  119.76167130   4-3-5  126.23554626   5-7-8  122.51106753   5-7-9  121.95942980

  6- 5- 7  121.49109310   7- 9-10  121.22372254   7- 9-11  123.61636940   8- 7- 9  115.52913133

  9-11-12  123.14428226  10- 9-11  115.15106191  13-16-17  113.11697739  13-16-18  110.09167036

 13-16-19  102.39161310  13-25-22  105.81333605  13-25-26  111.97412674  13-25-27  110.54530909

 14-13-15  107.28311992  14-13-16  108.80745281  14-13-25  110.57231903  15-13-16  113.12931685

 15-13-25  112.64598075  16-13-25  104.38090211  16-19-20  109.11361859  16-19-21  113.68513422

 16-19-22  103.23055891  17-16-18  108.00277537  17-16-19  113.61843577  18-16-19  109.52068826

 19-22-23  112.79651924  19-22-24  109.31104418  19-22-25  105.31967797  20-19-21  107.63358132

 20-19-22  110.20422308  21-19-22  112.90842467  22-25-26  111.46986870  22-25-27  110.32493535

 23-22-24  107.08519694  23-22-25  112.33066689  24-22-25  109.99184348  26-25-27  106.77116029

 NUCLEAR CHARGE:                   40
 NUMBER OF PRIMITIVE AOS:        1249
 NUMBER OF SYMMETRY AOS:         1104
 NUMBER OF CONTRACTIONS:          920   (  920A   )
 NUMBER OF CORE ORBITALS:           5   (    5A   )
 NUMBER OF VALENCE ORBITALS:       30   (   30A   )

 MOLECULE CHANGED: INITIALIZING OCCUPATION AND DUMP RECORDS


 NUCLEAR REPULSION ENERGY  188.33728649


 Eigenvalues of metric

         1 0.960E-06 0.194E-05 0.233E-05 0.265E-05 0.295E-05 0.411E-05 0.431E-05 0.457E-05


 OPERATOR DM      FOR CENTER  0  COORDINATES:    0.000000    0.000000    0.000000


 **********************************************************************************************************************************
 DATASETS  * FILE   NREC   LENGTH (MB)   RECORD NAMES
              1      18       61.22       500      610      700      900      950      970     1000      129      960     1100   
                                          VAR    BASINP    GEOM    SYMINP    ZMAT    AOBASIS   BASIS     P2S    ABASIS      S 
                                         1400     1410     1200     1210     1080     1600     1650     1700   
                                           T        V       H0       H01     AOSYM     SMH    MOLCAS    OPER   

              2       5       56.69       700     1000      520     2101     2201   
                                         GEOM     BASIS   MCVARS     RHF      RHF  

 PROGRAMS   *        TOTAL       INT   RHF-SCF       INT   RHF-SCF       INT
 CPU TIMES  *     24073.58      1.61  11655.14      1.59  12413.12      1.91
 REAL TIME  *     24176.02 SEC
 DISK USED  *       179.10 MB (local),      716.41 MB (total)
 SF USED    *        10.17 MB
 GA USED    *         0.00 MB       (max)       0.00 MB       (current)
 **********************************************************************************************************************************


 PROGRAM * RHF-SCF (CLOSED SHELL)       Authors: W. Meyer, H.-J. Werner


 NUMBER OF ELECTRONS:      20+   20-    SPACE SYMMETRY=1    SPIN SYMMETRY: Singlet 
 CONVERGENCE THRESHOLDS:    1.00E-04 (Density)    1.00E-09 (Energy)
 INTEGRAL THRESHOLDS:       1.00E-13 (Initial)    1.00E-13 (Final)
 MAX. NUMBER OF ITERATIONS:       60
 INTERPOLATION TYPE:            DIIS
 INTERPOLATION STEPS:              2 (START)      1 (STEP)
 LEVEL SHIFTS:                  0.00 (CLOSED)  0.00 (OPEN) 



 Orbital guess generated from atomic densities. Full valence occupancy:   35

 Molecular orbital dump at record        2301.2

 Initial occupancy:  20

 Direct Fock-matrix evaluation.        Authors: Roland Lindh & Martin Schuetz (1993/96)

 Integral Threshold:                  0.1D-12
 Threshold for writing integrals:     0.1D-06
 Prescreening on density matrix:        ON 
 Calculation will be performed fully direct        

 ITERATION   DDIFF            GRAD            ENERGY        2-EL.EN.            DIPOLE MOMENTS         DIIS   CPU(IT)  CPU(TOT)
    1      0.000D+00      0.000D+00      -195.16294397    507.333098    0.00685    0.00812    0.00482    0    993.7   1007.8     start
    2      0.000D+00      0.154D-02      -195.21968393    501.590846    0.00591    0.00620    0.00169    1    981.5   1989.2     diag
    3      0.255D-02      0.682D-03      -195.22862443    504.512698    0.00474    0.00480    0.00209    2    950.2   2939.4     diag
    4      0.515D-03      0.235D-03      -195.23016019    503.816113    0.00445    0.00431    0.00163    3    942.6   3882.0     diag
    5      0.383D-03      0.246D-04      -195.23019166    503.794094    0.00451    0.00433    0.00153    4    909.4   4791.4     diag
    6      0.638D-04      0.446D-05      -195.23019257    503.795166    0.00436    0.00415    0.00151    5    857.0   5648.4     diag
    7      0.900D-05      0.765D-06      -195.23019260    503.794654    0.00440    0.00419    0.00151    6    800.8   6449.3     diag
    8      0.163D-05      0.144D-06      -195.23019260    503.794581    0.00437    0.00415    0.00150    7    733.4   7182.7     diag
    9      0.305D-06      0.534D-07      -195.23019260    503.794601    0.00438    0.00417    0.00151    0    670.8   7853.5     orth

 Final occupancy:  20

 !RHF STATE  1.1 Energy              -195.230192599504
 Nuclear energy                       188.33728649
 One-electron energy                 -635.46477970
 Two-electron energy                  251.89730061
 Virial quotient                       -1.00080011
 !RHF STATE  1.1 Dipole moment          0.00437802     0.00416553     0.00150542
 Dipole moment /Debye                   0.01112708     0.01058702     0.00382616

 Orbital energies:

         1.1          2.1          3.1          4.1          5.1          6.1          7.1          8.1          9.1         10.1
    -11.210515   -11.210117   -11.210110   -11.209496   -11.209365    -1.116063    -0.956546    -0.955965    -0.776685    -0.767344

        11.1         12.1         13.1         14.1         15.1         16.1         17.1         18.1         19.1         20.1
     -0.649865    -0.644581    -0.569559    -0.567612    -0.475234    -0.474454    -0.463578    -0.459992    -0.459450    -0.448557

        21.1         22.1
      0.019981     0.031614


 HOMO     20.1    -0.448557 =     -12.2059eV
 LUMO     21.1     0.019981 =       0.5437eV
 LUMO-HOMO         0.468538 =      12.7496eV


 **********************************************************************************************************************************
 DATASETS  * FILE   NREC   LENGTH (MB)   RECORD NAMES
              1      18       61.22       500      610      700      900      950      970     1000      129      960     1100   
                                          VAR    BASINP    GEOM    SYMINP    ZMAT    AOBASIS   BASIS     P2S    ABASIS      S 
                                         1400     1410     1200     1210     1080     1600     1650     1700   
                                           T        V       H0       H01     AOSYM     SMH    MOLCAS    OPER   

              2       6       93.09       700     1000      520     2101     2201     2301   
                                         GEOM     BASIS   MCVARS     RHF      RHF      RHF  

 PROGRAMS   *        TOTAL   RHF-SCF       INT   RHF-SCF       INT   RHF-SCF       INT
 CPU TIMES  *     31928.10   7854.52      1.61  11655.14      1.59  12413.12      1.91
 REAL TIME  *     32062.36 SEC
 DISK USED  *       208.72 MB (local),      834.89 MB (total)
 SF USED    *        10.17 MB
 GA USED    *         0.00 MB       (max)       0.00 MB       (current)
 **********************************************************************************************************************************
 SETTING EB_HF          =      -195.23019260  AU                              
 SETTING E_AB_INT       =         0.00458853  AU                              

 *** results in hartree
 E_AB_INT         =         0.00458853 AU
 Molecular orbitals read from record     2301.2  Type=RHF/CANONICAL (state 1.1)
 Occupation numbers read from record     2301.2  Type=RHF/RHF (state 1.1)
 Orbital energies read from record       2301.2  Type=RHF/CANONICAL (state 1.1)
 Redundancy group numbers read from rec  2301.2  Type=RHF/RHF (state 1.1)

 RHF/aug-cc-pVTZ energy=   -195.230192599504

         RHF-SCF         RHF-SCF         RHF-SCF
   -195.23019260   -412.62513160   -607.85073566
 **********************************************************************************************************************************
 Molpro calculation terminated
Thu 21 Nov 2019 05:34:57 PM CET
