
 Primary working directories    : /scratch/sirous/70988/molpro.ThbmYuLmF6
 Secondary working directories  : /scratch/sirous/70988/molpro.ThbmYuLmF6
 Wavefunction directory         : /scratch/sirous/70988/
 Main file repository           : /scratch/sirous/70988/molpro.ThbmYuLmF6/

 id        : karlovklimes

 Nodes                      nprocs
 nc-18.cc.karlov.mff.cuni.cz    4

 Using customized tuning parameters: mindgm=1; mindgv=20; mindgc=4; mindgr=1; noblas=0; minvec=7
 default implementation of scratch files=sf  


 Variables initialized (934), CPU time= 0.00 sec
 ***,CH3C6H4CN+CF3CN+BF3
 memory,500,m
 gdirect
 gthresh,energy=1.d-8,twoint=1.d-19,oneint=1.d-19,zero=1.d-15,orbital=1.d-8,grid=1.d-8
 symmetry,nosym
 geomtyp=xyz
                                                                                 ! Geometry
 geometry={
 O1        -0.627651774    0.087467269     0.001471285
 H1        0.343602034    0.122303329     -0.000600445
 C1        -0.977931231    -1.278556006     0.001238407
 H2        -2.063392094    -1.342043324     0.00500898
 H3        -0.614883686    -1.806375837     -0.885383954
 H4        -0.608640326    -1.808236824     0.884172732
 N1        4.048326615665198    -0.08105435184834187     -0.0025719462205970266
 C2        4.744695004665198    -0.10548968284834186     -1.1472915502205971
 H5        4.160216407665199    -0.08226614784834187     -2.058266988220597
 C3        6.1343320676651985    -0.15523254684834187     -1.195976800220597
 H6        6.641684415665198    -0.17252457884834188     -2.149759524220597
 C4        6.844705295665198    -0.18094516384834186     -0.0003637732205970267
 H7        7.925041298665198    -0.21870991684834185     0.0004855217794029733
 C5        6.132457843665199    -0.15592405684834187     1.194176079779403
 H8        6.638256577665198    -0.17374838384834185     2.1486617717794028
 C6        4.7429042006651985    -0.10617436984834186     1.143221994779403
 H9        4.156898414665198    -0.08349994284834186     2.053340680779403
 }
 
 
 
 basis=avqz
 
 
 
                                                                                 ! Dimer Calculation
 {rks,pbe,accu=1.d-8;orbital,2101.2}
 eab_PBE=energy
 
 
                                                                                 !monomer A
 dummy,7,8,9,10,11,12,13,14,15,16,17;                                            ! NOW MONOMER B IS DUMMY
 {rks,pbe,accu=1.d-8;orbital,2201.2}
 ea_PBE=energy
                                                                                 !monomer B
 dummy,1,2,3,4,5,6;                                                              !NOW MONOMER A IS DUMMY
 {rks,pbe,accu=1.d-8;orbital,2301.2}
 eb_PBE=energy
 
 E_AB_int=eab_PBE-ea_PBE-eb_PBE
 
 
 text,results in hartree
 show,E_AB_int
 
 Commands  initialized (763), CPU time= 0.01 sec, 617 directives.
 Default parameters read. Elapsed time= 0.21 sec

 Checking input...
 Passed
1


                                         ***  PROGRAM SYSTEM MOLPRO  ***
                                       Copyright, TTI GmbH Stuttgart, 2015
                                    Version 2019.2 linked Jun  8 2019 11:26:33


 **********************************************************************************************************************************
 LABEL *   CH3C6H4CN+CF3CN+BF3                                                           
  64 bit mpp version                                                                     DATE: 21-Oct-19          TIME: 01:49:05  
 **********************************************************************************************************************************

 SHA1:             8135a10abc80eafa5b3ae28ffc55be4890dc4c84
 **********************************************************************************************************************************

 THRESHOLDS:

 ZERO    =  1.00D-15  ONEINT  =  1.00D-19  TWOINT  =  1.00D-19  PREFAC  =  1.00D-14  XXXXXX  =  1.00D-09  EORDER  =  1.00D-04
 ENERGY  =  1.00D-08  ETEST   =  0.00D+00  EDENS   =  0.00D+00  THRDEDEF=  1.00D-06  GRADIENT=  1.00D-02  STEP    =  1.00D-03
 ORBITAL =  1.00D-08  CIVEC   =  1.00D-05  COEFF   =  1.00D-04  PRINTCI =  5.00D-02  PUNCHCI =  9.90D+01  OPTGRAD =  3.00D-04
 OPTENERG=  1.00D-06  OPTSTEP =  3.00D-04  THRGRAD =  1.00D-10  COMPRESS=  1.00D-11  VARMIN  =  1.00D-07  VARMAX  =  1.00D-03
 THRDOUB =  0.00D+00  THRDIV  =  1.00D-05  THRRED  =  1.00D-07  THRPSP  =  1.00D+00  THRDC   =  1.00D-10  THRCS   =  1.00D-10
 THRNRM  =  1.00D-08  THREQ   =  0.00D+00  THRDE   =  1.00D+00  THRREF  =  1.00D-05  SPARFAC =  1.00D+00  THRDLP  =  1.00D-07
 THRDIA  =  1.00D-10  THRDLS  =  1.00D-07  THRGPS  =  0.00D+00  THRKEX  =  0.00D+00  THRDIS  =  2.00D-01  THRVAR  =  1.00D-10
 THRLOC  =  1.00D-06  THRGAP  =  1.00D-06  THRLOCT = -1.00D+00  THRGAPT = -1.00D+00  THRORB  =  1.00D-06  THRMLTP =  0.00D+00
 THRCPQCI=  1.00D-10  KEXTA   =  0.00D+00  THRCOARS=  0.00D+00  SYMTOL  =  1.00D-06  GRADTOL =  1.00D-06  THROVL  =  1.00D-08
 THRORTH =  1.00D-08  GRID    =  1.00D-08  GRIDMAX =  1.00D-03  DTMAX   =  0.00D+00  THROCCDE=  1.00D-01  THROCCDE=  1.00D-01
 THRPRINT=  2.50D-01


 Variable memory set to  500000000 words,  buffer space 

 SETTING GEOMTYP        =    XYZ
 ZSYMEL=NOSYM

 SETTING BASIS          =    AVQZ


 Recomputing integrals since basis changed


 Using spherical harmonics

 Library entry O      S aug-cc-pVQZ          selected for orbital group  1
 Library entry O      P aug-cc-pVQZ          selected for orbital group  1
 Library entry O      D aug-cc-pVQZ          selected for orbital group  1
 Library entry O      F aug-cc-pVQZ          selected for orbital group  1
 Library entry O      G aug-cc-pVQZ          selected for orbital group  1
 Library entry H      S aug-cc-pVQZ          selected for orbital group  2
 Library entry H      P aug-cc-pVQZ          selected for orbital group  2
 Library entry H      D aug-cc-pVQZ          selected for orbital group  2
 Library entry H      F aug-cc-pVQZ          selected for orbital group  2
 Library entry C      S aug-cc-pVQZ          selected for orbital group  3
 Library entry C      P aug-cc-pVQZ          selected for orbital group  3
 Library entry C      D aug-cc-pVQZ          selected for orbital group  3
 Library entry C      F aug-cc-pVQZ          selected for orbital group  3
 Library entry C      G aug-cc-pVQZ          selected for orbital group  3
 Library entry N      S aug-cc-pVQZ          selected for orbital group  5
 Library entry N      P aug-cc-pVQZ          selected for orbital group  5
 Library entry N      D aug-cc-pVQZ          selected for orbital group  5
 Library entry N      F aug-cc-pVQZ          selected for orbital group  5
 Library entry N      G aug-cc-pVQZ          selected for orbital group  5


 PROGRAM * SEWARD (Integral evaluation for generally contracted gaussian basis sets)     Author: Roland Lindh, 1990

 Geometry written to block  1 of record 700


 Point group  C1  



 ATOMIC COORDINATES

 NR  ATOM    CHARGE       X              Y              Z

   1  O1      8.00   -1.186089954    0.165289183    0.002780326
   2  H1      1.00    0.649313740    0.231119796   -0.001134677
   3  C1      6.00   -1.848022195   -2.416120686    0.002340250
   4  H2      1.00   -3.899245945   -2.536094330    0.009465600
   5  H3      1.00   -1.161961765   -3.413555610   -1.673133188
   6  H4      1.00   -1.150163525   -3.417072366    1.670844310
   7  N1      7.00    7.650228566   -0.153170526   -0.004860274
   8  C2      6.00    8.966174103   -0.199346610   -2.168066815
   9  H5      1.00    7.861669629   -0.155460489   -3.889560899
  10  C3      6.00   11.592207565   -0.293346999   -2.260068604
  11  H6      1.00   12.550964551   -0.326024204   -4.062456734
  12  C4      6.00   12.934618412   -0.341936803   -0.000687432
  13  H7      1.00   14.976157580   -0.413301844    0.000917503
  14  C5      6.00   11.588665795   -0.294653764    2.256665735
  15  H8      1.00   12.544486876   -0.328336860    4.060382283
  16  C6      6.00    8.962789974   -0.200640480    2.160376470
  17  H9      1.00    7.855399531   -0.157792023    3.880251527

 Bond lengths in Bohr (Angstrom)

 1-2  1.836588065  1-3  2.664926153  3-4  2.054741667  3-5  2.067067145  3-6  2.067079289
     ( 0.971880550)     ( 1.410218189)     ( 1.087322465)     ( 1.093844827)     ( 1.093851253)

  7- 8  2.532450873   7-16  2.532453554   8- 9  2.045824530   8-10  2.629325416  10-11  2.041784938
       ( 1.340115290)       ( 1.340116708)       ( 1.082603719)       ( 1.391379090)       ( 1.080466059)

 10-12  2.628541636  12-13  2.042786753  12-14  2.628586589  14-15  2.041597873  14-16  2.629321955
       ( 1.390964332)       ( 1.080996197)       ( 1.390988120)       ( 1.080367068)       ( 1.391377259)

 16-17  2.046000928
       ( 1.082697064)

 Bond angles

  1-3-4  107.72927052   1-3-5  112.65046152   1-3-6  112.64803261   2-1-3  106.43616013

  4-3-5  107.81642990   4-3-6  107.81564020   5-3-6  107.97196684   7-8-9  115.96646352

  7- 8-10  123.33431583   7-16-14  123.33946160   7-16-17  115.96318768   8- 7-16  117.43016386

  8-10-11  120.02913745   8-10-12  118.72790074   9- 8-10  120.69912610  10-12-13  120.77811781

 10-12-14  118.44571777  11-10-12  121.24294951  12-14-15  121.24422223  12-14-16  118.72243851

 13-12-14  120.77614747  14-16-17  120.69725513  15-14-16  120.03332692

 NUCLEAR CHARGE:                   60
 NUMBER OF PRIMITIVE AOS:        1457
 NUMBER OF SYMMETRY AOS:         1176
 NUMBER OF CONTRACTIONS:         1054   ( 1054A   )
 NUMBER OF CORE ORBITALS:           8   (    8A   )
 NUMBER OF VALENCE ORBITALS:       41   (   41A   )


 NUCLEAR REPULSION ENERGY  311.33557947


 Eigenvalues of metric

         1 0.602E-06 0.945E-06 0.119E-05 0.149E-05 0.169E-05 0.205E-05 0.232E-05 0.248E-05


 OPERATOR DM      FOR CENTER  0  COORDINATES:    0.000000    0.000000    0.000000


 **********************************************************************************************************************************
 DATASETS  * FILE   NREC   LENGTH (MB)   RECORD NAMES
              1      18       70.62       500      610      700      900      950      970     1000      129      960     1100   
                                          VAR    BASINP    GEOM    SYMINP    ZMAT    AOBASIS   BASIS     P2S    ABASIS      S 
                                         1400     1410     1200     1210     1080     1600     1650     1700   
                                           T        V       H0       H01     AOSYM     SMH    MOLCAS    OPER   

 PROGRAMS   *        TOTAL       INT
 CPU TIMES  *         2.55      2.35
 REAL TIME  *         4.32 SEC
 DISK USED  *        71.50 MB (local),      286.02 MB (total)
 GA USED    *         0.00 MB       (max)       0.00 MB       (current)
 **********************************************************************************************************************************

 Density functional group PBE=PBEX+PBEC
 Functional: PBEX(Automatically generated (new) PBEX)                          Gradient terms: 1
 Functional: PBEC(Automatically generated (new) PBEC)                          Gradient terms: 1
 Use libxcgrid:  F
 Use grid at  1800.2

 Functional: PBEX                      Factor:  1.0000
 Functional: PBEC                      Factor:  1.0000

 Generated new metagrid on record  1800.2 with target accuracy 1.0D-08 and 178970 points in CPU time    0.5
 Computed new grid on record 1800.1 in CPU time    0.7
  847085 words reserved for DFT integration

 PROGRAM * RKS-SCF (Restricted closed shell Kohn-Sham)     Authors: W. Meyer, H.-J. Werner, P.J. Knowles, 1993

 NUMBER OF ELECTRONS:      30+   30-    SPACE SYMMETRY=1    SPIN SYMMETRY: Singlet 
 CONVERGENCE THRESHOLDS:    1.00E-04 (Density)    1.00E-08 (Energy)
 INTEGRAL THRESHOLDS:       1.00E-13 (Initial)    1.00E-13 (Final)
 MAX. NUMBER OF ITERATIONS:       60
 INTERPOLATION TYPE:            DIIS
 INTERPOLATION STEPS:              2 (START)      1 (STEP)
 LEVEL SHIFTS:                  0.00 (CLOSED)  0.00 (OPEN) 



 Use fine grid record 1800.2 for energy threshold  1.0D-08
 Orbital guess generated from atomic densities. Full valence occupancy:   49

 Molecular orbital dump at record        2101.2

 Initial occupancy:  30

 Direct Fock-matrix evaluation.        Authors: Roland Lindh & Martin Schuetz (1993/96)

 Integral Threshold:                  0.1D-12
 Threshold for writing integrals:     0.1D-06
 Prescreening on density matrix:        ON 
 Calculation will be performed fully direct        

 ITERATION   DDIFF            GRAD            ENERGY        2-EL.EN.            DIPOLE MOMENTS         DIIS   CPU(IT)  CPU(TOT)
    1      0.000D+00      0.000D+00      -363.42053742    991.314078    1.65114   -0.75152   -0.00130    0   1515.4   1555.2     start
    2      0.000D+00      0.306D-02      -362.91970470    933.027360    1.26592    0.20250    0.00162    1   1493.8   3049.0     diag
    3      0.622D-02      0.517D-02      -363.69835997    969.784862    1.24201   -0.64903   -0.00101    2   1484.7   4533.7     diag
    4      0.441D-02      0.797D-03      -363.71031520    969.897936    1.54634   -0.42795   -0.00034    3   1412.9   5946.6     diag
    5      0.596D-03      0.342D-03      -363.71298074    968.968203    1.34283   -0.47494   -0.00061    4   1380.2   7326.8     diag
    6      0.245D-03      0.976D-04      -363.71304307    969.186319    1.50066   -0.48101   -0.00046    5   1342.3   8669.1     diag
    7      0.942D-04      0.846D-04      -363.71326489    969.098200    1.41815   -0.47479   -0.00053    6   1308.6   9977.7     diag
    8      0.491D-04      0.577D-05      -363.71326563    969.127386    1.42072   -0.47611   -0.00053    7   1242.2  11219.9     diag
    9      0.527D-05      0.250D-05      -363.71326578    969.127797    1.42035   -0.47595   -0.00053    8   1158.7  12378.6     diag
   10      0.226D-05      0.893D-06      -363.71326581    969.128326    1.42072   -0.47593   -0.00053    9   1109.9  13488.5     orth
   11      0.681D-06      0.187D-06      -363.71326581    969.128002    1.42059   -0.47594   -0.00053    9   1044.6  14533.1     diag
   12      0.159D-06      0.701D-07      -363.71326581    969.127981    1.42068   -0.47595   -0.00053    0   1025.1  15558.2     orth

 Final occupancy:  30

 !RKS STATE  1.1 Energy              -363.713265806488
 Nuclear energy                       311.33557947
 One-electron energy                -1108.65646337
 Two-electron energy                  484.56399063
 Density functional                   -50.95637254     PBEX=-48.99283685 PBEC= -1.96353569
 Virial quotient                       -1.00426616
 !RKS STATE  1.1 Dipole moment          1.42067726    -0.47595191    -0.00052870
 Dipole moment /Debye                   3.61076490    -1.20966986    -0.00134373

 Orbital energies:

         1.1          2.1          3.1          4.1          5.1          6.1          7.1          8.1          9.1         10.1
    -18.741336   -13.989923    -9.925929    -9.925922    -9.913798    -9.910997    -9.904859    -9.904848    -0.927580    -0.870195

        11.1         12.1         13.1         14.1         15.1         16.1         17.1         18.1         19.1         20.1
     -0.741485    -0.701472    -0.608848    -0.579638    -0.577475    -0.487313    -0.451050    -0.441345    -0.428808    -0.391325

        21.1         22.1         23.1         24.1         25.1         26.1         27.1         28.1         29.1         30.1
     -0.382431    -0.372742    -0.370889    -0.366817    -0.329645    -0.286010    -0.273851    -0.251991    -0.224465    -0.221169

        31.1         32.1
     -0.074387    -0.060663


 HOMO     30.1    -0.221169 =      -6.0183eV
 LUMO     31.1    -0.074387 =      -2.0242eV
 LUMO-HOMO         0.146782 =       3.9941eV


 **********************************************************************************************************************************
 DATASETS  * FILE   NREC   LENGTH (MB)   RECORD NAMES
              1      19       70.62       500      610      700      900      950      970     1000      129      960     1100   
                                          VAR    BASINP    GEOM    SYMINP    ZMAT    AOBASIS   BASIS     P2S    ABASIS      S 
                                         1400     1410     1200     1210     1080     1600     1650     1700     1800   
                                           T        V       H0       H01     AOSYM     SMH    MOLCAS    OPER     GRID   

              2       5       25.47       700     1000      520     1800     2101   
                                         GEOM     BASIS   MCVARS    GRID      RKS  

 PROGRAMS   *        TOTAL   RKS-SCF       INT
 CPU TIMES  *     15564.15  15561.60      2.35
 REAL TIME  *     15604.18 SEC
 DISK USED  *       176.36 MB (local),      705.43 MB (total)
 SF USED    *        13.34 MB
 GA USED    *         5.80 MB       (max)       5.79 MB       (current)
 **********************************************************************************************************************************
 SETTING EAB_PBE        =      -363.71326581  AU                              

 Dummy atoms: N1  C2  H5  C3  H6  C4  H7  C5  H8  C6  H9


 Recomputing one-electron integrals since nuclear charges changed


 PROGRAM * SEWARD (Integral evaluation for generally contracted gaussian basis sets)     Author: Roland Lindh, 1990

 Geometry written to block  1 of record 700


 Point group  C1  



 ATOMIC COORDINATES

 NR  ATOM    CHARGE       X              Y              Z

   1  O1      8.00   -1.186089954    0.165289183    0.002780326
   2  H1      1.00    0.649313740    0.231119796   -0.001134677
   3  C1      6.00   -1.848022195   -2.416120686    0.002340250
   4  H2      1.00   -3.899245945   -2.536094330    0.009465600
   5  H3      1.00   -1.161961765   -3.413555610   -1.673133188
   6  H4      1.00   -1.150163525   -3.417072366    1.670844310
   7  N1      0.00    7.650228566   -0.153170526   -0.004860274
   8  C2      0.00    8.966174103   -0.199346610   -2.168066815
   9  H5      0.00    7.861669629   -0.155460489   -3.889560899
  10  C3      0.00   11.592207565   -0.293346999   -2.260068604
  11  H6      0.00   12.550964551   -0.326024204   -4.062456734
  12  C4      0.00   12.934618412   -0.341936803   -0.000687432
  13  H7      0.00   14.976157580   -0.413301844    0.000917503
  14  C5      0.00   11.588665795   -0.294653764    2.256665735
  15  H8      0.00   12.544486876   -0.328336860    4.060382283
  16  C6      0.00    8.962789974   -0.200640480    2.160376470
  17  H9      0.00    7.855399531   -0.157792023    3.880251527

 Bond lengths in Bohr (Angstrom)

 1-2  1.836588065  1-3  2.664926153  3-4  2.054741667  3-5  2.067067145  3-6  2.067079289
     ( 0.971880550)     ( 1.410218189)     ( 1.087322465)     ( 1.093844827)     ( 1.093851253)

  7- 8  2.532450873   7-16  2.532453554   8- 9  2.045824530   8-10  2.629325416  10-11  2.041784938
       ( 1.340115290)       ( 1.340116708)       ( 1.082603719)       ( 1.391379090)       ( 1.080466059)

 10-12  2.628541636  12-13  2.042786753  12-14  2.628586589  14-15  2.041597873  14-16  2.629321955
       ( 1.390964332)       ( 1.080996197)       ( 1.390988120)       ( 1.080367068)       ( 1.391377259)

 16-17  2.046000928
       ( 1.082697064)

 Bond angles

  1-3-4  107.72927052   1-3-5  112.65046152   1-3-6  112.64803261   2-1-3  106.43616013

  4-3-5  107.81642990   4-3-6  107.81564020   5-3-6  107.97196684   7-8-9  115.96646352

  7- 8-10  123.33431583   7-16-14  123.33946160   7-16-17  115.96318768   8- 7-16  117.43016386

  8-10-11  120.02913745   8-10-12  118.72790074   9- 8-10  120.69912610  10-12-13  120.77811781

 10-12-14  118.44571777  11-10-12  121.24294951  12-14-15  121.24422223  12-14-16  118.72243851

 13-12-14  120.77614747  14-16-17  120.69725513  15-14-16  120.03332692

 NUCLEAR CHARGE:                   18
 NUMBER OF PRIMITIVE AOS:        1457
 NUMBER OF SYMMETRY AOS:         1176
 NUMBER OF CONTRACTIONS:         1054   ( 1054A   )
 NUMBER OF CORE ORBITALS:           2   (    2A   )
 NUMBER OF VALENCE ORBITALS:       12   (   12A   )

 MOLECULE CHANGED: INITIALIZING OCCUPATION AND DUMP RECORDS


 NUCLEAR REPULSION ENERGY   40.42190817


 Eigenvalues of metric

         1 0.602E-06 0.945E-06 0.119E-05 0.149E-05 0.169E-05 0.205E-05 0.232E-05 0.248E-05


 OPERATOR DM      FOR CENTER  0  COORDINATES:    0.000000    0.000000    0.000000


 **********************************************************************************************************************************
 DATASETS  * FILE   NREC   LENGTH (MB)   RECORD NAMES
              1      19       70.62       500      610      700      900      950      970     1000      129      960     1100   
                                          VAR    BASINP    GEOM    SYMINP    ZMAT    AOBASIS   BASIS     P2S    ABASIS      S 
                                         1400     1410     1200     1210     1080     1600     1650     1700     1800   
                                           T        V       H0       H01     AOSYM     SMH    MOLCAS    OPER     GRID   

              2       5       25.47       700     1000      520     1800     2101   
                                         GEOM     BASIS   MCVARS    GRID      RKS  

 PROGRAMS   *        TOTAL       INT   RKS-SCF       INT
 CPU TIMES  *     15566.15      1.98  15561.60      2.35
 REAL TIME  *     15606.43 SEC
 DISK USED  *       176.36 MB (local),      705.43 MB (total)
 SF USED    *        13.34 MB
 GA USED    *         5.80 MB       (max)       5.79 MB       (current)
 **********************************************************************************************************************************

 Density functional group PBE=PBEX+PBEC
 Functional: PBEX(Automatically generated (new) PBEX)                          Gradient terms: 1
 Functional: PBEC(Automatically generated (new) PBEC)                          Gradient terms: 1
 Use libxcgrid:  F
 Use grid at  1800.2

 Functional: PBEX                      Factor:  1.0000
 Functional: PBEC                      Factor:  1.0000

 Generated new metagrid on record  1800.2 with target accuracy 1.0D-08 and 178970 points in CPU time    0.5
 Computed new grid on record 1800.1 in CPU time    0.8
  847085 words reserved for DFT integration

 PROGRAM * RKS-SCF (Restricted closed shell Kohn-Sham)     Authors: W. Meyer, H.-J. Werner, P.J. Knowles, 1993

 NUMBER OF ELECTRONS:       9+    9-    SPACE SYMMETRY=1    SPIN SYMMETRY: Singlet 
 CONVERGENCE THRESHOLDS:    1.00E-04 (Density)    1.00E-08 (Energy)
 INTEGRAL THRESHOLDS:       1.00E-13 (Initial)    1.00E-13 (Final)
 MAX. NUMBER OF ITERATIONS:       60
 INTERPOLATION TYPE:            DIIS
 INTERPOLATION STEPS:              2 (START)      1 (STEP)
 LEVEL SHIFTS:                  0.00 (CLOSED)  0.00 (OPEN) 



 Use fine grid record 1800.2 for energy threshold  1.0D-08
 Orbital guess generated from atomic densities. Full valence occupancy:   14

 Molecular orbital dump at record        2201.2

 Initial occupancy:   9

 Direct Fock-matrix evaluation.        Authors: Roland Lindh & Martin Schuetz (1993/96)

 Integral Threshold:                  0.1D-12
 Threshold for writing integrals:     0.1D-06
 Prescreening on density matrix:        ON 
 Calculation will be performed fully direct        

 ITERATION   DDIFF            GRAD            ENERGY        2-EL.EN.            DIPOLE MOMENTS         DIIS   CPU(IT)  CPU(TOT)
    1      0.000D+00      0.000D+00      -115.53683077    199.927338    0.70365   -0.71922   -0.00197    0   1414.5   1446.0     start
    2      0.000D+00      0.348D-02      -115.28616790    179.750807   -0.24196    0.18713    0.00077    1   1447.1   2893.0     diag
    3      0.413D-02      0.669D-02      -115.63244853    193.281537    0.43899   -0.58639   -0.00132    2   1438.9   4331.9     diag
    4      0.313D-02      0.950D-03      -115.63849199    193.057811    0.42296   -0.45218   -0.00117    3   1327.6   5659.5     diag
    5      0.368D-03      0.294D-03      -115.63911814    192.882820    0.41892   -0.46097   -0.00117    4   1280.5   6940.0     diag
    6      0.106D-03      0.492D-04      -115.63913507    192.914351    0.41775   -0.46439   -0.00117    5   1227.6   8167.6     diag
    7      0.139D-04      0.689D-05      -115.63913543    192.925893    0.41885   -0.46546   -0.00118    6   1132.6   9300.3     diag
    8      0.246D-05      0.589D-06      -115.63913543    192.925792    0.41859   -0.46528   -0.00117    7    982.3  10282.5     diag
    9      0.310D-06      0.175D-06      -115.63913543    192.925610    0.41871   -0.46533   -0.00118    0    936.6  11219.1     orth

 Final occupancy:   9

 !RKS STATE  1.1 Energy              -115.639135432546
 Nuclear energy                        40.42190817
 One-electron energy                 -237.16248194
 Two-electron energy                   96.46280523
 Density functional                   -15.36136690     PBEX=-14.78034388 PBEC= -0.58102302
 Virial quotient                       -1.00385926
 !RKS STATE  1.1 Dipole moment          0.41871079    -0.46532615    -0.00117512
 Dipole moment /Debye                   1.06418697    -1.18266365    -0.00298665

 Orbital energies:

         1.1          2.1          3.1          4.1          5.1          6.1          7.1          8.1          9.1         10.1
    -18.752738    -9.919984    -0.938808    -0.618461    -0.461945    -0.391808    -0.382346    -0.296183    -0.231573    -0.025704

        11.1
     -0.002064


 HOMO      9.1    -0.231573 =      -6.3014eV
 LUMO     10.1    -0.025704 =      -0.6994eV
 LUMO-HOMO         0.205870 =       5.6020eV


 **********************************************************************************************************************************
 DATASETS  * FILE   NREC   LENGTH (MB)   RECORD NAMES
              1      19       70.62       500      610      700      900      950      970     1000      129      960     1100   
                                          VAR    BASINP    GEOM    SYMINP    ZMAT    AOBASIS   BASIS     P2S    ABASIS      S 
                                         1400     1410     1200     1210     1080     1600     1650     1700     1800   
                                           T        V       H0       H01     AOSYM     SMH    MOLCAS    OPER     GRID   

              2       6       72.45       700     1000      520     1800     2101     2201   
                                         GEOM     BASIS   MCVARS    GRID      RKS      RKS  

 PROGRAMS   *        TOTAL   RKS-SCF       INT   RKS-SCF       INT
 CPU TIMES  *     26788.65  11222.50      1.98  15561.60      2.35
 REAL TIME  *     26856.04 SEC
 DISK USED  *       214.45 MB (local),      857.80 MB (total)
 SF USED    *        13.34 MB
 GA USED    *         5.80 MB       (max)       5.79 MB       (current)
 **********************************************************************************************************************************
 SETTING EA_PBE         =      -115.63913543  AU                              

 Dummy atoms: O1  H1  C1  H2  H3  H4


 Recomputing one-electron integrals since nuclear charges changed


 PROGRAM * SEWARD (Integral evaluation for generally contracted gaussian basis sets)     Author: Roland Lindh, 1990

 Geometry written to block  1 of record 700


 Point group  C1  



 ATOMIC COORDINATES

 NR  ATOM    CHARGE       X              Y              Z

   1  O1      0.00   -1.186089954    0.165289183    0.002780326
   2  H1      0.00    0.649313740    0.231119796   -0.001134677
   3  C1      0.00   -1.848022195   -2.416120686    0.002340250
   4  H2      0.00   -3.899245945   -2.536094330    0.009465600
   5  H3      0.00   -1.161961765   -3.413555610   -1.673133188
   6  H4      0.00   -1.150163525   -3.417072366    1.670844310
   7  N1      7.00    7.650228566   -0.153170526   -0.004860274
   8  C2      6.00    8.966174103   -0.199346610   -2.168066815
   9  H5      1.00    7.861669629   -0.155460489   -3.889560899
  10  C3      6.00   11.592207565   -0.293346999   -2.260068604
  11  H6      1.00   12.550964551   -0.326024204   -4.062456734
  12  C4      6.00   12.934618412   -0.341936803   -0.000687432
  13  H7      1.00   14.976157580   -0.413301844    0.000917503
  14  C5      6.00   11.588665795   -0.294653764    2.256665735
  15  H8      1.00   12.544486876   -0.328336860    4.060382283
  16  C6      6.00    8.962789974   -0.200640480    2.160376470
  17  H9      1.00    7.855399531   -0.157792023    3.880251527

 Bond lengths in Bohr (Angstrom)

 1-2  1.836588065  1-3  2.664926153  3-4  2.054741667  3-5  2.067067145  3-6  2.067079289
     ( 0.971880550)     ( 1.410218189)     ( 1.087322465)     ( 1.093844827)     ( 1.093851253)

  7- 8  2.532450873   7-16  2.532453554   8- 9  2.045824530   8-10  2.629325416  10-11  2.041784938
       ( 1.340115290)       ( 1.340116708)       ( 1.082603719)       ( 1.391379090)       ( 1.080466059)

 10-12  2.628541636  12-13  2.042786753  12-14  2.628586589  14-15  2.041597873  14-16  2.629321955
       ( 1.390964332)       ( 1.080996197)       ( 1.390988120)       ( 1.080367068)       ( 1.391377259)

 16-17  2.046000928
       ( 1.082697064)

 Bond angles

  1-3-4  107.72927052   1-3-5  112.65046152   1-3-6  112.64803261   2-1-3  106.43616013

  4-3-5  107.81642990   4-3-6  107.81564020   5-3-6  107.97196684   7-8-9  115.96646352

  7- 8-10  123.33431583   7-16-14  123.33946160   7-16-17  115.96318768   8- 7-16  117.43016386

  8-10-11  120.02913745   8-10-12  118.72790074   9- 8-10  120.69912610  10-12-13  120.77811781

 10-12-14  118.44571777  11-10-12  121.24294951  12-14-15  121.24422223  12-14-16  118.72243851

 13-12-14  120.77614747  14-16-17  120.69725513  15-14-16  120.03332692

 NUCLEAR CHARGE:                   42
 NUMBER OF PRIMITIVE AOS:        1457
 NUMBER OF SYMMETRY AOS:         1176
 NUMBER OF CONTRACTIONS:         1054   ( 1054A   )
 NUMBER OF CORE ORBITALS:           6   (    6A   )
 NUMBER OF VALENCE ORBITALS:       29   (   29A   )

 MOLECULE CHANGED: INITIALIZING OCCUPATION AND DUMP RECORDS


 NUCLEAR REPULSION ENERGY  206.28426829


 Eigenvalues of metric

         1 0.602E-06 0.945E-06 0.119E-05 0.149E-05 0.169E-05 0.205E-05 0.232E-05 0.248E-05


 OPERATOR DM      FOR CENTER  0  COORDINATES:    0.000000    0.000000    0.000000


 **********************************************************************************************************************************
 DATASETS  * FILE   NREC   LENGTH (MB)   RECORD NAMES
              1      19       70.62       500      610      700      900      950      970     1000      129      960     1100   
                                          VAR    BASINP    GEOM    SYMINP    ZMAT    AOBASIS   BASIS     P2S    ABASIS      S 
                                         1400     1410     1200     1210     1080     1600     1650     1700     1800   
                                           T        V       H0       H01     AOSYM     SMH    MOLCAS    OPER     GRID   

              2       6       72.45       700     1000      520     1800     2101     2201   
                                         GEOM     BASIS   MCVARS    GRID      RKS      RKS  

 PROGRAMS   *        TOTAL       INT   RKS-SCF       INT   RKS-SCF       INT
 CPU TIMES  *     26790.66      2.00  11222.50      1.98  15561.60      2.35
 REAL TIME  *     26858.28 SEC
 DISK USED  *       214.45 MB (local),      857.80 MB (total)
 SF USED    *        13.34 MB
 GA USED    *         5.80 MB       (max)       5.79 MB       (current)
 **********************************************************************************************************************************

 Density functional group PBE=PBEX+PBEC
 Functional: PBEX(Automatically generated (new) PBEX)                          Gradient terms: 1
 Functional: PBEC(Automatically generated (new) PBEC)                          Gradient terms: 1
 Use libxcgrid:  F
 Use grid at  1800.2

 Functional: PBEX                      Factor:  1.0000
 Functional: PBEC                      Factor:  1.0000

 Generated new metagrid on record  1800.2 with target accuracy 1.0D-08 and 178970 points in CPU time    0.5
 Computed new grid on record 1800.1 in CPU time    0.7
  847085 words reserved for DFT integration

 PROGRAM * RKS-SCF (Restricted closed shell Kohn-Sham)     Authors: W. Meyer, H.-J. Werner, P.J. Knowles, 1993

 NUMBER OF ELECTRONS:      21+   21-    SPACE SYMMETRY=1    SPIN SYMMETRY: Singlet 
 CONVERGENCE THRESHOLDS:    1.00E-04 (Density)    1.00E-08 (Energy)
 INTEGRAL THRESHOLDS:       1.00E-13 (Initial)    1.00E-13 (Final)
 MAX. NUMBER OF ITERATIONS:       60
 INTERPOLATION TYPE:            DIIS
 INTERPOLATION STEPS:              2 (START)      1 (STEP)
 LEVEL SHIFTS:                  0.00 (CLOSED)  0.00 (OPEN) 



 Use fine grid record 1800.2 for energy threshold  1.0D-08
 Orbital guess generated from atomic densities. Full valence occupancy:   35

 Molecular orbital dump at record        2301.2

 Initial occupancy:  21

 Direct Fock-matrix evaluation.        Authors: Roland Lindh & Martin Schuetz (1993/96)

 Integral Threshold:                  0.1D-12
 Threshold for writing integrals:     0.1D-06
 Prescreening on density matrix:        ON 
 Calculation will be performed fully direct        

 ITERATION   DDIFF            GRAD            ENERGY        2-EL.EN.            DIPOLE MOMENTS         DIIS   CPU(IT)  CPU(TOT)
    1      0.000D+00      0.000D+00      -247.88061371    662.372302    0.94277   -0.03216    0.00068    0   1488.3   1526.3     start
    2      0.000D+00      0.284D-02      -247.62984718    623.559869    1.05194   -0.03683    0.00095    1   1467.3   2993.6     diag
    3      0.439D-02      0.431D-02      -248.06650189    647.787744    0.62875   -0.02104    0.00044    2   1450.5   4444.1     diag
    4      0.272D-02      0.495D-03      -248.06946497    647.444730    1.13735   -0.03936    0.00091    3   1392.8   5836.9     diag
    5      0.450D-03      0.311D-03      -248.07140929    646.890267    0.75111   -0.02563    0.00055    4   1353.3   7190.2     diag
    6      0.236D-03      0.136D-03      -248.07176350    647.024326    0.90392   -0.03103    0.00070    5   1315.0   8505.2     diag
    7      0.874D-04      0.687D-04      -248.07185169    646.996977    0.87103   -0.02985    0.00067    6   1272.6   9777.9     diag
    8      0.335D-04      0.524D-05      -248.07185227    647.016078    0.87176   -0.02989    0.00067    7   1200.2  10978.1     diag
    9      0.435D-05      0.407D-06      -248.07185228    647.016139    0.87216   -0.02989    0.00067    8   1101.1  12079.2     diag
   10      0.670D-06      0.378D-06      -248.07185227    647.016032    0.87184   -0.02989    0.00067    0   1062.8  13142.1     orth

 Final occupancy:  21

 !RKS STATE  1.1 Energy              -248.071852267468
 Nuclear energy                       206.28426829
 One-electron energy                 -742.26849912
 Two-electron energy                  323.50801622
 Density functional                   -35.59563766     PBEX=-34.21307141 PBEC= -1.38256625
 Virial quotient                       -1.00441989
 !RKS STATE  1.1 Dipole moment          0.87184498    -0.02989304     0.00066598
 Dipole moment /Debye                   2.21586376    -0.07597556     0.00169263

 Orbital energies:

         1.1          2.1          3.1          4.1          5.1          6.1          7.1          8.1          9.1         10.1
    -13.983142    -9.920559    -9.920551    -9.909013    -9.900137    -9.900124    -0.864329    -0.736494    -0.696374    -0.574346

        11.1         12.1         13.1         14.1         15.1         16.1         17.1         18.1         19.1         20.1
     -0.572562    -0.482337    -0.436103    -0.424096    -0.386440    -0.365512    -0.361746    -0.324686    -0.268609    -0.247098

        21.1         22.1         23.1
     -0.216907    -0.069208    -0.055753


 HOMO     21.1    -0.216907 =      -5.9023eV
 LUMO     22.1    -0.069208 =      -1.8833eV
 LUMO-HOMO         0.147699 =       4.0191eV


 **********************************************************************************************************************************
 DATASETS  * FILE   NREC   LENGTH (MB)   RECORD NAMES
              1      19       70.62       500      610      700      900      950      970     1000      129      960     1100   
                                          VAR    BASINP    GEOM    SYMINP    ZMAT    AOBASIS   BASIS     P2S    ABASIS      S 
                                         1400     1410     1200     1210     1080     1600     1650     1700     1800   
                                           T        V       H0       H01     AOSYM     SMH    MOLCAS    OPER     GRID   

              2       7      119.44       700     1000      520     1800     2101     2201     2301   
                                         GEOM     BASIS   MCVARS    GRID      RKS      RKS      RKS  

 PROGRAMS   *        TOTAL   RKS-SCF       INT   RKS-SCF       INT   RKS-SCF       INT
 CPU TIMES  *     39936.03  13145.37      2.00  11222.50      1.98  15561.60      2.35
 REAL TIME  *     40035.25 SEC
 DISK USED  *       265.89 MB (local),        1.06 GB (total)
 SF USED    *        13.34 MB
 GA USED    *         5.80 MB       (max)       5.79 MB       (current)
 **********************************************************************************************************************************
 SETTING EB_PBE         =      -248.07185227  AU                              
 SETTING E_AB_INT       =        -0.00227811  AU                              

 *** results in hartree
 E_AB_INT         =        -0.00227811 AU
 Molecular orbitals read from record     2301.2  Type=RKS/CANONICAL (state 1.1)
 Occupation numbers read from record     2301.2  Type=RKS/RHF (state 1.1)
 Orbital energies read from record       2301.2  Type=RKS/CANONICAL (state 1.1)
 Redundancy group numbers read from rec  2301.2  Type=RKS/RHF (state 1.1)

 RPBE/aug-cc-pVQZ energy=   -248.071852267468

         RKS-SCF         RKS-SCF         RKS-SCF
   -248.07185227   -115.63913543   -363.71326581
 **********************************************************************************************************************************
 Molpro calculation terminated
