
 Primary working directories    : /scratch/sirous/44157/molpro.RFeBeCy2gI
 Secondary working directories  : /scratch/sirous/44157/molpro.RFeBeCy2gI
 Wavefunction directory         : /scratch/sirous/44157/
 Main file repository           : /scratch/sirous/44157/molpro.RFeBeCy2gI/

 id        : karlovklimes

 Nodes                      nprocs
 nc-14.cc.karlov.mff.cuni.cz    4

 Using customized tuning parameters: mindgm=1; mindgv=20; mindgc=4; mindgr=1; noblas=0; minvec=7
 default implementation of scratch files=sf  


 Variables initialized (934), CPU time= 0.00 sec
 ***,CH3C6H4CN+CF3CN+BF3
 memory,500,m
 gdirect
 gthresh,energy=1.d-8,twoint=1.d-15,oneint=1.d-15,zero=1.d-15,orbital=1.d-8,grid=1.d-8
 symmetry,nosym
 geomtyp=xyz
                                                                                 ! Geometry
 geometry={
 O1        -0.706920192    0.045830367     0.006386104
 H1        0.265623615    0.071710143     0.001339293
 C1        -1.076670667    -1.313915813     0.00161428
 H2        -2.162923576    -1.36319577     0.005865424
 H3        -0.723405945    -1.844651676     -0.887743498
 H4        -0.716079778    -1.852820828     0.883079775
 N1        7.147638468585718    -0.31273936620965764     -0.015291769060161546
 H5        7.518258020585718    0.19503713979034237     0.7778406219398384
 H6        7.5183813085857185    0.15159920079034234     -0.8345506030601616
 C2        7.625390404585719    -1.6987728132096578     0.022169435939838455
 H7        7.233505567585718    -2.232798090209658     -0.8400222930601615
 H8        8.712101560585719    -1.8055079812096575     0.025203930939838453
 H9        7.2332640035857185    -2.1855029822096577     0.9118015829398385
 }
 
 
 
 basis=avtz
 
 
 
                                                                                 ! Dimer Calculation
 {rhf,accu=1.d-8;orbital,2101.2}
 eab_HF=energy
 
 
                                                                                 !monomer A
 dummy,7,8,9,10,11,12,13;                                                        ! NOW MONOMER B IS DUMMY
 {rhf,accu=1.d-8;orbital,2201.2}
 ea_HF=energy
                                                                                 !monomer B
 dummy,1,2,3,4,5,6;                                                              !NOW MONOMER A IS DUMMY
 {rhf,accu=1.d-8;orbital,2301.2}
 eb_HF=energy
 
 E_AB_int=eab_HF-ea_HF-eb_HF
 
 
 text,results in hartree
 show,E_AB_int
 
 Commands  initialized (763), CPU time= 0.00 sec, 617 directives.
 Default parameters read. Elapsed time= 0.20 sec

 Checking input...
 Passed
1


                                         ***  PROGRAM SYSTEM MOLPRO  ***
                                       Copyright, TTI GmbH Stuttgart, 2015
                                    Version 2019.2 linked Jun  8 2019 11:26:33


 **********************************************************************************************************************************
 LABEL *   CH3C6H4CN+CF3CN+BF3                                                           
  64 bit mpp version                                                                     DATE: 10-Oct-19          TIME: 19:42:29  
 **********************************************************************************************************************************

 SHA1:             8135a10abc80eafa5b3ae28ffc55be4890dc4c84
 **********************************************************************************************************************************

 THRESHOLDS:

 ZERO    =  1.00D-15  ONEINT  =  1.00D-15  TWOINT  =  1.00D-15  PREFAC  =  1.00D-14  XXXXXX  =  1.00D-09  EORDER  =  1.00D-04
 ENERGY  =  1.00D-08  ETEST   =  0.00D+00  EDENS   =  0.00D+00  THRDEDEF=  1.00D-06  GRADIENT=  1.00D-02  STEP    =  1.00D-03
 ORBITAL =  1.00D-08  CIVEC   =  1.00D-05  COEFF   =  1.00D-04  PRINTCI =  5.00D-02  PUNCHCI =  9.90D+01  OPTGRAD =  3.00D-04
 OPTENERG=  1.00D-06  OPTSTEP =  3.00D-04  THRGRAD =  1.00D-10  COMPRESS=  1.00D-11  VARMIN  =  1.00D-07  VARMAX  =  1.00D-03
 THRDOUB =  0.00D+00  THRDIV  =  1.00D-05  THRRED  =  1.00D-07  THRPSP  =  1.00D+00  THRDC   =  1.00D-10  THRCS   =  1.00D-10
 THRNRM  =  1.00D-08  THREQ   =  0.00D+00  THRDE   =  1.00D+00  THRREF  =  1.00D-05  SPARFAC =  1.00D+00  THRDLP  =  1.00D-07
 THRDIA  =  1.00D-10  THRDLS  =  1.00D-07  THRGPS  =  0.00D+00  THRKEX  =  0.00D+00  THRDIS  =  2.00D-01  THRVAR  =  1.00D-10
 THRLOC  =  1.00D-06  THRGAP  =  1.00D-06  THRLOCT = -1.00D+00  THRGAPT = -1.00D+00  THRORB  =  1.00D-06  THRMLTP =  0.00D+00
 THRCPQCI=  1.00D-10  KEXTA   =  0.00D+00  THRCOARS=  0.00D+00  SYMTOL  =  1.00D-06  GRADTOL =  1.00D-06  THROVL  =  1.00D-08
 THRORTH =  1.00D-08  GRID    =  1.00D-08  GRIDMAX =  1.00D-03  DTMAX   =  0.00D+00  THROCCDE=  1.00D-01  THROCCDE=  1.00D-01
 THRPRINT=  2.50D-01


 Variable memory set to  500000000 words,  buffer space 

 SETTING GEOMTYP        =    XYZ
 ZSYMEL=NOSYM

 SETTING BASIS          =    AVTZ


 Recomputing integrals since basis changed


 Using spherical harmonics

 Library entry O      S aug-cc-pVTZ          selected for orbital group  1
 Library entry O      P aug-cc-pVTZ          selected for orbital group  1
 Library entry O      D aug-cc-pVTZ          selected for orbital group  1
 Library entry O      F aug-cc-pVTZ          selected for orbital group  1
 Library entry H      S aug-cc-pVTZ          selected for orbital group  2
 Library entry H      P aug-cc-pVTZ          selected for orbital group  2
 Library entry H      D aug-cc-pVTZ          selected for orbital group  2
 Library entry C      S aug-cc-pVTZ          selected for orbital group  3
 Library entry C      P aug-cc-pVTZ          selected for orbital group  3
 Library entry C      D aug-cc-pVTZ          selected for orbital group  3
 Library entry C      F aug-cc-pVTZ          selected for orbital group  3
 Library entry N      S aug-cc-pVTZ          selected for orbital group  5
 Library entry N      P aug-cc-pVTZ          selected for orbital group  5
 Library entry N      D aug-cc-pVTZ          selected for orbital group  5
 Library entry N      F aug-cc-pVTZ          selected for orbital group  5


 PROGRAM * SEWARD (Integral evaluation for generally contracted gaussian basis sets)     Author: Roland Lindh, 1990

 Geometry written to block  1 of record 700


 Point group  C1  



 ATOMIC COORDINATES

 NR  ATOM    CHARGE       X              Y              Z

   1  O1      8.00   -1.335885555    0.086606842    0.012067988
   2  H1      1.00    0.501955885    0.135512531    0.002530897
   3  C1      6.00   -2.034612687   -2.482941037    0.003050547
   4  H2      1.00   -4.087333187   -2.576066659    0.011084045
   5  H3      1.00   -1.367039113   -3.485886463   -1.677592080
   6  H4      1.00   -1.353194664   -3.501323923    1.668778921
   7  N1      7.00   13.507079143   -0.590991751   -0.028897255
   8  H5      1.00   14.207448593    0.368566778    1.469905744
   9  H6      1.00   14.207681573    0.286480970   -1.577072077
  10  C2      6.00   14.409899458   -3.210215365    0.041894162
  11  H7      1.00   13.669344443   -4.219376882   -1.587412072
  12  H8      1.00   16.463485919   -3.411915600    0.047628527
  13  H9      1.00   13.668887953   -4.130002081    1.723055272

 Bond lengths in Bohr (Angstrom)

 1-2  1.838516761  1-3  2.662870110  3-4  2.054847530  3-5  2.067876603  3-6  2.067869735
     ( 0.972901172)     ( 1.409130178)     ( 1.087378485)     ( 1.094273173)     ( 1.094269539)

  7- 8  1.912506305   7- 9  1.912497691   7-10  2.771358563  10-11  2.054621012  10-12  2.063476005
       ( 1.012054752)       ( 1.012050194)       ( 1.466539795)       ( 1.087258617)       ( 1.091944477)

 10-13  2.054606611
       ( 1.087250996)

 Bond angles

  1-3-4  107.80889360   1-3-5  112.70939660   1-3-6  112.70742448   2-1-3  106.73530620

  4- 3- 5  107.67954830   4- 3- 6  107.68099728   5- 3- 6  108.02575013   7-10-11  109.05828427

  7-10-12  114.62388023   7-10-13  109.05680439   8- 7- 9  105.66707883   8- 7-10  109.56459378

  9- 7-10  109.57028935  11-10-12  108.23406660  11-10-13  107.39674280  12-10-13  108.23392760

 NUCLEAR CHARGE:                   36
 NUMBER OF PRIMITIVE AOS:         511
 NUMBER OF SYMMETRY AOS:          457
 NUMBER OF CONTRACTIONS:          391   (  391A   )
 NUMBER OF CORE ORBITALS:           4   (    4A   )
 NUMBER OF VALENCE ORBITALS:       25   (   25A   )


 NUCLEAR REPULSION ENERGY  102.97934835


 Eigenvalues of metric

         1 0.387E-04 0.614E-04 0.619E-04 0.642E-04 0.718E-04 0.889E-04 0.133E-03 0.159E-03


 OPERATOR DM      FOR CENTER  0  COORDINATES:    0.000000    0.000000    0.000000


 **********************************************************************************************************************************
 DATASETS  * FILE   NREC   LENGTH (MB)   RECORD NAMES
              1      18       35.79       500      610      700      900      950      970     1000      129      960     1100   
                                          VAR    BASINP    GEOM    SYMINP    ZMAT    AOBASIS   BASIS     P2S    ABASIS      S 
                                         1400     1410     1200     1210     1080     1600     1650     1700   
                                           T        V       H0       H01     AOSYM     SMH    MOLCAS    OPER   

 PROGRAMS   *        TOTAL       INT
 CPU TIMES  *         0.68      0.51
 REAL TIME  *         2.12 SEC
 DISK USED  *        36.37 MB (local),      145.50 MB (total)
 GA USED    *         0.00 MB       (max)       0.00 MB       (current)
 **********************************************************************************************************************************


 PROGRAM * RHF-SCF (CLOSED SHELL)       Authors: W. Meyer, H.-J. Werner


 NUMBER OF ELECTRONS:      18+   18-    SPACE SYMMETRY=1    SPIN SYMMETRY: Singlet 
 CONVERGENCE THRESHOLDS:    1.00E-04 (Density)    1.00E-09 (Energy)
 INTEGRAL THRESHOLDS:       1.00E-11 (Initial)    1.00E-11 (Final)
 MAX. NUMBER OF ITERATIONS:       60
 INTERPOLATION TYPE:            DIIS
 INTERPOLATION STEPS:              2 (START)      1 (STEP)
 LEVEL SHIFTS:                  0.00 (CLOSED)  0.00 (OPEN) 



 Orbital guess generated from atomic densities. Full valence occupancy:   29

 Molecular orbital dump at record        2101.2

 Initial occupancy:  18

 Direct Fock-matrix evaluation.        Authors: Roland Lindh & Martin Schuetz (1993/96)

 Integral Threshold:                  0.1D-10
 Threshold for writing integrals:     0.1D-06
 Prescreening on density matrix:        ON 
 Calculation will be performed fully direct        

 ITERATION   DDIFF            GRAD            ENERGY        2-EL.EN.            DIPOLE MOMENTS         DIIS   CPU(IT)  CPU(TOT)
    1      0.000D+00      0.000D+00      -210.28144641    355.194937    1.50954   -0.60335   -0.01073    0     17.4     20.6     start
    2      0.000D+00      0.303D-02      -210.33509047    350.548967    0.87407   -0.40328   -0.00489    1     15.7     36.3     diag
    3      0.336D-02      0.151D-02      -210.34593489    352.772806    1.03679   -0.54433   -0.00554    2     15.0     51.3     diag
    4      0.998D-03      0.367D-03      -210.34704093    352.434371    1.03532   -0.53469   -0.00534    3     14.6     66.0     diag
    5      0.314D-03      0.768D-04      -210.34710863    352.426367    1.02888   -0.54478   -0.00521    4     14.1     80.0     diag
    6      0.724D-04      0.223D-04      -210.34711346    352.438293    1.03042   -0.54562   -0.00518    5     13.3     93.3     diag
    7      0.215D-04      0.729D-05      -210.34711400    352.433784    1.03062   -0.54628   -0.00518    6     12.7    106.0     diag
    8      0.734D-05      0.158D-05      -210.34711404    352.433737    1.03065   -0.54654   -0.00517    7     12.1    118.1     diag
    9      0.233D-05      0.535D-06      -210.34711405    352.433997    1.03063   -0.54655   -0.00517    0     11.2    129.3     orth

 Final occupancy:  18

 !RHF STATE  1.1 Energy              -210.347114045842
 Nuclear energy                       102.97934835
 One-electron energy                 -489.54346095
 Two-electron energy                  176.21699855
 Virial quotient                       -1.00147673
 !RHF STATE  1.1 Dipole moment          1.03063000    -0.54654539    -0.00517454
 Dipole moment /Debye                   2.61942859    -1.38908883    -0.01315151

 Orbital energies:

         1.1          2.1          3.1          4.1          5.1          6.1          7.1          8.1          9.1         10.1
    -20.559023   -15.542497   -11.267486   -11.242721    -1.357375    -1.172537    -0.921174    -0.899079    -0.688787    -0.663886

        11.1         12.1         13.1         14.1         15.1         16.1         17.1         18.1         19.1         20.1
     -0.617964    -0.606393    -0.593482    -0.558069    -0.519883    -0.500600    -0.447692    -0.396086     0.025181     0.032925


 HOMO     18.1    -0.396086 =     -10.7781eV
 LUMO     19.1     0.025181 =       0.6852eV
 LUMO-HOMO         0.421267 =      11.4633eV


 **********************************************************************************************************************************
 DATASETS  * FILE   NREC   LENGTH (MB)   RECORD NAMES
              1      18       35.79       500      610      700      900      950      970     1000      129      960     1100   
                                          VAR    BASINP    GEOM    SYMINP    ZMAT    AOBASIS   BASIS     P2S    ABASIS      S 
                                         1400     1410     1200     1210     1080     1600     1650     1700   
                                           T        V       H0       H01     AOSYM     SMH    MOLCAS    OPER   

              2       4        6.08       700     1000      520     2101   
                                         GEOM     BASIS   MCVARS     RHF  

 PROGRAMS   *        TOTAL   RHF-SCF       INT
 CPU TIMES  *       130.10    129.40      0.51
 REAL TIME  *       133.59 SEC
 DISK USED  *        51.77 MB (local),      207.10 MB (total)
 SF USED    *         1.84 MB
 GA USED    *         0.00 MB       (max)       0.00 MB       (current)
 **********************************************************************************************************************************
 SETTING EAB_HF         =      -210.34711405  AU                              

 Dummy atoms: N1  H5  H6  C2  H7  H8  H9


 Recomputing one-electron integrals since nuclear charges changed


 PROGRAM * SEWARD (Integral evaluation for generally contracted gaussian basis sets)     Author: Roland Lindh, 1990

 Geometry written to block  1 of record 700


 Point group  C1  



 ATOMIC COORDINATES

 NR  ATOM    CHARGE       X              Y              Z

   1  O1      8.00   -1.335885555    0.086606842    0.012067988
   2  H1      1.00    0.501955885    0.135512531    0.002530897
   3  C1      6.00   -2.034612687   -2.482941037    0.003050547
   4  H2      1.00   -4.087333187   -2.576066659    0.011084045
   5  H3      1.00   -1.367039113   -3.485886463   -1.677592080
   6  H4      1.00   -1.353194664   -3.501323923    1.668778921
   7  N1      0.00   13.507079143   -0.590991751   -0.028897255
   8  H5      0.00   14.207448593    0.368566778    1.469905744
   9  H6      0.00   14.207681573    0.286480970   -1.577072077
  10  C2      0.00   14.409899458   -3.210215365    0.041894162
  11  H7      0.00   13.669344443   -4.219376882   -1.587412072
  12  H8      0.00   16.463485919   -3.411915600    0.047628527
  13  H9      0.00   13.668887953   -4.130002081    1.723055272

 Bond lengths in Bohr (Angstrom)

 1-2  1.838516761  1-3  2.662870110  3-4  2.054847530  3-5  2.067876603  3-6  2.067869735
     ( 0.972901172)     ( 1.409130178)     ( 1.087378485)     ( 1.094273173)     ( 1.094269539)

  7- 8  1.912506305   7- 9  1.912497691   7-10  2.771358563  10-11  2.054621012  10-12  2.063476005
       ( 1.012054752)       ( 1.012050194)       ( 1.466539795)       ( 1.087258617)       ( 1.091944477)

 10-13  2.054606611
       ( 1.087250996)

 Bond angles

  1-3-4  107.80889360   1-3-5  112.70939660   1-3-6  112.70742448   2-1-3  106.73530620

  4- 3- 5  107.67954830   4- 3- 6  107.68099728   5- 3- 6  108.02575013   7-10-11  109.05828427

  7-10-12  114.62388023   7-10-13  109.05680439   8- 7- 9  105.66707883   8- 7-10  109.56459378

  9- 7-10  109.57028935  11-10-12  108.23406660  11-10-13  107.39674280  12-10-13  108.23392760

 NUCLEAR CHARGE:                   18
 NUMBER OF PRIMITIVE AOS:         511
 NUMBER OF SYMMETRY AOS:          457
 NUMBER OF CONTRACTIONS:          391   (  391A   )
 NUMBER OF CORE ORBITALS:           2   (    2A   )
 NUMBER OF VALENCE ORBITALS:       12   (   12A   )

 MOLECULE CHANGED: INITIALIZING OCCUPATION AND DUMP RECORDS


 NUCLEAR REPULSION ENERGY   40.42467095


 Eigenvalues of metric

         1 0.387E-04 0.614E-04 0.619E-04 0.642E-04 0.718E-04 0.889E-04 0.133E-03 0.159E-03


 OPERATOR DM      FOR CENTER  0  COORDINATES:    0.000000    0.000000    0.000000


 **********************************************************************************************************************************
 DATASETS  * FILE   NREC   LENGTH (MB)   RECORD NAMES
              1      18       35.79       500      610      700      900      950      970     1000      129      960     1100   
                                          VAR    BASINP    GEOM    SYMINP    ZMAT    AOBASIS   BASIS     P2S    ABASIS      S 
                                         1400     1410     1200     1210     1080     1600     1650     1700   
                                           T        V       H0       H01     AOSYM     SMH    MOLCAS    OPER   

              2       4        6.08       700     1000      520     2101   
                                         GEOM     BASIS   MCVARS     RHF  

 PROGRAMS   *        TOTAL       INT   RHF-SCF       INT
 CPU TIMES  *       130.30      0.20    129.40      0.51
 REAL TIME  *       133.94 SEC
 DISK USED  *        51.77 MB (local),      207.10 MB (total)
 SF USED    *         1.84 MB
 GA USED    *         0.00 MB       (max)       0.00 MB       (current)
 **********************************************************************************************************************************


 PROGRAM * RHF-SCF (CLOSED SHELL)       Authors: W. Meyer, H.-J. Werner


 NUMBER OF ELECTRONS:       9+    9-    SPACE SYMMETRY=1    SPIN SYMMETRY: Singlet 
 CONVERGENCE THRESHOLDS:    1.00E-04 (Density)    1.00E-09 (Energy)
 INTEGRAL THRESHOLDS:       1.00E-11 (Initial)    1.00E-11 (Final)
 MAX. NUMBER OF ITERATIONS:       60
 INTERPOLATION TYPE:            DIIS
 INTERPOLATION STEPS:              2 (START)      1 (STEP)
 LEVEL SHIFTS:                  0.00 (CLOSED)  0.00 (OPEN) 



 Orbital guess generated from atomic densities. Full valence occupancy:   14

 Molecular orbital dump at record        2201.2

 Initial occupancy:   9

 Direct Fock-matrix evaluation.        Authors: Roland Lindh & Martin Schuetz (1993/96)

 Integral Threshold:                  0.1D-10
 Threshold for writing integrals:     0.1D-06
 Prescreening on density matrix:        ON 
 Calculation will be performed fully direct        

 ITERATION   DDIFF            GRAD            ENERGY        2-EL.EN.            DIPOLE MOMENTS         DIIS   CPU(IT)  CPU(TOT)
    1      0.000D+00      0.000D+00      -115.05537046    164.571654    0.73275   -0.72468   -0.00755    0     16.5     19.9     start
    2      0.000D+00      0.329D-02      -115.08355190    162.037607    0.38420   -0.43226   -0.00424    1     14.5     34.4     diag
    3      0.248D-02      0.180D-02      -115.09076506    163.278367    0.45569   -0.55347   -0.00521    2     13.9     48.2     diag
    4      0.782D-03      0.359D-03      -115.09130346    163.100377    0.45116   -0.54813   -0.00516    3     13.3     61.6     diag
    5      0.211D-03      0.722D-04      -115.09133780    163.112316    0.44535   -0.55160   -0.00515    4     12.5     74.0     diag
    6      0.497D-04      0.137D-04      -115.09133944    163.110138    0.44523   -0.55248   -0.00515    5     11.2     85.3     diag
    7      0.135D-04      0.297D-05      -115.09133952    163.109830    0.44494   -0.55269   -0.00515    6     10.0     95.2     diag
    8      0.325D-05      0.764D-06      -115.09133953    163.110145    0.44493   -0.55270   -0.00515    0      8.7    103.9     orth

 Final occupancy:   9

 !RHF STATE  1.1 Energy              -115.091339527230
 Nuclear energy                        40.42467095
 One-electron energy                 -237.07108305
 Two-electron energy                   81.55507257
 Virial quotient                       -1.00155070
 !RHF STATE  1.1 Dipole moment          0.44493103    -0.55270314    -0.00515225
 Dipole moment /Debye                   1.13082780    -1.40473925    -0.01309485

 Orbital energies:

         1.1          2.1          3.1          4.1          5.1          6.1          7.1          8.1          9.1         10.1
    -20.562226   -11.270262    -1.360532    -0.924033    -0.691867    -0.620892    -0.596425    -0.503511    -0.450720     0.016888

        11.1
      0.030622


 HOMO      9.1    -0.450720 =     -12.2647eV
 LUMO     10.1     0.016888 =       0.4595eV
 LUMO-HOMO         0.467608 =      12.7243eV


 **********************************************************************************************************************************
 DATASETS  * FILE   NREC   LENGTH (MB)   RECORD NAMES
              1      18       35.79       500      610      700      900      950      970     1000      129      960     1100   
                                          VAR    BASINP    GEOM    SYMINP    ZMAT    AOBASIS   BASIS     P2S    ABASIS      S 
                                         1400     1410     1200     1210     1080     1600     1650     1700   
                                           T        V       H0       H01     AOSYM     SMH    MOLCAS    OPER   

              2       5       14.70       700     1000      520     2101     2201   
                                         GEOM     BASIS   MCVARS     RHF      RHF  

 PROGRAMS   *        TOTAL   RHF-SCF       INT   RHF-SCF       INT
 CPU TIMES  *       234.31    104.01      0.20    129.40      0.51
 REAL TIME  *       238.75 SEC
 DISK USED  *        59.79 MB (local),      239.16 MB (total)
 SF USED    *         1.84 MB
 GA USED    *         0.00 MB       (max)       0.00 MB       (current)
 **********************************************************************************************************************************
 SETTING EA_HF          =      -115.09133953  AU                              

 Dummy atoms: O1  H1  C1  H2  H3  H4


 Recomputing one-electron integrals since nuclear charges changed


 PROGRAM * SEWARD (Integral evaluation for generally contracted gaussian basis sets)     Author: Roland Lindh, 1990

 Geometry written to block  1 of record 700


 Point group  C1  



 ATOMIC COORDINATES

 NR  ATOM    CHARGE       X              Y              Z

   1  O1      0.00   -1.335885555    0.086606842    0.012067988
   2  H1      0.00    0.501955885    0.135512531    0.002530897
   3  C1      0.00   -2.034612687   -2.482941037    0.003050547
   4  H2      0.00   -4.087333187   -2.576066659    0.011084045
   5  H3      0.00   -1.367039113   -3.485886463   -1.677592080
   6  H4      0.00   -1.353194664   -3.501323923    1.668778921
   7  N1      7.00   13.507079143   -0.590991751   -0.028897255
   8  H5      1.00   14.207448593    0.368566778    1.469905744
   9  H6      1.00   14.207681573    0.286480970   -1.577072077
  10  C2      6.00   14.409899458   -3.210215365    0.041894162
  11  H7      1.00   13.669344443   -4.219376882   -1.587412072
  12  H8      1.00   16.463485919   -3.411915600    0.047628527
  13  H9      1.00   13.668887953   -4.130002081    1.723055272

 Bond lengths in Bohr (Angstrom)

 1-2  1.838516761  1-3  2.662870110  3-4  2.054847530  3-5  2.067876603  3-6  2.067869735
     ( 0.972901172)     ( 1.409130178)     ( 1.087378485)     ( 1.094273173)     ( 1.094269539)

  7- 8  1.912506305   7- 9  1.912497691   7-10  2.771358563  10-11  2.054621012  10-12  2.063476005
       ( 1.012054752)       ( 1.012050194)       ( 1.466539795)       ( 1.087258617)       ( 1.091944477)

 10-13  2.054606611
       ( 1.087250996)

 Bond angles

  1-3-4  107.80889360   1-3-5  112.70939660   1-3-6  112.70742448   2-1-3  106.73530620

  4- 3- 5  107.67954830   4- 3- 6  107.68099728   5- 3- 6  108.02575013   7-10-11  109.05828427

  7-10-12  114.62388023   7-10-13  109.05680439   8- 7- 9  105.66707883   8- 7-10  109.56459378

  9- 7-10  109.57028935  11-10-12  108.23406660  11-10-13  107.39674280  12-10-13  108.23392760

 NUCLEAR CHARGE:                   18
 NUMBER OF PRIMITIVE AOS:         511
 NUMBER OF SYMMETRY AOS:          457
 NUMBER OF CONTRACTIONS:          391   (  391A   )
 NUMBER OF CORE ORBITALS:           2   (    2A   )
 NUMBER OF VALENCE ORBITALS:       13   (   13A   )

 MOLECULE CHANGED: INITIALIZING OCCUPATION AND DUMP RECORDS


 NUCLEAR REPULSION ENERGY   42.05202864


 Eigenvalues of metric

         1 0.387E-04 0.614E-04 0.619E-04 0.642E-04 0.718E-04 0.889E-04 0.133E-03 0.159E-03


 OPERATOR DM      FOR CENTER  0  COORDINATES:    0.000000    0.000000    0.000000


 **********************************************************************************************************************************
 DATASETS  * FILE   NREC   LENGTH (MB)   RECORD NAMES
              1      18       35.79       500      610      700      900      950      970     1000      129      960     1100   
                                          VAR    BASINP    GEOM    SYMINP    ZMAT    AOBASIS   BASIS     P2S    ABASIS      S 
                                         1400     1410     1200     1210     1080     1600     1650     1700   
                                           T        V       H0       H01     AOSYM     SMH    MOLCAS    OPER   

              2       5       14.70       700     1000      520     2101     2201   
                                         GEOM     BASIS   MCVARS     RHF      RHF  

 PROGRAMS   *        TOTAL       INT   RHF-SCF       INT   RHF-SCF       INT
 CPU TIMES  *       234.54      0.22    104.01      0.20    129.40      0.51
 REAL TIME  *       239.11 SEC
 DISK USED  *        59.79 MB (local),      239.16 MB (total)
 SF USED    *         1.84 MB
 GA USED    *         0.00 MB       (max)       0.00 MB       (current)
 **********************************************************************************************************************************


 PROGRAM * RHF-SCF (CLOSED SHELL)       Authors: W. Meyer, H.-J. Werner


 NUMBER OF ELECTRONS:       9+    9-    SPACE SYMMETRY=1    SPIN SYMMETRY: Singlet 
 CONVERGENCE THRESHOLDS:    1.00E-04 (Density)    1.00E-09 (Energy)
 INTEGRAL THRESHOLDS:       1.00E-11 (Initial)    1.00E-11 (Final)
 MAX. NUMBER OF ITERATIONS:       60
 INTERPOLATION TYPE:            DIIS
 INTERPOLATION STEPS:              2 (START)      1 (STEP)
 LEVEL SHIFTS:                  0.00 (CLOSED)  0.00 (OPEN) 



 Orbital guess generated from atomic densities. Full valence occupancy:   15

 Molecular orbital dump at record        2301.2

 Initial occupancy:   9

 Direct Fock-matrix evaluation.        Authors: Roland Lindh & Martin Schuetz (1993/96)

 Integral Threshold:                  0.1D-10
 Threshold for writing integrals:     0.1D-06
 Prescreening on density matrix:        ON 
 Calculation will be performed fully direct        

 ITERATION   DDIFF            GRAD            ENERGY        2-EL.EN.            DIPOLE MOMENTS         DIIS   CPU(IT)  CPU(TOT)
    1      0.000D+00      0.000D+00       -95.22550341    149.614109    0.77679    0.12133   -0.00318    0     16.5     19.9     start
    2      0.000D+00      0.267D-02       -95.25115128    147.485680    0.46982    0.02663   -0.00067    1     14.6     34.6     diag
    3      0.226D-02      0.112D-02       -95.25492218    148.502351    0.57160    0.01154   -0.00025    2     14.0     48.6     diag
    4      0.625D-03      0.332D-03       -95.25544322    148.291383    0.56757    0.00958   -0.00020    3     13.5     62.1     diag
    5      0.225D-03      0.645D-04       -95.25546966    148.297516    0.56825    0.00395   -0.00005    4     12.6     74.7     diag
    6      0.424D-04      0.155D-04       -95.25547138    148.300937    0.56935    0.00371   -0.00004    5     12.0     86.8     diag
    7      0.132D-04      0.434D-05       -95.25547151    148.298973    0.56974    0.00336   -0.00003    6     11.1     97.9     diag
    8      0.353D-05      0.116D-05       -95.25547153    148.299256    0.56980    0.00325   -0.00003    7     10.6    108.5     diag
    9      0.150D-05      0.299D-06       -95.25547153    148.299191    0.56982    0.00324   -0.00003    0      9.0    117.5     orth

 Final occupancy:   9

 !RHF STATE  1.1 Energy               -95.255471526417
 Nuclear energy                        42.05202864
 One-electron energy                 -211.45709557
 Two-electron energy                   74.14959541
 Virial quotient                       -1.00137711
 !RHF STATE  1.1 Dipole moment          0.56981845     0.00323558    -0.00002620
 Dipole moment /Debye                   1.44823917     0.00822348    -0.00006658

 Orbital energies:

         1.1          2.1          3.1          4.1          5.1          6.1          7.1          8.1          9.1         10.1
    -15.539980   -11.240327    -1.170057    -0.896654    -0.661413    -0.603969    -0.555606    -0.517434    -0.393512     0.024096

        11.1
      0.030544


 HOMO      9.1    -0.393512 =     -10.7080eV
 LUMO     10.1     0.024096 =       0.6557eV
 LUMO-HOMO         0.417608 =      11.3637eV


 **********************************************************************************************************************************
 DATASETS  * FILE   NREC   LENGTH (MB)   RECORD NAMES
              1      18       35.79       500      610      700      900      950      970     1000      129      960     1100   
                                          VAR    BASINP    GEOM    SYMINP    ZMAT    AOBASIS   BASIS     P2S    ABASIS      S 
                                         1400     1410     1200     1210     1080     1600     1650     1700   
                                           T        V       H0       H01     AOSYM     SMH    MOLCAS    OPER   

              2       6       23.33       700     1000      520     2101     2201     2301   
                                         GEOM     BASIS   MCVARS     RHF      RHF      RHF  

 PROGRAMS   *        TOTAL   RHF-SCF       INT   RHF-SCF       INT   RHF-SCF       INT
 CPU TIMES  *       352.14    117.59      0.22    104.01      0.20    129.40      0.51
 REAL TIME  *       357.58 SEC
 DISK USED  *        69.03 MB (local),      276.12 MB (total)
 SF USED    *         1.84 MB
 GA USED    *         0.00 MB       (max)       0.00 MB       (current)
 **********************************************************************************************************************************
 SETTING EB_HF          =       -95.25547153  AU                              
 SETTING E_AB_INT       =        -0.00030299  AU                              

 *** results in hartree
 E_AB_INT         =        -0.00030299 AU
 Molecular orbitals read from record     2301.2  Type=RHF/CANONICAL (state 1.1)
 Occupation numbers read from record     2301.2  Type=RHF/RHF (state 1.1)
 Orbital energies read from record       2301.2  Type=RHF/CANONICAL (state 1.1)
 Redundancy group numbers read from rec  2301.2  Type=RHF/RHF (state 1.1)

 RHF/aug-cc-pVTZ energy=    -95.255471526417

         RHF-SCF         RHF-SCF         RHF-SCF
    -95.25547153   -115.09133953   -210.34711405
 **********************************************************************************************************************************
 Molpro calculation terminated
