
 Primary working directories    : /scratch/sirous/125808/molpro.WOuSW0kFNK
 Secondary working directories  : /scratch/sirous/125808/molpro.WOuSW0kFNK
 Wavefunction directory         : /scratch/sirous/125808/
 Main file repository           : /scratch/sirous/125808/molpro.WOuSW0kFNK/

 id        : karlovklimes

 Nodes                      nprocs
 nc-06.cc.karlov.mff.cuni.cz    4

 Using customized tuning parameters: mindgm=1; mindgv=20; mindgc=4; mindgr=1; noblas=0; minvec=7
 default implementation of scratch files=sf  


 Variables initialized (934), CPU time= 0.00 sec
 ***,CH3C6H4CN+CF3CN+BF3
 memory,500,m
 gdirect
 gthresh,energy=1.d-8,twoint=1.d-19,oneint=1.d-19,zero=1.d-15,orbital=1.d-8,grid=1.d-8
 symmetry,nosym
 geomtyp=xyz
                                                                                 ! Geometry
 geometry={
 C1        -2.587776049    -0.323105663     0.469458281
 H1        -2.610389098    -0.876366037     -0.469619463
 H2        -2.659744098    -1.051886544     1.277714106
 H3        -3.476035067    0.305624599     0.508961287
 C2        -1.309559821    0.497394244     0.585062602
 H4        -1.317250596    1.083261898     1.506341079
 H5        -1.262376728    1.215573754     -0.236776166
 C3        -0.056829660    -0.368260293     0.558440171
 H6        -0.086175261    -1.073358819     1.395875370
 H7        -0.053809192    -0.976843331     -0.351473927
 C4        1.231596056    0.440065587     0.632032464
 H8        1.213283398    1.053561928     1.534593047
 H9        1.266297334    1.131376624     -0.213105634
 C5        2.472575228    -0.443144406     0.619221484
 H10        2.520718878    -1.035263421     -0.294896953
 H11        3.387734375    0.144089745     0.683908711
 H12        2.459297033    -1.139364229     1.458618215
 C6        0.043575802    0.204265353     4.182992136
 O1        0.070488069    1.389338834     3.891150950
 N1        1.176156074    -0.547612294     4.285812081
 H13        2.047096327    -0.125031775     4.017149826
 H14        1.137218110    -1.539498958     4.417235005
 C7        -1.246645178    -0.534672135     4.447445965
 H15        -1.099395174    -1.495393495     4.934570331
 H16        -1.752872703    -0.692981065     3.496632618
 H17        -1.884589126    0.092564296     5.062717818
 }
 
 
 
 basis=avdz
 
 
 
                                                                                 ! Dimer Calculation
 {rks,pbe,accu=1.d-8;orbital,2101.2}
 eab_PBE=energy
 
 
                                                                                 !monomer A
 dummy,18,19,20,21,22,23,24,25,26;                                               ! NOW MONOMER B IS DUMMY
 {rks,pbe,accu=1.d-8;orbital,2201.2}
 ea_PBE=energy
                                                                                 !monomer B
 dummy,1,2,3,4,5,6,7,8,9,10,11,12,13,14,15,16,17;                                !NOW MONOMER A IS DUMMY
 {rks,pbe,accu=1.d-8;orbital,2301.2}
 eb_PBE=energy
 
 E_AB_int=eab_PBE-ea_PBE-eb_PBE
 
 
 text,results in hartree
 show,E_AB_int
 
 Commands  initialized (763), CPU time= 0.02 sec, 617 directives.
 Default parameters read. Elapsed time= 0.20 sec

 Checking input...
 Passed
1


                                         ***  PROGRAM SYSTEM MOLPRO  ***
                                       Copyright, TTI GmbH Stuttgart, 2015
                                    Version 2019.2 linked Jun  8 2019 11:26:33


 **********************************************************************************************************************************
 LABEL *   CH3C6H4CN+CF3CN+BF3                                                           
  64 bit mpp version                                                                     DATE: 22-Nov-19          TIME: 10:47:08  
 **********************************************************************************************************************************

 SHA1:             8135a10abc80eafa5b3ae28ffc55be4890dc4c84
 **********************************************************************************************************************************

 THRESHOLDS:

 ZERO    =  1.00D-15  ONEINT  =  1.00D-19  TWOINT  =  1.00D-19  PREFAC  =  1.00D-14  XXXXXX  =  1.00D-09  EORDER  =  1.00D-04
 ENERGY  =  1.00D-08  ETEST   =  0.00D+00  EDENS   =  0.00D+00  THRDEDEF=  1.00D-06  GRADIENT=  1.00D-02  STEP    =  1.00D-03
 ORBITAL =  1.00D-08  CIVEC   =  1.00D-05  COEFF   =  1.00D-04  PRINTCI =  5.00D-02  PUNCHCI =  9.90D+01  OPTGRAD =  3.00D-04
 OPTENERG=  1.00D-06  OPTSTEP =  3.00D-04  THRGRAD =  1.00D-10  COMPRESS=  1.00D-11  VARMIN  =  1.00D-07  VARMAX  =  1.00D-03
 THRDOUB =  0.00D+00  THRDIV  =  1.00D-05  THRRED  =  1.00D-07  THRPSP  =  1.00D+00  THRDC   =  1.00D-10  THRCS   =  1.00D-10
 THRNRM  =  1.00D-08  THREQ   =  0.00D+00  THRDE   =  1.00D+00  THRREF  =  1.00D-05  SPARFAC =  1.00D+00  THRDLP  =  1.00D-07
 THRDIA  =  1.00D-10  THRDLS  =  1.00D-07  THRGPS  =  0.00D+00  THRKEX  =  0.00D+00  THRDIS  =  2.00D-01  THRVAR  =  1.00D-10
 THRLOC  =  1.00D-06  THRGAP  =  1.00D-06  THRLOCT = -1.00D+00  THRGAPT = -1.00D+00  THRORB  =  1.00D-06  THRMLTP =  0.00D+00
 THRCPQCI=  1.00D-10  KEXTA   =  0.00D+00  THRCOARS=  0.00D+00  SYMTOL  =  1.00D-06  GRADTOL =  1.00D-06  THROVL  =  1.00D-08
 THRORTH =  1.00D-08  GRID    =  1.00D-08  GRIDMAX =  1.00D-03  DTMAX   =  0.00D+00  THROCCDE=  1.00D-01  THROCCDE=  1.00D-01
 THRPRINT=  2.50D-01


 Variable memory set to  500000000 words,  buffer space 

 SETTING GEOMTYP        =    XYZ
 ZSYMEL=NOSYM

 SETTING BASIS          =    AVDZ


 Recomputing integrals since basis changed


 Using spherical harmonics

 Library entry C      S aug-cc-pVDZ          selected for orbital group  1
 Library entry C      P aug-cc-pVDZ          selected for orbital group  1
 Library entry C      D aug-cc-pVDZ          selected for orbital group  1
 Library entry H      S aug-cc-pVDZ          selected for orbital group  2
 Library entry H      P aug-cc-pVDZ          selected for orbital group  2
 Library entry O      S aug-cc-pVDZ          selected for orbital group 12
 Library entry O      P aug-cc-pVDZ          selected for orbital group 12
 Library entry O      D aug-cc-pVDZ          selected for orbital group 12
 Library entry N      S aug-cc-pVDZ          selected for orbital group 13
 Library entry N      P aug-cc-pVDZ          selected for orbital group 13
 Library entry N      D aug-cc-pVDZ          selected for orbital group 13


 PROGRAM * SEWARD (Integral evaluation for generally contracted gaussian basis sets)     Author: Roland Lindh, 1990

 Geometry written to block  1 of record 700


 Point group  C1  



 ATOMIC COORDINATES

 NR  ATOM    CHARGE       X              Y              Z

   1  C1      6.00   -4.890188004   -0.610581212    0.887147578
   2  H1      1.00   -4.932920474   -1.656091795   -0.887452168
   3  H2      1.00   -5.026187907   -1.987777482    2.414529726
   4  H3      1.00   -6.568754276    0.577546789    0.961797440
   5  C2      6.00   -2.474709405    0.939938897    1.105608084
   6  H4      1.00   -2.489242864    2.047068308    2.846572089
   7  H5      1.00   -2.385546282    2.297101479   -0.447442107
   8  C3      6.00   -0.107392493   -0.695911096    1.055298980
   9  H6      1.00   -0.162847642   -2.028354201    2.637822153
  10  H7      1.00   -0.101684636   -1.845966362   -0.664189462
  11  C4      6.00    2.327379242    0.831603436    1.194368259
  12  H8      1.00    2.292773334    1.990943499    2.899960571
  13  H9      1.00    2.392955154    2.137991963   -0.402711284
  14  C5      6.00    4.672490003   -0.837421561    1.170159015
  15  H10     1.00    4.763468316   -1.956364332   -0.557274476
  16  H11     1.00    6.401890152    0.272290155    1.292400158
  17  H12     1.00    4.647397851   -2.153086349    2.756388947
  18  C6      6.00    0.082346331    0.386005574    7.904709518
  19  O1      8.00    0.133203145    2.625469890    7.353209605
  20  N1      7.00    2.222612860   -1.034837258    8.099011054
  21  H13     1.00    3.868451409   -0.236275812    7.591312972
  22  H14     1.00    2.149030772   -2.909231400    8.347364387
  23  C7      6.00   -2.355817961   -1.010383902    8.404454828
  24  H15     1.00   -2.077555782   -2.825884154    9.324986468
  25  H16     1.00   -3.312449340   -1.309544422    6.607678006
  26  H17     1.00   -3.561357305    0.174921168    9.567150122

 Bond lengths in Bohr (Angstrom)

 1-2  2.060126865  1-3  2.061082668  1-4  2.057864300  1-5  2.878606341  5-6  2.063226218
     ( 1.090172189)     ( 1.090677978)     ( 1.088974891)     ( 1.523292875)     ( 1.091812295)

  5- 7  2.064414016   5- 8  2.877972476   8- 9  2.069507066   8-10  2.068646948   8-11  2.877629982
       ( 1.092440851)       ( 1.522957448)       ( 1.095135977)       ( 1.094680822)       ( 1.522776208)

 11-12  2.062598383  11-13  2.064367760  11-14  2.878502217  14-15  2.060178741  14-16  2.058452784
       ( 1.091480059)       ( 1.092416374)       ( 1.523237775)       ( 1.090199640)       ( 1.089286303)

 14-17  2.061001903  18-19  2.306932811  18-20  2.576293510  18-23  2.853820958  20-21  1.898484199
       ( 1.090635239)       ( 1.220776271)       ( 1.363315814)       ( 1.510177015)       ( 1.004634574)

 20-22  1.892206939  23-24  2.054470615  23-25  2.057437134  23-26  2.051861001
       ( 1.001312790)       ( 1.087179030)       ( 1.088748844)       ( 1.085798082)

 Bond angles

  1-5-6  110.31365242   1-5-7  109.46632165   1-5-8  112.50325274   2-1-3  107.33005062

  2-1-4  107.89883806   2-1-5  110.86301327   3-1-4  107.76307266   3-1-5  111.04127136

  4- 1- 5  111.75953191   5- 8- 9  109.30247942   5- 8-10  109.43889760   5- 8-11  113.16666554

  6- 5- 7  106.39935151   6- 5- 8  108.99893301   7- 5- 8  108.96530258   8-11-12  108.91294847

  8-11-13  108.99032888   8-11-14  112.40356172   9- 8-10  106.12587712   9- 8-11  109.11622724

 10- 8-11  109.44763979  11-14-15  110.97426939  11-14-16  111.80091255  11-14-17  110.71660000

 12-11-13  106.53313612  12-11-14  110.27519485  13-11-14  109.54472653  15-14-16  107.78783538

 15-14-17  107.40705766  16-14-17  107.97875107  18-20-21  117.90778148  18-20-22  121.59476995

 18-23-24  113.27455696  18-23-25  108.38855336  18-23-26  108.57413878  19-18-20  122.35021249

 19-18-23  122.39089113  20-18-23  115.25790279  21-20-22  119.04410273  24-23-25  109.01290063

 24-23-26  109.64311204  25-23-26  107.79897382

 NUCLEAR CHARGE:                   74
 NUMBER OF PRIMITIVE AOS:         520
 NUMBER OF SYMMETRY AOS:          502
 NUMBER OF CONTRACTIONS:          360   (  360A   )
 NUMBER OF CORE ORBITALS:           9   (    9A   )
 NUMBER OF VALENCE ORBITALS:       53   (   53A   )


 NUCLEAR REPULSION ENERGY  476.07724184


 Eigenvalues of metric

         1 0.100E-04 0.233E-04 0.249E-04 0.431E-04 0.590E-04 0.634E-04 0.865E-04 0.100E-03


 OPERATOR DM      FOR CENTER  0  COORDINATES:    0.000000    0.000000    0.000000


 **********************************************************************************************************************************
 DATASETS  * FILE   NREC   LENGTH (MB)   RECORD NAMES
              1      18       35.19       500      610      700      900      950      970     1000      129      960     1100   
                                          VAR    BASINP    GEOM    SYMINP    ZMAT    AOBASIS   BASIS     P2S    ABASIS      S 
                                         1400     1410     1200     1210     1080     1600     1650     1700   
                                           T        V       H0       H01     AOSYM     SMH    MOLCAS    OPER   

 PROGRAMS   *        TOTAL       INT
 CPU TIMES  *         0.87      0.69
 REAL TIME  *         2.56 SEC
 DISK USED  *        35.99 MB (local),      143.96 MB (total)
 GA USED    *         0.00 MB       (max)       0.00 MB       (current)
 **********************************************************************************************************************************

 Density functional group PBE=PBEX+PBEC
 Functional: PBEX(Automatically generated (new) PBEX)                          Gradient terms: 1
 Functional: PBEC(Automatically generated (new) PBEC)                          Gradient terms: 1
 Use libxcgrid:  F
 Use grid at  1800.2

 Functional: PBEX                      Factor:  1.0000
 Functional: PBEC                      Factor:  1.0000

 Generated new metagrid on record  1800.2 with target accuracy 1.0D-08 and 217834 points in CPU time    0.6
 Computed new grid on record 1800.1 in CPU time    1.1
  291014 words reserved for DFT integration

 PROGRAM * RKS-SCF (Restricted closed shell Kohn-Sham)     Authors: W. Meyer, H.-J. Werner, P.J. Knowles, 1993

 NUMBER OF ELECTRONS:      37+   37-    SPACE SYMMETRY=1    SPIN SYMMETRY: Singlet 
 CONVERGENCE THRESHOLDS:    1.00E-04 (Density)    1.00E-08 (Energy)
 INTEGRAL THRESHOLDS:       1.00E-11 (Initial)    1.00E-11 (Final)
 MAX. NUMBER OF ITERATIONS:       60
 INTERPOLATION TYPE:            DIIS
 INTERPOLATION STEPS:              2 (START)      1 (STEP)
 LEVEL SHIFTS:                  0.00 (CLOSED)  0.00 (OPEN) 



 Use fine grid record 1800.2 for energy threshold  1.0D-08
 Orbital guess generated from atomic densities. Full valence occupancy:   62

 Molecular orbital dump at record        2101.2

 Initial occupancy:  37

 Direct Fock-matrix evaluation.        Authors: Roland Lindh & Martin Schuetz (1993/96)

 Integral Threshold:                  0.1D-10
 Threshold for writing integrals:     0.1D-06
 Prescreening on density matrix:        ON 
 Calculation will be performed fully direct        

 ITERATION   DDIFF            GRAD            ENERGY        2-EL.EN.            DIPOLE MOMENTS         DIIS   CPU(IT)  CPU(TOT)
    1      0.000D+00      0.000D+00      -405.99157429   1371.013201    0.49539   -2.34517    0.37576    0     30.2     39.0     start
    2      0.000D+00      0.624D-02      -404.60162165   1280.537369   -2.51314    4.47398   -0.54961    1     29.1     68.0     diag
    3      0.264D-01      0.122D-01      -406.33144221   1340.744824    0.75989   -2.87844    0.48924    2     28.7     96.8     diag
    4      0.180D-01      0.385D-02      -406.48307773   1341.660316    0.18732   -1.17630    0.21262    3     28.3    125.1     diag
    5      0.461D-02      0.747D-03      -406.48626945   1339.661542    0.28557   -1.20356    0.27746    4     28.0    153.1     diag
    6      0.133D-02      0.467D-03      -406.48859043   1340.290640    0.20200   -1.21594    0.24736    5     27.5    180.6     diag
    7      0.644D-03      0.970D-04      -406.48870079   1340.477311    0.23651   -1.24861    0.25588    6     26.9    207.5     diag
    8      0.153D-03      0.329D-04      -406.48871055   1340.437517    0.23210   -1.25251    0.25827    7     26.1    233.6     diag
    9      0.498D-04      0.107D-04      -406.48871186   1340.468182    0.23295   -1.25387    0.25696    8     25.7    259.3     diag
   10      0.184D-04      0.206D-05      -406.48871190   1340.469404    0.23301   -1.25336    0.25695    9     25.0    284.3     orth
   11      0.440D-05      0.673D-06      -406.48871189   1340.469095    0.23309   -1.25375    0.25733    0     24.4    308.8     orth

 Final occupancy:  37

 !RKS STATE  1.1 Energy              -406.488711893719
 Nuclear energy                       476.07724184
 One-electron energy                -1493.45584065
 Two-electron energy                  670.23454770
 Density functional                   -59.34466078     PBEX=-56.92891639 PBEC= -2.41574438
 Virial quotient                       -1.00560029
 !RKS STATE  1.1 Dipole moment          0.23309343    -1.25375122     0.25733062
 Dipole moment /Debye                   0.59242559    -3.18650902     0.65402636

 Orbital energies:

         1.1          2.1          3.1          4.1          5.1          6.1          7.1          8.1          9.1         10.1
    -18.740352   -14.030247    -9.996444    -9.902213    -9.879111    -9.878412    -9.877707    -9.877674    -9.876872    -0.956312

        11.1         12.1         13.1         14.1         15.1         16.1         17.1         18.1         19.1         20.1
     -0.838521    -0.727441    -0.680135    -0.677717    -0.608738    -0.543395    -0.534238    -0.511987    -0.498849    -0.427871

        21.1         22.1         23.1         24.1         25.1         26.1         27.1         28.1         29.1         30.1
     -0.426834    -0.402969    -0.388602    -0.382542    -0.362662    -0.358397    -0.357217    -0.347083    -0.333312    -0.327719

        31.1         32.1         33.1         34.1         35.1         36.1         37.1         38.1         39.1
     -0.307174    -0.286935    -0.281496    -0.273880    -0.271992    -0.242438    -0.213817    -0.034872    -0.025195


 HOMO     37.1    -0.213817 =      -5.8183eV
 LUMO     38.1    -0.034872 =      -0.9489eV
 LUMO-HOMO         0.178945 =       4.8693eV


 **********************************************************************************************************************************
 DATASETS  * FILE   NREC   LENGTH (MB)   RECORD NAMES
              1      19       35.19       500      610      700      900      950      970     1000      129      960     1100   
                                          VAR    BASINP    GEOM    SYMINP    ZMAT    AOBASIS   BASIS     P2S    ABASIS      S 
                                         1400     1410     1200     1210     1080     1600     1650     1700     1800   
                                           T        V       H0       H01     AOSYM     SMH    MOLCAS    OPER     GRID   

              2       5        5.85       700     1000      520     1800     2101   
                                         GEOM     BASIS   MCVARS    GRID      RKS  

 PROGRAMS   *        TOTAL   RKS-SCF       INT
 CPU TIMES  *       310.80    309.93      0.69
 REAL TIME  *       314.18 SEC
 DISK USED  *        50.49 MB (local),      201.98 MB (total)
 SF USED    *         1.56 MB
 GA USED    *         7.04 MB       (max)       7.04 MB       (current)
 **********************************************************************************************************************************
 SETTING EAB_PBE        =      -406.48871189  AU                              

 Dummy atoms: C6  O1  N1  H13  H14  C7  H15  H16  H17


 Recomputing one-electron integrals since nuclear charges changed


 PROGRAM * SEWARD (Integral evaluation for generally contracted gaussian basis sets)     Author: Roland Lindh, 1990

 Geometry written to block  1 of record 700


 Point group  C1  



 ATOMIC COORDINATES

 NR  ATOM    CHARGE       X              Y              Z

   1  C1      6.00   -4.890188004   -0.610581212    0.887147578
   2  H1      1.00   -4.932920474   -1.656091795   -0.887452168
   3  H2      1.00   -5.026187907   -1.987777482    2.414529726
   4  H3      1.00   -6.568754276    0.577546789    0.961797440
   5  C2      6.00   -2.474709405    0.939938897    1.105608084
   6  H4      1.00   -2.489242864    2.047068308    2.846572089
   7  H5      1.00   -2.385546282    2.297101479   -0.447442107
   8  C3      6.00   -0.107392493   -0.695911096    1.055298980
   9  H6      1.00   -0.162847642   -2.028354201    2.637822153
  10  H7      1.00   -0.101684636   -1.845966362   -0.664189462
  11  C4      6.00    2.327379242    0.831603436    1.194368259
  12  H8      1.00    2.292773334    1.990943499    2.899960571
  13  H9      1.00    2.392955154    2.137991963   -0.402711284
  14  C5      6.00    4.672490003   -0.837421561    1.170159015
  15  H10     1.00    4.763468316   -1.956364332   -0.557274476
  16  H11     1.00    6.401890152    0.272290155    1.292400158
  17  H12     1.00    4.647397851   -2.153086349    2.756388947
  18  C6      0.00    0.082346331    0.386005574    7.904709518
  19  O1      0.00    0.133203145    2.625469890    7.353209605
  20  N1      0.00    2.222612860   -1.034837258    8.099011054
  21  H13     0.00    3.868451409   -0.236275812    7.591312972
  22  H14     0.00    2.149030772   -2.909231400    8.347364387
  23  C7      0.00   -2.355817961   -1.010383902    8.404454828
  24  H15     0.00   -2.077555782   -2.825884154    9.324986468
  25  H16     0.00   -3.312449340   -1.309544422    6.607678006
  26  H17     0.00   -3.561357305    0.174921168    9.567150122

 Bond lengths in Bohr (Angstrom)

 1-2  2.060126865  1-3  2.061082668  1-4  2.057864300  1-5  2.878606341  5-6  2.063226218
     ( 1.090172189)     ( 1.090677978)     ( 1.088974891)     ( 1.523292875)     ( 1.091812295)

  5- 7  2.064414016   5- 8  2.877972476   8- 9  2.069507066   8-10  2.068646948   8-11  2.877629982
       ( 1.092440851)       ( 1.522957448)       ( 1.095135977)       ( 1.094680822)       ( 1.522776208)

 11-12  2.062598383  11-13  2.064367760  11-14  2.878502217  14-15  2.060178741  14-16  2.058452784
       ( 1.091480059)       ( 1.092416374)       ( 1.523237775)       ( 1.090199640)       ( 1.089286303)

 14-17  2.061001903  18-19  2.306932811  18-20  2.576293510  18-23  2.853820958  20-21  1.898484199
       ( 1.090635239)       ( 1.220776271)       ( 1.363315814)       ( 1.510177015)       ( 1.004634574)

 20-22  1.892206939  23-24  2.054470615  23-25  2.057437134  23-26  2.051861001
       ( 1.001312790)       ( 1.087179030)       ( 1.088748844)       ( 1.085798082)

 Bond angles

  1-5-6  110.31365242   1-5-7  109.46632165   1-5-8  112.50325274   2-1-3  107.33005062

  2-1-4  107.89883806   2-1-5  110.86301327   3-1-4  107.76307266   3-1-5  111.04127136

  4- 1- 5  111.75953191   5- 8- 9  109.30247942   5- 8-10  109.43889760   5- 8-11  113.16666554

  6- 5- 7  106.39935151   6- 5- 8  108.99893301   7- 5- 8  108.96530258   8-11-12  108.91294847

  8-11-13  108.99032888   8-11-14  112.40356172   9- 8-10  106.12587712   9- 8-11  109.11622724

 10- 8-11  109.44763979  11-14-15  110.97426939  11-14-16  111.80091255  11-14-17  110.71660000

 12-11-13  106.53313612  12-11-14  110.27519485  13-11-14  109.54472653  15-14-16  107.78783538

 15-14-17  107.40705766  16-14-17  107.97875107  18-20-21  117.90778148  18-20-22  121.59476995

 18-23-24  113.27455696  18-23-25  108.38855336  18-23-26  108.57413878  19-18-20  122.35021249

 19-18-23  122.39089113  20-18-23  115.25790279  21-20-22  119.04410273  24-23-25  109.01290063

 24-23-26  109.64311204  25-23-26  107.79897382

 NUCLEAR CHARGE:                   42
 NUMBER OF PRIMITIVE AOS:         520
 NUMBER OF SYMMETRY AOS:          502
 NUMBER OF CONTRACTIONS:          360   (  360A   )
 NUMBER OF CORE ORBITALS:           5   (    5A   )
 NUMBER OF VALENCE ORBITALS:       32   (   32A   )

 MOLECULE CHANGED: INITIALIZING OCCUPATION AND DUMP RECORDS


 NUCLEAR REPULSION ENERGY  185.65184940


 Eigenvalues of metric

         1 0.100E-04 0.233E-04 0.249E-04 0.431E-04 0.590E-04 0.634E-04 0.865E-04 0.100E-03


 OPERATOR DM      FOR CENTER  0  COORDINATES:    0.000000    0.000000    0.000000


 **********************************************************************************************************************************
 DATASETS  * FILE   NREC   LENGTH (MB)   RECORD NAMES
              1      19       35.19       500      610      700      900      950      970     1000      129      960     1100   
                                          VAR    BASINP    GEOM    SYMINP    ZMAT    AOBASIS   BASIS     P2S    ABASIS      S 
                                         1400     1410     1200     1210     1080     1600     1650     1700     1800   
                                           T        V       H0       H01     AOSYM     SMH    MOLCAS    OPER     GRID   

              2       5        5.85       700     1000      520     1800     2101   
                                         GEOM     BASIS   MCVARS    GRID      RKS  

 PROGRAMS   *        TOTAL       INT   RKS-SCF       INT
 CPU TIMES  *       311.06      0.26    309.93      0.69
 REAL TIME  *       314.67 SEC
 DISK USED  *        50.49 MB (local),      201.98 MB (total)
 SF USED    *         1.56 MB
 GA USED    *         7.04 MB       (max)       7.04 MB       (current)
 **********************************************************************************************************************************

 Density functional group PBE=PBEX+PBEC
 Functional: PBEX(Automatically generated (new) PBEX)                          Gradient terms: 1
 Functional: PBEC(Automatically generated (new) PBEC)                          Gradient terms: 1
 Use libxcgrid:  F
 Use grid at  1800.2

 Functional: PBEX                      Factor:  1.0000
 Functional: PBEC                      Factor:  1.0000

 Generated new metagrid on record  1800.2 with target accuracy 1.0D-08 and 217834 points in CPU time    0.6
 Computed new grid on record 1800.1 in CPU time    1.0
  291014 words reserved for DFT integration

 PROGRAM * RKS-SCF (Restricted closed shell Kohn-Sham)     Authors: W. Meyer, H.-J. Werner, P.J. Knowles, 1993

 NUMBER OF ELECTRONS:      21+   21-    SPACE SYMMETRY=1    SPIN SYMMETRY: Singlet 
 CONVERGENCE THRESHOLDS:    1.00E-04 (Density)    1.00E-08 (Energy)
 INTEGRAL THRESHOLDS:       1.00E-11 (Initial)    1.00E-11 (Final)
 MAX. NUMBER OF ITERATIONS:       60
 INTERPOLATION TYPE:            DIIS
 INTERPOLATION STEPS:              2 (START)      1 (STEP)
 LEVEL SHIFTS:                  0.00 (CLOSED)  0.00 (OPEN) 



 Use fine grid record 1800.2 for energy threshold  1.0D-08
 Orbital guess generated from atomic densities. Full valence occupancy:   37

 Molecular orbital dump at record        2201.2

 Initial occupancy:  21

 Direct Fock-matrix evaluation.        Authors: Roland Lindh & Martin Schuetz (1993/96)

 Integral Threshold:                  0.1D-10
 Threshold for writing integrals:     0.1D-06
 Prescreening on density matrix:        ON 
 Calculation will be performed fully direct        

 ITERATION   DDIFF            GRAD            ENERGY        2-EL.EN.            DIPOLE MOMENTS         DIIS   CPU(IT)  CPU(TOT)
    1      0.000D+00      0.000D+00      -197.15852993    578.376914   -0.00075   -0.01758   -0.00721    0     29.5     38.2     start
    2      0.000D+00      0.632D-02      -196.58657777    527.688181    0.00412    0.19707    0.02029    1     28.4     66.6     diag
    3      0.205D-01      0.104D-01      -197.48223993    560.516003    0.00122    0.07294    0.00201    2     28.1     94.7     diag
    4      0.125D-01      0.672D-03      -197.48403165    559.333432   -0.00007    0.01692   -0.00089    3     27.3    122.0     diag
    5      0.139D-02      0.506D-03      -197.48585598    559.463825    0.00031    0.02692   -0.00097    4     27.1    149.1     diag
    6      0.660D-03      0.876D-04      -197.48591030    559.487316    0.00068    0.04696    0.00077    5     26.4    175.5     diag
    7      0.156D-03      0.146D-04      -197.48591192    559.502679    0.00049    0.03725   -0.00007    6     25.5    201.0     diag
    8      0.400D-04      0.503D-05      -197.48591210    559.505868    0.00052    0.03882    0.00008    7     24.5    225.5     diag
    9      0.105D-04      0.147D-05      -197.48591212    559.505996    0.00053    0.03945    0.00013    8     23.2    248.7     diag
   10      0.202D-05      0.193D-06      -197.48591211    559.505870    0.00053    0.03921    0.00011    0     22.4    271.1     orth

 Final occupancy:  21

 !RKS STATE  1.1 Energy              -197.485912114585
 Nuclear energy                       185.65184940
 One-electron energy                 -631.52816936
 Two-electron energy                  279.75293488
 Density functional                   -31.36252704     PBEX=-30.01094363 PBEC= -1.35158341
 Virial quotient                       -1.00592440
 !RKS STATE  1.1 Dipole moment          0.00052500     0.03920770     0.00010666
 Dipole moment /Debye                   0.00133433     0.09964950     0.00027108

 Orbital energies:

         1.1          2.1          3.1          4.1          5.1          6.1          7.1          8.1          9.1         10.1
     -9.884237    -9.884159    -9.881767    -9.878098    -9.878082    -0.731157    -0.681817    -0.610003    -0.537398    -0.516135

        11.1         12.1         13.1         14.1         15.1         16.1         17.1         18.1         19.1         20.1
     -0.426535    -0.391155    -0.384126    -0.360235    -0.347741    -0.330489    -0.310453    -0.290428    -0.285787    -0.277309

        21.1         22.1         23.1
     -0.274755    -0.017454    -0.004808


 HOMO     21.1    -0.274755 =      -7.4765eV
 LUMO     22.1    -0.017454 =      -0.4750eV
 LUMO-HOMO         0.257301 =       7.0015eV


 **********************************************************************************************************************************
 DATASETS  * FILE   NREC   LENGTH (MB)   RECORD NAMES
              1      19       35.19       500      610      700      900      950      970     1000      129      960     1100   
                                          VAR    BASINP    GEOM    SYMINP    ZMAT    AOBASIS   BASIS     P2S    ABASIS      S 
                                         1400     1410     1200     1210     1080     1600     1650     1700     1800   
                                           T        V       H0       H01     AOSYM     SMH    MOLCAS    OPER     GRID   

              2       6       13.54       700     1000      520     1800     2101     2201   
                                         GEOM     BASIS   MCVARS    GRID      RKS      RKS  

 PROGRAMS   *        TOTAL   RKS-SCF       INT   RKS-SCF       INT
 CPU TIMES  *       583.32    272.26      0.26    309.93      0.69
 REAL TIME  *       587.63 SEC
 DISK USED  *        57.67 MB (local),      230.67 MB (total)
 SF USED    *         1.56 MB
 GA USED    *         7.04 MB       (max)       7.04 MB       (current)
 **********************************************************************************************************************************
 SETTING EA_PBE         =      -197.48591211  AU                              

 Dummy atoms: C1  H1  H2  H3  C2  H4  H5  C3  H6  H7  C4  H8  H9  C5  H10  H11  H12


 Recomputing one-electron integrals since nuclear charges changed


 PROGRAM * SEWARD (Integral evaluation for generally contracted gaussian basis sets)     Author: Roland Lindh, 1990

 Geometry written to block  1 of record 700


 Point group  C1  



 ATOMIC COORDINATES

 NR  ATOM    CHARGE       X              Y              Z

   1  C1      0.00   -4.890188004   -0.610581212    0.887147578
   2  H1      0.00   -4.932920474   -1.656091795   -0.887452168
   3  H2      0.00   -5.026187907   -1.987777482    2.414529726
   4  H3      0.00   -6.568754276    0.577546789    0.961797440
   5  C2      0.00   -2.474709405    0.939938897    1.105608084
   6  H4      0.00   -2.489242864    2.047068308    2.846572089
   7  H5      0.00   -2.385546282    2.297101479   -0.447442107
   8  C3      0.00   -0.107392493   -0.695911096    1.055298980
   9  H6      0.00   -0.162847642   -2.028354201    2.637822153
  10  H7      0.00   -0.101684636   -1.845966362   -0.664189462
  11  C4      0.00    2.327379242    0.831603436    1.194368259
  12  H8      0.00    2.292773334    1.990943499    2.899960571
  13  H9      0.00    2.392955154    2.137991963   -0.402711284
  14  C5      0.00    4.672490003   -0.837421561    1.170159015
  15  H10     0.00    4.763468316   -1.956364332   -0.557274476
  16  H11     0.00    6.401890152    0.272290155    1.292400158
  17  H12     0.00    4.647397851   -2.153086349    2.756388947
  18  C6      6.00    0.082346331    0.386005574    7.904709518
  19  O1      8.00    0.133203145    2.625469890    7.353209605
  20  N1      7.00    2.222612860   -1.034837258    8.099011054
  21  H13     1.00    3.868451409   -0.236275812    7.591312972
  22  H14     1.00    2.149030772   -2.909231400    8.347364387
  23  C7      6.00   -2.355817961   -1.010383902    8.404454828
  24  H15     1.00   -2.077555782   -2.825884154    9.324986468
  25  H16     1.00   -3.312449340   -1.309544422    6.607678006
  26  H17     1.00   -3.561357305    0.174921168    9.567150122

 Bond lengths in Bohr (Angstrom)

 1-2  2.060126865  1-3  2.061082668  1-4  2.057864300  1-5  2.878606341  5-6  2.063226218
     ( 1.090172189)     ( 1.090677978)     ( 1.088974891)     ( 1.523292875)     ( 1.091812295)

  5- 7  2.064414016   5- 8  2.877972476   8- 9  2.069507066   8-10  2.068646948   8-11  2.877629982
       ( 1.092440851)       ( 1.522957448)       ( 1.095135977)       ( 1.094680822)       ( 1.522776208)

 11-12  2.062598383  11-13  2.064367760  11-14  2.878502217  14-15  2.060178741  14-16  2.058452784
       ( 1.091480059)       ( 1.092416374)       ( 1.523237775)       ( 1.090199640)       ( 1.089286303)

 14-17  2.061001903  18-19  2.306932811  18-20  2.576293510  18-23  2.853820958  20-21  1.898484199
       ( 1.090635239)       ( 1.220776271)       ( 1.363315814)       ( 1.510177015)       ( 1.004634574)

 20-22  1.892206939  23-24  2.054470615  23-25  2.057437134  23-26  2.051861001
       ( 1.001312790)       ( 1.087179030)       ( 1.088748844)       ( 1.085798082)

 Bond angles

  1-5-6  110.31365242   1-5-7  109.46632165   1-5-8  112.50325274   2-1-3  107.33005062

  2-1-4  107.89883806   2-1-5  110.86301327   3-1-4  107.76307266   3-1-5  111.04127136

  4- 1- 5  111.75953191   5- 8- 9  109.30247942   5- 8-10  109.43889760   5- 8-11  113.16666554

  6- 5- 7  106.39935151   6- 5- 8  108.99893301   7- 5- 8  108.96530258   8-11-12  108.91294847

  8-11-13  108.99032888   8-11-14  112.40356172   9- 8-10  106.12587712   9- 8-11  109.11622724

 10- 8-11  109.44763979  11-14-15  110.97426939  11-14-16  111.80091255  11-14-17  110.71660000

 12-11-13  106.53313612  12-11-14  110.27519485  13-11-14  109.54472653  15-14-16  107.78783538

 15-14-17  107.40705766  16-14-17  107.97875107  18-20-21  117.90778148  18-20-22  121.59476995

 18-23-24  113.27455696  18-23-25  108.38855336  18-23-26  108.57413878  19-18-20  122.35021249

 19-18-23  122.39089113  20-18-23  115.25790279  21-20-22  119.04410273  24-23-25  109.01290063

 24-23-26  109.64311204  25-23-26  107.79897382

 NUCLEAR CHARGE:                   32
 NUMBER OF PRIMITIVE AOS:         520
 NUMBER OF SYMMETRY AOS:          502
 NUMBER OF CONTRACTIONS:          360   (  360A   )
 NUMBER OF CORE ORBITALS:           4   (    4A   )
 NUMBER OF VALENCE ORBITALS:       21   (   21A   )

 MOLECULE CHANGED: INITIALIZING OCCUPATION AND DUMP RECORDS


 NUCLEAR REPULSION ENERGY  121.86597985


 Eigenvalues of metric

         1 0.100E-04 0.233E-04 0.249E-04 0.431E-04 0.590E-04 0.634E-04 0.865E-04 0.100E-03


 OPERATOR DM      FOR CENTER  0  COORDINATES:    0.000000    0.000000    0.000000


 **********************************************************************************************************************************
 DATASETS  * FILE   NREC   LENGTH (MB)   RECORD NAMES
              1      19       35.19       500      610      700      900      950      970     1000      129      960     1100   
                                          VAR    BASINP    GEOM    SYMINP    ZMAT    AOBASIS   BASIS     P2S    ABASIS      S 
                                         1400     1410     1200     1210     1080     1600     1650     1700     1800   
                                           T        V       H0       H01     AOSYM     SMH    MOLCAS    OPER     GRID   

              2       6       13.54       700     1000      520     1800     2101     2201   
                                         GEOM     BASIS   MCVARS    GRID      RKS      RKS  

 PROGRAMS   *        TOTAL       INT   RKS-SCF       INT   RKS-SCF       INT
 CPU TIMES  *       583.58      0.25    272.26      0.26    309.93      0.69
 REAL TIME  *       588.11 SEC
 DISK USED  *        57.67 MB (local),      230.67 MB (total)
 SF USED    *         1.56 MB
 GA USED    *         7.04 MB       (max)       7.04 MB       (current)
 **********************************************************************************************************************************

 Density functional group PBE=PBEX+PBEC
 Functional: PBEX(Automatically generated (new) PBEX)                          Gradient terms: 1
 Functional: PBEC(Automatically generated (new) PBEC)                          Gradient terms: 1
 Use libxcgrid:  F
 Use grid at  1800.2

 Functional: PBEX                      Factor:  1.0000
 Functional: PBEC                      Factor:  1.0000

 Generated new metagrid on record  1800.2 with target accuracy 1.0D-08 and 217834 points in CPU time    0.6
 Computed new grid on record 1800.1 in CPU time    1.1
  291014 words reserved for DFT integration

 PROGRAM * RKS-SCF (Restricted closed shell Kohn-Sham)     Authors: W. Meyer, H.-J. Werner, P.J. Knowles, 1993

 NUMBER OF ELECTRONS:      16+   16-    SPACE SYMMETRY=1    SPIN SYMMETRY: Singlet 
 CONVERGENCE THRESHOLDS:    1.00E-04 (Density)    1.00E-08 (Energy)
 INTEGRAL THRESHOLDS:       1.00E-11 (Initial)    1.00E-11 (Final)
 MAX. NUMBER OF ITERATIONS:       60
 INTERPOLATION TYPE:            DIIS
 INTERPOLATION STEPS:              2 (START)      1 (STEP)
 LEVEL SHIFTS:                  0.00 (CLOSED)  0.00 (OPEN) 



 Use fine grid record 1800.2 for energy threshold  1.0D-08
 Orbital guess generated from atomic densities. Full valence occupancy:   25

 Molecular orbital dump at record        2301.2

 Initial occupancy:  16

 Direct Fock-matrix evaluation.        Authors: Roland Lindh & Martin Schuetz (1993/96)

 Integral Threshold:                  0.1D-10
 Threshold for writing integrals:     0.1D-06
 Prescreening on density matrix:        ON 
 Calculation will be performed fully direct        

 ITERATION   DDIFF            GRAD            ENERGY        2-EL.EN.            DIPOLE MOMENTS         DIIS   CPU(IT)  CPU(TOT)
    1      0.000D+00      0.000D+00      -208.82614693    455.079562    0.49627   -2.33556    0.32983    0     29.3     37.9     start
    2      0.000D+00      0.581D-02      -207.89787626    417.182563   -2.99717    3.97449   -0.44776    1     28.2     66.1     diag
    3      0.167D-01      0.142D-01      -208.90197449    443.266152    0.64255   -2.54380    0.46626    2     28.3     94.4     diag
    4      0.134D-01      0.446D-02      -208.99892307    444.269437    0.20232   -1.41736    0.17878    3     27.4    121.8     diag
    5      0.360D-02      0.821D-03      -209.00043819    443.389033    0.30219   -1.40187    0.20219    4     26.9    148.7     diag
    6      0.978D-03      0.555D-03      -209.00193733    443.651899    0.23097   -1.42032    0.19945    5     26.3    175.0     diag
    7      0.504D-03      0.992D-04      -209.00199202    443.768062    0.25319   -1.45533    0.20458    6     25.9    201.0     diag
    8      0.980D-04      0.395D-04      -209.00199913    443.740249    0.25154   -1.45596    0.20540    7     25.1    226.0     diag
    9      0.359D-04      0.698D-05      -209.00199941    443.753495    0.25124   -1.45540    0.20549    8     24.1    250.1     diag
   10      0.840D-05      0.101D-05      -209.00199941    443.753463    0.25137   -1.45576    0.20539    9     22.6    272.7     orth
   11      0.104D-05      0.246D-06      -209.00199941    443.753558    0.25140   -1.45585    0.20551    0     21.8    294.5     orth

 Final occupancy:  16

 !RKS STATE  1.1 Energy              -209.001999411588
 Nuclear energy                       121.86597985
 One-electron energy                 -524.77223785
 Two-electron energy                  221.87677881
 Density functional                   -27.97252022     PBEX=-26.91298529 PBEC= -1.05953493
 Virial quotient                       -1.00538593
 !RKS STATE  1.1 Dipole moment          0.25139901    -1.45584802     0.20551290
 Dipole moment /Debye                   0.63895071    -3.70015421     0.52232746

 Orbital energies:

         1.1          2.1          3.1          4.1          5.1          6.1          7.1          8.1          9.1         10.1
    -18.736759   -14.028067    -9.993692    -9.900961    -0.952628    -0.836062    -0.676857    -0.541180    -0.496747    -0.424396

        11.1         12.1         13.1         14.1         15.1         16.1         17.1         18.1
     -0.405145    -0.360855    -0.355101    -0.328380    -0.240889    -0.210256    -0.032647    -0.022164


 HOMO     16.1    -0.210256 =      -5.7214eV
 LUMO     17.1    -0.032647 =      -0.8884eV
 LUMO-HOMO         0.177609 =       4.8330eV


 **********************************************************************************************************************************
 DATASETS  * FILE   NREC   LENGTH (MB)   RECORD NAMES
              1      19       35.19       500      610      700      900      950      970     1000      129      960     1100   
                                          VAR    BASINP    GEOM    SYMINP    ZMAT    AOBASIS   BASIS     P2S    ABASIS      S 
                                         1400     1410     1200     1210     1080     1600     1650     1700     1800   
                                           T        V       H0       H01     AOSYM     SMH    MOLCAS    OPER     GRID   

              2       7       21.24       700     1000      520     1800     2101     2201     2301   
                                         GEOM     BASIS   MCVARS    GRID      RKS      RKS      RKS  

 PROGRAMS   *        TOTAL   RKS-SCF       INT   RKS-SCF       INT   RKS-SCF       INT
 CPU TIMES  *       879.29    295.70      0.25    272.26      0.26    309.93      0.69
 REAL TIME  *       884.50 SEC
 DISK USED  *        65.88 MB (local),      263.51 MB (total)
 SF USED    *         1.56 MB
 GA USED    *         7.04 MB       (max)       7.04 MB       (current)
 **********************************************************************************************************************************
 SETTING EB_PBE         =      -209.00199941  AU                              
 SETTING E_AB_INT       =        -0.00080037  AU                              

 *** results in hartree
 E_AB_INT         =        -0.00080037 AU
 Molecular orbitals read from record     2301.2  Type=RKS/CANONICAL (state 1.1)
 Occupation numbers read from record     2301.2  Type=RKS/RHF (state 1.1)
 Orbital energies read from record       2301.2  Type=RKS/CANONICAL (state 1.1)
 Redundancy group numbers read from rec  2301.2  Type=RKS/RHF (state 1.1)

 RPBE/aug-cc-pVDZ energy=   -209.001999411588

         RKS-SCF         RKS-SCF         RKS-SCF
   -209.00199941   -197.48591211   -406.48871189
 **********************************************************************************************************************************
 Molpro calculation terminated
Fri 22 Nov 2019 11:01:53 AM CET
