
 Primary working directories    : /scratch/sirous/43909/molpro.0l9tB82DrH
 Secondary working directories  : /scratch/sirous/43909/molpro.0l9tB82DrH
 Wavefunction directory         : /scratch/sirous/43909/
 Main file repository           : /scratch/sirous/43909/molpro.0l9tB82DrH/

 id        : karlovklimes

 Nodes                      nprocs
 nc-14.cc.karlov.mff.cuni.cz    4

 Using customized tuning parameters: mindgm=1; mindgv=20; mindgc=4; mindgr=1; noblas=0; minvec=7
 default implementation of scratch files=sf  


 Variables initialized (934), CPU time= 0.01 sec
 ***,CH3C6H4CN+CF3CN+BF3
 memory,500,m
 gdirect
 gthresh,energy=1.d-8,twoint=1.d-19,oneint=1.d-19,zero=1.d-15,orbital=1.d-8,grid=1.d-8
 symmetry,nosym
 geomtyp=xyz
                                                                                 ! Geometry
 geometry={
 O1        -0.636134928    -0.023282411     0.280599321
 H1        0.308097372    -0.047078748     0.076463691
 C1        -1.152065407    -1.311287783     0.015259549
 H2        -2.209945023    -1.296265392     0.263955863
 H3        -1.05661024    -1.592670859     -1.036190606
 H4        -0.674835746    -2.086272765     0.620511449
 O2        5.720907955171143    -0.2606039580280127     -0.17554050928707468
 H5        6.189697265171143    0.35378056597198726     -0.7452064632870747
 C2        6.229741881171143    -0.1035850200280127     1.1461768147129254
 H6        5.676172801171143    -0.7917814470280127     1.7763076947129255
 H7        7.288737983171142    -0.35402391902801267     1.2028999557129254
 H8        6.077302243171143    0.9071090329719874     1.5240693607129254
 }
 
 
 
 basis=avtz
 
 
 
                                                                                 ! Dimer Calculation
 {rks,pbe,accu=1.d-8;orbital,2101.2}
 eab_PBE=energy
 
 
                                                                                 !monomer A
 dummy,7,8,9,10,11,12;                                                           ! NOW MONOMER B IS DUMMY
 {rks,pbe,accu=1.d-8;orbital,2201.2}
 ea_PBE=energy
                                                                                 !monomer B
 dummy,1,2,3,4,5,6;                                                              !NOW MONOMER A IS DUMMY
 {rks,pbe,accu=1.d-8;orbital,2301.2}
 eb_PBE=energy
 
 E_AB_int=eab_PBE-ea_PBE-eb_PBE
 
 
 text,results in hartree
 show,E_AB_int
 
 Commands  initialized (763), CPU time= 0.01 sec, 617 directives.
 Default parameters read. Elapsed time= 0.21 sec

 Checking input...
 Passed
1


                                         ***  PROGRAM SYSTEM MOLPRO  ***
                                       Copyright, TTI GmbH Stuttgart, 2015
                                    Version 2019.2 linked Jun  8 2019 11:26:33


 **********************************************************************************************************************************
 LABEL *   CH3C6H4CN+CF3CN+BF3                                                           
  64 bit mpp version                                                                     DATE: 08-Oct-19          TIME: 18:46:28  
 **********************************************************************************************************************************

 SHA1:             8135a10abc80eafa5b3ae28ffc55be4890dc4c84
 **********************************************************************************************************************************

 THRESHOLDS:

 ZERO    =  1.00D-15  ONEINT  =  1.00D-19  TWOINT  =  1.00D-19  PREFAC  =  1.00D-14  XXXXXX  =  1.00D-09  EORDER  =  1.00D-04
 ENERGY  =  1.00D-08  ETEST   =  0.00D+00  EDENS   =  0.00D+00  THRDEDEF=  1.00D-06  GRADIENT=  1.00D-02  STEP    =  1.00D-03
 ORBITAL =  1.00D-08  CIVEC   =  1.00D-05  COEFF   =  1.00D-04  PRINTCI =  5.00D-02  PUNCHCI =  9.90D+01  OPTGRAD =  3.00D-04
 OPTENERG=  1.00D-06  OPTSTEP =  3.00D-04  THRGRAD =  1.00D-10  COMPRESS=  1.00D-11  VARMIN  =  1.00D-07  VARMAX  =  1.00D-03
 THRDOUB =  0.00D+00  THRDIV  =  1.00D-05  THRRED  =  1.00D-07  THRPSP  =  1.00D+00  THRDC   =  1.00D-10  THRCS   =  1.00D-10
 THRNRM  =  1.00D-08  THREQ   =  0.00D+00  THRDE   =  1.00D+00  THRREF  =  1.00D-05  SPARFAC =  1.00D+00  THRDLP  =  1.00D-07
 THRDIA  =  1.00D-10  THRDLS  =  1.00D-07  THRGPS  =  0.00D+00  THRKEX  =  0.00D+00  THRDIS  =  2.00D-01  THRVAR  =  1.00D-10
 THRLOC  =  1.00D-06  THRGAP  =  1.00D-06  THRLOCT = -1.00D+00  THRGAPT = -1.00D+00  THRORB  =  1.00D-06  THRMLTP =  0.00D+00
 THRCPQCI=  1.00D-10  KEXTA   =  0.00D+00  THRCOARS=  0.00D+00  SYMTOL  =  1.00D-06  GRADTOL =  1.00D-06  THROVL  =  1.00D-08
 THRORTH =  1.00D-08  GRID    =  1.00D-08  GRIDMAX =  1.00D-03  DTMAX   =  0.00D+00  THROCCDE=  1.00D-01  THROCCDE=  1.00D-01
 THRPRINT=  2.50D-01


 Variable memory set to  500000000 words,  buffer space 

 SETTING GEOMTYP        =    XYZ
 ZSYMEL=NOSYM

 SETTING BASIS          =    AVTZ


 Recomputing integrals since basis changed


 Using spherical harmonics

 Library entry O      S aug-cc-pVTZ          selected for orbital group  1
 Library entry O      P aug-cc-pVTZ          selected for orbital group  1
 Library entry O      D aug-cc-pVTZ          selected for orbital group  1
 Library entry O      F aug-cc-pVTZ          selected for orbital group  1
 Library entry H      S aug-cc-pVTZ          selected for orbital group  2
 Library entry H      P aug-cc-pVTZ          selected for orbital group  2
 Library entry H      D aug-cc-pVTZ          selected for orbital group  2
 Library entry C      S aug-cc-pVTZ          selected for orbital group  3
 Library entry C      P aug-cc-pVTZ          selected for orbital group  3
 Library entry C      D aug-cc-pVTZ          selected for orbital group  3
 Library entry C      F aug-cc-pVTZ          selected for orbital group  3


 PROGRAM * SEWARD (Integral evaluation for generally contracted gaussian basis sets)     Author: Roland Lindh, 1990

 Geometry written to block  1 of record 700


 Point group  C1  



 ATOMIC COORDINATES

 NR  ATOM    CHARGE       X              Y              Z

   1  O1      8.00   -1.202120792   -0.043997380    0.530255867
   2  H1      1.00    0.582219653   -0.088965940    0.144495434
   3  C1      6.00   -2.177088097   -2.477974780    0.028836368
   4  H2      1.00   -4.176190844   -2.449586576    0.498804290
   5  H3      1.00   -1.996703974   -3.009711730   -1.958116458
   6  H4      1.00   -1.275254739   -3.942484147    1.172596696
   7  O2      8.00   10.810949219   -0.492470108   -0.331723486
   8  H5      1.00   11.696832625    0.668548378   -1.408236122
   9  C2      6.00   11.772505982   -0.195747318    2.165960270
  10  H6      1.00   10.726412030   -1.496250085    3.356735056
  11  H7      1.00   13.773718582   -0.669008249    2.273151472
  12  H8      1.00   11.484436816    1.714187637    2.880073687

 Bond lengths in Bohr (Angstrom)

 1-2  1.826117221  1-3  2.669499718  3-4  2.053798318  3-5  2.064767336  3-6  2.065497223
     ( 0.966339618)     ( 1.412638415)     ( 1.086823266)     ( 1.092627820)     ( 1.093014059)

  7- 8  1.814285751   7- 9  2.692779228   9-10  2.050259641   9-11  2.059203179   9-12  2.059318662
       ( 0.960078674)       ( 1.424957401)       ( 1.084950678)       ( 1.089683395)       ( 1.089744506)

 Bond angles

  1-3-4  107.45243548   1-3-5  112.56023931   1-3-6  112.51984286   2-1-3  107.14181275

  4- 3- 5  107.98697639   4- 3- 6  107.94343217   5- 3- 6  108.18798930   7- 9-10  106.65583749

  7- 9-11  111.71494436   7- 9-12  111.95602748   8- 7- 9  107.78761842  10- 9-11  108.65333210

 10- 9-12  108.39236686  11- 9-12  109.33255661

 NUCLEAR CHARGE:                   36
 NUMBER OF PRIMITIVE AOS:         484
 NUMBER OF SYMMETRY AOS:          432
 NUMBER OF CONTRACTIONS:          368   (  368A   )
 NUMBER OF CORE ORBITALS:           4   (    4A   )
 NUMBER OF VALENCE ORBITALS:       24   (   24A   )


 NUCLEAR REPULSION ENERGY  105.36464285


 Eigenvalues of metric

         1 0.581E-04 0.611E-04 0.707E-04 0.733E-04 0.870E-04 0.881E-04 0.181E-03 0.200E-03


 OPERATOR DM      FOR CENTER  0  COORDINATES:    0.000000    0.000000    0.000000


 **********************************************************************************************************************************
 DATASETS  * FILE   NREC   LENGTH (MB)   RECORD NAMES
              1      18       35.14       500      610      700      900      950      970     1000      129      960     1100   
                                          VAR    BASINP    GEOM    SYMINP    ZMAT    AOBASIS   BASIS     P2S    ABASIS      S 
                                         1400     1410     1200     1210     1080     1600     1650     1700   
                                           T        V       H0       H01     AOSYM     SMH    MOLCAS    OPER   

 PROGRAMS   *        TOTAL       INT
 CPU TIMES  *         0.65      0.49
 REAL TIME  *         1.99 SEC
 DISK USED  *        35.70 MB (local),      142.79 MB (total)
 GA USED    *         0.00 MB       (max)       0.00 MB       (current)
 **********************************************************************************************************************************

 Density functional group PBE=PBEX+PBEC
 Functional: PBEX(Automatically generated (new) PBEX)                          Gradient terms: 1
 Functional: PBEC(Automatically generated (new) PBEC)                          Gradient terms: 1
 Use libxcgrid:  F
 Use grid at  1800.2

 Functional: PBEX                      Factor:  1.0000
 Functional: PBEC                      Factor:  1.0000

 Generated new metagrid on record  1800.2 with target accuracy 1.0D-08 and 100812 points in CPU time    0.3
 Computed new grid on record 1800.1 in CPU time    0.3
  296996 words reserved for DFT integration

 PROGRAM * RKS-SCF (Restricted closed shell Kohn-Sham)     Authors: W. Meyer, H.-J. Werner, P.J. Knowles, 1993

 NUMBER OF ELECTRONS:      18+   18-    SPACE SYMMETRY=1    SPIN SYMMETRY: Singlet 
 CONVERGENCE THRESHOLDS:    1.00E-04 (Density)    1.00E-08 (Energy)
 INTEGRAL THRESHOLDS:       1.00E-11 (Initial)    1.00E-11 (Final)
 MAX. NUMBER OF ITERATIONS:       60
 INTERPOLATION TYPE:            DIIS
 INTERPOLATION STEPS:              2 (START)      1 (STEP)
 LEVEL SHIFTS:                  0.00 (CLOSED)  0.00 (OPEN) 



 Use fine grid record 1800.2 for energy threshold  1.0D-08
 Orbital guess generated from atomic densities. Full valence occupancy:   28

 Molecular orbital dump at record        2101.2

 Initial occupancy:  18

 Direct Fock-matrix evaluation.        Authors: Roland Lindh & Martin Schuetz (1993/96)

 Integral Threshold:                  0.1D-10
 Threshold for writing integrals:     0.1D-06
 Prescreening on density matrix:        ON 
 Calculation will be performed fully direct        

 ITERATION   DDIFF            GRAD            ENERGY        2-EL.EN.            DIPOLE MOMENTS         DIIS   CPU(IT)  CPU(TOT)
    1      0.000D+00      0.000D+00      -231.06209908    448.627260    1.29730   -0.07924   -0.11832    0     16.2     20.4     start
    2      0.000D+00      0.591D-02      -230.59151727    409.094326   -0.25499    0.01140    0.10226    1     15.0     35.4     diag
    3      0.123D-01      0.113D-01      -231.24810424    435.523150    0.88685   -0.13625    0.01515    2     14.8     50.3     diag
    4      0.756D-02      0.160D-02      -231.25973894    435.059563    0.81897   -0.05591   -0.05503    3     13.9     64.2     diag
    5      0.136D-02      0.485D-03      -231.26088357    434.736513    0.82008   -0.06201   -0.04298    4     13.5     77.7     diag
    6      0.401D-03      0.805D-04      -231.26091471    434.798057    0.81840   -0.06725   -0.04199    5     13.0     90.8     diag
    7      0.526D-04      0.161D-04      -231.26091517    434.815058    0.82051   -0.06468   -0.04045    6     12.3    103.1     diag
    8      0.149D-04      0.133D-04      -231.26091592    434.820502    0.82043   -0.06618   -0.04140    7     11.9    114.9     diag
    9      0.773D-05      0.610D-06      -231.26091592    434.820495    0.82025   -0.06615   -0.04134    8     10.7    125.6     diag
   10      0.756D-06      0.263D-06      -231.26091592    434.820324    0.82033   -0.06614   -0.04137    0     10.5    136.1     orth

 Final occupancy:  18

 !RKS STATE  1.1 Energy              -231.260915920034
 Nuclear energy                       105.36464285
 One-electron energy                 -523.32661543
 Two-electron energy                  217.41016221
 Density functional                   -30.70910555     PBEX=-29.54687870 PBEC= -1.16222685
 Virial quotient                       -1.00563118
 !RKS STATE  1.1 Dipole moment          0.82033155    -0.06613792    -0.04136776
 Dipole moment /Debye                   2.08493827    -0.16809482    -0.10513946

 Orbital energies:

         1.1          2.1          3.1          4.1          5.1          6.1          7.1          8.1          9.1         10.1
    -18.760059   -18.755106    -9.925061    -9.919026    -0.938941    -0.935687    -0.623764    -0.616347    -0.462799    -0.458527

        11.1         12.1         13.1         14.1         15.1         16.1         17.1         18.1         19.1         20.1
     -0.395331    -0.388525    -0.383979    -0.378953    -0.298402    -0.292207    -0.234672    -0.228121    -0.029889    -0.017754


 HOMO     18.1    -0.228121 =      -6.2075eV
 LUMO     19.1    -0.029889 =      -0.8133eV
 LUMO-HOMO         0.198232 =       5.3942eV


 **********************************************************************************************************************************
 DATASETS  * FILE   NREC   LENGTH (MB)   RECORD NAMES
              1      19       35.14       500      610      700      900      950      970     1000      129      960     1100   
                                          VAR    BASINP    GEOM    SYMINP    ZMAT    AOBASIS   BASIS     P2S    ABASIS      S 
                                         1400     1410     1200     1210     1080     1600     1650     1700     1800   
                                           T        V       H0       H01     AOSYM     SMH    MOLCAS    OPER     GRID   

              2       5        5.72       700     1000      520     1800     2101   
                                         GEOM     BASIS   MCVARS    GRID      RKS  

 PROGRAMS   *        TOTAL   RKS-SCF       INT
 CPU TIMES  *       137.25    136.59      0.49
 REAL TIME  *       140.43 SEC
 DISK USED  *        50.18 MB (local),      200.73 MB (total)
 SF USED    *         1.63 MB
 GA USED    *         3.29 MB       (max)       3.29 MB       (current)
 **********************************************************************************************************************************
 SETTING EAB_PBE        =      -231.26091592  AU                              

 Dummy atoms: O2  H5  C2  H6  H7  H8


 Recomputing one-electron integrals since nuclear charges changed


 PROGRAM * SEWARD (Integral evaluation for generally contracted gaussian basis sets)     Author: Roland Lindh, 1990

 Geometry written to block  1 of record 700


 Point group  C1  



 ATOMIC COORDINATES

 NR  ATOM    CHARGE       X              Y              Z

   1  O1      8.00   -1.202120792   -0.043997380    0.530255867
   2  H1      1.00    0.582219653   -0.088965940    0.144495434
   3  C1      6.00   -2.177088097   -2.477974780    0.028836368
   4  H2      1.00   -4.176190844   -2.449586576    0.498804290
   5  H3      1.00   -1.996703974   -3.009711730   -1.958116458
   6  H4      1.00   -1.275254739   -3.942484147    1.172596696
   7  O2      0.00   10.810949219   -0.492470108   -0.331723486
   8  H5      0.00   11.696832625    0.668548378   -1.408236122
   9  C2      0.00   11.772505982   -0.195747318    2.165960270
  10  H6      0.00   10.726412030   -1.496250085    3.356735056
  11  H7      0.00   13.773718582   -0.669008249    2.273151472
  12  H8      0.00   11.484436816    1.714187637    2.880073687

 Bond lengths in Bohr (Angstrom)

 1-2  1.826117221  1-3  2.669499718  3-4  2.053798318  3-5  2.064767336  3-6  2.065497223
     ( 0.966339618)     ( 1.412638415)     ( 1.086823266)     ( 1.092627820)     ( 1.093014059)

  7- 8  1.814285751   7- 9  2.692779228   9-10  2.050259641   9-11  2.059203179   9-12  2.059318662
       ( 0.960078674)       ( 1.424957401)       ( 1.084950678)       ( 1.089683395)       ( 1.089744506)

 Bond angles

  1-3-4  107.45243548   1-3-5  112.56023931   1-3-6  112.51984286   2-1-3  107.14181275

  4- 3- 5  107.98697639   4- 3- 6  107.94343217   5- 3- 6  108.18798930   7- 9-10  106.65583749

  7- 9-11  111.71494436   7- 9-12  111.95602748   8- 7- 9  107.78761842  10- 9-11  108.65333210

 10- 9-12  108.39236686  11- 9-12  109.33255661

 NUCLEAR CHARGE:                   18
 NUMBER OF PRIMITIVE AOS:         484
 NUMBER OF SYMMETRY AOS:          432
 NUMBER OF CONTRACTIONS:          368   (  368A   )
 NUMBER OF CORE ORBITALS:           2   (    2A   )
 NUMBER OF VALENCE ORBITALS:       12   (   12A   )

 MOLECULE CHANGED: INITIALIZING OCCUPATION AND DUMP RECORDS


 NUCLEAR REPULSION ENERGY   40.41731286


 Eigenvalues of metric

         1 0.581E-04 0.611E-04 0.707E-04 0.733E-04 0.870E-04 0.881E-04 0.181E-03 0.200E-03


 OPERATOR DM      FOR CENTER  0  COORDINATES:    0.000000    0.000000    0.000000


 **********************************************************************************************************************************
 DATASETS  * FILE   NREC   LENGTH (MB)   RECORD NAMES
              1      19       35.14       500      610      700      900      950      970     1000      129      960     1100   
                                          VAR    BASINP    GEOM    SYMINP    ZMAT    AOBASIS   BASIS     P2S    ABASIS      S 
                                         1400     1410     1200     1210     1080     1600     1650     1700     1800   
                                           T        V       H0       H01     AOSYM     SMH    MOLCAS    OPER     GRID   

              2       5        5.72       700     1000      520     1800     2101   
                                         GEOM     BASIS   MCVARS    GRID      RKS  

 PROGRAMS   *        TOTAL       INT   RKS-SCF       INT
 CPU TIMES  *       137.42      0.16    136.59      0.49
 REAL TIME  *       140.75 SEC
 DISK USED  *        50.18 MB (local),      200.73 MB (total)
 SF USED    *         1.63 MB
 GA USED    *         3.29 MB       (max)       3.29 MB       (current)
 **********************************************************************************************************************************

 Density functional group PBE=PBEX+PBEC
 Functional: PBEX(Automatically generated (new) PBEX)                          Gradient terms: 1
 Functional: PBEC(Automatically generated (new) PBEC)                          Gradient terms: 1
 Use libxcgrid:  F
 Use grid at  1800.2

 Functional: PBEX                      Factor:  1.0000
 Functional: PBEC                      Factor:  1.0000

 Generated new metagrid on record  1800.2 with target accuracy 1.0D-08 and 100812 points in CPU time    0.3
 Computed new grid on record 1800.1 in CPU time    0.4
  296996 words reserved for DFT integration

 PROGRAM * RKS-SCF (Restricted closed shell Kohn-Sham)     Authors: W. Meyer, H.-J. Werner, P.J. Knowles, 1993

 NUMBER OF ELECTRONS:       9+    9-    SPACE SYMMETRY=1    SPIN SYMMETRY: Singlet 
 CONVERGENCE THRESHOLDS:    1.00E-04 (Density)    1.00E-08 (Energy)
 INTEGRAL THRESHOLDS:       1.00E-11 (Initial)    1.00E-11 (Final)
 MAX. NUMBER OF ITERATIONS:       60
 INTERPOLATION TYPE:            DIIS
 INTERPOLATION STEPS:              2 (START)      1 (STEP)
 LEVEL SHIFTS:                  0.00 (CLOSED)  0.00 (OPEN) 



 Use fine grid record 1800.2 for energy threshold  1.0D-08
 Orbital guess generated from atomic densities. Full valence occupancy:   14

 Molecular orbital dump at record        2201.2

 Initial occupancy:   9

 Direct Fock-matrix evaluation.        Authors: Roland Lindh & Martin Schuetz (1993/96)

 Integral Threshold:                  0.1D-10
 Threshold for writing integrals:     0.1D-06
 Prescreening on density matrix:        ON 
 Calculation will be performed fully direct        

 ITERATION   DDIFF            GRAD            ENERGY        2-EL.EN.            DIPOLE MOMENTS         DIIS   CPU(IT)  CPU(TOT)
    1      0.000D+00      0.000D+00      -115.53028091    199.772089    0.58525   -0.73057   -0.33253    0     15.7     20.6     start
    2      0.000D+00      0.584D-02      -115.29159299    179.959900   -0.18624    0.17296    0.09023    1     14.6     35.2     diag
    3      0.874D-02      0.112D-01      -115.62384136    193.199708    0.34869   -0.58902   -0.24279    2     14.5     49.7     diag
    4      0.537D-02      0.157D-02      -115.62962067    192.980988    0.35215   -0.46217   -0.20634    3     13.3     63.0     diag
    5      0.963D-03      0.481D-03      -115.63019628    192.817778    0.34740   -0.47043   -0.20789    4     12.7     75.7     diag
    6      0.284D-03      0.793D-04      -115.63021208    192.848938    0.34585   -0.47361   -0.20845    5     12.1     87.8     diag
    7      0.366D-04      0.115D-04      -115.63021242    192.860010    0.34673   -0.47466   -0.20895    6     11.1     98.8     diag
    8      0.590D-05      0.856D-06      -115.63021243    192.860089    0.34652   -0.47450   -0.20886    7      9.2    108.0     diag
    9      0.839D-06      0.265D-06      -115.63021243    192.859953    0.34662   -0.47455   -0.20889    0      8.4    116.5     orth

 Final occupancy:   9

 !RKS STATE  1.1 Energy              -115.630212427198
 Nuclear energy                        40.41731286
 One-electron energy                 -237.12305775
 Two-electron energy                   96.42997656
 Density functional                   -15.35444410     PBEX=-14.77317972 PBEC= -0.58126438
 Virial quotient                       -1.00563268
 !RKS STATE  1.1 Dipole moment          0.34662112    -0.47454695    -0.20889385
 Dipole moment /Debye                   0.88096530    -1.20609904    -0.53092042

 Orbital energies:

         1.1          2.1          3.1          4.1          5.1          6.1          7.1          8.1          9.1         10.1
    -18.758655    -9.922190    -0.939218    -0.619618    -0.462039    -0.391793    -0.382152    -0.295532    -0.231506    -0.025030

        11.1
     -0.001450


 HOMO      9.1    -0.231506 =      -6.2996eV
 LUMO     10.1    -0.025030 =      -0.6811eV
 LUMO-HOMO         0.206476 =       5.6185eV


 **********************************************************************************************************************************
 DATASETS  * FILE   NREC   LENGTH (MB)   RECORD NAMES
              1      19       35.14       500      610      700      900      950      970     1000      129      960     1100   
                                          VAR    BASINP    GEOM    SYMINP    ZMAT    AOBASIS   BASIS     P2S    ABASIS      S 
                                         1400     1410     1200     1210     1080     1600     1650     1700     1800   
                                           T        V       H0       H01     AOSYM     SMH    MOLCAS    OPER     GRID   

              2       6       13.64       700     1000      520     1800     2101     2201   
                                         GEOM     BASIS   MCVARS    GRID      RKS      RKS  

 PROGRAMS   *        TOTAL   RKS-SCF       INT   RKS-SCF       INT
 CPU TIMES  *       254.43    116.99      0.16    136.59      0.49
 REAL TIME  *       258.22 SEC
 DISK USED  *        57.56 MB (local),      230.25 MB (total)
 SF USED    *         1.63 MB
 GA USED    *         3.29 MB       (max)       3.29 MB       (current)
 **********************************************************************************************************************************
 SETTING EA_PBE         =      -115.63021243  AU                              

 Dummy atoms: O1  H1  C1  H2  H3  H4


 Recomputing one-electron integrals since nuclear charges changed


 PROGRAM * SEWARD (Integral evaluation for generally contracted gaussian basis sets)     Author: Roland Lindh, 1990

 Geometry written to block  1 of record 700


 Point group  C1  



 ATOMIC COORDINATES

 NR  ATOM    CHARGE       X              Y              Z

   1  O1      0.00   -1.202120792   -0.043997380    0.530255867
   2  H1      0.00    0.582219653   -0.088965940    0.144495434
   3  C1      0.00   -2.177088097   -2.477974780    0.028836368
   4  H2      0.00   -4.176190844   -2.449586576    0.498804290
   5  H3      0.00   -1.996703974   -3.009711730   -1.958116458
   6  H4      0.00   -1.275254739   -3.942484147    1.172596696
   7  O2      8.00   10.810949219   -0.492470108   -0.331723486
   8  H5      1.00   11.696832625    0.668548378   -1.408236122
   9  C2      6.00   11.772505982   -0.195747318    2.165960270
  10  H6      1.00   10.726412030   -1.496250085    3.356735056
  11  H7      1.00   13.773718582   -0.669008249    2.273151472
  12  H8      1.00   11.484436816    1.714187637    2.880073687

 Bond lengths in Bohr (Angstrom)

 1-2  1.826117221  1-3  2.669499718  3-4  2.053798318  3-5  2.064767336  3-6  2.065497223
     ( 0.966339618)     ( 1.412638415)     ( 1.086823266)     ( 1.092627820)     ( 1.093014059)

  7- 8  1.814285751   7- 9  2.692779228   9-10  2.050259641   9-11  2.059203179   9-12  2.059318662
       ( 0.960078674)       ( 1.424957401)       ( 1.084950678)       ( 1.089683395)       ( 1.089744506)

 Bond angles

  1-3-4  107.45243548   1-3-5  112.56023931   1-3-6  112.51984286   2-1-3  107.14181275

  4- 3- 5  107.98697639   4- 3- 6  107.94343217   5- 3- 6  108.18798930   7- 9-10  106.65583749

  7- 9-11  111.71494436   7- 9-12  111.95602748   8- 7- 9  107.78761842  10- 9-11  108.65333210

 10- 9-12  108.39236686  11- 9-12  109.33255661

 NUCLEAR CHARGE:                   18
 NUMBER OF PRIMITIVE AOS:         484
 NUMBER OF SYMMETRY AOS:          432
 NUMBER OF CONTRACTIONS:          368   (  368A   )
 NUMBER OF CORE ORBITALS:           2   (    2A   )
 NUMBER OF VALENCE ORBITALS:       12   (   12A   )

 MOLECULE CHANGED: INITIALIZING OCCUPATION AND DUMP RECORDS


 NUCLEAR REPULSION ENERGY   40.29806389


 Eigenvalues of metric

         1 0.581E-04 0.611E-04 0.707E-04 0.733E-04 0.870E-04 0.881E-04 0.181E-03 0.200E-03


 OPERATOR DM      FOR CENTER  0  COORDINATES:    0.000000    0.000000    0.000000


 **********************************************************************************************************************************
 DATASETS  * FILE   NREC   LENGTH (MB)   RECORD NAMES
              1      19       35.14       500      610      700      900      950      970     1000      129      960     1100   
                                          VAR    BASINP    GEOM    SYMINP    ZMAT    AOBASIS   BASIS     P2S    ABASIS      S 
                                         1400     1410     1200     1210     1080     1600     1650     1700     1800   
                                           T        V       H0       H01     AOSYM     SMH    MOLCAS    OPER     GRID   

              2       6       13.64       700     1000      520     1800     2101     2201   
                                         GEOM     BASIS   MCVARS    GRID      RKS      RKS  

 PROGRAMS   *        TOTAL       INT   RKS-SCF       INT   RKS-SCF       INT
 CPU TIMES  *       254.62      0.19    116.99      0.16    136.59      0.49
 REAL TIME  *       258.54 SEC
 DISK USED  *        57.56 MB (local),      230.25 MB (total)
 SF USED    *         1.63 MB
 GA USED    *         3.29 MB       (max)       3.29 MB       (current)
 **********************************************************************************************************************************

 Density functional group PBE=PBEX+PBEC
 Functional: PBEX(Automatically generated (new) PBEX)                          Gradient terms: 1
 Functional: PBEC(Automatically generated (new) PBEC)                          Gradient terms: 1
 Use libxcgrid:  F
 Use grid at  1800.2

 Functional: PBEX                      Factor:  1.0000
 Functional: PBEC                      Factor:  1.0000

 Generated new metagrid on record  1800.2 with target accuracy 1.0D-08 and 100812 points in CPU time    0.3
 Computed new grid on record 1800.1 in CPU time    0.4
  296996 words reserved for DFT integration

 PROGRAM * RKS-SCF (Restricted closed shell Kohn-Sham)     Authors: W. Meyer, H.-J. Werner, P.J. Knowles, 1993

 NUMBER OF ELECTRONS:       9+    9-    SPACE SYMMETRY=1    SPIN SYMMETRY: Singlet 
 CONVERGENCE THRESHOLDS:    1.00E-04 (Density)    1.00E-08 (Energy)
 INTEGRAL THRESHOLDS:       1.00E-11 (Initial)    1.00E-11 (Final)
 MAX. NUMBER OF ITERATIONS:       60
 INTERPOLATION TYPE:            DIIS
 INTERPOLATION STEPS:              2 (START)      1 (STEP)
 LEVEL SHIFTS:                  0.00 (CLOSED)  0.00 (OPEN) 



 Use fine grid record 1800.2 for energy threshold  1.0D-08
 Orbital guess generated from atomic densities. Full valence occupancy:   14

 Molecular orbital dump at record        2301.2

 Initial occupancy:   9

 Direct Fock-matrix evaluation.        Authors: Roland Lindh & Martin Schuetz (1993/96)

 Integral Threshold:                  0.1D-10
 Threshold for writing integrals:     0.1D-06
 Prescreening on density matrix:        ON 
 Calculation will be performed fully direct        

 ITERATION   DDIFF            GRAD            ENERGY        2-EL.EN.            DIPOLE MOMENTS         DIIS   CPU(IT)  CPU(TOT)
    1      0.000D+00      0.000D+00      -115.53081966    199.534961    0.71193    0.65133    0.21421    0     15.4     20.1     start
    2      0.000D+00      0.583D-02      -115.29491562    179.815707   -0.16520   -0.16928    0.00403    1     14.4     34.5     diag
    3      0.866D-02      0.111D-01      -115.62367006    192.984823    0.52002    0.44958    0.25602    2     14.3     48.9     diag
    4      0.530D-02      0.159D-02      -115.62963625    192.765190    0.44582    0.40381    0.15018    3     13.0     61.8     diag
    5      0.972D-03      0.481D-03      -115.63021292    192.603531    0.44943    0.40416    0.16215    4     12.4     74.3     diag
    6      0.284D-03      0.795D-04      -115.63022872    192.634126    0.45036    0.40436    0.16509    5     11.7     86.0     diag
    7      0.362D-04      0.116D-04      -115.63022907    192.645200    0.45139    0.40526    0.16544    6     10.8     96.8     diag
    8      0.590D-05      0.811D-06      -115.63022907    192.645275    0.45121    0.40510    0.16541    7      9.1    105.8     diag
    9      0.820D-06      0.233D-06      -115.63022907    192.645186    0.45128    0.40517    0.16540    0      8.4    114.2     orth

 Final occupancy:   9

 !RKS STATE  1.1 Energy              -115.630229068589
 Nuclear energy                        40.29806389
 One-electron energy                 -236.89635307
 Two-electron energy                   96.32259317
 Density functional                   -15.35453305     PBEX=-14.77357497 PBEC= -0.58095809
 Virial quotient                       -1.00561947
 !RKS STATE  1.1 Dipole moment          0.45127891     0.40517095     0.16539633
 Dipole moment /Debye                   1.14696146     1.02977439     0.42036801

 Orbital energies:

         1.1          2.1          3.1          4.1          5.1          6.1          7.1          8.1          9.1         10.1
    -18.756884    -9.922472    -0.935824    -0.621038    -0.459886    -0.392669    -0.381052    -0.295307    -0.231570    -0.024292

        11.1
     -0.001394


 HOMO      9.1    -0.231570 =      -6.3014eV
 LUMO     10.1    -0.024292 =      -0.6610eV
 LUMO-HOMO         0.207279 =       5.6403eV


 **********************************************************************************************************************************
 DATASETS  * FILE   NREC   LENGTH (MB)   RECORD NAMES
              1      19       35.14       500      610      700      900      950      970     1000      129      960     1100   
                                          VAR    BASINP    GEOM    SYMINP    ZMAT    AOBASIS   BASIS     P2S    ABASIS      S 
                                         1400     1410     1200     1210     1080     1600     1650     1700     1800   
                                           T        V       H0       H01     AOSYM     SMH    MOLCAS    OPER     GRID   

              2       7       21.56       700     1000      520     1800     2101     2201     2301   
                                         GEOM     BASIS   MCVARS    GRID      RKS      RKS      RKS  

 PROGRAMS   *        TOTAL   RKS-SCF       INT   RKS-SCF       INT   RKS-SCF       INT
 CPU TIMES  *       369.37    114.74      0.19    116.99      0.16    136.59      0.49
 REAL TIME  *       373.79 SEC
 DISK USED  *        65.49 MB (local),      261.94 MB (total)
 SF USED    *         1.63 MB
 GA USED    *         3.29 MB       (max)       3.29 MB       (current)
 **********************************************************************************************************************************
 SETTING EB_PBE         =      -115.63022907  AU                              
 SETTING E_AB_INT       =        -0.00047442  AU                              

 *** results in hartree
 E_AB_INT         =        -0.00047442 AU
 Molecular orbitals read from record     2301.2  Type=RKS/CANONICAL (state 1.1)
 Occupation numbers read from record     2301.2  Type=RKS/RHF (state 1.1)
 Orbital energies read from record       2301.2  Type=RKS/CANONICAL (state 1.1)
 Redundancy group numbers read from rec  2301.2  Type=RKS/RHF (state 1.1)

 RPBE/aug-cc-pVTZ energy=   -115.630229068589

         RKS-SCF         RKS-SCF         RKS-SCF
   -115.63022907   -115.63021243   -231.26091592
 **********************************************************************************************************************************
 Molpro calculation terminated
