
 Primary working directories    : /scratch/sirous/43397/molpro.Y5cxExLmKs
 Secondary working directories  : /scratch/sirous/43397/molpro.Y5cxExLmKs
 Wavefunction directory         : /scratch/sirous/43397/
 Main file repository           : /scratch/sirous/43397/molpro.Y5cxExLmKs/

 id        : karlovklimes

 Nodes                      nprocs
 nc-14.cc.karlov.mff.cuni.cz    4

 Using customized tuning parameters: mindgm=1; mindgv=20; mindgc=4; mindgr=1; noblas=0; minvec=7
 default implementation of scratch files=sf  


 Variables initialized (934), CPU time= 0.01 sec
 ***,CH3C6H4CN+CF3CN+BF3
 memory,500,m
 gdirect
 gthresh,energy=1.d-8,twoint=1.d-19,oneint=1.d-19,zero=1.d-15,orbital=1.d-8,grid=1.d-8
 symmetry,nosym
 geomtyp=xyz
                                                                                 ! Geometry
 geometry={
 O1        -0.687464896    -0.111744327     -0.019625472
 H1        -1.046121544    0.775938208     0.012706845
 H2        0.274042519    0.025850654     -0.003497262
 N1        2.686494447384934    0.12103734602376459     0.008012668453235165
 H3        2.981858878384934    -0.4316006289762354     -0.7867781945467649
 H4        2.9965749423849344    -0.38968374497623537     0.8248721614532352
 C1        3.345829724384934    1.4294013110237644     -0.03222896954676484
 H5        3.0352873023849343    2.0111262710237647     0.8322864504532351
 H6        4.437139014384933    1.3901063390237645     -0.04118463854676484
 H7        3.019117452384934    1.9653187800237646     -0.9200527815467648
 }
 
 
 
 basis=avtz
 
 
 
                                                                                 ! Dimer Calculation
 {rks,pbe,accu=1.d-8;orbital,2101.2}
 eab_PBE=energy
 
 
                                                                                 !monomer A
 dummy,4,5,6,7,8,9,10;                                                           ! NOW MONOMER B IS DUMMY
 {rks,pbe,accu=1.d-8;orbital,2201.2}
 ea_PBE=energy
                                                                                 !monomer B
 dummy,1,2,3;                                                                    !NOW MONOMER A IS DUMMY
 {rks,pbe,accu=1.d-8;orbital,2301.2}
 eb_PBE=energy
 
 E_AB_int=eab_PBE-ea_PBE-eb_PBE
 
 
 text,results in hartree
 show,E_AB_int
 
 Commands  initialized (763), CPU time= 0.01 sec, 617 directives.
 Default parameters read. Elapsed time= 0.21 sec

 Checking input...
 Passed
1


                                         ***  PROGRAM SYSTEM MOLPRO  ***
                                       Copyright, TTI GmbH Stuttgart, 2015
                                    Version 2019.2 linked Jun  8 2019 11:26:33


 **********************************************************************************************************************************
 LABEL *   CH3C6H4CN+CF3CN+BF3                                                           
  64 bit mpp version                                                                     DATE: 07-Oct-19          TIME: 00:26:31  
 **********************************************************************************************************************************

 SHA1:             8135a10abc80eafa5b3ae28ffc55be4890dc4c84
 **********************************************************************************************************************************

 THRESHOLDS:

 ZERO    =  1.00D-15  ONEINT  =  1.00D-19  TWOINT  =  1.00D-19  PREFAC  =  1.00D-14  XXXXXX  =  1.00D-09  EORDER  =  1.00D-04
 ENERGY  =  1.00D-08  ETEST   =  0.00D+00  EDENS   =  0.00D+00  THRDEDEF=  1.00D-06  GRADIENT=  1.00D-02  STEP    =  1.00D-03
 ORBITAL =  1.00D-08  CIVEC   =  1.00D-05  COEFF   =  1.00D-04  PRINTCI =  5.00D-02  PUNCHCI =  9.90D+01  OPTGRAD =  3.00D-04
 OPTENERG=  1.00D-06  OPTSTEP =  3.00D-04  THRGRAD =  1.00D-10  COMPRESS=  1.00D-11  VARMIN  =  1.00D-07  VARMAX  =  1.00D-03
 THRDOUB =  0.00D+00  THRDIV  =  1.00D-05  THRRED  =  1.00D-07  THRPSP  =  1.00D+00  THRDC   =  1.00D-10  THRCS   =  1.00D-10
 THRNRM  =  1.00D-08  THREQ   =  0.00D+00  THRDE   =  1.00D+00  THRREF  =  1.00D-05  SPARFAC =  1.00D+00  THRDLP  =  1.00D-07
 THRDIA  =  1.00D-10  THRDLS  =  1.00D-07  THRGPS  =  0.00D+00  THRKEX  =  0.00D+00  THRDIS  =  2.00D-01  THRVAR  =  1.00D-10
 THRLOC  =  1.00D-06  THRGAP  =  1.00D-06  THRLOCT = -1.00D+00  THRGAPT = -1.00D+00  THRORB  =  1.00D-06  THRMLTP =  0.00D+00
 THRCPQCI=  1.00D-10  KEXTA   =  0.00D+00  THRCOARS=  0.00D+00  SYMTOL  =  1.00D-06  GRADTOL =  1.00D-06  THROVL  =  1.00D-08
 THRORTH =  1.00D-08  GRID    =  1.00D-08  GRIDMAX =  1.00D-03  DTMAX   =  0.00D+00  THROCCDE=  1.00D-01  THROCCDE=  1.00D-01
 THRPRINT=  2.50D-01


 Variable memory set to  500000000 words,  buffer space 

 SETTING GEOMTYP        =    XYZ
 ZSYMEL=NOSYM

 SETTING BASIS          =    AVTZ


 Recomputing integrals since basis changed


 Using spherical harmonics

 Library entry O      S aug-cc-pVTZ          selected for orbital group  1
 Library entry O      P aug-cc-pVTZ          selected for orbital group  1
 Library entry O      D aug-cc-pVTZ          selected for orbital group  1
 Library entry O      F aug-cc-pVTZ          selected for orbital group  1
 Library entry H      S aug-cc-pVTZ          selected for orbital group  2
 Library entry H      P aug-cc-pVTZ          selected for orbital group  2
 Library entry H      D aug-cc-pVTZ          selected for orbital group  2
 Library entry N      S aug-cc-pVTZ          selected for orbital group  3
 Library entry N      P aug-cc-pVTZ          selected for orbital group  3
 Library entry N      D aug-cc-pVTZ          selected for orbital group  3
 Library entry N      F aug-cc-pVTZ          selected for orbital group  3
 Library entry C      S aug-cc-pVTZ          selected for orbital group  5
 Library entry C      P aug-cc-pVTZ          selected for orbital group  5
 Library entry C      D aug-cc-pVTZ          selected for orbital group  5
 Library entry C      F aug-cc-pVTZ          selected for orbital group  5


 PROGRAM * SEWARD (Integral evaluation for generally contracted gaussian basis sets)     Author: Roland Lindh, 1990

 Geometry written to block  1 of record 700


 Point group  C1  



 ATOMIC COORDINATES

 NR  ATOM    CHARGE       X              Y              Z

   1  O1      8.00   -1.299120374   -0.211166174   -0.037086767
   2  H1      1.00   -1.976883211    1.466310703    0.024012457
   3  H2      1.00    0.517865307    0.048850656   -0.006608867
   4  N1      7.00    5.076738741    0.228727435    0.015141749
   5  H3      1.00    5.634896622   -0.815606984   -1.486795308
   6  H4      1.00    5.662705953   -0.736395553    1.558782473
   7  C1      6.00    6.322701839    2.701177000   -0.060903926
   8  H5      1.00    5.735861711    3.800477854    1.572793449
   9  H6      1.00    8.384977514    2.626920265   -0.077827687
  10  H7      1.00    5.705305123    3.713914242   -1.738647777

 Bond lengths in Bohr (Angstrom)

 1-2  1.810255300  1-3  1.835749062  4-5  1.912587128  4-6  1.912497488  4-7  2.769695622
     ( 0.957945851)     ( 0.971436569)     ( 1.012097522)     ( 1.012050086)     ( 1.465659804)

  7- 8  2.054704556   7- 9  2.063681525   7-10  2.054662955
       ( 1.087302826)       ( 1.092053234)       ( 1.087280812)

 Bond angles

  2- 1- 3  103.81354080   4- 7- 8  109.10407840   4- 7- 9  114.68652183   4- 7-10  109.10154196

  5-4-6  105.59704101   5-4-7  109.54744639   6-4-7  109.56111076   8-7-9  108.13067149

  8- 7-10  107.44041837   9- 7-10  108.13881681

 NUCLEAR CHARGE:                   28
 NUMBER OF PRIMITIVE AOS:         390
 NUMBER OF SYMMETRY AOS:          349
 NUMBER OF CONTRACTIONS:          299   (  299A   )
 NUMBER OF CORE ORBITALS:           3   (    3A   )
 NUMBER OF VALENCE ORBITALS:       19   (   19A   )


 NUCLEAR REPULSION ENERGY   76.35865172


 Eigenvalues of metric

         1 0.349E-04 0.482E-04 0.595E-04 0.802E-04 0.142E-03 0.157E-03 0.224E-03 0.245E-03


 OPERATOR DM      FOR CENTER  0  COORDINATES:    0.000000    0.000000    0.000000


 **********************************************************************************************************************************
 DATASETS  * FILE   NREC   LENGTH (MB)   RECORD NAMES
              1      18       33.42       500      610      700      900      950      970     1000      129      960     1100   
                                          VAR    BASINP    GEOM    SYMINP    ZMAT    AOBASIS   BASIS     P2S    ABASIS      S 
                                         1400     1410     1200     1210     1080     1600     1650     1700   
                                           T        V       H0       H01     AOSYM     SMH    MOLCAS    OPER   

 PROGRAMS   *        TOTAL       INT
 CPU TIMES  *         0.49      0.32
 REAL TIME  *         1.84 SEC
 DISK USED  *        33.92 MB (local),      135.69 MB (total)
 GA USED    *         0.00 MB       (max)       0.00 MB       (current)
 **********************************************************************************************************************************

 Density functional group PBE=PBEX+PBEC
 Functional: PBEX(Automatically generated (new) PBEX)                          Gradient terms: 1
 Functional: PBEC(Automatically generated (new) PBEC)                          Gradient terms: 1
 Use libxcgrid:  F
 Use grid at  1800.2

 Functional: PBEX                      Factor:  1.0000
 Functional: PBEC                      Factor:  1.0000

 Generated new metagrid on record  1800.2 with target accuracy 1.0D-08 and 86326 points in CPU time    0.3
 Computed new grid on record 1800.1 in CPU time    0.3
  241946 words reserved for DFT integration

 PROGRAM * RKS-SCF (Restricted closed shell Kohn-Sham)     Authors: W. Meyer, H.-J. Werner, P.J. Knowles, 1993

 NUMBER OF ELECTRONS:      14+   14-    SPACE SYMMETRY=1    SPIN SYMMETRY: Singlet 
 CONVERGENCE THRESHOLDS:    1.00E-04 (Density)    1.00E-08 (Energy)
 INTEGRAL THRESHOLDS:       1.00E-11 (Initial)    1.00E-11 (Final)
 MAX. NUMBER OF ITERATIONS:       60
 INTERPOLATION TYPE:            DIIS
 INTERPOLATION STEPS:              2 (START)      1 (STEP)
 LEVEL SHIFTS:                  0.00 (CLOSED)  0.00 (OPEN) 



 Use fine grid record 1800.2 for energy threshold  1.0D-08
 Orbital guess generated from atomic densities. Full valence occupancy:   22

 Molecular orbital dump at record        2101.2

 Initial occupancy:  14

 Direct Fock-matrix evaluation.        Authors: Roland Lindh & Martin Schuetz (1993/96)

 Integral Threshold:                  0.1D-10
 Threshold for writing integrals:     0.1D-06
 Prescreening on density matrix:        ON 
 Calculation will be performed fully direct        

 ITERATION   DDIFF            GRAD            ENERGY        2-EL.EN.            DIPOLE MOMENTS         DIIS   CPU(IT)  CPU(TOT)
    1      0.000D+00      0.000D+00      -171.94598683    331.531384    1.47615    0.77030    0.04256    0     12.5     16.6     start
    2      0.000D+00      0.783D-02      -171.32823843    295.114279    0.31838   -0.17280   -0.01933    1     11.1     27.7     diag
    3      0.151D-01      0.155D-01      -172.14722749    319.758231    1.22164    0.67614    0.02866    2     11.1     38.7     diag
    4      0.981D-02      0.153D-02      -172.15320341    319.651052    1.14272    0.51161    0.02560    3     10.9     49.6     diag
    5      0.154D-02      0.727D-03      -172.15495800    319.164908    1.13614    0.54190    0.02642    4     10.8     60.4     diag
    6      0.600D-03      0.169D-03      -172.15503402    319.234161    1.14434    0.54390    0.02590    5     10.5     70.9     diag
    7      0.142D-03      0.841D-04      -172.15505519    319.239389    1.14276    0.54444    0.02610    6     10.3     81.2     diag
    8      0.557D-04      0.110D-04      -172.15505559    319.251533    1.14359    0.54533    0.02609    7      9.9     91.1     diag
    9      0.725D-05      0.544D-06      -172.15505559    319.251428    1.14350    0.54514    0.02611    8      9.1    100.3     diag
   10      0.695D-06      0.151D-06      -172.15505559    319.251413    1.14351    0.54522    0.02610    0      8.7    109.0     orth

 Final occupancy:  14

 !RKS STATE  1.1 Energy              -172.155055589452
 Nuclear energy                        76.35865172
 One-electron energy                 -384.83239844
 Two-electron energy                  159.62570633
 Density functional                   -23.30701520     PBEX=-22.40796123 PBEC= -0.89905397
 Virial quotient                       -1.00581959
 !RKS STATE  1.1 Dipole moment          1.14351097     0.54521521     0.02609735
 Dipole moment /Debye                   2.90632461     1.38570806     0.06632850

 Orbital energies:

         1.1          2.1          3.1          4.1          5.1          6.1          7.1          8.1          9.1         10.1
    -18.732317   -13.987428    -9.909520    -0.902788    -0.817813    -0.611131    -0.456865    -0.453876    -0.410191    -0.372799

        11.1         12.1         13.1         14.1         15.1         16.1
     -0.337874    -0.318489    -0.240709    -0.222228    -0.032892    -0.007868


 HOMO     14.1    -0.222228 =      -6.0471eV
 LUMO     15.1    -0.032892 =      -0.8950eV
 LUMO-HOMO         0.189336 =       5.1521eV


 **********************************************************************************************************************************
 DATASETS  * FILE   NREC   LENGTH (MB)   RECORD NAMES
              1      19       33.42       500      610      700      900      950      970     1000      129      960     1100   
                                          VAR    BASINP    GEOM    SYMINP    ZMAT    AOBASIS   BASIS     P2S    ABASIS      S 
                                         1400     1410     1200     1210     1080     1600     1650     1700     1800   
                                           T        V       H0       H01     AOSYM     SMH    MOLCAS    OPER     GRID   

              2       5        4.75       700     1000      520     1800     2101   
                                         GEOM     BASIS   MCVARS    GRID      RKS  

 PROGRAMS   *        TOTAL   RKS-SCF       INT
 CPU TIMES  *       109.93    109.42      0.32
 REAL TIME  *       112.91 SEC
 DISK USED  *        44.35 MB (local),      177.39 MB (total)
 SF USED    *         1.08 MB
 GA USED    *         2.83 MB       (max)       2.83 MB       (current)
 **********************************************************************************************************************************
 SETTING EAB_PBE        =      -172.15505559  AU                              

 Dummy atoms: N1  H3  H4  C1  H5  H6  H7


 Recomputing one-electron integrals since nuclear charges changed


 PROGRAM * SEWARD (Integral evaluation for generally contracted gaussian basis sets)     Author: Roland Lindh, 1990

 Geometry written to block  1 of record 700


 Point group  C1  



 ATOMIC COORDINATES

 NR  ATOM    CHARGE       X              Y              Z

   1  O1      8.00   -1.299120374   -0.211166174   -0.037086767
   2  H1      1.00   -1.976883211    1.466310703    0.024012457
   3  H2      1.00    0.517865307    0.048850656   -0.006608867
   4  N1      0.00    5.076738741    0.228727435    0.015141749
   5  H3      0.00    5.634896622   -0.815606984   -1.486795308
   6  H4      0.00    5.662705953   -0.736395553    1.558782473
   7  C1      0.00    6.322701839    2.701177000   -0.060903926
   8  H5      0.00    5.735861711    3.800477854    1.572793449
   9  H6      0.00    8.384977514    2.626920265   -0.077827687
  10  H7      0.00    5.705305123    3.713914242   -1.738647777

 Bond lengths in Bohr (Angstrom)

 1-2  1.810255300  1-3  1.835749062  4-5  1.912587128  4-6  1.912497488  4-7  2.769695622
     ( 0.957945851)     ( 0.971436569)     ( 1.012097522)     ( 1.012050086)     ( 1.465659804)

  7- 8  2.054704556   7- 9  2.063681525   7-10  2.054662955
       ( 1.087302826)       ( 1.092053234)       ( 1.087280812)

 Bond angles

  2- 1- 3  103.81354080   4- 7- 8  109.10407840   4- 7- 9  114.68652183   4- 7-10  109.10154196

  5-4-6  105.59704101   5-4-7  109.54744639   6-4-7  109.56111076   8-7-9  108.13067149

  8- 7-10  107.44041837   9- 7-10  108.13881681

 NUCLEAR CHARGE:                   10
 NUMBER OF PRIMITIVE AOS:         390
 NUMBER OF SYMMETRY AOS:          349
 NUMBER OF CONTRACTIONS:          299   (  299A   )
 NUMBER OF CORE ORBITALS:           1   (    1A   )
 NUMBER OF VALENCE ORBITALS:        6   (    6A   )

 MOLECULE CHANGED: INITIALIZING OCCUPATION AND DUMP RECORDS


 NUCLEAR REPULSION ENERGY    9.12565577


 Eigenvalues of metric

         1 0.349E-04 0.482E-04 0.595E-04 0.802E-04 0.142E-03 0.157E-03 0.224E-03 0.245E-03


 OPERATOR DM      FOR CENTER  0  COORDINATES:    0.000000    0.000000    0.000000


 **********************************************************************************************************************************
 DATASETS  * FILE   NREC   LENGTH (MB)   RECORD NAMES
              1      19       33.42       500      610      700      900      950      970     1000      129      960     1100   
                                          VAR    BASINP    GEOM    SYMINP    ZMAT    AOBASIS   BASIS     P2S    ABASIS      S 
                                         1400     1410     1200     1210     1080     1600     1650     1700     1800   
                                           T        V       H0       H01     AOSYM     SMH    MOLCAS    OPER     GRID   

              2       5        4.75       700     1000      520     1800     2101   
                                         GEOM     BASIS   MCVARS    GRID      RKS  

 PROGRAMS   *        TOTAL       INT   RKS-SCF       INT
 CPU TIMES  *       110.05      0.12    109.42      0.32
 REAL TIME  *       113.14 SEC
 DISK USED  *        44.35 MB (local),      177.39 MB (total)
 SF USED    *         1.08 MB
 GA USED    *         2.83 MB       (max)       2.83 MB       (current)
 **********************************************************************************************************************************

 Density functional group PBE=PBEX+PBEC
 Functional: PBEX(Automatically generated (new) PBEX)                          Gradient terms: 1
 Functional: PBEC(Automatically generated (new) PBEC)                          Gradient terms: 1
 Use libxcgrid:  F
 Use grid at  1800.2

 Functional: PBEX                      Factor:  1.0000
 Functional: PBEC                      Factor:  1.0000

 Generated new metagrid on record  1800.2 with target accuracy 1.0D-08 and 86326 points in CPU time    0.3
 Computed new grid on record 1800.1 in CPU time    0.4
  241946 words reserved for DFT integration

 PROGRAM * RKS-SCF (Restricted closed shell Kohn-Sham)     Authors: W. Meyer, H.-J. Werner, P.J. Knowles, 1993

 NUMBER OF ELECTRONS:       5+    5-    SPACE SYMMETRY=1    SPIN SYMMETRY: Singlet 
 CONVERGENCE THRESHOLDS:    1.00E-04 (Density)    1.00E-08 (Energy)
 INTEGRAL THRESHOLDS:       1.00E-11 (Initial)    1.00E-11 (Final)
 MAX. NUMBER OF ITERATIONS:       60
 INTERPOLATION TYPE:            DIIS
 INTERPOLATION STEPS:              2 (START)      1 (STEP)
 LEVEL SHIFTS:                  0.00 (CLOSED)  0.00 (OPEN) 



 Use fine grid record 1800.2 for energy threshold  1.0D-08
 Orbital guess generated from atomic densities. Full valence occupancy:    7

 Molecular orbital dump at record        2201.2

 Initial occupancy:   5

 Direct Fock-matrix evaluation.        Authors: Roland Lindh & Martin Schuetz (1993/96)

 Integral Threshold:                  0.1D-10
 Threshold for writing integrals:     0.1D-06
 Prescreening on density matrix:        ON 
 Calculation will be performed fully direct        

 ITERATION   DDIFF            GRAD            ENERGY        2-EL.EN.            DIPOLE MOMENTS         DIIS   CPU(IT)  CPU(TOT)
    1      0.000D+00      0.000D+00       -76.29669445     98.033901    0.56364    0.94849    0.04490    0     11.8     16.1     start
    2      0.000D+00      0.887D-02       -75.92130402     81.900765   -0.25424   -0.36126   -0.01759    1     10.7     26.8     diag
    3      0.954D-02      0.201D-01       -76.37984852     93.487945    0.37309    0.63732    0.03011    2     10.8     37.6     diag
    4      0.665D-02      0.507D-03       -76.38022484     93.103519    0.35780    0.61400    0.02898    3     10.3     47.9     diag
    5      0.224D-03      0.117D-03       -76.38023824     93.152289    0.35711    0.61231    0.02891    4     10.0     57.9     diag
    6      0.392D-04      0.276D-04       -76.38023912     93.164029    0.35830    0.61433    0.02900    5      9.6     67.5     diag
    7      0.938D-05      0.908D-06       -76.38023912     93.164281    0.35826    0.61427    0.02900    6      8.6     76.1     diag
    8      0.356D-06      0.811D-07       -76.38023912     93.164389    0.35827    0.61429    0.02900    0      6.8     82.9     orth

 Final occupancy:   5

 !RKS STATE  1.1 Energy               -76.380239121695
 Nuclear energy                         9.12565577
 One-electron energy                 -122.85871015
 Two-electron energy                   46.58219474
 Density functional                    -9.22937948     PBEX=-8.90495534 PBEC=-0.32442414
 Virial quotient                       -1.00566400
 !RKS STATE  1.1 Dipole moment          0.35826892     0.61428725     0.02900165
 Dipole moment /Debye                   0.91056913     1.56126020     0.07371000

 Orbital energies:

         1.1          2.1          3.1          4.1          5.1          6.1          7.1
    -18.760923    -0.930574    -0.481722    -0.344029    -0.265978    -0.035198     0.014037


 HOMO      5.1    -0.265978 =      -7.2376eV
 LUMO      6.1    -0.035198 =      -0.9578eV
 LUMO-HOMO         0.230781 =       6.2799eV


 **********************************************************************************************************************************
 DATASETS  * FILE   NREC   LENGTH (MB)   RECORD NAMES
              1      19       33.42       500      610      700      900      950      970     1000      129      960     1100   
                                          VAR    BASINP    GEOM    SYMINP    ZMAT    AOBASIS   BASIS     P2S    ABASIS      S 
                                         1400     1410     1200     1210     1080     1600     1650     1700     1800   
                                           T        V       H0       H01     AOSYM     SMH    MOLCAS    OPER     GRID   

              2       6       10.83       700     1000      520     1800     2101     2201   
                                         GEOM     BASIS   MCVARS    GRID      RKS      RKS  

 PROGRAMS   *        TOTAL   RKS-SCF       INT   RKS-SCF       INT
 CPU TIMES  *       193.42     83.37      0.12    109.42      0.32
 REAL TIME  *       196.91 SEC
 DISK USED  *        49.71 MB (local),      198.86 MB (total)
 SF USED    *         1.08 MB
 GA USED    *         2.83 MB       (max)       2.83 MB       (current)
 **********************************************************************************************************************************
 SETTING EA_PBE         =       -76.38023912  AU                              

 Dummy atoms: O1  H1  H2


 Recomputing one-electron integrals since nuclear charges changed


 PROGRAM * SEWARD (Integral evaluation for generally contracted gaussian basis sets)     Author: Roland Lindh, 1990

 Geometry written to block  1 of record 700


 Point group  C1  



 ATOMIC COORDINATES

 NR  ATOM    CHARGE       X              Y              Z

   1  O1      0.00   -1.299120374   -0.211166174   -0.037086767
   2  H1      0.00   -1.976883211    1.466310703    0.024012457
   3  H2      0.00    0.517865307    0.048850656   -0.006608867
   4  N1      7.00    5.076738741    0.228727435    0.015141749
   5  H3      1.00    5.634896622   -0.815606984   -1.486795308
   6  H4      1.00    5.662705953   -0.736395553    1.558782473
   7  C1      6.00    6.322701839    2.701177000   -0.060903926
   8  H5      1.00    5.735861711    3.800477854    1.572793449
   9  H6      1.00    8.384977514    2.626920265   -0.077827687
  10  H7      1.00    5.705305123    3.713914242   -1.738647777

 Bond lengths in Bohr (Angstrom)

 1-2  1.810255300  1-3  1.835749062  4-5  1.912587128  4-6  1.912497488  4-7  2.769695622
     ( 0.957945851)     ( 0.971436569)     ( 1.012097522)     ( 1.012050086)     ( 1.465659804)

  7- 8  2.054704556   7- 9  2.063681525   7-10  2.054662955
       ( 1.087302826)       ( 1.092053234)       ( 1.087280812)

 Bond angles

  2- 1- 3  103.81354080   4- 7- 8  109.10407840   4- 7- 9  114.68652183   4- 7-10  109.10154196

  5-4-6  105.59704101   5-4-7  109.54744639   6-4-7  109.56111076   8-7-9  108.13067149

  8- 7-10  107.44041837   9- 7-10  108.13881681

 NUCLEAR CHARGE:                   18
 NUMBER OF PRIMITIVE AOS:         390
 NUMBER OF SYMMETRY AOS:          349
 NUMBER OF CONTRACTIONS:          299   (  299A   )
 NUMBER OF CORE ORBITALS:           2   (    2A   )
 NUMBER OF VALENCE ORBITALS:       13   (   13A   )

 MOLECULE CHANGED: INITIALIZING OCCUPATION AND DUMP RECORDS


 NUCLEAR REPULSION ENERGY   42.06267591


 Eigenvalues of metric

         1 0.349E-04 0.482E-04 0.595E-04 0.802E-04 0.142E-03 0.157E-03 0.224E-03 0.245E-03


 OPERATOR DM      FOR CENTER  0  COORDINATES:    0.000000    0.000000    0.000000


 **********************************************************************************************************************************
 DATASETS  * FILE   NREC   LENGTH (MB)   RECORD NAMES
              1      19       33.42       500      610      700      900      950      970     1000      129      960     1100   
                                          VAR    BASINP    GEOM    SYMINP    ZMAT    AOBASIS   BASIS     P2S    ABASIS      S 
                                         1400     1410     1200     1210     1080     1600     1650     1700     1800   
                                           T        V       H0       H01     AOSYM     SMH    MOLCAS    OPER     GRID   

              2       6       10.83       700     1000      520     1800     2101     2201   
                                         GEOM     BASIS   MCVARS    GRID      RKS      RKS  

 PROGRAMS   *        TOTAL       INT   RKS-SCF       INT   RKS-SCF       INT
 CPU TIMES  *       193.55      0.12     83.37      0.12    109.42      0.32
 REAL TIME  *       197.14 SEC
 DISK USED  *        49.71 MB (local),      198.86 MB (total)
 SF USED    *         1.08 MB
 GA USED    *         2.83 MB       (max)       2.83 MB       (current)
 **********************************************************************************************************************************

 Density functional group PBE=PBEX+PBEC
 Functional: PBEX(Automatically generated (new) PBEX)                          Gradient terms: 1
 Functional: PBEC(Automatically generated (new) PBEC)                          Gradient terms: 1
 Use libxcgrid:  F
 Use grid at  1800.2

 Functional: PBEX                      Factor:  1.0000
 Functional: PBEC                      Factor:  1.0000

 Generated new metagrid on record  1800.2 with target accuracy 1.0D-08 and 86326 points in CPU time    0.3
 Computed new grid on record 1800.1 in CPU time    0.4
  241946 words reserved for DFT integration

 PROGRAM * RKS-SCF (Restricted closed shell Kohn-Sham)     Authors: W. Meyer, H.-J. Werner, P.J. Knowles, 1993

 NUMBER OF ELECTRONS:       9+    9-    SPACE SYMMETRY=1    SPIN SYMMETRY: Singlet 
 CONVERGENCE THRESHOLDS:    1.00E-04 (Density)    1.00E-08 (Energy)
 INTEGRAL THRESHOLDS:       1.00E-11 (Initial)    1.00E-11 (Final)
 MAX. NUMBER OF ITERATIONS:       60
 INTERPOLATION TYPE:            DIIS
 INTERPOLATION STEPS:              2 (START)      1 (STEP)
 LEVEL SHIFTS:                  0.00 (CLOSED)  0.00 (OPEN) 



 Use fine grid record 1800.2 for energy threshold  1.0D-08
 Orbital guess generated from atomic densities. Full valence occupancy:   15

 Molecular orbital dump at record        2301.2

 Initial occupancy:   9

 Direct Fock-matrix evaluation.        Authors: Roland Lindh & Martin Schuetz (1993/96)

 Integral Threshold:                  0.1D-10
 Threshold for writing integrals:     0.1D-06
 Prescreening on density matrix:        ON 
 Calculation will be performed fully direct        

 ITERATION   DDIFF            GRAD            ENERGY        2-EL.EN.            DIPOLE MOMENTS         DIIS   CPU(IT)  CPU(TOT)
    1      0.000D+00      0.000D+00       -95.63175575    183.409318    0.82062   -0.18702   -0.00271    0     12.2     16.6     start
    2      0.000D+00      0.724D-02       -95.30479070    161.665368   -0.23669    0.23413   -0.00342    1     11.0     27.6     diag
    3      0.124D-01      0.133D-01       -95.76116868    176.235047    0.61303   -0.04217   -0.00458    2     10.9     38.6     diag
    4      0.801D-02      0.148D-02       -95.76515276    175.908705    0.49667   -0.11025   -0.00169    3     10.7     49.3     diag
    5      0.116D-02      0.671D-03       -95.76614707    175.735343    0.51281   -0.08736   -0.00245    4     10.5     59.8     diag
    6      0.475D-03      0.110D-03       -95.76617374    175.754736    0.51293   -0.08730   -0.00245    5     10.4     70.2     diag
    7      0.572D-04      0.117D-04       -95.76617409    175.765419    0.51424   -0.08694   -0.00247    6      9.7     79.9     diag
    8      0.781D-05      0.106D-05       -95.76617410    175.765166    0.51391   -0.08718   -0.00246    7      9.0     88.9     diag
    9      0.113D-05      0.293D-06       -95.76617410    175.765109    0.51404   -0.08710   -0.00247    0      8.6     97.5     orth

 Final occupancy:   9

 !RKS STATE  1.1 Energy               -95.766174097034
 Nuclear energy                        42.06267591
 One-electron energy                 -211.63850210
 Two-electron energy                   87.88255452
 Density functional                   -14.07290243     PBEX=-13.49993943 PBEC= -0.57296300
 Virial quotient                       -1.00584129
 !RKS STATE  1.1 Dipole moment          0.51403711    -0.08709710    -0.00246768
 Dipole moment /Debye                   1.30646643    -0.22136425    -0.00627180

 Orbital energies:

         1.1          2.1          3.1          4.1          5.1          6.1          7.1          8.1          9.1         10.1
    -13.968116    -9.896410    -0.800644    -0.596953    -0.440783    -0.394846    -0.358240    -0.324267    -0.200620    -0.022119

        11.1
      0.002206


 HOMO      9.1    -0.200620 =      -5.4591eV
 LUMO     10.1    -0.022119 =      -0.6019eV
 LUMO-HOMO         0.178501 =       4.8573eV


 **********************************************************************************************************************************
 DATASETS  * FILE   NREC   LENGTH (MB)   RECORD NAMES
              1      19       33.42       500      610      700      900      950      970     1000      129      960     1100   
                                          VAR    BASINP    GEOM    SYMINP    ZMAT    AOBASIS   BASIS     P2S    ABASIS      S 
                                         1400     1410     1200     1210     1080     1600     1650     1700     1800   
                                           T        V       H0       H01     AOSYM     SMH    MOLCAS    OPER     GRID   

              2       7       16.91       700     1000      520     1800     2101     2201     2301   
                                         GEOM     BASIS   MCVARS    GRID      RKS      RKS      RKS  

 PROGRAMS   *        TOTAL   RKS-SCF       INT   RKS-SCF       INT   RKS-SCF       INT
 CPU TIMES  *       291.54     97.99      0.12     83.37      0.12    109.42      0.32
 REAL TIME  *       295.62 SEC
 DISK USED  *        56.16 MB (local),      224.63 MB (total)
 SF USED    *         1.08 MB
 GA USED    *         2.83 MB       (max)       2.83 MB       (current)
 **********************************************************************************************************************************
 SETTING EB_PBE         =       -95.76617410  AU                              
 SETTING E_AB_INT       =        -0.00864237  AU                              

 *** results in hartree
 E_AB_INT         =        -0.00864237 AU
 Molecular orbitals read from record     2301.2  Type=RKS/CANONICAL (state 1.1)
 Occupation numbers read from record     2301.2  Type=RKS/RHF (state 1.1)
 Orbital energies read from record       2301.2  Type=RKS/CANONICAL (state 1.1)
 Redundancy group numbers read from rec  2301.2  Type=RKS/RHF (state 1.1)

 RPBE/aug-cc-pVTZ energy=    -95.766174097034

         RKS-SCF         RKS-SCF         RKS-SCF
    -95.76617410    -76.38023912   -172.15505559
 **********************************************************************************************************************************
 Molpro calculation terminated
