
 Primary working directories    : /scratch/sirous/43410/molpro.kvurtOOi4J
 Secondary working directories  : /scratch/sirous/43410/molpro.kvurtOOi4J
 Wavefunction directory         : /scratch/sirous/43410/
 Main file repository           : /scratch/sirous/43410/molpro.kvurtOOi4J/

 id        : karlovklimes

 Nodes                      nprocs
 nc-12.cc.karlov.mff.cuni.cz    4

 Using customized tuning parameters: mindgm=1; mindgv=20; mindgc=4; mindgr=1; noblas=0; minvec=7
 default implementation of scratch files=sf  


 Variables initialized (934), CPU time= 0.01 sec
 ***,CH3C6H4CN+CF3CN+BF3
 memory,500,m
 gdirect
 gthresh,energy=1.d-8,twoint=1.d-19,oneint=1.d-19,zero=1.d-15,orbital=1.d-8,grid=1.d-8
 symmetry,nosym
 geomtyp=xyz
                                                                                 ! Geometry
 geometry={
 O1        -0.687464896    -0.111744327     -0.019625472
 H1        -1.046121544    0.775938208     0.012706845
 H2        0.274042519    0.025850654     -0.003497262
 N1        5.299984036387006    0.22415626467823446     0.02048175789926374
 H3        5.595348467387006    -0.32848171032176554     -0.7743091051007363
 H4        5.610064531387007    -0.2865648263217655     0.8373412508992638
 C1        5.959319313387006    1.5325202296782345     -0.019759880100736264
 H5        5.648776891387007    2.1142451896782344     0.8447555398992638
 H6        7.050628603387006    1.4932252576782346     -0.028715549100736263
 H7        5.632607041387006    2.0684376986782347     -0.9075836921007362
 }
 
 
 
 basis=avtz
 
 
 
                                                                                 ! Dimer Calculation
 {rks,pbe,accu=1.d-8;orbital,2101.2}
 eab_PBE=energy
 
 
                                                                                 !monomer A
 dummy,4,5,6,7,8,9,10;                                                           ! NOW MONOMER B IS DUMMY
 {rks,pbe,accu=1.d-8;orbital,2201.2}
 ea_PBE=energy
                                                                                 !monomer B
 dummy,1,2,3;                                                                    !NOW MONOMER A IS DUMMY
 {rks,pbe,accu=1.d-8;orbital,2301.2}
 eb_PBE=energy
 
 E_AB_int=eab_PBE-ea_PBE-eb_PBE
 
 
 text,results in hartree
 show,E_AB_int
 
 Commands  initialized (763), CPU time= 0.02 sec, 617 directives.
 Default parameters read. Elapsed time= 0.20 sec

 Checking input...
 Passed
1


                                         ***  PROGRAM SYSTEM MOLPRO  ***
                                       Copyright, TTI GmbH Stuttgart, 2015
                                    Version 2019.2 linked Jun  8 2019 11:26:33


 **********************************************************************************************************************************
 LABEL *   CH3C6H4CN+CF3CN+BF3                                                           
  64 bit mpp version                                                                     DATE: 07-Oct-19          TIME: 00:34:42  
 **********************************************************************************************************************************

 SHA1:             8135a10abc80eafa5b3ae28ffc55be4890dc4c84
 **********************************************************************************************************************************

 THRESHOLDS:

 ZERO    =  1.00D-15  ONEINT  =  1.00D-19  TWOINT  =  1.00D-19  PREFAC  =  1.00D-14  XXXXXX  =  1.00D-09  EORDER  =  1.00D-04
 ENERGY  =  1.00D-08  ETEST   =  0.00D+00  EDENS   =  0.00D+00  THRDEDEF=  1.00D-06  GRADIENT=  1.00D-02  STEP    =  1.00D-03
 ORBITAL =  1.00D-08  CIVEC   =  1.00D-05  COEFF   =  1.00D-04  PRINTCI =  5.00D-02  PUNCHCI =  9.90D+01  OPTGRAD =  3.00D-04
 OPTENERG=  1.00D-06  OPTSTEP =  3.00D-04  THRGRAD =  1.00D-10  COMPRESS=  1.00D-11  VARMIN  =  1.00D-07  VARMAX  =  1.00D-03
 THRDOUB =  0.00D+00  THRDIV  =  1.00D-05  THRRED  =  1.00D-07  THRPSP  =  1.00D+00  THRDC   =  1.00D-10  THRCS   =  1.00D-10
 THRNRM  =  1.00D-08  THREQ   =  0.00D+00  THRDE   =  1.00D+00  THRREF  =  1.00D-05  SPARFAC =  1.00D+00  THRDLP  =  1.00D-07
 THRDIA  =  1.00D-10  THRDLS  =  1.00D-07  THRGPS  =  0.00D+00  THRKEX  =  0.00D+00  THRDIS  =  2.00D-01  THRVAR  =  1.00D-10
 THRLOC  =  1.00D-06  THRGAP  =  1.00D-06  THRLOCT = -1.00D+00  THRGAPT = -1.00D+00  THRORB  =  1.00D-06  THRMLTP =  0.00D+00
 THRCPQCI=  1.00D-10  KEXTA   =  0.00D+00  THRCOARS=  0.00D+00  SYMTOL  =  1.00D-06  GRADTOL =  1.00D-06  THROVL  =  1.00D-08
 THRORTH =  1.00D-08  GRID    =  1.00D-08  GRIDMAX =  1.00D-03  DTMAX   =  0.00D+00  THROCCDE=  1.00D-01  THROCCDE=  1.00D-01
 THRPRINT=  2.50D-01


 Variable memory set to  500000000 words,  buffer space 

 SETTING GEOMTYP        =    XYZ
 ZSYMEL=NOSYM

 SETTING BASIS          =    AVTZ


 Recomputing integrals since basis changed


 Using spherical harmonics

 Library entry O      S aug-cc-pVTZ          selected for orbital group  1
 Library entry O      P aug-cc-pVTZ          selected for orbital group  1
 Library entry O      D aug-cc-pVTZ          selected for orbital group  1
 Library entry O      F aug-cc-pVTZ          selected for orbital group  1
 Library entry H      S aug-cc-pVTZ          selected for orbital group  2
 Library entry H      P aug-cc-pVTZ          selected for orbital group  2
 Library entry H      D aug-cc-pVTZ          selected for orbital group  2
 Library entry N      S aug-cc-pVTZ          selected for orbital group  3
 Library entry N      P aug-cc-pVTZ          selected for orbital group  3
 Library entry N      D aug-cc-pVTZ          selected for orbital group  3
 Library entry N      F aug-cc-pVTZ          selected for orbital group  3
 Library entry C      S aug-cc-pVTZ          selected for orbital group  5
 Library entry C      P aug-cc-pVTZ          selected for orbital group  5
 Library entry C      D aug-cc-pVTZ          selected for orbital group  5
 Library entry C      F aug-cc-pVTZ          selected for orbital group  5


 PROGRAM * SEWARD (Integral evaluation for generally contracted gaussian basis sets)     Author: Roland Lindh, 1990

 Geometry written to block  1 of record 700


 Point group  C1  



 ATOMIC COORDINATES

 NR  ATOM    CHARGE       X              Y              Z

   1  O1      8.00   -1.299120374   -0.211166174   -0.037086767
   2  H1      1.00   -1.976883211    1.466310703    0.024012457
   3  H2      1.00    0.517865307    0.048850656   -0.006608867
   4  N1      7.00   10.015518293    0.423593949    0.038704913
   5  H3      1.00   10.573676175   -0.620740469   -1.463232144
   6  H4      1.00   10.601485505   -0.541529039    1.582345637
   7  C1      6.00   11.261481391    2.896043514   -0.037340762
   8  H5      1.00   10.674641263    3.995344369    1.596356613
   9  H6      1.00   13.323757066    2.821786779   -0.054264523
  10  H7      1.00   10.644084676    3.908780756   -1.715084613

 Bond lengths in Bohr (Angstrom)

 1-2  1.810255300  1-3  1.835749062  4-5  1.912587128  4-6  1.912497488  4-7  2.769695622
     ( 0.957945851)     ( 0.971436569)     ( 1.012097522)     ( 1.012050086)     ( 1.465659804)

  7- 8  2.054704556   7- 9  2.063681525   7-10  2.054662955
       ( 1.087302826)       ( 1.092053234)       ( 1.087280812)

 Bond angles

  2- 1- 3  103.81354080   4- 7- 8  109.10407840   4- 7- 9  114.68652183   4- 7-10  109.10154196

  5-4-6  105.59704101   5-4-7  109.54744639   6-4-7  109.56111076   8-7-9  108.13067149

  8- 7-10  107.44041837   9- 7-10  108.13881681

 NUCLEAR CHARGE:                   28
 NUMBER OF PRIMITIVE AOS:         390
 NUMBER OF SYMMETRY AOS:          349
 NUMBER OF CONTRACTIONS:          299   (  299A   )
 NUMBER OF CORE ORBITALS:           3   (    3A   )
 NUMBER OF VALENCE ORBITALS:       19   (   19A   )


 NUCLEAR REPULSION ENERGY   66.10026981


 Eigenvalues of metric

         1 0.383E-04 0.621E-04 0.623E-04 0.124E-03 0.158E-03 0.243E-03 0.357E-03 0.383E-03


 OPERATOR DM      FOR CENTER  0  COORDINATES:    0.000000    0.000000    0.000000


 **********************************************************************************************************************************
 DATASETS  * FILE   NREC   LENGTH (MB)   RECORD NAMES
              1      18       33.42       500      610      700      900      950      970     1000      129      960     1100   
                                          VAR    BASINP    GEOM    SYMINP    ZMAT    AOBASIS   BASIS     P2S    ABASIS      S 
                                         1400     1410     1200     1210     1080     1600     1650     1700   
                                           T        V       H0       H01     AOSYM     SMH    MOLCAS    OPER   

 PROGRAMS   *        TOTAL       INT
 CPU TIMES  *         0.67      0.48
 REAL TIME  *         2.96 SEC
 DISK USED  *        33.92 MB (local),      135.69 MB (total)
 GA USED    *         0.00 MB       (max)       0.00 MB       (current)
 **********************************************************************************************************************************

 Density functional group PBE=PBEX+PBEC
 Functional: PBEX(Automatically generated (new) PBEX)                          Gradient terms: 1
 Functional: PBEC(Automatically generated (new) PBEC)                          Gradient terms: 1
 Use libxcgrid:  F
 Use grid at  1800.2

 Functional: PBEX                      Factor:  1.0000
 Functional: PBEC                      Factor:  1.0000

 Generated new metagrid on record  1800.2 with target accuracy 1.0D-08 and 86326 points in CPU time    0.2
 Computed new grid on record 1800.1 in CPU time    0.3
  241946 words reserved for DFT integration

 PROGRAM * RKS-SCF (Restricted closed shell Kohn-Sham)     Authors: W. Meyer, H.-J. Werner, P.J. Knowles, 1993

 NUMBER OF ELECTRONS:      14+   14-    SPACE SYMMETRY=1    SPIN SYMMETRY: Singlet 
 CONVERGENCE THRESHOLDS:    1.00E-04 (Density)    1.00E-08 (Energy)
 INTEGRAL THRESHOLDS:       1.00E-11 (Initial)    1.00E-11 (Final)
 MAX. NUMBER OF ITERATIONS:       60
 INTERPOLATION TYPE:            DIIS
 INTERPOLATION STEPS:              2 (START)      1 (STEP)
 LEVEL SHIFTS:                  0.00 (CLOSED)  0.00 (OPEN) 



 Use fine grid record 1800.2 for energy threshold  1.0D-08
 Orbital guess generated from atomic densities. Full valence occupancy:   22

 Molecular orbital dump at record        2101.2

 Initial occupancy:  14

 Direct Fock-matrix evaluation.        Authors: Roland Lindh & Martin Schuetz (1993/96)

 Integral Threshold:                  0.1D-10
 Threshold for writing integrals:     0.1D-06
 Prescreening on density matrix:        ON 
 Calculation will be performed fully direct        

 ITERATION   DDIFF            GRAD            ENERGY        2-EL.EN.            DIPOLE MOMENTS         DIIS   CPU(IT)  CPU(TOT)
    1      0.000D+00      0.000D+00      -171.92999002    311.218335    1.38489    0.76170    0.04220    0      9.1     12.3     start
    2      0.000D+00      0.794D-02      -171.23395751    273.474955   -0.13714   -0.13334   -0.02089    1      8.1     20.4     diag
    3      0.156D-01      0.162D-01      -172.13949371    299.337878    0.99049    0.64683    0.02784    2      8.1     28.5     diag
    4      0.104D-01      0.150D-02      -172.14512133    299.081147    0.90355    0.48660    0.02628    3      7.7     36.2     diag
    5      0.157D-02      0.754D-03      -172.14709303    298.650445    0.90088    0.52427    0.02660    4      7.6     43.8     diag
    6      0.634D-03      0.123D-03      -172.14713452    298.712945    0.90776    0.52421    0.02615    5      7.4     51.2     diag
    7      0.941D-04      0.641D-04      -172.14714604    298.717348    0.90566    0.52538    0.02633    6      7.1     58.3     diag
    8      0.441D-04      0.138D-04      -172.14714668    298.730943    0.90704    0.52598    0.02633    7      6.9     65.1     diag
    9      0.926D-05      0.568D-06      -172.14714668    298.730863    0.90683    0.52589    0.02634    8      6.3     71.4     diag
   10      0.741D-06      0.202D-06      -172.14714668    298.730839    0.90693    0.52590    0.02633    0      6.1     77.5     orth

 Final occupancy:  14

 !RKS STATE  1.1 Energy              -172.147146679489
 Nuclear energy                        66.10026981
 One-electron energy                 -364.31075291
 Two-electron energy                  149.36541934
 Density functional                   -23.30208293     PBEX=-22.40470522 PBEC= -0.89737770
 Virial quotient                       -1.00579248
 !RKS STATE  1.1 Dipole moment          0.90693157     0.52590162     0.02633150
 Dipole moment /Debye                   2.30503913     1.33662105     0.06692361

 Orbital energies:

         1.1          2.1          3.1          4.1          5.1          6.1          7.1          8.1          9.1         10.1
    -18.755097   -13.972261    -9.900053    -0.924719    -0.804577    -0.600670    -0.475772    -0.444652    -0.398595    -0.362024

        11.1         12.1         13.1         14.1         15.1         16.1
     -0.338349    -0.327990    -0.260328    -0.204994    -0.033007    -0.021074


 HOMO     14.1    -0.204994 =      -5.5782eV
 LUMO     15.1    -0.033007 =      -0.8982eV
 LUMO-HOMO         0.171987 =       4.6800eV


 **********************************************************************************************************************************
 DATASETS  * FILE   NREC   LENGTH (MB)   RECORD NAMES
              1      19       33.42       500      610      700      900      950      970     1000      129      960     1100   
                                          VAR    BASINP    GEOM    SYMINP    ZMAT    AOBASIS   BASIS     P2S    ABASIS      S 
                                         1400     1410     1200     1210     1080     1600     1650     1700     1800   
                                           T        V       H0       H01     AOSYM     SMH    MOLCAS    OPER     GRID   

              2       5        4.75       700     1000      520     1800     2101   
                                         GEOM     BASIS   MCVARS    GRID      RKS  

 PROGRAMS   *        TOTAL   RKS-SCF       INT
 CPU TIMES  *        78.54     77.87      0.48
 REAL TIME  *        82.60 SEC
 DISK USED  *        44.35 MB (local),      177.39 MB (total)
 SF USED    *         1.08 MB
 GA USED    *         2.83 MB       (max)       2.83 MB       (current)
 **********************************************************************************************************************************
 SETTING EAB_PBE        =      -172.14714668  AU                              

 Dummy atoms: N1  H3  H4  C1  H5  H6  H7


 Recomputing one-electron integrals since nuclear charges changed


 PROGRAM * SEWARD (Integral evaluation for generally contracted gaussian basis sets)     Author: Roland Lindh, 1990

 Geometry written to block  1 of record 700


 Point group  C1  



 ATOMIC COORDINATES

 NR  ATOM    CHARGE       X              Y              Z

   1  O1      8.00   -1.299120374   -0.211166174   -0.037086767
   2  H1      1.00   -1.976883211    1.466310703    0.024012457
   3  H2      1.00    0.517865307    0.048850656   -0.006608867
   4  N1      0.00   10.015518293    0.423593949    0.038704913
   5  H3      0.00   10.573676175   -0.620740469   -1.463232144
   6  H4      0.00   10.601485505   -0.541529039    1.582345637
   7  C1      0.00   11.261481391    2.896043514   -0.037340762
   8  H5      0.00   10.674641263    3.995344369    1.596356613
   9  H6      0.00   13.323757066    2.821786779   -0.054264523
  10  H7      0.00   10.644084676    3.908780756   -1.715084613

 Bond lengths in Bohr (Angstrom)

 1-2  1.810255300  1-3  1.835749062  4-5  1.912587128  4-6  1.912497488  4-7  2.769695622
     ( 0.957945851)     ( 0.971436569)     ( 1.012097522)     ( 1.012050086)     ( 1.465659804)

  7- 8  2.054704556   7- 9  2.063681525   7-10  2.054662955
       ( 1.087302826)       ( 1.092053234)       ( 1.087280812)

 Bond angles

  2- 1- 3  103.81354080   4- 7- 8  109.10407840   4- 7- 9  114.68652183   4- 7-10  109.10154196

  5-4-6  105.59704101   5-4-7  109.54744639   6-4-7  109.56111076   8-7-9  108.13067149

  8- 7-10  107.44041837   9- 7-10  108.13881681

 NUCLEAR CHARGE:                   10
 NUMBER OF PRIMITIVE AOS:         390
 NUMBER OF SYMMETRY AOS:          349
 NUMBER OF CONTRACTIONS:          299   (  299A   )
 NUMBER OF CORE ORBITALS:           1   (    1A   )
 NUMBER OF VALENCE ORBITALS:        6   (    6A   )

 MOLECULE CHANGED: INITIALIZING OCCUPATION AND DUMP RECORDS


 NUCLEAR REPULSION ENERGY    9.12565577


 Eigenvalues of metric

         1 0.383E-04 0.621E-04 0.623E-04 0.124E-03 0.158E-03 0.243E-03 0.357E-03 0.383E-03


 OPERATOR DM      FOR CENTER  0  COORDINATES:    0.000000    0.000000    0.000000


 **********************************************************************************************************************************
 DATASETS  * FILE   NREC   LENGTH (MB)   RECORD NAMES
              1      19       33.42       500      610      700      900      950      970     1000      129      960     1100   
                                          VAR    BASINP    GEOM    SYMINP    ZMAT    AOBASIS   BASIS     P2S    ABASIS      S 
                                         1400     1410     1200     1210     1080     1600     1650     1700     1800   
                                           T        V       H0       H01     AOSYM     SMH    MOLCAS    OPER     GRID   

              2       5        4.75       700     1000      520     1800     2101   
                                         GEOM     BASIS   MCVARS    GRID      RKS  

 PROGRAMS   *        TOTAL       INT   RKS-SCF       INT
 CPU TIMES  *        78.66      0.12     77.87      0.48
 REAL TIME  *        82.82 SEC
 DISK USED  *        44.35 MB (local),      177.39 MB (total)
 SF USED    *         1.08 MB
 GA USED    *         2.83 MB       (max)       2.83 MB       (current)
 **********************************************************************************************************************************

 Density functional group PBE=PBEX+PBEC
 Functional: PBEX(Automatically generated (new) PBEX)                          Gradient terms: 1
 Functional: PBEC(Automatically generated (new) PBEC)                          Gradient terms: 1
 Use libxcgrid:  F
 Use grid at  1800.2

 Functional: PBEX                      Factor:  1.0000
 Functional: PBEC                      Factor:  1.0000

 Generated new metagrid on record  1800.2 with target accuracy 1.0D-08 and 86326 points in CPU time    0.2
 Computed new grid on record 1800.1 in CPU time    0.3
  241946 words reserved for DFT integration

 PROGRAM * RKS-SCF (Restricted closed shell Kohn-Sham)     Authors: W. Meyer, H.-J. Werner, P.J. Knowles, 1993

 NUMBER OF ELECTRONS:       5+    5-    SPACE SYMMETRY=1    SPIN SYMMETRY: Singlet 
 CONVERGENCE THRESHOLDS:    1.00E-04 (Density)    1.00E-08 (Energy)
 INTEGRAL THRESHOLDS:       1.00E-11 (Initial)    1.00E-11 (Final)
 MAX. NUMBER OF ITERATIONS:       60
 INTERPOLATION TYPE:            DIIS
 INTERPOLATION STEPS:              2 (START)      1 (STEP)
 LEVEL SHIFTS:                  0.00 (CLOSED)  0.00 (OPEN) 



 Use fine grid record 1800.2 for energy threshold  1.0D-08
 Orbital guess generated from atomic densities. Full valence occupancy:    7

 Molecular orbital dump at record        2201.2

 Initial occupancy:   5

 Direct Fock-matrix evaluation.        Authors: Roland Lindh & Martin Schuetz (1993/96)

 Integral Threshold:                  0.1D-10
 Threshold for writing integrals:     0.1D-06
 Prescreening on density matrix:        ON 
 Calculation will be performed fully direct        

 ITERATION   DDIFF            GRAD            ENERGY        2-EL.EN.            DIPOLE MOMENTS         DIIS   CPU(IT)  CPU(TOT)
    1      0.000D+00      0.000D+00       -76.29670100     98.032048    0.56367    0.94871    0.04490    0      8.6     12.1     start
    2      0.000D+00      0.887D-02       -75.92404501     81.946630   -0.23680   -0.34498   -0.01669    1      7.9     20.0     diag
    3      0.931D-02      0.201D-01       -76.37982949     93.484752    0.37264    0.63699    0.03009    2      7.8     27.8     diag
    4      0.641D-02      0.503D-03       -76.38019915     93.104088    0.35778    0.61399    0.02898    3      7.1     34.9     diag
    5      0.219D-03      0.116D-03       -76.38021215     93.151814    0.35699    0.61231    0.02891    4      6.7     41.5     diag
    6      0.361D-04      0.274D-04       -76.38021301     93.163552    0.35819    0.61430    0.02900    5      6.2     47.8     diag
    7      0.884D-05      0.878D-06       -76.38021301     93.163795    0.35815    0.61424    0.02900    6      5.0     52.8     diag
    8      0.296D-06      0.797D-07       -76.38021301     93.163898    0.35816    0.61425    0.02900    0      3.9     56.7     orth

 Final occupancy:   5

 !RKS STATE  1.1 Energy               -76.380213012591
 Nuclear energy                         9.12565577
 One-electron energy                 -122.85849257
 Two-electron energy                   46.58194900
 Density functional                    -9.22932520     PBEX=-8.90490603 PBEC=-0.32441917
 Virial quotient                       -1.00567700
 !RKS STATE  1.1 Dipole moment          0.35816192     0.61425446     0.02899724
 Dipole moment /Debye                   0.91029718     1.56117685     0.07369880

 Orbital energies:

         1.1          2.1          3.1          4.1          5.1          6.1          7.1
    -18.760963    -0.930592    -0.481737    -0.344044    -0.265990    -0.035033     0.013249


 HOMO      5.1    -0.265990 =      -7.2380eV
 LUMO      6.1    -0.035033 =      -0.9533eV
 LUMO-HOMO         0.230957 =       6.2847eV


 **********************************************************************************************************************************
 DATASETS  * FILE   NREC   LENGTH (MB)   RECORD NAMES
              1      19       33.42       500      610      700      900      950      970     1000      129      960     1100   
                                          VAR    BASINP    GEOM    SYMINP    ZMAT    AOBASIS   BASIS     P2S    ABASIS      S 
                                         1400     1410     1200     1210     1080     1600     1650     1700     1800   
                                           T        V       H0       H01     AOSYM     SMH    MOLCAS    OPER     GRID   

              2       6       10.83       700     1000      520     1800     2101     2201   
                                         GEOM     BASIS   MCVARS    GRID      RKS      RKS  

 PROGRAMS   *        TOTAL   RKS-SCF       INT   RKS-SCF       INT
 CPU TIMES  *       135.74     57.08      0.12     77.87      0.48
 REAL TIME  *       140.48 SEC
 DISK USED  *        49.71 MB (local),      198.86 MB (total)
 SF USED    *         1.08 MB
 GA USED    *         2.83 MB       (max)       2.83 MB       (current)
 **********************************************************************************************************************************
 SETTING EA_PBE         =       -76.38021301  AU                              

 Dummy atoms: O1  H1  H2


 Recomputing one-electron integrals since nuclear charges changed


 PROGRAM * SEWARD (Integral evaluation for generally contracted gaussian basis sets)     Author: Roland Lindh, 1990

 Geometry written to block  1 of record 700


 Point group  C1  



 ATOMIC COORDINATES

 NR  ATOM    CHARGE       X              Y              Z

   1  O1      0.00   -1.299120374   -0.211166174   -0.037086767
   2  H1      0.00   -1.976883211    1.466310703    0.024012457
   3  H2      0.00    0.517865307    0.048850656   -0.006608867
   4  N1      7.00   10.015518293    0.423593949    0.038704913
   5  H3      1.00   10.573676175   -0.620740469   -1.463232144
   6  H4      1.00   10.601485505   -0.541529039    1.582345637
   7  C1      6.00   11.261481391    2.896043514   -0.037340762
   8  H5      1.00   10.674641263    3.995344369    1.596356613
   9  H6      1.00   13.323757066    2.821786779   -0.054264523
  10  H7      1.00   10.644084676    3.908780756   -1.715084613

 Bond lengths in Bohr (Angstrom)

 1-2  1.810255300  1-3  1.835749062  4-5  1.912587128  4-6  1.912497488  4-7  2.769695622
     ( 0.957945851)     ( 0.971436569)     ( 1.012097522)     ( 1.012050086)     ( 1.465659804)

  7- 8  2.054704556   7- 9  2.063681525   7-10  2.054662955
       ( 1.087302826)       ( 1.092053234)       ( 1.087280812)

 Bond angles

  2- 1- 3  103.81354080   4- 7- 8  109.10407840   4- 7- 9  114.68652183   4- 7-10  109.10154196

  5-4-6  105.59704101   5-4-7  109.54744639   6-4-7  109.56111076   8-7-9  108.13067149

  8- 7-10  107.44041837   9- 7-10  108.13881681

 NUCLEAR CHARGE:                   18
 NUMBER OF PRIMITIVE AOS:         390
 NUMBER OF SYMMETRY AOS:          349
 NUMBER OF CONTRACTIONS:          299   (  299A   )
 NUMBER OF CORE ORBITALS:           2   (    2A   )
 NUMBER OF VALENCE ORBITALS:       13   (   13A   )

 MOLECULE CHANGED: INITIALIZING OCCUPATION AND DUMP RECORDS


 NUCLEAR REPULSION ENERGY   42.06267591


 Eigenvalues of metric

         1 0.383E-04 0.621E-04 0.623E-04 0.124E-03 0.158E-03 0.243E-03 0.357E-03 0.383E-03


 OPERATOR DM      FOR CENTER  0  COORDINATES:    0.000000    0.000000    0.000000


 **********************************************************************************************************************************
 DATASETS  * FILE   NREC   LENGTH (MB)   RECORD NAMES
              1      19       33.42       500      610      700      900      950      970     1000      129      960     1100   
                                          VAR    BASINP    GEOM    SYMINP    ZMAT    AOBASIS   BASIS     P2S    ABASIS      S 
                                         1400     1410     1200     1210     1080     1600     1650     1700     1800   
                                           T        V       H0       H01     AOSYM     SMH    MOLCAS    OPER     GRID   

              2       6       10.83       700     1000      520     1800     2101     2201   
                                         GEOM     BASIS   MCVARS    GRID      RKS      RKS  

 PROGRAMS   *        TOTAL       INT   RKS-SCF       INT   RKS-SCF       INT
 CPU TIMES  *       135.87      0.11     57.08      0.12     77.87      0.48
 REAL TIME  *       140.71 SEC
 DISK USED  *        49.71 MB (local),      198.86 MB (total)
 SF USED    *         1.08 MB
 GA USED    *         2.83 MB       (max)       2.83 MB       (current)
 **********************************************************************************************************************************

 Density functional group PBE=PBEX+PBEC
 Functional: PBEX(Automatically generated (new) PBEX)                          Gradient terms: 1
 Functional: PBEC(Automatically generated (new) PBEC)                          Gradient terms: 1
 Use libxcgrid:  F
 Use grid at  1800.2

 Functional: PBEX                      Factor:  1.0000
 Functional: PBEC                      Factor:  1.0000

 Generated new metagrid on record  1800.2 with target accuracy 1.0D-08 and 86326 points in CPU time    0.3
 Computed new grid on record 1800.1 in CPU time    0.4
  241946 words reserved for DFT integration

 PROGRAM * RKS-SCF (Restricted closed shell Kohn-Sham)     Authors: W. Meyer, H.-J. Werner, P.J. Knowles, 1993

 NUMBER OF ELECTRONS:       9+    9-    SPACE SYMMETRY=1    SPIN SYMMETRY: Singlet 
 CONVERGENCE THRESHOLDS:    1.00E-04 (Density)    1.00E-08 (Energy)
 INTEGRAL THRESHOLDS:       1.00E-11 (Initial)    1.00E-11 (Final)
 MAX. NUMBER OF ITERATIONS:       60
 INTERPOLATION TYPE:            DIIS
 INTERPOLATION STEPS:              2 (START)      1 (STEP)
 LEVEL SHIFTS:                  0.00 (CLOSED)  0.00 (OPEN) 



 Use fine grid record 1800.2 for energy threshold  1.0D-08
 Orbital guess generated from atomic densities. Full valence occupancy:   15

 Molecular orbital dump at record        2301.2

 Initial occupancy:   9

 Direct Fock-matrix evaluation.        Authors: Roland Lindh & Martin Schuetz (1993/96)

 Integral Threshold:                  0.1D-10
 Threshold for writing integrals:     0.1D-06
 Prescreening on density matrix:        ON 
 Calculation will be performed fully direct        

 ITERATION   DDIFF            GRAD            ENERGY        2-EL.EN.            DIPOLE MOMENTS         DIIS   CPU(IT)  CPU(TOT)
    1      0.000D+00      0.000D+00       -95.63174130    183.408937    0.82053   -0.18707   -0.00270    0      8.9     12.5     start
    2      0.000D+00      0.723D-02       -95.30628525    161.699417   -0.22955    0.22723   -0.00331    1      7.9     20.5     diag
    3      0.127D-01      0.132D-01       -95.76119843    176.232075    0.61211   -0.04287   -0.00455    2      8.0     28.4     diag
    4      0.858D-02      0.147D-02       -95.76513965    175.906954    0.49647   -0.11034   -0.00168    3      7.5     35.9     diag
    5      0.115D-02      0.668D-03       -95.76612400    175.735508    0.51268   -0.08745   -0.00244    4      7.2     43.2     diag
    6      0.470D-03      0.109D-03       -95.76615044    175.754569    0.51276   -0.08743   -0.00244    5      7.0     50.2     diag
    7      0.579D-04      0.116D-04       -95.76615078    175.765149    0.51406   -0.08708   -0.00246    6      6.7     56.8     diag
    8      0.778D-05      0.105D-05       -95.76615078    175.764894    0.51374   -0.08731   -0.00245    7      6.0     62.9     diag
    9      0.114D-05      0.291D-06       -95.76615078    175.764838    0.51386   -0.08723   -0.00245    0      5.8     68.6     orth

 Final occupancy:   9

 !RKS STATE  1.1 Energy               -95.766150784787
 Nuclear energy                        42.06267591
 One-electron energy                 -211.63840332
 Two-electron energy                   87.88241884
 Density functional                   -14.07284221     PBEX=-13.49987920 PBEC= -0.57296301
 Virial quotient                       -1.00585856
 !RKS STATE  1.1 Dipole moment          0.51385831    -0.08723381    -0.00245473
 Dipole moment /Debye                   1.30601201    -0.22171172    -0.00623888

 Orbital energies:

         1.1          2.1          3.1          4.1          5.1          6.1          7.1          8.1          9.1         10.1
    -13.968148    -9.896416    -0.800648    -0.596955    -0.440786    -0.394848    -0.358242    -0.324269    -0.200616    -0.022091

        11.1
      0.002225


 HOMO      9.1    -0.200616 =      -5.4591eV
 LUMO     10.1    -0.022091 =      -0.6011eV
 LUMO-HOMO         0.178525 =       4.8579eV


 **********************************************************************************************************************************
 DATASETS  * FILE   NREC   LENGTH (MB)   RECORD NAMES
              1      19       33.42       500      610      700      900      950      970     1000      129      960     1100   
                                          VAR    BASINP    GEOM    SYMINP    ZMAT    AOBASIS   BASIS     P2S    ABASIS      S 
                                         1400     1410     1200     1210     1080     1600     1650     1700     1800   
                                           T        V       H0       H01     AOSYM     SMH    MOLCAS    OPER     GRID   

              2       7       16.91       700     1000      520     1800     2101     2201     2301   
                                         GEOM     BASIS   MCVARS    GRID      RKS      RKS      RKS  

 PROGRAMS   *        TOTAL   RKS-SCF       INT   RKS-SCF       INT   RKS-SCF       INT
 CPU TIMES  *       204.98     69.12      0.11     57.08      0.12     77.87      0.48
 REAL TIME  *       210.49 SEC
 DISK USED  *        56.16 MB (local),      224.63 MB (total)
 SF USED    *         1.08 MB
 GA USED    *         2.83 MB       (max)       2.83 MB       (current)
 **********************************************************************************************************************************
 SETTING EB_PBE         =       -95.76615078  AU                              
 SETTING E_AB_INT       =        -0.00078288  AU                              

 *** results in hartree
 E_AB_INT         =        -0.00078288 AU
 Molecular orbitals read from record     2301.2  Type=RKS/CANONICAL (state 1.1)
 Occupation numbers read from record     2301.2  Type=RKS/RHF (state 1.1)
 Orbital energies read from record       2301.2  Type=RKS/CANONICAL (state 1.1)
 Redundancy group numbers read from rec  2301.2  Type=RKS/RHF (state 1.1)

 RPBE/aug-cc-pVTZ energy=    -95.766150784787

         RKS-SCF         RKS-SCF         RKS-SCF
    -95.76615078    -76.38021301   -172.14714668
 **********************************************************************************************************************************
 Molpro calculation terminated
