
 Primary working directories    : /scratch/sirous/123499/molpro.mlI53qhO15
 Secondary working directories  : /scratch/sirous/123499/molpro.mlI53qhO15
 Wavefunction directory         : /scratch/sirous/123499/
 Main file repository           : /scratch/sirous/123499/molpro.mlI53qhO15/

 id        : karlovklimes

 Nodes                      nprocs
 nc-12.cc.karlov.mff.cuni.cz    4

 Using customized tuning parameters: mindgm=1; mindgv=20; mindgc=4; mindgr=1; noblas=0; minvec=7
 default implementation of scratch files=sf  


 Variables initialized (934), CPU time= 0.01 sec
 ***,CH3C6H4CN+CF3CN+BF3
 memory,500,m
 gdirect
 gthresh,energy=1.d-8,twoint=1.d-15,oneint=1.d-15,zero=1.d-15,orbital=1.d-8,grid=1.d-8
 symmetry,nosym
 geomtyp=xyz
                                                                                 ! Geometry
 geometry={
 C1        0.692315234    1.088292040     0.324841241
 H1        1.281948804    1.991946780     0.252515784
 C2        1.318187219    -0.156870079     0.286896073
 H2        2.393143372    -0.219476358     0.188406812
 C3        0.558018413    -1.321950449     0.381399863
 H3        1.043919224    -2.287573802     0.357615421
 C4        -0.827552361    -1.241421869     0.511685015
 H4        -1.416700950    -2.145251521     0.585339272
 C5        -1.453411383    0.003671449     0.548381072
 H5        -2.528232546    0.065702716     0.649842537
 C6        -0.693460943    1.168401084     0.456229070
 H6        -1.178735338    2.134409890     0.485726845
 N1        0.274645262    -0.223105490     3.863180091
 H7        0.409263619    -0.179064988     2.860108734
 H8        0.416137833    0.722041246     4.195652368
 C7        -1.101454213    -0.629488899     4.140615883
 H9        -1.259330779    -0.658035906     5.217171419
 H10        -1.872756400    0.010891890     3.700496885
 H11        -1.256146194    -1.639056701     3.764994183
 }
 
 
 
 basis=avqz
 
 
 
                                                                                 ! Dimer Calculation
 {rhf,accu=1.d-8;orbital,2101.2}
 eab_HF=energy
 
 
                                                                                 !monomer A
 dummy,13,14,15,16,17,18,19;                                                     ! NOW MONOMER B IS DUMMY
 {rhf,accu=1.d-8;orbital,2201.2}
 ea_HF=energy
                                                                                 !monomer B
 dummy,1,2,3,4,5,6,7,8,9,10,11,12;                                               !NOW MONOMER A IS DUMMY
 {rhf,accu=1.d-8;orbital,2301.2}
 eb_HF=energy
 
 E_AB_int=eab_HF-ea_HF-eb_HF
 
 
 text,results in hartree
 show,E_AB_int
 
 Commands  initialized (763), CPU time= 0.01 sec, 617 directives.
 Default parameters read. Elapsed time= 0.17 sec

 Checking input...
 Passed
1


                                         ***  PROGRAM SYSTEM MOLPRO  ***
                                       Copyright, TTI GmbH Stuttgart, 2015
                                    Version 2019.2 linked Jun  8 2019 11:26:33


 **********************************************************************************************************************************
 LABEL *   CH3C6H4CN+CF3CN+BF3                                                           
  64 bit mpp version                                                                     DATE: 21-Nov-19          TIME: 15:24:00  
 **********************************************************************************************************************************

 SHA1:             8135a10abc80eafa5b3ae28ffc55be4890dc4c84
 **********************************************************************************************************************************

 THRESHOLDS:

 ZERO    =  1.00D-15  ONEINT  =  1.00D-15  TWOINT  =  1.00D-15  PREFAC  =  1.00D-14  XXXXXX  =  1.00D-09  EORDER  =  1.00D-04
 ENERGY  =  1.00D-08  ETEST   =  0.00D+00  EDENS   =  0.00D+00  THRDEDEF=  1.00D-06  GRADIENT=  1.00D-02  STEP    =  1.00D-03
 ORBITAL =  1.00D-08  CIVEC   =  1.00D-05  COEFF   =  1.00D-04  PRINTCI =  5.00D-02  PUNCHCI =  9.90D+01  OPTGRAD =  3.00D-04
 OPTENERG=  1.00D-06  OPTSTEP =  3.00D-04  THRGRAD =  1.00D-10  COMPRESS=  1.00D-11  VARMIN  =  1.00D-07  VARMAX  =  1.00D-03
 THRDOUB =  0.00D+00  THRDIV  =  1.00D-05  THRRED  =  1.00D-07  THRPSP  =  1.00D+00  THRDC   =  1.00D-10  THRCS   =  1.00D-10
 THRNRM  =  1.00D-08  THREQ   =  0.00D+00  THRDE   =  1.00D+00  THRREF  =  1.00D-05  SPARFAC =  1.00D+00  THRDLP  =  1.00D-07
 THRDIA  =  1.00D-10  THRDLS  =  1.00D-07  THRGPS  =  0.00D+00  THRKEX  =  0.00D+00  THRDIS  =  2.00D-01  THRVAR  =  1.00D-10
 THRLOC  =  1.00D-06  THRGAP  =  1.00D-06  THRLOCT = -1.00D+00  THRGAPT = -1.00D+00  THRORB  =  1.00D-06  THRMLTP =  0.00D+00
 THRCPQCI=  1.00D-10  KEXTA   =  0.00D+00  THRCOARS=  0.00D+00  SYMTOL  =  1.00D-06  GRADTOL =  1.00D-06  THROVL  =  1.00D-08
 THRORTH =  1.00D-08  GRID    =  1.00D-08  GRIDMAX =  1.00D-03  DTMAX   =  0.00D+00  THROCCDE=  1.00D-01  THROCCDE=  1.00D-01
 THRPRINT=  2.50D-01


 Variable memory set to  500000000 words,  buffer space 

 SETTING GEOMTYP        =    XYZ
 ZSYMEL=NOSYM

 SETTING BASIS          =    AVQZ


 Recomputing integrals since basis changed


 Using spherical harmonics

 Library entry C      S aug-cc-pVQZ          selected for orbital group  1
 Library entry C      P aug-cc-pVQZ          selected for orbital group  1
 Library entry C      D aug-cc-pVQZ          selected for orbital group  1
 Library entry C      F aug-cc-pVQZ          selected for orbital group  1
 Library entry C      G aug-cc-pVQZ          selected for orbital group  1
 Library entry H      S aug-cc-pVQZ          selected for orbital group  2
 Library entry H      P aug-cc-pVQZ          selected for orbital group  2
 Library entry H      D aug-cc-pVQZ          selected for orbital group  2
 Library entry H      F aug-cc-pVQZ          selected for orbital group  2
 Library entry N      S aug-cc-pVQZ          selected for orbital group 13
 Library entry N      P aug-cc-pVQZ          selected for orbital group 13
 Library entry N      D aug-cc-pVQZ          selected for orbital group 13
 Library entry N      F aug-cc-pVQZ          selected for orbital group 13
 Library entry N      G aug-cc-pVQZ          selected for orbital group 13


 PROGRAM * SEWARD (Integral evaluation for generally contracted gaussian basis sets)     Author: Roland Lindh, 1990

 Geometry written to block  1 of record 700


 Point group  C1  



 ATOMIC COORDINATES

 NR  ATOM    CHARGE       X              Y              Z

   1  C1      6.00    1.308286184    2.056573899    0.613860979
   2  H1      1.00    2.422532145    3.764233869    0.477185674
   3  C2      6.00    2.491012825   -0.296441486    0.542155004
   4  H2      1.00    4.522385550   -0.414750207    0.356037275
   5  C3      6.00    1.054501973   -2.498124299    0.720741285
   6  H3      1.00    1.972721430   -4.322887976    0.675795204
   7  C4      6.00   -1.563847316   -2.345947337    0.966944540
   8  H4      1.00   -2.677176796   -4.053937843    1.106130914
   9  C5      6.00   -2.746549460    0.006938033    1.036290038
  10  H5      1.00   -4.777667091    0.124160139    1.228024419
  11  C6      6.00   -1.310451260    2.207958052    0.862147992
  12  H6      1.00   -2.227486962    4.033450130    0.917890708
  13  N1      7.00    0.519004327   -0.421608273    7.300352342
  14  H7      1.00    0.773396153   -0.338383786    5.404822194
  15  H8      1.00    0.786386534    1.364460206    7.928633889
  16  C7      6.00   -2.081446801   -1.189561618    7.824630006
  17  H9      1.00   -2.379790273   -1.243507642    9.859025127
  18  H10     1.00   -3.538996694    0.020582689    6.992925637
  19  H11     1.00   -2.373772279   -3.097368268    7.114807866

 Bond lengths in Bohr (Angstrom)

  1- 2  2.043606316   1- 3  2.634514274   1-11  2.634833848   3- 4  2.043309059   3- 5  2.634931440
       ( 1.081429890)       ( 1.394124915)       ( 1.394294027)       ( 1.081272589)       ( 1.394345670)

  5- 6  2.043259552   5- 7  2.634298174   7- 8  2.043552530   7- 9  2.634323960   9-10  2.043512155
       ( 1.081246391)       ( 1.394010561)       ( 1.081401428)       ( 1.394024206)       ( 1.081380062)

  9-11  2.633855087  11-12  2.043644552  13-14  1.914334364  13-15  1.912137955  13-16  2.761696123
       ( 1.393776089)       ( 1.081450124)       ( 1.013022120)       ( 1.011859830)       ( 1.461426652)

 16-17  2.056862297  16-18  2.068969088  16-19  2.056460033
       ( 1.088444654)       ( 1.094851292)       ( 1.088231785)

 Bond angles

  1- 3- 4  120.03347410   1- 3- 5  119.98004417   1-11- 9  120.00873792   1-11-12  119.99182451

  2- 1- 3  119.98213874   2- 1-11  120.01300184   3- 1-11  120.00485858   3- 5- 6  119.98239754

  3-5-7  119.99630903   4-3-5  119.98598160   5-7-8  119.97263996   5-7-9  120.01962168

  6- 5- 7  120.02083217   7- 9-10  119.99602746   7- 9-11  119.99029014   8- 7- 9  120.00770666

  9-11-12  119.99941417  10- 9-11  120.01361738  13-16-17  109.36819971  13-16-18  115.11208250

 13-16-19  109.04413339  14-13-15  105.43574652  14-13-16  108.97722945  15-13-16  109.21007708

 17-16-18  108.10478044  17-16-19  107.24430992  18-16-19  107.68155228

 NUCLEAR CHARGE:                   60
 NUMBER OF PRIMITIVE AOS:        1571
 NUMBER OF SYMMETRY AOS:         1272
 NUMBER OF CONTRACTIONS:         1146   ( 1146A   )
 NUMBER OF CORE ORBITALS:           8   (    8A   )
 NUMBER OF VALENCE ORBITALS:       43   (   43A   )


 NUCLEAR REPULSION ENERGY  347.15267016


 Eigenvalues of metric

         1 0.178E-06 0.244E-06 0.314E-06 0.367E-06 0.866E-06 0.932E-06 0.105E-05 0.113E-05


 OPERATOR DM      FOR CENTER  0  COORDINATES:    0.000000    0.000000    0.000000


 **********************************************************************************************************************************
 DATASETS  * FILE   NREC   LENGTH (MB)   RECORD NAMES
              1      18       77.97       500      610      700      900      950      970     1000      129      960     1100   
                                          VAR    BASINP    GEOM    SYMINP    ZMAT    AOBASIS   BASIS     P2S    ABASIS      S 
                                         1400     1410     1200     1210     1080     1600     1650     1700   
                                           T        V       H0       H01     AOSYM     SMH    MOLCAS    OPER   

 PROGRAMS   *        TOTAL       INT
 CPU TIMES  *         2.99      2.81
 REAL TIME  *         3.80 SEC
 DISK USED  *        78.92 MB (local),      315.68 MB (total)
 GA USED    *         0.00 MB       (max)       0.00 MB       (current)
 **********************************************************************************************************************************


 PROGRAM * RHF-SCF (CLOSED SHELL)       Authors: W. Meyer, H.-J. Werner


 NUMBER OF ELECTRONS:      30+   30-    SPACE SYMMETRY=1    SPIN SYMMETRY: Singlet 
 CONVERGENCE THRESHOLDS:    1.00E-04 (Density)    1.00E-09 (Energy)
 INTEGRAL THRESHOLDS:       1.00E-13 (Initial)    1.00E-13 (Final)
 MAX. NUMBER OF ITERATIONS:       60
 INTERPOLATION TYPE:            DIIS
 INTERPOLATION STEPS:              2 (START)      1 (STEP)
 LEVEL SHIFTS:                  0.00 (CLOSED)  0.00 (OPEN) 



 Orbital guess generated from atomic densities. Full valence occupancy:   51

 Molecular orbital dump at record        2101.2

 Initial occupancy:  30

 Direct Fock-matrix evaluation.        Authors: Roland Lindh & Martin Schuetz (1993/96)

 Integral Threshold:                  0.1D-12
 Threshold for writing integrals:     0.1D-06
 Prescreening on density matrix:        ON 
 Calculation will be performed fully direct        

 ITERATION   DDIFF            GRAD            ENERGY        2-EL.EN.            DIPOLE MOMENTS         DIIS   CPU(IT)  CPU(TOT)
    1      0.000D+00      0.000D+00      -325.96570079    914.124508   -0.40346    0.57327   -0.45075    0   3088.8   3130.6     start
    2      0.000D+00      0.138D-02      -326.04263190    907.275525   -0.24878    0.26700   -0.40114    1   3021.4   6152.0     diag
    3      0.151D-02      0.549D-03      -326.05254950    910.620028   -0.33526    0.37813   -0.39056    2   2887.0   9038.9     diag
    4      0.423D-03      0.181D-03      -326.05406559    909.833108   -0.32206    0.35215   -0.39241    3   2829.9  11868.9     diag
    5      0.219D-03      0.260D-04      -326.05410266    909.834449   -0.32615    0.35885   -0.39583    4   2712.3  14581.2     diag
    6      0.396D-04      0.867D-05      -326.05410626    909.843926   -0.32551    0.35370   -0.39476    5   2597.9  17179.1     diag
    7      0.108D-04      0.260D-05      -326.05410663    909.839585   -0.32613    0.35609   -0.39512    6   2483.8  19662.9     diag
    8      0.289D-05      0.726D-06      -326.05410666    909.839637   -0.32623    0.35542   -0.39530    7   2336.5  21999.4     diag
    9      0.892D-06      0.295D-06      -326.05410667    909.839962   -0.32625    0.35561   -0.39527    8   2199.6  24199.0     diag
   10      0.292D-06      0.827D-07      -326.05410667    909.839858   -0.32627    0.35559   -0.39527    9   2081.0  26280.0     orth
   11      0.112D-06      0.293D-07      -326.05410667    909.839885   -0.32627    0.35559   -0.39528    0   1909.9  28189.8     orth

 Final occupancy:  30

 !RHF STATE  1.1 Energy              -326.054106671306
 Nuclear energy                       347.15267016
 One-electron energy                -1128.12671940
 Two-electron energy                  454.91994256
 Virial quotient                       -1.00109369
 !RHF STATE  1.1 Dipole moment         -0.32626851     0.35559328    -0.39527609
 Dipole moment /Debye                  -0.82923753     0.90376878    -1.00462580

 Orbital energies:

         1.1          2.1          3.1          4.1          5.1          6.1          7.1          8.1          9.1         10.1
    -15.522745   -11.241432   -11.240737   -11.240619   -11.239590   -11.239369   -11.238734   -11.228543    -1.160142    -1.154519

        11.1         12.1         13.1         14.1         15.1         16.1         17.1         18.1         19.1         20.1
     -1.021103    -1.020990    -0.884232    -0.830153    -0.830077    -0.715948    -0.650136    -0.649689    -0.625263    -0.595212

        21.1         22.1         23.1         24.1         25.1         26.1         27.1         28.1         29.1         30.1
     -0.594254    -0.592969    -0.543716    -0.511687    -0.501191    -0.500860    -0.500418    -0.381136    -0.344099    -0.343851

        31.1         32.1
      0.023803     0.028846


 HOMO     30.1    -0.343851 =      -9.3567eV
 LUMO     31.1     0.023803 =       0.6477eV
 LUMO-HOMO         0.367654 =      10.0044eV


 **********************************************************************************************************************************
 DATASETS  * FILE   NREC   LENGTH (MB)   RECORD NAMES
              1      18       77.97       500      610      700      900      950      970     1000      129      960     1100   
                                          VAR    BASINP    GEOM    SYMINP    ZMAT    AOBASIS   BASIS     P2S    ABASIS      S 
                                         1400     1410     1200     1210     1080     1600     1650     1700   
                                           T        V       H0       H01     AOSYM     SMH    MOLCAS    OPER   

              2       4       29.55       700     1000      520     2101   
                                         GEOM     BASIS   MCVARS     RHF  

 PROGRAMS   *        TOTAL   RHF-SCF       INT
 CPU TIMES  *     28194.64  28191.65      2.81
 REAL TIME  *     28243.17 SEC
 DISK USED  *       202.39 MB (local),      809.54 MB (total)
 SF USED    *        15.77 MB
 GA USED    *         0.00 MB       (max)       0.00 MB       (current)
 **********************************************************************************************************************************
 SETTING EAB_HF         =      -326.05410667  AU                              

 Dummy atoms: N1  H7  H8  C7  H9  H10  H11


 Recomputing one-electron integrals since nuclear charges changed


 PROGRAM * SEWARD (Integral evaluation for generally contracted gaussian basis sets)     Author: Roland Lindh, 1990

 Geometry written to block  1 of record 700


 Point group  C1  



 ATOMIC COORDINATES

 NR  ATOM    CHARGE       X              Y              Z

   1  C1      6.00    1.308286184    2.056573899    0.613860979
   2  H1      1.00    2.422532145    3.764233869    0.477185674
   3  C2      6.00    2.491012825   -0.296441486    0.542155004
   4  H2      1.00    4.522385550   -0.414750207    0.356037275
   5  C3      6.00    1.054501973   -2.498124299    0.720741285
   6  H3      1.00    1.972721430   -4.322887976    0.675795204
   7  C4      6.00   -1.563847316   -2.345947337    0.966944540
   8  H4      1.00   -2.677176796   -4.053937843    1.106130914
   9  C5      6.00   -2.746549460    0.006938033    1.036290038
  10  H5      1.00   -4.777667091    0.124160139    1.228024419
  11  C6      6.00   -1.310451260    2.207958052    0.862147992
  12  H6      1.00   -2.227486962    4.033450130    0.917890708
  13  N1      0.00    0.519004327   -0.421608273    7.300352342
  14  H7      0.00    0.773396153   -0.338383786    5.404822194
  15  H8      0.00    0.786386534    1.364460206    7.928633889
  16  C7      0.00   -2.081446801   -1.189561618    7.824630006
  17  H9      0.00   -2.379790273   -1.243507642    9.859025127
  18  H10     0.00   -3.538996694    0.020582689    6.992925637
  19  H11     0.00   -2.373772279   -3.097368268    7.114807866

 Bond lengths in Bohr (Angstrom)

  1- 2  2.043606316   1- 3  2.634514274   1-11  2.634833848   3- 4  2.043309059   3- 5  2.634931440
       ( 1.081429890)       ( 1.394124915)       ( 1.394294027)       ( 1.081272589)       ( 1.394345670)

  5- 6  2.043259552   5- 7  2.634298174   7- 8  2.043552530   7- 9  2.634323960   9-10  2.043512155
       ( 1.081246391)       ( 1.394010561)       ( 1.081401428)       ( 1.394024206)       ( 1.081380062)

  9-11  2.633855087  11-12  2.043644552  13-14  1.914334364  13-15  1.912137955  13-16  2.761696123
       ( 1.393776089)       ( 1.081450124)       ( 1.013022120)       ( 1.011859830)       ( 1.461426652)

 16-17  2.056862297  16-18  2.068969088  16-19  2.056460033
       ( 1.088444654)       ( 1.094851292)       ( 1.088231785)

 Bond angles

  1- 3- 4  120.03347410   1- 3- 5  119.98004417   1-11- 9  120.00873792   1-11-12  119.99182451

  2- 1- 3  119.98213874   2- 1-11  120.01300184   3- 1-11  120.00485858   3- 5- 6  119.98239754

  3-5-7  119.99630903   4-3-5  119.98598160   5-7-8  119.97263996   5-7-9  120.01962168

  6- 5- 7  120.02083217   7- 9-10  119.99602746   7- 9-11  119.99029014   8- 7- 9  120.00770666

  9-11-12  119.99941417  10- 9-11  120.01361738  13-16-17  109.36819971  13-16-18  115.11208250

 13-16-19  109.04413339  14-13-15  105.43574652  14-13-16  108.97722945  15-13-16  109.21007708

 17-16-18  108.10478044  17-16-19  107.24430992  18-16-19  107.68155228

 NUCLEAR CHARGE:                   42
 NUMBER OF PRIMITIVE AOS:        1571
 NUMBER OF SYMMETRY AOS:         1272
 NUMBER OF CONTRACTIONS:         1146   ( 1146A   )
 NUMBER OF CORE ORBITALS:           6   (    6A   )
 NUMBER OF VALENCE ORBITALS:       30   (   30A   )

 MOLECULE CHANGED: INITIALIZING OCCUPATION AND DUMP RECORDS


 NUCLEAR REPULSION ENERGY  203.65859554


 Eigenvalues of metric

         1 0.178E-06 0.244E-06 0.314E-06 0.367E-06 0.866E-06 0.932E-06 0.105E-05 0.113E-05


 OPERATOR DM      FOR CENTER  0  COORDINATES:    0.000000    0.000000    0.000000


 **********************************************************************************************************************************
 DATASETS  * FILE   NREC   LENGTH (MB)   RECORD NAMES
              1      18       77.97       500      610      700      900      950      970     1000      129      960     1100   
                                          VAR    BASINP    GEOM    SYMINP    ZMAT    AOBASIS   BASIS     P2S    ABASIS      S 
                                         1400     1410     1200     1210     1080     1600     1650     1700   
                                           T        V       H0       H01     AOSYM     SMH    MOLCAS    OPER   

              2       4       29.55       700     1000      520     2101   
                                         GEOM     BASIS   MCVARS     RHF  

 PROGRAMS   *        TOTAL       INT   RHF-SCF       INT
 CPU TIMES  *     28197.02      2.37  28191.65      2.81
 REAL TIME  *     28245.62 SEC
 DISK USED  *       202.39 MB (local),      809.54 MB (total)
 SF USED    *        15.77 MB
 GA USED    *         0.00 MB       (max)       0.00 MB       (current)
 **********************************************************************************************************************************


 PROGRAM * RHF-SCF (CLOSED SHELL)       Authors: W. Meyer, H.-J. Werner


 NUMBER OF ELECTRONS:      21+   21-    SPACE SYMMETRY=1    SPIN SYMMETRY: Singlet 
 CONVERGENCE THRESHOLDS:    1.00E-04 (Density)    1.00E-09 (Energy)
 INTEGRAL THRESHOLDS:       1.00E-13 (Initial)    1.00E-13 (Final)
 MAX. NUMBER OF ITERATIONS:       60
 INTERPOLATION TYPE:            DIIS
 INTERPOLATION STEPS:              2 (START)      1 (STEP)
 LEVEL SHIFTS:                  0.00 (CLOSED)  0.00 (OPEN) 



 Orbital guess generated from atomic densities. Full valence occupancy:   36

 Molecular orbital dump at record        2201.2

 Initial occupancy:  21

 Direct Fock-matrix evaluation.        Authors: Roland Lindh & Martin Schuetz (1993/96)

 Integral Threshold:                  0.1D-12
 Threshold for writing integrals:     0.1D-06
 Prescreening on density matrix:        ON 
 Calculation will be performed fully direct        

 ITERATION   DDIFF            GRAD            ENERGY        2-EL.EN.            DIPOLE MOMENTS         DIIS   CPU(IT)  CPU(TOT)
    1      0.000D+00      0.000D+00      -230.73490594    561.937721    0.00069    0.00021    0.00231    0   2975.0   3006.2     start
    2      0.000D+00      0.129D-02      -230.78664546    556.899012   -0.00005   -0.00019    0.00255    1   2893.5   5899.7     diag
    3      0.128D-02      0.521D-03      -230.79342421    559.293914    0.00058   -0.00001    0.00269    2   2839.7   8739.4     diag
    4      0.369D-03      0.170D-03      -230.79444026    558.724119    0.00028   -0.00010    0.00279    3   2769.7  11509.1     diag
    5      0.207D-03      0.136D-04      -230.79445176    558.718531    0.00048   -0.00006    0.00280    4   2639.5  14148.6     diag
    6      0.334D-04      0.193D-05      -230.79445201    558.719391    0.00026   -0.00011    0.00282    5   2480.7  16629.3     diag
    7      0.404D-05      0.321D-06      -230.79445201    558.719218    0.00049   -0.00006    0.00280    6   2232.8  18862.1     diag
    8      0.444D-06      0.169D-06      -230.79445201    558.719228    0.00036   -0.00009    0.00281    7   2050.2  20912.4     diag
    9      0.133D-06      0.326D-07      -230.79445201    558.719279    0.00039   -0.00008    0.00281    0   1887.0  22799.4     orth

 Final occupancy:  21

 !RHF STATE  1.1 Energy              -230.794452014287
 Nuclear energy                       203.65859554
 One-electron energy                 -713.81268697
 Two-electron energy                  279.35963942
 Virial quotient                       -1.00126332
 !RHF STATE  1.1 Dipole moment          0.00038793    -0.00008040     0.00280898
 Dipole moment /Debye                   0.00098597    -0.00020435     0.00713926

 Orbital energies:

         1.1          2.1          3.1          4.1          5.1          6.1          7.1          8.1          9.1         10.1
    -11.235277   -11.234702   -11.234696   -11.233459   -11.233452   -11.232845    -1.149881    -1.014470    -1.014394    -0.824003

        11.1         12.1         13.1         14.1         15.1         16.1         17.1         18.1         19.1         20.1
     -0.823993    -0.709703    -0.644302    -0.619078    -0.588197    -0.588092    -0.502393    -0.495075    -0.494991    -0.336877

        21.1         22.1         23.1
     -0.336826     0.022458     0.029405


 HOMO     21.1    -0.336826 =      -9.1655eV
 LUMO     22.1     0.022458 =       0.6111eV
 LUMO-HOMO         0.359284 =       9.7766eV


 **********************************************************************************************************************************
 DATASETS  * FILE   NREC   LENGTH (MB)   RECORD NAMES
              1      18       77.97       500      610      700      900      950      970     1000      129      960     1100   
                                          VAR    BASINP    GEOM    SYMINP    ZMAT    AOBASIS   BASIS     P2S    ABASIS      S 
                                         1400     1410     1200     1210     1080     1600     1650     1700   
                                           T        V       H0       H01     AOSYM     SMH    MOLCAS    OPER   

              2       5       84.63       700     1000      520     2101     2201   
                                         GEOM     BASIS   MCVARS     RHF      RHF  

 PROGRAMS   *        TOTAL   RHF-SCF       INT   RHF-SCF       INT
 CPU TIMES  *     50998.27  22801.25      2.37  28191.65      2.81
 REAL TIME  *     51081.86 SEC
 DISK USED  *       246.95 MB (local),      987.82 MB (total)
 SF USED    *        15.77 MB
 GA USED    *         0.00 MB       (max)       0.00 MB       (current)
 **********************************************************************************************************************************
 SETTING EA_HF          =      -230.79445201  AU                              

 Dummy atoms: C1  H1  C2  H2  C3  H3  C4  H4  C5  H5  C6  H6


 Recomputing one-electron integrals since nuclear charges changed


 PROGRAM * SEWARD (Integral evaluation for generally contracted gaussian basis sets)     Author: Roland Lindh, 1990

 Geometry written to block  1 of record 700


 Point group  C1  



 ATOMIC COORDINATES

 NR  ATOM    CHARGE       X              Y              Z

   1  C1      0.00    1.308286184    2.056573899    0.613860979
   2  H1      0.00    2.422532145    3.764233869    0.477185674
   3  C2      0.00    2.491012825   -0.296441486    0.542155004
   4  H2      0.00    4.522385550   -0.414750207    0.356037275
   5  C3      0.00    1.054501973   -2.498124299    0.720741285
   6  H3      0.00    1.972721430   -4.322887976    0.675795204
   7  C4      0.00   -1.563847316   -2.345947337    0.966944540
   8  H4      0.00   -2.677176796   -4.053937843    1.106130914
   9  C5      0.00   -2.746549460    0.006938033    1.036290038
  10  H5      0.00   -4.777667091    0.124160139    1.228024419
  11  C6      0.00   -1.310451260    2.207958052    0.862147992
  12  H6      0.00   -2.227486962    4.033450130    0.917890708
  13  N1      7.00    0.519004327   -0.421608273    7.300352342
  14  H7      1.00    0.773396153   -0.338383786    5.404822194
  15  H8      1.00    0.786386534    1.364460206    7.928633889
  16  C7      6.00   -2.081446801   -1.189561618    7.824630006
  17  H9      1.00   -2.379790273   -1.243507642    9.859025127
  18  H10     1.00   -3.538996694    0.020582689    6.992925637
  19  H11     1.00   -2.373772279   -3.097368268    7.114807866

 Bond lengths in Bohr (Angstrom)

  1- 2  2.043606316   1- 3  2.634514274   1-11  2.634833848   3- 4  2.043309059   3- 5  2.634931440
       ( 1.081429890)       ( 1.394124915)       ( 1.394294027)       ( 1.081272589)       ( 1.394345670)

  5- 6  2.043259552   5- 7  2.634298174   7- 8  2.043552530   7- 9  2.634323960   9-10  2.043512155
       ( 1.081246391)       ( 1.394010561)       ( 1.081401428)       ( 1.394024206)       ( 1.081380062)

  9-11  2.633855087  11-12  2.043644552  13-14  1.914334364  13-15  1.912137955  13-16  2.761696123
       ( 1.393776089)       ( 1.081450124)       ( 1.013022120)       ( 1.011859830)       ( 1.461426652)

 16-17  2.056862297  16-18  2.068969088  16-19  2.056460033
       ( 1.088444654)       ( 1.094851292)       ( 1.088231785)

 Bond angles

  1- 3- 4  120.03347410   1- 3- 5  119.98004417   1-11- 9  120.00873792   1-11-12  119.99182451

  2- 1- 3  119.98213874   2- 1-11  120.01300184   3- 1-11  120.00485858   3- 5- 6  119.98239754

  3-5-7  119.99630903   4-3-5  119.98598160   5-7-8  119.97263996   5-7-9  120.01962168

  6- 5- 7  120.02083217   7- 9-10  119.99602746   7- 9-11  119.99029014   8- 7- 9  120.00770666

  9-11-12  119.99941417  10- 9-11  120.01361738  13-16-17  109.36819971  13-16-18  115.11208250

 13-16-19  109.04413339  14-13-15  105.43574652  14-13-16  108.97722945  15-13-16  109.21007708

 17-16-18  108.10478044  17-16-19  107.24430992  18-16-19  107.68155228

 NUCLEAR CHARGE:                   18
 NUMBER OF PRIMITIVE AOS:        1571
 NUMBER OF SYMMETRY AOS:         1272
 NUMBER OF CONTRACTIONS:         1146   ( 1146A   )
 NUMBER OF CORE ORBITALS:           2   (    2A   )
 NUMBER OF VALENCE ORBITALS:       13   (   13A   )

 MOLECULE CHANGED: INITIALIZING OCCUPATION AND DUMP RECORDS


 NUCLEAR REPULSION ENERGY   42.10725338


 Eigenvalues of metric

         1 0.178E-06 0.244E-06 0.314E-06 0.367E-06 0.866E-06 0.932E-06 0.105E-05 0.113E-05


 OPERATOR DM      FOR CENTER  0  COORDINATES:    0.000000    0.000000    0.000000


 **********************************************************************************************************************************
 DATASETS  * FILE   NREC   LENGTH (MB)   RECORD NAMES
              1      18       77.97       500      610      700      900      950      970     1000      129      960     1100   
                                          VAR    BASINP    GEOM    SYMINP    ZMAT    AOBASIS   BASIS     P2S    ABASIS      S 
                                         1400     1410     1200     1210     1080     1600     1650     1700   
                                           T        V       H0       H01     AOSYM     SMH    MOLCAS    OPER   

              2       5       84.63       700     1000      520     2101     2201   
                                         GEOM     BASIS   MCVARS     RHF      RHF  

 PROGRAMS   *        TOTAL       INT   RHF-SCF       INT   RHF-SCF       INT
 CPU TIMES  *     51000.64      2.37  22801.25      2.37  28191.65      2.81
 REAL TIME  *     51084.31 SEC
 DISK USED  *       246.95 MB (local),      987.82 MB (total)
 SF USED    *        15.77 MB
 GA USED    *         0.00 MB       (max)       0.00 MB       (current)
 **********************************************************************************************************************************


 PROGRAM * RHF-SCF (CLOSED SHELL)       Authors: W. Meyer, H.-J. Werner


 NUMBER OF ELECTRONS:       9+    9-    SPACE SYMMETRY=1    SPIN SYMMETRY: Singlet 
 CONVERGENCE THRESHOLDS:    1.00E-04 (Density)    1.00E-09 (Energy)
 INTEGRAL THRESHOLDS:       1.00E-13 (Initial)    1.00E-13 (Final)
 MAX. NUMBER OF ITERATIONS:       60
 INTERPOLATION TYPE:            DIIS
 INTERPOLATION STEPS:              2 (START)      1 (STEP)
 LEVEL SHIFTS:                  0.00 (CLOSED)  0.00 (OPEN) 



 Orbital guess generated from atomic densities. Full valence occupancy:   15

 Molecular orbital dump at record        2301.2

 Initial occupancy:   9

 Direct Fock-matrix evaluation.        Authors: Roland Lindh & Martin Schuetz (1993/96)

 Integral Threshold:                  0.1D-12
 Threshold for writing integrals:     0.1D-06
 Prescreening on density matrix:        ON 
 Calculation will be performed fully direct        

 ITERATION   DDIFF            GRAD            ENERGY        2-EL.EN.            DIPOLE MOMENTS         DIIS   CPU(IT)  CPU(TOT)
    1      0.000D+00      0.000D+00       -95.23089753    149.756501   -0.40107    0.57109   -0.38717    0   2896.1   2911.5     start
    2      0.000D+00      0.157D-02       -95.25690835    147.587706   -0.27518    0.32052   -0.21611    1   2816.3   5727.8     diag
    3      0.758D-03      0.663D-03       -95.26078677    148.623289   -0.35167    0.37991   -0.25642    2   2736.2   8464.1     diag
    4      0.234D-03      0.194D-03       -95.26131466    148.410442   -0.34981    0.37605   -0.25363    3   2673.6  11137.7     diag
    5      0.860D-04      0.385D-04       -95.26134257    148.417626   -0.35453    0.37366   -0.25194    4   2557.1  13694.8     diag
    6      0.197D-04      0.913D-05       -95.26134435    148.420713   -0.35535    0.37421   -0.25231    5   2431.2  16126.0     diag
    7      0.582D-05      0.259D-05       -95.26134448    148.418730   -0.35584    0.37428   -0.25235    6   2275.7  18401.7     diag
    8      0.166D-05      0.700D-06       -95.26134450    148.419053   -0.35597    0.37426   -0.25234    7   2144.7  20546.4     diag
    9      0.560D-06      0.181D-06       -95.26134450    148.419013   -0.35600    0.37427   -0.25234    8   1961.0  22507.3     diag
   10      0.151D-06      0.394D-07       -95.26134450    148.419017   -0.35600    0.37427   -0.25234    9   1749.1  24256.4     orth
   11      0.375D-07      0.800D-08       -95.26134450    148.419017   -0.35600    0.37427   -0.25234    0   1566.4  25822.8     orth

 Final occupancy:   9

 !RHF STATE  1.1 Energy               -95.261344499753
 Nuclear energy                        42.10725338
 One-electron energy                 -211.57810634
 Two-electron energy                   74.20950847
 Virial quotient                       -1.00099017
 !RHF STATE  1.1 Dipole moment         -0.35600190     0.37426934    -0.25234207
 Dipole moment /Debye                  -0.90480731     0.95123547    -0.64134756

 Orbital energies:

         1.1          2.1          3.1          4.1          5.1          6.1          7.1          8.1          9.1         10.1
    -15.538743   -11.239376    -1.171912    -0.895733    -0.662177    -0.604938    -0.555544    -0.516364    -0.394757     0.016116

        11.1
      0.026918


 HOMO      9.1    -0.394757 =     -10.7419eV
 LUMO     10.1     0.016116 =       0.4385eV
 LUMO-HOMO         0.410873 =      11.1804eV


 **********************************************************************************************************************************
 DATASETS  * FILE   NREC   LENGTH (MB)   RECORD NAMES
              1      18       77.97       500      610      700      900      950      970     1000      129      960     1100   
                                          VAR    BASINP    GEOM    SYMINP    ZMAT    AOBASIS   BASIS     P2S    ABASIS      S 
                                         1400     1410     1200     1210     1080     1600     1650     1700   
                                           T        V       H0       H01     AOSYM     SMH    MOLCAS    OPER   

              2       6      139.71       700     1000      520     2101     2201     2301   
                                         GEOM     BASIS   MCVARS     RHF      RHF      RHF  

 PROGRAMS   *        TOTAL   RHF-SCF       INT   RHF-SCF       INT   RHF-SCF       INT
 CPU TIMES  *     76825.41  25824.77      2.37  22801.25      2.37  28191.65      2.81
 REAL TIME  *     76949.21 SEC
 DISK USED  *       312.55 MB (local),        1.25 GB (total)
 SF USED    *        15.77 MB
 GA USED    *         0.00 MB       (max)       0.00 MB       (current)
 **********************************************************************************************************************************
 SETTING EB_HF          =       -95.26134450  AU                              
 SETTING E_AB_INT       =         0.00168984  AU                              

 *** results in hartree
 E_AB_INT         =         0.00168984 AU
 Molecular orbitals read from record     2301.2  Type=RHF/CANONICAL (state 1.1)
 Occupation numbers read from record     2301.2  Type=RHF/RHF (state 1.1)
 Orbital energies read from record       2301.2  Type=RHF/CANONICAL (state 1.1)
 Redundancy group numbers read from rec  2301.2  Type=RHF/RHF (state 1.1)

 RHF/aug-cc-pVQZ energy=    -95.261344499753

         RHF-SCF         RHF-SCF         RHF-SCF
    -95.26134450   -230.79445201   -326.05410667
 **********************************************************************************************************************************
 Molpro calculation terminated
Fri 22 Nov 2019 12:46:30 PM CET
