
 Primary working directories    : /scratch/sirous/44843/molpro.4I9rYRUd1K
 Secondary working directories  : /scratch/sirous/44843/molpro.4I9rYRUd1K
 Wavefunction directory         : /scratch/sirous/44843/
 Main file repository           : /scratch/sirous/44843/molpro.4I9rYRUd1K/

 id        : karlovklimes

 Nodes                      nprocs
 nc-10.cc.karlov.mff.cuni.cz    4

 Using customized tuning parameters: mindgm=1; mindgv=20; mindgc=4; mindgr=1; noblas=0; minvec=7
 default implementation of scratch files=sf  


 Variables initialized (934), CPU time= 0.01 sec
 ***,CH3C6H4CN+CF3CN+BF3
 memory,500,m
 gdirect
 gthresh,energy=1.d-8,twoint=1.d-15,oneint=1.d-15,zero=1.d-15,orbital=1.d-8,grid=1.d-8
 symmetry,nosym
 geomtyp=xyz
                                                                                 ! Geometry
 geometry={
 N1        -0.893451216    -0.043844322     -0.042997455
 H1        0.096948261    -0.256059448     -0.071069928
 H2        -1.368438791    -0.933390652     0.033837726
 C1        -1.175782475    0.757907695     1.145237192
 H3        -2.241626604    0.97221601     1.195024643
 H4        -0.880789552    0.304246738     2.097209096
 H5        -0.663005722    1.714329397     1.060809164
 O1        3.922086097288921    0.10867400078763065     0.10186063460812242
 H6        4.204112216288921    0.47862276578763063     -0.7380034453918776
 C2        4.3079999452889215    1.0202582617876306     1.1212967966081224
 H7        3.984816896288921    0.5906255887876306     2.0643633406081223
 H8        5.389055183288921    1.1593417307876306     1.1603367636081223
 H9        3.8295253832889213    1.9938561067876306     1.0061202616081224
 }
 
 
 
 basis=avtz
 
 
 
                                                                                 ! Dimer Calculation
 {rhf,accu=1.d-8;orbital,2101.2}
 eab_HF=energy
 
 
                                                                                 !monomer A
 dummy,8,9,10,11,12,13;                                                          ! NOW MONOMER B IS DUMMY
 {rhf,accu=1.d-8;orbital,2201.2}
 ea_HF=energy
                                                                                 !monomer B
 dummy,1,2,3,4,5,6,7;                                                            !NOW MONOMER A IS DUMMY
 {rhf,accu=1.d-8;orbital,2301.2}
 eb_HF=energy
 
 E_AB_int=eab_HF-ea_HF-eb_HF
 
 
 text,results in hartree
 show,E_AB_int
 
 Commands  initialized (763), CPU time= 0.01 sec, 617 directives.
 Default parameters read. Elapsed time= 0.21 sec

 Checking input...
 Passed
1


                                         ***  PROGRAM SYSTEM MOLPRO  ***
                                       Copyright, TTI GmbH Stuttgart, 2015
                                    Version 2019.2 linked Jun  8 2019 11:26:33


 **********************************************************************************************************************************
 LABEL *   CH3C6H4CN+CF3CN+BF3                                                           
  64 bit mpp version                                                                     DATE: 14-Oct-19          TIME: 18:05:28  
 **********************************************************************************************************************************

 SHA1:             8135a10abc80eafa5b3ae28ffc55be4890dc4c84
 **********************************************************************************************************************************

 THRESHOLDS:

 ZERO    =  1.00D-15  ONEINT  =  1.00D-15  TWOINT  =  1.00D-15  PREFAC  =  1.00D-14  XXXXXX  =  1.00D-09  EORDER  =  1.00D-04
 ENERGY  =  1.00D-08  ETEST   =  0.00D+00  EDENS   =  0.00D+00  THRDEDEF=  1.00D-06  GRADIENT=  1.00D-02  STEP    =  1.00D-03
 ORBITAL =  1.00D-08  CIVEC   =  1.00D-05  COEFF   =  1.00D-04  PRINTCI =  5.00D-02  PUNCHCI =  9.90D+01  OPTGRAD =  3.00D-04
 OPTENERG=  1.00D-06  OPTSTEP =  3.00D-04  THRGRAD =  1.00D-10  COMPRESS=  1.00D-11  VARMIN  =  1.00D-07  VARMAX  =  1.00D-03
 THRDOUB =  0.00D+00  THRDIV  =  1.00D-05  THRRED  =  1.00D-07  THRPSP  =  1.00D+00  THRDC   =  1.00D-10  THRCS   =  1.00D-10
 THRNRM  =  1.00D-08  THREQ   =  0.00D+00  THRDE   =  1.00D+00  THRREF  =  1.00D-05  SPARFAC =  1.00D+00  THRDLP  =  1.00D-07
 THRDIA  =  1.00D-10  THRDLS  =  1.00D-07  THRGPS  =  0.00D+00  THRKEX  =  0.00D+00  THRDIS  =  2.00D-01  THRVAR  =  1.00D-10
 THRLOC  =  1.00D-06  THRGAP  =  1.00D-06  THRLOCT = -1.00D+00  THRGAPT = -1.00D+00  THRORB  =  1.00D-06  THRMLTP =  0.00D+00
 THRCPQCI=  1.00D-10  KEXTA   =  0.00D+00  THRCOARS=  0.00D+00  SYMTOL  =  1.00D-06  GRADTOL =  1.00D-06  THROVL  =  1.00D-08
 THRORTH =  1.00D-08  GRID    =  1.00D-08  GRIDMAX =  1.00D-03  DTMAX   =  0.00D+00  THROCCDE=  1.00D-01  THROCCDE=  1.00D-01
 THRPRINT=  2.50D-01


 Variable memory set to  500000000 words,  buffer space 

 SETTING GEOMTYP        =    XYZ
 ZSYMEL=NOSYM

 SETTING BASIS          =    AVTZ


 Recomputing integrals since basis changed


 Using spherical harmonics

 Library entry N      S aug-cc-pVTZ          selected for orbital group  1
 Library entry N      P aug-cc-pVTZ          selected for orbital group  1
 Library entry N      D aug-cc-pVTZ          selected for orbital group  1
 Library entry N      F aug-cc-pVTZ          selected for orbital group  1
 Library entry H      S aug-cc-pVTZ          selected for orbital group  2
 Library entry H      P aug-cc-pVTZ          selected for orbital group  2
 Library entry H      D aug-cc-pVTZ          selected for orbital group  2
 Library entry C      S aug-cc-pVTZ          selected for orbital group  3
 Library entry C      P aug-cc-pVTZ          selected for orbital group  3
 Library entry C      D aug-cc-pVTZ          selected for orbital group  3
 Library entry C      F aug-cc-pVTZ          selected for orbital group  3
 Library entry O      S aug-cc-pVTZ          selected for orbital group  5
 Library entry O      P aug-cc-pVTZ          selected for orbital group  5
 Library entry O      D aug-cc-pVTZ          selected for orbital group  5
 Library entry O      F aug-cc-pVTZ          selected for orbital group  5


 PROGRAM * SEWARD (Integral evaluation for generally contracted gaussian basis sets)     Author: Roland Lindh, 1990

 Geometry written to block  1 of record 700


 Point group  C1  



 ATOMIC COORDINATES

 NR  ATOM    CHARGE       X              Y              Z

   1  N1      7.00   -1.688378104   -0.082853761   -0.081253414
   2  H1      1.00    0.183205662   -0.483882228   -0.134302700
   3  H2      1.00   -2.585974533   -1.763852700    0.063944035
   4  C1      6.00   -2.221906860    1.432237971    2.164184641
   5  H3      1.00   -4.236060355    1.837221993    2.258269287
   6  H4      1.00   -1.664451027    0.574943009    3.963150817
   7  H5      1.00   -1.252899234    3.239613048    2.004638790
   8  O1      8.00    7.411668561    0.205364098    0.192488702
   9  H6      1.00    7.944620686    0.904465944   -1.394624391
  10  C2      6.00    8.140940041    1.928008691    2.118943850
  11  H7      1.00    7.530212591    1.116120605    3.901081335
  12  H8      1.00   10.183838367    2.190838356    2.192718695
  13  H9      1.00    7.236754161    3.767841974    1.901291743

 Bond lengths in Bohr (Angstrom)

 1-2  1.914801256  1-3  1.911156477  1-4  2.760823780  4-5  2.056618166  4-6  2.069297215
     ( 1.013269188)     ( 1.011340454)     ( 1.460965028)     ( 1.088315465)     ( 1.095024929)

  4- 7  2.056948061   8- 9  1.814306845   8-10  2.685250588  10-11  2.051381071  10-12  2.061056944
       ( 1.088490038)       ( 0.960089836)       ( 1.420973417)       ( 1.085544114)       ( 1.090664365)

 10-13  2.061531240
       ( 1.090915352)

 Bond angles

  1-4-5  109.54406630   1-4-6  115.31871981   1-4-7  109.15197351   2-1-3  106.07836560

  2-1-4  109.04774565   3-1-4  109.27730370   5-4-6  107.79679290   5-4-7  106.97091569

  6- 4- 7  107.73101270   8-10-11  106.76853257   8-10-12  112.12813207   8-10-13  112.18950395

  9- 8-10  107.49423238  11-10-12  108.32856605  11-10-13  108.32203168  12-10-13  108.94776656

 NUCLEAR CHARGE:                   36
 NUMBER OF PRIMITIVE AOS:         511
 NUMBER OF SYMMETRY AOS:          457
 NUMBER OF CONTRACTIONS:          391   (  391A   )
 NUMBER OF CORE ORBITALS:           4   (    4A   )
 NUMBER OF VALENCE ORBITALS:       25   (   25A   )


 NUCLEAR REPULSION ENERGY  115.01291974


 Eigenvalues of metric

         1 0.375E-04 0.418E-04 0.551E-04 0.600E-04 0.692E-04 0.767E-04 0.105E-03 0.130E-03


 OPERATOR DM      FOR CENTER  0  COORDINATES:    0.000000    0.000000    0.000000


 **********************************************************************************************************************************
 DATASETS  * FILE   NREC   LENGTH (MB)   RECORD NAMES
              1      18       35.79       500      610      700      900      950      970     1000      129      960     1100   
                                          VAR    BASINP    GEOM    SYMINP    ZMAT    AOBASIS   BASIS     P2S    ABASIS      S 
                                         1400     1410     1200     1210     1080     1600     1650     1700   
                                           T        V       H0       H01     AOSYM     SMH    MOLCAS    OPER   

 PROGRAMS   *        TOTAL       INT
 CPU TIMES  *         0.76      0.57
 REAL TIME  *         2.22 SEC
 DISK USED  *        36.37 MB (local),      145.50 MB (total)
 GA USED    *         0.00 MB       (max)       0.00 MB       (current)
 **********************************************************************************************************************************


 PROGRAM * RHF-SCF (CLOSED SHELL)       Authors: W. Meyer, H.-J. Werner


 NUMBER OF ELECTRONS:      18+   18-    SPACE SYMMETRY=1    SPIN SYMMETRY: Singlet 
 CONVERGENCE THRESHOLDS:    1.00E-04 (Density)    1.00E-09 (Energy)
 INTEGRAL THRESHOLDS:       1.00E-11 (Initial)    1.00E-11 (Final)
 MAX. NUMBER OF ITERATIONS:       60
 INTERPOLATION TYPE:            DIIS
 INTERPOLATION STEPS:              2 (START)      1 (STEP)
 LEVEL SHIFTS:                  0.00 (CLOSED)  0.00 (OPEN) 



 Orbital guess generated from atomic densities. Full valence occupancy:   29

 Molecular orbital dump at record        2101.2

 Initial occupancy:  18

 Direct Fock-matrix evaluation.        Authors: Roland Lindh & Martin Schuetz (1993/96)

 Integral Threshold:                  0.1D-10
 Threshold for writing integrals:     0.1D-06
 Prescreening on density matrix:        ON 
 Calculation will be performed fully direct        

 ITERATION   DDIFF            GRAD            ENERGY        2-EL.EN.            DIPOLE MOMENTS         DIIS   CPU(IT)  CPU(TOT)
    1      0.000D+00      0.000D+00      -210.28312453    379.351187    0.75701    0.38715    0.33269    0     26.3     29.8     start
    2      0.000D+00      0.302D-02      -210.33641486    374.659715    0.47236    0.23625    0.26396    1     24.6     54.4     diag
    3      0.344D-02      0.151D-02      -210.34719942    376.891466    0.55465    0.33021    0.35056    2     23.4     77.8     diag
    4      0.100D-02      0.366D-03      -210.34829503    376.551097    0.55035    0.31510    0.35643    3     23.4    101.2     diag
    5      0.322D-03      0.757D-04      -210.34836064    376.542074    0.54965    0.32210    0.36280    4     21.8    123.0     diag
    6      0.718D-04      0.223D-04      -210.34836536    376.553503    0.54987    0.32117    0.36560    5     20.6    143.7     diag
    7      0.212D-04      0.708D-05      -210.34836587    376.549142    0.55008    0.32162    0.36591    6     19.6    163.3     diag
    8      0.716D-05      0.150D-05      -210.34836591    376.549004    0.55006    0.32168    0.36625    7     18.3    181.6     diag
    9      0.216D-05      0.518D-06      -210.34836592    376.549249    0.55006    0.32167    0.36626    0     16.7    198.3     orth

 Final occupancy:  18

 !RHF STATE  1.1 Energy              -210.348365915249
 Nuclear energy                       115.01291974
 One-electron energy                 -513.63591026
 Two-electron energy                  188.27462461
 Virial quotient                       -1.00140342
 !RHF STATE  1.1 Dipole moment          0.55006455     0.32167347     0.36626337
 Dipole moment /Debye                   1.39803305     0.81755885     0.93088766

 Orbital energies:

         1.1          2.1          3.1          4.1          5.1          6.1          7.1          8.1          9.1         10.1
    -20.563087   -15.534486   -11.273443   -11.236125    -1.361565    -1.166392    -0.929485    -0.891212    -0.694847    -0.657280

        11.1         12.1         13.1         14.1         15.1         16.1         17.1         18.1         19.1         20.1
     -0.624073    -0.599549    -0.596579    -0.550914    -0.511576    -0.508554    -0.455641    -0.388523     0.027034     0.035786


 HOMO     18.1    -0.388523 =     -10.5723eV
 LUMO     19.1     0.027034 =       0.7356eV
 LUMO-HOMO         0.415557 =      11.3079eV


 **********************************************************************************************************************************
 DATASETS  * FILE   NREC   LENGTH (MB)   RECORD NAMES
              1      18       35.79       500      610      700      900      950      970     1000      129      960     1100   
                                          VAR    BASINP    GEOM    SYMINP    ZMAT    AOBASIS   BASIS     P2S    ABASIS      S 
                                         1400     1410     1200     1210     1080     1600     1650     1700   
                                           T        V       H0       H01     AOSYM     SMH    MOLCAS    OPER   

              2       4        6.08       700     1000      520     2101   
                                         GEOM     BASIS   MCVARS     RHF  

 PROGRAMS   *        TOTAL   RHF-SCF       INT
 CPU TIMES  *       199.14    198.38      0.57
 REAL TIME  *       202.17 SEC
 DISK USED  *        51.77 MB (local),      207.10 MB (total)
 SF USED    *         1.84 MB
 GA USED    *         0.00 MB       (max)       0.00 MB       (current)
 **********************************************************************************************************************************
 SETTING EAB_HF         =      -210.34836592  AU                              

 Dummy atoms: O1  H6  C2  H7  H8  H9


 Recomputing one-electron integrals since nuclear charges changed


 PROGRAM * SEWARD (Integral evaluation for generally contracted gaussian basis sets)     Author: Roland Lindh, 1990

 Geometry written to block  1 of record 700


 Point group  C1  



 ATOMIC COORDINATES

 NR  ATOM    CHARGE       X              Y              Z

   1  N1      7.00   -1.688378104   -0.082853761   -0.081253414
   2  H1      1.00    0.183205662   -0.483882228   -0.134302700
   3  H2      1.00   -2.585974533   -1.763852700    0.063944035
   4  C1      6.00   -2.221906860    1.432237971    2.164184641
   5  H3      1.00   -4.236060355    1.837221993    2.258269287
   6  H4      1.00   -1.664451027    0.574943009    3.963150817
   7  H5      1.00   -1.252899234    3.239613048    2.004638790
   8  O1      0.00    7.411668561    0.205364098    0.192488702
   9  H6      0.00    7.944620686    0.904465944   -1.394624391
  10  C2      0.00    8.140940041    1.928008691    2.118943850
  11  H7      0.00    7.530212591    1.116120605    3.901081335
  12  H8      0.00   10.183838367    2.190838356    2.192718695
  13  H9      0.00    7.236754161    3.767841974    1.901291743

 Bond lengths in Bohr (Angstrom)

 1-2  1.914801256  1-3  1.911156477  1-4  2.760823780  4-5  2.056618166  4-6  2.069297215
     ( 1.013269188)     ( 1.011340454)     ( 1.460965028)     ( 1.088315465)     ( 1.095024929)

  4- 7  2.056948061   8- 9  1.814306845   8-10  2.685250588  10-11  2.051381071  10-12  2.061056944
       ( 1.088490038)       ( 0.960089836)       ( 1.420973417)       ( 1.085544114)       ( 1.090664365)

 10-13  2.061531240
       ( 1.090915352)

 Bond angles

  1-4-5  109.54406630   1-4-6  115.31871981   1-4-7  109.15197351   2-1-3  106.07836560

  2-1-4  109.04774565   3-1-4  109.27730370   5-4-6  107.79679290   5-4-7  106.97091569

  6- 4- 7  107.73101270   8-10-11  106.76853257   8-10-12  112.12813207   8-10-13  112.18950395

  9- 8-10  107.49423238  11-10-12  108.32856605  11-10-13  108.32203168  12-10-13  108.94776656

 NUCLEAR CHARGE:                   18
 NUMBER OF PRIMITIVE AOS:         511
 NUMBER OF SYMMETRY AOS:          457
 NUMBER OF CONTRACTIONS:          391   (  391A   )
 NUMBER OF CORE ORBITALS:           2   (    2A   )
 NUMBER OF VALENCE ORBITALS:       13   (   13A   )

 MOLECULE CHANGED: INITIALIZING OCCUPATION AND DUMP RECORDS


 NUCLEAR REPULSION ENERGY   42.10593244


 Eigenvalues of metric

         1 0.375E-04 0.418E-04 0.551E-04 0.600E-04 0.692E-04 0.767E-04 0.105E-03 0.130E-03


 OPERATOR DM      FOR CENTER  0  COORDINATES:    0.000000    0.000000    0.000000


 **********************************************************************************************************************************
 DATASETS  * FILE   NREC   LENGTH (MB)   RECORD NAMES
              1      18       35.79       500      610      700      900      950      970     1000      129      960     1100   
                                          VAR    BASINP    GEOM    SYMINP    ZMAT    AOBASIS   BASIS     P2S    ABASIS      S 
                                         1400     1410     1200     1210     1080     1600     1650     1700   
                                           T        V       H0       H01     AOSYM     SMH    MOLCAS    OPER   

              2       4        6.08       700     1000      520     2101   
                                         GEOM     BASIS   MCVARS     RHF  

 PROGRAMS   *        TOTAL       INT   RHF-SCF       INT
 CPU TIMES  *       199.36      0.21    198.38      0.57
 REAL TIME  *       202.52 SEC
 DISK USED  *        51.77 MB (local),      207.10 MB (total)
 SF USED    *         1.84 MB
 GA USED    *         0.00 MB       (max)       0.00 MB       (current)
 **********************************************************************************************************************************


 PROGRAM * RHF-SCF (CLOSED SHELL)       Authors: W. Meyer, H.-J. Werner


 NUMBER OF ELECTRONS:       9+    9-    SPACE SYMMETRY=1    SPIN SYMMETRY: Singlet 
 CONVERGENCE THRESHOLDS:    1.00E-04 (Density)    1.00E-09 (Energy)
 INTEGRAL THRESHOLDS:       1.00E-11 (Initial)    1.00E-11 (Final)
 MAX. NUMBER OF ITERATIONS:       60
 INTERPOLATION TYPE:            DIIS
 INTERPOLATION STEPS:              2 (START)      1 (STEP)
 LEVEL SHIFTS:                  0.00 (CLOSED)  0.00 (OPEN) 



 Orbital guess generated from atomic densities. Full valence occupancy:   15

 Molecular orbital dump at record        2201.2

 Initial occupancy:   9

 Direct Fock-matrix evaluation.        Authors: Roland Lindh & Martin Schuetz (1993/96)

 Integral Threshold:                  0.1D-10
 Threshold for writing integrals:     0.1D-06
 Prescreening on density matrix:        ON 
 Calculation will be performed fully direct        

 ITERATION   DDIFF            GRAD            ENERGY        2-EL.EN.            DIPOLE MOMENTS         DIIS   CPU(IT)  CPU(TOT)
    1      0.000D+00      0.000D+00       -95.22538225    149.715139    0.26684   -0.48406    0.56138    0     25.0     28.0     start
    2      0.000D+00      0.267D-02       -95.25107440    147.581496    0.14645   -0.25950    0.36341    1     23.2     51.2     diag
    3      0.228D-02      0.112D-02       -95.25484700    148.599956    0.17193   -0.29924    0.45526    2     22.1     73.3     diag
    4      0.627D-03      0.331D-03       -95.25536857    148.388126    0.17002   -0.29589    0.45271    3     21.7     95.0     diag
    5      0.228D-03      0.644D-04       -95.25539491    148.394579    0.16848   -0.29207    0.45637    4     20.6    115.6     diag
    6      0.429D-04      0.154D-04       -95.25539662    148.397927    0.16872   -0.29245    0.45737    5     18.9    134.4     diag
    7      0.133D-04      0.431D-05       -95.25539674    148.395973    0.16873   -0.29239    0.45786    6     17.3    151.7     diag
    8      0.353D-05      0.115D-05       -95.25539676    148.396260    0.16871   -0.29234    0.45797    7     16.3    168.0     diag
    9      0.147D-05      0.296D-06       -95.25539676    148.396194    0.16872   -0.29234    0.45799    0     14.0    182.0     orth

 Final occupancy:   9

 !RHF STATE  1.1 Energy               -95.255396757513
 Nuclear energy                        42.10593244
 One-electron energy                 -211.55942631
 Two-electron energy                   74.19809710
 Virial quotient                       -1.00135124
 !RHF STATE  1.1 Dipole moment          0.16871652    -0.29234271     0.45799193
 Dipole moment /Debye                   0.42880654    -0.74301238     1.16402314

 Orbital energies:

         1.1          2.1          3.1          4.1          5.1          6.1          7.1          8.1          9.1         10.1
    -15.540495   -11.240257    -1.172056    -0.895786    -0.662928    -0.604371    -0.555713    -0.516108    -0.393901     0.020579

        11.1
      0.034041


 HOMO      9.1    -0.393901 =     -10.7186eV
 LUMO     10.1     0.020579 =       0.5600eV
 LUMO-HOMO         0.414480 =      11.2786eV


 **********************************************************************************************************************************
 DATASETS  * FILE   NREC   LENGTH (MB)   RECORD NAMES
              1      18       35.79       500      610      700      900      950      970     1000      129      960     1100   
                                          VAR    BASINP    GEOM    SYMINP    ZMAT    AOBASIS   BASIS     P2S    ABASIS      S 
                                         1400     1410     1200     1210     1080     1600     1650     1700   
                                           T        V       H0       H01     AOSYM     SMH    MOLCAS    OPER   

              2       5       14.70       700     1000      520     2101     2201   
                                         GEOM     BASIS   MCVARS     RHF      RHF  

 PROGRAMS   *        TOTAL   RHF-SCF       INT   RHF-SCF       INT
 CPU TIMES  *       381.43    182.07      0.21    198.38      0.57
 REAL TIME  *       385.24 SEC
 DISK USED  *        60.40 MB (local),      241.61 MB (total)
 SF USED    *         1.84 MB
 GA USED    *         0.00 MB       (max)       0.00 MB       (current)
 **********************************************************************************************************************************
 SETTING EA_HF          =       -95.25539676  AU                              

 Dummy atoms: N1  H1  H2  C1  H3  H4  H5


 Recomputing one-electron integrals since nuclear charges changed


 PROGRAM * SEWARD (Integral evaluation for generally contracted gaussian basis sets)     Author: Roland Lindh, 1990

 Geometry written to block  1 of record 700


 Point group  C1  



 ATOMIC COORDINATES

 NR  ATOM    CHARGE       X              Y              Z

   1  N1      0.00   -1.688378104   -0.082853761   -0.081253414
   2  H1      0.00    0.183205662   -0.483882228   -0.134302700
   3  H2      0.00   -2.585974533   -1.763852700    0.063944035
   4  C1      0.00   -2.221906860    1.432237971    2.164184641
   5  H3      0.00   -4.236060355    1.837221993    2.258269287
   6  H4      0.00   -1.664451027    0.574943009    3.963150817
   7  H5      0.00   -1.252899234    3.239613048    2.004638790
   8  O1      8.00    7.411668561    0.205364098    0.192488702
   9  H6      1.00    7.944620686    0.904465944   -1.394624391
  10  C2      6.00    8.140940041    1.928008691    2.118943850
  11  H7      1.00    7.530212591    1.116120605    3.901081335
  12  H8      1.00   10.183838367    2.190838356    2.192718695
  13  H9      1.00    7.236754161    3.767841974    1.901291743

 Bond lengths in Bohr (Angstrom)

 1-2  1.914801256  1-3  1.911156477  1-4  2.760823780  4-5  2.056618166  4-6  2.069297215
     ( 1.013269188)     ( 1.011340454)     ( 1.460965028)     ( 1.088315465)     ( 1.095024929)

  4- 7  2.056948061   8- 9  1.814306845   8-10  2.685250588  10-11  2.051381071  10-12  2.061056944
       ( 1.088490038)       ( 0.960089836)       ( 1.420973417)       ( 1.085544114)       ( 1.090664365)

 10-13  2.061531240
       ( 1.090915352)

 Bond angles

  1-4-5  109.54406630   1-4-6  115.31871981   1-4-7  109.15197351   2-1-3  106.07836560

  2-1-4  109.04774565   3-1-4  109.27730370   5-4-6  107.79679290   5-4-7  106.97091569

  6- 4- 7  107.73101270   8-10-11  106.76853257   8-10-12  112.12813207   8-10-13  112.18950395

  9- 8-10  107.49423238  11-10-12  108.32856605  11-10-13  108.32203168  12-10-13  108.94776656

 NUCLEAR CHARGE:                   18
 NUMBER OF PRIMITIVE AOS:         511
 NUMBER OF SYMMETRY AOS:          457
 NUMBER OF CONTRACTIONS:          391   (  391A   )
 NUMBER OF CORE ORBITALS:           2   (    2A   )
 NUMBER OF VALENCE ORBITALS:       12   (   12A   )

 MOLECULE CHANGED: INITIALIZING OCCUPATION AND DUMP RECORDS


 NUCLEAR REPULSION ENERGY   40.34710778


 Eigenvalues of metric

         1 0.375E-04 0.418E-04 0.551E-04 0.600E-04 0.692E-04 0.767E-04 0.105E-03 0.130E-03


 OPERATOR DM      FOR CENTER  0  COORDINATES:    0.000000    0.000000    0.000000


 **********************************************************************************************************************************
 DATASETS  * FILE   NREC   LENGTH (MB)   RECORD NAMES
              1      18       35.79       500      610      700      900      950      970     1000      129      960     1100   
                                          VAR    BASINP    GEOM    SYMINP    ZMAT    AOBASIS   BASIS     P2S    ABASIS      S 
                                         1400     1410     1200     1210     1080     1600     1650     1700   
                                           T        V       H0       H01     AOSYM     SMH    MOLCAS    OPER   

              2       5       14.70       700     1000      520     2101     2201   
                                         GEOM     BASIS   MCVARS     RHF      RHF  

 PROGRAMS   *        TOTAL       INT   RHF-SCF       INT   RHF-SCF       INT
 CPU TIMES  *       381.66      0.22    182.07      0.21    198.38      0.57
 REAL TIME  *       385.59 SEC
 DISK USED  *        60.40 MB (local),      241.61 MB (total)
 SF USED    *         1.84 MB
 GA USED    *         0.00 MB       (max)       0.00 MB       (current)
 **********************************************************************************************************************************


 PROGRAM * RHF-SCF (CLOSED SHELL)       Authors: W. Meyer, H.-J. Werner


 NUMBER OF ELECTRONS:       9+    9-    SPACE SYMMETRY=1    SPIN SYMMETRY: Singlet 
 CONVERGENCE THRESHOLDS:    1.00E-04 (Density)    1.00E-09 (Energy)
 INTEGRAL THRESHOLDS:       1.00E-11 (Initial)    1.00E-11 (Final)
 MAX. NUMBER OF ITERATIONS:       60
 INTERPOLATION TYPE:            DIIS
 INTERPOLATION STEPS:              2 (START)      1 (STEP)
 LEVEL SHIFTS:                  0.00 (CLOSED)  0.00 (OPEN) 



 Orbital guess generated from atomic densities. Full valence occupancy:   14

 Molecular orbital dump at record        2301.2

 Initial occupancy:   9

 Direct Fock-matrix evaluation.        Authors: Roland Lindh & Martin Schuetz (1993/96)

 Integral Threshold:                  0.1D-10
 Threshold for writing integrals:     0.1D-06
 Prescreening on density matrix:        ON 
 Calculation will be performed fully direct        

 ITERATION   DDIFF            GRAD            ENERGY        2-EL.EN.            DIPOLE MOMENTS         DIIS   CPU(IT)  CPU(TOT)
    1      0.000D+00      0.000D+00      -115.05619931    164.421284    0.48925    0.87115   -0.22875    0     24.9     27.9     start
    2      0.000D+00      0.330D-02      -115.08425895    161.898050    0.27880    0.50273   -0.09354    1     23.3     51.1     diag
    3      0.257D-02      0.181D-02      -115.09153910    163.132086    0.34452    0.62624   -0.09032    2     22.3     73.4     diag
    4      0.794D-03      0.357D-03      -115.09206771    162.958064    0.34159    0.62072   -0.09033    3     22.0     95.4     diag
    5      0.217D-03      0.705D-04      -115.09210037    162.969358    0.34117    0.62112   -0.08399    4     20.2    115.7     diag
    6      0.482D-04      0.132D-04      -115.09210187    162.967254    0.34148    0.62178   -0.08352    5     19.1    134.7     diag
    7      0.125D-04      0.275D-05      -115.09210194    162.966938    0.34148    0.62184   -0.08320    6     17.1    151.9     diag
    8      0.287D-05      0.708D-06      -115.09210195    162.967234    0.34148    0.62184   -0.08319    0     14.8    166.6     orth

 Final occupancy:   9

 !RHF STATE  1.1 Energy              -115.092101945007
 Nuclear energy                        40.34710778
 One-electron energy                 -236.92282688
 Two-electron energy                   81.48361716
 Virial quotient                       -1.00142762
 !RHF STATE  1.1 Dipole moment          0.34147745     0.62184488    -0.08318611
 Dipole moment /Debye                   0.86789227     1.58046851    -0.21142414

 Orbital energies:

         1.1          2.1          3.1          4.1          5.1          6.1          7.1          8.1          9.1         10.1
    -20.559588   -11.270526    -1.358075    -0.926442    -0.691504    -0.620941    -0.593222    -0.505216    -0.452282     0.023551

        11.1
      0.032280


 HOMO      9.1    -0.452282 =     -12.3072eV
 LUMO     10.1     0.023551 =       0.6409eV
 LUMO-HOMO         0.475833 =      12.9481eV


 **********************************************************************************************************************************
 DATASETS  * FILE   NREC   LENGTH (MB)   RECORD NAMES
              1      18       35.79       500      610      700      900      950      970     1000      129      960     1100   
                                          VAR    BASINP    GEOM    SYMINP    ZMAT    AOBASIS   BASIS     P2S    ABASIS      S 
                                         1400     1410     1200     1210     1080     1600     1650     1700   
                                           T        V       H0       H01     AOSYM     SMH    MOLCAS    OPER   

              2       6       23.33       700     1000      520     2101     2201     2301   
                                         GEOM     BASIS   MCVARS     RHF      RHF      RHF  

 PROGRAMS   *        TOTAL   RHF-SCF       INT   RHF-SCF       INT   RHF-SCF       INT
 CPU TIMES  *       548.40    166.74      0.22    182.07      0.21    198.38      0.57
 REAL TIME  *       552.81 SEC
 DISK USED  *        68.42 MB (local),      273.67 MB (total)
 SF USED    *         1.84 MB
 GA USED    *         0.00 MB       (max)       0.00 MB       (current)
 **********************************************************************************************************************************
 SETTING EB_HF          =      -115.09210195  AU                              
 SETTING E_AB_INT       =        -0.00086721  AU                              

 *** results in hartree
 E_AB_INT         =        -0.00086721 AU
 Molecular orbitals read from record     2301.2  Type=RHF/CANONICAL (state 1.1)
 Occupation numbers read from record     2301.2  Type=RHF/RHF (state 1.1)
 Orbital energies read from record       2301.2  Type=RHF/CANONICAL (state 1.1)
 Redundancy group numbers read from rec  2301.2  Type=RHF/RHF (state 1.1)

 RHF/aug-cc-pVTZ energy=   -115.092101945007

         RHF-SCF         RHF-SCF         RHF-SCF
   -115.09210195    -95.25539676   -210.34836592
 **********************************************************************************************************************************
 Molpro calculation terminated
