
 Primary working directories    : /scratch/sirous/44855/molpro.l4JNGZbQgj
 Secondary working directories  : /scratch/sirous/44855/molpro.l4JNGZbQgj
 Wavefunction directory         : /scratch/sirous/44855/
 Main file repository           : /scratch/sirous/44855/molpro.l4JNGZbQgj/

 id        : karlovklimes

 Nodes                      nprocs
 nc-11.cc.karlov.mff.cuni.cz    4

 Using customized tuning parameters: mindgm=1; mindgv=20; mindgc=4; mindgr=1; noblas=0; minvec=7
 default implementation of scratch files=sf  


 Variables initialized (934), CPU time= 0.01 sec
 ***,CH3C6H4CN+CF3CN+BF3
 memory,500,m
 gdirect
 gthresh,energy=1.d-8,twoint=1.d-15,oneint=1.d-15,zero=1.d-15,orbital=1.d-8,grid=1.d-8
 symmetry,nosym
 geomtyp=xyz
                                                                                 ! Geometry
 geometry={
 N1        -0.893451216    -0.043844322     -0.042997455
 H1        0.096948261    -0.256059448     -0.071069928
 H2        -1.368438791    -0.933390652     0.033837726
 C1        -1.175782475    0.757907695     1.145237192
 H3        -2.241626604    0.97221601     1.195024643
 H4        -0.880789552    0.304246738     2.097209096
 H5        -0.663005722    1.714329397     1.060809164
 O1        6.622183393784215    0.36613290328071174     0.2239292659363323
 H6        6.904209512784215    0.7360816682807118     -0.6159348140636678
 C2        7.008097241784215    1.2777171642807117     1.2433654279363324
 H7        6.684914192784214    0.8480844912807117     2.186431971936332
 H8        8.089152479784214    1.4168006332807117     1.2824053949363323
 H9        6.5296226797842145    2.2513150092807117     1.1281888929363324
 }
 
 
 
 basis=avtz
 
 
 
                                                                                 ! Dimer Calculation
 {rhf,accu=1.d-8;orbital,2101.2}
 eab_HF=energy
 
 
                                                                                 !monomer A
 dummy,8,9,10,11,12,13;                                                          ! NOW MONOMER B IS DUMMY
 {rhf,accu=1.d-8;orbital,2201.2}
 ea_HF=energy
                                                                                 !monomer B
 dummy,1,2,3,4,5,6,7;                                                            !NOW MONOMER A IS DUMMY
 {rhf,accu=1.d-8;orbital,2301.2}
 eb_HF=energy
 
 E_AB_int=eab_HF-ea_HF-eb_HF
 
 
 text,results in hartree
 show,E_AB_int
 
 Commands  initialized (763), CPU time= 0.01 sec, 617 directives.
 Default parameters read. Elapsed time= 0.21 sec

 Checking input...
 Passed
1


                                         ***  PROGRAM SYSTEM MOLPRO  ***
                                       Copyright, TTI GmbH Stuttgart, 2015
                                    Version 2019.2 linked Jun  8 2019 11:26:33


 **********************************************************************************************************************************
 LABEL *   CH3C6H4CN+CF3CN+BF3                                                           
  64 bit mpp version                                                                     DATE: 14-Oct-19          TIME: 18:14:15  
 **********************************************************************************************************************************

 SHA1:             8135a10abc80eafa5b3ae28ffc55be4890dc4c84
 **********************************************************************************************************************************

 THRESHOLDS:

 ZERO    =  1.00D-15  ONEINT  =  1.00D-15  TWOINT  =  1.00D-15  PREFAC  =  1.00D-14  XXXXXX  =  1.00D-09  EORDER  =  1.00D-04
 ENERGY  =  1.00D-08  ETEST   =  0.00D+00  EDENS   =  0.00D+00  THRDEDEF=  1.00D-06  GRADIENT=  1.00D-02  STEP    =  1.00D-03
 ORBITAL =  1.00D-08  CIVEC   =  1.00D-05  COEFF   =  1.00D-04  PRINTCI =  5.00D-02  PUNCHCI =  9.90D+01  OPTGRAD =  3.00D-04
 OPTENERG=  1.00D-06  OPTSTEP =  3.00D-04  THRGRAD =  1.00D-10  COMPRESS=  1.00D-11  VARMIN  =  1.00D-07  VARMAX  =  1.00D-03
 THRDOUB =  0.00D+00  THRDIV  =  1.00D-05  THRRED  =  1.00D-07  THRPSP  =  1.00D+00  THRDC   =  1.00D-10  THRCS   =  1.00D-10
 THRNRM  =  1.00D-08  THREQ   =  0.00D+00  THRDE   =  1.00D+00  THRREF  =  1.00D-05  SPARFAC =  1.00D+00  THRDLP  =  1.00D-07
 THRDIA  =  1.00D-10  THRDLS  =  1.00D-07  THRGPS  =  0.00D+00  THRKEX  =  0.00D+00  THRDIS  =  2.00D-01  THRVAR  =  1.00D-10
 THRLOC  =  1.00D-06  THRGAP  =  1.00D-06  THRLOCT = -1.00D+00  THRGAPT = -1.00D+00  THRORB  =  1.00D-06  THRMLTP =  0.00D+00
 THRCPQCI=  1.00D-10  KEXTA   =  0.00D+00  THRCOARS=  0.00D+00  SYMTOL  =  1.00D-06  GRADTOL =  1.00D-06  THROVL  =  1.00D-08
 THRORTH =  1.00D-08  GRID    =  1.00D-08  GRIDMAX =  1.00D-03  DTMAX   =  0.00D+00  THROCCDE=  1.00D-01  THROCCDE=  1.00D-01
 THRPRINT=  2.50D-01


 Variable memory set to  500000000 words,  buffer space 

 SETTING GEOMTYP        =    XYZ
 ZSYMEL=NOSYM

 SETTING BASIS          =    AVTZ


 Recomputing integrals since basis changed


 Using spherical harmonics

 Library entry N      S aug-cc-pVTZ          selected for orbital group  1
 Library entry N      P aug-cc-pVTZ          selected for orbital group  1
 Library entry N      D aug-cc-pVTZ          selected for orbital group  1
 Library entry N      F aug-cc-pVTZ          selected for orbital group  1
 Library entry H      S aug-cc-pVTZ          selected for orbital group  2
 Library entry H      P aug-cc-pVTZ          selected for orbital group  2
 Library entry H      D aug-cc-pVTZ          selected for orbital group  2
 Library entry C      S aug-cc-pVTZ          selected for orbital group  3
 Library entry C      P aug-cc-pVTZ          selected for orbital group  3
 Library entry C      D aug-cc-pVTZ          selected for orbital group  3
 Library entry C      F aug-cc-pVTZ          selected for orbital group  3
 Library entry O      S aug-cc-pVTZ          selected for orbital group  5
 Library entry O      P aug-cc-pVTZ          selected for orbital group  5
 Library entry O      D aug-cc-pVTZ          selected for orbital group  5
 Library entry O      F aug-cc-pVTZ          selected for orbital group  5


 PROGRAM * SEWARD (Integral evaluation for generally contracted gaussian basis sets)     Author: Roland Lindh, 1990

 Geometry written to block  1 of record 700


 Point group  C1  



 ATOMIC COORDINATES

 NR  ATOM    CHARGE       X              Y              Z

   1  N1      7.00   -1.688378104   -0.082853761   -0.081253414
   2  H1      1.00    0.183205662   -0.483882228   -0.134302700
   3  H2      1.00   -2.585974533   -1.763852700    0.063944035
   4  C1      6.00   -2.221906860    1.432237971    2.164184641
   5  H3      1.00   -4.236060355    1.837221993    2.258269287
   6  H4      1.00   -1.664451027    0.574943009    3.963150817
   7  H5      1.00   -1.252899234    3.239613048    2.004638790
   8  O1      8.00   12.514112961    0.691890912    0.423164984
   9  H6      1.00   13.047065086    1.390992758   -1.163948109
  10  C2      6.00   13.243384441    2.414535505    2.349620132
  11  H7      1.00   12.632656991    1.602647419    4.131757617
  12  H8      1.00   15.286282767    2.677365170    2.423394977
  13  H9      1.00   12.339198562    4.254368788    2.131968024

 Bond lengths in Bohr (Angstrom)

 1-2  1.914801256  1-3  1.911156477  1-4  2.760823780  4-5  2.056618166  4-6  2.069297215
     ( 1.013269188)     ( 1.011340454)     ( 1.460965028)     ( 1.088315465)     ( 1.095024929)

  4- 7  2.056948061   8- 9  1.814306845   8-10  2.685250588  10-11  2.051381071  10-12  2.061056944
       ( 1.088490038)       ( 0.960089836)       ( 1.420973417)       ( 1.085544114)       ( 1.090664365)

 10-13  2.061531240
       ( 1.090915352)

 Bond angles

  1-4-5  109.54406630   1-4-6  115.31871981   1-4-7  109.15197351   2-1-3  106.07836560

  2-1-4  109.04774565   3-1-4  109.27730370   5-4-6  107.79679290   5-4-7  106.97091569

  6- 4- 7  107.73101270   8-10-11  106.76853257   8-10-12  112.12813207   8-10-13  112.18950395

  9- 8-10  107.49423238  11-10-12  108.32856605  11-10-13  108.32203168  12-10-13  108.94776656

 NUCLEAR CHARGE:                   36
 NUMBER OF PRIMITIVE AOS:         511
 NUMBER OF SYMMETRY AOS:          457
 NUMBER OF CONTRACTIONS:          391   (  391A   )
 NUMBER OF CORE ORBITALS:           4   (    4A   )
 NUMBER OF VALENCE ORBITALS:       25   (   25A   )


 NUCLEAR REPULSION ENERGY  104.02768890


 Eigenvalues of metric

         1 0.388E-04 0.597E-04 0.616E-04 0.637E-04 0.725E-04 0.871E-04 0.135E-03 0.151E-03


 OPERATOR DM      FOR CENTER  0  COORDINATES:    0.000000    0.000000    0.000000


 **********************************************************************************************************************************
 DATASETS  * FILE   NREC   LENGTH (MB)   RECORD NAMES
              1      18       35.79       500      610      700      900      950      970     1000      129      960     1100   
                                          VAR    BASINP    GEOM    SYMINP    ZMAT    AOBASIS   BASIS     P2S    ABASIS      S 
                                         1400     1410     1200     1210     1080     1600     1650     1700   
                                           T        V       H0       H01     AOSYM     SMH    MOLCAS    OPER   

 PROGRAMS   *        TOTAL       INT
 CPU TIMES  *         0.71      0.54
 REAL TIME  *         2.40 SEC
 DISK USED  *        36.37 MB (local),      145.50 MB (total)
 GA USED    *         0.00 MB       (max)       0.00 MB       (current)
 **********************************************************************************************************************************


 PROGRAM * RHF-SCF (CLOSED SHELL)       Authors: W. Meyer, H.-J. Werner


 NUMBER OF ELECTRONS:      18+   18-    SPACE SYMMETRY=1    SPIN SYMMETRY: Singlet 
 CONVERGENCE THRESHOLDS:    1.00E-04 (Density)    1.00E-09 (Energy)
 INTEGRAL THRESHOLDS:       1.00E-11 (Initial)    1.00E-11 (Final)
 MAX. NUMBER OF ITERATIONS:       60
 INTERPOLATION TYPE:            DIIS
 INTERPOLATION STEPS:              2 (START)      1 (STEP)
 LEVEL SHIFTS:                  0.00 (CLOSED)  0.00 (OPEN) 



 Orbital guess generated from atomic densities. Full valence occupancy:   29

 Molecular orbital dump at record        2101.2

 Initial occupancy:  18

 Direct Fock-matrix evaluation.        Authors: Roland Lindh & Martin Schuetz (1993/96)

 Integral Threshold:                  0.1D-10
 Threshold for writing integrals:     0.1D-06
 Prescreening on density matrix:        ON 
 Calculation will be performed fully direct        

 ITERATION   DDIFF            GRAD            ENERGY        2-EL.EN.            DIPOLE MOMENTS         DIIS   CPU(IT)  CPU(TOT)
    1      0.000D+00      0.000D+00      -210.28189642    357.331878    0.75592    0.38708    0.33257    0     18.3     21.5     start
    2      0.000D+00      0.303D-02      -210.33553260    352.656810    0.43727    0.24107    0.26819    1     16.6     38.1     diag
    3      0.337D-02      0.152D-02      -210.34647137    354.885117    0.52652    0.33465    0.35510    2     15.9     54.0     diag
    4      0.100D-02      0.366D-03      -210.34757064    354.547308    0.52096    0.32024    0.36194    3     15.4     69.4     diag
    5      0.312D-03      0.763D-04      -210.34763714    354.538433    0.51957    0.32745    0.36869    4     14.7     84.2     diag
    6      0.711D-04      0.223D-04      -210.34764188    354.549914    0.51973    0.32663    0.37160    5     13.9     98.1     diag
    7      0.210D-04      0.716D-05      -210.34764240    354.545439    0.51993    0.32711    0.37195    6     13.2    111.4     diag
    8      0.708D-05      0.153D-05      -210.34764244    354.545332    0.51990    0.32717    0.37232    7     12.5    123.9     diag
    9      0.217D-05      0.518D-06      -210.34764245    354.545579    0.51990    0.32717    0.37233    0     11.5    135.4     orth

 Final occupancy:  18

 !RHF STATE  1.1 Energy              -210.347642445309
 Nuclear energy                       104.02768890
 One-electron energy                 -491.64812092
 Two-electron energy                  177.27278957
 Virial quotient                       -1.00139547
 !RHF STATE  1.1 Dipole moment          0.51990131     0.32717016     0.37232904
 Dipole moment /Debye                   1.32137078     0.83152913     0.94630403

 Orbital energies:

         1.1          2.1          3.1          4.1          5.1          6.1          7.1          8.1          9.1         10.1
    -20.560733   -15.538268   -11.271614   -11.238406    -1.359225    -1.169889    -0.927548    -0.893858    -0.692638    -0.660771

        11.1         12.1         13.1         14.1         15.1         16.1         17.1         18.1         19.1         20.1
     -0.622046    -0.602367    -0.594387    -0.553740    -0.514197    -0.506374    -0.453411    -0.391797     0.025569     0.033215


 HOMO     18.1    -0.391797 =     -10.6613eV
 LUMO     19.1     0.025569 =       0.6958eV
 LUMO-HOMO         0.417366 =      11.3571eV


 **********************************************************************************************************************************
 DATASETS  * FILE   NREC   LENGTH (MB)   RECORD NAMES
              1      18       35.79       500      610      700      900      950      970     1000      129      960     1100   
                                          VAR    BASINP    GEOM    SYMINP    ZMAT    AOBASIS   BASIS     P2S    ABASIS      S 
                                         1400     1410     1200     1210     1080     1600     1650     1700   
                                           T        V       H0       H01     AOSYM     SMH    MOLCAS    OPER   

              2       4        6.08       700     1000      520     2101   
                                         GEOM     BASIS   MCVARS     RHF  

 PROGRAMS   *        TOTAL   RHF-SCF       INT
 CPU TIMES  *       136.22    135.51      0.54
 REAL TIME  *       140.06 SEC
 DISK USED  *        51.77 MB (local),      207.10 MB (total)
 SF USED    *         1.84 MB
 GA USED    *         0.00 MB       (max)       0.00 MB       (current)
 **********************************************************************************************************************************
 SETTING EAB_HF         =      -210.34764245  AU                              

 Dummy atoms: O1  H6  C2  H7  H8  H9


 Recomputing one-electron integrals since nuclear charges changed


 PROGRAM * SEWARD (Integral evaluation for generally contracted gaussian basis sets)     Author: Roland Lindh, 1990

 Geometry written to block  1 of record 700


 Point group  C1  



 ATOMIC COORDINATES

 NR  ATOM    CHARGE       X              Y              Z

   1  N1      7.00   -1.688378104   -0.082853761   -0.081253414
   2  H1      1.00    0.183205662   -0.483882228   -0.134302700
   3  H2      1.00   -2.585974533   -1.763852700    0.063944035
   4  C1      6.00   -2.221906860    1.432237971    2.164184641
   5  H3      1.00   -4.236060355    1.837221993    2.258269287
   6  H4      1.00   -1.664451027    0.574943009    3.963150817
   7  H5      1.00   -1.252899234    3.239613048    2.004638790
   8  O1      0.00   12.514112961    0.691890912    0.423164984
   9  H6      0.00   13.047065086    1.390992758   -1.163948109
  10  C2      0.00   13.243384441    2.414535505    2.349620132
  11  H7      0.00   12.632656991    1.602647419    4.131757617
  12  H8      0.00   15.286282767    2.677365170    2.423394977
  13  H9      0.00   12.339198562    4.254368788    2.131968024

 Bond lengths in Bohr (Angstrom)

 1-2  1.914801256  1-3  1.911156477  1-4  2.760823780  4-5  2.056618166  4-6  2.069297215
     ( 1.013269188)     ( 1.011340454)     ( 1.460965028)     ( 1.088315465)     ( 1.095024929)

  4- 7  2.056948061   8- 9  1.814306845   8-10  2.685250588  10-11  2.051381071  10-12  2.061056944
       ( 1.088490038)       ( 0.960089836)       ( 1.420973417)       ( 1.085544114)       ( 1.090664365)

 10-13  2.061531240
       ( 1.090915352)

 Bond angles

  1-4-5  109.54406630   1-4-6  115.31871981   1-4-7  109.15197351   2-1-3  106.07836560

  2-1-4  109.04774565   3-1-4  109.27730370   5-4-6  107.79679290   5-4-7  106.97091569

  6- 4- 7  107.73101270   8-10-11  106.76853257   8-10-12  112.12813207   8-10-13  112.18950395

  9- 8-10  107.49423238  11-10-12  108.32856605  11-10-13  108.32203168  12-10-13  108.94776656

 NUCLEAR CHARGE:                   18
 NUMBER OF PRIMITIVE AOS:         511
 NUMBER OF SYMMETRY AOS:          457
 NUMBER OF CONTRACTIONS:          391   (  391A   )
 NUMBER OF CORE ORBITALS:           2   (    2A   )
 NUMBER OF VALENCE ORBITALS:       13   (   13A   )

 MOLECULE CHANGED: INITIALIZING OCCUPATION AND DUMP RECORDS


 NUCLEAR REPULSION ENERGY   42.10593244


 Eigenvalues of metric

         1 0.388E-04 0.597E-04 0.616E-04 0.637E-04 0.725E-04 0.871E-04 0.135E-03 0.151E-03


 OPERATOR DM      FOR CENTER  0  COORDINATES:    0.000000    0.000000    0.000000


 **********************************************************************************************************************************
 DATASETS  * FILE   NREC   LENGTH (MB)   RECORD NAMES
              1      18       35.79       500      610      700      900      950      970     1000      129      960     1100   
                                          VAR    BASINP    GEOM    SYMINP    ZMAT    AOBASIS   BASIS     P2S    ABASIS      S 
                                         1400     1410     1200     1210     1080     1600     1650     1700   
                                           T        V       H0       H01     AOSYM     SMH    MOLCAS    OPER   

              2       4        6.08       700     1000      520     2101   
                                         GEOM     BASIS   MCVARS     RHF  

 PROGRAMS   *        TOTAL       INT   RHF-SCF       INT
 CPU TIMES  *       136.42      0.19    135.51      0.54
 REAL TIME  *       140.41 SEC
 DISK USED  *        51.77 MB (local),      207.10 MB (total)
 SF USED    *         1.84 MB
 GA USED    *         0.00 MB       (max)       0.00 MB       (current)
 **********************************************************************************************************************************


 PROGRAM * RHF-SCF (CLOSED SHELL)       Authors: W. Meyer, H.-J. Werner


 NUMBER OF ELECTRONS:       9+    9-    SPACE SYMMETRY=1    SPIN SYMMETRY: Singlet 
 CONVERGENCE THRESHOLDS:    1.00E-04 (Density)    1.00E-09 (Energy)
 INTEGRAL THRESHOLDS:       1.00E-11 (Initial)    1.00E-11 (Final)
 MAX. NUMBER OF ITERATIONS:       60
 INTERPOLATION TYPE:            DIIS
 INTERPOLATION STEPS:              2 (START)      1 (STEP)
 LEVEL SHIFTS:                  0.00 (CLOSED)  0.00 (OPEN) 



 Orbital guess generated from atomic densities. Full valence occupancy:   15

 Molecular orbital dump at record        2201.2

 Initial occupancy:   9

 Direct Fock-matrix evaluation.        Authors: Roland Lindh & Martin Schuetz (1993/96)

 Integral Threshold:                  0.1D-10
 Threshold for writing integrals:     0.1D-06
 Prescreening on density matrix:        ON 
 Calculation will be performed fully direct        

 ITERATION   DDIFF            GRAD            ENERGY        2-EL.EN.            DIPOLE MOMENTS         DIIS   CPU(IT)  CPU(TOT)
    1      0.000D+00      0.000D+00       -95.22537501    149.715122    0.26684   -0.48408    0.56132    0     17.0     20.4     start
    2      0.000D+00      0.267D-02       -95.25106621    147.581551    0.14646   -0.25953    0.36332    1     15.2     35.6     diag
    3      0.226D-02      0.112D-02       -95.25483855    148.599988    0.17194   -0.29927    0.45518    2     14.5     50.1     diag
    4      0.620D-03      0.331D-03       -95.25536007    148.388150    0.17003   -0.29592    0.45262    3     14.0     64.1     diag
    5      0.223D-03      0.644D-04       -95.25538642    148.394604    0.16849   -0.29210    0.45628    4     13.1     77.1     diag
    6      0.423D-04      0.154D-04       -95.25538812    148.397955    0.16873   -0.29248    0.45728    5     12.2     89.4     diag
    7      0.130D-04      0.431D-05       -95.25538824    148.396001    0.16874   -0.29242    0.45777    6     11.2    100.6     diag
    8      0.348D-05      0.115D-05       -95.25538826    148.396287    0.16873   -0.29237    0.45788    7     10.6    111.2     diag
    9      0.144D-05      0.296D-06       -95.25538826    148.396222    0.16873   -0.29237    0.45790    0      9.1    120.3     orth

 Final occupancy:   9

 !RHF STATE  1.1 Energy               -95.255388259093
 Nuclear energy                        42.10593244
 One-electron energy                 -211.55943155
 Two-electron energy                   74.19811084
 Virial quotient                       -1.00135144
 !RHF STATE  1.1 Dipole moment          0.16872698    -0.29236941     0.45790285
 Dipole moment /Debye                   0.42883313    -0.74308024     1.16379672

 Orbital energies:

         1.1          2.1          3.1          4.1          5.1          6.1          7.1          8.1          9.1         10.1
    -15.540492   -11.240252    -1.172055    -0.895786    -0.662928    -0.604371    -0.555712    -0.516107    -0.393901     0.019323

        11.1
      0.031470


 HOMO      9.1    -0.393901 =     -10.7186eV
 LUMO     10.1     0.019323 =       0.5258eV
 LUMO-HOMO         0.413224 =      11.2444eV


 **********************************************************************************************************************************
 DATASETS  * FILE   NREC   LENGTH (MB)   RECORD NAMES
              1      18       35.79       500      610      700      900      950      970     1000      129      960     1100   
                                          VAR    BASINP    GEOM    SYMINP    ZMAT    AOBASIS   BASIS     P2S    ABASIS      S 
                                         1400     1410     1200     1210     1080     1600     1650     1700   
                                           T        V       H0       H01     AOSYM     SMH    MOLCAS    OPER   

              2       5       14.70       700     1000      520     2101     2201   
                                         GEOM     BASIS   MCVARS     RHF      RHF  

 PROGRAMS   *        TOTAL   RHF-SCF       INT   RHF-SCF       INT
 CPU TIMES  *       256.82    120.40      0.19    135.51      0.54
 REAL TIME  *       261.42 SEC
 DISK USED  *        60.40 MB (local),      241.61 MB (total)
 SF USED    *         1.84 MB
 GA USED    *         0.00 MB       (max)       0.00 MB       (current)
 **********************************************************************************************************************************
 SETTING EA_HF          =       -95.25538826  AU                              

 Dummy atoms: N1  H1  H2  C1  H3  H4  H5


 Recomputing one-electron integrals since nuclear charges changed


 PROGRAM * SEWARD (Integral evaluation for generally contracted gaussian basis sets)     Author: Roland Lindh, 1990

 Geometry written to block  1 of record 700


 Point group  C1  



 ATOMIC COORDINATES

 NR  ATOM    CHARGE       X              Y              Z

   1  N1      0.00   -1.688378104   -0.082853761   -0.081253414
   2  H1      0.00    0.183205662   -0.483882228   -0.134302700
   3  H2      0.00   -2.585974533   -1.763852700    0.063944035
   4  C1      0.00   -2.221906860    1.432237971    2.164184641
   5  H3      0.00   -4.236060355    1.837221993    2.258269287
   6  H4      0.00   -1.664451027    0.574943009    3.963150817
   7  H5      0.00   -1.252899234    3.239613048    2.004638790
   8  O1      8.00   12.514112961    0.691890912    0.423164984
   9  H6      1.00   13.047065086    1.390992758   -1.163948109
  10  C2      6.00   13.243384441    2.414535505    2.349620132
  11  H7      1.00   12.632656991    1.602647419    4.131757617
  12  H8      1.00   15.286282767    2.677365170    2.423394977
  13  H9      1.00   12.339198562    4.254368788    2.131968024

 Bond lengths in Bohr (Angstrom)

 1-2  1.914801256  1-3  1.911156477  1-4  2.760823780  4-5  2.056618166  4-6  2.069297215
     ( 1.013269188)     ( 1.011340454)     ( 1.460965028)     ( 1.088315465)     ( 1.095024929)

  4- 7  2.056948061   8- 9  1.814306845   8-10  2.685250588  10-11  2.051381071  10-12  2.061056944
       ( 1.088490038)       ( 0.960089836)       ( 1.420973417)       ( 1.085544114)       ( 1.090664365)

 10-13  2.061531240
       ( 1.090915352)

 Bond angles

  1-4-5  109.54406630   1-4-6  115.31871981   1-4-7  109.15197351   2-1-3  106.07836560

  2-1-4  109.04774565   3-1-4  109.27730370   5-4-6  107.79679290   5-4-7  106.97091569

  6- 4- 7  107.73101270   8-10-11  106.76853257   8-10-12  112.12813207   8-10-13  112.18950395

  9- 8-10  107.49423238  11-10-12  108.32856605  11-10-13  108.32203168  12-10-13  108.94776656

 NUCLEAR CHARGE:                   18
 NUMBER OF PRIMITIVE AOS:         511
 NUMBER OF SYMMETRY AOS:          457
 NUMBER OF CONTRACTIONS:          391   (  391A   )
 NUMBER OF CORE ORBITALS:           2   (    2A   )
 NUMBER OF VALENCE ORBITALS:       12   (   12A   )

 MOLECULE CHANGED: INITIALIZING OCCUPATION AND DUMP RECORDS


 NUCLEAR REPULSION ENERGY   40.34710778


 Eigenvalues of metric

         1 0.388E-04 0.597E-04 0.616E-04 0.637E-04 0.725E-04 0.871E-04 0.135E-03 0.151E-03


 OPERATOR DM      FOR CENTER  0  COORDINATES:    0.000000    0.000000    0.000000


 **********************************************************************************************************************************
 DATASETS  * FILE   NREC   LENGTH (MB)   RECORD NAMES
              1      18       35.79       500      610      700      900      950      970     1000      129      960     1100   
                                          VAR    BASINP    GEOM    SYMINP    ZMAT    AOBASIS   BASIS     P2S    ABASIS      S 
                                         1400     1410     1200     1210     1080     1600     1650     1700   
                                           T        V       H0       H01     AOSYM     SMH    MOLCAS    OPER   

              2       5       14.70       700     1000      520     2101     2201   
                                         GEOM     BASIS   MCVARS     RHF      RHF  

 PROGRAMS   *        TOTAL       INT   RHF-SCF       INT   RHF-SCF       INT
 CPU TIMES  *       257.03      0.19    120.40      0.19    135.51      0.54
 REAL TIME  *       261.76 SEC
 DISK USED  *        60.40 MB (local),      241.61 MB (total)
 SF USED    *         1.84 MB
 GA USED    *         0.00 MB       (max)       0.00 MB       (current)
 **********************************************************************************************************************************


 PROGRAM * RHF-SCF (CLOSED SHELL)       Authors: W. Meyer, H.-J. Werner


 NUMBER OF ELECTRONS:       9+    9-    SPACE SYMMETRY=1    SPIN SYMMETRY: Singlet 
 CONVERGENCE THRESHOLDS:    1.00E-04 (Density)    1.00E-09 (Energy)
 INTEGRAL THRESHOLDS:       1.00E-11 (Initial)    1.00E-11 (Final)
 MAX. NUMBER OF ITERATIONS:       60
 INTERPOLATION TYPE:            DIIS
 INTERPOLATION STEPS:              2 (START)      1 (STEP)
 LEVEL SHIFTS:                  0.00 (CLOSED)  0.00 (OPEN) 



 Orbital guess generated from atomic densities. Full valence occupancy:   14

 Molecular orbital dump at record        2301.2

 Initial occupancy:   9

 Direct Fock-matrix evaluation.        Authors: Roland Lindh & Martin Schuetz (1993/96)

 Integral Threshold:                  0.1D-10
 Threshold for writing integrals:     0.1D-06
 Prescreening on density matrix:        ON 
 Calculation will be performed fully direct        

 ITERATION   DDIFF            GRAD            ENERGY        2-EL.EN.            DIPOLE MOMENTS         DIIS   CPU(IT)  CPU(TOT)
    1      0.000D+00      0.000D+00      -115.05618487    164.421215    0.48907    0.87117   -0.22876    0     16.8     20.1     start
    2      0.000D+00      0.330D-02      -115.08424339    161.898034    0.27854    0.50272   -0.09353    1     14.9     35.0     diag
    3      0.251D-02      0.181D-02      -115.09152344    163.132048    0.34430    0.62624   -0.09031    2     14.4     49.4     diag
    4      0.787D-03      0.357D-03      -115.09205198    162.958032    0.34135    0.62073   -0.09032    3     13.6     63.0     diag
    5      0.210D-03      0.705D-04      -115.09208463    162.969325    0.34093    0.62112   -0.08398    4     13.0     76.0     diag
    6      0.476D-04      0.132D-04      -115.09208613    162.967221    0.34124    0.62179   -0.08351    5     11.8     87.8     diag
    7      0.125D-04      0.275D-05      -115.09208620    162.966905    0.34124    0.62184   -0.08319    6     10.3     98.1     diag
    8      0.282D-05      0.708D-06      -115.09208620    162.967201    0.34124    0.62185   -0.08317    0      8.9    107.1     orth

 Final occupancy:   9

 !RHF STATE  1.1 Energy              -115.092086198942
 Nuclear energy                        40.34710778
 One-electron energy                 -236.92279455
 Two-electron energy                   81.48360057
 Virial quotient                       -1.00142765
 !RHF STATE  1.1 Dipole moment          0.34124281     0.62184792    -0.08317390
 Dipole moment /Debye                   0.86729590     1.58047623    -0.21139313

 Orbital energies:

         1.1          2.1          3.1          4.1          5.1          6.1          7.1          8.1          9.1         10.1
    -20.559592   -11.270519    -1.358077    -0.926443    -0.691507    -0.620940    -0.593222    -0.505216    -0.452281     0.022213

        11.1
      0.029964


 HOMO      9.1    -0.452281 =     -12.3072eV
 LUMO     10.1     0.022213 =       0.6044eV
 LUMO-HOMO         0.474494 =      12.9116eV


 **********************************************************************************************************************************
 DATASETS  * FILE   NREC   LENGTH (MB)   RECORD NAMES
              1      18       35.79       500      610      700      900      950      970     1000      129      960     1100   
                                          VAR    BASINP    GEOM    SYMINP    ZMAT    AOBASIS   BASIS     P2S    ABASIS      S 
                                         1400     1410     1200     1210     1080     1600     1650     1700   
                                           T        V       H0       H01     AOSYM     SMH    MOLCAS    OPER   

              2       6       23.33       700     1000      520     2101     2201     2301   
                                         GEOM     BASIS   MCVARS     RHF      RHF      RHF  

 PROGRAMS   *        TOTAL   RHF-SCF       INT   RHF-SCF       INT   RHF-SCF       INT
 CPU TIMES  *       364.19    107.16      0.19    120.40      0.19    135.51      0.54
 REAL TIME  *       369.35 SEC
 DISK USED  *        68.42 MB (local),      273.67 MB (total)
 SF USED    *         1.84 MB
 GA USED    *         0.00 MB       (max)       0.00 MB       (current)
 **********************************************************************************************************************************
 SETTING EB_HF          =      -115.09208620  AU                              
 SETTING E_AB_INT       =        -0.00016799  AU                              

 *** results in hartree
 E_AB_INT         =        -0.00016799 AU
 Molecular orbitals read from record     2301.2  Type=RHF/CANONICAL (state 1.1)
 Occupation numbers read from record     2301.2  Type=RHF/RHF (state 1.1)
 Orbital energies read from record       2301.2  Type=RHF/CANONICAL (state 1.1)
 Redundancy group numbers read from rec  2301.2  Type=RHF/RHF (state 1.1)

 RHF/aug-cc-pVTZ energy=   -115.092086198942

         RHF-SCF         RHF-SCF         RHF-SCF
   -115.09208620    -95.25538826   -210.34764245
 **********************************************************************************************************************************
 Molpro calculation terminated
