
 Primary working directories    : /scratch/sirous/120210/molpro.FaZFxWDQDW
 Secondary working directories  : /scratch/sirous/120210/molpro.FaZFxWDQDW
 Wavefunction directory         : /scratch/sirous/120210/
 Main file repository           : /scratch/sirous/120210/molpro.FaZFxWDQDW/

 id        : karlovklimes

 Nodes                      nprocs
 nc-04.cc.karlov.mff.cuni.cz    4

 Using customized tuning parameters: mindgm=1; mindgv=20; mindgc=4; mindgr=1; noblas=0; minvec=7
 default implementation of scratch files=sf  


 Variables initialized (934), CPU time= 0.01 sec
 ***,CH3C6H4CN+CF3CN+BF3
 memory,500,m
 gdirect
 gthresh,energy=1.d-8,twoint=1.d-19,oneint=1.d-19,zero=1.d-15,orbital=1.d-8,grid=1.d-8
 symmetry,nosym
 geomtyp=xyz
                                                                                 ! Geometry
 geometry={
 C1        0.835517177    1.115166934     0.021401313
 H1        1.484323978    1.980608580     0.019534297
 C2        1.383274965    -0.166147213     0.023765306
 H2        2.457149016    -0.295204681     0.022771076
 C3        0.547554655    -1.281316320     0.021685625
 H3        0.972936101    -2.275804531     0.019778528
 C4        -0.835523128    -1.115161590     0.021399074
 H4        -1.484334187    -1.980606395     0.019530093
 C5        -1.383283584    0.166154134     0.023757746
 H5        -2.457156177    0.295209058     0.022757066
 C6        -0.547565766    1.281323471     0.021680249
 H6        -0.972942841    2.275805478     0.019768726
 C7        0.655780464    -0.116790432     3.458587260
 H7        1.047241240    -1.123909260     3.454118994
 H8        1.370854248    0.693273542     3.454085672
 C8        -0.655776055    0.116792199     3.458596151
 H9        -1.370848002    -0.693272319     3.454100063
 H10        -1.047239164    1.123911097     3.454137953
 }
 
 
 
 basis=avtz
 
 
 
                                                                                 ! Dimer Calculation
 {rks,pbe,accu=1.d-8;orbital,2101.2}
 eab_PBE=energy
 
 
                                                                                 !monomer A
 dummy,13,14,15,16,17,18;                                                        ! NOW MONOMER B IS DUMMY
 {rks,pbe,accu=1.d-8;orbital,2201.2}
 ea_PBE=energy
                                                                                 !monomer B
 dummy,1,2,3,4,5,6,7,8,9,10,11,12;                                               !NOW MONOMER A IS DUMMY
 {rks,pbe,accu=1.d-8;orbital,2301.2}
 eb_PBE=energy
 
 E_AB_int=eab_PBE-ea_PBE-eb_PBE
 
 
 text,results in hartree
 show,E_AB_int
 
 Commands  initialized (763), CPU time= 0.02 sec, 617 directives.
 Default parameters read. Elapsed time= 0.20 sec

 Checking input...
 Passed
1


                                         ***  PROGRAM SYSTEM MOLPRO  ***
                                       Copyright, TTI GmbH Stuttgart, 2015
                                    Version 2019.2 linked Jun  8 2019 11:26:33


 **********************************************************************************************************************************
 LABEL *   CH3C6H4CN+CF3CN+BF3                                                           
  64 bit mpp version                                                                     DATE: 20-Nov-19          TIME: 13:32:43  
 **********************************************************************************************************************************

 SHA1:             8135a10abc80eafa5b3ae28ffc55be4890dc4c84
 **********************************************************************************************************************************

 THRESHOLDS:

 ZERO    =  1.00D-15  ONEINT  =  1.00D-19  TWOINT  =  1.00D-19  PREFAC  =  1.00D-14  XXXXXX  =  1.00D-09  EORDER  =  1.00D-04
 ENERGY  =  1.00D-08  ETEST   =  0.00D+00  EDENS   =  0.00D+00  THRDEDEF=  1.00D-06  GRADIENT=  1.00D-02  STEP    =  1.00D-03
 ORBITAL =  1.00D-08  CIVEC   =  1.00D-05  COEFF   =  1.00D-04  PRINTCI =  5.00D-02  PUNCHCI =  9.90D+01  OPTGRAD =  3.00D-04
 OPTENERG=  1.00D-06  OPTSTEP =  3.00D-04  THRGRAD =  1.00D-10  COMPRESS=  1.00D-11  VARMIN  =  1.00D-07  VARMAX  =  1.00D-03
 THRDOUB =  0.00D+00  THRDIV  =  1.00D-05  THRRED  =  1.00D-07  THRPSP  =  1.00D+00  THRDC   =  1.00D-10  THRCS   =  1.00D-10
 THRNRM  =  1.00D-08  THREQ   =  0.00D+00  THRDE   =  1.00D+00  THRREF  =  1.00D-05  SPARFAC =  1.00D+00  THRDLP  =  1.00D-07
 THRDIA  =  1.00D-10  THRDLS  =  1.00D-07  THRGPS  =  0.00D+00  THRKEX  =  0.00D+00  THRDIS  =  2.00D-01  THRVAR  =  1.00D-10
 THRLOC  =  1.00D-06  THRGAP  =  1.00D-06  THRLOCT = -1.00D+00  THRGAPT = -1.00D+00  THRORB  =  1.00D-06  THRMLTP =  0.00D+00
 THRCPQCI=  1.00D-10  KEXTA   =  0.00D+00  THRCOARS=  0.00D+00  SYMTOL  =  1.00D-06  GRADTOL =  1.00D-06  THROVL  =  1.00D-08
 THRORTH =  1.00D-08  GRID    =  1.00D-08  GRIDMAX =  1.00D-03  DTMAX   =  0.00D+00  THROCCDE=  1.00D-01  THROCCDE=  1.00D-01
 THRPRINT=  2.50D-01


 Variable memory set to  500000000 words,  buffer space 

 SETTING GEOMTYP        =    XYZ
 ZSYMEL=NOSYM

 SETTING BASIS          =    AVTZ


 Recomputing integrals since basis changed


 Using spherical harmonics

 Library entry C      S aug-cc-pVTZ          selected for orbital group  1
 Library entry C      P aug-cc-pVTZ          selected for orbital group  1
 Library entry C      D aug-cc-pVTZ          selected for orbital group  1
 Library entry C      F aug-cc-pVTZ          selected for orbital group  1
 Library entry H      S aug-cc-pVTZ          selected for orbital group  2
 Library entry H      P aug-cc-pVTZ          selected for orbital group  2
 Library entry H      D aug-cc-pVTZ          selected for orbital group  2


 PROGRAM * SEWARD (Integral evaluation for generally contracted gaussian basis sets)     Author: Roland Lindh, 1990

 Geometry written to block  1 of record 700


 Point group  C1  



 ATOMIC COORDINATES

 NR  ATOM    CHARGE       X              Y              Z

   1  C1      6.00    1.578898637    2.107360088    0.040442620
   2  H1      1.00    2.804965799    3.742807776    0.036914471
   3  C2      6.00    2.614010839   -0.313972729    0.044909920
   4  H2      1.00    4.643338687   -0.557855998    0.043031097
   5  C3      6.00    1.034728336   -2.421336924    0.040979892
   6  H3      1.00    1.838582768   -4.300647277    0.037376001
   7  C4      6.00   -1.578909883   -2.107349990    0.040438389
   8  H4      1.00   -2.804985091   -3.742803647    0.036906527
   9  C5      6.00   -2.614027126    0.313985808    0.044895633
  10  H5      1.00   -4.643352220    0.557864269    0.043004622
  11  C6      6.00   -1.034749333    2.421350437    0.040969733
  12  H6      1.00   -1.838595504    4.300649066    0.037357478
  13  C7      6.00    1.239245475   -0.220701930    6.535782699
  14  H7      1.00    1.978999130   -2.123880690    6.527338900
  15  H8      1.00    2.590539085    1.310097124    6.527275931
  16  C8      6.00   -1.239237143    0.220705270    6.535799501
  17  H9      1.00   -2.590527282   -1.310094813    6.527303126
  18  H10     1.00   -1.978995207    2.123884162    6.527374728

 Bond lengths in Bohr (Angstrom)

  1- 2  2.044001534   1- 3  2.633311573   1-11  2.632441059   3- 4  2.043931040   3- 5  2.633463977
       ( 1.081639031)       ( 1.393488474)       ( 1.393027817)       ( 1.081601727)       ( 1.393569122)

  5- 6  2.044016227   5- 7  2.632430973   7- 8  2.044011144   7- 9  2.633316278   9-10  2.043927742
       ( 1.081646806)       ( 1.393022480)       ( 1.081644116)       ( 1.393490963)       ( 1.081599982)

  9-11  2.633461494  11-12  2.044002214  13-14  2.041909929  13-15  2.041913938  13-16  2.517482155
       ( 1.393567809)       ( 1.081639391)       ( 1.080532201)       ( 1.080534323)       ( 1.332194186)

 16-17  2.041912368  16-18  2.041911571
       ( 1.080533492)       ( 1.080533070)

 Bond angles

  1- 3- 4  119.99929390   1- 3- 5  120.00488814   1-11- 9  119.99780532   1-11-12  120.00852083

  2- 1- 3  119.99527266   2- 1-11  120.00784785   3- 1-11  119.99687852   3- 5- 6  119.99349497

  3-5-7  119.99794190   4-3-5  119.99525970   5-7-8  120.00797693   5-7-9  119.99690504

  6- 5- 7  120.00855561   7- 9-10  119.99924429   7- 9-11  120.00490126   8- 7- 9  119.99511706

  9-11-12  119.99366632  10- 9-11  119.99529603  13-16-17  121.33739641  13-16-18  121.33886413

 14-13-15  117.32153759  14-13-16  121.33875252  15-13-16  121.33749152  17-16-18  117.32152137

 NUCLEAR CHARGE:                   58
 NUMBER OF PRIMITIVE AOS:         806
 NUMBER OF SYMMETRY AOS:          714
 NUMBER OF CONTRACTIONS:          598   (  598A   )
 NUMBER OF CORE ORBITALS:           8   (    8A   )
 NUMBER OF VALENCE ORBITALS:       42   (   42A   )


 NUCLEAR REPULSION ENERGY  329.15591665


 Eigenvalues of metric

         1 0.242E-06 0.640E-06 0.104E-05 0.254E-05 0.311E-05 0.338E-05 0.391E-05 0.424E-05


 OPERATOR DM      FOR CENTER  0  COORDINATES:    0.000000    0.000000    0.000000


 **********************************************************************************************************************************
 DATASETS  * FILE   NREC   LENGTH (MB)   RECORD NAMES
              1      18       43.34       500      610      700      900      950      970     1000      129      960     1100   
                                          VAR    BASINP    GEOM    SYMINP    ZMAT    AOBASIS   BASIS     P2S    ABASIS      S 
                                         1400     1410     1200     1210     1080     1600     1650     1700   
                                           T        V       H0       H01     AOSYM     SMH    MOLCAS    OPER   

 PROGRAMS   *        TOTAL       INT
 CPU TIMES  *         1.23      1.04
 REAL TIME  *         2.90 SEC
 DISK USED  *        44.08 MB (local),      176.30 MB (total)
 GA USED    *         0.00 MB       (max)       0.00 MB       (current)
 **********************************************************************************************************************************

 Density functional group PBE=PBEX+PBEC
 Functional: PBEX(Automatically generated (new) PBEX)                          Gradient terms: 1
 Functional: PBEC(Automatically generated (new) PBEC)                          Gradient terms: 1
 Use libxcgrid:  F
 Use grid at  1800.2

 Functional: PBEX                      Factor:  1.0000
 Functional: PBEC                      Factor:  1.0000

 Generated new metagrid on record  1800.2 with target accuracy 1.0D-08 and 176564 points in CPU time    0.5
 Computed new grid on record 1800.1 in CPU time    0.8
  480640 words reserved for DFT integration

 PROGRAM * RKS-SCF (Restricted closed shell Kohn-Sham)     Authors: W. Meyer, H.-J. Werner, P.J. Knowles, 1993

 NUMBER OF ELECTRONS:      29+   29-    SPACE SYMMETRY=1    SPIN SYMMETRY: Singlet 
 CONVERGENCE THRESHOLDS:    1.00E-04 (Density)    1.00E-08 (Energy)
 INTEGRAL THRESHOLDS:       1.00E-13 (Initial)    1.00E-13 (Final)
 MAX. NUMBER OF ITERATIONS:       60
 INTERPOLATION TYPE:            DIIS
 INTERPOLATION STEPS:              2 (START)      1 (STEP)
 LEVEL SHIFTS:                  0.00 (CLOSED)  0.00 (OPEN) 



 Use fine grid record 1800.2 for energy threshold  1.0D-08
 Orbital guess generated from atomic densities. Full valence occupancy:   50

 Molecular orbital dump at record        2101.2

 Initial occupancy:  29

 Direct Fock-matrix evaluation.        Authors: Roland Lindh & Martin Schuetz (1993/96)

 Integral Threshold:                  0.1D-12
 Threshold for writing integrals:     0.1D-06
 Prescreening on density matrix:        ON 
 Calculation will be performed fully direct        

 ITERATION   DDIFF            GRAD            ENERGY        2-EL.EN.            DIPOLE MOMENTS         DIIS   CPU(IT)  CPU(TOT)
    1      0.000D+00      0.000D+00      -310.13182182    978.378153    0.00000   -0.00001   -0.03354    0    187.2    205.1     start
    2      0.000D+00      0.459D-02      -309.45727759    909.155647   -0.00000    0.00003   -0.44110    1    185.0    390.1     diag
    3      0.138D-01      0.761D-02      -310.50901662    954.551417   -0.00000    0.00001   -0.05225    2    183.9    574.0     diag
    4      0.748D-02      0.628D-03      -310.51439683    952.735969    0.00001   -0.00001   -0.06965    3    180.6    754.6     diag
    5      0.944D-03      0.275D-03      -310.51552831    952.861306   -0.00001    0.00002   -0.07616    4    179.0    933.6     diag
    6      0.375D-03      0.895D-04      -310.51566559    952.829519    0.00001   -0.00001   -0.07938    5    169.5   1103.1     diag
    7      0.104D-03      0.137D-04      -310.51566866    952.862122   -0.00002    0.00002   -0.07306    6    172.3   1275.4     diag
    8      0.184D-04      0.510D-05      -310.51566907    952.870217    0.00002   -0.00002   -0.07565    7    169.7   1445.1     diag
    9      0.582D-05      0.156D-05      -310.51566910    952.870237   -0.00002    0.00002   -0.07567    8    163.9   1609.0     diag
   10      0.221D-05      0.710D-06      -310.51566911    952.869632    0.00002   -0.00001   -0.07543    9    162.2   1771.1     orth
   11      0.774D-06      0.496D-07      -310.51566911    952.869441   -0.00005    0.00004   -0.07550    0    156.1   1927.2     orth

 Final occupancy:  29

 !RKS STATE  1.1 Energy              -310.515669110553
 Nuclear energy                       329.15591665
 One-electron energy                -1069.43736929
 Two-electron energy                  476.43472035
 Density functional                   -46.66893682     PBEX=-44.79835980 PBEC= -1.87057702
 Virial quotient                       -1.00575470
 !RKS STATE  1.1 Dipole moment         -0.00004921     0.00004358    -0.07550112
 Dipole moment /Debye                  -0.00012507     0.00011077    -0.19189213

 Orbital energies:

         1.1          2.1          3.1          4.1          5.1          6.1          7.1          8.1          9.1         10.1
     -9.890065    -9.889987    -9.889667    -9.889393    -9.889174    -9.889123    -9.876188    -9.875473    -0.779051    -0.682203

        11.1         12.1         13.1         14.1         15.1         16.1         17.1         18.1         19.1         20.1
     -0.676571    -0.676522    -0.543948    -0.543891    -0.515253    -0.473630    -0.414806    -0.410621    -0.399024    -0.374644

        21.1         22.1         23.1         24.1         25.1         26.1         27.1         28.1         29.1         30.1
     -0.374635    -0.364652    -0.333111    -0.305906    -0.300973    -0.300899    -0.235829    -0.231716    -0.231197    -0.043803

        31.1
     -0.043024


 HOMO     29.1    -0.231197 =      -6.2912eV
 LUMO     30.1    -0.043803 =      -1.1919eV
 LUMO-HOMO         0.187394 =       5.0993eV


 **********************************************************************************************************************************
 DATASETS  * FILE   NREC   LENGTH (MB)   RECORD NAMES
              1      19       43.34       500      610      700      900      950      970     1000      129      960     1100   
                                          VAR    BASINP    GEOM    SYMINP    ZMAT    AOBASIS   BASIS     P2S    ABASIS      S 
                                         1400     1410     1200     1210     1080     1600     1650     1700     1800   
                                           T        V       H0       H01     AOSYM     SMH    MOLCAS    OPER     GRID   

              2       5       10.32       700     1000      520     1800     2101   
                                         GEOM     BASIS   MCVARS    GRID      RKS  

 PROGRAMS   *        TOTAL   RKS-SCF       INT
 CPU TIMES  *      1929.72   1928.49      1.04
 REAL TIME  *      1946.36 SEC
 DISK USED  *        79.58 MB (local),      318.30 MB (total)
 SF USED    *         4.30 MB
 GA USED    *         5.72 MB       (max)       5.72 MB       (current)
 **********************************************************************************************************************************
 SETTING EAB_PBE        =      -310.51566911  AU                              

 Dummy atoms: C7  H7  H8  C8  H9  H10


 Recomputing one-electron integrals since nuclear charges changed


 PROGRAM * SEWARD (Integral evaluation for generally contracted gaussian basis sets)     Author: Roland Lindh, 1990

 Geometry written to block  1 of record 700


 Point group  C1  



 ATOMIC COORDINATES

 NR  ATOM    CHARGE       X              Y              Z

   1  C1      6.00    1.578898637    2.107360088    0.040442620
   2  H1      1.00    2.804965799    3.742807776    0.036914471
   3  C2      6.00    2.614010839   -0.313972729    0.044909920
   4  H2      1.00    4.643338687   -0.557855998    0.043031097
   5  C3      6.00    1.034728336   -2.421336924    0.040979892
   6  H3      1.00    1.838582768   -4.300647277    0.037376001
   7  C4      6.00   -1.578909883   -2.107349990    0.040438389
   8  H4      1.00   -2.804985091   -3.742803647    0.036906527
   9  C5      6.00   -2.614027126    0.313985808    0.044895633
  10  H5      1.00   -4.643352220    0.557864269    0.043004622
  11  C6      6.00   -1.034749333    2.421350437    0.040969733
  12  H6      1.00   -1.838595504    4.300649066    0.037357478
  13  C7      0.00    1.239245475   -0.220701930    6.535782699
  14  H7      0.00    1.978999130   -2.123880690    6.527338900
  15  H8      0.00    2.590539085    1.310097124    6.527275931
  16  C8      0.00   -1.239237143    0.220705270    6.535799501
  17  H9      0.00   -2.590527282   -1.310094813    6.527303126
  18  H10     0.00   -1.978995207    2.123884162    6.527374728

 Bond lengths in Bohr (Angstrom)

  1- 2  2.044001534   1- 3  2.633311573   1-11  2.632441059   3- 4  2.043931040   3- 5  2.633463977
       ( 1.081639031)       ( 1.393488474)       ( 1.393027817)       ( 1.081601727)       ( 1.393569122)

  5- 6  2.044016227   5- 7  2.632430973   7- 8  2.044011144   7- 9  2.633316278   9-10  2.043927742
       ( 1.081646806)       ( 1.393022480)       ( 1.081644116)       ( 1.393490963)       ( 1.081599982)

  9-11  2.633461494  11-12  2.044002214  13-14  2.041909929  13-15  2.041913938  13-16  2.517482155
       ( 1.393567809)       ( 1.081639391)       ( 1.080532201)       ( 1.080534323)       ( 1.332194186)

 16-17  2.041912368  16-18  2.041911571
       ( 1.080533492)       ( 1.080533070)

 Bond angles

  1- 3- 4  119.99929390   1- 3- 5  120.00488814   1-11- 9  119.99780532   1-11-12  120.00852083

  2- 1- 3  119.99527266   2- 1-11  120.00784785   3- 1-11  119.99687852   3- 5- 6  119.99349497

  3-5-7  119.99794190   4-3-5  119.99525970   5-7-8  120.00797693   5-7-9  119.99690504

  6- 5- 7  120.00855561   7- 9-10  119.99924429   7- 9-11  120.00490126   8- 7- 9  119.99511706

  9-11-12  119.99366632  10- 9-11  119.99529603  13-16-17  121.33739641  13-16-18  121.33886413

 14-13-15  117.32153759  14-13-16  121.33875252  15-13-16  121.33749152  17-16-18  117.32152137

 NUCLEAR CHARGE:                   42
 NUMBER OF PRIMITIVE AOS:         806
 NUMBER OF SYMMETRY AOS:          714
 NUMBER OF CONTRACTIONS:          598   (  598A   )
 NUMBER OF CORE ORBITALS:           6   (    6A   )
 NUMBER OF VALENCE ORBITALS:       30   (   30A   )

 MOLECULE CHANGED: INITIALIZING OCCUPATION AND DUMP RECORDS


 NUCLEAR REPULSION ENERGY  203.74228145


 Eigenvalues of metric

         1 0.242E-06 0.640E-06 0.104E-05 0.254E-05 0.311E-05 0.338E-05 0.391E-05 0.424E-05


 OPERATOR DM      FOR CENTER  0  COORDINATES:    0.000000    0.000000    0.000000


 **********************************************************************************************************************************
 DATASETS  * FILE   NREC   LENGTH (MB)   RECORD NAMES
              1      19       43.34       500      610      700      900      950      970     1000      129      960     1100   
                                          VAR    BASINP    GEOM    SYMINP    ZMAT    AOBASIS   BASIS     P2S    ABASIS      S 
                                         1400     1410     1200     1210     1080     1600     1650     1700     1800   
                                           T        V       H0       H01     AOSYM     SMH    MOLCAS    OPER     GRID   

              2       5       10.32       700     1000      520     1800     2101   
                                         GEOM     BASIS   MCVARS    GRID      RKS  

 PROGRAMS   *        TOTAL       INT   RKS-SCF       INT
 CPU TIMES  *      1930.31      0.58   1928.49      1.04
 REAL TIME  *      1947.20 SEC
 DISK USED  *        79.58 MB (local),      318.30 MB (total)
 SF USED    *         4.30 MB
 GA USED    *         5.72 MB       (max)       5.72 MB       (current)
 **********************************************************************************************************************************

 Density functional group PBE=PBEX+PBEC
 Functional: PBEX(Automatically generated (new) PBEX)                          Gradient terms: 1
 Functional: PBEC(Automatically generated (new) PBEC)                          Gradient terms: 1
 Use libxcgrid:  F
 Use grid at  1800.2

 Functional: PBEX                      Factor:  1.0000
 Functional: PBEC                      Factor:  1.0000

 Generated new metagrid on record  1800.2 with target accuracy 1.0D-08 and 176564 points in CPU time    0.6
 Computed new grid on record 1800.1 in CPU time    0.8
  480640 words reserved for DFT integration

 PROGRAM * RKS-SCF (Restricted closed shell Kohn-Sham)     Authors: W. Meyer, H.-J. Werner, P.J. Knowles, 1993

 NUMBER OF ELECTRONS:      21+   21-    SPACE SYMMETRY=1    SPIN SYMMETRY: Singlet 
 CONVERGENCE THRESHOLDS:    1.00E-04 (Density)    1.00E-08 (Energy)
 INTEGRAL THRESHOLDS:       1.00E-13 (Initial)    1.00E-13 (Final)
 MAX. NUMBER OF ITERATIONS:       60
 INTERPOLATION TYPE:            DIIS
 INTERPOLATION STEPS:              2 (START)      1 (STEP)
 LEVEL SHIFTS:                  0.00 (CLOSED)  0.00 (OPEN) 



 Use fine grid record 1800.2 for energy threshold  1.0D-08
 Orbital guess generated from atomic densities. Full valence occupancy:   36

 Molecular orbital dump at record        2201.2

 Initial occupancy:  21

 Direct Fock-matrix evaluation.        Authors: Roland Lindh & Martin Schuetz (1993/96)

 Integral Threshold:                  0.1D-12
 Threshold for writing integrals:     0.1D-06
 Prescreening on density matrix:        ON 
 Calculation will be performed fully direct        

 ITERATION   DDIFF            GRAD            ENERGY        2-EL.EN.            DIPOLE MOMENTS         DIIS   CPU(IT)  CPU(TOT)
    1      0.000D+00      0.000D+00      -231.76651992    644.986604    0.00000   -0.00001   -0.00350    0    183.8    201.1     start
    2      0.000D+00      0.429D-02      -231.33209228    597.244806   -0.00000    0.00003    0.00011    1    181.4    382.6     diag
    3      0.120D-01      0.717D-02      -232.01353482    627.932953   -0.00000    0.00001   -0.00291    2    180.4    562.9     diag
    4      0.618D-02      0.535D-03      -232.01670003    627.147663    0.00000   -0.00001   -0.00216    3    176.8    739.8     diag
    5      0.749D-03      0.123D-03      -232.01686505    627.036735   -0.00000    0.00002   -0.00256    4    174.4    914.2     diag
    6      0.232D-03      0.146D-04      -232.01686828    627.093256    0.00001   -0.00004   -0.00234    5    170.7   1084.9     diag
    7      0.252D-04      0.904D-06      -232.01686828    627.094433   -0.00002    0.00010   -0.00253    6    164.9   1249.8     diag
    8      0.447D-05      0.962D-06      -232.01686825    627.093789    0.00005   -0.00026   -0.00234    0    163.3   1413.1     orth

 Final occupancy:  21

 !RKS STATE  1.1 Energy              -232.016868251131
 Nuclear energy                       203.74228145
 One-electron energy                 -714.82061360
 Two-electron energy                  313.54689435
 Density functional                   -34.48543045     PBEX=-33.11280312 PBEC= -1.37262734
 Virial quotient                       -1.00571948
 !RKS STATE  1.1 Dipole moment          0.00004809    -0.00026290    -0.00234341
 Dipole moment /Debye                   0.00012221    -0.00066818    -0.00595597

 Orbital energies:

         1.1          2.1          3.1          4.1          5.1          6.1          7.1          8.1          9.1         10.1
     -9.891310    -9.891186    -9.891005    -9.890658    -9.890521    -9.890427    -0.780593    -0.677939    -0.677864    -0.545135

        11.1         12.1         13.1         14.1         15.1         16.1         17.1         18.1         19.1         20.1
     -0.545052    -0.474759    -0.411519    -0.400337    -0.375828    -0.375748    -0.333720    -0.302072    -0.301992    -0.232857

        21.1         22.1         23.1
     -0.232796    -0.044337    -0.044190


 HOMO     21.1    -0.232796 =      -6.3347eV
 LUMO     22.1    -0.044337 =      -1.2065eV
 LUMO-HOMO         0.188460 =       5.1282eV


 **********************************************************************************************************************************
 DATASETS  * FILE   NREC   LENGTH (MB)   RECORD NAMES
              1      19       43.34       500      610      700      900      950      970     1000      129      960     1100   
                                          VAR    BASINP    GEOM    SYMINP    ZMAT    AOBASIS   BASIS     P2S    ABASIS      S 
                                         1400     1410     1200     1210     1080     1600     1650     1700     1800   
                                           T        V       H0       H01     AOSYM     SMH    MOLCAS    OPER     GRID   

              2       6       27.14       700     1000      520     1800     2101     2201   
                                         GEOM     BASIS   MCVARS    GRID      RKS      RKS  

 PROGRAMS   *        TOTAL   RKS-SCF       INT   RKS-SCF       INT
 CPU TIMES  *      3344.71   1414.40      0.58   1928.49      1.04
 REAL TIME  *      3371.62 SEC
 DISK USED  *        92.10 MB (local),      368.41 MB (total)
 SF USED    *         4.30 MB
 GA USED    *         5.72 MB       (max)       5.72 MB       (current)
 **********************************************************************************************************************************
 SETTING EA_PBE         =      -232.01686825  AU                              

 Dummy atoms: C1  H1  C2  H2  C3  H3  C4  H4  C5  H5  C6  H6


 Recomputing one-electron integrals since nuclear charges changed


 PROGRAM * SEWARD (Integral evaluation for generally contracted gaussian basis sets)     Author: Roland Lindh, 1990

 Geometry written to block  1 of record 700


 Point group  C1  



 ATOMIC COORDINATES

 NR  ATOM    CHARGE       X              Y              Z

   1  C1      0.00    1.578898637    2.107360088    0.040442620
   2  H1      0.00    2.804965799    3.742807776    0.036914471
   3  C2      0.00    2.614010839   -0.313972729    0.044909920
   4  H2      0.00    4.643338687   -0.557855998    0.043031097
   5  C3      0.00    1.034728336   -2.421336924    0.040979892
   6  H3      0.00    1.838582768   -4.300647277    0.037376001
   7  C4      0.00   -1.578909883   -2.107349990    0.040438389
   8  H4      0.00   -2.804985091   -3.742803647    0.036906527
   9  C5      0.00   -2.614027126    0.313985808    0.044895633
  10  H5      0.00   -4.643352220    0.557864269    0.043004622
  11  C6      0.00   -1.034749333    2.421350437    0.040969733
  12  H6      0.00   -1.838595504    4.300649066    0.037357478
  13  C7      6.00    1.239245475   -0.220701930    6.535782699
  14  H7      1.00    1.978999130   -2.123880690    6.527338900
  15  H8      1.00    2.590539085    1.310097124    6.527275931
  16  C8      6.00   -1.239237143    0.220705270    6.535799501
  17  H9      1.00   -2.590527282   -1.310094813    6.527303126
  18  H10     1.00   -1.978995207    2.123884162    6.527374728

 Bond lengths in Bohr (Angstrom)

  1- 2  2.044001534   1- 3  2.633311573   1-11  2.632441059   3- 4  2.043931040   3- 5  2.633463977
       ( 1.081639031)       ( 1.393488474)       ( 1.393027817)       ( 1.081601727)       ( 1.393569122)

  5- 6  2.044016227   5- 7  2.632430973   7- 8  2.044011144   7- 9  2.633316278   9-10  2.043927742
       ( 1.081646806)       ( 1.393022480)       ( 1.081644116)       ( 1.393490963)       ( 1.081599982)

  9-11  2.633461494  11-12  2.044002214  13-14  2.041909929  13-15  2.041913938  13-16  2.517482155
       ( 1.393567809)       ( 1.081639391)       ( 1.080532201)       ( 1.080534323)       ( 1.332194186)

 16-17  2.041912368  16-18  2.041911571
       ( 1.080533492)       ( 1.080533070)

 Bond angles

  1- 3- 4  119.99929390   1- 3- 5  120.00488814   1-11- 9  119.99780532   1-11-12  120.00852083

  2- 1- 3  119.99527266   2- 1-11  120.00784785   3- 1-11  119.99687852   3- 5- 6  119.99349497

  3-5-7  119.99794190   4-3-5  119.99525970   5-7-8  120.00797693   5-7-9  119.99690504

  6- 5- 7  120.00855561   7- 9-10  119.99924429   7- 9-11  120.00490126   8- 7- 9  119.99511706

  9-11-12  119.99366632  10- 9-11  119.99529603  13-16-17  121.33739641  13-16-18  121.33886413

 14-13-15  117.32153759  14-13-16  121.33875252  15-13-16  121.33749152  17-16-18  117.32152137

 NUCLEAR CHARGE:                   16
 NUMBER OF PRIMITIVE AOS:         806
 NUMBER OF SYMMETRY AOS:          714
 NUMBER OF CONTRACTIONS:          598   (  598A   )
 NUMBER OF CORE ORBITALS:           2   (    2A   )
 NUMBER OF VALENCE ORBITALS:       12   (   12A   )

 MOLECULE CHANGED: INITIALIZING OCCUPATION AND DUMP RECORDS


 NUCLEAR REPULSION ENERGY   33.43000321


 Eigenvalues of metric

         1 0.242E-06 0.640E-06 0.104E-05 0.254E-05 0.311E-05 0.338E-05 0.391E-05 0.424E-05


 OPERATOR DM      FOR CENTER  0  COORDINATES:    0.000000    0.000000    0.000000


 **********************************************************************************************************************************
 DATASETS  * FILE   NREC   LENGTH (MB)   RECORD NAMES
              1      19       43.34       500      610      700      900      950      970     1000      129      960     1100   
                                          VAR    BASINP    GEOM    SYMINP    ZMAT    AOBASIS   BASIS     P2S    ABASIS      S 
                                         1400     1410     1200     1210     1080     1600     1650     1700     1800   
                                           T        V       H0       H01     AOSYM     SMH    MOLCAS    OPER     GRID   

              2       6       27.14       700     1000      520     1800     2101     2201   
                                         GEOM     BASIS   MCVARS    GRID      RKS      RKS  

 PROGRAMS   *        TOTAL       INT   RKS-SCF       INT   RKS-SCF       INT
 CPU TIMES  *      3345.29      0.57   1414.40      0.58   1928.49      1.04
 REAL TIME  *      3372.44 SEC
 DISK USED  *        92.10 MB (local),      368.41 MB (total)
 SF USED    *         4.30 MB
 GA USED    *         5.72 MB       (max)       5.72 MB       (current)
 **********************************************************************************************************************************

 Density functional group PBE=PBEX+PBEC
 Functional: PBEX(Automatically generated (new) PBEX)                          Gradient terms: 1
 Functional: PBEC(Automatically generated (new) PBEC)                          Gradient terms: 1
 Use libxcgrid:  F
 Use grid at  1800.2

 Functional: PBEX                      Factor:  1.0000
 Functional: PBEC                      Factor:  1.0000

 Generated new metagrid on record  1800.2 with target accuracy 1.0D-08 and 176564 points in CPU time    0.5
 Computed new grid on record 1800.1 in CPU time    0.7
  480640 words reserved for DFT integration

 PROGRAM * RKS-SCF (Restricted closed shell Kohn-Sham)     Authors: W. Meyer, H.-J. Werner, P.J. Knowles, 1993

 NUMBER OF ELECTRONS:       8+    8-    SPACE SYMMETRY=1    SPIN SYMMETRY: Singlet 
 CONVERGENCE THRESHOLDS:    1.00E-04 (Density)    1.00E-08 (Energy)
 INTEGRAL THRESHOLDS:       1.00E-13 (Initial)    1.00E-13 (Final)
 MAX. NUMBER OF ITERATIONS:       60
 INTERPOLATION TYPE:            DIIS
 INTERPOLATION STEPS:              2 (START)      1 (STEP)
 LEVEL SHIFTS:                  0.00 (CLOSED)  0.00 (OPEN) 



 Use fine grid record 1800.2 for energy threshold  1.0D-08
 Orbital guess generated from atomic densities. Full valence occupancy:   14

 Molecular orbital dump at record        2301.2

 Initial occupancy:   8

 Direct Fock-matrix evaluation.        Authors: Roland Lindh & Martin Schuetz (1993/96)

 Integral Threshold:                  0.1D-12
 Threshold for writing integrals:     0.1D-06
 Prescreening on density matrix:        ON 
 Calculation will be performed fully direct        

 ITERATION   DDIFF            GRAD            ENERGY        2-EL.EN.            DIPOLE MOMENTS         DIIS   CPU(IT)  CPU(TOT)
    1      0.000D+00      0.000D+00       -78.36864029    148.081134   -0.00000    0.00000   -0.00636    0    181.3    197.4     start
    2      0.000D+00      0.507D-02       -78.19509442    131.351853   -0.00000   -0.00000   -0.00036    1    178.7    376.1     diag
    3      0.577D-02      0.748D-02       -78.49981024    141.726110   -0.00000   -0.00000   -0.00585    2    176.7    552.8     diag
    4      0.330D-02      0.276D-03       -78.50025054    141.383100   -0.00000   -0.00000   -0.00390    3    173.9    726.6     diag
    5      0.395D-03      0.486D-04       -78.50026132    141.386391   -0.00000   -0.00000   -0.00490    4    169.3    895.9     diag
    6      0.338D-04      0.767D-05       -78.50026161    141.393624    0.00000   -0.00000   -0.00452    5    165.2   1061.1     diag
    7      0.545D-05      0.564D-06       -78.50026161    141.393607   -0.00000   -0.00000   -0.00470    6    157.3   1218.4     diag
    8      0.857D-06      0.206D-06       -78.50026161    141.393449    0.00000   -0.00000   -0.00458    0    149.5   1367.9     orth

 Final occupancy:   8

 !RKS STATE  1.1 Energy               -78.500261610704
 Nuclear energy                        33.43000321
 One-electron energy                 -170.44848579
 Two-electron energy                   70.69672452
 Density functional                   -12.17850354     PBEX=-11.68393926 PBEC= -0.49456429
 Virial quotient                       -1.00596422
 !RKS STATE  1.1 Dipole moment          0.00000147    -0.00000050    -0.00457633
 Dipole moment /Debye                   0.00000374    -0.00000128    -0.01163111

 Orbital energies:

         1.1          2.1          3.1          4.1          5.1          6.1          7.1          8.1          9.1         10.1
     -9.886129    -9.885413    -0.691957    -0.524297    -0.423794    -0.373634    -0.314596    -0.248446    -0.039755    -0.010514


 HOMO      8.1    -0.248446 =      -6.7606eV
 LUMO      9.1    -0.039755 =      -1.0818eV
 LUMO-HOMO         0.208691 =       5.6788eV


 **********************************************************************************************************************************
 DATASETS  * FILE   NREC   LENGTH (MB)   RECORD NAMES
              1      19       43.34       500      610      700      900      950      970     1000      129      960     1100   
                                          VAR    BASINP    GEOM    SYMINP    ZMAT    AOBASIS   BASIS     P2S    ABASIS      S 
                                         1400     1410     1200     1210     1080     1600     1650     1700     1800   
                                           T        V       H0       H01     AOSYM     SMH    MOLCAS    OPER     GRID   

              2       7       43.97       700     1000      520     1800     2101     2201     2301   
                                         GEOM     BASIS   MCVARS    GRID      RKS      RKS      RKS  

 PROGRAMS   *        TOTAL   RKS-SCF       INT   RKS-SCF       INT   RKS-SCF       INT
 CPU TIMES  *      4714.45   1369.16      0.57   1414.40      0.58   1928.49      1.04
 REAL TIME  *      4751.03 SEC
 DISK USED  *       108.93 MB (local),      435.72 MB (total)
 SF USED    *         4.30 MB
 GA USED    *         5.72 MB       (max)       5.72 MB       (current)
 **********************************************************************************************************************************
 SETTING EB_PBE         =       -78.50026161  AU                              
 SETTING E_AB_INT       =         0.00146075  AU                              

 *** results in hartree
 E_AB_INT         =         0.00146075 AU
 Molecular orbitals read from record     2301.2  Type=RKS/CANONICAL (state 1.1)
 Occupation numbers read from record     2301.2  Type=RKS/RHF (state 1.1)
 Orbital energies read from record       2301.2  Type=RKS/CANONICAL (state 1.1)
 Redundancy group numbers read from rec  2301.2  Type=RKS/RHF (state 1.1)

 RPBE/aug-cc-pVTZ energy=    -78.500261610704

         RKS-SCF         RKS-SCF         RKS-SCF
    -78.50026161   -232.01686825   -310.51566911
 **********************************************************************************************************************************
 Molpro calculation terminated
Wed 20 Nov 2019 02:51:55 PM CET
