
 Primary working directories    : /scratch/sirous/120359/molpro.JcuMyA3y5z
 Secondary working directories  : /scratch/sirous/120359/molpro.JcuMyA3y5z
 Wavefunction directory         : /scratch/sirous/120359/
 Main file repository           : /scratch/sirous/120359/molpro.JcuMyA3y5z/

 id        : karlovklimes

 Nodes                      nprocs
 nc-07.cc.karlov.mff.cuni.cz    4

 Using customized tuning parameters: mindgm=1; mindgv=20; mindgc=4; mindgr=1; noblas=0; minvec=7
 default implementation of scratch files=sf  


 Variables initialized (934), CPU time= 0.00 sec
 ***,CH3C6H4CN+CF3CN+BF3
 memory,500,m
 gdirect
 gthresh,energy=1.d-8,twoint=1.d-15,oneint=1.d-15,zero=1.d-15,orbital=1.d-8,grid=1.d-8
 symmetry,nosym
 geomtyp=xyz
                                                                                 ! Geometry
 geometry={
 C1        -2.533308650    -0.294879067     0.713148758
 H1        -2.563626820    -0.977081809     -0.136422641
 H2        -2.566978352    -0.895875900     1.621731768
 H3        -3.434426110    0.315957131     0.684104472
 C2        -1.271884866    0.557655468     0.674354677
 H4        -1.271026303    1.256565714     1.514319405
 H5        -1.266632549    1.167895814     -0.231826531
 C3        -0.000135043    -0.278418218     0.719603148
 H6        -0.000159375    -0.887229516     1.628637086
 H7        -0.000365425    -0.980714184     -0.119404392
 C4        1.271894760    0.557382187     0.674061079
 H8        1.270971755    1.256633312     1.513705410
 H9        1.266636490    1.167182502     -0.232386925
 C5        2.533403758    -0.294941760     0.713280149
 H10        2.563919186    -0.977774101     -0.135778362
 H11        3.434309555    0.316254316     0.683599450
 H12        2.567558205    -0.895208868     1.622328649
 C6        2.533557241    0.294631706     4.532225293
 H13        2.568141728    0.894438404     3.622899745
 H14        2.564060552    0.977838283     5.380970114
 H15        3.434237932    -0.316865600     4.562434233
 C7        1.271731039    -0.557255565     4.571529545
 H16        1.266287329    -1.166983278     5.478026505
 H17        1.270600527    -1.256609309     3.731948483
 C8        -0.000043951    0.278843535     4.525913105
 H18        -0.000198878    0.981153513     5.364897579
 H19        0.000032945    0.887619954     3.616843470
 C9        -1.271804790    -0.557298444     4.571184643
 H20        -1.266422550    -1.167407893     5.477434746
 H21        -1.270698450    -1.256321336     3.731320990
 C10        -2.533524020    0.294747865     4.532206937
 H22        -2.567717322    0.895281533     3.623330179
 H23        -3.434325996    -0.316550490     4.561720119
 H24        -2.564063554    0.977334105     5.381468327
 }
 
 
 
 basis=avqz
 
 
 
                                                                                 ! Dimer Calculation
 {rhf,accu=1.d-8;orbital,2101.2}
 eab_HF=energy
 
 
                                                                                 !monomer A
 dummy,18,19,20,21,22,23,24,25,26,27,28,29,30,31,32,33,34;                       ! NOW MONOMER B IS DUMMY
 {rhf,accu=1.d-8;orbital,2201.2}
 ea_HF=energy
                                                                                 !monomer B
 dummy,1,2,3,4,5,6,7,8,9,10,11,12,13,14,15,16,17;                                !NOW MONOMER A IS DUMMY
 {rhf,accu=1.d-8;orbital,2301.2}
 eb_HF=energy
 
 E_AB_int=eab_HF-ea_HF-eb_HF
 
 
 text,results in hartree
 show,E_AB_int
 
 Commands  initialized (763), CPU time= 0.02 sec, 617 directives.
 Default parameters read. Elapsed time= 0.21 sec

 Checking input...
 Passed
1


                                         ***  PROGRAM SYSTEM MOLPRO  ***
                                       Copyright, TTI GmbH Stuttgart, 2015
                                    Version 2019.2 linked Jun  8 2019 11:26:33


 **********************************************************************************************************************************
 LABEL *   CH3C6H4CN+CF3CN+BF3                                                           
  64 bit mpp version                                                                     DATE: 20-Nov-19          TIME: 14:09:46  
 **********************************************************************************************************************************

 SHA1:             8135a10abc80eafa5b3ae28ffc55be4890dc4c84
 **********************************************************************************************************************************

 THRESHOLDS:

 ZERO    =  1.00D-15  ONEINT  =  1.00D-15  TWOINT  =  1.00D-15  PREFAC  =  1.00D-14  XXXXXX  =  1.00D-09  EORDER  =  1.00D-04
 ENERGY  =  1.00D-08  ETEST   =  0.00D+00  EDENS   =  0.00D+00  THRDEDEF=  1.00D-06  GRADIENT=  1.00D-02  STEP    =  1.00D-03
 ORBITAL =  1.00D-08  CIVEC   =  1.00D-05  COEFF   =  1.00D-04  PRINTCI =  5.00D-02  PUNCHCI =  9.90D+01  OPTGRAD =  3.00D-04
 OPTENERG=  1.00D-06  OPTSTEP =  3.00D-04  THRGRAD =  1.00D-10  COMPRESS=  1.00D-11  VARMIN  =  1.00D-07  VARMAX  =  1.00D-03
 THRDOUB =  0.00D+00  THRDIV  =  1.00D-05  THRRED  =  1.00D-07  THRPSP  =  1.00D+00  THRDC   =  1.00D-10  THRCS   =  1.00D-10
 THRNRM  =  1.00D-08  THREQ   =  0.00D+00  THRDE   =  1.00D+00  THRREF  =  1.00D-05  SPARFAC =  1.00D+00  THRDLP  =  1.00D-07
 THRDIA  =  1.00D-10  THRDLS  =  1.00D-07  THRGPS  =  0.00D+00  THRKEX  =  0.00D+00  THRDIS  =  2.00D-01  THRVAR  =  1.00D-10
 THRLOC  =  1.00D-06  THRGAP  =  1.00D-06  THRLOCT = -1.00D+00  THRGAPT = -1.00D+00  THRORB  =  1.00D-06  THRMLTP =  0.00D+00
 THRCPQCI=  1.00D-10  KEXTA   =  0.00D+00  THRCOARS=  0.00D+00  SYMTOL  =  1.00D-06  GRADTOL =  1.00D-06  THROVL  =  1.00D-08
 THRORTH =  1.00D-08  GRID    =  1.00D-08  GRIDMAX =  1.00D-03  DTMAX   =  0.00D+00  THROCCDE=  1.00D-01  THROCCDE=  1.00D-01
 THRPRINT=  2.50D-01


 Variable memory set to  500000000 words,  buffer space 

 SETTING GEOMTYP        =    XYZ
 ZSYMEL=NOSYM

 SETTING BASIS          =    AVQZ


 Recomputing integrals since basis changed


 Using spherical harmonics

 Library entry C      S aug-cc-pVQZ          selected for orbital group  1
 Library entry C      P aug-cc-pVQZ          selected for orbital group  1
 Library entry C      D aug-cc-pVQZ          selected for orbital group  1
 Library entry C      F aug-cc-pVQZ          selected for orbital group  1
 Library entry C      G aug-cc-pVQZ          selected for orbital group  1
 Library entry H      S aug-cc-pVQZ          selected for orbital group  2
 Library entry H      P aug-cc-pVQZ          selected for orbital group  2
 Library entry H      D aug-cc-pVQZ          selected for orbital group  2
 Library entry H      F aug-cc-pVQZ          selected for orbital group  2


 PROGRAM * SEWARD (Integral evaluation for generally contracted gaussian basis sets)     Author: Roland Lindh, 1990

 Geometry written to block  1 of record 700


 Point group  C1  



 ATOMIC COORDINATES

 NR  ATOM    CHARGE       X              Y              Z

   1  C1      6.00   -4.787259537   -0.557240676    1.347655839
   2  H1      1.00   -4.844552575   -1.846417020   -0.257801429
   3  H2      1.00   -4.850886053   -1.692960093    3.064628889
   4  H3      1.00   -6.490124743    0.597072445    1.292770093
   5  C2      6.00   -2.403514059    1.053816106    1.274345650
   6  H4      1.00   -2.401891610    2.374565057    2.861648941
   7  H5      1.00   -2.393588618    2.207003230   -0.438088652
   8  C3      6.00   -0.000255194   -0.526134180    1.359852868
   9  H6      1.00   -0.000301175   -1.676620795    3.077678049
  10  H7      1.00   -0.000690553   -1.853281214   -0.225641599
  11  C4      6.00    2.403532756    1.053299680    1.273790831
  12  H8      1.00    2.401788529    2.374692799    2.860488658
  13  H9      1.00    2.393596065    2.205655266   -0.439147643
  14  C5      6.00    4.787439266   -0.557359149    1.347904132
  15  H10     1.00    4.845105067   -1.847725263   -0.256583918
  16  H11     1.00    6.489904486    0.597634043    1.291815739
  17  H12     1.00    4.851981816   -1.691699585    3.065756831
  18  C6      6.00    4.787729306    0.556773232    8.564664539
  19  H13     1.00    4.853084515    1.690243619    6.846288295
  20  H14     1.00    4.845372210    1.847846549   10.168559800
  21  H15     1.00    6.489769138   -0.598789202    8.621751162
  22  C7      6.00    2.403223368   -1.053060399    8.638938810
  23  H16     1.00    2.392936247   -2.205278787   10.351969798
  24  H17     1.00    2.401087010   -2.374647440    7.052360544
  25  C8      6.00   -0.000083055    0.526937913    8.552736232
  26  H18     1.00   -0.000375825    1.854111426   10.138187111
  27  H19     1.00    0.000062257    1.677358616    6.834843594
  28  C9      6.00   -2.403362737   -1.053141429    8.638287040
  29  H20     1.00   -2.393191777   -2.206081193   10.350851535
  30  H21     1.00   -2.401272057   -2.374103249    7.051174754
  31  C10     6.00   -4.787666528    0.556992741    8.564629851
  32  H22     1.00   -4.852282504    1.691836902    6.847101697
  33  H23     1.00   -6.489935555   -0.598193731    8.620401682
  34  H24     1.00   -4.845377883    1.846893791   10.169501286

 Bond lengths in Bohr (Angstrom)

 1-2  2.059793964  1-3  2.059588158  1-4  2.057960431  1-5  2.878041148  5-6  2.064924250
     ( 1.089996025)     ( 1.089887117)     ( 1.089025761)     ( 1.522993788)     ( 1.092710855)

  5- 7  2.064550871   5- 8  2.877361215   8- 9  2.067496748   8-10  2.067634432   8-11  2.877536186
       ( 1.092513272)       ( 1.522633983)       ( 1.094072163)       ( 1.094145022)       ( 1.522726573)

 11-12  2.064871137  11-13  2.064504868  11-14  2.877972358  14-15  2.059794153  14-16  2.058043490
       ( 1.092682749)       ( 1.092488928)       ( 1.522957386)       ( 1.089996125)       ( 1.089069714)

 14-17  2.059590217  18-19  2.059573581  18-20  2.059774993  18-21  2.058038632  18-22  2.878011390
       ( 1.089888206)       ( 1.089879403)       ( 1.089985986)       ( 1.089067143)       ( 1.522978040)

 22-23  2.064506770  22-24  2.064903742  22-25  2.877448056  25-26  2.067617979  25-27  2.067516126
       ( 1.092489934)       ( 1.092700003)       ( 1.522679937)       ( 1.094136315)       ( 1.094082417)

 25-28  2.877450763  28-29  2.064521906  28-30  2.064914020  28-31  2.877996177  31-32  2.059599343
       ( 1.522681369)       ( 1.092497944)       ( 1.092705442)       ( 1.522969990)       ( 1.089893036)

 31-33  2.057981079  31-34  2.059802817
       ( 1.089036687)       ( 1.090000710)

 Bond angles

  1-5-6  109.82260036   1-5-7  109.74174157   1-5-8  112.56018629   2-1-3  107.68484784

  2-1-4  107.89371160   2-1-5  110.70364045   3-1-4  107.81647929   3-1-5  110.82403967

  4- 1- 5  111.75767451   5- 8- 9  109.28243834   5- 8-10  109.23745349   5- 8-11  113.29349291

  6- 5- 7  106.27961345   6- 5- 8  109.12976781   7- 5- 8  109.10741073   8-11-12  109.12104031

  8-11-13  109.09697319   8-11-14  112.58177782   9- 8-10  106.25721292   9- 8-11  109.28713706

 10- 8-11  109.24162061  11-14-15  110.71535288  11-14-16  111.74221198  11-14-17  110.83451969

 12-11-13  106.28206707  12-11-14  109.81924496  13-11-14  109.73903183  15-14-16  107.88959402

 15-14-17  107.68622944  16-14-17  107.81230792  18-22-23  109.73824618  18-22-24  109.81773009

 18-22-25  112.58715310  19-18-20  107.68792358  19-18-21  107.81291607  19-18-22  110.83393672

 20-18-21  107.89048354  20-18-22  110.71360098  21-18-22  111.74153641  22-25-26  109.24472799

 22-25-27  109.29095836  22-25-28  113.27676592  23-22-24  106.28031982  23-22-25  109.09598027

 24-22-25  109.12029398  25-28-29  109.09945205  25-28-30  109.12239549  25-28-31  112.57936102

 26-25-27  106.25843392  26-25-28  109.24199250  27-25-28  109.28759271  28-31-32  110.83020084

 28-31-33  111.74846735  28-31-34  110.70897868  29-28-30  106.27931029  29-28-31  109.73961090

 30-28-31  109.82000000  32-31-33  107.81458652  32-31-34  107.68619005  33-31-34  107.89195861

 NUCLEAR CHARGE:                   84
 NUMBER OF PRIMITIVE AOS:        2548
 NUMBER OF SYMMETRY AOS:         2082
 NUMBER OF CONTRACTIONS:         1904   ( 1904A   )
 NUMBER OF CORE ORBITALS:          10   (   10A   )
 NUMBER OF VALENCE ORBITALS:       64   (   64A   )


 NUCLEAR REPULSION ENERGY  577.16035085


 Eigenvalues of metric

         1 0.244E-06 0.263E-06 0.274E-06 0.276E-06 0.282E-06 0.336E-06 0.340E-06 0.415E-06


 OPERATOR DM      FOR CENTER  0  COORDINATES:    0.000000    0.000000    0.000000


 **********************************************************************************************************************************
 DATASETS  * FILE   NREC   LENGTH (MB)   RECORD NAMES
              1      18      161.73       500      610      700      900      950      970     1000      129      960     1100   
                                          VAR    BASINP    GEOM    SYMINP    ZMAT    AOBASIS   BASIS     P2S    ABASIS      S 
                                         1400     1410     1200     1210     1080     1600     1650     1700   
                                           T        V       H0       H01     AOSYM     SMH    MOLCAS    OPER   

 PROGRAMS   *        TOTAL       INT
 CPU TIMES  *         9.93      9.74
 REAL TIME  *        12.06 SEC
 DISK USED  *       163.18 MB (local),      652.70 MB (total)
 GA USED    *         0.00 MB       (max)       0.00 MB       (current)
 **********************************************************************************************************************************


 PROGRAM * RHF-SCF (CLOSED SHELL)       Authors: W. Meyer, H.-J. Werner


 NUMBER OF ELECTRONS:      42+   42-    SPACE SYMMETRY=1    SPIN SYMMETRY: Singlet 
 CONVERGENCE THRESHOLDS:    1.00E-04 (Density)    1.00E-09 (Energy)
 INTEGRAL THRESHOLDS:       1.00E-13 (Initial)    1.00E-13 (Final)
 MAX. NUMBER OF ITERATIONS:       60
 INTERPOLATION TYPE:            DIIS
 INTERPOLATION STEPS:              2 (START)      1 (STEP)
 LEVEL SHIFTS:                  0.00 (CLOSED)  0.00 (OPEN) 



 Orbital guess generated from atomic densities. Full valence occupancy:   74

 Molecular orbital dump at record        2101.2

 Initial occupancy:  42

 Direct Fock-matrix evaluation.        Authors: Roland Lindh & Martin Schuetz (1993/96)

 Integral Threshold:                  0.1D-12
 Threshold for writing integrals:     0.1D-06
 Prescreening on density matrix:        ON 
 Calculation will be performed fully direct        

 ITERATION   DDIFF            GRAD            ENERGY        2-EL.EN.            DIPOLE MOMENTS         DIIS   CPU(IT)  CPU(TOT)
    1      0.000D+00      0.000D+00      -392.67596726   1415.717918    0.00011   -0.00017   -0.00001    0  18096.8  18226.0     start
    2      0.000D+00      0.110D-02      -392.80824807   1404.252314   -0.00001    0.00004   -0.00001    1  16819.1  35045.1     diag
    3      0.121D-02      0.419D-03      -392.82470550   1409.345956    0.00001   -0.00002   -0.00000    2  15342.1  50387.2     diag
    4      0.396D-03      0.138D-03      -392.82733752   1408.094857   -0.00000   -0.00001   -0.00000    3  14906.9  65294.1     diag
    5      0.183D-03      0.198D-04      -392.82739775   1408.143854   -0.00000   -0.00000    0.00000    4  15108.6  80402.7     diag
    6      0.292D-04      0.737D-05      -392.82740365   1408.127341   -0.00000   -0.00001    0.00000    5  14769.7  95172.5     diag
    7      0.800D-05      0.107D-05      -392.82740386   1408.127994   -0.00000   -0.00001    0.00000    6  13180.5 108353.0     diag
    8      0.225D-05      0.230D-06      -392.82740387   1408.128105   -0.00000   -0.00001    0.00000    7  11744.2 120097.1     diag
    9      0.387D-06      0.563D-07      -392.82740387   1408.127990   -0.00000   -0.00001    0.00000    8  10917.4 131014.5     diag
   10      0.112D-06      0.153D-07      -392.82740387   1408.128032   -0.00000   -0.00001    0.00000    0  10593.3 141607.8     orth

 Final occupancy:  42

 !RHF STATE  1.1 Energy              -392.827403872373
 Nuclear energy                       577.16035085
 One-electron energy                -1674.05177070
 Two-electron energy                  704.06401598
 Virial quotient                       -1.00041976
 !RHF STATE  1.1 Dipole moment         -0.00000357    -0.00000532     0.00000098
 Dipole moment /Debye                  -0.00000907    -0.00001351     0.00000249

 Orbital energies:

         1.1          2.1          3.1          4.1          5.1          6.1          7.1          8.1          9.1         10.1
    -11.212019   -11.212017   -11.211953   -11.211951   -11.209362   -11.209361   -11.206000   -11.205996   -11.205995   -11.205994

        11.1         12.1         13.1         14.1         15.1         16.1         17.1         18.1         19.1         20.1
     -1.084128    -1.079485    -1.017948    -1.013654    -0.921475    -0.917249    -0.820433    -0.820337    -0.788884    -0.783036

        21.1         22.1         23.1         24.1         25.1         26.1         27.1         28.1         29.1         30.1
     -0.661860    -0.635284    -0.605024    -0.600836    -0.597425    -0.582769    -0.555858    -0.553560    -0.548010    -0.547561

        31.1         32.1         33.1         34.1         35.1         36.1         37.1         38.1         39.1         40.1
     -0.534757    -0.518462    -0.496162    -0.493887    -0.479322    -0.474397    -0.469835    -0.467186    -0.457308    -0.450396

        41.1         42.1         43.1         44.1
     -0.447996    -0.446697     0.025568     0.027884


 HOMO     42.1    -0.446697 =     -12.1552eV
 LUMO     43.1     0.025568 =       0.6957eV
 LUMO-HOMO         0.472264 =      12.8510eV


 **********************************************************************************************************************************
 DATASETS  * FILE   NREC   LENGTH (MB)   RECORD NAMES
              1      18      161.73       500      610      700      900      950      970     1000      129      960     1100   
                                          VAR    BASINP    GEOM    SYMINP    ZMAT    AOBASIS   BASIS     P2S    ABASIS      S 
                                         1400     1410     1200     1210     1080     1600     1650     1700   
                                           T        V       H0       H01     AOSYM     SMH    MOLCAS    OPER   

              2       4       76.19       700     1000      520     2101   
                                         GEOM     BASIS   MCVARS     RHF  

 PROGRAMS   *        TOTAL   RHF-SCF       INT
 CPU TIMES  *    141626.56 141616.62      9.74
 REAL TIME  *    142097.83 SEC
 DISK USED  *       484.91 MB (local),        1.94 GB (total)
 SF USED    *        43.53 MB
 GA USED    *         0.00 MB       (max)       0.00 MB       (current)
 **********************************************************************************************************************************
 SETTING EAB_HF         =      -392.82740387  AU                              

 Dummy atoms: C6  H13  H14  H15  C7  H16  H17  C8  H18  H19  C9  H20  H21  C10  H22  H23  H24


 Recomputing one-electron integrals since nuclear charges changed


 PROGRAM * SEWARD (Integral evaluation for generally contracted gaussian basis sets)     Author: Roland Lindh, 1990

 Geometry written to block  1 of record 700


 Point group  C1  



 ATOMIC COORDINATES

 NR  ATOM    CHARGE       X              Y              Z

   1  C1      6.00   -4.787259537   -0.557240676    1.347655839
   2  H1      1.00   -4.844552575   -1.846417020   -0.257801429
   3  H2      1.00   -4.850886053   -1.692960093    3.064628889
   4  H3      1.00   -6.490124743    0.597072445    1.292770093
   5  C2      6.00   -2.403514059    1.053816106    1.274345650
   6  H4      1.00   -2.401891610    2.374565057    2.861648941
   7  H5      1.00   -2.393588618    2.207003230   -0.438088652
   8  C3      6.00   -0.000255194   -0.526134180    1.359852868
   9  H6      1.00   -0.000301175   -1.676620795    3.077678049
  10  H7      1.00   -0.000690553   -1.853281214   -0.225641599
  11  C4      6.00    2.403532756    1.053299680    1.273790831
  12  H8      1.00    2.401788529    2.374692799    2.860488658
  13  H9      1.00    2.393596065    2.205655266   -0.439147643
  14  C5      6.00    4.787439266   -0.557359149    1.347904132
  15  H10     1.00    4.845105067   -1.847725263   -0.256583918
  16  H11     1.00    6.489904486    0.597634043    1.291815739
  17  H12     1.00    4.851981816   -1.691699585    3.065756831
  18  C6      0.00    4.787729306    0.556773232    8.564664539
  19  H13     0.00    4.853084515    1.690243619    6.846288295
  20  H14     0.00    4.845372210    1.847846549   10.168559800
  21  H15     0.00    6.489769138   -0.598789202    8.621751162
  22  C7      0.00    2.403223368   -1.053060399    8.638938810
  23  H16     0.00    2.392936247   -2.205278787   10.351969798
  24  H17     0.00    2.401087010   -2.374647440    7.052360544
  25  C8      0.00   -0.000083055    0.526937913    8.552736232
  26  H18     0.00   -0.000375825    1.854111426   10.138187111
  27  H19     0.00    0.000062257    1.677358616    6.834843594
  28  C9      0.00   -2.403362737   -1.053141429    8.638287040
  29  H20     0.00   -2.393191777   -2.206081193   10.350851535
  30  H21     0.00   -2.401272057   -2.374103249    7.051174754
  31  C10     0.00   -4.787666528    0.556992741    8.564629851
  32  H22     0.00   -4.852282504    1.691836902    6.847101697
  33  H23     0.00   -6.489935555   -0.598193731    8.620401682
  34  H24     0.00   -4.845377883    1.846893791   10.169501286

 Bond lengths in Bohr (Angstrom)

 1-2  2.059793964  1-3  2.059588158  1-4  2.057960431  1-5  2.878041148  5-6  2.064924250
     ( 1.089996025)     ( 1.089887117)     ( 1.089025761)     ( 1.522993788)     ( 1.092710855)

  5- 7  2.064550871   5- 8  2.877361215   8- 9  2.067496748   8-10  2.067634432   8-11  2.877536186
       ( 1.092513272)       ( 1.522633983)       ( 1.094072163)       ( 1.094145022)       ( 1.522726573)

 11-12  2.064871137  11-13  2.064504868  11-14  2.877972358  14-15  2.059794153  14-16  2.058043490
       ( 1.092682749)       ( 1.092488928)       ( 1.522957386)       ( 1.089996125)       ( 1.089069714)

 14-17  2.059590217  18-19  2.059573581  18-20  2.059774993  18-21  2.058038632  18-22  2.878011390
       ( 1.089888206)       ( 1.089879403)       ( 1.089985986)       ( 1.089067143)       ( 1.522978040)

 22-23  2.064506770  22-24  2.064903742  22-25  2.877448056  25-26  2.067617979  25-27  2.067516126
       ( 1.092489934)       ( 1.092700003)       ( 1.522679937)       ( 1.094136315)       ( 1.094082417)

 25-28  2.877450763  28-29  2.064521906  28-30  2.064914020  28-31  2.877996177  31-32  2.059599343
       ( 1.522681369)       ( 1.092497944)       ( 1.092705442)       ( 1.522969990)       ( 1.089893036)

 31-33  2.057981079  31-34  2.059802817
       ( 1.089036687)       ( 1.090000710)

 Bond angles

  1-5-6  109.82260036   1-5-7  109.74174157   1-5-8  112.56018629   2-1-3  107.68484784

  2-1-4  107.89371160   2-1-5  110.70364045   3-1-4  107.81647929   3-1-5  110.82403967

  4- 1- 5  111.75767451   5- 8- 9  109.28243834   5- 8-10  109.23745349   5- 8-11  113.29349291

  6- 5- 7  106.27961345   6- 5- 8  109.12976781   7- 5- 8  109.10741073   8-11-12  109.12104031

  8-11-13  109.09697319   8-11-14  112.58177782   9- 8-10  106.25721292   9- 8-11  109.28713706

 10- 8-11  109.24162061  11-14-15  110.71535288  11-14-16  111.74221198  11-14-17  110.83451969

 12-11-13  106.28206707  12-11-14  109.81924496  13-11-14  109.73903183  15-14-16  107.88959402

 15-14-17  107.68622944  16-14-17  107.81230792  18-22-23  109.73824618  18-22-24  109.81773009

 18-22-25  112.58715310  19-18-20  107.68792358  19-18-21  107.81291607  19-18-22  110.83393672

 20-18-21  107.89048354  20-18-22  110.71360098  21-18-22  111.74153641  22-25-26  109.24472799

 22-25-27  109.29095836  22-25-28  113.27676592  23-22-24  106.28031982  23-22-25  109.09598027

 24-22-25  109.12029398  25-28-29  109.09945205  25-28-30  109.12239549  25-28-31  112.57936102

 26-25-27  106.25843392  26-25-28  109.24199250  27-25-28  109.28759271  28-31-32  110.83020084

 28-31-33  111.74846735  28-31-34  110.70897868  29-28-30  106.27931029  29-28-31  109.73961090

 30-28-31  109.82000000  32-31-33  107.81458652  32-31-34  107.68619005  33-31-34  107.89195861

 NUCLEAR CHARGE:                   42
 NUMBER OF PRIMITIVE AOS:        2548
 NUMBER OF SYMMETRY AOS:         2082
 NUMBER OF CONTRACTIONS:         1904   ( 1904A   )
 NUMBER OF CORE ORBITALS:           5   (    5A   )
 NUMBER OF VALENCE ORBITALS:       32   (   32A   )

 MOLECULE CHANGED: INITIALIZING OCCUPATION AND DUMP RECORDS


 NUCLEAR REPULSION ENERGY  185.63665084


 Eigenvalues of metric

         1 0.244E-06 0.263E-06 0.274E-06 0.276E-06 0.282E-06 0.336E-06 0.340E-06 0.415E-06


 OPERATOR DM      FOR CENTER  0  COORDINATES:    0.000000    0.000000    0.000000


 **********************************************************************************************************************************
 DATASETS  * FILE   NREC   LENGTH (MB)   RECORD NAMES
              1      18      161.73       500      610      700      900      950      970     1000      129      960     1100   
                                          VAR    BASINP    GEOM    SYMINP    ZMAT    AOBASIS   BASIS     P2S    ABASIS      S 
                                         1400     1410     1200     1210     1080     1600     1650     1700   
                                           T        V       H0       H01     AOSYM     SMH    MOLCAS    OPER   

              2       4       76.19       700     1000      520     2101   
                                         GEOM     BASIS   MCVARS     RHF  

 PROGRAMS   *        TOTAL       INT   RHF-SCF       INT
 CPU TIMES  *    141636.68     10.11 141616.62      9.74
 REAL TIME  *    142108.31 SEC
 DISK USED  *       484.91 MB (local),        1.94 GB (total)
 SF USED    *        43.53 MB
 GA USED    *         0.00 MB       (max)       0.00 MB       (current)
 **********************************************************************************************************************************


 PROGRAM * RHF-SCF (CLOSED SHELL)       Authors: W. Meyer, H.-J. Werner


 NUMBER OF ELECTRONS:      21+   21-    SPACE SYMMETRY=1    SPIN SYMMETRY: Singlet 
 CONVERGENCE THRESHOLDS:    1.00E-04 (Density)    1.00E-09 (Energy)
 INTEGRAL THRESHOLDS:       1.00E-13 (Initial)    1.00E-13 (Final)
 MAX. NUMBER OF ITERATIONS:       60
 INTERPOLATION TYPE:            DIIS
 INTERPOLATION STEPS:              2 (START)      1 (STEP)
 LEVEL SHIFTS:                  0.00 (CLOSED)  0.00 (OPEN) 



 Orbital guess generated from atomic densities. Full valence occupancy:   37

 Molecular orbital dump at record        2201.2

 Initial occupancy:  21

 Direct Fock-matrix evaluation.        Authors: Roland Lindh & Martin Schuetz (1993/96)

 Integral Threshold:                  0.1D-12
 Threshold for writing integrals:     0.1D-06
 Prescreening on density matrix:        ON 
 Calculation will be performed fully direct        

 ITERATION   DDIFF            GRAD            ENERGY        2-EL.EN.            DIPOLE MOMENTS         DIIS   CPU(IT)  CPU(TOT)
    1      0.000D+00      0.000D+00      -196.34112343    501.969199    0.00008    0.00678   -0.00114    0  17311.5  17390.9     start
    2      0.000D+00      0.109D-02      -196.40668200    496.401949    0.00001    0.01992   -0.00087    1  17163.4  34554.3     diag
    3      0.846D-03      0.417D-03      -196.41489906    498.787043    0.00001    0.04302   -0.00207    2  16646.6  51200.9     diag
    4      0.277D-03      0.134D-03      -196.41619712    498.224375    0.00001    0.03341   -0.00161    3  16212.6  67413.5     diag
    5      0.129D-03      0.186D-04      -196.41622592    498.235883    0.00001    0.03390   -0.00161    4  15085.4  82499.0     diag
    6      0.201D-04      0.665D-05      -196.41622835    498.230618    0.00001    0.03350   -0.00160    5  13941.6  96440.6     diag
    7      0.497D-05      0.109D-05      -196.41622846    498.231020    0.00001    0.03302   -0.00158    6  12945.5 109386.0     diag
    8      0.155D-05      0.207D-06      -196.41622846    498.230941    0.00001    0.03306   -0.00158    7  11362.1 120748.1     diag
    9      0.273D-06      0.483D-07      -196.41622846    498.230920    0.00001    0.03304   -0.00158    8  10338.7 131086.7     diag
   10      0.714D-07      0.122D-07      -196.41622846    498.230937    0.00001    0.03303   -0.00158    0   9751.0 140837.8     orth

 Final occupancy:  21

 !RHF STATE  1.1 Energy              -196.416228464851
 Nuclear energy                       185.63665084
 One-electron energy                 -631.16834759
 Two-electron energy                  249.11546829
 Virial quotient                       -1.00051949
 !RHF STATE  1.1 Dipole moment          0.00000700     0.03303411    -0.00158347
 Dipole moment /Debye                   0.00001779     0.08395883    -0.00402451

 Orbital energies:

         1.1          2.1          3.1          4.1          5.1          6.1          7.1          8.1          9.1         10.1
    -11.211517   -11.211445   -11.209072   -11.206048   -11.206041    -1.080969    -1.015154    -0.918819    -0.819747    -0.784940

        11.1         12.1         13.1         14.1         15.1         16.1         17.1         18.1         19.1         20.1
     -0.647405    -0.598451    -0.593010    -0.553906    -0.547511    -0.525928    -0.494626    -0.476065    -0.461869    -0.459284

        21.1         22.1         23.1
     -0.446897     0.018120     0.025021


 HOMO     21.1    -0.446897 =     -12.1607eV
 LUMO     22.1     0.018120 =       0.4931eV
 LUMO-HOMO         0.465017 =      12.6538eV


 **********************************************************************************************************************************
 DATASETS  * FILE   NREC   LENGTH (MB)   RECORD NAMES
              1      18      161.73       500      610      700      900      950      970     1000      129      960     1100   
                                          VAR    BASINP    GEOM    SYMINP    ZMAT    AOBASIS   BASIS     P2S    ABASIS      S 
                                         1400     1410     1200     1210     1080     1600     1650     1700   
                                           T        V       H0       H01     AOSYM     SMH    MOLCAS    OPER   

              2       5      223.79       700     1000      520     2101     2201   
                                         GEOM     BASIS   MCVARS     RHF      RHF  

 PROGRAMS   *        TOTAL   RHF-SCF       INT   RHF-SCF       INT
 CPU TIMES  *    282483.90 140847.22     10.11 141616.62      9.74
 REAL TIME  *    283640.61 SEC
 DISK USED  *       632.51 MB (local),        2.53 GB (total)
 SF USED    *        43.53 MB
 GA USED    *         0.00 MB       (max)       0.00 MB       (current)
 **********************************************************************************************************************************
 SETTING EA_HF          =      -196.41622846  AU                              

 Dummy atoms: C1  H1  H2  H3  C2  H4  H5  C3  H6  H7  C4  H8  H9  C5  H10  H11  H12


 Recomputing one-electron integrals since nuclear charges changed


 PROGRAM * SEWARD (Integral evaluation for generally contracted gaussian basis sets)     Author: Roland Lindh, 1990

 Geometry written to block  1 of record 700


 Point group  C1  



 ATOMIC COORDINATES

 NR  ATOM    CHARGE       X              Y              Z

   1  C1      0.00   -4.787259537   -0.557240676    1.347655839
   2  H1      0.00   -4.844552575   -1.846417020   -0.257801429
   3  H2      0.00   -4.850886053   -1.692960093    3.064628889
   4  H3      0.00   -6.490124743    0.597072445    1.292770093
   5  C2      0.00   -2.403514059    1.053816106    1.274345650
   6  H4      0.00   -2.401891610    2.374565057    2.861648941
   7  H5      0.00   -2.393588618    2.207003230   -0.438088652
   8  C3      0.00   -0.000255194   -0.526134180    1.359852868
   9  H6      0.00   -0.000301175   -1.676620795    3.077678049
  10  H7      0.00   -0.000690553   -1.853281214   -0.225641599
  11  C4      0.00    2.403532756    1.053299680    1.273790831
  12  H8      0.00    2.401788529    2.374692799    2.860488658
  13  H9      0.00    2.393596065    2.205655266   -0.439147643
  14  C5      0.00    4.787439266   -0.557359149    1.347904132
  15  H10     0.00    4.845105067   -1.847725263   -0.256583918
  16  H11     0.00    6.489904486    0.597634043    1.291815739
  17  H12     0.00    4.851981816   -1.691699585    3.065756831
  18  C6      6.00    4.787729306    0.556773232    8.564664539
  19  H13     1.00    4.853084515    1.690243619    6.846288295
  20  H14     1.00    4.845372210    1.847846549   10.168559800
  21  H15     1.00    6.489769138   -0.598789202    8.621751162
  22  C7      6.00    2.403223368   -1.053060399    8.638938810
  23  H16     1.00    2.392936247   -2.205278787   10.351969798
  24  H17     1.00    2.401087010   -2.374647440    7.052360544
  25  C8      6.00   -0.000083055    0.526937913    8.552736232
  26  H18     1.00   -0.000375825    1.854111426   10.138187111
  27  H19     1.00    0.000062257    1.677358616    6.834843594
  28  C9      6.00   -2.403362737   -1.053141429    8.638287040
  29  H20     1.00   -2.393191777   -2.206081193   10.350851535
  30  H21     1.00   -2.401272057   -2.374103249    7.051174754
  31  C10     6.00   -4.787666528    0.556992741    8.564629851
  32  H22     1.00   -4.852282504    1.691836902    6.847101697
  33  H23     1.00   -6.489935555   -0.598193731    8.620401682
  34  H24     1.00   -4.845377883    1.846893791   10.169501286

 Bond lengths in Bohr (Angstrom)

 1-2  2.059793964  1-3  2.059588158  1-4  2.057960431  1-5  2.878041148  5-6  2.064924250
     ( 1.089996025)     ( 1.089887117)     ( 1.089025761)     ( 1.522993788)     ( 1.092710855)

  5- 7  2.064550871   5- 8  2.877361215   8- 9  2.067496748   8-10  2.067634432   8-11  2.877536186
       ( 1.092513272)       ( 1.522633983)       ( 1.094072163)       ( 1.094145022)       ( 1.522726573)

 11-12  2.064871137  11-13  2.064504868  11-14  2.877972358  14-15  2.059794153  14-16  2.058043490
       ( 1.092682749)       ( 1.092488928)       ( 1.522957386)       ( 1.089996125)       ( 1.089069714)

 14-17  2.059590217  18-19  2.059573581  18-20  2.059774993  18-21  2.058038632  18-22  2.878011390
       ( 1.089888206)       ( 1.089879403)       ( 1.089985986)       ( 1.089067143)       ( 1.522978040)

 22-23  2.064506770  22-24  2.064903742  22-25  2.877448056  25-26  2.067617979  25-27  2.067516126
       ( 1.092489934)       ( 1.092700003)       ( 1.522679937)       ( 1.094136315)       ( 1.094082417)

 25-28  2.877450763  28-29  2.064521906  28-30  2.064914020  28-31  2.877996177  31-32  2.059599343
       ( 1.522681369)       ( 1.092497944)       ( 1.092705442)       ( 1.522969990)       ( 1.089893036)

 31-33  2.057981079  31-34  2.059802817
       ( 1.089036687)       ( 1.090000710)

 Bond angles

  1-5-6  109.82260036   1-5-7  109.74174157   1-5-8  112.56018629   2-1-3  107.68484784

  2-1-4  107.89371160   2-1-5  110.70364045   3-1-4  107.81647929   3-1-5  110.82403967

  4- 1- 5  111.75767451   5- 8- 9  109.28243834   5- 8-10  109.23745349   5- 8-11  113.29349291

  6- 5- 7  106.27961345   6- 5- 8  109.12976781   7- 5- 8  109.10741073   8-11-12  109.12104031

  8-11-13  109.09697319   8-11-14  112.58177782   9- 8-10  106.25721292   9- 8-11  109.28713706

 10- 8-11  109.24162061  11-14-15  110.71535288  11-14-16  111.74221198  11-14-17  110.83451969

 12-11-13  106.28206707  12-11-14  109.81924496  13-11-14  109.73903183  15-14-16  107.88959402

 15-14-17  107.68622944  16-14-17  107.81230792  18-22-23  109.73824618  18-22-24  109.81773009

 18-22-25  112.58715310  19-18-20  107.68792358  19-18-21  107.81291607  19-18-22  110.83393672

 20-18-21  107.89048354  20-18-22  110.71360098  21-18-22  111.74153641  22-25-26  109.24472799

 22-25-27  109.29095836  22-25-28  113.27676592  23-22-24  106.28031982  23-22-25  109.09598027

 24-22-25  109.12029398  25-28-29  109.09945205  25-28-30  109.12239549  25-28-31  112.57936102

 26-25-27  106.25843392  26-25-28  109.24199250  27-25-28  109.28759271  28-31-32  110.83020084

 28-31-33  111.74846735  28-31-34  110.70897868  29-28-30  106.27931029  29-28-31  109.73961090

 30-28-31  109.82000000  32-31-33  107.81458652  32-31-34  107.68619005  33-31-34  107.89195861

 NUCLEAR CHARGE:                   42
 NUMBER OF PRIMITIVE AOS:        2548
 NUMBER OF SYMMETRY AOS:         2082
 NUMBER OF CONTRACTIONS:         1904   ( 1904A   )
 NUMBER OF CORE ORBITALS:           5   (    5A   )
 NUMBER OF VALENCE ORBITALS:       32   (   32A   )

 MOLECULE CHANGED: INITIALIZING OCCUPATION AND DUMP RECORDS


 NUCLEAR REPULSION ENERGY  185.63558628


 Eigenvalues of metric

         1 0.244E-06 0.263E-06 0.274E-06 0.276E-06 0.282E-06 0.336E-06 0.340E-06 0.415E-06


 OPERATOR DM      FOR CENTER  0  COORDINATES:    0.000000    0.000000    0.000000


 **********************************************************************************************************************************
 DATASETS  * FILE   NREC   LENGTH (MB)   RECORD NAMES
              1      18      161.73       500      610      700      900      950      970     1000      129      960     1100   
                                          VAR    BASINP    GEOM    SYMINP    ZMAT    AOBASIS   BASIS     P2S    ABASIS      S 
                                         1400     1410     1200     1210     1080     1600     1650     1700   
                                           T        V       H0       H01     AOSYM     SMH    MOLCAS    OPER   

              2       5      223.79       700     1000      520     2101     2201   
                                         GEOM     BASIS   MCVARS     RHF      RHF  

 PROGRAMS   *        TOTAL       INT   RHF-SCF       INT   RHF-SCF       INT
 CPU TIMES  *    282494.35     10.44 140847.22     10.11 141616.62      9.74
 REAL TIME  *    283651.47 SEC
 DISK USED  *       632.51 MB (local),        2.53 GB (total)
 SF USED    *        43.53 MB
 GA USED    *         0.00 MB       (max)       0.00 MB       (current)
 **********************************************************************************************************************************


 PROGRAM * RHF-SCF (CLOSED SHELL)       Authors: W. Meyer, H.-J. Werner


 NUMBER OF ELECTRONS:      21+   21-    SPACE SYMMETRY=1    SPIN SYMMETRY: Singlet 
 CONVERGENCE THRESHOLDS:    1.00E-04 (Density)    1.00E-09 (Energy)
 INTEGRAL THRESHOLDS:       1.00E-13 (Initial)    1.00E-13 (Final)
 MAX. NUMBER OF ITERATIONS:       60
 INTERPOLATION TYPE:            DIIS
 INTERPOLATION STEPS:              2 (START)      1 (STEP)
 LEVEL SHIFTS:                  0.00 (CLOSED)  0.00 (OPEN) 



 Orbital guess generated from atomic densities. Full valence occupancy:   37

 Molecular orbital dump at record        2301.2

 Initial occupancy:  21

 Direct Fock-matrix evaluation.        Authors: Roland Lindh & Martin Schuetz (1993/96)

 Integral Threshold:                  0.1D-12
 Threshold for writing integrals:     0.1D-06
 Prescreening on density matrix:        ON 
 Calculation will be performed fully direct        

 ITERATION   DDIFF            GRAD            ENERGY        2-EL.EN.            DIPOLE MOMENTS         DIIS   CPU(IT)  CPU(TOT)
    1      0.000D+00      0.000D+00      -196.34112439    501.967104    0.00003   -0.00695    0.00114    0  17941.6  18023.1     start
    2      0.000D+00      0.109D-02      -196.40668310    496.399885   -0.00000   -0.01989    0.00088    1  17147.2  35170.3     diag
    3      0.846D-03      0.417D-03      -196.41490010    498.784927    0.00000   -0.04303    0.00208    2  16550.4  51720.7     diag
    4      0.277D-03      0.134D-03      -196.41619815    498.222266   -0.00000   -0.03342    0.00163    3  16069.6  67790.3     diag
    5      0.129D-03      0.186D-04      -196.41622695    498.233777   -0.00000   -0.03390    0.00163    4  15022.0  82812.3     diag
    6      0.201D-04      0.665D-05      -196.41622939    498.228511   -0.00000   -0.03350    0.00162    5  13884.1  96696.4     diag
    7      0.497D-05      0.109D-05      -196.41622949    498.228913   -0.00000   -0.03303    0.00160    6  12836.2 109532.6     diag
    8      0.155D-05      0.207D-06      -196.41622950    498.228834   -0.00000   -0.03306    0.00160    7  11229.7 120762.3     diag
    9      0.274D-06      0.484D-07      -196.41622950    498.228813   -0.00000   -0.03305    0.00160    8  10159.0 130921.3     diag
   10      0.710D-07      0.122D-07      -196.41622950    498.228830   -0.00000   -0.03304    0.00160    0   9607.0 140528.4     orth

 Final occupancy:  21

 !RHF STATE  1.1 Energy              -196.416229497125
 Nuclear energy                       185.63558628
 One-electron energy                 -631.16623063
 Two-electron energy                  249.11441485
 Virial quotient                       -1.00051951
 !RHF STATE  1.1 Dipole moment         -0.00000215    -0.03304277     0.00160151
 Dipole moment /Debye                  -0.00000548    -0.08398084     0.00407037

 Orbital energies:

         1.1          2.1          3.1          4.1          5.1          6.1          7.1          8.1          9.1         10.1
    -11.211516   -11.211443   -11.209074   -11.206045   -11.206043    -1.080969    -1.015146    -0.918835    -0.819736    -0.784941

        11.1         12.1         13.1         14.1         15.1         16.1         17.1         18.1         19.1         20.1
     -0.647405    -0.598436    -0.593005    -0.553924    -0.547516    -0.525943    -0.494614    -0.476057    -0.461869    -0.459286

        21.1         22.1         23.1
     -0.446897     0.018120     0.025021


 HOMO     21.1    -0.446897 =     -12.1607eV
 LUMO     22.1     0.018120 =       0.4931eV
 LUMO-HOMO         0.465017 =      12.6538eV


 **********************************************************************************************************************************
 DATASETS  * FILE   NREC   LENGTH (MB)   RECORD NAMES
              1      18      161.73       500      610      700      900      950      970     1000      129      960     1100   
                                          VAR    BASINP    GEOM    SYMINP    ZMAT    AOBASIS   BASIS     P2S    ABASIS      S 
                                         1400     1410     1200     1210     1080     1600     1650     1700   
                                           T        V       H0       H01     AOSYM     SMH    MOLCAS    OPER   

              2       6      371.39       700     1000      520     2101     2201     2301   
                                         GEOM     BASIS   MCVARS     RHF      RHF      RHF  

 PROGRAMS   *        TOTAL   RHF-SCF       INT   RHF-SCF       INT   RHF-SCF       INT
 CPU TIMES  *    423032.21 140537.85     10.44 140847.22     10.11 141616.62      9.74
 REAL TIME  *    424888.33 SEC
 DISK USED  *       780.12 MB (local),        3.12 GB (total)
 SF USED    *        43.53 MB
 GA USED    *         0.00 MB       (max)       0.00 MB       (current)
 **********************************************************************************************************************************
 SETTING EB_HF          =      -196.41622950  AU                              
 SETTING E_AB_INT       =         0.00505409  AU                              

 *** results in hartree
 E_AB_INT         =         0.00505409 AU
 Molecular orbitals read from record     2301.2  Type=RHF/CANONICAL (state 1.1)
 Occupation numbers read from record     2301.2  Type=RHF/RHF (state 1.1)
 Orbital energies read from record       2301.2  Type=RHF/CANONICAL (state 1.1)
 Redundancy group numbers read from rec  2301.2  Type=RHF/RHF (state 1.1)

 RHF/aug-cc-pVQZ energy=   -196.416229497125

         RHF-SCF         RHF-SCF         RHF-SCF
   -196.41622950   -196.41622846   -392.82740387
 **********************************************************************************************************************************
 Molpro calculation terminated
Mon 25 Nov 2019 12:11:15 PM CET
