
 Primary working directories    : /scratch/sirous/122636/molpro.2ut4nDMC9k
 Secondary working directories  : /scratch/sirous/122636/molpro.2ut4nDMC9k
 Wavefunction directory         : /scratch/sirous/122636/
 Main file repository           : /scratch/sirous/122636/molpro.2ut4nDMC9k/

 id        : karlovklimes

 Nodes                      nprocs
 nc-06.cc.karlov.mff.cuni.cz    4

 Using customized tuning parameters: mindgm=1; mindgv=20; mindgc=4; mindgr=1; noblas=0; minvec=7
 default implementation of scratch files=sf  


 Variables initialized (934), CPU time= 0.00 sec
 ***,CH3C6H4CN+CF3CN+BF3
 memory,500,m
 gdirect
 gthresh,energy=1.d-8,twoint=1.d-15,oneint=1.d-15,zero=1.d-15,orbital=1.d-8,grid=1.d-8
 symmetry,nosym
 geomtyp=xyz
                                                                                 ! Geometry
 geometry={
 C1        -0.606189355    0.055874063     0.589004905
 H1        -1.668036669    0.055776239     0.589011619
 C2        0.605848727    0.055540867     0.589266243
 H2        1.667678172    0.054863283     0.589727942
 C3        -2.530403808    -0.347488625     4.220252516
 H3        -2.538770437    -1.009442160     3.353841927
 H4        -2.582322138    -0.973757840     5.110843290
 H5        -3.432818430    0.261415433     4.187490891
 C4        -1.269871682    0.507112093     4.231321786
 H6        -1.286523349    1.180111316     5.091730906
 H7        -1.244604694    1.141328102     3.342525677
 C5        0.000046938    -0.331218909     4.271777120
 H8        0.000049670    -0.949008556     5.174838518
 H9        0.000114032    -1.019518065     3.422535931
 C6        1.269945496    0.507157162     4.231408661
 H10        1.286573321    1.180124276     5.091829965
 H11        1.244800578    1.141329479     3.342607468
 C7        2.530467989    -0.347479418     4.220462247
 H12        2.538847755    -1.009462172     3.354083171
 H13        3.432846759    0.261451923     4.187735884
 H14        2.582285219    -0.973694155     5.111095792
 }
 
 
 
 basis=avqz
 
 
 
                                                                                 ! Dimer Calculation
 {rhf,accu=1.d-8;orbital,2101.2}
 eab_HF=energy
 
 
                                                                                 !monomer A
 dummy,5,6,7,8,9,10,11,12,13,14,15,16,17,18,19,20,21;                            ! NOW MONOMER B IS DUMMY
 {rhf,accu=1.d-8;orbital,2201.2}
 ea_HF=energy
                                                                                 !monomer B
 dummy,1,2,3,4;                                                                  !NOW MONOMER A IS DUMMY
 {rhf,accu=1.d-8;orbital,2301.2}
 eb_HF=energy
 
 E_AB_int=eab_HF-ea_HF-eb_HF
 
 
 text,results in hartree
 show,E_AB_int
 
 Commands  initialized (763), CPU time= 0.01 sec, 617 directives.
 Default parameters read. Elapsed time= 0.20 sec

 Checking input...
 Passed
1


                                         ***  PROGRAM SYSTEM MOLPRO  ***
                                       Copyright, TTI GmbH Stuttgart, 2015
                                    Version 2019.2 linked Jun  8 2019 11:26:33


 **********************************************************************************************************************************
 LABEL *   CH3C6H4CN+CF3CN+BF3                                                           
  64 bit mpp version                                                                     DATE: 21-Nov-19          TIME: 09:25:26  
 **********************************************************************************************************************************

 SHA1:             8135a10abc80eafa5b3ae28ffc55be4890dc4c84
 **********************************************************************************************************************************

 THRESHOLDS:

 ZERO    =  1.00D-15  ONEINT  =  1.00D-15  TWOINT  =  1.00D-15  PREFAC  =  1.00D-14  XXXXXX  =  1.00D-09  EORDER  =  1.00D-04
 ENERGY  =  1.00D-08  ETEST   =  0.00D+00  EDENS   =  0.00D+00  THRDEDEF=  1.00D-06  GRADIENT=  1.00D-02  STEP    =  1.00D-03
 ORBITAL =  1.00D-08  CIVEC   =  1.00D-05  COEFF   =  1.00D-04  PRINTCI =  5.00D-02  PUNCHCI =  9.90D+01  OPTGRAD =  3.00D-04
 OPTENERG=  1.00D-06  OPTSTEP =  3.00D-04  THRGRAD =  1.00D-10  COMPRESS=  1.00D-11  VARMIN  =  1.00D-07  VARMAX  =  1.00D-03
 THRDOUB =  0.00D+00  THRDIV  =  1.00D-05  THRRED  =  1.00D-07  THRPSP  =  1.00D+00  THRDC   =  1.00D-10  THRCS   =  1.00D-10
 THRNRM  =  1.00D-08  THREQ   =  0.00D+00  THRDE   =  1.00D+00  THRREF  =  1.00D-05  SPARFAC =  1.00D+00  THRDLP  =  1.00D-07
 THRDIA  =  1.00D-10  THRDLS  =  1.00D-07  THRGPS  =  0.00D+00  THRKEX  =  0.00D+00  THRDIS  =  2.00D-01  THRVAR  =  1.00D-10
 THRLOC  =  1.00D-06  THRGAP  =  1.00D-06  THRLOCT = -1.00D+00  THRGAPT = -1.00D+00  THRORB  =  1.00D-06  THRMLTP =  0.00D+00
 THRCPQCI=  1.00D-10  KEXTA   =  0.00D+00  THRCOARS=  0.00D+00  SYMTOL  =  1.00D-06  GRADTOL =  1.00D-06  THROVL  =  1.00D-08
 THRORTH =  1.00D-08  GRID    =  1.00D-08  GRIDMAX =  1.00D-03  DTMAX   =  0.00D+00  THROCCDE=  1.00D-01  THROCCDE=  1.00D-01
 THRPRINT=  2.50D-01


 Variable memory set to  500000000 words,  buffer space 

 SETTING GEOMTYP        =    XYZ
 ZSYMEL=NOSYM

 SETTING BASIS          =    AVQZ


 Recomputing integrals since basis changed


 Using spherical harmonics

 Library entry C      S aug-cc-pVQZ          selected for orbital group  1
 Library entry C      P aug-cc-pVQZ          selected for orbital group  1
 Library entry C      D aug-cc-pVQZ          selected for orbital group  1
 Library entry C      F aug-cc-pVQZ          selected for orbital group  1
 Library entry C      G aug-cc-pVQZ          selected for orbital group  1
 Library entry H      S aug-cc-pVQZ          selected for orbital group  2
 Library entry H      P aug-cc-pVQZ          selected for orbital group  2
 Library entry H      D aug-cc-pVQZ          selected for orbital group  2
 Library entry H      F aug-cc-pVQZ          selected for orbital group  2


 PROGRAM * SEWARD (Integral evaluation for generally contracted gaussian basis sets)     Author: Roland Lindh, 1990

 Geometry written to block  1 of record 700


 Point group  C1  



 ATOMIC COORDINATES

 NR  ATOM    CHARGE       X              Y              Z

   1  C1      6.00   -1.145531861    0.105586677    1.113057956
   2  H1      1.00   -3.152132470    0.105401816    1.113070644
   3  C2      6.00    1.144888167    0.104957027    1.113551814
   4  H2      1.00    3.151455009    0.103676579    1.114424298
   5  C3      6.00   -4.781770182   -0.656658333    7.975121432
   6  H3      1.00   -4.797580819   -1.907569221    6.337842707
   7  H4      1.00   -4.879881606   -1.840135629    9.658094084
   8  H5      1.00   -6.487086668    0.494003573    7.913210933
   9  C4      6.00   -2.399709692    0.958302970    7.996039320
  10  H6      1.00   -2.431176782    2.230087184    9.621976912
  11  H7      1.00   -2.351962005    2.156797531    6.316458094
  12  C5      6.00    0.000088700   -0.625913025    8.072488822
  13  H8      1.00    0.000093863   -1.793366261    9.779027538
  14  H9      1.00    0.000215489   -1.926609922    6.467655561
  15  C6      6.00    2.399849181    0.958388138    7.996203490
  16  H10     1.00    2.431271216    2.230111675    9.622164107
  17  H11     1.00    2.352332172    2.156800133    6.316612656
  18  C7      6.00    4.781891466   -0.656640934    7.975517766
  19  H12     1.00    4.797726929   -1.907607038    6.338298592
  20  H13     1.00    6.487140202    0.494072529    7.913673903
  21  H14     1.00    4.879811839   -1.840015282    9.658571243

 Bond lengths in Bohr (Angstrom)

 1-2  2.006600618  1-3  2.290420167  3-4  2.006567440  5-6  2.060511987  5-7  2.059767295
     ( 1.061847319)     ( 1.212038156)     ( 1.061829762)     ( 1.090375986)     ( 1.089981912)

  5- 8  2.058144808   5- 9  2.877976675   9-10  2.064485000   9-11  2.063894898   9-12  2.876563431
       ( 1.089123329)       ( 1.522959670)       ( 1.092478414)       ( 1.092166146)       ( 1.522211813)

 12-13  2.067660863  12-14  2.065744957  12-15  2.876574350  15-16  2.064465069  15-17  2.063849448
       ( 1.094159009)       ( 1.093145155)       ( 1.522217592)       ( 1.092467867)       ( 1.092142095)

 15-18  2.877997959  18-19  2.060498381  18-20  2.058115495  18-21  2.059765097
       ( 1.522970933)       ( 1.090368786)       ( 1.089107817)       ( 1.089980749)

 Bond angles

  1- 3- 4  179.97569295   2- 1- 3  179.97542483   5- 9-10  109.80319948   5- 9-11  109.82129925

  5- 9-12  112.43635480   6- 5- 7  107.46138048   6- 5- 8  108.00794762   6- 5- 9  110.65807049

  7- 5- 8  107.83877017   7- 5- 9  110.84873120   8- 5- 9  111.85696862   9-12-13  109.44454118

  9-12-14  109.03665659   9-12-15  113.07578033  10- 9-11  106.47216280  10- 9-12  109.33264760

 11- 9-12  108.79210390  12-15-16  109.33448355  12-15-17  108.79502462  12-15-18  112.43309468

 13-12-14  106.59941203  13-12-15  109.44236494  14-12-15  109.03419184  15-18-19  110.65651945

 15-18-20  111.85327580  15-18-21  110.84700157  16-15-17  106.47582119  16-15-18  109.80036684

 17-15-18  109.81941995  19-18-20  108.01117091  19-18-21  107.46287923  20-18-21  107.84143554

 NUCLEAR CHARGE:                   56
 NUMBER OF PRIMITIVE AOS:        1624
 NUMBER OF SYMMETRY AOS:         1323
 NUMBER OF CONTRACTIONS:         1204   ( 1204A   )
 NUMBER OF CORE ORBITALS:           7   (    7A   )
 NUMBER OF VALENCE ORBITALS:       42   (   42A   )


 NUCLEAR REPULSION ENERGY  285.66823241


 Eigenvalues of metric

         1 0.579E-06 0.650E-06 0.781E-06 0.845E-06 0.931E-06 0.121E-05 0.145E-05 0.170E-05


 OPERATOR DM      FOR CENTER  0  COORDINATES:    0.000000    0.000000    0.000000


 **********************************************************************************************************************************
 DATASETS  * FILE   NREC   LENGTH (MB)   RECORD NAMES
              1      18       82.92       500      610      700      900      950      970     1000      129      960     1100   
                                          VAR    BASINP    GEOM    SYMINP    ZMAT    AOBASIS   BASIS     P2S    ABASIS      S 
                                         1400     1410     1200     1210     1080     1600     1650     1700   
                                           T        V       H0       H01     AOSYM     SMH    MOLCAS    OPER   

 PROGRAMS   *        TOTAL       INT
 CPU TIMES  *         3.64      3.42
 REAL TIME  *         5.24 SEC
 DISK USED  *        83.92 MB (local),      335.68 MB (total)
 GA USED    *         0.00 MB       (max)       0.00 MB       (current)
 **********************************************************************************************************************************


 PROGRAM * RHF-SCF (CLOSED SHELL)       Authors: W. Meyer, H.-J. Werner


 NUMBER OF ELECTRONS:      28+   28-    SPACE SYMMETRY=1    SPIN SYMMETRY: Singlet 
 CONVERGENCE THRESHOLDS:    1.00E-04 (Density)    1.00E-09 (Energy)
 INTEGRAL THRESHOLDS:       1.00E-13 (Initial)    1.00E-13 (Final)
 MAX. NUMBER OF ITERATIONS:       60
 INTERPOLATION TYPE:            DIIS
 INTERPOLATION STEPS:              2 (START)      1 (STEP)
 LEVEL SHIFTS:                  0.00 (CLOSED)  0.00 (OPEN) 



 Orbital guess generated from atomic densities. Full valence occupancy:   49

 Molecular orbital dump at record        2101.2

 Initial occupancy:  28

 Direct Fock-matrix evaluation.        Authors: Roland Lindh & Martin Schuetz (1993/96)

 Integral Threshold:                  0.1D-12
 Threshold for writing integrals:     0.1D-06
 Prescreening on density matrix:        ON 
 Calculation will be performed fully direct        

 ITERATION   DDIFF            GRAD            ENERGY        2-EL.EN.            DIPOLE MOMENTS         DIIS   CPU(IT)  CPU(TOT)
    1      0.000D+00      0.000D+00      -273.17625498    753.821980   -0.00003    0.00334   -0.03563    0   3626.7   3670.1     start
    2      0.000D+00      0.137D-02      -273.25617910    746.660702   -0.00001    0.01933   -0.02256    1   3522.3   7192.4     diag
    3      0.138D-02      0.503D-03      -273.26583094    749.654155   -0.00003    0.04487   -0.02372    2   3426.9  10619.3     diag
    4      0.384D-03      0.154D-03      -273.26726065    748.983510   -0.00002    0.03407   -0.02151    3   3311.4  13930.7     diag
    5      0.194D-03      0.266D-04      -273.26730453    749.021733   -0.00003    0.03561   -0.02079    4   3153.7  17084.4     diag
    6      0.308D-04      0.842D-05      -273.26730815    749.016248   -0.00002    0.03519   -0.02049    5   3076.7  20161.1     diag
    7      0.995D-05      0.156D-05      -273.26730831    749.015834   -0.00003    0.03473   -0.02046    6   2880.2  23041.4     diag
    8      0.238D-05      0.366D-06      -273.26730831    749.015713   -0.00002    0.03476   -0.02040    7   2655.9  25697.2     diag
    9      0.505D-06      0.892D-07      -273.26730831    749.015723   -0.00003    0.03475   -0.02039    8   2437.4  28134.7     diag
   10      0.134D-06      0.178D-07      -273.26730831    749.015720   -0.00002    0.03474   -0.02039    0   2165.5  30300.2     orth

 Final occupancy:  28

 !RHF STATE  1.1 Energy              -273.267308314804
 Nuclear energy                       285.66823241
 One-electron energy                 -933.44340087
 Two-electron energy                  374.50786014
 Virial quotient                       -1.00099723
 !RHF STATE  1.1 Dipole moment         -0.00002367     0.03474424    -0.02038804
 Dipole moment /Debye                  -0.00006017     0.08830525    -0.05181782

 Orbital energies:

         1.1          2.1          3.1          4.1          5.1          6.1          7.1          8.1          9.1         10.1
    -11.246464   -11.242850   -11.207932   -11.207897   -11.205487   -11.205486   -11.203626    -1.078116    -1.029454    -1.013414

        11.1         12.1         13.1         14.1         15.1         16.1         17.1         18.1         19.1         20.1
     -0.916939    -0.817795    -0.781548    -0.771195    -0.683327    -0.644806    -0.596667    -0.591341    -0.551432    -0.546952

        21.1         22.1         23.1         24.1         25.1         26.1         27.1         28.1         29.1         30.1
     -0.524170    -0.492969    -0.474188    -0.459524    -0.456989    -0.444063    -0.409852    -0.409357     0.026566     0.027204


 HOMO     28.1    -0.409357 =     -11.1392eV
 LUMO     29.1     0.026566 =       0.7229eV
 LUMO-HOMO         0.435923 =      11.8621eV


 **********************************************************************************************************************************
 DATASETS  * FILE   NREC   LENGTH (MB)   RECORD NAMES
              1      18       82.92       500      610      700      900      950      970     1000      129      960     1100   
                                          VAR    BASINP    GEOM    SYMINP    ZMAT    AOBASIS   BASIS     P2S    ABASIS      S 
                                         1400     1410     1200     1210     1080     1600     1650     1700   
                                           T        V       H0       H01     AOSYM     SMH    MOLCAS    OPER   

              2       4       32.32       700     1000      520     2101   
                                         GEOM     BASIS   MCVARS     RHF  

 PROGRAMS   *        TOTAL   RHF-SCF       INT
 CPU TIMES  *     30306.23  30302.58      3.42
 REAL TIME  *     30431.07 SEC
 DISK USED  *       214.13 MB (local),      856.53 MB (total)
 SF USED    *        17.41 MB
 GA USED    *         0.00 MB       (max)       0.00 MB       (current)
 **********************************************************************************************************************************
 SETTING EAB_HF         =      -273.26730831  AU                              

 Dummy atoms: C3  H3  H4  H5  C4  H6  H7  C5  H8  H9  C6  H10  H11  C7  H12  H13  H14


 Recomputing one-electron integrals since nuclear charges changed


 PROGRAM * SEWARD (Integral evaluation for generally contracted gaussian basis sets)     Author: Roland Lindh, 1990

 Geometry written to block  1 of record 700


 Point group  C1  



 ATOMIC COORDINATES

 NR  ATOM    CHARGE       X              Y              Z

   1  C1      6.00   -1.145531861    0.105586677    1.113057956
   2  H1      1.00   -3.152132470    0.105401816    1.113070644
   3  C2      6.00    1.144888167    0.104957027    1.113551814
   4  H2      1.00    3.151455009    0.103676579    1.114424298
   5  C3      0.00   -4.781770182   -0.656658333    7.975121432
   6  H3      0.00   -4.797580819   -1.907569221    6.337842707
   7  H4      0.00   -4.879881606   -1.840135629    9.658094084
   8  H5      0.00   -6.487086668    0.494003573    7.913210933
   9  C4      0.00   -2.399709692    0.958302970    7.996039320
  10  H6      0.00   -2.431176782    2.230087184    9.621976912
  11  H7      0.00   -2.351962005    2.156797531    6.316458094
  12  C5      0.00    0.000088700   -0.625913025    8.072488822
  13  H8      0.00    0.000093863   -1.793366261    9.779027538
  14  H9      0.00    0.000215489   -1.926609922    6.467655561
  15  C6      0.00    2.399849181    0.958388138    7.996203490
  16  H10     0.00    2.431271216    2.230111675    9.622164107
  17  H11     0.00    2.352332172    2.156800133    6.316612656
  18  C7      0.00    4.781891466   -0.656640934    7.975517766
  19  H12     0.00    4.797726929   -1.907607038    6.338298592
  20  H13     0.00    6.487140202    0.494072529    7.913673903
  21  H14     0.00    4.879811839   -1.840015282    9.658571243

 Bond lengths in Bohr (Angstrom)

 1-2  2.006600618  1-3  2.290420167  3-4  2.006567440  5-6  2.060511987  5-7  2.059767295
     ( 1.061847319)     ( 1.212038156)     ( 1.061829762)     ( 1.090375986)     ( 1.089981912)

  5- 8  2.058144808   5- 9  2.877976675   9-10  2.064485000   9-11  2.063894898   9-12  2.876563431
       ( 1.089123329)       ( 1.522959670)       ( 1.092478414)       ( 1.092166146)       ( 1.522211813)

 12-13  2.067660863  12-14  2.065744957  12-15  2.876574350  15-16  2.064465069  15-17  2.063849448
       ( 1.094159009)       ( 1.093145155)       ( 1.522217592)       ( 1.092467867)       ( 1.092142095)

 15-18  2.877997959  18-19  2.060498381  18-20  2.058115495  18-21  2.059765097
       ( 1.522970933)       ( 1.090368786)       ( 1.089107817)       ( 1.089980749)

 Bond angles

  1- 3- 4  179.97569295   2- 1- 3  179.97542483   5- 9-10  109.80319948   5- 9-11  109.82129925

  5- 9-12  112.43635480   6- 5- 7  107.46138048   6- 5- 8  108.00794762   6- 5- 9  110.65807049

  7- 5- 8  107.83877017   7- 5- 9  110.84873120   8- 5- 9  111.85696862   9-12-13  109.44454118

  9-12-14  109.03665659   9-12-15  113.07578033  10- 9-11  106.47216280  10- 9-12  109.33264760

 11- 9-12  108.79210390  12-15-16  109.33448355  12-15-17  108.79502462  12-15-18  112.43309468

 13-12-14  106.59941203  13-12-15  109.44236494  14-12-15  109.03419184  15-18-19  110.65651945

 15-18-20  111.85327580  15-18-21  110.84700157  16-15-17  106.47582119  16-15-18  109.80036684

 17-15-18  109.81941995  19-18-20  108.01117091  19-18-21  107.46287923  20-18-21  107.84143554

 NUCLEAR CHARGE:                   14
 NUMBER OF PRIMITIVE AOS:        1624
 NUMBER OF SYMMETRY AOS:         1323
 NUMBER OF CONTRACTIONS:         1204   ( 1204A   )
 NUMBER OF CORE ORBITALS:           2   (    2A   )
 NUMBER OF VALENCE ORBITALS:       10   (   10A   )

 MOLECULE CHANGED: INITIALIZING OCCUPATION AND DUMP RECORDS


 NUCLEAR REPULSION ENERGY   24.64923606


 Eigenvalues of metric

         1 0.579E-06 0.650E-06 0.781E-06 0.845E-06 0.931E-06 0.121E-05 0.145E-05 0.170E-05


 OPERATOR DM      FOR CENTER  0  COORDINATES:    0.000000    0.000000    0.000000


 **********************************************************************************************************************************
 DATASETS  * FILE   NREC   LENGTH (MB)   RECORD NAMES
              1      18       82.92       500      610      700      900      950      970     1000      129      960     1100   
                                          VAR    BASINP    GEOM    SYMINP    ZMAT    AOBASIS   BASIS     P2S    ABASIS      S 
                                         1400     1410     1200     1210     1080     1600     1650     1700   
                                           T        V       H0       H01     AOSYM     SMH    MOLCAS    OPER   

              2       4       32.32       700     1000      520     2101   
                                         GEOM     BASIS   MCVARS     RHF  

 PROGRAMS   *        TOTAL       INT   RHF-SCF       INT
 CPU TIMES  *     30309.30      3.07  30302.58      3.42
 REAL TIME  *     30434.42 SEC
 DISK USED  *       214.13 MB (local),      856.53 MB (total)
 SF USED    *        17.41 MB
 GA USED    *         0.00 MB       (max)       0.00 MB       (current)
 **********************************************************************************************************************************


 PROGRAM * RHF-SCF (CLOSED SHELL)       Authors: W. Meyer, H.-J. Werner


 NUMBER OF ELECTRONS:       7+    7-    SPACE SYMMETRY=1    SPIN SYMMETRY: Singlet 
 CONVERGENCE THRESHOLDS:    1.00E-04 (Density)    1.00E-09 (Energy)
 INTEGRAL THRESHOLDS:       1.00E-13 (Initial)    1.00E-13 (Final)
 MAX. NUMBER OF ITERATIONS:       60
 INTERPOLATION TYPE:            DIIS
 INTERPOLATION STEPS:              2 (START)      1 (STEP)
 LEVEL SHIFTS:                  0.00 (CLOSED)  0.00 (OPEN) 



 Orbital guess generated from atomic densities. Full valence occupancy:   12

 Molecular orbital dump at record        2201.2

 Initial occupancy:   7

 Direct Fock-matrix evaluation.        Authors: Roland Lindh & Martin Schuetz (1993/96)

 Integral Threshold:                  0.1D-12
 Threshold for writing integrals:     0.1D-06
 Prescreening on density matrix:        ON 
 Calculation will be performed fully direct        

 ITERATION   DDIFF            GRAD            ENERGY        2-EL.EN.            DIPOLE MOMENTS         DIIS   CPU(IT)  CPU(TOT)
    1      0.000D+00      0.000D+00       -76.83823788    100.785913   -0.00003   -0.00026    0.00012    0   3464.1   3480.9     start
    2      0.000D+00      0.131D-02       -76.85206704     99.450887    0.00000   -0.00031    0.00011    1   3379.3   6860.2     diag
    3      0.691D-03      0.396D-03       -76.85337402     99.924976   -0.00001   -0.00033    0.00012    2   3073.9   9934.1     diag
    4      0.165D-03      0.839D-04       -76.85350237     99.856040   -0.00000   -0.00034    0.00013    3   2915.5  12849.6     diag
    5      0.744D-04      0.181D-04       -76.85350820     99.865296   -0.00001   -0.00035    0.00013    4   2724.7  15574.4     diag
    6      0.155D-04      0.321D-05       -76.85350843     99.865009   -0.00000   -0.00035    0.00013    5   2593.8  18168.2     diag
    7      0.349D-05      0.424D-06       -76.85350843     99.864981   -0.00001   -0.00035    0.00013    6   2263.0  20431.2     diag
    8      0.354D-06      0.640D-07       -76.85350843     99.864980    0.00000   -0.00035    0.00013    7   1974.0  22405.2     diag
    9      0.582D-07      0.254D-07       -76.85350843     99.864977   -0.00001   -0.00035    0.00013    0   1553.1  23958.3     orth

 Final occupancy:   7

 !RHF STATE  1.1 Energy               -76.853508432586
 Nuclear energy                        24.64923606
 One-electron energy                 -151.43523311
 Two-electron energy                   49.93248862
 Virial quotient                       -1.00254001
 !RHF STATE  1.1 Dipole moment         -0.00001416    -0.00034674     0.00013032
 Dipole moment /Debye                  -0.00003599    -0.00088128     0.00033123

 Orbital energies:

         1.1          2.1          3.1          4.1          5.1          6.1          7.1          8.1          9.1
    -11.245712   -11.242099    -1.027901    -0.769463    -0.681638    -0.409160    -0.409154     0.018196     0.023391


 HOMO      7.1    -0.409154 =     -11.1336eV
 LUMO      8.1     0.018196 =       0.4951eV
 LUMO-HOMO         0.427350 =      11.6288eV


 **********************************************************************************************************************************
 DATASETS  * FILE   NREC   LENGTH (MB)   RECORD NAMES
              1      18       82.92       500      610      700      900      950      970     1000      129      960     1100   
                                          VAR    BASINP    GEOM    SYMINP    ZMAT    AOBASIS   BASIS     P2S    ABASIS      S 
                                         1400     1410     1200     1210     1080     1600     1650     1700   
                                           T        V       H0       H01     AOSYM     SMH    MOLCAS    OPER   

              2       5       92.86       700     1000      520     2101     2201   
                                         GEOM     BASIS   MCVARS     RHF      RHF  

 PROGRAMS   *        TOTAL   RHF-SCF       INT   RHF-SCF       INT
 CPU TIMES  *     54269.83  23960.53      3.07  30302.58      3.42
 REAL TIME  *     54466.98 SEC
 DISK USED  *       268.87 MB (local),        1.08 GB (total)
 SF USED    *        17.41 MB
 GA USED    *         0.00 MB       (max)       0.00 MB       (current)
 **********************************************************************************************************************************
 SETTING EA_HF          =       -76.85350843  AU                              

 Dummy atoms: C1  H1  C2  H2


 Recomputing one-electron integrals since nuclear charges changed


 PROGRAM * SEWARD (Integral evaluation for generally contracted gaussian basis sets)     Author: Roland Lindh, 1990

 Geometry written to block  1 of record 700


 Point group  C1  



 ATOMIC COORDINATES

 NR  ATOM    CHARGE       X              Y              Z

   1  C1      0.00   -1.145531861    0.105586677    1.113057956
   2  H1      0.00   -3.152132470    0.105401816    1.113070644
   3  C2      0.00    1.144888167    0.104957027    1.113551814
   4  H2      0.00    3.151455009    0.103676579    1.114424298
   5  C3      6.00   -4.781770182   -0.656658333    7.975121432
   6  H3      1.00   -4.797580819   -1.907569221    6.337842707
   7  H4      1.00   -4.879881606   -1.840135629    9.658094084
   8  H5      1.00   -6.487086668    0.494003573    7.913210933
   9  C4      6.00   -2.399709692    0.958302970    7.996039320
  10  H6      1.00   -2.431176782    2.230087184    9.621976912
  11  H7      1.00   -2.351962005    2.156797531    6.316458094
  12  C5      6.00    0.000088700   -0.625913025    8.072488822
  13  H8      1.00    0.000093863   -1.793366261    9.779027538
  14  H9      1.00    0.000215489   -1.926609922    6.467655561
  15  C6      6.00    2.399849181    0.958388138    7.996203490
  16  H10     1.00    2.431271216    2.230111675    9.622164107
  17  H11     1.00    2.352332172    2.156800133    6.316612656
  18  C7      6.00    4.781891466   -0.656640934    7.975517766
  19  H12     1.00    4.797726929   -1.907607038    6.338298592
  20  H13     1.00    6.487140202    0.494072529    7.913673903
  21  H14     1.00    4.879811839   -1.840015282    9.658571243

 Bond lengths in Bohr (Angstrom)

 1-2  2.006600618  1-3  2.290420167  3-4  2.006567440  5-6  2.060511987  5-7  2.059767295
     ( 1.061847319)     ( 1.212038156)     ( 1.061829762)     ( 1.090375986)     ( 1.089981912)

  5- 8  2.058144808   5- 9  2.877976675   9-10  2.064485000   9-11  2.063894898   9-12  2.876563431
       ( 1.089123329)       ( 1.522959670)       ( 1.092478414)       ( 1.092166146)       ( 1.522211813)

 12-13  2.067660863  12-14  2.065744957  12-15  2.876574350  15-16  2.064465069  15-17  2.063849448
       ( 1.094159009)       ( 1.093145155)       ( 1.522217592)       ( 1.092467867)       ( 1.092142095)

 15-18  2.877997959  18-19  2.060498381  18-20  2.058115495  18-21  2.059765097
       ( 1.522970933)       ( 1.090368786)       ( 1.089107817)       ( 1.089980749)

 Bond angles

  1- 3- 4  179.97569295   2- 1- 3  179.97542483   5- 9-10  109.80319948   5- 9-11  109.82129925

  5- 9-12  112.43635480   6- 5- 7  107.46138048   6- 5- 8  108.00794762   6- 5- 9  110.65807049

  7- 5- 8  107.83877017   7- 5- 9  110.84873120   8- 5- 9  111.85696862   9-12-13  109.44454118

  9-12-14  109.03665659   9-12-15  113.07578033  10- 9-11  106.47216280  10- 9-12  109.33264760

 11- 9-12  108.79210390  12-15-16  109.33448355  12-15-17  108.79502462  12-15-18  112.43309468

 13-12-14  106.59941203  13-12-15  109.44236494  14-12-15  109.03419184  15-18-19  110.65651945

 15-18-20  111.85327580  15-18-21  110.84700157  16-15-17  106.47582119  16-15-18  109.80036684

 17-15-18  109.81941995  19-18-20  108.01117091  19-18-21  107.46287923  20-18-21  107.84143554

 NUCLEAR CHARGE:                   42
 NUMBER OF PRIMITIVE AOS:        1624
 NUMBER OF SYMMETRY AOS:         1323
 NUMBER OF CONTRACTIONS:         1204   ( 1204A   )
 NUMBER OF CORE ORBITALS:           5   (    5A   )
 NUMBER OF VALENCE ORBITALS:       32   (   32A   )

 MOLECULE CHANGED: INITIALIZING OCCUPATION AND DUMP RECORDS


 NUCLEAR REPULSION ENERGY  185.73197226


 Eigenvalues of metric

         1 0.579E-06 0.650E-06 0.781E-06 0.845E-06 0.931E-06 0.121E-05 0.145E-05 0.170E-05


 OPERATOR DM      FOR CENTER  0  COORDINATES:    0.000000    0.000000    0.000000


 **********************************************************************************************************************************
 DATASETS  * FILE   NREC   LENGTH (MB)   RECORD NAMES
              1      18       82.92       500      610      700      900      950      970     1000      129      960     1100   
                                          VAR    BASINP    GEOM    SYMINP    ZMAT    AOBASIS   BASIS     P2S    ABASIS      S 
                                         1400     1410     1200     1210     1080     1600     1650     1700   
                                           T        V       H0       H01     AOSYM     SMH    MOLCAS    OPER   

              2       5       92.86       700     1000      520     2101     2201   
                                         GEOM     BASIS   MCVARS     RHF      RHF  

 PROGRAMS   *        TOTAL       INT   RHF-SCF       INT   RHF-SCF       INT
 CPU TIMES  *     54272.62      2.78  23960.53      3.07  30302.58      3.42
 REAL TIME  *     54470.00 SEC
 DISK USED  *       268.87 MB (local),        1.08 GB (total)
 SF USED    *        17.41 MB
 GA USED    *         0.00 MB       (max)       0.00 MB       (current)
 **********************************************************************************************************************************


 PROGRAM * RHF-SCF (CLOSED SHELL)       Authors: W. Meyer, H.-J. Werner


 NUMBER OF ELECTRONS:      21+   21-    SPACE SYMMETRY=1    SPIN SYMMETRY: Singlet 
 CONVERGENCE THRESHOLDS:    1.00E-04 (Density)    1.00E-09 (Energy)
 INTEGRAL THRESHOLDS:       1.00E-13 (Initial)    1.00E-13 (Final)
 MAX. NUMBER OF ITERATIONS:       60
 INTERPOLATION TYPE:            DIIS
 INTERPOLATION STEPS:              2 (START)      1 (STEP)
 LEVEL SHIFTS:                  0.00 (CLOSED)  0.00 (OPEN) 



 Orbital guess generated from atomic densities. Full valence occupancy:   37

 Molecular orbital dump at record        2301.2

 Initial occupancy:  21

 Direct Fock-matrix evaluation.        Authors: Roland Lindh & Martin Schuetz (1993/96)

 Integral Threshold:                  0.1D-12
 Threshold for writing integrals:     0.1D-06
 Prescreening on density matrix:        ON 
 Calculation will be performed fully direct        

 ITERATION   DDIFF            GRAD            ENERGY        2-EL.EN.            DIPOLE MOMENTS         DIIS   CPU(IT)  CPU(TOT)
    1      0.000D+00      0.000D+00      -196.34094605    502.166168   -0.00000    0.00357   -0.00277    0   3258.4   3290.5     start
    2      0.000D+00      0.137D-02      -196.40655968    496.588086    0.00000    0.01976    0.00143    1   3165.7   6456.1     diag
    3      0.119D-02      0.527D-03      -196.41478916    498.977648    0.00000    0.04223    0.00070    2   3087.8   9543.9     diag
    4      0.345D-03      0.169D-03      -196.41608796    498.414869    0.00000    0.03287    0.00047    3   3018.4  12562.3     diag
    5      0.179D-03      0.234D-04      -196.41611675    498.426279    0.00000    0.03342    0.00052    4   2857.0  15419.3     diag
    6      0.267D-04      0.841D-05      -196.41611919    498.421047    0.00000    0.03301    0.00045    5   2697.1  18116.4     diag
    7      0.716D-05      0.137D-05      -196.41611930    498.421441    0.00000    0.03254    0.00042    6   2541.0  20657.4     diag
    8      0.200D-05      0.260D-06      -196.41611930    498.421361    0.00000    0.03257    0.00043    7   2296.4  22953.9     diag
    9      0.346D-06      0.606D-07      -196.41611930    498.421340    0.00000    0.03256    0.00042    8   2116.7  25070.6     diag
   10      0.100D-06      0.152D-07      -196.41611930    498.421357    0.00000    0.03255    0.00043    0   1843.1  26913.6     orth

 Final occupancy:  21

 !RHF STATE  1.1 Energy              -196.416119301993
 Nuclear energy                       185.73197226
 One-electron energy                 -631.35876995
 Two-electron energy                  249.21067839
 Virial quotient                       -1.00049488
 !RHF STATE  1.1 Dipole moment          0.00000420     0.03255129     0.00042560
 Dipole moment /Debye                   0.00001069     0.08273170     0.00108171

 Orbital energies:

         1.1          2.1          3.1          4.1          5.1          6.1          7.1          8.1          9.1         10.1
    -11.211343   -11.211272   -11.208828   -11.206018   -11.206014    -1.081349    -1.015094    -0.918684    -0.819602    -0.785000

        11.1         12.1         13.1         14.1         15.1         16.1         17.1         18.1         19.1         20.1
     -0.648013    -0.598497    -0.592863    -0.553899    -0.547651    -0.525663    -0.494630    -0.475987    -0.461919    -0.459871

        21.1         22.1         23.1
     -0.446509     0.022967     0.028432


 HOMO     21.1    -0.446509 =     -12.1501eV
 LUMO     22.1     0.022967 =       0.6250eV
 LUMO-HOMO         0.469476 =      12.7751eV


 **********************************************************************************************************************************
 DATASETS  * FILE   NREC   LENGTH (MB)   RECORD NAMES
              1      18       82.92       500      610      700      900      950      970     1000      129      960     1100   
                                          VAR    BASINP    GEOM    SYMINP    ZMAT    AOBASIS   BASIS     P2S    ABASIS      S 
                                         1400     1410     1200     1210     1080     1600     1650     1700   
                                           T        V       H0       H01     AOSYM     SMH    MOLCAS    OPER   

              2       6      153.41       700     1000      520     2101     2201     2301   
                                         GEOM     BASIS   MCVARS     RHF      RHF      RHF  

 PROGRAMS   *        TOTAL   RHF-SCF       INT   RHF-SCF       INT   RHF-SCF       INT
 CPU TIMES  *     81188.49  26915.87      2.78  23960.53      3.07  30302.58      3.42
 REAL TIME  *     81446.61 SEC
 DISK USED  *       335.22 MB (local),        1.34 GB (total)
 SF USED    *        17.41 MB
 GA USED    *         0.00 MB       (max)       0.00 MB       (current)
 **********************************************************************************************************************************
 SETTING EB_HF          =      -196.41611930  AU                              
 SETTING E_AB_INT       =         0.00231942  AU                              

 *** results in hartree
 E_AB_INT         =         0.00231942 AU
 Molecular orbitals read from record     2301.2  Type=RHF/CANONICAL (state 1.1)
 Occupation numbers read from record     2301.2  Type=RHF/RHF (state 1.1)
 Orbital energies read from record       2301.2  Type=RHF/CANONICAL (state 1.1)
 Redundancy group numbers read from rec  2301.2  Type=RHF/RHF (state 1.1)

 RHF/aug-cc-pVQZ energy=   -196.416119301993

         RHF-SCF         RHF-SCF         RHF-SCF
   -196.41611930    -76.85350843   -273.26730831
 **********************************************************************************************************************************
 Molpro calculation terminated
Fri 22 Nov 2019 08:02:53 AM CET
