
 Primary working directories    : /scratch/sirous/79279/molpro.Cnsel3VBKv
 Secondary working directories  : /scratch/sirous/79279/molpro.Cnsel3VBKv
 Wavefunction directory         : /scratch/sirous/79279/
 Main file repository           : /scratch/sirous/79279/molpro.Cnsel3VBKv/

 id        : karlovklimes

 Nodes                      nprocs
 nc-08.cc.karlov.mff.cuni.cz    4

 Using customized tuning parameters: mindgm=1; mindgv=20; mindgc=4; mindgr=1; noblas=0; minvec=7
 default implementation of scratch files=sf  


 Variables initialized (934), CPU time= 0.01 sec
 ***,CH3C6H4CN+CF3CN+BF3
 memory,500,m
 gdirect
 gthresh,energy=1.d-8,twoint=1.d-19,oneint=1.d-19,zero=1.d-15,orbital=1.d-8,grid=1.d-8
 symmetry,nosym
 geomtyp=xyz
                                                                                 ! Geometry
 geometry={
 N1        -0.63864138    0.470916372     0.044568477
 H1        0.189954359    -0.113937162     -0.005773605
 H2        -1.300468945    0.081256802     -0.61366848
 C1        -1.19865882    0.391398577     1.391946599
 H3        -2.092737771    1.009244715     1.453167495
 H4        -1.462745512    -0.615843668     1.72945219
 H5        -0.480275539    0.798674912     2.101087305
 N2        2.0945117601426797    -0.4084524382887275     0.1690971079804491
 H6        2.39078043014268    -0.1339147032887275     -0.7588881350195509
 H7        2.71806142714268    -1.1561427542887275     0.44429197098044915
 C2        2.25474173614268    0.7267581547112725     1.0827724119804492
 H8        1.98455143214268    0.4120623747112725     2.088425520980449
 H9        3.26215204714268    1.1485347137112727     1.1197441459804491
 H10        1.56220135314268    1.5125336367112725     0.7901151659804491
 }
 
 
 
 basis=avqz
 
 
 
                                                                                 ! Dimer Calculation
 {rks,pbe,accu=1.d-8;orbital,2101.2}
 eab_PBE=energy
 
 
                                                                                 !monomer A
 dummy,8,9,10,11,12,13,14;                                                       ! NOW MONOMER B IS DUMMY
 {rks,pbe,accu=1.d-8;orbital,2201.2}
 ea_PBE=energy
                                                                                 !monomer B
 dummy,1,2,3,4,5,6,7;                                                            !NOW MONOMER A IS DUMMY
 {rks,pbe,accu=1.d-8;orbital,2301.2}
 eb_PBE=energy
 
 E_AB_int=eab_PBE-ea_PBE-eb_PBE
 
 
 text,results in hartree
 show,E_AB_int
 
 Commands  initialized (763), CPU time= 0.02 sec, 617 directives.
 Default parameters read. Elapsed time= 0.19 sec

 Checking input...
 Passed
1


                                         ***  PROGRAM SYSTEM MOLPRO  ***
                                       Copyright, TTI GmbH Stuttgart, 2015
                                    Version 2019.2 linked Jun  8 2019 11:26:33


 **********************************************************************************************************************************
 LABEL *   CH3C6H4CN+CF3CN+BF3                                                           
  64 bit mpp version                                                                     DATE: 26-Oct-19          TIME: 11:10:24  
 **********************************************************************************************************************************

 SHA1:             8135a10abc80eafa5b3ae28ffc55be4890dc4c84
 **********************************************************************************************************************************

 THRESHOLDS:

 ZERO    =  1.00D-15  ONEINT  =  1.00D-19  TWOINT  =  1.00D-19  PREFAC  =  1.00D-14  XXXXXX  =  1.00D-09  EORDER  =  1.00D-04
 ENERGY  =  1.00D-08  ETEST   =  0.00D+00  EDENS   =  0.00D+00  THRDEDEF=  1.00D-06  GRADIENT=  1.00D-02  STEP    =  1.00D-03
 ORBITAL =  1.00D-08  CIVEC   =  1.00D-05  COEFF   =  1.00D-04  PRINTCI =  5.00D-02  PUNCHCI =  9.90D+01  OPTGRAD =  3.00D-04
 OPTENERG=  1.00D-06  OPTSTEP =  3.00D-04  THRGRAD =  1.00D-10  COMPRESS=  1.00D-11  VARMIN  =  1.00D-07  VARMAX  =  1.00D-03
 THRDOUB =  0.00D+00  THRDIV  =  1.00D-05  THRRED  =  1.00D-07  THRPSP  =  1.00D+00  THRDC   =  1.00D-10  THRCS   =  1.00D-10
 THRNRM  =  1.00D-08  THREQ   =  0.00D+00  THRDE   =  1.00D+00  THRREF  =  1.00D-05  SPARFAC =  1.00D+00  THRDLP  =  1.00D-07
 THRDIA  =  1.00D-10  THRDLS  =  1.00D-07  THRGPS  =  0.00D+00  THRKEX  =  0.00D+00  THRDIS  =  2.00D-01  THRVAR  =  1.00D-10
 THRLOC  =  1.00D-06  THRGAP  =  1.00D-06  THRLOCT = -1.00D+00  THRGAPT = -1.00D+00  THRORB  =  1.00D-06  THRMLTP =  0.00D+00
 THRCPQCI=  1.00D-10  KEXTA   =  0.00D+00  THRCOARS=  0.00D+00  SYMTOL  =  1.00D-06  GRADTOL =  1.00D-06  THROVL  =  1.00D-08
 THRORTH =  1.00D-08  GRID    =  1.00D-08  GRIDMAX =  1.00D-03  DTMAX   =  0.00D+00  THROCCDE=  1.00D-01  THROCCDE=  1.00D-01
 THRPRINT=  2.50D-01


 Variable memory set to  500000000 words,  buffer space 

 SETTING GEOMTYP        =    XYZ
 ZSYMEL=NOSYM

 SETTING BASIS          =    AVQZ


 Recomputing integrals since basis changed


 Using spherical harmonics

 Library entry N      S aug-cc-pVQZ          selected for orbital group  1
 Library entry N      P aug-cc-pVQZ          selected for orbital group  1
 Library entry N      D aug-cc-pVQZ          selected for orbital group  1
 Library entry N      F aug-cc-pVQZ          selected for orbital group  1
 Library entry N      G aug-cc-pVQZ          selected for orbital group  1
 Library entry H      S aug-cc-pVQZ          selected for orbital group  2
 Library entry H      P aug-cc-pVQZ          selected for orbital group  2
 Library entry H      D aug-cc-pVQZ          selected for orbital group  2
 Library entry H      F aug-cc-pVQZ          selected for orbital group  2
 Library entry C      S aug-cc-pVQZ          selected for orbital group  3
 Library entry C      P aug-cc-pVQZ          selected for orbital group  3
 Library entry C      D aug-cc-pVQZ          selected for orbital group  3
 Library entry C      F aug-cc-pVQZ          selected for orbital group  3
 Library entry C      G aug-cc-pVQZ          selected for orbital group  3


 PROGRAM * SEWARD (Integral evaluation for generally contracted gaussian basis sets)     Author: Roland Lindh, 1990

 Geometry written to block  1 of record 700


 Point group  C1  



 ATOMIC COORDINATES

 NR  ATOM    CHARGE       X              Y              Z

   1  N1      7.00   -1.206857300    0.889902971    0.084222215
   2  H1      1.00    0.358961715   -0.215310032   -0.010910532
   3  H2      1.00   -2.457530140    0.153553102   -1.159665358
   4  C1      6.00   -2.265136887    0.739636116    2.630397852
   5  H3      1.00   -3.954701238    1.907196104    2.746088579
   6  H4      1.00   -2.764188408   -1.163775868    3.268190985
   7  H5      1.00   -0.907589233    1.509276846    3.970479570
   8  N2      7.00    3.958053591   -0.771863243    0.319547223
   9  H6      1.00    4.517920237   -0.253062113   -1.434090734
  10  H7      1.00    5.136391687   -2.184793167    0.839590144
  11  C2      6.00    4.260844363    1.373373871    2.046143314
  12  H8      1.00    3.750258687    0.778685034    3.946552266
  13  H9      1.00    6.164573946    2.170416053    2.116009765
  14  H10     1.00    2.952132709    2.858274328    1.493101271

 Bond lengths in Bohr (Angstrom)

 1-2  1.918941168  1-3  1.911452322  1-4  2.761439151  4-5  2.056990123  4-6  2.068528386
     ( 1.015459935)     ( 1.011497008)     ( 1.461290668)     ( 1.088512296)     ( 1.094618082)

  4- 7  2.056964146   8- 9  1.912551008   8-10  1.911882914   8-11  2.770353514  11-12  2.055701032
       ( 1.088498550)       ( 1.012078408)       ( 1.011724868)       ( 1.466007946)       ( 1.087830138)

 11-13  2.065028786  11-14  2.055118259
       ( 1.092766173)       ( 1.087521749)

 Bond angles

  1-4-5  109.61825688   1-4-6  115.26640673   1-4-7  109.11184884   2-1-3  106.24620114

  2-1-4  109.09178005   3-1-4  109.16631862   5-4-6  107.86599269   5-4-7  107.04188174

  6- 4- 7  107.61673376   8-11-12  108.96566474   8-11-13  114.88035325   8-11-14  108.79498984

  9- 8-10  105.63187803   9- 8-11  109.23286158  10- 8-11  109.59570301  12-11-13  108.02032199

 12-11-14  107.43539387  13-11-14  108.49916731

 NUCLEAR CHARGE:                   36
 NUMBER OF PRIMITIVE AOS:        1042
 NUMBER OF SYMMETRY AOS:          852
 NUMBER OF CONTRACTIONS:          780   (  780A   )
 NUMBER OF CORE ORBITALS:           4   (    4A   )
 NUMBER OF VALENCE ORBITALS:       26   (   26A   )


 NUCLEAR REPULSION ENERGY  135.97116400


 Eigenvalues of metric

         1 0.274E-05 0.455E-05 0.562E-05 0.631E-05 0.756E-05 0.862E-05 0.984E-05 0.116E-04


 OPERATOR DM      FOR CENTER  0  COORDINATES:    0.000000    0.000000    0.000000


 **********************************************************************************************************************************
 DATASETS  * FILE   NREC   LENGTH (MB)   RECORD NAMES
              1      18       52.35       500      610      700      900      950      970     1000      129      960     1100   
                                          VAR    BASINP    GEOM    SYMINP    ZMAT    AOBASIS   BASIS     P2S    ABASIS      S 
                                         1400     1410     1200     1210     1080     1600     1650     1700   
                                           T        V       H0       H01     AOSYM     SMH    MOLCAS    OPER   

 PROGRAMS   *        TOTAL       INT
 CPU TIMES  *         1.44      1.25
 REAL TIME  *         2.76 SEC
 DISK USED  *        53.09 MB (local),      212.35 MB (total)
 GA USED    *         0.00 MB       (max)       0.00 MB       (current)
 **********************************************************************************************************************************

 Density functional group PBE=PBEX+PBEC
 Functional: PBEX(Automatically generated (new) PBEX)                          Gradient terms: 1
 Functional: PBEC(Automatically generated (new) PBEC)                          Gradient terms: 1
 Use libxcgrid:  F
 Use grid at  1800.2

 Functional: PBEX                      Factor:  1.0000
 Functional: PBEC                      Factor:  1.0000

 Generated new metagrid on record  1800.2 with target accuracy 1.0D-08 and 119524 points in CPU time    0.3
 Computed new grid on record 1800.1 in CPU time    0.4
  627086 words reserved for DFT integration

 PROGRAM * RKS-SCF (Restricted closed shell Kohn-Sham)     Authors: W. Meyer, H.-J. Werner, P.J. Knowles, 1993

 NUMBER OF ELECTRONS:      18+   18-    SPACE SYMMETRY=1    SPIN SYMMETRY: Singlet 
 CONVERGENCE THRESHOLDS:    1.00E-04 (Density)    1.00E-08 (Energy)
 INTEGRAL THRESHOLDS:       1.00E-12 (Initial)    1.00E-12 (Final)
 MAX. NUMBER OF ITERATIONS:       60
 INTERPOLATION TYPE:            DIIS
 INTERPOLATION STEPS:              2 (START)      1 (STEP)
 LEVEL SHIFTS:                  0.00 (CLOSED)  0.00 (OPEN) 



 Use fine grid record 1800.2 for energy threshold  1.0D-08
 Orbital guess generated from atomic densities. Full valence occupancy:   30

 Molecular orbital dump at record        2101.2

 Initial occupancy:  18

 Direct Fock-matrix evaluation.        Authors: Roland Lindh & Martin Schuetz (1993/96)

 Integral Threshold:                  0.1D-11
 Threshold for writing integrals:     0.1D-06
 Prescreening on density matrix:        ON 
 Calculation will be performed fully direct        

 ITERATION   DDIFF            GRAD            ENERGY        2-EL.EN.            DIPOLE MOMENTS         DIIS   CPU(IT)  CPU(TOT)
    1      0.000D+00      0.000D+00      -191.28718683    471.456670    0.84368   -0.67794    0.06297    0    546.3    564.9     start
    2      0.000D+00      0.443D-02      -190.62188332    425.335291   -0.04383   -0.00696    0.02001    1    547.9   1112.9     diag
    3      0.142D-01      0.818D-02      -191.53775793    456.926943    0.67923   -0.41252    0.15259    2    547.3   1660.2     diag
    4      0.132D-01      0.973D-03      -191.54714823    456.009878    0.66973   -0.40564   -0.02293    3    521.7   2181.8     diag
    5      0.721D-03      0.453D-03      -191.54944421    455.616397    0.65214   -0.42070    0.03132    4    511.4   2693.2     diag
    6      0.292D-03      0.981D-04      -191.54954494    455.700822    0.65487   -0.40551    0.02306    5    495.8   3189.1     diag
    7      0.608D-04      0.338D-04      -191.54955637    455.710038    0.65359   -0.41189    0.02601    6    473.6   3662.7     diag
    8      0.217D-04      0.123D-04      -191.54955796    455.721892    0.65484   -0.41045    0.02722    7    458.1   4120.8     diag
    9      0.693D-05      0.254D-05      -191.54955804    455.723155    0.65459   -0.41065    0.02644    8    433.7   4554.5     diag
   10      0.154D-05      0.459D-06      -191.54955804    455.722793    0.65459   -0.41064    0.02646    9    398.7   4953.2     orth
   11      0.410D-06      0.249D-06      -191.54955804    455.722557    0.65462   -0.41064    0.02650    0    387.1   5340.4     orth

 Final occupancy:  18

 !RKS STATE  1.1 Energy              -191.549558041955
 Nuclear energy                       135.97116400
 One-electron energy                 -527.19783985
 Two-electron energy                  227.86127860
 Density functional                   -28.18416079     PBEX=-27.03066814 PBEC= -1.15349265
 Virial quotient                       -1.00400083
 !RKS STATE  1.1 Dipole moment          0.65461562    -0.41063764     0.02649783
 Dipole moment /Debye                   1.66375796    -1.04366842     0.06734635

 Orbital energies:

         1.1          2.1          3.1          4.1          5.1          6.1          7.1          8.1          9.1         10.1
    -13.976660   -13.935179    -9.896331    -9.879293    -0.813781    -0.777330    -0.602629    -0.579036    -0.453876    -0.428287

        11.1         12.1         13.1         14.1         15.1         16.1         17.1         18.1         19.1         20.1
     -0.398203    -0.377289    -0.361588    -0.338798    -0.328586    -0.308502    -0.216745    -0.179677    -0.025989    -0.005814


 HOMO     18.1    -0.179677 =      -4.8893eV
 LUMO     19.1    -0.025989 =      -0.7072eV
 LUMO-HOMO         0.153688 =       4.1821eV


 **********************************************************************************************************************************
 DATASETS  * FILE   NREC   LENGTH (MB)   RECORD NAMES
              1      19       52.35       500      610      700      900      950      970     1000      129      960     1100   
                                          VAR    BASINP    GEOM    SYMINP    ZMAT    AOBASIS   BASIS     P2S    ABASIS      S 
                                         1400     1410     1200     1210     1080     1600     1650     1700     1800   
                                           T        V       H0       H01     AOSYM     SMH    MOLCAS    OPER     GRID   

              2       5       15.30       700     1000      520     1800     2101   
                                         GEOM     BASIS   MCVARS    GRID      RKS  

 PROGRAMS   *        TOTAL   RKS-SCF       INT
 CPU TIMES  *      5343.20   5341.76      1.25
 REAL TIME  *      5360.61 SEC
 DISK USED  *       111.68 MB (local),      446.71 MB (total)
 SF USED    *         7.31 MB
 GA USED    *         3.89 MB       (max)       3.89 MB       (current)
 **********************************************************************************************************************************
 SETTING EAB_PBE        =      -191.54955804  AU                              

 Dummy atoms: N2  H6  H7  C2  H8  H9  H10


 Recomputing one-electron integrals since nuclear charges changed


 PROGRAM * SEWARD (Integral evaluation for generally contracted gaussian basis sets)     Author: Roland Lindh, 1990

 Geometry written to block  1 of record 700


 Point group  C1  



 ATOMIC COORDINATES

 NR  ATOM    CHARGE       X              Y              Z

   1  N1      7.00   -1.206857300    0.889902971    0.084222215
   2  H1      1.00    0.358961715   -0.215310032   -0.010910532
   3  H2      1.00   -2.457530140    0.153553102   -1.159665358
   4  C1      6.00   -2.265136887    0.739636116    2.630397852
   5  H3      1.00   -3.954701238    1.907196104    2.746088579
   6  H4      1.00   -2.764188408   -1.163775868    3.268190985
   7  H5      1.00   -0.907589233    1.509276846    3.970479570
   8  N2      0.00    3.958053591   -0.771863243    0.319547223
   9  H6      0.00    4.517920237   -0.253062113   -1.434090734
  10  H7      0.00    5.136391687   -2.184793167    0.839590144
  11  C2      0.00    4.260844363    1.373373871    2.046143314
  12  H8      0.00    3.750258687    0.778685034    3.946552266
  13  H9      0.00    6.164573946    2.170416053    2.116009765
  14  H10     0.00    2.952132709    2.858274328    1.493101271

 Bond lengths in Bohr (Angstrom)

 1-2  1.918941168  1-3  1.911452322  1-4  2.761439151  4-5  2.056990123  4-6  2.068528386
     ( 1.015459935)     ( 1.011497008)     ( 1.461290668)     ( 1.088512296)     ( 1.094618082)

  4- 7  2.056964146   8- 9  1.912551008   8-10  1.911882914   8-11  2.770353514  11-12  2.055701032
       ( 1.088498550)       ( 1.012078408)       ( 1.011724868)       ( 1.466007946)       ( 1.087830138)

 11-13  2.065028786  11-14  2.055118259
       ( 1.092766173)       ( 1.087521749)

 Bond angles

  1-4-5  109.61825688   1-4-6  115.26640673   1-4-7  109.11184884   2-1-3  106.24620114

  2-1-4  109.09178005   3-1-4  109.16631862   5-4-6  107.86599269   5-4-7  107.04188174

  6- 4- 7  107.61673376   8-11-12  108.96566474   8-11-13  114.88035325   8-11-14  108.79498984

  9- 8-10  105.63187803   9- 8-11  109.23286158  10- 8-11  109.59570301  12-11-13  108.02032199

 12-11-14  107.43539387  13-11-14  108.49916731

 NUCLEAR CHARGE:                   18
 NUMBER OF PRIMITIVE AOS:        1042
 NUMBER OF SYMMETRY AOS:          852
 NUMBER OF CONTRACTIONS:          780   (  780A   )
 NUMBER OF CORE ORBITALS:           2   (    2A   )
 NUMBER OF VALENCE ORBITALS:       13   (   13A   )

 MOLECULE CHANGED: INITIALIZING OCCUPATION AND DUMP RECORDS


 NUCLEAR REPULSION ENERGY   42.09217566


 Eigenvalues of metric

         1 0.274E-05 0.455E-05 0.562E-05 0.631E-05 0.756E-05 0.862E-05 0.984E-05 0.116E-04


 OPERATOR DM      FOR CENTER  0  COORDINATES:    0.000000    0.000000    0.000000


 **********************************************************************************************************************************
 DATASETS  * FILE   NREC   LENGTH (MB)   RECORD NAMES
              1      19       52.35       500      610      700      900      950      970     1000      129      960     1100   
                                          VAR    BASINP    GEOM    SYMINP    ZMAT    AOBASIS   BASIS     P2S    ABASIS      S 
                                         1400     1410     1200     1210     1080     1600     1650     1700     1800   
                                           T        V       H0       H01     AOSYM     SMH    MOLCAS    OPER     GRID   

              2       5       15.30       700     1000      520     1800     2101   
                                         GEOM     BASIS   MCVARS    GRID      RKS  

 PROGRAMS   *        TOTAL       INT   RKS-SCF       INT
 CPU TIMES  *      5344.09      0.88   5341.76      1.25
 REAL TIME  *      5361.65 SEC
 DISK USED  *       111.68 MB (local),      446.71 MB (total)
 SF USED    *         7.31 MB
 GA USED    *         3.89 MB       (max)       3.89 MB       (current)
 **********************************************************************************************************************************

 Density functional group PBE=PBEX+PBEC
 Functional: PBEX(Automatically generated (new) PBEX)                          Gradient terms: 1
 Functional: PBEC(Automatically generated (new) PBEC)                          Gradient terms: 1
 Use libxcgrid:  F
 Use grid at  1800.2

 Functional: PBEX                      Factor:  1.0000
 Functional: PBEC                      Factor:  1.0000

 Generated new metagrid on record  1800.2 with target accuracy 1.0D-08 and 119524 points in CPU time    0.3
 Computed new grid on record 1800.1 in CPU time    0.4
  627086 words reserved for DFT integration

 PROGRAM * RKS-SCF (Restricted closed shell Kohn-Sham)     Authors: W. Meyer, H.-J. Werner, P.J. Knowles, 1993

 NUMBER OF ELECTRONS:       9+    9-    SPACE SYMMETRY=1    SPIN SYMMETRY: Singlet 
 CONVERGENCE THRESHOLDS:    1.00E-04 (Density)    1.00E-08 (Energy)
 INTEGRAL THRESHOLDS:       1.00E-12 (Initial)    1.00E-12 (Final)
 MAX. NUMBER OF ITERATIONS:       60
 INTERPOLATION TYPE:            DIIS
 INTERPOLATION STEPS:              2 (START)      1 (STEP)
 LEVEL SHIFTS:                  0.00 (CLOSED)  0.00 (OPEN) 



 Use fine grid record 1800.2 for energy threshold  1.0D-08
 Orbital guess generated from atomic densities. Full valence occupancy:   15

 Molecular orbital dump at record        2201.2

 Initial occupancy:   9

 Direct Fock-matrix evaluation.        Authors: Roland Lindh & Martin Schuetz (1993/96)

 Integral Threshold:                  0.1D-11
 Threshold for writing integrals:     0.1D-06
 Prescreening on density matrix:        ON 
 Calculation will be performed fully direct        

 ITERATION   DDIFF            GRAD            ENERGY        2-EL.EN.            DIPOLE MOMENTS         DIIS   CPU(IT)  CPU(TOT)
    1      0.000D+00      0.000D+00       -95.63675272    183.588164   -0.14803   -0.82342    0.11622    0    536.0    553.2     start
    2      0.000D+00      0.449D-02       -95.30014946    161.571317   -0.01537    0.34256    0.09045    1    537.9   1091.2     diag
    3      0.655D-02      0.824D-02       -95.76856627    176.349654   -0.14022   -0.57492    0.16682    2    537.0   1628.2     diag
    4      0.546D-02      0.918D-03       -95.77257893    176.014869   -0.09023   -0.49357    0.06779    3    509.5   2137.7     diag
    5      0.475D-03      0.423D-03       -95.77362447    175.835313   -0.10169   -0.49989    0.09199    4    497.9   2635.6     diag
    6      0.190D-03      0.703D-04       -95.77365242    175.854387   -0.10153   -0.49969    0.09250    5    476.3   3112.0     diag
    7      0.261D-04      0.723D-05       -95.77365276    175.865061   -0.10204   -0.50080    0.09320    6    443.5   3555.5     diag
    8      0.459D-05      0.800D-06       -95.77365277    175.864592   -0.10182   -0.50054    0.09289    7    391.3   3946.8     diag
    9      0.489D-06      0.219D-06       -95.77365277    175.864494   -0.10192   -0.50064    0.09299    0    354.5   4301.3     orth

 Final occupancy:   9

 !RKS STATE  1.1 Energy               -95.773652767903
 Nuclear energy                        42.09217566
 One-electron energy                 -211.71908883
 Two-electron energy                   87.93224680
 Density functional                   -14.07898640     PBEX=-13.50620029 PBEC= -0.57278611
 Virial quotient                       -1.00434571
 !RKS STATE  1.1 Dipole moment         -0.10191586    -0.50064225     0.09299224
 Dipole moment /Debye                  -0.25902732    -1.27242234     0.23634722

 Orbital energies:

         1.1          2.1          3.1          4.1          5.1          6.1          7.1          8.1          9.1         10.1
    -13.964171    -9.894114    -0.801190    -0.595974    -0.442108    -0.395153    -0.357818    -0.323589    -0.201125    -0.022582

        11.1
      0.001388


 HOMO      9.1    -0.201125 =      -5.4729eV
 LUMO     10.1    -0.022582 =      -0.6145eV
 LUMO-HOMO         0.178543 =       4.8584eV


 **********************************************************************************************************************************
 DATASETS  * FILE   NREC   LENGTH (MB)   RECORD NAMES
              1      19       52.35       500      610      700      900      950      970     1000      129      960     1100   
                                          VAR    BASINP    GEOM    SYMINP    ZMAT    AOBASIS   BASIS     P2S    ABASIS      S 
                                         1400     1410     1200     1210     1080     1600     1650     1700     1800   
                                           T        V       H0       H01     AOSYM     SMH    MOLCAS    OPER     GRID   

              2       6       42.17       700     1000      520     1800     2101     2201   
                                         GEOM     BASIS   MCVARS    GRID      RKS      RKS  

 PROGRAMS   *        TOTAL   RKS-SCF       INT   RKS-SCF       INT
 CPU TIMES  *      9646.83   4302.74      0.88   5341.76      1.25
 REAL TIME  *      9675.81 SEC
 DISK USED  *       133.68 MB (local),      534.70 MB (total)
 SF USED    *         7.31 MB
 GA USED    *         3.89 MB       (max)       3.89 MB       (current)
 **********************************************************************************************************************************
 SETTING EA_PBE         =       -95.77365277  AU                              

 Dummy atoms: N1  H1  H2  C1  H3  H4  H5


 Recomputing one-electron integrals since nuclear charges changed


 PROGRAM * SEWARD (Integral evaluation for generally contracted gaussian basis sets)     Author: Roland Lindh, 1990

 Geometry written to block  1 of record 700


 Point group  C1  



 ATOMIC COORDINATES

 NR  ATOM    CHARGE       X              Y              Z

   1  N1      0.00   -1.206857300    0.889902971    0.084222215
   2  H1      0.00    0.358961715   -0.215310032   -0.010910532
   3  H2      0.00   -2.457530140    0.153553102   -1.159665358
   4  C1      0.00   -2.265136887    0.739636116    2.630397852
   5  H3      0.00   -3.954701238    1.907196104    2.746088579
   6  H4      0.00   -2.764188408   -1.163775868    3.268190985
   7  H5      0.00   -0.907589233    1.509276846    3.970479570
   8  N2      7.00    3.958053591   -0.771863243    0.319547223
   9  H6      1.00    4.517920237   -0.253062113   -1.434090734
  10  H7      1.00    5.136391687   -2.184793167    0.839590144
  11  C2      6.00    4.260844363    1.373373871    2.046143314
  12  H8      1.00    3.750258687    0.778685034    3.946552266
  13  H9      1.00    6.164573946    2.170416053    2.116009765
  14  H10     1.00    2.952132709    2.858274328    1.493101271

 Bond lengths in Bohr (Angstrom)

 1-2  1.918941168  1-3  1.911452322  1-4  2.761439151  4-5  2.056990123  4-6  2.068528386
     ( 1.015459935)     ( 1.011497008)     ( 1.461290668)     ( 1.088512296)     ( 1.094618082)

  4- 7  2.056964146   8- 9  1.912551008   8-10  1.911882914   8-11  2.770353514  11-12  2.055701032
       ( 1.088498550)       ( 1.012078408)       ( 1.011724868)       ( 1.466007946)       ( 1.087830138)

 11-13  2.065028786  11-14  2.055118259
       ( 1.092766173)       ( 1.087521749)

 Bond angles

  1-4-5  109.61825688   1-4-6  115.26640673   1-4-7  109.11184884   2-1-3  106.24620114

  2-1-4  109.09178005   3-1-4  109.16631862   5-4-6  107.86599269   5-4-7  107.04188174

  6- 4- 7  107.61673376   8-11-12  108.96566474   8-11-13  114.88035325   8-11-14  108.79498984

  9- 8-10  105.63187803   9- 8-11  109.23286158  10- 8-11  109.59570301  12-11-13  108.02032199

 12-11-14  107.43539387  13-11-14  108.49916731

 NUCLEAR CHARGE:                   18
 NUMBER OF PRIMITIVE AOS:        1042
 NUMBER OF SYMMETRY AOS:          852
 NUMBER OF CONTRACTIONS:          780   (  780A   )
 NUMBER OF CORE ORBITALS:           2   (    2A   )
 NUMBER OF VALENCE ORBITALS:       13   (   13A   )

 MOLECULE CHANGED: INITIALIZING OCCUPATION AND DUMP RECORDS


 NUCLEAR REPULSION ENERGY   42.05982949


 Eigenvalues of metric

         1 0.274E-05 0.455E-05 0.562E-05 0.631E-05 0.756E-05 0.862E-05 0.984E-05 0.116E-04


 OPERATOR DM      FOR CENTER  0  COORDINATES:    0.000000    0.000000    0.000000


 **********************************************************************************************************************************
 DATASETS  * FILE   NREC   LENGTH (MB)   RECORD NAMES
              1      19       52.35       500      610      700      900      950      970     1000      129      960     1100   
                                          VAR    BASINP    GEOM    SYMINP    ZMAT    AOBASIS   BASIS     P2S    ABASIS      S 
                                         1400     1410     1200     1210     1080     1600     1650     1700     1800   
                                           T        V       H0       H01     AOSYM     SMH    MOLCAS    OPER     GRID   

              2       6       42.17       700     1000      520     1800     2101     2201   
                                         GEOM     BASIS   MCVARS    GRID      RKS      RKS  

 PROGRAMS   *        TOTAL       INT   RKS-SCF       INT   RKS-SCF       INT
 CPU TIMES  *      9647.69      0.86   4302.74      0.88   5341.76      1.25
 REAL TIME  *      9676.83 SEC
 DISK USED  *       133.68 MB (local),      534.70 MB (total)
 SF USED    *         7.31 MB
 GA USED    *         3.89 MB       (max)       3.89 MB       (current)
 **********************************************************************************************************************************

 Density functional group PBE=PBEX+PBEC
 Functional: PBEX(Automatically generated (new) PBEX)                          Gradient terms: 1
 Functional: PBEC(Automatically generated (new) PBEC)                          Gradient terms: 1
 Use libxcgrid:  F
 Use grid at  1800.2

 Functional: PBEX                      Factor:  1.0000
 Functional: PBEC                      Factor:  1.0000

 Generated new metagrid on record  1800.2 with target accuracy 1.0D-08 and 119524 points in CPU time    0.4
 Computed new grid on record 1800.1 in CPU time    0.5
  627086 words reserved for DFT integration

 PROGRAM * RKS-SCF (Restricted closed shell Kohn-Sham)     Authors: W. Meyer, H.-J. Werner, P.J. Knowles, 1993

 NUMBER OF ELECTRONS:       9+    9-    SPACE SYMMETRY=1    SPIN SYMMETRY: Singlet 
 CONVERGENCE THRESHOLDS:    1.00E-04 (Density)    1.00E-08 (Energy)
 INTEGRAL THRESHOLDS:       1.00E-12 (Initial)    1.00E-12 (Final)
 MAX. NUMBER OF ITERATIONS:       60
 INTERPOLATION TYPE:            DIIS
 INTERPOLATION STEPS:              2 (START)      1 (STEP)
 LEVEL SHIFTS:                  0.00 (CLOSED)  0.00 (OPEN) 



 Use fine grid record 1800.2 for energy threshold  1.0D-08
 Orbital guess generated from atomic densities. Full valence occupancy:   15

 Molecular orbital dump at record        2301.2

 Initial occupancy:   9

 Direct Fock-matrix evaluation.        Authors: Roland Lindh & Martin Schuetz (1993/96)

 Integral Threshold:                  0.1D-11
 Threshold for writing integrals:     0.1D-06
 Prescreening on density matrix:        ON 
 Calculation will be performed fully direct        

 ITERATION   DDIFF            GRAD            ENERGY        2-EL.EN.            DIPOLE MOMENTS         DIIS   CPU(IT)  CPU(TOT)
    1      0.000D+00      0.000D+00       -95.63702005    183.514919    0.82022    0.19517   -0.05512    0    535.8    553.1     start
    2      0.000D+00      0.449D-02       -95.30166822    161.539598   -0.31841    0.06158    0.13395    1    535.8   1088.9     diag
    3      0.541D-02      0.822D-02       -95.76846089    176.288626    0.58020    0.21165    0.02326    2    534.5   1623.4     diag
    4      0.401D-02      0.925D-03       -95.77254727    175.955615    0.49359    0.11830   -0.03203    3    508.2   2131.5     diag
    5      0.495D-03      0.423D-03       -95.77359676    175.775161    0.50116    0.14120   -0.01561    4    497.1   2628.6     diag
    6      0.191D-03      0.704D-04       -95.77362477    175.793983    0.50117    0.14092   -0.01538    5    475.7   3104.3     diag
    7      0.288D-04      0.730D-05       -95.77362511    175.804693    0.50222    0.14178   -0.01511    6    444.2   3548.5     diag
    8      0.403D-05      0.799D-06       -95.77362512    175.804208    0.50200    0.14141   -0.01525    7    391.8   3940.3     diag
    9      0.494D-06      0.210D-06       -95.77362512    175.804127    0.50207    0.14156   -0.01522    0    357.2   4297.5     orth

 Final occupancy:   9

 !RKS STATE  1.1 Energy               -95.773625119708
 Nuclear energy                        42.05982949
 One-electron energy                 -211.65597983
 Two-electron energy                   87.90206332
 Density functional                   -14.07953810     PBEX=-13.50683722 PBEC= -0.57270088
 Virial quotient                       -1.00431657
 !RKS STATE  1.1 Dipole moment          0.50207236     0.14155786    -0.01522265
 Dipole moment /Debye                   1.27605708     0.35978063    -0.03868959

 Orbital energies:

         1.1          2.1          3.1          4.1          5.1          6.1          7.1          8.1          9.1         10.1
    -13.963633    -9.894287    -0.800321    -0.596611    -0.441020    -0.394943    -0.357994    -0.324272    -0.201120    -0.022449

        11.1
      0.001310


 HOMO      9.1    -0.201120 =      -5.4727eV
 LUMO     10.1    -0.022449 =      -0.6109eV
 LUMO-HOMO         0.178671 =       4.8619eV


 **********************************************************************************************************************************
 DATASETS  * FILE   NREC   LENGTH (MB)   RECORD NAMES
              1      19       52.35       500      610      700      900      950      970     1000      129      960     1100   
                                          VAR    BASINP    GEOM    SYMINP    ZMAT    AOBASIS   BASIS     P2S    ABASIS      S 
                                         1400     1410     1200     1210     1080     1600     1650     1700     1800   
                                           T        V       H0       H01     AOSYM     SMH    MOLCAS    OPER     GRID   

              2       7       69.04       700     1000      520     1800     2101     2201     2301   
                                         GEOM     BASIS   MCVARS    GRID      RKS      RKS      RKS  

 PROGRAMS   *        TOTAL   RKS-SCF       INT   RKS-SCF       INT   RKS-SCF       INT
 CPU TIMES  *     13946.71   4299.01      0.86   4302.74      0.88   5341.76      1.25
 REAL TIME  *     13987.66 SEC
 DISK USED  *       160.55 MB (local),      642.19 MB (total)
 SF USED    *         7.31 MB
 GA USED    *         3.89 MB       (max)       3.89 MB       (current)
 **********************************************************************************************************************************
 SETTING EB_PBE         =       -95.77362512  AU                              
 SETTING E_AB_INT       =        -0.00228015  AU                              

 *** results in hartree
 E_AB_INT         =        -0.00228015 AU
 Molecular orbitals read from record     2301.2  Type=RKS/CANONICAL (state 1.1)
 Occupation numbers read from record     2301.2  Type=RKS/RHF (state 1.1)
 Orbital energies read from record       2301.2  Type=RKS/CANONICAL (state 1.1)
 Redundancy group numbers read from rec  2301.2  Type=RKS/RHF (state 1.1)

 RPBE/aug-cc-pVQZ energy=    -95.773625119708

         RKS-SCF         RKS-SCF         RKS-SCF
    -95.77362512    -95.77365277   -191.54955804
 **********************************************************************************************************************************
 Molpro calculation terminated
