
 Primary working directories    : /scratch/sirous/44055/molpro.sRQs8LONiv
 Secondary working directories  : /scratch/sirous/44055/molpro.sRQs8LONiv
 Wavefunction directory         : /scratch/sirous/44055/
 Main file repository           : /scratch/sirous/44055/molpro.sRQs8LONiv/

 id        : karlovklimes

 Nodes                      nprocs
 nc-12.cc.karlov.mff.cuni.cz    4

 Using customized tuning parameters: mindgm=1; mindgv=20; mindgc=4; mindgr=1; noblas=0; minvec=7
 default implementation of scratch files=sf  


 Variables initialized (934), CPU time= 0.00 sec
 ***,CH3C6H4CN+CF3CN+BF3
 memory,500,m
 gdirect
 gthresh,energy=1.d-8,twoint=1.d-15,oneint=1.d-15,zero=1.d-15,orbital=1.d-8,grid=1.d-8
 symmetry,nosym
 geomtyp=xyz
                                                                                 ! Geometry
 geometry={
 O1        -0.706920192    0.045830367     0.006386104
 H1        0.265623615    0.071710143     0.001339293
 C1        -1.076670667    -1.313915813     0.00161428
 H2        -2.162923576    -1.36319577     0.005865424
 H3        -0.723405945    -1.844651676     -0.887743498
 H4        -0.716079778    -1.852820828     0.883079775
 N1        4.788090518704573    -0.18092810738902193     -0.009589689671284003
 H5        5.158710070704574    0.3268483986109781     0.783542701328716
 H6        5.158833358704573    0.28341045961097805     -0.828848523671284
 C2        5.265842454704574    -1.5669615543890218     0.027871515328716
 H7        4.873957617704574    -2.100986831389022     -0.834320213671284
 H8        6.3525536107045735    -1.673696722389022     0.030906010328715997
 H9        4.873716053704573    -2.0536917233890217     0.917503662328716
 }
 
 
 
 basis=avdz
 
 
 
                                                                                 ! Dimer Calculation
 {rhf,accu=1.d-8;orbital,2101.2}
 eab_HF=energy
 
 
                                                                                 !monomer A
 dummy,7,8,9,10,11,12,13;                                                        ! NOW MONOMER B IS DUMMY
 {rhf,accu=1.d-8;orbital,2201.2}
 ea_HF=energy
                                                                                 !monomer B
 dummy,1,2,3,4,5,6;                                                              !NOW MONOMER A IS DUMMY
 {rhf,accu=1.d-8;orbital,2301.2}
 eb_HF=energy
 
 E_AB_int=eab_HF-ea_HF-eb_HF
 
 
 text,results in hartree
 show,E_AB_int
 
 Commands  initialized (763), CPU time= 0.01 sec, 617 directives.
 Default parameters read. Elapsed time= 0.23 sec

 Checking input...
 Passed
1


                                         ***  PROGRAM SYSTEM MOLPRO  ***
                                       Copyright, TTI GmbH Stuttgart, 2015
                                    Version 2019.2 linked Jun  8 2019 11:26:33


 **********************************************************************************************************************************
 LABEL *   CH3C6H4CN+CF3CN+BF3                                                           
  64 bit mpp version                                                                     DATE: 09-Oct-19          TIME: 11:47:05  
 **********************************************************************************************************************************

 SHA1:             8135a10abc80eafa5b3ae28ffc55be4890dc4c84
 **********************************************************************************************************************************

 THRESHOLDS:

 ZERO    =  1.00D-15  ONEINT  =  1.00D-15  TWOINT  =  1.00D-15  PREFAC  =  1.00D-14  XXXXXX  =  1.00D-09  EORDER  =  1.00D-04
 ENERGY  =  1.00D-08  ETEST   =  0.00D+00  EDENS   =  0.00D+00  THRDEDEF=  1.00D-06  GRADIENT=  1.00D-02  STEP    =  1.00D-03
 ORBITAL =  1.00D-08  CIVEC   =  1.00D-05  COEFF   =  1.00D-04  PRINTCI =  5.00D-02  PUNCHCI =  9.90D+01  OPTGRAD =  3.00D-04
 OPTENERG=  1.00D-06  OPTSTEP =  3.00D-04  THRGRAD =  1.00D-10  COMPRESS=  1.00D-11  VARMIN  =  1.00D-07  VARMAX  =  1.00D-03
 THRDOUB =  0.00D+00  THRDIV  =  1.00D-05  THRRED  =  1.00D-07  THRPSP  =  1.00D+00  THRDC   =  1.00D-10  THRCS   =  1.00D-10
 THRNRM  =  1.00D-08  THREQ   =  0.00D+00  THRDE   =  1.00D+00  THRREF  =  1.00D-05  SPARFAC =  1.00D+00  THRDLP  =  1.00D-07
 THRDIA  =  1.00D-10  THRDLS  =  1.00D-07  THRGPS  =  0.00D+00  THRKEX  =  0.00D+00  THRDIS  =  2.00D-01  THRVAR  =  1.00D-10
 THRLOC  =  1.00D-06  THRGAP  =  1.00D-06  THRLOCT = -1.00D+00  THRGAPT = -1.00D+00  THRORB  =  1.00D-06  THRMLTP =  0.00D+00
 THRCPQCI=  1.00D-10  KEXTA   =  0.00D+00  THRCOARS=  0.00D+00  SYMTOL  =  1.00D-06  GRADTOL =  1.00D-06  THROVL  =  1.00D-08
 THRORTH =  1.00D-08  GRID    =  1.00D-08  GRIDMAX =  1.00D-03  DTMAX   =  0.00D+00  THROCCDE=  1.00D-01  THROCCDE=  1.00D-01
 THRPRINT=  2.50D-01


 Variable memory set to  500000000 words,  buffer space 

 SETTING GEOMTYP        =    XYZ
 ZSYMEL=NOSYM

 SETTING BASIS          =    AVDZ


 Recomputing integrals since basis changed


 Using spherical harmonics

 Library entry O      S aug-cc-pVDZ          selected for orbital group  1
 Library entry O      P aug-cc-pVDZ          selected for orbital group  1
 Library entry O      D aug-cc-pVDZ          selected for orbital group  1
 Library entry H      S aug-cc-pVDZ          selected for orbital group  2
 Library entry H      P aug-cc-pVDZ          selected for orbital group  2
 Library entry C      S aug-cc-pVDZ          selected for orbital group  3
 Library entry C      P aug-cc-pVDZ          selected for orbital group  3
 Library entry C      D aug-cc-pVDZ          selected for orbital group  3
 Library entry N      S aug-cc-pVDZ          selected for orbital group  5
 Library entry N      P aug-cc-pVDZ          selected for orbital group  5
 Library entry N      D aug-cc-pVDZ          selected for orbital group  5


 PROGRAM * SEWARD (Integral evaluation for generally contracted gaussian basis sets)     Author: Roland Lindh, 1990

 Geometry written to block  1 of record 700


 Point group  C1  



 ATOMIC COORDINATES

 NR  ATOM    CHARGE       X              Y              Z

   1  O1      8.00   -1.335885555    0.086606842    0.012067988
   2  H1      1.00    0.501955885    0.135512531    0.002530897
   3  C1      6.00   -2.034612687   -2.482941037    0.003050547
   4  H2      1.00   -4.087333187   -2.576066659    0.011084045
   5  H3      1.00   -1.367039113   -3.485886463   -1.677592080
   6  H4      1.00   -1.353194664   -3.501323923    1.668778921
   7  N1      7.00    9.048179740   -0.341904571   -0.018121887
   8  H5      1.00    9.748549190    0.617653958    1.480681112
   9  H6      1.00    9.748782170    0.535568150   -1.566296708
  10  C2      6.00    9.951000054   -2.961128186    0.052669531
  11  H7      1.00    9.210445040   -3.970289703   -1.576636704
  12  H8      1.00   12.004586516   -3.162828421    0.058403895
  13  H9      1.00    9.209988550   -3.880914901    1.733830640

 Bond lengths in Bohr (Angstrom)

 1-2  1.838516761  1-3  2.662870110  3-4  2.054847530  3-5  2.067876603  3-6  2.067869735
     ( 0.972901172)     ( 1.409130178)     ( 1.087378485)     ( 1.094273173)     ( 1.094269539)

  7- 8  1.912506305   7- 9  1.912497691   7-10  2.771358563  10-11  2.054621012  10-12  2.063476005
       ( 1.012054752)       ( 1.012050194)       ( 1.466539795)       ( 1.087258617)       ( 1.091944477)

 10-13  2.054606611
       ( 1.087250996)

 Bond angles

  1-3-4  107.80889360   1-3-5  112.70939660   1-3-6  112.70742448   2-1-3  106.73530620

  4- 3- 5  107.67954830   4- 3- 6  107.68099728   5- 3- 6  108.02575013   7-10-11  109.05828427

  7-10-12  114.62388023   7-10-13  109.05680439   8- 7- 9  105.66707883   8- 7-10  109.56459378

  9- 7-10  109.57028935  11-10-12  108.23406660  11-10-13  107.39674280  12-10-13  108.23392760

 NUCLEAR CHARGE:                   36
 NUMBER OF PRIMITIVE AOS:         247
 NUMBER OF SYMMETRY AOS:          239
 NUMBER OF CONTRACTIONS:          173   (  173A   )
 NUMBER OF CORE ORBITALS:           4   (    4A   )
 NUMBER OF VALENCE ORBITALS:       25   (   25A   )


 NUCLEAR REPULSION ENERGY  110.95629560


 Eigenvalues of metric

         1 0.475E-03 0.549E-03 0.624E-03 0.686E-03 0.769E-03 0.774E-03 0.804E-03 0.101E-02


 OPERATOR DM      FOR CENTER  0  COORDINATES:    0.000000    0.000000    0.000000


 **********************************************************************************************************************************
 DATASETS  * FILE   NREC   LENGTH (MB)   RECORD NAMES
              1      18       31.29       500      610      700      900      950      970     1000      129      960     1100   
                                          VAR    BASINP    GEOM    SYMINP    ZMAT    AOBASIS   BASIS     P2S    ABASIS      S 
                                         1400     1410     1200     1210     1080     1600     1650     1700   
                                           T        V       H0       H01     AOSYM     SMH    MOLCAS    OPER   

 PROGRAMS   *        TOTAL       INT
 CPU TIMES  *         0.63      0.45
 REAL TIME  *         1.87 SEC
 DISK USED  *        31.81 MB (local),      127.23 MB (total)
 GA USED    *         0.00 MB       (max)       0.00 MB       (current)
 **********************************************************************************************************************************


 PROGRAM * RHF-SCF (CLOSED SHELL)       Authors: W. Meyer, H.-J. Werner


 NUMBER OF ELECTRONS:      18+   18-    SPACE SYMMETRY=1    SPIN SYMMETRY: Singlet 
 CONVERGENCE THRESHOLDS:    1.00E-04 (Density)    1.00E-09 (Energy)
 INTEGRAL THRESHOLDS:       1.00E-11 (Initial)    1.00E-11 (Final)
 MAX. NUMBER OF ITERATIONS:       60
 INTERPOLATION TYPE:            DIIS
 INTERPOLATION STEPS:              2 (START)      1 (STEP)
 LEVEL SHIFTS:                  0.00 (CLOSED)  0.00 (OPEN) 



 Orbital guess generated from atomic densities. Full valence occupancy:   29

 Molecular orbital dump at record        2101.2

 Initial occupancy:  18

 Direct Fock-matrix evaluation.        Authors: Roland Lindh & Martin Schuetz (1993/96)

 Integral Threshold:                  0.1D-10
 Threshold for writing integrals:     0.1D-06
 Prescreening on density matrix:        ON 
 Calculation will be performed fully direct        

 ITERATION   DDIFF            GRAD            ENERGY        2-EL.EN.            DIPOLE MOMENTS         DIIS   CPU(IT)  CPU(TOT)
    1      0.000D+00      0.000D+00      -210.23021662    370.708186    1.50885   -0.57731   -0.01090    0      3.8      5.9     start
    2      0.000D+00      0.443D-02      -210.28184646    366.421513    0.91932   -0.39831   -0.00494    1      2.5      8.4     diag
    3      0.742D-02      0.210D-02      -210.29154176    368.501380    1.06979   -0.54152   -0.00554    2      2.4     10.9     diag
    4      0.230D-02      0.545D-03      -210.29262340    368.138665    1.06789   -0.53197   -0.00531    3      2.4     13.3     diag
    5      0.816D-03      0.108D-03      -210.29268047    368.140019    1.06311   -0.54273   -0.00518    4      2.4     15.7     diag
    6      0.191D-03      0.305D-04      -210.29268440    368.152319    1.06474   -0.54373   -0.00515    5      2.4     18.1     diag
    7      0.489D-04      0.979D-05      -210.29268485    368.148575    1.06505   -0.54440   -0.00515    6      2.3     20.4     diag
    8      0.164D-04      0.201D-05      -210.29268488    368.148412    1.06509   -0.54462   -0.00515    7      2.3     22.6     diag
    9      0.492D-05      0.706D-06      -210.29268488    368.148609    1.06508   -0.54462   -0.00515    0      2.2     24.8     orth

 Final occupancy:  18

 !RHF STATE  1.1 Energy              -210.292684878133
 Nuclear energy                       110.95629560
 One-electron energy                 -505.32328520
 Two-electron energy                  184.07430472
 Virial quotient                       -1.00157599
 !RHF STATE  1.1 Dipole moment          1.06507993    -0.54462217    -0.00514781
 Dipole moment /Debye                   2.70698584    -1.38420082    -0.01308357

 Orbital energies:

         1.1          2.1          3.1          4.1          5.1          6.1          7.1          8.1          9.1         10.1
    -20.564184   -15.554215   -11.272456   -11.252656    -1.356946    -1.177489    -0.919523    -0.902765    -0.685925    -0.666920

        11.1         12.1         13.1         14.1         15.1         16.1         17.1         18.1         19.1         20.1
     -0.614164    -0.608860    -0.590398    -0.560540    -0.522042    -0.497084    -0.442891    -0.398280     0.030896     0.042186


 HOMO     18.1    -0.398280 =     -10.8377eV
 LUMO     19.1     0.030896 =       0.8407eV
 LUMO-HOMO         0.429176 =      11.6785eV


 **********************************************************************************************************************************
 DATASETS  * FILE   NREC   LENGTH (MB)   RECORD NAMES
              1      18       31.29       500      610      700      900      950      970     1000      129      960     1100   
                                          VAR    BASINP    GEOM    SYMINP    ZMAT    AOBASIS   BASIS     P2S    ABASIS      S 
                                         1400     1410     1200     1210     1080     1600     1650     1700   
                                           T        V       H0       H01     AOSYM     SMH    MOLCAS    OPER   

              2       4        3.58       700     1000      520     2101   
                                         GEOM     BASIS   MCVARS     RHF  

 PROGRAMS   *        TOTAL   RHF-SCF       INT
 CPU TIMES  *        25.47     24.84      0.45
 REAL TIME  *        28.27 SEC
 DISK USED  *        36.86 MB (local),      147.42 MB (total)
 SF USED    *         0.36 MB
 GA USED    *         0.00 MB       (max)       0.00 MB       (current)
 **********************************************************************************************************************************
 SETTING EAB_HF         =      -210.29268488  AU                              

 Dummy atoms: N1  H5  H6  C2  H7  H8  H9


 Recomputing one-electron integrals since nuclear charges changed


 PROGRAM * SEWARD (Integral evaluation for generally contracted gaussian basis sets)     Author: Roland Lindh, 1990

 Geometry written to block  1 of record 700


 Point group  C1  



 ATOMIC COORDINATES

 NR  ATOM    CHARGE       X              Y              Z

   1  O1      8.00   -1.335885555    0.086606842    0.012067988
   2  H1      1.00    0.501955885    0.135512531    0.002530897
   3  C1      6.00   -2.034612687   -2.482941037    0.003050547
   4  H2      1.00   -4.087333187   -2.576066659    0.011084045
   5  H3      1.00   -1.367039113   -3.485886463   -1.677592080
   6  H4      1.00   -1.353194664   -3.501323923    1.668778921
   7  N1      0.00    9.048179740   -0.341904571   -0.018121887
   8  H5      0.00    9.748549190    0.617653958    1.480681112
   9  H6      0.00    9.748782170    0.535568150   -1.566296708
  10  C2      0.00    9.951000054   -2.961128186    0.052669531
  11  H7      0.00    9.210445040   -3.970289703   -1.576636704
  12  H8      0.00   12.004586516   -3.162828421    0.058403895
  13  H9      0.00    9.209988550   -3.880914901    1.733830640

 Bond lengths in Bohr (Angstrom)

 1-2  1.838516761  1-3  2.662870110  3-4  2.054847530  3-5  2.067876603  3-6  2.067869735
     ( 0.972901172)     ( 1.409130178)     ( 1.087378485)     ( 1.094273173)     ( 1.094269539)

  7- 8  1.912506305   7- 9  1.912497691   7-10  2.771358563  10-11  2.054621012  10-12  2.063476005
       ( 1.012054752)       ( 1.012050194)       ( 1.466539795)       ( 1.087258617)       ( 1.091944477)

 10-13  2.054606611
       ( 1.087250996)

 Bond angles

  1-3-4  107.80889360   1-3-5  112.70939660   1-3-6  112.70742448   2-1-3  106.73530620

  4- 3- 5  107.67954830   4- 3- 6  107.68099728   5- 3- 6  108.02575013   7-10-11  109.05828427

  7-10-12  114.62388023   7-10-13  109.05680439   8- 7- 9  105.66707883   8- 7-10  109.56459378

  9- 7-10  109.57028935  11-10-12  108.23406660  11-10-13  107.39674280  12-10-13  108.23392760

 NUCLEAR CHARGE:                   18
 NUMBER OF PRIMITIVE AOS:         247
 NUMBER OF SYMMETRY AOS:          239
 NUMBER OF CONTRACTIONS:          173   (  173A   )
 NUMBER OF CORE ORBITALS:           2   (    2A   )
 NUMBER OF VALENCE ORBITALS:       12   (   12A   )

 MOLECULE CHANGED: INITIALIZING OCCUPATION AND DUMP RECORDS


 NUCLEAR REPULSION ENERGY   40.42467095


 Eigenvalues of metric

         1 0.475E-03 0.549E-03 0.624E-03 0.686E-03 0.769E-03 0.774E-03 0.804E-03 0.101E-02


 OPERATOR DM      FOR CENTER  0  COORDINATES:    0.000000    0.000000    0.000000


 **********************************************************************************************************************************
 DATASETS  * FILE   NREC   LENGTH (MB)   RECORD NAMES
              1      18       31.29       500      610      700      900      950      970     1000      129      960     1100   
                                          VAR    BASINP    GEOM    SYMINP    ZMAT    AOBASIS   BASIS     P2S    ABASIS      S 
                                         1400     1410     1200     1210     1080     1600     1650     1700   
                                           T        V       H0       H01     AOSYM     SMH    MOLCAS    OPER   

              2       4        3.58       700     1000      520     2101   
                                         GEOM     BASIS   MCVARS     RHF  

 PROGRAMS   *        TOTAL       INT   RHF-SCF       INT
 CPU TIMES  *        25.56      0.09     24.84      0.45
 REAL TIME  *        28.49 SEC
 DISK USED  *        36.86 MB (local),      147.42 MB (total)
 SF USED    *         0.36 MB
 GA USED    *         0.00 MB       (max)       0.00 MB       (current)
 **********************************************************************************************************************************


 PROGRAM * RHF-SCF (CLOSED SHELL)       Authors: W. Meyer, H.-J. Werner


 NUMBER OF ELECTRONS:       9+    9-    SPACE SYMMETRY=1    SPIN SYMMETRY: Singlet 
 CONVERGENCE THRESHOLDS:    1.00E-04 (Density)    1.00E-09 (Energy)
 INTEGRAL THRESHOLDS:       1.00E-11 (Initial)    1.00E-11 (Final)
 MAX. NUMBER OF ITERATIONS:       60
 INTERPOLATION TYPE:            DIIS
 INTERPOLATION STEPS:              2 (START)      1 (STEP)
 LEVEL SHIFTS:                  0.00 (CLOSED)  0.00 (OPEN) 



 Orbital guess generated from atomic densities. Full valence occupancy:   14

 Molecular orbital dump at record        2201.2

 Initial occupancy:   9

 Direct Fock-matrix evaluation.        Authors: Roland Lindh & Martin Schuetz (1993/96)

 Integral Threshold:                  0.1D-10
 Threshold for writing integrals:     0.1D-06
 Prescreening on density matrix:        ON 
 Calculation will be performed fully direct        

 ITERATION   DDIFF            GRAD            ENERGY        2-EL.EN.            DIPOLE MOMENTS         DIIS   CPU(IT)  CPU(TOT)
    1      0.000D+00      0.000D+00      -115.02633426    164.324501    0.73657   -0.70727   -0.00749    0      3.8      6.4     start
    2      0.000D+00      0.475D-02      -115.05369894    161.974023    0.38867   -0.43381   -0.00428    1      2.5      8.9     diag
    3      0.552D-02      0.246D-02      -115.06023716    163.143452    0.45708   -0.55513   -0.00524    2      2.4     11.3     diag
    4      0.180D-02      0.528D-03      -115.06077012    162.948200    0.45103   -0.55002   -0.00518    3      2.4     13.7     diag
    5      0.566D-03      0.102D-03      -115.06079960    162.965447    0.44551   -0.55448   -0.00517    4      2.3     16.0     diag
    6      0.137D-03      0.183D-04      -115.06080094    162.963455    0.44537   -0.55563   -0.00518    5      2.3     18.3     diag
    7      0.303D-04      0.374D-05      -115.06080100    162.963706    0.44511   -0.55583   -0.00518    6      2.2     20.5     diag
    8      0.653D-05      0.894D-06      -115.06080100    162.963581    0.44509   -0.55584   -0.00518    0      2.1     22.6     orth

 Final occupancy:   9

 !RHF STATE  1.1 Energy              -115.060801004691
 Nuclear energy                        40.42467095
 One-electron energy                 -236.96726266
 Two-electron energy                   81.48179071
 Virial quotient                       -1.00156150
 !RHF STATE  1.1 Dipole moment          0.44508895    -0.55583972    -0.00517850
 Dipole moment /Debye                   1.13122916    -1.41271112    -0.01316157

 Orbital energies:

         1.1          2.1          3.1          4.1          5.1          6.1          7.1          8.1          9.1         10.1
    -20.571450   -11.278158    -1.364039    -0.925536    -0.692725    -0.620369    -0.596775    -0.503314    -0.449475     0.019684

        11.1
      0.039607


 HOMO      9.1    -0.449475 =     -12.2308eV
 LUMO     10.1     0.019684 =       0.5356eV
 LUMO-HOMO         0.469159 =      12.7665eV


 **********************************************************************************************************************************
 DATASETS  * FILE   NREC   LENGTH (MB)   RECORD NAMES
              1      18       31.29       500      610      700      900      950      970     1000      129      960     1100   
                                          VAR    BASINP    GEOM    SYMINP    ZMAT    AOBASIS   BASIS     P2S    ABASIS      S 
                                         1400     1410     1200     1210     1080     1600     1650     1700   
                                           T        V       H0       H01     AOSYM     SMH    MOLCAS    OPER   

              2       5        7.27       700     1000      520     2101     2201   
                                         GEOM     BASIS   MCVARS     RHF      RHF  

 PROGRAMS   *        TOTAL   RHF-SCF       INT   RHF-SCF       INT
 CPU TIMES  *        48.17     22.61      0.09     24.84      0.45
 REAL TIME  *        51.50 SEC
 DISK USED  *        40.43 MB (local),      161.72 MB (total)
 SF USED    *         0.36 MB
 GA USED    *         0.00 MB       (max)       0.00 MB       (current)
 **********************************************************************************************************************************
 SETTING EA_HF          =      -115.06080100  AU                              

 Dummy atoms: O1  H1  C1  H2  H3  H4


 Recomputing one-electron integrals since nuclear charges changed


 PROGRAM * SEWARD (Integral evaluation for generally contracted gaussian basis sets)     Author: Roland Lindh, 1990

 Geometry written to block  1 of record 700


 Point group  C1  



 ATOMIC COORDINATES

 NR  ATOM    CHARGE       X              Y              Z

   1  O1      0.00   -1.335885555    0.086606842    0.012067988
   2  H1      0.00    0.501955885    0.135512531    0.002530897
   3  C1      0.00   -2.034612687   -2.482941037    0.003050547
   4  H2      0.00   -4.087333187   -2.576066659    0.011084045
   5  H3      0.00   -1.367039113   -3.485886463   -1.677592080
   6  H4      0.00   -1.353194664   -3.501323923    1.668778921
   7  N1      7.00    9.048179740   -0.341904571   -0.018121887
   8  H5      1.00    9.748549190    0.617653958    1.480681112
   9  H6      1.00    9.748782170    0.535568150   -1.566296708
  10  C2      6.00    9.951000054   -2.961128186    0.052669531
  11  H7      1.00    9.210445040   -3.970289703   -1.576636704
  12  H8      1.00   12.004586516   -3.162828421    0.058403895
  13  H9      1.00    9.209988550   -3.880914901    1.733830640

 Bond lengths in Bohr (Angstrom)

 1-2  1.838516761  1-3  2.662870110  3-4  2.054847530  3-5  2.067876603  3-6  2.067869735
     ( 0.972901172)     ( 1.409130178)     ( 1.087378485)     ( 1.094273173)     ( 1.094269539)

  7- 8  1.912506305   7- 9  1.912497691   7-10  2.771358563  10-11  2.054621012  10-12  2.063476005
       ( 1.012054752)       ( 1.012050194)       ( 1.466539795)       ( 1.087258617)       ( 1.091944477)

 10-13  2.054606611
       ( 1.087250996)

 Bond angles

  1-3-4  107.80889360   1-3-5  112.70939660   1-3-6  112.70742448   2-1-3  106.73530620

  4- 3- 5  107.67954830   4- 3- 6  107.68099728   5- 3- 6  108.02575013   7-10-11  109.05828427

  7-10-12  114.62388023   7-10-13  109.05680439   8- 7- 9  105.66707883   8- 7-10  109.56459378

  9- 7-10  109.57028935  11-10-12  108.23406660  11-10-13  107.39674280  12-10-13  108.23392760

 NUCLEAR CHARGE:                   18
 NUMBER OF PRIMITIVE AOS:         247
 NUMBER OF SYMMETRY AOS:          239
 NUMBER OF CONTRACTIONS:          173   (  173A   )
 NUMBER OF CORE ORBITALS:           2   (    2A   )
 NUMBER OF VALENCE ORBITALS:       13   (   13A   )

 MOLECULE CHANGED: INITIALIZING OCCUPATION AND DUMP RECORDS


 NUCLEAR REPULSION ENERGY   42.05202864


 Eigenvalues of metric

         1 0.475E-03 0.549E-03 0.624E-03 0.686E-03 0.769E-03 0.774E-03 0.804E-03 0.101E-02


 OPERATOR DM      FOR CENTER  0  COORDINATES:    0.000000    0.000000    0.000000


 **********************************************************************************************************************************
 DATASETS  * FILE   NREC   LENGTH (MB)   RECORD NAMES
              1      18       31.29       500      610      700      900      950      970     1000      129      960     1100   
                                          VAR    BASINP    GEOM    SYMINP    ZMAT    AOBASIS   BASIS     P2S    ABASIS      S 
                                         1400     1410     1200     1210     1080     1600     1650     1700   
                                           T        V       H0       H01     AOSYM     SMH    MOLCAS    OPER   

              2       5        7.27       700     1000      520     2101     2201   
                                         GEOM     BASIS   MCVARS     RHF      RHF  

 PROGRAMS   *        TOTAL       INT   RHF-SCF       INT   RHF-SCF       INT
 CPU TIMES  *        48.26      0.07     22.61      0.09     24.84      0.45
 REAL TIME  *        51.75 SEC
 DISK USED  *        40.43 MB (local),      161.72 MB (total)
 SF USED    *         0.36 MB
 GA USED    *         0.00 MB       (max)       0.00 MB       (current)
 **********************************************************************************************************************************


 PROGRAM * RHF-SCF (CLOSED SHELL)       Authors: W. Meyer, H.-J. Werner


 NUMBER OF ELECTRONS:       9+    9-    SPACE SYMMETRY=1    SPIN SYMMETRY: Singlet 
 CONVERGENCE THRESHOLDS:    1.00E-04 (Density)    1.00E-09 (Energy)
 INTEGRAL THRESHOLDS:       1.00E-11 (Initial)    1.00E-11 (Final)
 MAX. NUMBER OF ITERATIONS:       60
 INTERPOLATION TYPE:            DIIS
 INTERPOLATION STEPS:              2 (START)      1 (STEP)
 LEVEL SHIFTS:                  0.00 (CLOSED)  0.00 (OPEN) 



 Orbital guess generated from atomic densities. Full valence occupancy:   15

 Molecular orbital dump at record        2301.2

 Initial occupancy:   9

 Direct Fock-matrix evaluation.        Authors: Roland Lindh & Martin Schuetz (1993/96)

 Integral Threshold:                  0.1D-10
 Threshold for writing integrals:     0.1D-06
 Prescreening on density matrix:        ON 
 Calculation will be performed fully direct        

 ITERATION   DDIFF            GRAD            ENERGY        2-EL.EN.            DIPOLE MOMENTS         DIIS   CPU(IT)  CPU(TOT)
    1      0.000D+00      0.000D+00       -95.20187800    149.417939    0.77177    0.13002   -0.00341    0      3.8      6.6     start
    2      0.000D+00      0.389D-02       -95.22674157    147.436336    0.47167    0.02955   -0.00074    1      2.5      9.1     diag
    3      0.493D-02      0.156D-02       -95.23018503    148.387896    0.57260    0.01241   -0.00026    2      2.4     11.5     diag
    4      0.147D-02      0.483D-03       -95.23068688    148.171786    0.56839    0.00964   -0.00019    3      2.4     13.9     diag
    5      0.571D-03      0.908D-04       -95.23070966    148.180508    0.56932    0.00387   -0.00004    4      2.3     16.2     diag
    6      0.115D-03      0.207D-04       -95.23071112    148.184247    0.57053    0.00350   -0.00003    5      2.3     18.5     diag
    7      0.314D-04      0.579D-05       -95.23071123    148.182396    0.57090    0.00316   -0.00002    6      2.2     20.8     diag
    8      0.843D-05      0.155D-05       -95.23071124    148.182580    0.57097    0.00305   -0.00001    7      2.2     23.0     diag
    9      0.357D-05      0.393D-06       -95.23071124    148.182537    0.57098    0.00303   -0.00001    0      2.1     25.0     orth

 Final occupancy:   9

 !RHF STATE  1.1 Energy               -95.230711239148
 Nuclear energy                        42.05202864
 One-electron energy                 -211.37400828
 Two-electron energy                   74.09126841
 Virial quotient                       -1.00155557
 !RHF STATE  1.1 Dipole moment          0.57098230     0.00303439    -0.00001269
 Dipole moment /Debye                   1.45119720     0.00771213    -0.00003225

 Orbital energies:

         1.1          2.1          3.1          4.1          5.1          6.1          7.1          8.1          9.1         10.1
    -15.548559   -11.247686    -1.172030    -0.897653    -0.661533    -0.603644    -0.555292    -0.516912    -0.392427     0.029648

        11.1
      0.038486


 HOMO      9.1    -0.392427 =     -10.6785eV
 LUMO     10.1     0.029648 =       0.8068eV
 LUMO-HOMO         0.422076 =      11.4853eV


 **********************************************************************************************************************************
 DATASETS  * FILE   NREC   LENGTH (MB)   RECORD NAMES
              1      18       31.29       500      610      700      900      950      970     1000      129      960     1100   
                                          VAR    BASINP    GEOM    SYMINP    ZMAT    AOBASIS   BASIS     P2S    ABASIS      S 
                                         1400     1410     1200     1210     1080     1600     1650     1700   
                                           T        V       H0       H01     AOSYM     SMH    MOLCAS    OPER   

              2       6       10.97       700     1000      520     2101     2201     2301   
                                         GEOM     BASIS   MCVARS     RHF      RHF      RHF  

 PROGRAMS   *        TOTAL   RHF-SCF       INT   RHF-SCF       INT   RHF-SCF       INT
 CPU TIMES  *        73.33     25.07      0.07     22.61      0.09     24.84      0.45
 REAL TIME  *        77.26 SEC
 DISK USED  *        44.25 MB (local),      176.99 MB (total)
 SF USED    *         0.36 MB
 GA USED    *         0.00 MB       (max)       0.00 MB       (current)
 **********************************************************************************************************************************
 SETTING EB_HF          =       -95.23071124  AU                              
 SETTING E_AB_INT       =        -0.00117263  AU                              

 *** results in hartree
 E_AB_INT         =        -0.00117263 AU
 Molecular orbitals read from record     2301.2  Type=RHF/CANONICAL (state 1.1)
 Occupation numbers read from record     2301.2  Type=RHF/RHF (state 1.1)
 Orbital energies read from record       2301.2  Type=RHF/CANONICAL (state 1.1)
 Redundancy group numbers read from rec  2301.2  Type=RHF/RHF (state 1.1)

 RHF/aug-cc-pVDZ energy=    -95.230711239148

         RHF-SCF         RHF-SCF         RHF-SCF
    -95.23071124   -115.06080100   -210.29268488
 **********************************************************************************************************************************
 Molpro calculation terminated
