
 Primary working directories    : /scratch/sirous/120164/molpro.0amyZ6ZPfX
 Secondary working directories  : /scratch/sirous/120164/molpro.0amyZ6ZPfX
 Wavefunction directory         : /scratch/sirous/120164/
 Main file repository           : /scratch/sirous/120164/molpro.0amyZ6ZPfX/

 id        : karlovklimes

 Nodes                      nprocs
 nc-10.cc.karlov.mff.cuni.cz    4

 Using customized tuning parameters: mindgm=1; mindgv=20; mindgc=4; mindgr=1; noblas=0; minvec=7
 default implementation of scratch files=sf  


 Variables initialized (934), CPU time= 0.01 sec
 ***,CH3C6H4CN+CF3CN+BF3
 memory,500,m
 gdirect
 gthresh,energy=1.d-8,twoint=1.d-19,oneint=1.d-19,zero=1.d-15,orbital=1.d-8,grid=1.d-8
 symmetry,nosym
 geomtyp=xyz
                                                                                 ! Geometry
 geometry={
 C1        0.825769105    1.236524837     -0.040250437
 H1        1.521013168    2.063125196     -0.082471448
 C2        1.300159924    -0.062940879     0.127256013
 H2        2.363657528    -0.242261131     0.207674197
 C3        0.403523117    -1.128552182     0.198244857
 H3        0.773753376    -2.137426768     0.324121091
 C4        -0.967809494    -0.895190489     0.103139941
 H4        -1.665209000    -1.719983422     0.160427446
 C5        -1.443508379    0.404483279     -0.062441302
 H5        -2.507511245    0.585501124     -0.124150163
 C6        -0.545755493    1.468768748     -0.136247408
 H6        -0.914221904    2.477422201     -0.267855164
 N1        -0.275804152    0.674183275     3.194265248
 H7        -0.649111545    1.575944705     2.931372277
 C7        1.116342530    0.601196369     3.326278587
 O1        1.807252849    1.595620061     3.181444522
 C8        1.595242644    -0.732881340     3.644388789
 H8        2.652294738    -0.885097279     3.778509925
 C9        0.715533417    -1.747262516     3.770605314
 H9        1.021460938    -2.755683125     4.007129675
 N2        -0.629712470    -1.562230596     3.600513171
 H10        -1.278460301    -2.324789539     3.699382342
 C10        -1.204160779    -0.337429568     3.301098555
 O2        -2.401949191    -0.186606293     3.158986363
 }
 
 
 
 basis=avqz
 
 
 
                                                                                 ! Dimer Calculation
 {rks,pbe,accu=1.d-8;orbital,2101.2}
 eab_PBE=energy
 
 
                                                                                 !monomer A
 dummy,13,14,15,16,17,18,19,20,21,22,23,24;                                      ! NOW MONOMER B IS DUMMY
 {rks,pbe,accu=1.d-8;orbital,2201.2}
 ea_PBE=energy
                                                                                 !monomer B
 dummy,1,2,3,4,5,6,7,8,9,10,11,12;                                               !NOW MONOMER A IS DUMMY
 {rks,pbe,accu=1.d-8;orbital,2301.2}
 eb_PBE=energy
 
 E_AB_int=eab_PBE-ea_PBE-eb_PBE
 
 
 text,results in hartree
 show,E_AB_int
 
 Commands  initialized (763), CPU time= 0.01 sec, 617 directives.
 Default parameters read. Elapsed time= 0.22 sec

 Checking input...
 Passed
1


                                         ***  PROGRAM SYSTEM MOLPRO  ***
                                       Copyright, TTI GmbH Stuttgart, 2015
                                    Version 2019.2 linked Jun  8 2019 11:26:33


 **********************************************************************************************************************************
 LABEL *   CH3C6H4CN+CF3CN+BF3                                                           
  64 bit mpp version                                                                     DATE: 20-Nov-19          TIME: 13:04:55  
 **********************************************************************************************************************************

 SHA1:             8135a10abc80eafa5b3ae28ffc55be4890dc4c84
 **********************************************************************************************************************************

 THRESHOLDS:

 ZERO    =  1.00D-15  ONEINT  =  1.00D-19  TWOINT  =  1.00D-19  PREFAC  =  1.00D-14  XXXXXX  =  1.00D-09  EORDER  =  1.00D-04
 ENERGY  =  1.00D-08  ETEST   =  0.00D+00  EDENS   =  0.00D+00  THRDEDEF=  1.00D-06  GRADIENT=  1.00D-02  STEP    =  1.00D-03
 ORBITAL =  1.00D-08  CIVEC   =  1.00D-05  COEFF   =  1.00D-04  PRINTCI =  5.00D-02  PUNCHCI =  9.90D+01  OPTGRAD =  3.00D-04
 OPTENERG=  1.00D-06  OPTSTEP =  3.00D-04  THRGRAD =  1.00D-10  COMPRESS=  1.00D-11  VARMIN  =  1.00D-07  VARMAX  =  1.00D-03
 THRDOUB =  0.00D+00  THRDIV  =  1.00D-05  THRRED  =  1.00D-07  THRPSP  =  1.00D+00  THRDC   =  1.00D-10  THRCS   =  1.00D-10
 THRNRM  =  1.00D-08  THREQ   =  0.00D+00  THRDE   =  1.00D+00  THRREF  =  1.00D-05  SPARFAC =  1.00D+00  THRDLP  =  1.00D-07
 THRDIA  =  1.00D-10  THRDLS  =  1.00D-07  THRGPS  =  0.00D+00  THRKEX  =  0.00D+00  THRDIS  =  2.00D-01  THRVAR  =  1.00D-10
 THRLOC  =  1.00D-06  THRGAP  =  1.00D-06  THRLOCT = -1.00D+00  THRGAPT = -1.00D+00  THRORB  =  1.00D-06  THRMLTP =  0.00D+00
 THRCPQCI=  1.00D-10  KEXTA   =  0.00D+00  THRCOARS=  0.00D+00  SYMTOL  =  1.00D-06  GRADTOL =  1.00D-06  THROVL  =  1.00D-08
 THRORTH =  1.00D-08  GRID    =  1.00D-08  GRIDMAX =  1.00D-03  DTMAX   =  0.00D+00  THROCCDE=  1.00D-01  THROCCDE=  1.00D-01
 THRPRINT=  2.50D-01


 Variable memory set to  500000000 words,  buffer space 

 SETTING GEOMTYP        =    XYZ
 ZSYMEL=NOSYM

 SETTING BASIS          =    AVQZ


 Recomputing integrals since basis changed


 Using spherical harmonics

 Library entry C      S aug-cc-pVQZ          selected for orbital group  1
 Library entry C      P aug-cc-pVQZ          selected for orbital group  1
 Library entry C      D aug-cc-pVQZ          selected for orbital group  1
 Library entry C      F aug-cc-pVQZ          selected for orbital group  1
 Library entry C      G aug-cc-pVQZ          selected for orbital group  1
 Library entry H      S aug-cc-pVQZ          selected for orbital group  2
 Library entry H      P aug-cc-pVQZ          selected for orbital group  2
 Library entry H      D aug-cc-pVQZ          selected for orbital group  2
 Library entry H      F aug-cc-pVQZ          selected for orbital group  2
 Library entry N      S aug-cc-pVQZ          selected for orbital group 13
 Library entry N      P aug-cc-pVQZ          selected for orbital group 13
 Library entry N      D aug-cc-pVQZ          selected for orbital group 13
 Library entry N      F aug-cc-pVQZ          selected for orbital group 13
 Library entry N      G aug-cc-pVQZ          selected for orbital group 13
 Library entry O      S aug-cc-pVQZ          selected for orbital group 16
 Library entry O      P aug-cc-pVQZ          selected for orbital group 16
 Library entry O      D aug-cc-pVQZ          selected for orbital group 16
 Library entry O      F aug-cc-pVQZ          selected for orbital group 16
 Library entry O      G aug-cc-pVQZ          selected for orbital group 16


 PROGRAM * SEWARD (Integral evaluation for generally contracted gaussian basis sets)     Author: Roland Lindh, 1990

 Geometry written to block  1 of record 700


 Point group  C1  



 ATOMIC COORDINATES

 NR  ATOM    CHARGE       X              Y              Z

   1  C1      6.00    1.560477451    2.336693288   -0.076062302
   2  H1      1.00    2.874298319    3.898741581   -0.155848450
   3  C2      6.00    2.456946174   -0.118941023    0.240479012
   4  H2      1.00    4.466665380   -0.457807188    0.392447355
   5  C3      6.00    0.762548176   -2.132654541    0.374628485
   6  H3      1.00    1.462181969   -4.039151203    0.612500093
   7  C4      6.00   -1.828894884   -1.691664854    0.194906241
   8  H4      1.00   -3.146788950   -3.250297606    0.303163936
   9  C5      6.00   -2.727835495    0.764362619   -0.117996960
  10  H5      1.00   -4.738509507    1.106436770   -0.234609806
  11  C6      6.00   -1.031328413    2.775570674   -0.257470286
  12  H6      1.00   -1.727629016    4.681649455   -0.506172901
  13  N1      7.00   -0.521194311    1.274021748    6.036286488
  14  H7      1.00   -1.226643044    2.978103880    5.539490773
  15  C7      6.00    2.109581643    1.136096484    6.285755543
  16  O1      8.00    3.415212922    3.015284914    6.012058827
  17  C8      6.00    3.014571699   -1.384945014    6.886896703
  18  H8      1.00    5.012110656   -1.672591451    7.140348917
  19  C9      6.00    1.352162191   -3.301847623    7.125411367
  20  H9      1.00    1.930281420   -5.207486392    7.572377631
  21  N2      7.00   -1.189984106   -2.952187970    6.803983801
  22  H10     1.00   -2.415939830   -4.393215526    6.990819456
  23  C10     6.00   -2.275534082   -0.637649470    6.238172179
  24  O2      8.00   -4.539026136   -0.352634787    5.969619057

 Bond lengths in Bohr (Angstrom)

  1- 2  2.042666388   1- 3  2.633247890   1-11  2.634953481   3- 4  2.043745567   3- 5  2.635151379
       ( 1.080932502)       ( 1.393454774)       ( 1.394357334)       ( 1.081503579)       ( 1.394462057)

  5- 6  2.044700434   5- 7  2.634833795   7- 8  2.043991330   7- 9  2.634022320   9-10  2.042895804
       ( 1.082008873)       ( 1.394293999)       ( 1.081633631)       ( 1.393864585)       ( 1.081053904)

  9-11  2.634871330  11-12  2.044461748  13-14  1.910068012  13-15  2.646174656  13-23  2.602489713
       ( 1.394313862)       ( 1.081882566)       ( 1.010764463)       ( 1.400295324)       ( 1.377178248)

 15-16  2.304545961  15-17  2.745182678  17-18  2.033996161  17-19  2.548530994  19-20  2.040945811
       ( 1.219513204)       ( 1.452688113)       ( 1.076344415)       ( 1.348624524)       ( 1.080022012)

 19-21  2.586133281  21-22  1.901166857  21-23  2.618329622  23-24  2.297117852
       ( 1.368522797)       ( 1.006054175)       ( 1.385560367)       ( 1.215582418)

 Bond angles

  1- 3- 4  119.88993267   1- 3- 5  119.98979528   1-11- 9  120.16843009   1-11-12  119.91157431

  2- 1- 3  119.92441123   2- 1-11  120.17201152   3- 1-11  119.89874580   3- 5- 6  119.89620936

  3-5-7  120.06869174   4-3-5  120.11934111   5-7-8  120.19258104   5-7-9  119.98824057

  6- 5- 7  120.03481366   7- 9-10  119.92124523   7- 9-11  119.88576768   8- 7- 9  119.81892592

  9-11-12  119.91998900  10- 9-11  120.19059814  13-15-16  120.63389606  13-15-17  113.34443082

 13-23-21  112.74385380  13-23-24  124.33454387  14-13-15  115.98937034  14-13-23  115.24872043

 15-13-23  128.65119500  15-17-18  118.74519420  15-17-19  119.74892840  16-15-17  126.02121254

 17-19-20  122.54890684  17-19-21  121.86218769  18-17-19  121.50529556  19-21-22  121.27724028

 19-21-23  123.63645262  20-19-21  115.58843459  21-23-24  122.92017805  22-21-23  115.08191298

 NUCLEAR CHARGE:                  100
 NUMBER OF PRIMITIVE AOS:        2222
 NUMBER OF SYMMETRY AOS:         1782
 NUMBER OF CONTRACTIONS:         1580   ( 1580A   )
 NUMBER OF CORE ORBITALS:          14   (   14A   )
 NUMBER OF VALENCE ORBITALS:       66   (   66A   )


 NUCLEAR REPULSION ENERGY  880.01009953


 Eigenvalues of metric

         1 0.101E-06 0.161E-06 0.197E-06 0.304E-06 0.460E-06 0.551E-06 0.617E-06 0.651E-06


 OPERATOR DM      FOR CENTER  0  COORDINATES:    0.000000    0.000000    0.000000


 **********************************************************************************************************************************
 DATASETS  * FILE   NREC   LENGTH (MB)   RECORD NAMES
              1      18      120.83       500      610      700      900      950      970     1000      129      960     1100   
                                          VAR    BASINP    GEOM    SYMINP    ZMAT    AOBASIS   BASIS     P2S    ABASIS      S 
                                         1400     1410     1200     1210     1080     1600     1650     1700   
                                           T        V       H0       H01     AOSYM     SMH    MOLCAS    OPER   

 PROGRAMS   *        TOTAL       INT
 CPU TIMES  *         6.52      6.36
 REAL TIME  *         8.89 SEC
 DISK USED  *       122.03 MB (local),      488.12 MB (total)
 GA USED    *         0.00 MB       (max)       0.00 MB       (current)
 **********************************************************************************************************************************

 Density functional group PBE=PBEX+PBEC
 Functional: PBEX(Automatically generated (new) PBEX)                          Gradient terms: 1
 Functional: PBEC(Automatically generated (new) PBEC)                          Gradient terms: 1
 Use libxcgrid:  F
 Use grid at  1800.2

 Functional: PBEX                      Factor:  1.0000
 Functional: PBEC                      Factor:  1.0000

 Generated new metagrid on record  1800.2 with target accuracy 1.0D-08 and 258172 points in CPU time    0.6
 Computed new grid on record 1800.1 in CPU time    1.1
 1268766 words reserved for DFT integration

 PROGRAM * RKS-SCF (Restricted closed shell Kohn-Sham)     Authors: W. Meyer, H.-J. Werner, P.J. Knowles, 1993

 NUMBER OF ELECTRONS:      50+   50-    SPACE SYMMETRY=1    SPIN SYMMETRY: Singlet 
 CONVERGENCE THRESHOLDS:    1.00E-04 (Density)    1.00E-08 (Energy)
 INTEGRAL THRESHOLDS:       1.00E-13 (Initial)    1.00E-13 (Final)
 MAX. NUMBER OF ITERATIONS:       60
 INTERPOLATION TYPE:            DIIS
 INTERPOLATION STEPS:              2 (START)      1 (STEP)
 LEVEL SHIFTS:                  0.00 (CLOSED)  0.00 (OPEN) 



 Use fine grid record 1800.2 for energy threshold  1.0D-08
 Orbital guess generated from atomic densities. Full valence occupancy:   80

 Molecular orbital dump at record        2101.2

 Initial occupancy:  50

 Direct Fock-matrix evaluation.        Authors: Roland Lindh & Martin Schuetz (1993/96)

 Integral Threshold:                  0.1D-12
 Threshold for writing integrals:     0.1D-06
 Prescreening on density matrix:        ON 
 Calculation will be performed fully direct        

 ITERATION   DDIFF            GRAD            ENERGY        2-EL.EN.            DIPOLE MOMENTS         DIIS   CPU(IT)  CPU(TOT)
    1      0.000D+00      0.000D+00      -646.08303234   2409.418539   -0.39394   -2.78742    0.55510    0  11079.5  11225.6     start
    2      0.000D+00      0.264D-02      -642.97670868   2297.637688    7.83348   16.86227   -2.88069    1  10985.4  22210.9     diag
    3      0.219D-01      0.654D-02      -646.09056515   2366.628079   -2.32731   -6.62968    0.68622    2  10947.2  33158.1     diag
    4      0.214D-01      0.252D-02      -646.57849288   2375.052646    0.05306   -1.82469    0.22657    3  10543.4  43701.5     diag
    5      0.211D-02      0.309D-03      -646.57352444   2373.808592   -0.19041   -1.89424    0.26874    4  10372.4  54074.0     diag
    6      0.809D-03      0.418D-03      -646.58390062   2373.720105    0.36245   -1.20476    0.20858    5  10120.4  64194.4     diag
    7      0.462D-03      0.156D-03      -646.58584639   2374.088735    0.07985   -1.56665    0.21885    6   9864.9  74059.2     diag
    8      0.163D-03      0.457D-04      -646.58596646   2374.077637    0.15180   -1.54416    0.23029    7   9799.3  83858.5     diag
    9      0.463D-04      0.206D-04      -646.58599048   2374.163939    0.11056   -1.54366    0.22932    8   9661.4  93519.9     diag
   10      0.216D-04      0.909D-05      -646.58599564   2374.143940    0.12659   -1.54716    0.22911    9   9377.6 102897.6     orth
   11      0.842D-05      0.194D-05      -646.58599582   2374.151468    0.12316   -1.54709    0.22843    9   8876.0 111773.5     diag
   12      0.229D-05      0.985D-06      -646.58599587   2374.153364    0.12488   -1.54730    0.22879    9   8586.4 120359.9     diag
   13      0.121D-05      0.451D-06      -646.58599589   2374.150403    0.12412   -1.54747    0.22883    9   8097.7 128457.6     diag
   14      0.504D-06      0.139D-06      -646.58599589   2374.150771    0.12419   -1.54719    0.22879    9   7540.2 135997.7     diag
   15      0.144D-06      0.357D-07      -646.58599589   2374.150955    0.12416   -1.54739    0.22880    0   7383.0 143380.8     orth

 Final occupancy:  50

 !RKS STATE  1.1 Energy              -646.585995888649
 Nuclear energy                       880.01009953
 One-electron energy                -2625.34011630
 Two-electron energy                 1187.07547748
 Density functional                   -88.33145660     PBEX=-84.98522211 PBEC= -3.34623448
 Virial quotient                       -1.00401467
 !RKS STATE  1.1 Dipole moment          0.12415850    -1.54739391     0.22880317
 Dipole moment /Debye                   0.31555875    -3.93282542     0.58152157

 Orbital energies:

         1.1          2.1          3.1          4.1          5.1          6.1          7.1          8.1          9.1         10.1
    -18.732210   -18.724242   -14.058547   -14.037389   -10.026101    -9.993331    -9.963466    -9.904037    -9.891148    -9.889444

        11.1         12.1         13.1         14.1         15.1         16.1         17.1         18.1         19.1         20.1
     -9.888755    -9.888504    -9.888287    -9.887480    -0.994513    -0.957916    -0.904629    -0.853191    -0.781129    -0.731678

        21.1         22.1         23.1         24.1         25.1         26.1         27.1         28.1         29.1         30.1
     -0.678834    -0.677989    -0.635454    -0.609417    -0.549905    -0.545896    -0.545254    -0.511118    -0.475459    -0.474445

        31.1         32.1         33.1         34.1         35.1         36.1         37.1         38.1         39.1         40.1
     -0.439963    -0.424973    -0.411963    -0.403597    -0.400980    -0.378550    -0.377006    -0.376016    -0.370293    -0.367978

        41.1         42.1         43.1         44.1         45.1         46.1         47.1         48.1         49.1         50.1
     -0.338031    -0.330577    -0.302860    -0.302340    -0.255406    -0.254139    -0.235720    -0.232455    -0.228094    -0.223221

        51.1         52.1
     -0.081844    -0.046622


 HOMO     50.1    -0.223221 =      -6.0741eV
 LUMO     51.1    -0.081844 =      -2.2271eV
 LUMO-HOMO         0.141377 =       3.8471eV


 **********************************************************************************************************************************
 DATASETS  * FILE   NREC   LENGTH (MB)   RECORD NAMES
              1      19      120.83       500      610      700      900      950      970     1000      129      960     1100   
                                          VAR    BASINP    GEOM    SYMINP    ZMAT    AOBASIS   BASIS     P2S    ABASIS      S 
                                         1400     1410     1200     1210     1080     1600     1650     1700     1800   
                                           T        V       H0       H01     AOSYM     SMH    MOLCAS    OPER     GRID   

              2       5       53.42       700     1000      520     1800     2101   
                                         GEOM     BASIS   MCVARS    GRID      RKS  

 PROGRAMS   *        TOTAL   RKS-SCF       INT
 CPU TIMES  *    143396.56 143390.04      6.36
 REAL TIME  *    143746.16 SEC
 DISK USED  *       354.41 MB (local),        1.42 GB (total)
 SF USED    *        29.98 MB
 GA USED    *         8.33 MB       (max)       8.33 MB       (current)
 **********************************************************************************************************************************
 SETTING EAB_PBE        =      -646.58599589  AU                              

 Dummy atoms: N1  H7  C7  O1  C8  H8  C9  H9  N2  H10  C10  O2


 Recomputing one-electron integrals since nuclear charges changed


 PROGRAM * SEWARD (Integral evaluation for generally contracted gaussian basis sets)     Author: Roland Lindh, 1990

 Geometry written to block  1 of record 700


 Point group  C1  



 ATOMIC COORDINATES

 NR  ATOM    CHARGE       X              Y              Z

   1  C1      6.00    1.560477451    2.336693288   -0.076062302
   2  H1      1.00    2.874298319    3.898741581   -0.155848450
   3  C2      6.00    2.456946174   -0.118941023    0.240479012
   4  H2      1.00    4.466665380   -0.457807188    0.392447355
   5  C3      6.00    0.762548176   -2.132654541    0.374628485
   6  H3      1.00    1.462181969   -4.039151203    0.612500093
   7  C4      6.00   -1.828894884   -1.691664854    0.194906241
   8  H4      1.00   -3.146788950   -3.250297606    0.303163936
   9  C5      6.00   -2.727835495    0.764362619   -0.117996960
  10  H5      1.00   -4.738509507    1.106436770   -0.234609806
  11  C6      6.00   -1.031328413    2.775570674   -0.257470286
  12  H6      1.00   -1.727629016    4.681649455   -0.506172901
  13  N1      0.00   -0.521194311    1.274021748    6.036286488
  14  H7      0.00   -1.226643044    2.978103880    5.539490773
  15  C7      0.00    2.109581643    1.136096484    6.285755543
  16  O1      0.00    3.415212922    3.015284914    6.012058827
  17  C8      0.00    3.014571699   -1.384945014    6.886896703
  18  H8      0.00    5.012110656   -1.672591451    7.140348917
  19  C9      0.00    1.352162191   -3.301847623    7.125411367
  20  H9      0.00    1.930281420   -5.207486392    7.572377631
  21  N2      0.00   -1.189984106   -2.952187970    6.803983801
  22  H10     0.00   -2.415939830   -4.393215526    6.990819456
  23  C10     0.00   -2.275534082   -0.637649470    6.238172179
  24  O2      0.00   -4.539026136   -0.352634787    5.969619057

 Bond lengths in Bohr (Angstrom)

  1- 2  2.042666388   1- 3  2.633247890   1-11  2.634953481   3- 4  2.043745567   3- 5  2.635151379
       ( 1.080932502)       ( 1.393454774)       ( 1.394357334)       ( 1.081503579)       ( 1.394462057)

  5- 6  2.044700434   5- 7  2.634833795   7- 8  2.043991330   7- 9  2.634022320   9-10  2.042895804
       ( 1.082008873)       ( 1.394293999)       ( 1.081633631)       ( 1.393864585)       ( 1.081053904)

  9-11  2.634871330  11-12  2.044461748  13-14  1.910068012  13-15  2.646174656  13-23  2.602489713
       ( 1.394313862)       ( 1.081882566)       ( 1.010764463)       ( 1.400295324)       ( 1.377178248)

 15-16  2.304545961  15-17  2.745182678  17-18  2.033996161  17-19  2.548530994  19-20  2.040945811
       ( 1.219513204)       ( 1.452688113)       ( 1.076344415)       ( 1.348624524)       ( 1.080022012)

 19-21  2.586133281  21-22  1.901166857  21-23  2.618329622  23-24  2.297117852
       ( 1.368522797)       ( 1.006054175)       ( 1.385560367)       ( 1.215582418)

 Bond angles

  1- 3- 4  119.88993267   1- 3- 5  119.98979528   1-11- 9  120.16843009   1-11-12  119.91157431

  2- 1- 3  119.92441123   2- 1-11  120.17201152   3- 1-11  119.89874580   3- 5- 6  119.89620936

  3-5-7  120.06869174   4-3-5  120.11934111   5-7-8  120.19258104   5-7-9  119.98824057

  6- 5- 7  120.03481366   7- 9-10  119.92124523   7- 9-11  119.88576768   8- 7- 9  119.81892592

  9-11-12  119.91998900  10- 9-11  120.19059814  13-15-16  120.63389606  13-15-17  113.34443082

 13-23-21  112.74385380  13-23-24  124.33454387  14-13-15  115.98937034  14-13-23  115.24872043

 15-13-23  128.65119500  15-17-18  118.74519420  15-17-19  119.74892840  16-15-17  126.02121254

 17-19-20  122.54890684  17-19-21  121.86218769  18-17-19  121.50529556  19-21-22  121.27724028

 19-21-23  123.63645262  20-19-21  115.58843459  21-23-24  122.92017805  22-21-23  115.08191298

 NUCLEAR CHARGE:                   42
 NUMBER OF PRIMITIVE AOS:        2222
 NUMBER OF SYMMETRY AOS:         1782
 NUMBER OF CONTRACTIONS:         1580   ( 1580A   )
 NUMBER OF CORE ORBITALS:           6   (    6A   )
 NUMBER OF VALENCE ORBITALS:       30   (   30A   )

 MOLECULE CHANGED: INITIALIZING OCCUPATION AND DUMP RECORDS


 NUCLEAR REPULSION ENERGY  203.65134593


 Eigenvalues of metric

         1 0.101E-06 0.161E-06 0.197E-06 0.304E-06 0.460E-06 0.551E-06 0.617E-06 0.651E-06


 OPERATOR DM      FOR CENTER  0  COORDINATES:    0.000000    0.000000    0.000000


 **********************************************************************************************************************************
 DATASETS  * FILE   NREC   LENGTH (MB)   RECORD NAMES
              1      19      120.83       500      610      700      900      950      970     1000      129      960     1100   
                                          VAR    BASINP    GEOM    SYMINP    ZMAT    AOBASIS   BASIS     P2S    ABASIS      S 
                                         1400     1410     1200     1210     1080     1600     1650     1700     1800   
                                           T        V       H0       H01     AOSYM     SMH    MOLCAS    OPER     GRID   

              2       5       53.42       700     1000      520     1800     2101   
                                         GEOM     BASIS   MCVARS    GRID      RKS  

 PROGRAMS   *        TOTAL       INT   RKS-SCF       INT
 CPU TIMES  *    143402.58      6.02 143390.04      6.36
 REAL TIME  *    143752.64 SEC
 DISK USED  *       354.41 MB (local),        1.42 GB (total)
 SF USED    *        29.98 MB
 GA USED    *         8.33 MB       (max)       8.33 MB       (current)
 **********************************************************************************************************************************

 Density functional group PBE=PBEX+PBEC
 Functional: PBEX(Automatically generated (new) PBEX)                          Gradient terms: 1
 Functional: PBEC(Automatically generated (new) PBEC)                          Gradient terms: 1
 Use libxcgrid:  F
 Use grid at  1800.2

 Functional: PBEX                      Factor:  1.0000
 Functional: PBEC                      Factor:  1.0000

 Generated new metagrid on record  1800.2 with target accuracy 1.0D-08 and 258172 points in CPU time    0.6
 Computed new grid on record 1800.1 in CPU time    1.1
 1268766 words reserved for DFT integration

 PROGRAM * RKS-SCF (Restricted closed shell Kohn-Sham)     Authors: W. Meyer, H.-J. Werner, P.J. Knowles, 1993

 NUMBER OF ELECTRONS:      21+   21-    SPACE SYMMETRY=1    SPIN SYMMETRY: Singlet 
 CONVERGENCE THRESHOLDS:    1.00E-04 (Density)    1.00E-08 (Energy)
 INTEGRAL THRESHOLDS:       1.00E-13 (Initial)    1.00E-13 (Final)
 MAX. NUMBER OF ITERATIONS:       60
 INTERPOLATION TYPE:            DIIS
 INTERPOLATION STEPS:              2 (START)      1 (STEP)
 LEVEL SHIFTS:                  0.00 (CLOSED)  0.00 (OPEN) 



 Use fine grid record 1800.2 for energy threshold  1.0D-08
 Orbital guess generated from atomic densities. Full valence occupancy:   36

 Molecular orbital dump at record        2201.2

 Initial occupancy:  21

 Direct Fock-matrix evaluation.        Authors: Roland Lindh & Martin Schuetz (1993/96)

 Integral Threshold:                  0.1D-12
 Threshold for writing integrals:     0.1D-06
 Prescreening on density matrix:        ON 
 Calculation will be performed fully direct        

 ITERATION   DDIFF            GRAD            ENERGY        2-EL.EN.            DIPOLE MOMENTS         DIIS   CPU(IT)  CPU(TOT)
    1      0.000D+00      0.000D+00      -231.77835745    645.063279   -0.00082   -0.00027    0.00950    0  11302.3  11421.1     start
    2      0.000D+00      0.265D-02      -231.33271458    596.829268    0.00177    0.00571    0.00319    1  11043.8  22464.9     diag
    3      0.385D-02      0.442D-02      -232.02982271    627.907800   -0.00110    0.00025    0.00809    2  10794.5  33259.4     diag
    4      0.273D-02      0.337D-03      -232.03313396    627.089566    0.00112    0.00236    0.00634    3  10524.8  43784.2     diag
    5      0.575D-03      0.772D-04      -232.03330362    626.957628   -0.00239   -0.00088    0.00736    4   9877.7  53661.9     diag
    6      0.182D-03      0.109D-04      -232.03330580    627.014177    0.00426    0.00546    0.00655    5   8796.9  62458.8     diag
    7      0.128D-04      0.825D-05      -232.03330800    627.018315   -0.00183   -0.00041    0.00701    6   8405.3  70864.1     diag
    8      0.647D-05      0.196D-05      -232.03330806    627.018375    0.00097    0.00231    0.00695    7   7995.6  78859.7     diag
    9      0.216D-05      0.158D-05      -232.03330815    627.018169   -0.00019    0.00119    0.00700    8   7565.2  86424.9     diag
   10      0.101D-05      0.500D-07      -232.03330815    627.018033   -0.00017    0.00120    0.00696    9   6438.7  92863.6     orth
   11      0.156D-06      0.468D-07      -232.03330815    627.018021   -0.00018    0.00120    0.00699    0   6220.7  99084.3     orth

 Final occupancy:  21

 !RKS STATE  1.1 Energy              -232.033308146784
 Nuclear energy                       203.65134593
 One-electron energy                 -714.69387889
 Two-electron energy                  313.50901050
 Density functional                   -34.49978569     PBEX=-33.12784023 PBEC= -1.37194546
 Virial quotient                       -1.00465859
 !RKS STATE  1.1 Dipole moment         -0.00018392     0.00120124     0.00699175
 Dipole moment /Debye                  -0.00046744     0.00305304     0.01777010

 Orbital energies:

         1.1          2.1          3.1          4.1          5.1          6.1          7.1          8.1          9.1         10.1
     -9.888797    -9.888627    -9.888556    -9.888207    -9.888133    -9.887966    -0.779779    -0.677631    -0.677097    -0.545008

        11.1         12.1         13.1         14.1         15.1         16.1         17.1         18.1         19.1         20.1
     -0.544748    -0.474698    -0.411765    -0.400188    -0.376171    -0.375522    -0.333569    -0.302601    -0.301831    -0.233007

        21.1         22.1         23.1
     -0.232693    -0.044618    -0.044535


 HOMO     21.1    -0.232693 =      -6.3319eV
 LUMO     22.1    -0.044618 =      -1.2141eV
 LUMO-HOMO         0.188075 =       5.1178eV


 **********************************************************************************************************************************
 DATASETS  * FILE   NREC   LENGTH (MB)   RECORD NAMES
              1      19      120.83       500      610      700      900      950      970     1000      129      960     1100   
                                          VAR    BASINP    GEOM    SYMINP    ZMAT    AOBASIS   BASIS     P2S    ABASIS      S 
                                         1400     1410     1200     1210     1080     1600     1650     1700     1800   
                                           T        V       H0       H01     AOSYM     SMH    MOLCAS    OPER     GRID   

              2       6      155.85       700     1000      520     1800     2101     2201   
                                         GEOM     BASIS   MCVARS    GRID      RKS      RKS  

 PROGRAMS   *        TOTAL   RKS-SCF       INT   RKS-SCF       INT
 CPU TIMES  *    242496.11  99093.53      6.02 143390.04      6.36
 REAL TIME  *    243077.17 SEC
 DISK USED  *       456.85 MB (local),        1.83 GB (total)
 SF USED    *        29.98 MB
 GA USED    *         8.33 MB       (max)       8.33 MB       (current)
 **********************************************************************************************************************************
 SETTING EA_PBE         =      -232.03330815  AU                              

 Dummy atoms: C1  H1  C2  H2  C3  H3  C4  H4  C5  H5  C6  H6


 Recomputing one-electron integrals since nuclear charges changed


 PROGRAM * SEWARD (Integral evaluation for generally contracted gaussian basis sets)     Author: Roland Lindh, 1990

 Geometry written to block  1 of record 700


 Point group  C1  



 ATOMIC COORDINATES

 NR  ATOM    CHARGE       X              Y              Z

   1  C1      0.00    1.560477451    2.336693288   -0.076062302
   2  H1      0.00    2.874298319    3.898741581   -0.155848450
   3  C2      0.00    2.456946174   -0.118941023    0.240479012
   4  H2      0.00    4.466665380   -0.457807188    0.392447355
   5  C3      0.00    0.762548176   -2.132654541    0.374628485
   6  H3      0.00    1.462181969   -4.039151203    0.612500093
   7  C4      0.00   -1.828894884   -1.691664854    0.194906241
   8  H4      0.00   -3.146788950   -3.250297606    0.303163936
   9  C5      0.00   -2.727835495    0.764362619   -0.117996960
  10  H5      0.00   -4.738509507    1.106436770   -0.234609806
  11  C6      0.00   -1.031328413    2.775570674   -0.257470286
  12  H6      0.00   -1.727629016    4.681649455   -0.506172901
  13  N1      7.00   -0.521194311    1.274021748    6.036286488
  14  H7      1.00   -1.226643044    2.978103880    5.539490773
  15  C7      6.00    2.109581643    1.136096484    6.285755543
  16  O1      8.00    3.415212922    3.015284914    6.012058827
  17  C8      6.00    3.014571699   -1.384945014    6.886896703
  18  H8      1.00    5.012110656   -1.672591451    7.140348917
  19  C9      6.00    1.352162191   -3.301847623    7.125411367
  20  H9      1.00    1.930281420   -5.207486392    7.572377631
  21  N2      7.00   -1.189984106   -2.952187970    6.803983801
  22  H10     1.00   -2.415939830   -4.393215526    6.990819456
  23  C10     6.00   -2.275534082   -0.637649470    6.238172179
  24  O2      8.00   -4.539026136   -0.352634787    5.969619057

 Bond lengths in Bohr (Angstrom)

  1- 2  2.042666388   1- 3  2.633247890   1-11  2.634953481   3- 4  2.043745567   3- 5  2.635151379
       ( 1.080932502)       ( 1.393454774)       ( 1.394357334)       ( 1.081503579)       ( 1.394462057)

  5- 6  2.044700434   5- 7  2.634833795   7- 8  2.043991330   7- 9  2.634022320   9-10  2.042895804
       ( 1.082008873)       ( 1.394293999)       ( 1.081633631)       ( 1.393864585)       ( 1.081053904)

  9-11  2.634871330  11-12  2.044461748  13-14  1.910068012  13-15  2.646174656  13-23  2.602489713
       ( 1.394313862)       ( 1.081882566)       ( 1.010764463)       ( 1.400295324)       ( 1.377178248)

 15-16  2.304545961  15-17  2.745182678  17-18  2.033996161  17-19  2.548530994  19-20  2.040945811
       ( 1.219513204)       ( 1.452688113)       ( 1.076344415)       ( 1.348624524)       ( 1.080022012)

 19-21  2.586133281  21-22  1.901166857  21-23  2.618329622  23-24  2.297117852
       ( 1.368522797)       ( 1.006054175)       ( 1.385560367)       ( 1.215582418)

 Bond angles

  1- 3- 4  119.88993267   1- 3- 5  119.98979528   1-11- 9  120.16843009   1-11-12  119.91157431

  2- 1- 3  119.92441123   2- 1-11  120.17201152   3- 1-11  119.89874580   3- 5- 6  119.89620936

  3-5-7  120.06869174   4-3-5  120.11934111   5-7-8  120.19258104   5-7-9  119.98824057

  6- 5- 7  120.03481366   7- 9-10  119.92124523   7- 9-11  119.88576768   8- 7- 9  119.81892592

  9-11-12  119.91998900  10- 9-11  120.19059814  13-15-16  120.63389606  13-15-17  113.34443082

 13-23-21  112.74385380  13-23-24  124.33454387  14-13-15  115.98937034  14-13-23  115.24872043

 15-13-23  128.65119500  15-17-18  118.74519420  15-17-19  119.74892840  16-15-17  126.02121254

 17-19-20  122.54890684  17-19-21  121.86218769  18-17-19  121.50529556  19-21-22  121.27724028

 19-21-23  123.63645262  20-19-21  115.58843459  21-23-24  122.92017805  22-21-23  115.08191298

 NUCLEAR CHARGE:                   58
 NUMBER OF PRIMITIVE AOS:        2222
 NUMBER OF SYMMETRY AOS:         1782
 NUMBER OF CONTRACTIONS:         1580   ( 1580A   )
 NUMBER OF CORE ORBITALS:           8   (    8A   )
 NUMBER OF VALENCE ORBITALS:       36   (   36A   )

 MOLECULE CHANGED: INITIALIZING OCCUPATION AND DUMP RECORDS


 NUCLEAR REPULSION ENERGY  357.16948289


 Eigenvalues of metric

         1 0.101E-06 0.161E-06 0.197E-06 0.304E-06 0.460E-06 0.551E-06 0.617E-06 0.651E-06


 OPERATOR DM      FOR CENTER  0  COORDINATES:    0.000000    0.000000    0.000000


 **********************************************************************************************************************************
 DATASETS  * FILE   NREC   LENGTH (MB)   RECORD NAMES
              1      19      120.83       500      610      700      900      950      970     1000      129      960     1100   
                                          VAR    BASINP    GEOM    SYMINP    ZMAT    AOBASIS   BASIS     P2S    ABASIS      S 
                                         1400     1410     1200     1210     1080     1600     1650     1700     1800   
                                           T        V       H0       H01     AOSYM     SMH    MOLCAS    OPER     GRID   

              2       6      155.85       700     1000      520     1800     2101     2201   
                                         GEOM     BASIS   MCVARS    GRID      RKS      RKS  

 PROGRAMS   *        TOTAL       INT   RKS-SCF       INT   RKS-SCF       INT
 CPU TIMES  *    242501.70      5.58  99093.53      6.02 143390.04      6.36
 REAL TIME  *    243083.14 SEC
 DISK USED  *       456.85 MB (local),        1.83 GB (total)
 SF USED    *        29.98 MB
 GA USED    *         8.33 MB       (max)       8.33 MB       (current)
 **********************************************************************************************************************************

 Density functional group PBE=PBEX+PBEC
 Functional: PBEX(Automatically generated (new) PBEX)                          Gradient terms: 1
 Functional: PBEC(Automatically generated (new) PBEC)                          Gradient terms: 1
 Use libxcgrid:  F
 Use grid at  1800.2

 Functional: PBEX                      Factor:  1.0000
 Functional: PBEC                      Factor:  1.0000

 Generated new metagrid on record  1800.2 with target accuracy 1.0D-08 and 258172 points in CPU time    0.6
 Computed new grid on record 1800.1 in CPU time    1.1
 1268766 words reserved for DFT integration

 PROGRAM * RKS-SCF (Restricted closed shell Kohn-Sham)     Authors: W. Meyer, H.-J. Werner, P.J. Knowles, 1993

 NUMBER OF ELECTRONS:      29+   29-    SPACE SYMMETRY=1    SPIN SYMMETRY: Singlet 
 CONVERGENCE THRESHOLDS:    1.00E-04 (Density)    1.00E-08 (Energy)
 INTEGRAL THRESHOLDS:       1.00E-13 (Initial)    1.00E-13 (Final)
 MAX. NUMBER OF ITERATIONS:       60
 INTERPOLATION TYPE:            DIIS
 INTERPOLATION STEPS:              2 (START)      1 (STEP)
 LEVEL SHIFTS:                  0.00 (CLOSED)  0.00 (OPEN) 



 Use fine grid record 1800.2 for energy threshold  1.0D-08
 Orbital guess generated from atomic densities. Full valence occupancy:   44

 Molecular orbital dump at record        2301.2

 Initial occupancy:  29

 Direct Fock-matrix evaluation.        Authors: Roland Lindh & Martin Schuetz (1993/96)

 Integral Threshold:                  0.1D-12
 Threshold for writing integrals:     0.1D-06
 Prescreening on density matrix:        ON 
 Calculation will be performed fully direct        

 ITERATION   DDIFF            GRAD            ENERGY        2-EL.EN.            DIPOLE MOMENTS         DIIS   CPU(IT)  CPU(TOT)
    1      0.000D+00      0.000D+00      -414.29620133   1124.070201   -0.39218   -2.78048    0.50866    0  10540.8  10659.7     start
    2      0.000D+00      0.263D-02      -412.39520719   1078.363099    4.98379    9.24151   -1.40585    1  10474.8  21134.4     diag
    3      0.856D-02      0.715D-02      -414.35558440   1102.414735   -0.85898   -4.05759    0.74917    2  10422.9  31557.3     diag
    4      0.795D-02      0.211D-02      -414.54482590   1108.557206    0.35635   -1.43834    0.30967    3  10039.4  41596.7     diag
    5      0.151D-02      0.491D-03      -414.55024230   1108.329125   -0.09350   -1.60633    0.30556    4   9929.8  51526.5     diag
    6      0.430D-03      0.301D-03      -414.55253421   1107.834142    0.32458   -1.50429    0.32401    5  10639.5  62166.1     diag
    7      0.228D-03      0.139D-03      -414.55341577   1107.951572    0.12501   -1.67011    0.33867    6  10354.4  72520.5     diag
    8      0.903D-04      0.297D-04      -414.55344375   1108.030500    0.13256   -1.66992    0.33967    7   9863.4  82383.9     diag
    9      0.226D-04      0.119D-04      -414.55344876   1108.042750    0.13144   -1.67536    0.34057    8   9513.0  91897.0     diag
   10      0.832D-05      0.306D-05      -414.55344902   1108.029029    0.13103   -1.67179    0.33985    9   9063.5 100960.5     orth
   11      0.279D-05      0.170D-05      -414.55344913   1108.031553    0.13148   -1.67331    0.34018    9   8644.6 109605.1     diag
   12      0.127D-05      0.635D-06      -414.55344915   1108.033472    0.13172   -1.67317    0.34018    9   8117.6 117722.7     diag
   13      0.459D-06      0.207D-06      -414.55344915   1108.032621    0.13146   -1.67322    0.34016    9   7576.9 125299.6     diag
   14      0.149D-06      0.558D-07      -414.55344915   1108.032531    0.13156   -1.67321    0.34017    0   7295.8 132595.4     orth

 Final occupancy:  29

 !RKS STATE  1.1 Energy              -414.553449148414
 Nuclear energy                       357.16948289
 One-electron energy                -1271.92125677
 Two-electron energy                  554.01626571
 Density functional                   -53.81794098     PBEX=-51.85147217 PBEC= -1.96646881
 Virial quotient                       -1.00371660
 !RKS STATE  1.1 Dipole moment          0.13155821    -1.67321243     0.34016888
 Dipole moment /Debye                   0.33436571    -4.25260326     0.86456641

 Orbital energies:

         1.1          2.1          3.1          4.1          5.1          6.1          7.1          8.1          9.1         10.1
    -18.739023   -18.730659   -14.064822   -14.045918   -10.033325   -10.000173    -9.969817    -9.909955    -1.001722    -0.964485

        11.1         12.1         13.1         14.1         15.1         16.1         17.1         18.1         19.1         20.1
     -0.911347    -0.861025    -0.738011    -0.642360    -0.616796    -0.556338    -0.517826    -0.481577    -0.446086    -0.430756

        21.1         22.1         23.1         24.1         25.1         26.1         27.1         28.1         29.1         30.1
     -0.409368    -0.384129    -0.376124    -0.373898    -0.342307    -0.262707    -0.260332    -0.234852    -0.229514    -0.087908

        31.1
     -0.041429


 HOMO     29.1    -0.229514 =      -6.2454eV
 LUMO     30.1    -0.087908 =      -2.3921eV
 LUMO-HOMO         0.141606 =       3.8533eV


 **********************************************************************************************************************************
 DATASETS  * FILE   NREC   LENGTH (MB)   RECORD NAMES
              1      19      120.83       500      610      700      900      950      970     1000      129      960     1100   
                                          VAR    BASINP    GEOM    SYMINP    ZMAT    AOBASIS   BASIS     P2S    ABASIS      S 
                                         1400     1410     1200     1210     1080     1600     1650     1700     1800   
                                           T        V       H0       H01     AOSYM     SMH    MOLCAS    OPER     GRID   

              2       7      258.29       700     1000      520     1800     2101     2201     2301   
                                         GEOM     BASIS   MCVARS    GRID      RKS      RKS      RKS  

 PROGRAMS   *        TOTAL   RKS-SCF       INT   RKS-SCF       INT   RKS-SCF       INT
 CPU TIMES  *    375106.68 132604.98      5.58  99093.53      6.02 143390.04      6.36
 REAL TIME  *    375929.30 SEC
 DISK USED  *       559.29 MB (local),        2.24 GB (total)
 SF USED    *        29.98 MB
 GA USED    *         8.33 MB       (max)       8.33 MB       (current)
 **********************************************************************************************************************************
 SETTING EB_PBE         =      -414.55344915  AU                              
 SETTING E_AB_INT       =         0.00076141  AU                              

 *** results in hartree
 E_AB_INT         =         0.00076141 AU
 Molecular orbitals read from record     2301.2  Type=RKS/CANONICAL (state 1.1)
 Occupation numbers read from record     2301.2  Type=RKS/RHF (state 1.1)
 Orbital energies read from record       2301.2  Type=RKS/CANONICAL (state 1.1)
 Redundancy group numbers read from rec  2301.2  Type=RKS/RHF (state 1.1)

 RPBE/aug-cc-pVQZ energy=   -414.553449148414

         RKS-SCF         RKS-SCF         RKS-SCF
   -414.55344915   -232.03330815   -646.58599589
 **********************************************************************************************************************************
 Molpro calculation terminated
Sun 24 Nov 2019 09:30:25 PM CET
