
 Primary working directories    : /scratch/sirous/126044/molpro.bNXv5afCUR
 Secondary working directories  : /scratch/sirous/126044/molpro.bNXv5afCUR
 Wavefunction directory         : /scratch/sirous/126044/
 Main file repository           : /scratch/sirous/126044/molpro.bNXv5afCUR/

 id        : karlovklimes

 Nodes                      nprocs
 nc-06.cc.karlov.mff.cuni.cz    4

 Using customized tuning parameters: mindgm=1; mindgv=20; mindgc=4; mindgr=1; noblas=0; minvec=7
 default implementation of scratch files=sf  


 Variables initialized (934), CPU time= 0.00 sec
 ***,CH3C6H4CN+CF3CN+BF3
 memory,500,m
 gdirect
 gthresh,energy=1.d-8,twoint=1.d-15,oneint=1.d-15,zero=1.d-15,orbital=1.d-8,grid=1.d-8
 symmetry,nosym
 geomtyp=xyz
                                                                                 ! Geometry
 geometry={
 C1        0.606784959    1.330421848     0.316434508
 H1        1.246498457    2.202264343     0.330352311
 C2        1.118084657    0.087248862     0.685116522
 H2        2.150057527    -0.003886783     0.993758239
 C3        0.292902289    -1.036087368     0.669107267
 H3        0.688496859    -2.000961486     0.955377972
 C4        -1.042831736    -0.916711123     0.288189637
 H4        -1.682709560    -1.788488247     0.279349028
 C5        -1.553588379    0.327348987     -0.079943171
 H5        -2.589234948    0.420289081     -0.377346195
 C6        -0.728041637    1.450843156     -0.066848338
 H6        -1.123623792    2.415658650     -0.353861434
 C7        0.418220607    -0.270554399     4.031747038
 O1        1.613713281    -0.106603653     4.108262815
 O2        -0.161281065    -1.481959360     4.231185395
 H7        0.573169793    -2.083067854     4.424223510
 C8        -0.603663621    0.773377118     3.711065858
 H8        -0.125369201    1.744323470     3.664243087
 H9        -1.056463723    0.540180930     2.748357811
 H10        -1.388514635    0.767840618     4.463565338
 }
 
 
 
 basis=avqz
 
 
 
                                                                                 ! Dimer Calculation
 {rhf,accu=1.d-8;orbital,2101.2}
 eab_HF=energy
 
 
                                                                                 !monomer A
 dummy,13,14,15,16,17,18,19,20;                                                  ! NOW MONOMER B IS DUMMY
 {rhf,accu=1.d-8;orbital,2201.2}
 ea_HF=energy
                                                                                 !monomer B
 dummy,1,2,3,4,5,6,7,8,9,10,11,12;                                               !NOW MONOMER A IS DUMMY
 {rhf,accu=1.d-8;orbital,2301.2}
 eb_HF=energy
 
 E_AB_int=eab_HF-ea_HF-eb_HF
 
 
 text,results in hartree
 show,E_AB_int
 
 Commands  initialized (763), CPU time= 0.01 sec, 617 directives.
 Default parameters read. Elapsed time= 0.19 sec

 Checking input...
 Passed
1


                                         ***  PROGRAM SYSTEM MOLPRO  ***
                                       Copyright, TTI GmbH Stuttgart, 2015
                                    Version 2019.2 linked Jun  8 2019 11:26:33


 **********************************************************************************************************************************
 LABEL *   CH3C6H4CN+CF3CN+BF3                                                           
  64 bit mpp version                                                                     DATE: 22-Nov-19          TIME: 12:13:38  
 **********************************************************************************************************************************

 SHA1:             8135a10abc80eafa5b3ae28ffc55be4890dc4c84
 **********************************************************************************************************************************

 THRESHOLDS:

 ZERO    =  1.00D-15  ONEINT  =  1.00D-15  TWOINT  =  1.00D-15  PREFAC  =  1.00D-14  XXXXXX  =  1.00D-09  EORDER  =  1.00D-04
 ENERGY  =  1.00D-08  ETEST   =  0.00D+00  EDENS   =  0.00D+00  THRDEDEF=  1.00D-06  GRADIENT=  1.00D-02  STEP    =  1.00D-03
 ORBITAL =  1.00D-08  CIVEC   =  1.00D-05  COEFF   =  1.00D-04  PRINTCI =  5.00D-02  PUNCHCI =  9.90D+01  OPTGRAD =  3.00D-04
 OPTENERG=  1.00D-06  OPTSTEP =  3.00D-04  THRGRAD =  1.00D-10  COMPRESS=  1.00D-11  VARMIN  =  1.00D-07  VARMAX  =  1.00D-03
 THRDOUB =  0.00D+00  THRDIV  =  1.00D-05  THRRED  =  1.00D-07  THRPSP  =  1.00D+00  THRDC   =  1.00D-10  THRCS   =  1.00D-10
 THRNRM  =  1.00D-08  THREQ   =  0.00D+00  THRDE   =  1.00D+00  THRREF  =  1.00D-05  SPARFAC =  1.00D+00  THRDLP  =  1.00D-07
 THRDIA  =  1.00D-10  THRDLS  =  1.00D-07  THRGPS  =  0.00D+00  THRKEX  =  0.00D+00  THRDIS  =  2.00D-01  THRVAR  =  1.00D-10
 THRLOC  =  1.00D-06  THRGAP  =  1.00D-06  THRLOCT = -1.00D+00  THRGAPT = -1.00D+00  THRORB  =  1.00D-06  THRMLTP =  0.00D+00
 THRCPQCI=  1.00D-10  KEXTA   =  0.00D+00  THRCOARS=  0.00D+00  SYMTOL  =  1.00D-06  GRADTOL =  1.00D-06  THROVL  =  1.00D-08
 THRORTH =  1.00D-08  GRID    =  1.00D-08  GRIDMAX =  1.00D-03  DTMAX   =  0.00D+00  THROCCDE=  1.00D-01  THROCCDE=  1.00D-01
 THRPRINT=  2.50D-01


 Variable memory set to  500000000 words,  buffer space 

 SETTING GEOMTYP        =    XYZ
 ZSYMEL=NOSYM

 SETTING BASIS          =    AVQZ


 Recomputing integrals since basis changed


 Using spherical harmonics

 Library entry C      S aug-cc-pVQZ          selected for orbital group  1
 Library entry C      P aug-cc-pVQZ          selected for orbital group  1
 Library entry C      D aug-cc-pVQZ          selected for orbital group  1
 Library entry C      F aug-cc-pVQZ          selected for orbital group  1
 Library entry C      G aug-cc-pVQZ          selected for orbital group  1
 Library entry H      S aug-cc-pVQZ          selected for orbital group  2
 Library entry H      P aug-cc-pVQZ          selected for orbital group  2
 Library entry H      D aug-cc-pVQZ          selected for orbital group  2
 Library entry H      F aug-cc-pVQZ          selected for orbital group  2
 Library entry O      S aug-cc-pVQZ          selected for orbital group 14
 Library entry O      P aug-cc-pVQZ          selected for orbital group 14
 Library entry O      D aug-cc-pVQZ          selected for orbital group 14
 Library entry O      F aug-cc-pVQZ          selected for orbital group 14
 Library entry O      G aug-cc-pVQZ          selected for orbital group 14


 PROGRAM * SEWARD (Integral evaluation for generally contracted gaussian basis sets)     Author: Roland Lindh, 1990

 Geometry written to block  1 of record 700


 Point group  C1  



 ATOMIC COORDINATES

 NR  ATOM    CHARGE       X              Y              Z

   1  C1      6.00    1.146657389    2.514132923    0.597974556
   2  H1      1.00    2.355540698    4.161676462    0.624275392
   3  C2      6.00    2.112873786    0.164876454    1.294682590
   4  H2      1.00    4.063019878   -0.007344955    1.877930906
   5  C3      6.00    0.553505107   -1.957921367    1.264429483
   6  H3      1.00    1.301070501   -3.781269194    1.805402713
   7  C4      6.00   -1.970666375   -1.732332958    0.544599486
   8  H4      1.00   -3.179860216   -3.379752964    0.527893156
   9  C5      6.00   -2.935856547    0.618599933   -0.151070699
  10  H5      1.00   -4.892944924    0.794231256   -0.713080963
  11  C6      6.00   -1.375799301    2.741696215   -0.126325051
  12  H6      1.00   -2.123341234    4.564933259   -0.668701196
  13  C7      6.00    0.790322407   -0.511273716    7.618897705
  14  O1      8.00    3.049476145   -0.201451708    7.763491568
  15  O2      8.00   -0.304777042   -2.800497318    7.995781579
  16  H7      1.00    1.083133932   -3.936427743    8.360570748
  17  C8      6.00   -1.140758915    1.461470944    7.012898102
  18  H8      1.00   -0.236913454    3.296293631    6.924415888
  19  H9      1.00   -1.996427097    1.020794015    5.193643555
  20  H10     1.00   -2.623912380    1.451008475    8.434916028

 Bond lengths in Bohr (Angstrom)

  1- 2  2.043646325   1- 3  2.634004967   1-11  2.634232854   3- 4  2.042769834   3- 5  2.634163342
       ( 1.081451063)       ( 1.393855402)       ( 1.393975994)       ( 1.080987243)       ( 1.393939210)

  5- 6  2.043551652   5- 7  2.634480409   7- 8  2.043629497   7- 9  2.634850001   9-10  2.043745780
       ( 1.081400964)       ( 1.394106995)       ( 1.081442157)       ( 1.394302575)       ( 1.081503692)

  9-11  2.634754026  11-12  2.043816074  13-14  2.284879137  13-15  2.565507544  13-17  2.826310684
       ( 1.394251787)       ( 1.081540890)       ( 1.209105969)       ( 1.357608127)       ( 1.495619205)

 15-16  1.830220188  17-18  2.047276242  17-19  2.058166975  17-20  2.054747830
       ( 0.968510815)       ( 1.083371932)       ( 1.089135060)       ( 1.087325726)

 Bond angles

  1- 3- 4  120.05997521   1- 3- 5  119.90499487   1-11- 9  119.99698319   1-11-12  120.01773473

  2- 1- 3  119.90968315   2- 1-11  120.02169200   3- 1-11  120.06846303   3- 5- 6  119.96286788

  3-5-7  120.08761956   4-3-5  120.03142950   5-7-8  120.00796972   5-7-9  119.96838697

  6- 5- 7  119.94925687   7- 9-10  120.00432377   7- 9-11  119.97331296   8- 7- 9  120.02360769

  9-11-12  119.98528024  10- 9-11  120.02225674  13-15-16  105.03425169  13-17-18  109.46188941

 13-17-19  108.91307091  13-17-20  109.95250046  14-13-15  122.25893837  14-13-17  126.47572189

 15-13-17  111.26449272  18-17-19  109.70848298  18-17-20  110.67992918  19-17-20  108.09229995

 NUCLEAR CHARGE:                   74
 NUMBER OF PRIMITIVE AOS:        1750
 NUMBER OF SYMMETRY AOS:         1410
 NUMBER OF CONTRACTIONS:         1260   ( 1260A   )
 NUMBER OF CORE ORBITALS:          10   (   10A   )
 NUMBER OF VALENCE ORBITALS:       50   (   50A   )


 NUCLEAR REPULSION ENERGY  496.52719697


 Eigenvalues of metric

         1 0.164E-06 0.235E-06 0.300E-06 0.352E-06 0.832E-06 0.857E-06 0.968E-06 0.108E-05


 OPERATOR DM      FOR CENTER  0  COORDINATES:    0.000000    0.000000    0.000000


 **********************************************************************************************************************************
 DATASETS  * FILE   NREC   LENGTH (MB)   RECORD NAMES
              1      18       87.91       500      610      700      900      950      970     1000      129      960     1100   
                                          VAR    BASINP    GEOM    SYMINP    ZMAT    AOBASIS   BASIS     P2S    ABASIS      S 
                                         1400     1410     1200     1210     1080     1600     1650     1700   
                                           T        V       H0       H01     AOSYM     SMH    MOLCAS    OPER   

 PROGRAMS   *        TOTAL       INT
 CPU TIMES  *         3.84      3.66
 REAL TIME  *         5.64 SEC
 DISK USED  *        88.92 MB (local),      355.69 MB (total)
 GA USED    *         0.00 MB       (max)       0.00 MB       (current)
 **********************************************************************************************************************************


 PROGRAM * RHF-SCF (CLOSED SHELL)       Authors: W. Meyer, H.-J. Werner


 NUMBER OF ELECTRONS:      37+   37-    SPACE SYMMETRY=1    SPIN SYMMETRY: Singlet 
 CONVERGENCE THRESHOLDS:    1.00E-04 (Density)    1.00E-09 (Energy)
 INTEGRAL THRESHOLDS:       1.00E-13 (Initial)    1.00E-13 (Final)
 MAX. NUMBER OF ITERATIONS:       60
 INTERPOLATION TYPE:            DIIS
 INTERPOLATION STEPS:              2 (START)      1 (STEP)
 LEVEL SHIFTS:                  0.00 (CLOSED)  0.00 (OPEN) 



 Orbital guess generated from atomic densities. Full valence occupancy:   60

 Molecular orbital dump at record        2101.2

 Initial occupancy:  37

 Direct Fock-matrix evaluation.        Authors: Roland Lindh & Martin Schuetz (1993/96)

 Integral Threshold:                  0.1D-12
 Threshold for writing integrals:     0.1D-06
 Prescreening on density matrix:        ON 
 Calculation will be performed fully direct        

 ITERATION   DDIFF            GRAD            ENERGY        2-EL.EN.            DIPOLE MOMENTS         DIIS   CPU(IT)  CPU(TOT)
    1      0.000D+00      0.000D+00      -458.55224534   1312.358263   -1.21035   -0.28904   -0.11798    0   4666.1   4726.3     start
    2      0.000D+00      0.184D-02      -458.66851315   1305.069683   -0.38467   -0.00253   -0.21119    1   4737.5   9463.8     diag
    3      0.187D-02      0.114D-02      -458.70888037   1307.704107   -0.79045   -0.10593   -0.16773    2   4644.9  14108.6     diag
    4      0.634D-03      0.237D-03      -458.71197273   1308.027537   -0.67718   -0.06034   -0.17448    3   4572.0  18680.6     diag
    5      0.256D-03      0.897D-04      -458.71236389   1307.717517   -0.71458   -0.07387   -0.17655    4   4421.3  23102.0     diag
    6      0.831D-04      0.214D-04      -458.71240164   1307.752197   -0.70569   -0.06507   -0.17742    5   4237.4  27339.4     diag
    7      0.261D-04      0.866D-05      -458.71240843   1307.758131   -0.70633   -0.06690   -0.17753    6   4075.6  31415.0     diag
    8      0.104D-04      0.341D-05      -458.71240975   1307.751715   -0.70531   -0.06607   -0.17745    7   3785.2  35200.2     diag
    9      0.418D-05      0.131D-05      -458.71240997   1307.755107   -0.70536   -0.06638   -0.17741    8   3594.0  38794.2     diag
   10      0.206D-05      0.407D-06      -458.71240999   1307.754431   -0.70498   -0.06624   -0.17734    9   3410.3  42204.5     orth
   11      0.588D-06      0.150D-06      -458.71240999   1307.754507   -0.70505   -0.06633   -0.17733    9   3212.2  45416.8     diag
   12      0.197D-06      0.532D-07      -458.71240999   1307.754557   -0.70500   -0.06630   -0.17732    9   2893.3  48310.0     diag
   13      0.740D-07      0.188D-07      -458.71240999   1307.754514   -0.70501   -0.06631   -0.17732    0   2753.4  51063.5     orth

 Final occupancy:  37

 !RHF STATE  1.1 Energy              -458.712409993547
 Nuclear energy                       496.52719697
 One-electron energy                -1609.11686399
 Two-electron energy                  653.87725702
 Virial quotient                       -1.00116859
 !RHF STATE  1.1 Dipole moment         -0.70501408    -0.06631273    -0.17731938
 Dipole moment /Debye                  -1.79184968    -0.16853911    -0.45067140

 Orbital energies:

         1.1          2.1          3.1          4.1          5.1          6.1          7.1          8.1          9.1         10.1
    -20.606014   -20.542179   -11.382013   -11.239452   -11.238792   -11.237863   -11.237108   -11.236692   -11.235372   -11.231443

        11.1         12.1         13.1         14.1         15.1         16.1         17.1         18.1         19.1         20.1
     -1.458980    -1.354625    -1.154657    -1.020410    -1.018701    -1.018169    -0.827851    -0.827535    -0.813923    -0.713458

        21.1         22.1         23.1         24.1         25.1         26.1         27.1         28.1         29.1         30.1
     -0.701428    -0.673307    -0.647412    -0.645475    -0.622817    -0.591963    -0.591411    -0.579032    -0.564857    -0.556220

        31.1         32.1         33.1         34.1         35.1         36.1         37.1         38.1         39.1
     -0.502357    -0.498621    -0.498314    -0.479396    -0.449744    -0.342271    -0.341315     0.022776     0.027956


 HOMO     37.1    -0.341315 =      -9.2877eV
 LUMO     38.1     0.022776 =       0.6198eV
 LUMO-HOMO         0.364091 =       9.9074eV


 **********************************************************************************************************************************
 DATASETS  * FILE   NREC   LENGTH (MB)   RECORD NAMES
              1      18       87.91       500      610      700      900      950      970     1000      129      960     1100   
                                          VAR    BASINP    GEOM    SYMINP    ZMAT    AOBASIS   BASIS     P2S    ABASIS      S 
                                         1400     1410     1200     1210     1080     1600     1650     1700   
                                           T        V       H0       H01     AOSYM     SMH    MOLCAS    OPER   

              2       4       35.08       700     1000      520     2101   
                                         GEOM     BASIS   MCVARS     RHF  

 PROGRAMS   *        TOTAL   RHF-SCF       INT
 CPU TIMES  *     51069.71  51065.87      3.66
 REAL TIME  *     51320.37 SEC
 DISK USED  *       237.64 MB (local),      950.54 MB (total)
 SF USED    *        19.07 MB
 GA USED    *         0.00 MB       (max)       0.00 MB       (current)
 **********************************************************************************************************************************
 SETTING EAB_HF         =      -458.71240999  AU                              

 Dummy atoms: C7  O1  O2  H7  C8  H8  H9  H10


 Recomputing one-electron integrals since nuclear charges changed


 PROGRAM * SEWARD (Integral evaluation for generally contracted gaussian basis sets)     Author: Roland Lindh, 1990

 Geometry written to block  1 of record 700


 Point group  C1  



 ATOMIC COORDINATES

 NR  ATOM    CHARGE       X              Y              Z

   1  C1      6.00    1.146657389    2.514132923    0.597974556
   2  H1      1.00    2.355540698    4.161676462    0.624275392
   3  C2      6.00    2.112873786    0.164876454    1.294682590
   4  H2      1.00    4.063019878   -0.007344955    1.877930906
   5  C3      6.00    0.553505107   -1.957921367    1.264429483
   6  H3      1.00    1.301070501   -3.781269194    1.805402713
   7  C4      6.00   -1.970666375   -1.732332958    0.544599486
   8  H4      1.00   -3.179860216   -3.379752964    0.527893156
   9  C5      6.00   -2.935856547    0.618599933   -0.151070699
  10  H5      1.00   -4.892944924    0.794231256   -0.713080963
  11  C6      6.00   -1.375799301    2.741696215   -0.126325051
  12  H6      1.00   -2.123341234    4.564933259   -0.668701196
  13  C7      0.00    0.790322407   -0.511273716    7.618897705
  14  O1      0.00    3.049476145   -0.201451708    7.763491568
  15  O2      0.00   -0.304777042   -2.800497318    7.995781579
  16  H7      0.00    1.083133932   -3.936427743    8.360570748
  17  C8      0.00   -1.140758915    1.461470944    7.012898102
  18  H8      0.00   -0.236913454    3.296293631    6.924415888
  19  H9      0.00   -1.996427097    1.020794015    5.193643555
  20  H10     0.00   -2.623912380    1.451008475    8.434916028

 Bond lengths in Bohr (Angstrom)

  1- 2  2.043646325   1- 3  2.634004967   1-11  2.634232854   3- 4  2.042769834   3- 5  2.634163342
       ( 1.081451063)       ( 1.393855402)       ( 1.393975994)       ( 1.080987243)       ( 1.393939210)

  5- 6  2.043551652   5- 7  2.634480409   7- 8  2.043629497   7- 9  2.634850001   9-10  2.043745780
       ( 1.081400964)       ( 1.394106995)       ( 1.081442157)       ( 1.394302575)       ( 1.081503692)

  9-11  2.634754026  11-12  2.043816074  13-14  2.284879137  13-15  2.565507544  13-17  2.826310684
       ( 1.394251787)       ( 1.081540890)       ( 1.209105969)       ( 1.357608127)       ( 1.495619205)

 15-16  1.830220188  17-18  2.047276242  17-19  2.058166975  17-20  2.054747830
       ( 0.968510815)       ( 1.083371932)       ( 1.089135060)       ( 1.087325726)

 Bond angles

  1- 3- 4  120.05997521   1- 3- 5  119.90499487   1-11- 9  119.99698319   1-11-12  120.01773473

  2- 1- 3  119.90968315   2- 1-11  120.02169200   3- 1-11  120.06846303   3- 5- 6  119.96286788

  3-5-7  120.08761956   4-3-5  120.03142950   5-7-8  120.00796972   5-7-9  119.96838697

  6- 5- 7  119.94925687   7- 9-10  120.00432377   7- 9-11  119.97331296   8- 7- 9  120.02360769

  9-11-12  119.98528024  10- 9-11  120.02225674  13-15-16  105.03425169  13-17-18  109.46188941

 13-17-19  108.91307091  13-17-20  109.95250046  14-13-15  122.25893837  14-13-17  126.47572189

 15-13-17  111.26449272  18-17-19  109.70848298  18-17-20  110.67992918  19-17-20  108.09229995

 NUCLEAR CHARGE:                   42
 NUMBER OF PRIMITIVE AOS:        1750
 NUMBER OF SYMMETRY AOS:         1410
 NUMBER OF CONTRACTIONS:         1260   ( 1260A   )
 NUMBER OF CORE ORBITALS:           6   (    6A   )
 NUMBER OF VALENCE ORBITALS:       30   (   30A   )

 MOLECULE CHANGED: INITIALIZING OCCUPATION AND DUMP RECORDS


 NUCLEAR REPULSION ENERGY  203.66095772


 Eigenvalues of metric

         1 0.164E-06 0.235E-06 0.300E-06 0.352E-06 0.832E-06 0.857E-06 0.968E-06 0.108E-05


 OPERATOR DM      FOR CENTER  0  COORDINATES:    0.000000    0.000000    0.000000


 **********************************************************************************************************************************
 DATASETS  * FILE   NREC   LENGTH (MB)   RECORD NAMES
              1      18       87.91       500      610      700      900      950      970     1000      129      960     1100   
                                          VAR    BASINP    GEOM    SYMINP    ZMAT    AOBASIS   BASIS     P2S    ABASIS      S 
                                         1400     1410     1200     1210     1080     1600     1650     1700   
                                           T        V       H0       H01     AOSYM     SMH    MOLCAS    OPER   

              2       4       35.08       700     1000      520     2101   
                                         GEOM     BASIS   MCVARS     RHF  

 PROGRAMS   *        TOTAL       INT   RHF-SCF       INT
 CPU TIMES  *     51072.82      3.10  51065.87      3.66
 REAL TIME  *     51323.79 SEC
 DISK USED  *       237.64 MB (local),      950.54 MB (total)
 SF USED    *        19.07 MB
 GA USED    *         0.00 MB       (max)       0.00 MB       (current)
 **********************************************************************************************************************************


 PROGRAM * RHF-SCF (CLOSED SHELL)       Authors: W. Meyer, H.-J. Werner


 NUMBER OF ELECTRONS:      21+   21-    SPACE SYMMETRY=1    SPIN SYMMETRY: Singlet 
 CONVERGENCE THRESHOLDS:    1.00E-04 (Density)    1.00E-09 (Energy)
 INTEGRAL THRESHOLDS:       1.00E-13 (Initial)    1.00E-13 (Final)
 MAX. NUMBER OF ITERATIONS:       60
 INTERPOLATION TYPE:            DIIS
 INTERPOLATION STEPS:              2 (START)      1 (STEP)
 LEVEL SHIFTS:                  0.00 (CLOSED)  0.00 (OPEN) 



 Orbital guess generated from atomic densities. Full valence occupancy:   36

 Molecular orbital dump at record        2201.2

 Initial occupancy:  21

 Direct Fock-matrix evaluation.        Authors: Roland Lindh & Martin Schuetz (1993/96)

 Integral Threshold:                  0.1D-12
 Threshold for writing integrals:     0.1D-06
 Prescreening on density matrix:        ON 
 Calculation will be performed fully direct        

 ITERATION   DDIFF            GRAD            ENERGY        2-EL.EN.            DIPOLE MOMENTS         DIIS   CPU(IT)  CPU(TOT)
    1      0.000D+00      0.000D+00      -230.73489686    561.943060   -0.00212    0.00059    0.00329    0   4342.9   4381.8     start
    2      0.000D+00      0.123D-02      -230.78663881    556.903358   -0.00015    0.00052    0.00409    1   4208.9   8590.7     diag
    3      0.121D-02      0.497D-03      -230.79341892    559.298630   -0.00139    0.00059    0.00410    2   4139.9  12730.6     diag
    4      0.341D-03      0.162D-03      -230.79443507    558.728843   -0.00083    0.00060    0.00434    3   4060.3  16790.9     diag
    5      0.199D-03      0.129D-04      -230.79444657    558.723249   -0.00117    0.00060    0.00431    4   3799.2  20590.1     diag
    6      0.323D-04      0.185D-05      -230.79444682    558.724109   -0.00080    0.00061    0.00440    5   3533.4  24123.5     diag
    7      0.394D-05      0.375D-06      -230.79444682    558.723965   -0.00113    0.00060    0.00432    6   3109.6  27233.1     diag
    8      0.397D-06      0.192D-06      -230.79444682    558.723947   -0.00099    0.00060    0.00436    7   2917.0  30150.0     diag
    9      0.170D-06      0.316D-07      -230.79444682    558.723983   -0.00100    0.00060    0.00435    8   2637.6  32787.7     diag
   10      0.531D-07      0.104D-07      -230.79444682    558.723985   -0.00100    0.00060    0.00435    0   2300.4  35088.0     orth

 Final occupancy:  21

 !RHF STATE  1.1 Energy              -230.794446824098
 Nuclear energy                       203.66095772
 One-electron energy                 -713.81739703
 Two-electron energy                  279.36199248
 Virial quotient                       -1.00126258
 !RHF STATE  1.1 Dipole moment         -0.00099597     0.00060244     0.00435390
 Dipole moment /Debye                  -0.00253134     0.00153114     0.01106580

 Orbital energies:

         1.1          2.1          3.1          4.1          5.1          6.1          7.1          8.1          9.1         10.1
    -11.235279   -11.234698   -11.234691   -11.233461   -11.233446   -11.232836    -1.149896    -1.014511    -1.014364    -0.824035

        11.1         12.1         13.1         14.1         15.1         16.1         17.1         18.1         19.1         20.1
     -0.823959    -0.709702    -0.644285    -0.619089    -0.588288    -0.587995    -0.502416    -0.495202    -0.494843    -0.336889

        21.1         22.1         23.1
     -0.336823     0.021072     0.028818


 HOMO     21.1    -0.336823 =      -9.1654eV
 LUMO     22.1     0.021072 =       0.5734eV
 LUMO-HOMO         0.357895 =       9.7388eV


 **********************************************************************************************************************************
 DATASETS  * FILE   NREC   LENGTH (MB)   RECORD NAMES
              1      18       87.91       500      610      700      900      950      970     1000      129      960     1100   
                                          VAR    BASINP    GEOM    SYMINP    ZMAT    AOBASIS   BASIS     P2S    ABASIS      S 
                                         1400     1410     1200     1210     1080     1600     1650     1700   
                                           T        V       H0       H01     AOSYM     SMH    MOLCAS    OPER   

              2       5      101.14       700     1000      520     2101     2201   
                                         GEOM     BASIS   MCVARS     RHF      RHF  

 PROGRAMS   *        TOTAL   RHF-SCF       INT   RHF-SCF       INT
 CPU TIMES  *     86163.36  35090.54      3.10  51065.87      3.66
 REAL TIME  *     86575.18 SEC
 DISK USED  *       297.34 MB (local),        1.19 GB (total)
 SF USED    *        19.07 MB
 GA USED    *         0.00 MB       (max)       0.00 MB       (current)
 **********************************************************************************************************************************
 SETTING EA_HF          =      -230.79444682  AU                              

 Dummy atoms: C1  H1  C2  H2  C3  H3  C4  H4  C5  H5  C6  H6


 Recomputing one-electron integrals since nuclear charges changed


 PROGRAM * SEWARD (Integral evaluation for generally contracted gaussian basis sets)     Author: Roland Lindh, 1990

 Geometry written to block  1 of record 700


 Point group  C1  



 ATOMIC COORDINATES

 NR  ATOM    CHARGE       X              Y              Z

   1  C1      0.00    1.146657389    2.514132923    0.597974556
   2  H1      0.00    2.355540698    4.161676462    0.624275392
   3  C2      0.00    2.112873786    0.164876454    1.294682590
   4  H2      0.00    4.063019878   -0.007344955    1.877930906
   5  C3      0.00    0.553505107   -1.957921367    1.264429483
   6  H3      0.00    1.301070501   -3.781269194    1.805402713
   7  C4      0.00   -1.970666375   -1.732332958    0.544599486
   8  H4      0.00   -3.179860216   -3.379752964    0.527893156
   9  C5      0.00   -2.935856547    0.618599933   -0.151070699
  10  H5      0.00   -4.892944924    0.794231256   -0.713080963
  11  C6      0.00   -1.375799301    2.741696215   -0.126325051
  12  H6      0.00   -2.123341234    4.564933259   -0.668701196
  13  C7      6.00    0.790322407   -0.511273716    7.618897705
  14  O1      8.00    3.049476145   -0.201451708    7.763491568
  15  O2      8.00   -0.304777042   -2.800497318    7.995781579
  16  H7      1.00    1.083133932   -3.936427743    8.360570748
  17  C8      6.00   -1.140758915    1.461470944    7.012898102
  18  H8      1.00   -0.236913454    3.296293631    6.924415888
  19  H9      1.00   -1.996427097    1.020794015    5.193643555
  20  H10     1.00   -2.623912380    1.451008475    8.434916028

 Bond lengths in Bohr (Angstrom)

  1- 2  2.043646325   1- 3  2.634004967   1-11  2.634232854   3- 4  2.042769834   3- 5  2.634163342
       ( 1.081451063)       ( 1.393855402)       ( 1.393975994)       ( 1.080987243)       ( 1.393939210)

  5- 6  2.043551652   5- 7  2.634480409   7- 8  2.043629497   7- 9  2.634850001   9-10  2.043745780
       ( 1.081400964)       ( 1.394106995)       ( 1.081442157)       ( 1.394302575)       ( 1.081503692)

  9-11  2.634754026  11-12  2.043816074  13-14  2.284879137  13-15  2.565507544  13-17  2.826310684
       ( 1.394251787)       ( 1.081540890)       ( 1.209105969)       ( 1.357608127)       ( 1.495619205)

 15-16  1.830220188  17-18  2.047276242  17-19  2.058166975  17-20  2.054747830
       ( 0.968510815)       ( 1.083371932)       ( 1.089135060)       ( 1.087325726)

 Bond angles

  1- 3- 4  120.05997521   1- 3- 5  119.90499487   1-11- 9  119.99698319   1-11-12  120.01773473

  2- 1- 3  119.90968315   2- 1-11  120.02169200   3- 1-11  120.06846303   3- 5- 6  119.96286788

  3-5-7  120.08761956   4-3-5  120.03142950   5-7-8  120.00796972   5-7-9  119.96838697

  6- 5- 7  119.94925687   7- 9-10  120.00432377   7- 9-11  119.97331296   8- 7- 9  120.02360769

  9-11-12  119.98528024  10- 9-11  120.02225674  13-15-16  105.03425169  13-17-18  109.46188941

 13-17-19  108.91307091  13-17-20  109.95250046  14-13-15  122.25893837  14-13-17  126.47572189

 15-13-17  111.26449272  18-17-19  109.70848298  18-17-20  110.67992918  19-17-20  108.09229995

 NUCLEAR CHARGE:                   32
 NUMBER OF PRIMITIVE AOS:        1750
 NUMBER OF SYMMETRY AOS:         1410
 NUMBER OF CONTRACTIONS:         1260   ( 1260A   )
 NUMBER OF CORE ORBITALS:           4   (    4A   )
 NUMBER OF VALENCE ORBITALS:       20   (   20A   )

 MOLECULE CHANGED: INITIALIZING OCCUPATION AND DUMP RECORDS


 NUCLEAR REPULSION ENERGY  121.23566260


 Eigenvalues of metric

         1 0.164E-06 0.235E-06 0.300E-06 0.352E-06 0.832E-06 0.857E-06 0.968E-06 0.108E-05


 OPERATOR DM      FOR CENTER  0  COORDINATES:    0.000000    0.000000    0.000000


 **********************************************************************************************************************************
 DATASETS  * FILE   NREC   LENGTH (MB)   RECORD NAMES
              1      18       87.91       500      610      700      900      950      970     1000      129      960     1100   
                                          VAR    BASINP    GEOM    SYMINP    ZMAT    AOBASIS   BASIS     P2S    ABASIS      S 
                                         1400     1410     1200     1210     1080     1600     1650     1700   
                                           T        V       H0       H01     AOSYM     SMH    MOLCAS    OPER   

              2       5      101.14       700     1000      520     2101     2201   
                                         GEOM     BASIS   MCVARS     RHF      RHF  

 PROGRAMS   *        TOTAL       INT   RHF-SCF       INT   RHF-SCF       INT
 CPU TIMES  *     86166.52      3.15  35090.54      3.10  51065.87      3.66
 REAL TIME  *     86578.62 SEC
 DISK USED  *       297.34 MB (local),        1.19 GB (total)
 SF USED    *        19.07 MB
 GA USED    *         0.00 MB       (max)       0.00 MB       (current)
 **********************************************************************************************************************************


 PROGRAM * RHF-SCF (CLOSED SHELL)       Authors: W. Meyer, H.-J. Werner


 NUMBER OF ELECTRONS:      16+   16-    SPACE SYMMETRY=1    SPIN SYMMETRY: Singlet 
 CONVERGENCE THRESHOLDS:    1.00E-04 (Density)    1.00E-09 (Energy)
 INTEGRAL THRESHOLDS:       1.00E-13 (Initial)    1.00E-13 (Final)
 MAX. NUMBER OF ITERATIONS:       60
 INTERPOLATION TYPE:            DIIS
 INTERPOLATION STEPS:              2 (START)      1 (STEP)
 LEVEL SHIFTS:                  0.00 (CLOSED)  0.00 (OPEN) 



 Orbital guess generated from atomic densities. Full valence occupancy:   24

 Molecular orbital dump at record        2301.2

 Initial occupancy:  16

 Direct Fock-matrix evaluation.        Authors: Roland Lindh & Martin Schuetz (1993/96)

 Integral Threshold:                  0.1D-12
 Threshold for writing integrals:     0.1D-06
 Prescreening on density matrix:        ON 
 Calculation will be performed fully direct        

 ITERATION   DDIFF            GRAD            ENERGY        2-EL.EN.            DIPOLE MOMENTS         DIIS   CPU(IT)  CPU(TOT)
    1      0.000D+00      0.000D+00      -227.81727126    407.126408   -1.21509   -0.28237   -0.07758    0   4391.2   4419.1     start
    2      0.000D+00      0.241D-02      -227.88183634    404.463231   -0.51894   -0.03210   -0.05017    1   4251.6   8670.7     diag
    3      0.135D-02      0.167D-02      -227.91788443    405.488406   -0.84865   -0.08990   -0.06881    2   4130.0  12800.7     diag
    4      0.560D-03      0.250D-03      -227.91954645    405.581147   -0.77017   -0.06465   -0.06674    3   4003.9  16804.6     diag
    5      0.134D-03      0.107D-03      -227.91984166    405.510149   -0.79113   -0.06565   -0.06800    4   3873.1  20677.6     diag
    6      0.569D-04      0.311D-04      -227.91987872    405.527345   -0.78443   -0.05948   -0.06846    5   3738.4  24416.0     diag
    7      0.209D-04      0.124D-04      -227.91988586    405.526694   -0.78328   -0.05953   -0.06834    6   3613.2  28029.2     diag
    8      0.105D-04      0.481D-05      -227.91988707    405.527155   -0.78255   -0.05927   -0.06833    7   3475.6  31504.8     diag
    9      0.412D-05      0.163D-05      -227.91988724    405.527224   -0.78208   -0.05929   -0.06828    8   3319.5  34824.3     diag
   10      0.175D-05      0.356D-06      -227.91988725    405.527419   -0.78191   -0.05932   -0.06826    9   3149.1  37973.4     orth
   11      0.392D-06      0.897D-07      -227.91988725    405.527268   -0.78189   -0.05933   -0.06825    9   2959.4  40932.9     diag
   12      0.790D-07      0.266D-07      -227.91988725    405.527336   -0.78189   -0.05933   -0.06825    0   2710.5  43643.4     orth

 Final occupancy:  16

 !RHF STATE  1.1 Energy              -227.919887247868
 Nuclear energy                       121.23566260
 One-electron energy                 -551.91921775
 Two-electron energy                  202.76366790
 Virial quotient                       -1.00125663
 !RHF STATE  1.1 Dipole moment         -0.78188662    -0.05932916    -0.06825359
 Dipole moment /Debye                  -1.98722740    -0.15078982    -0.17347195

 Orbital energies:

         1.1          2.1          3.1          4.1          5.1          6.1          7.1          8.1          9.1         10.1
    -20.612690   -20.550318   -11.390075   -11.245796    -1.465967    -1.361660    -1.031908    -0.822272    -0.708360    -0.682155

        11.1         12.1         13.1         14.1         15.1         16.1         17.1         18.1
     -0.652995    -0.587331    -0.576518    -0.564439    -0.485690    -0.457766     0.016067     0.026442


 HOMO     16.1    -0.457766 =     -12.4564eV
 LUMO     17.1     0.016067 =       0.4372eV
 LUMO-HOMO         0.473833 =      12.8936eV


 **********************************************************************************************************************************
 DATASETS  * FILE   NREC   LENGTH (MB)   RECORD NAMES
              1      18       87.91       500      610      700      900      950      970     1000      129      960     1100   
                                          VAR    BASINP    GEOM    SYMINP    ZMAT    AOBASIS   BASIS     P2S    ABASIS      S 
                                         1400     1410     1200     1210     1080     1600     1650     1700   
                                           T        V       H0       H01     AOSYM     SMH    MOLCAS    OPER   

              2       6      167.20       700     1000      520     2101     2201     2301   
                                         GEOM     BASIS   MCVARS     RHF      RHF      RHF  

 PROGRAMS   *        TOTAL   RHF-SCF       INT   RHF-SCF       INT   RHF-SCF       INT
 CPU TIMES  *    129812.69  43646.17      3.15  35090.54      3.10  51065.87      3.66
 REAL TIME  *    130425.77 SEC
 DISK USED  *       369.76 MB (local),        1.48 GB (total)
 SF USED    *        19.07 MB
 GA USED    *         0.00 MB       (max)       0.00 MB       (current)
 **********************************************************************************************************************************
 SETTING EB_HF          =      -227.91988725  AU                              
 SETTING E_AB_INT       =         0.00192408  AU                              

 *** results in hartree
 E_AB_INT         =         0.00192408 AU
 Molecular orbitals read from record     2301.2  Type=RHF/CANONICAL (state 1.1)
 Occupation numbers read from record     2301.2  Type=RHF/RHF (state 1.1)
 Orbital energies read from record       2301.2  Type=RHF/CANONICAL (state 1.1)
 Redundancy group numbers read from rec  2301.2  Type=RHF/RHF (state 1.1)

 RHF/aug-cc-pVQZ energy=   -227.919887247868

         RHF-SCF         RHF-SCF         RHF-SCF
   -227.91988725   -230.79444682   -458.71240999
 **********************************************************************************************************************************
 Molpro calculation terminated
Sun 24 Nov 2019 12:27:24 AM CET
