
 Primary working directories    : /scratch/sirous/57816/molpro.a5f8ETaRKS
 Secondary working directories  : /scratch/sirous/57816/molpro.a5f8ETaRKS
 Wavefunction directory         : /scratch/sirous/57816/
 Main file repository           : /scratch/sirous/57816/molpro.a5f8ETaRKS/

 id        : karlovklimes

 Nodes                      nprocs
 nc-12.cc.karlov.mff.cuni.cz    4

 Using customized tuning parameters: mindgm=1; mindgv=20; mindgc=4; mindgr=1; noblas=0; minvec=7
 default implementation of scratch files=sf  


 Variables initialized (934), CPU time= 0.01 sec
 ***,CH3C6H4CN+CF3CN+BF3
 memory,500,m
 gdirect
 gthresh,energy=1.d-8,twoint=1.d-15,oneint=1.d-15,zero=1.d-15,orbital=1.d-8,grid=1.d-8
 symmetry,nosym
 geomtyp=xyz
                                                                                 ! Geometry
 geometry={
 C1        0.825769105    1.236524837     -0.040250437
 H1        1.521013168    2.063125196     -0.082471448
 C2        1.300159924    -0.062940879     0.127256013
 H2        2.363657528    -0.242261131     0.207674197
 C3        0.403523117    -1.128552182     0.198244857
 H3        0.773753376    -2.137426768     0.324121091
 C4        -0.967809494    -0.895190489     0.103139941
 H4        -1.665209000    -1.719983422     0.160427446
 C5        -1.443508379    0.404483279     -0.062441302
 H5        -2.507511245    0.585501124     -0.124150163
 C6        -0.545755493    1.468768748     -0.136247408
 H6        -0.914221904    2.477422201     -0.267855164
 N1        -0.264108097    0.641307428     3.503037557
 H7        -0.637415490    1.543068858     3.240144586
 C7        1.128038585    0.568320522     3.635050896
 O1        1.818948904    1.562744214     3.490216831
 C8        1.606938699    -0.765757187     3.953161098
 H8        2.663990793    -0.917973126     4.087282234
 C9        0.727229472    -1.780138363     4.079377623
 H9        1.033156993    -2.788558972     4.315901984
 N2        -0.618016415    -1.595106443     3.909285480
 H10        -1.266764246    -2.357665386     4.008154651
 C10        -1.192464724    -0.370305415     3.609870864
 O2        -2.390253136    -0.219482140     3.467758672
 }
 
 
 
 basis=avtz
 
 
 
                                                                                 ! Dimer Calculation
 {rhf,accu=1.d-8;orbital,2101.2}
 eab_HF=energy
 
 
                                                                                 !monomer A
 dummy,13,14,15,16,17,18,19,20,21,22,23,24;                                      ! NOW MONOMER B IS DUMMY
 {rhf,accu=1.d-8;orbital,2201.2}
 ea_HF=energy
                                                                                 !monomer B
 dummy,1,2,3,4,5,6,7,8,9,10,11,12;                                               !NOW MONOMER A IS DUMMY
 {rhf,accu=1.d-8;orbital,2301.2}
 eb_HF=energy
 
 E_AB_int=eab_HF-ea_HF-eb_HF
 
 
 text,results in hartree
 show,E_AB_int
 
 Commands  initialized (763), CPU time= 0.01 sec, 617 directives.
 Default parameters read. Elapsed time= 0.21 sec

 Checking input...
 Passed
1


                                         ***  PROGRAM SYSTEM MOLPRO  ***
                                       Copyright, TTI GmbH Stuttgart, 2015
                                    Version 2019.2 linked Jun  8 2019 11:26:33


 **********************************************************************************************************************************
 LABEL *   CH3C6H4CN+CF3CN+BF3                                                           
  64 bit mpp version                                                                     DATE: 18-Oct-19          TIME: 20:22:47  
 **********************************************************************************************************************************

 SHA1:             8135a10abc80eafa5b3ae28ffc55be4890dc4c84
 **********************************************************************************************************************************

 THRESHOLDS:

 ZERO    =  1.00D-15  ONEINT  =  1.00D-15  TWOINT  =  1.00D-15  PREFAC  =  1.00D-14  XXXXXX  =  1.00D-09  EORDER  =  1.00D-04
 ENERGY  =  1.00D-08  ETEST   =  0.00D+00  EDENS   =  0.00D+00  THRDEDEF=  1.00D-06  GRADIENT=  1.00D-02  STEP    =  1.00D-03
 ORBITAL =  1.00D-08  CIVEC   =  1.00D-05  COEFF   =  1.00D-04  PRINTCI =  5.00D-02  PUNCHCI =  9.90D+01  OPTGRAD =  3.00D-04
 OPTENERG=  1.00D-06  OPTSTEP =  3.00D-04  THRGRAD =  1.00D-10  COMPRESS=  1.00D-11  VARMIN  =  1.00D-07  VARMAX  =  1.00D-03
 THRDOUB =  0.00D+00  THRDIV  =  1.00D-05  THRRED  =  1.00D-07  THRPSP  =  1.00D+00  THRDC   =  1.00D-10  THRCS   =  1.00D-10
 THRNRM  =  1.00D-08  THREQ   =  0.00D+00  THRDE   =  1.00D+00  THRREF  =  1.00D-05  SPARFAC =  1.00D+00  THRDLP  =  1.00D-07
 THRDIA  =  1.00D-10  THRDLS  =  1.00D-07  THRGPS  =  0.00D+00  THRKEX  =  0.00D+00  THRDIS  =  2.00D-01  THRVAR  =  1.00D-10
 THRLOC  =  1.00D-06  THRGAP  =  1.00D-06  THRLOCT = -1.00D+00  THRGAPT = -1.00D+00  THRORB  =  1.00D-06  THRMLTP =  0.00D+00
 THRCPQCI=  1.00D-10  KEXTA   =  0.00D+00  THRCOARS=  0.00D+00  SYMTOL  =  1.00D-06  GRADTOL =  1.00D-06  THROVL  =  1.00D-08
 THRORTH =  1.00D-08  GRID    =  1.00D-08  GRIDMAX =  1.00D-03  DTMAX   =  0.00D+00  THROCCDE=  1.00D-01  THROCCDE=  1.00D-01
 THRPRINT=  2.50D-01


 Variable memory set to  500000000 words,  buffer space 

 SETTING GEOMTYP        =    XYZ
 ZSYMEL=NOSYM

 SETTING BASIS          =    AVTZ


 Recomputing integrals since basis changed


 Using spherical harmonics

 Library entry C      S aug-cc-pVTZ          selected for orbital group  1
 Library entry C      P aug-cc-pVTZ          selected for orbital group  1
 Library entry C      D aug-cc-pVTZ          selected for orbital group  1
 Library entry C      F aug-cc-pVTZ          selected for orbital group  1
 Library entry H      S aug-cc-pVTZ          selected for orbital group  2
 Library entry H      P aug-cc-pVTZ          selected for orbital group  2
 Library entry H      D aug-cc-pVTZ          selected for orbital group  2
 Library entry N      S aug-cc-pVTZ          selected for orbital group 13
 Library entry N      P aug-cc-pVTZ          selected for orbital group 13
 Library entry N      D aug-cc-pVTZ          selected for orbital group 13
 Library entry N      F aug-cc-pVTZ          selected for orbital group 13
 Library entry O      S aug-cc-pVTZ          selected for orbital group 16
 Library entry O      P aug-cc-pVTZ          selected for orbital group 16
 Library entry O      D aug-cc-pVTZ          selected for orbital group 16
 Library entry O      F aug-cc-pVTZ          selected for orbital group 16


 PROGRAM * SEWARD (Integral evaluation for generally contracted gaussian basis sets)     Author: Roland Lindh, 1990

 Geometry written to block  1 of record 700


 Point group  C1  



 ATOMIC COORDINATES

 NR  ATOM    CHARGE       X              Y              Z

   1  C1      6.00    1.560477451    2.336693288   -0.076062302
   2  H1      1.00    2.874298319    3.898741581   -0.155848450
   3  C2      6.00    2.456946174   -0.118941023    0.240479012
   4  H2      1.00    4.466665380   -0.457807188    0.392447355
   5  C3      6.00    0.762548176   -2.132654541    0.374628485
   6  H3      1.00    1.462181969   -4.039151203    0.612500093
   7  C4      6.00   -1.828894884   -1.691664854    0.194906241
   8  H4      1.00   -3.146788950   -3.250297606    0.303163936
   9  C5      6.00   -2.727835495    0.764362619   -0.117996960
  10  H5      1.00   -4.738509507    1.106436770   -0.234609806
  11  C6      6.00   -1.031328413    2.775570674   -0.257470286
  12  H6      1.00   -1.727629016    4.681649455   -0.506172901
  13  N1      7.00   -0.499091971    1.211895401    6.619781587
  14  H7      1.00   -1.204540704    2.915977533    6.122985872
  15  C7      6.00    2.131683984    1.073970138    6.869250642
  16  O1      8.00    3.437315263    2.953158567    6.595553926
  17  C8      6.00    3.036674040   -1.447071361    7.470391802
  18  H8      1.00    5.034212997   -1.734717798    7.723844016
  19  C9      6.00    1.374264532   -3.363973970    7.708906466
  20  H9      1.00    1.952383760   -5.269612739    8.155872730
  21  N2      7.00   -1.167881765   -3.014314317    7.387478900
  22  H10     1.00   -2.393837489   -4.455341873    7.574314555
  23  C10     6.00   -2.253431742   -0.699775817    6.821667278
  24  O2      8.00   -4.516923795   -0.414761134    6.553114156

 Bond lengths in Bohr (Angstrom)

  1- 2  2.042666388   1- 3  2.633247890   1-11  2.634953481   3- 4  2.043745567   3- 5  2.635151379
       ( 1.080932502)       ( 1.393454774)       ( 1.394357334)       ( 1.081503579)       ( 1.394462057)

  5- 6  2.044700434   5- 7  2.634833795   7- 8  2.043991330   7- 9  2.634022320   9-10  2.042895804
       ( 1.082008873)       ( 1.394293999)       ( 1.081633631)       ( 1.393864585)       ( 1.081053904)

  9-11  2.634871330  11-12  2.044461748  13-14  1.910068012  13-15  2.646174656  13-23  2.602489713
       ( 1.394313862)       ( 1.081882566)       ( 1.010764463)       ( 1.400295324)       ( 1.377178248)

 15-16  2.304545961  15-17  2.745182678  17-18  2.033996161  17-19  2.548530994  19-20  2.040945811
       ( 1.219513204)       ( 1.452688113)       ( 1.076344415)       ( 1.348624524)       ( 1.080022012)

 19-21  2.586133281  21-22  1.901166857  21-23  2.618329622  23-24  2.297117852
       ( 1.368522797)       ( 1.006054175)       ( 1.385560367)       ( 1.215582418)

 Bond angles

  1- 3- 4  119.88993267   1- 3- 5  119.98979528   1-11- 9  120.16843009   1-11-12  119.91157431

  2- 1- 3  119.92441123   2- 1-11  120.17201152   3- 1-11  119.89874580   3- 5- 6  119.89620936

  3-5-7  120.06869174   4-3-5  120.11934111   5-7-8  120.19258104   5-7-9  119.98824057

  6- 5- 7  120.03481366   7- 9-10  119.92124523   7- 9-11  119.88576768   8- 7- 9  119.81892592

  9-11-12  119.91998900  10- 9-11  120.19059814  13-15-16  120.63389606  13-15-17  113.34443082

 13-23-21  112.74385380  13-23-24  124.33454387  14-13-15  115.98937034  14-13-23  115.24872043

 15-13-23  128.65119500  15-17-18  118.74519420  15-17-19  119.74892840  16-15-17  126.02121254

 17-19-20  122.54890684  17-19-21  121.86218769  18-17-19  121.50529556  19-21-22  121.27724028

 19-21-23  123.63645262  20-19-21  115.58843459  21-23-24  122.92017805  22-21-23  115.08191298

 NUCLEAR CHARGE:                  100
 NUMBER OF PRIMITIVE AOS:        1208
 NUMBER OF SYMMETRY AOS:         1062
 NUMBER OF CONTRACTIONS:          874   (  874A   )
 NUMBER OF CORE ORBITALS:          14   (   14A   )
 NUMBER OF VALENCE ORBITALS:       66   (   66A   )


 NUCLEAR REPULSION ENERGY  859.82685668


 Eigenvalues of metric

         1 0.227E-06 0.563E-06 0.890E-06 0.230E-05 0.267E-05 0.278E-05 0.316E-05 0.340E-05


 OPERATOR DM      FOR CENTER  0  COORDINATES:    0.000000    0.000000    0.000000


 **********************************************************************************************************************************
 DATASETS  * FILE   NREC   LENGTH (MB)   RECORD NAMES
              1      18       58.19       500      610      700      900      950      970     1000      129      960     1100   
                                          VAR    BASINP    GEOM    SYMINP    ZMAT    AOBASIS   BASIS     P2S    ABASIS      S 
                                         1400     1410     1200     1210     1080     1600     1650     1700   
                                           T        V       H0       H01     AOSYM     SMH    MOLCAS    OPER   

 PROGRAMS   *        TOTAL       INT
 CPU TIMES  *         1.99      1.82
 REAL TIME  *         4.25 SEC
 DISK USED  *        59.12 MB (local),      236.49 MB (total)
 GA USED    *         0.00 MB       (max)       0.00 MB       (current)
 **********************************************************************************************************************************


 PROGRAM * RHF-SCF (CLOSED SHELL)       Authors: W. Meyer, H.-J. Werner


 NUMBER OF ELECTRONS:      50+   50-    SPACE SYMMETRY=1    SPIN SYMMETRY: Singlet 
 CONVERGENCE THRESHOLDS:    1.00E-04 (Density)    1.00E-09 (Energy)
 INTEGRAL THRESHOLDS:       1.00E-13 (Initial)    1.00E-13 (Final)
 MAX. NUMBER OF ITERATIONS:       60
 INTERPOLATION TYPE:            DIIS
 INTERPOLATION STEPS:              2 (START)      1 (STEP)
 LEVEL SHIFTS:                  0.00 (CLOSED)  0.00 (OPEN) 



 Orbital guess generated from atomic densities. Full valence occupancy:   80

 Molecular orbital dump at record        2101.2

 Initial occupancy:  50

 Direct Fock-matrix evaluation.        Authors: Roland Lindh & Martin Schuetz (1993/96)

 Integral Threshold:                  0.1D-12
 Threshold for writing integrals:     0.1D-06
 Prescreening on density matrix:        ON 
 Calculation will be performed fully direct        

 ITERATION   DDIFF            GRAD            ENERGY        2-EL.EN.            DIPOLE MOMENTS         DIIS   CPU(IT)  CPU(TOT)
    1      0.000D+00      0.000D+00      -643.13191629   2161.497149   -0.29447   -3.12267    0.60805    0    851.9    876.5     start
    2      0.000D+00      0.253D-02      -643.27723202   2158.866601    0.35841   -1.05031    0.06729    1    840.3   1716.8     diag
    3      0.398D-02      0.203D-02      -643.39828381   2158.653074    0.20543   -1.91491    0.33407    2    816.4   2533.2     diag
    4      0.157D-02      0.305D-03      -643.40399423   2159.842246    0.17844   -1.80836    0.30365    3    801.7   3334.8     diag
    5      0.492D-03      0.112D-03      -643.40481405   2159.240722    0.21342   -1.80587    0.30192    4    787.7   4122.5     diag
    6      0.155D-03      0.339D-04      -643.40496593   2159.348592    0.20875   -1.79107    0.30064    5    776.2   4898.8     diag
    7      0.762D-04      0.158D-04      -643.40499425   2159.341009    0.21409   -1.78784    0.29949    6    754.4   5653.1     diag
    8      0.322D-04      0.702D-05      -643.40499877   2159.330735    0.21348   -1.78549    0.29901    7    737.9   6391.0     diag
    9      0.137D-04      0.220D-05      -643.40499926   2159.336296    0.21394   -1.78483    0.29904    8    718.8   7109.8     diag
   10      0.481D-05      0.814D-06      -643.40499933   2159.335640    0.21420   -1.78435    0.29897    9    691.3   7801.1     orth
   11      0.171D-05      0.386D-06      -643.40499935   2159.335536    0.21424   -1.78420    0.29894    9    676.5   8477.6     diag
   12      0.942D-06      0.109D-06      -643.40499935   2159.335778    0.21434   -1.78415    0.29895    9    648.5   9126.1     diag
   13      0.330D-06      0.427D-07      -643.40499935   2159.335703    0.21433   -1.78412    0.29894    9    615.3   9741.4     diag
   14      0.974D-07      0.144D-07      -643.40499935   2159.335729    0.21434   -1.78412    0.29894    0    590.3  10331.7     orth

 Final occupancy:  50

 !RHF STATE  1.1 Energy              -643.404999350144
 Nuclear energy                       859.82685668
 One-electron energy                -2582.89972045
 Two-electron energy                 1079.66786442
 Virial quotient                       -1.00160723
 !RHF STATE  1.1 Dipole moment          0.21434315    -1.78412392     0.29894115
 Dipole moment /Debye                   0.54477026    -4.53449367     0.75978285

 Orbital energies:

         1.1          2.1          3.1          4.1          5.1          6.1          7.1          8.1          9.1         10.1
    -20.540375   -20.534986   -15.638317   -15.619370   -11.412038   -11.374289   -11.334792   -11.249698   -11.237441   -11.235498

        11.1         12.1         13.1         14.1         15.1         16.1         17.1         18.1         19.1         20.1
    -11.234990   -11.234358   -11.233810   -11.233066    -1.429618    -1.391572    -1.307238    -1.239315    -1.150631    -1.082266

        21.1         22.1         23.1         24.1         25.1         26.1         27.1         28.1         29.1         30.1
     -1.015172    -1.014628    -0.927228    -0.895425    -0.824305    -0.823716    -0.801074    -0.758948    -0.709552    -0.708353

        31.1         32.1         33.1         34.1         35.1         36.1         37.1         38.1         39.1         40.1
     -0.671764    -0.662624    -0.647023    -0.643823    -0.618922    -0.609214    -0.595841    -0.588229    -0.587551    -0.564748

        41.1         42.1         43.1         44.1         45.1         46.1         47.1         48.1         49.1         50.1
     -0.520588    -0.502108    -0.494609    -0.494486    -0.477254    -0.443362    -0.430078    -0.363480    -0.338181    -0.336047

        51.1         52.1
      0.015063     0.032118


 HOMO     50.1    -0.336047 =      -9.1443eV
 LUMO     51.1     0.015063 =       0.4099eV
 LUMO-HOMO         0.351110 =       9.5542eV


 **********************************************************************************************************************************
 DATASETS  * FILE   NREC   LENGTH (MB)   RECORD NAMES
              1      18       58.19       500      610      700      900      950      970     1000      129      960     1100   
                                          VAR    BASINP    GEOM    SYMINP    ZMAT    AOBASIS   BASIS     P2S    ABASIS      S 
                                         1400     1410     1200     1210     1080     1600     1650     1700   
                                           T        V       H0       H01     AOSYM     SMH    MOLCAS    OPER   

              2       4       18.58       700     1000      520     2101   
                                         GEOM     BASIS   MCVARS     RHF  

 PROGRAMS   *        TOTAL   RHF-SCF       INT
 CPU TIMES  *     10334.52  10332.52      1.82
 REAL TIME  *     10369.44 SEC
 DISK USED  *       132.01 MB (local),      528.05 MB (total)
 SF USED    *         9.18 MB
 GA USED    *         0.00 MB       (max)       0.00 MB       (current)
 **********************************************************************************************************************************
 SETTING EAB_HF         =      -643.40499935  AU                              

 Dummy atoms: N1  H7  C7  O1  C8  H8  C9  H9  N2  H10  C10  O2


 Recomputing one-electron integrals since nuclear charges changed


 PROGRAM * SEWARD (Integral evaluation for generally contracted gaussian basis sets)     Author: Roland Lindh, 1990

 Geometry written to block  1 of record 700


 Point group  C1  



 ATOMIC COORDINATES

 NR  ATOM    CHARGE       X              Y              Z

   1  C1      6.00    1.560477451    2.336693288   -0.076062302
   2  H1      1.00    2.874298319    3.898741581   -0.155848450
   3  C2      6.00    2.456946174   -0.118941023    0.240479012
   4  H2      1.00    4.466665380   -0.457807188    0.392447355
   5  C3      6.00    0.762548176   -2.132654541    0.374628485
   6  H3      1.00    1.462181969   -4.039151203    0.612500093
   7  C4      6.00   -1.828894884   -1.691664854    0.194906241
   8  H4      1.00   -3.146788950   -3.250297606    0.303163936
   9  C5      6.00   -2.727835495    0.764362619   -0.117996960
  10  H5      1.00   -4.738509507    1.106436770   -0.234609806
  11  C6      6.00   -1.031328413    2.775570674   -0.257470286
  12  H6      1.00   -1.727629016    4.681649455   -0.506172901
  13  N1      0.00   -0.499091971    1.211895401    6.619781587
  14  H7      0.00   -1.204540704    2.915977533    6.122985872
  15  C7      0.00    2.131683984    1.073970138    6.869250642
  16  O1      0.00    3.437315263    2.953158567    6.595553926
  17  C8      0.00    3.036674040   -1.447071361    7.470391802
  18  H8      0.00    5.034212997   -1.734717798    7.723844016
  19  C9      0.00    1.374264532   -3.363973970    7.708906466
  20  H9      0.00    1.952383760   -5.269612739    8.155872730
  21  N2      0.00   -1.167881765   -3.014314317    7.387478900
  22  H10     0.00   -2.393837489   -4.455341873    7.574314555
  23  C10     0.00   -2.253431742   -0.699775817    6.821667278
  24  O2      0.00   -4.516923795   -0.414761134    6.553114156

 Bond lengths in Bohr (Angstrom)

  1- 2  2.042666388   1- 3  2.633247890   1-11  2.634953481   3- 4  2.043745567   3- 5  2.635151379
       ( 1.080932502)       ( 1.393454774)       ( 1.394357334)       ( 1.081503579)       ( 1.394462057)

  5- 6  2.044700434   5- 7  2.634833795   7- 8  2.043991330   7- 9  2.634022320   9-10  2.042895804
       ( 1.082008873)       ( 1.394293999)       ( 1.081633631)       ( 1.393864585)       ( 1.081053904)

  9-11  2.634871330  11-12  2.044461748  13-14  1.910068012  13-15  2.646174656  13-23  2.602489713
       ( 1.394313862)       ( 1.081882566)       ( 1.010764463)       ( 1.400295324)       ( 1.377178248)

 15-16  2.304545961  15-17  2.745182678  17-18  2.033996161  17-19  2.548530994  19-20  2.040945811
       ( 1.219513204)       ( 1.452688113)       ( 1.076344415)       ( 1.348624524)       ( 1.080022012)

 19-21  2.586133281  21-22  1.901166857  21-23  2.618329622  23-24  2.297117852
       ( 1.368522797)       ( 1.006054175)       ( 1.385560367)       ( 1.215582418)

 Bond angles

  1- 3- 4  119.88993267   1- 3- 5  119.98979528   1-11- 9  120.16843009   1-11-12  119.91157431

  2- 1- 3  119.92441123   2- 1-11  120.17201152   3- 1-11  119.89874580   3- 5- 6  119.89620936

  3-5-7  120.06869174   4-3-5  120.11934111   5-7-8  120.19258104   5-7-9  119.98824057

  6- 5- 7  120.03481366   7- 9-10  119.92124523   7- 9-11  119.88576768   8- 7- 9  119.81892592

  9-11-12  119.91998900  10- 9-11  120.19059814  13-15-16  120.63389606  13-15-17  113.34443082

 13-23-21  112.74385380  13-23-24  124.33454387  14-13-15  115.98937034  14-13-23  115.24872043

 15-13-23  128.65119500  15-17-18  118.74519420  15-17-19  119.74892840  16-15-17  126.02121254

 17-19-20  122.54890684  17-19-21  121.86218769  18-17-19  121.50529556  19-21-22  121.27724028

 19-21-23  123.63645262  20-19-21  115.58843459  21-23-24  122.92017805  22-21-23  115.08191298

 NUCLEAR CHARGE:                   42
 NUMBER OF PRIMITIVE AOS:        1208
 NUMBER OF SYMMETRY AOS:         1062
 NUMBER OF CONTRACTIONS:          874   (  874A   )
 NUMBER OF CORE ORBITALS:           6   (    6A   )
 NUMBER OF VALENCE ORBITALS:       30   (   30A   )

 MOLECULE CHANGED: INITIALIZING OCCUPATION AND DUMP RECORDS


 NUCLEAR REPULSION ENERGY  203.65134593


 Eigenvalues of metric

         1 0.227E-06 0.563E-06 0.890E-06 0.230E-05 0.267E-05 0.278E-05 0.316E-05 0.340E-05


 OPERATOR DM      FOR CENTER  0  COORDINATES:    0.000000    0.000000    0.000000


 **********************************************************************************************************************************
 DATASETS  * FILE   NREC   LENGTH (MB)   RECORD NAMES
              1      18       58.19       500      610      700      900      950      970     1000      129      960     1100   
                                          VAR    BASINP    GEOM    SYMINP    ZMAT    AOBASIS   BASIS     P2S    ABASIS      S 
                                         1400     1410     1200     1210     1080     1600     1650     1700   
                                           T        V       H0       H01     AOSYM     SMH    MOLCAS    OPER   

              2       4       18.58       700     1000      520     2101   
                                         GEOM     BASIS   MCVARS     RHF  

 PROGRAMS   *        TOTAL       INT   RHF-SCF       INT
 CPU TIMES  *     10335.88      1.35  10332.52      1.82
 REAL TIME  *     10371.18 SEC
 DISK USED  *       132.01 MB (local),      528.05 MB (total)
 SF USED    *         9.18 MB
 GA USED    *         0.00 MB       (max)       0.00 MB       (current)
 **********************************************************************************************************************************


 PROGRAM * RHF-SCF (CLOSED SHELL)       Authors: W. Meyer, H.-J. Werner


 NUMBER OF ELECTRONS:      21+   21-    SPACE SYMMETRY=1    SPIN SYMMETRY: Singlet 
 CONVERGENCE THRESHOLDS:    1.00E-04 (Density)    1.00E-09 (Energy)
 INTEGRAL THRESHOLDS:       1.00E-13 (Initial)    1.00E-13 (Final)
 MAX. NUMBER OF ITERATIONS:       60
 INTERPOLATION TYPE:            DIIS
 INTERPOLATION STEPS:              2 (START)      1 (STEP)
 LEVEL SHIFTS:                  0.00 (CLOSED)  0.00 (OPEN) 



 Orbital guess generated from atomic densities. Full valence occupancy:   36

 Molecular orbital dump at record        2201.2

 Initial occupancy:  21

 Direct Fock-matrix evaluation.        Authors: Roland Lindh & Martin Schuetz (1993/96)

 Integral Threshold:                  0.1D-12
 Threshold for writing integrals:     0.1D-06
 Prescreening on density matrix:        ON 
 Calculation will be performed fully direct        

 ITERATION   DDIFF            GRAD            ENERGY        2-EL.EN.            DIPOLE MOMENTS         DIIS   CPU(IT)  CPU(TOT)
    1      0.000D+00      0.000D+00      -230.72294644    561.790154   -0.00058   -0.00000    0.00623    0    828.4    841.9     start
    2      0.000D+00      0.146D-02      -230.77393830    556.892980   -0.00010    0.00141    0.00647    1    809.7   1651.6     diag
    3      0.187D-02      0.583D-03      -230.78047092    559.231976   -0.00050    0.00085    0.00722    2    795.6   2447.2     diag
    4      0.692D-03      0.192D-03      -230.78146809    558.655423   -0.00032    0.00118    0.00736    3    779.6   3226.8     diag
    5      0.215D-03      0.154D-04      -230.78147938    558.653095   -0.00044    0.00105    0.00747    4    753.8   3980.5     diag
    6      0.423D-04      0.214D-05      -230.78147962    558.653486   -0.00031    0.00122    0.00744    5    710.8   4691.4     diag
    7      0.638D-05      0.407D-06      -230.78147963    558.653457   -0.00044    0.00106    0.00747    6    644.2   5335.6     diag
    8      0.883D-06      0.195D-06      -230.78147963    558.653461   -0.00037    0.00114    0.00746    7    616.9   5952.5     diag
    9      0.305D-06      0.370D-07      -230.78147963    558.653477   -0.00039    0.00112    0.00746    8    560.6   6513.1     diag
   10      0.624D-07      0.165D-07      -230.78147963    558.653484   -0.00038    0.00113    0.00746    0    525.6   7038.8     orth

 Final occupancy:  21

 !RHF STATE  1.1 Energy              -230.781479627304
 Nuclear energy                       203.65134593
 One-electron energy                 -713.75956771
 Two-electron energy                  279.32674216
 Virial quotient                       -1.00147756
 !RHF STATE  1.1 Dipole moment         -0.00038120     0.00113208     0.00746201
 Dipole moment /Debye                  -0.00096885     0.00287726     0.01896530

 Orbital energies:

         1.1          2.1          3.1          4.1          5.1          6.1          7.1          8.1          9.1         10.1
    -11.236354   -11.235819   -11.235728   -11.234576   -11.234481   -11.233917    -1.150178    -1.015042    -1.014346    -0.824256

        11.1         12.1         13.1         14.1         15.1         16.1         17.1         18.1         19.1         20.1
     -0.823916    -0.709576    -0.644210    -0.619014    -0.588445    -0.587627    -0.502331    -0.495347    -0.494366    -0.336953

        21.1         22.1         23.1
     -0.336559     0.021561     0.031055


 HOMO     21.1    -0.336559 =      -9.1582eV
 LUMO     22.1     0.021561 =       0.5867eV
 LUMO-HOMO         0.358120 =       9.7449eV


 **********************************************************************************************************************************
 DATASETS  * FILE   NREC   LENGTH (MB)   RECORD NAMES
              1      18       58.19       500      610      700      900      950      970     1000      129      960     1100   
                                          VAR    BASINP    GEOM    SYMINP    ZMAT    AOBASIS   BASIS     P2S    ABASIS      S 
                                         1400     1410     1200     1210     1080     1600     1650     1700   
                                           T        V       H0       H01     AOSYM     SMH    MOLCAS    OPER   

              2       5       51.68       700     1000      520     2101     2201   
                                         GEOM     BASIS   MCVARS     RHF      RHF  

 PROGRAMS   *        TOTAL   RHF-SCF       INT   RHF-SCF       INT
 CPU TIMES  *     17375.54   7039.66      1.35  10332.52      1.82
 REAL TIME  *     17432.49 SEC
 DISK USED  *       162.04 MB (local),      648.18 MB (total)
 SF USED    *         9.18 MB
 GA USED    *         0.00 MB       (max)       0.00 MB       (current)
 **********************************************************************************************************************************
 SETTING EA_HF          =      -230.78147963  AU                              

 Dummy atoms: C1  H1  C2  H2  C3  H3  C4  H4  C5  H5  C6  H6


 Recomputing one-electron integrals since nuclear charges changed


 PROGRAM * SEWARD (Integral evaluation for generally contracted gaussian basis sets)     Author: Roland Lindh, 1990

 Geometry written to block  1 of record 700


 Point group  C1  



 ATOMIC COORDINATES

 NR  ATOM    CHARGE       X              Y              Z

   1  C1      0.00    1.560477451    2.336693288   -0.076062302
   2  H1      0.00    2.874298319    3.898741581   -0.155848450
   3  C2      0.00    2.456946174   -0.118941023    0.240479012
   4  H2      0.00    4.466665380   -0.457807188    0.392447355
   5  C3      0.00    0.762548176   -2.132654541    0.374628485
   6  H3      0.00    1.462181969   -4.039151203    0.612500093
   7  C4      0.00   -1.828894884   -1.691664854    0.194906241
   8  H4      0.00   -3.146788950   -3.250297606    0.303163936
   9  C5      0.00   -2.727835495    0.764362619   -0.117996960
  10  H5      0.00   -4.738509507    1.106436770   -0.234609806
  11  C6      0.00   -1.031328413    2.775570674   -0.257470286
  12  H6      0.00   -1.727629016    4.681649455   -0.506172901
  13  N1      7.00   -0.499091971    1.211895401    6.619781587
  14  H7      1.00   -1.204540704    2.915977533    6.122985872
  15  C7      6.00    2.131683984    1.073970138    6.869250642
  16  O1      8.00    3.437315263    2.953158567    6.595553926
  17  C8      6.00    3.036674040   -1.447071361    7.470391802
  18  H8      1.00    5.034212997   -1.734717798    7.723844016
  19  C9      6.00    1.374264532   -3.363973970    7.708906466
  20  H9      1.00    1.952383760   -5.269612739    8.155872730
  21  N2      7.00   -1.167881765   -3.014314317    7.387478900
  22  H10     1.00   -2.393837489   -4.455341873    7.574314555
  23  C10     6.00   -2.253431742   -0.699775817    6.821667278
  24  O2      8.00   -4.516923795   -0.414761134    6.553114156

 Bond lengths in Bohr (Angstrom)

  1- 2  2.042666388   1- 3  2.633247890   1-11  2.634953481   3- 4  2.043745567   3- 5  2.635151379
       ( 1.080932502)       ( 1.393454774)       ( 1.394357334)       ( 1.081503579)       ( 1.394462057)

  5- 6  2.044700434   5- 7  2.634833795   7- 8  2.043991330   7- 9  2.634022320   9-10  2.042895804
       ( 1.082008873)       ( 1.394293999)       ( 1.081633631)       ( 1.393864585)       ( 1.081053904)

  9-11  2.634871330  11-12  2.044461748  13-14  1.910068012  13-15  2.646174656  13-23  2.602489713
       ( 1.394313862)       ( 1.081882566)       ( 1.010764463)       ( 1.400295324)       ( 1.377178248)

 15-16  2.304545961  15-17  2.745182678  17-18  2.033996161  17-19  2.548530994  19-20  2.040945811
       ( 1.219513204)       ( 1.452688113)       ( 1.076344415)       ( 1.348624524)       ( 1.080022012)

 19-21  2.586133281  21-22  1.901166857  21-23  2.618329622  23-24  2.297117852
       ( 1.368522797)       ( 1.006054175)       ( 1.385560367)       ( 1.215582418)

 Bond angles

  1- 3- 4  119.88993267   1- 3- 5  119.98979528   1-11- 9  120.16843009   1-11-12  119.91157431

  2- 1- 3  119.92441123   2- 1-11  120.17201152   3- 1-11  119.89874580   3- 5- 6  119.89620936

  3-5-7  120.06869174   4-3-5  120.11934111   5-7-8  120.19258104   5-7-9  119.98824057

  6- 5- 7  120.03481366   7- 9-10  119.92124523   7- 9-11  119.88576768   8- 7- 9  119.81892592

  9-11-12  119.91998900  10- 9-11  120.19059814  13-15-16  120.63389606  13-15-17  113.34443082

 13-23-21  112.74385380  13-23-24  124.33454387  14-13-15  115.98937034  14-13-23  115.24872043

 15-13-23  128.65119500  15-17-18  118.74519420  15-17-19  119.74892840  16-15-17  126.02121254

 17-19-20  122.54890684  17-19-21  121.86218769  18-17-19  121.50529556  19-21-22  121.27724028

 19-21-23  123.63645262  20-19-21  115.58843459  21-23-24  122.92017805  22-21-23  115.08191298

 NUCLEAR CHARGE:                   58
 NUMBER OF PRIMITIVE AOS:        1208
 NUMBER OF SYMMETRY AOS:         1062
 NUMBER OF CONTRACTIONS:          874   (  874A   )
 NUMBER OF CORE ORBITALS:           8   (    8A   )
 NUMBER OF VALENCE ORBITALS:       36   (   36A   )

 MOLECULE CHANGED: INITIALIZING OCCUPATION AND DUMP RECORDS


 NUCLEAR REPULSION ENERGY  357.16948289


 Eigenvalues of metric

         1 0.227E-06 0.563E-06 0.890E-06 0.230E-05 0.267E-05 0.278E-05 0.316E-05 0.340E-05


 OPERATOR DM      FOR CENTER  0  COORDINATES:    0.000000    0.000000    0.000000


 **********************************************************************************************************************************
 DATASETS  * FILE   NREC   LENGTH (MB)   RECORD NAMES
              1      18       58.19       500      610      700      900      950      970     1000      129      960     1100   
                                          VAR    BASINP    GEOM    SYMINP    ZMAT    AOBASIS   BASIS     P2S    ABASIS      S 
                                         1400     1410     1200     1210     1080     1600     1650     1700   
                                           T        V       H0       H01     AOSYM     SMH    MOLCAS    OPER   

              2       5       51.68       700     1000      520     2101     2201   
                                         GEOM     BASIS   MCVARS     RHF      RHF  

 PROGRAMS   *        TOTAL       INT   RHF-SCF       INT   RHF-SCF       INT
 CPU TIMES  *     17376.90      1.34   7039.66      1.35  10332.52      1.82
 REAL TIME  *     17434.25 SEC
 DISK USED  *       162.04 MB (local),      648.18 MB (total)
 SF USED    *         9.18 MB
 GA USED    *         0.00 MB       (max)       0.00 MB       (current)
 **********************************************************************************************************************************


 PROGRAM * RHF-SCF (CLOSED SHELL)       Authors: W. Meyer, H.-J. Werner


 NUMBER OF ELECTRONS:      29+   29-    SPACE SYMMETRY=1    SPIN SYMMETRY: Singlet 
 CONVERGENCE THRESHOLDS:    1.00E-04 (Density)    1.00E-09 (Energy)
 INTEGRAL THRESHOLDS:       1.00E-13 (Initial)    1.00E-13 (Final)
 MAX. NUMBER OF ITERATIONS:       60
 INTERPOLATION TYPE:            DIIS
 INTERPOLATION STEPS:              2 (START)      1 (STEP)
 LEVEL SHIFTS:                  0.00 (CLOSED)  0.00 (OPEN) 



 Orbital guess generated from atomic densities. Full valence occupancy:   44

 Molecular orbital dump at record        2301.2

 Initial occupancy:  29

 Direct Fock-matrix evaluation.        Authors: Roland Lindh & Martin Schuetz (1993/96)

 Integral Threshold:                  0.1D-12
 Threshold for writing integrals:     0.1D-06
 Prescreening on density matrix:        ON 
 Calculation will be performed fully direct        

 ITERATION   DDIFF            GRAD            ENERGY        2-EL.EN.            DIPOLE MOMENTS         DIIS   CPU(IT)  CPU(TOT)
    1      0.000D+00      0.000D+00      -412.40771802   1001.087969   -0.29673   -3.11749    0.58987    0    847.2    863.7     start
    2      0.000D+00      0.305D-02      -412.50171560   1002.653921    0.30394   -1.34980    0.28766    1    831.8   1695.5     diag
    3      0.334D-02      0.262D-02      -412.62024772   1001.578254    0.21356   -2.00675    0.41586    2    818.0   2513.5     diag
    4      0.146D-02      0.297D-03      -412.62415059   1001.938980    0.19268   -1.96160    0.40188    3    799.4   3312.9     diag
    5      0.336D-03      0.119D-03      -412.62481088   1001.796953    0.22535   -1.93388    0.40032    4    780.3   4093.2     diag
    6      0.133D-03      0.417D-04      -412.62495651   1001.830334    0.22509   -1.92742    0.39862    5    770.3   4863.5     diag
    7      0.710D-04      0.196D-04      -412.62498105   1001.839633    0.22743   -1.91928    0.39719    6    756.8   5620.3     diag
    8      0.302D-04      0.838D-05      -412.62498453   1001.833576    0.22878   -1.91753    0.39696    7    737.8   6358.0     diag
    9      0.117D-04      0.273D-05      -412.62498494   1001.835451    0.22861   -1.91680    0.39679    8    708.1   7066.2     diag
   10      0.423D-05      0.998D-06      -412.62498500   1001.835973    0.22906   -1.91612    0.39669    9    682.8   7749.0     orth
   11      0.152D-05      0.484D-06      -412.62498501   1001.835714    0.22909   -1.91599    0.39667    9    668.8   8417.8     diag
   12      0.879D-06      0.112D-06      -412.62498501   1001.835794    0.22915   -1.91592    0.39666    9    635.3   9053.1     diag
   13      0.258D-06      0.410D-07      -412.62498501   1001.835799    0.22916   -1.91592    0.39666    0    599.3   9652.4     orth

 Final occupancy:  29

 !RHF STATE  1.1 Energy              -412.624985014137
 Nuclear energy                       357.16948289
 One-electron energy                -1270.71236730
 Two-electron energy                  500.91789940
 Virial quotient                       -1.00172862
 !RHF STATE  1.1 Dipole moment          0.22915592    -1.91591648     0.39665634
 Dipole moment /Debye                   0.58241810    -4.86945501     1.00813383

 Orbital energies:

         1.1          2.1          3.1          4.1          5.1          6.1          7.1          8.1          9.1         10.1
    -20.548104   -20.542269   -15.645083   -15.628732   -11.419707   -11.381480   -11.341258   -11.255886    -1.437381    -1.398730

        11.1         12.1         13.1         14.1         15.1         16.1         17.1         18.1         19.1         20.1
     -1.314483    -1.247803    -1.088917    -0.934294    -0.903362    -0.808082    -0.766065    -0.715610    -0.678548    -0.670024

        21.1         22.1         23.1         24.1         25.1         26.1         27.1         28.1         29.1         30.1
     -0.653582    -0.615603    -0.602244    -0.571542    -0.527044    -0.484561    -0.450301    -0.438149    -0.369440     0.012788

        31.1
      0.026102


 HOMO     29.1    -0.369440 =     -10.0530eV
 LUMO     30.1     0.012788 =       0.3480eV
 LUMO-HOMO         0.382229 =      10.4010eV


 **********************************************************************************************************************************
 DATASETS  * FILE   NREC   LENGTH (MB)   RECORD NAMES
              1      18       58.19       500      610      700      900      950      970     1000      129      960     1100   
                                          VAR    BASINP    GEOM    SYMINP    ZMAT    AOBASIS   BASIS     P2S    ABASIS      S 
                                         1400     1410     1200     1210     1080     1600     1650     1700   
                                           T        V       H0       H01     AOSYM     SMH    MOLCAS    OPER   

              2       6       84.77       700     1000      520     2101     2201     2301   
                                         GEOM     BASIS   MCVARS     RHF      RHF      RHF  

 PROGRAMS   *        TOTAL   RHF-SCF       INT   RHF-SCF       INT   RHF-SCF       INT
 CPU TIMES  *     27030.16   9653.26      1.34   7039.66      1.35  10332.52      1.82
 REAL TIME  *     27117.13 SEC
 DISK USED  *       198.20 MB (local),      792.79 MB (total)
 SF USED    *         9.18 MB
 GA USED    *         0.00 MB       (max)       0.00 MB       (current)
 **********************************************************************************************************************************
 SETTING EB_HF          =      -412.62498501  AU                              
 SETTING E_AB_INT       =         0.00146529  AU                              

 *** results in hartree
 E_AB_INT         =         0.00146529 AU
 Molecular orbitals read from record     2301.2  Type=RHF/CANONICAL (state 1.1)
 Occupation numbers read from record     2301.2  Type=RHF/RHF (state 1.1)
 Orbital energies read from record       2301.2  Type=RHF/CANONICAL (state 1.1)
 Redundancy group numbers read from rec  2301.2  Type=RHF/RHF (state 1.1)

 RHF/aug-cc-pVTZ energy=   -412.624985014137

         RHF-SCF         RHF-SCF         RHF-SCF
   -412.62498501   -230.78147963   -643.40499935
 **********************************************************************************************************************************
 Molpro calculation terminated
