
 Primary working directories    : /scratch/sirous/57814/molpro.3KfqYRQNKf
 Secondary working directories  : /scratch/sirous/57814/molpro.3KfqYRQNKf
 Wavefunction directory         : /scratch/sirous/57814/
 Main file repository           : /scratch/sirous/57814/molpro.3KfqYRQNKf/

 id        : karlovklimes

 Nodes                      nprocs
 nc-17.cc.karlov.mff.cuni.cz    4

 Using customized tuning parameters: mindgm=1; mindgv=20; mindgc=4; mindgr=1; noblas=0; minvec=7
 default implementation of scratch files=sf  


 Variables initialized (934), CPU time= 0.01 sec
 ***,CH3C6H4CN+CF3CN+BF3
 memory,500,m
 gdirect
 gthresh,energy=1.d-8,twoint=1.d-15,oneint=1.d-15,zero=1.d-15,orbital=1.d-8,grid=1.d-8
 symmetry,nosym
 geomtyp=xyz
                                                                                 ! Geometry
 geometry={
 C1        0.825769105    1.236524837     -0.040250437
 H1        1.521013168    2.063125196     -0.082471448
 C2        1.300159924    -0.062940879     0.127256013
 H2        2.363657528    -0.242261131     0.207674197
 C3        0.403523117    -1.128552182     0.198244857
 H3        0.773753376    -2.137426768     0.324121091
 C4        -0.967809494    -0.895190489     0.103139941
 H4        -1.665209000    -1.719983422     0.160427446
 C5        -1.443508379    0.404483279     -0.062441302
 H5        -2.507511245    0.585501124     -0.124150163
 C6        -0.545755493    1.468768748     -0.136247408
 H6        -0.914221904    2.477422201     -0.267855164
 N1        -0.281657184    0.690635265     3.039746980
 H7        -0.654964577    1.592396695     2.776854009
 C7        1.110489498    0.617648359     3.171760319
 O1        1.801399817    1.612072051     3.026926254
 C8        1.589389612    -0.716429350     3.489870521
 H8        2.646441706    -0.868645289     3.623991657
 C9        0.709680385    -1.730810526     3.616087046
 H9        1.015607906    -2.739231135     3.852611407
 N2        -0.635565502    -1.545778606     3.445994903
 H10        -1.284313333    -2.308337549     3.544864074
 C10        -1.210013811    -0.320977578     3.146580287
 O2        -2.407802223    -0.170154303     3.004468095
 }
 
 
 
 basis=avtz
 
 
 
                                                                                 ! Dimer Calculation
 {rhf,accu=1.d-8;orbital,2101.2}
 eab_HF=energy
 
 
                                                                                 !monomer A
 dummy,13,14,15,16,17,18,19,20,21,22,23,24;                                      ! NOW MONOMER B IS DUMMY
 {rhf,accu=1.d-8;orbital,2201.2}
 ea_HF=energy
                                                                                 !monomer B
 dummy,1,2,3,4,5,6,7,8,9,10,11,12;                                               !NOW MONOMER A IS DUMMY
 {rhf,accu=1.d-8;orbital,2301.2}
 eb_HF=energy
 
 E_AB_int=eab_HF-ea_HF-eb_HF
 
 
 text,results in hartree
 show,E_AB_int
 
 Commands  initialized (763), CPU time= 0.01 sec, 617 directives.
 Default parameters read. Elapsed time= 0.20 sec

 Checking input...
 Passed
1


                                         ***  PROGRAM SYSTEM MOLPRO  ***
                                       Copyright, TTI GmbH Stuttgart, 2015
                                    Version 2019.2 linked Jun  8 2019 11:26:33


 **********************************************************************************************************************************
 LABEL *   CH3C6H4CN+CF3CN+BF3                                                           
  64 bit mpp version                                                                     DATE: 18-Oct-19          TIME: 16:10:01  
 **********************************************************************************************************************************

 SHA1:             8135a10abc80eafa5b3ae28ffc55be4890dc4c84
 **********************************************************************************************************************************

 THRESHOLDS:

 ZERO    =  1.00D-15  ONEINT  =  1.00D-15  TWOINT  =  1.00D-15  PREFAC  =  1.00D-14  XXXXXX  =  1.00D-09  EORDER  =  1.00D-04
 ENERGY  =  1.00D-08  ETEST   =  0.00D+00  EDENS   =  0.00D+00  THRDEDEF=  1.00D-06  GRADIENT=  1.00D-02  STEP    =  1.00D-03
 ORBITAL =  1.00D-08  CIVEC   =  1.00D-05  COEFF   =  1.00D-04  PRINTCI =  5.00D-02  PUNCHCI =  9.90D+01  OPTGRAD =  3.00D-04
 OPTENERG=  1.00D-06  OPTSTEP =  3.00D-04  THRGRAD =  1.00D-10  COMPRESS=  1.00D-11  VARMIN  =  1.00D-07  VARMAX  =  1.00D-03
 THRDOUB =  0.00D+00  THRDIV  =  1.00D-05  THRRED  =  1.00D-07  THRPSP  =  1.00D+00  THRDC   =  1.00D-10  THRCS   =  1.00D-10
 THRNRM  =  1.00D-08  THREQ   =  0.00D+00  THRDE   =  1.00D+00  THRREF  =  1.00D-05  SPARFAC =  1.00D+00  THRDLP  =  1.00D-07
 THRDIA  =  1.00D-10  THRDLS  =  1.00D-07  THRGPS  =  0.00D+00  THRKEX  =  0.00D+00  THRDIS  =  2.00D-01  THRVAR  =  1.00D-10
 THRLOC  =  1.00D-06  THRGAP  =  1.00D-06  THRLOCT = -1.00D+00  THRGAPT = -1.00D+00  THRORB  =  1.00D-06  THRMLTP =  0.00D+00
 THRCPQCI=  1.00D-10  KEXTA   =  0.00D+00  THRCOARS=  0.00D+00  SYMTOL  =  1.00D-06  GRADTOL =  1.00D-06  THROVL  =  1.00D-08
 THRORTH =  1.00D-08  GRID    =  1.00D-08  GRIDMAX =  1.00D-03  DTMAX   =  0.00D+00  THROCCDE=  1.00D-01  THROCCDE=  1.00D-01
 THRPRINT=  2.50D-01


 Variable memory set to  500000000 words,  buffer space 

 SETTING GEOMTYP        =    XYZ
 ZSYMEL=NOSYM

 SETTING BASIS          =    AVTZ


 Recomputing integrals since basis changed


 Using spherical harmonics

 Library entry C      S aug-cc-pVTZ          selected for orbital group  1
 Library entry C      P aug-cc-pVTZ          selected for orbital group  1
 Library entry C      D aug-cc-pVTZ          selected for orbital group  1
 Library entry C      F aug-cc-pVTZ          selected for orbital group  1
 Library entry H      S aug-cc-pVTZ          selected for orbital group  2
 Library entry H      P aug-cc-pVTZ          selected for orbital group  2
 Library entry H      D aug-cc-pVTZ          selected for orbital group  2
 Library entry N      S aug-cc-pVTZ          selected for orbital group 13
 Library entry N      P aug-cc-pVTZ          selected for orbital group 13
 Library entry N      D aug-cc-pVTZ          selected for orbital group 13
 Library entry N      F aug-cc-pVTZ          selected for orbital group 13
 Library entry O      S aug-cc-pVTZ          selected for orbital group 16
 Library entry O      P aug-cc-pVTZ          selected for orbital group 16
 Library entry O      D aug-cc-pVTZ          selected for orbital group 16
 Library entry O      F aug-cc-pVTZ          selected for orbital group 16


 PROGRAM * SEWARD (Integral evaluation for generally contracted gaussian basis sets)     Author: Roland Lindh, 1990

 Geometry written to block  1 of record 700


 Point group  C1  



 ATOMIC COORDINATES

 NR  ATOM    CHARGE       X              Y              Z

   1  C1      6.00    1.560477451    2.336693288   -0.076062302
   2  H1      1.00    2.874298319    3.898741581   -0.155848450
   3  C2      6.00    2.456946174   -0.118941023    0.240479012
   4  H2      1.00    4.466665380   -0.457807188    0.392447355
   5  C3      6.00    0.762548176   -2.132654541    0.374628485
   6  H3      1.00    1.462181969   -4.039151203    0.612500093
   7  C4      6.00   -1.828894884   -1.691664854    0.194906241
   8  H4      1.00   -3.146788950   -3.250297606    0.303163936
   9  C5      6.00   -2.727835495    0.764362619   -0.117996960
  10  H5      1.00   -4.738509507    1.106436770   -0.234609806
  11  C6      6.00   -1.031328413    2.775570674   -0.257470286
  12  H6      1.00   -1.727629016    4.681649455   -0.506172901
  13  N1      7.00   -0.532254939    1.305111503    5.744289280
  14  H7      1.00   -1.237703672    3.009193635    5.247493565
  15  C7      6.00    2.098521015    1.167186240    5.993758336
  16  O1      8.00    3.404152295    3.046374669    5.720061619
  17  C8      6.00    3.003511072   -1.353855259    6.594899495
  18  H8      1.00    5.001050029   -1.641501696    6.848351709
  19  C9      6.00    1.341101564   -3.270757868    6.833414160
  20  H9      1.00    1.919220792   -5.176396637    7.280380424
  21  N2      7.00   -1.201044733   -2.921098215    6.511986593
  22  H10     1.00   -2.427000457   -4.362125771    6.698822249
  23  C10     6.00   -2.286594710   -0.606559715    5.946174971
  24  O2      8.00   -4.550086764   -0.321545032    5.677621850

 Bond lengths in Bohr (Angstrom)

  1- 2  2.042666388   1- 3  2.633247890   1-11  2.634953481   3- 4  2.043745567   3- 5  2.635151379
       ( 1.080932502)       ( 1.393454774)       ( 1.394357334)       ( 1.081503579)       ( 1.394462057)

  5- 6  2.044700434   5- 7  2.634833795   7- 8  2.043991330   7- 9  2.634022320   9-10  2.042895804
       ( 1.082008873)       ( 1.394293999)       ( 1.081633631)       ( 1.393864585)       ( 1.081053904)

  9-11  2.634871330  11-12  2.044461748  13-14  1.910068012  13-15  2.646174656  13-23  2.602489713
       ( 1.394313862)       ( 1.081882566)       ( 1.010764463)       ( 1.400295324)       ( 1.377178248)

 15-16  2.304545961  15-17  2.745182678  17-18  2.033996161  17-19  2.548530994  19-20  2.040945811
       ( 1.219513204)       ( 1.452688113)       ( 1.076344415)       ( 1.348624524)       ( 1.080022012)

 19-21  2.586133281  21-22  1.901166857  21-23  2.618329622  23-24  2.297117852
       ( 1.368522797)       ( 1.006054175)       ( 1.385560367)       ( 1.215582418)

 Bond angles

  1- 3- 4  119.88993267   1- 3- 5  119.98979528   1-11- 9  120.16843009   1-11-12  119.91157431

  2- 1- 3  119.92441123   2- 1-11  120.17201152   3- 1-11  119.89874580   3- 5- 6  119.89620936

  3-5-7  120.06869174   4-3-5  120.11934111   5-7-8  120.19258104   5-7-9  119.98824057

  6- 5- 7  120.03481366   7- 9-10  119.92124523   7- 9-11  119.88576768   8- 7- 9  119.81892592

  9-11-12  119.91998900  10- 9-11  120.19059814  13-15-16  120.63389606  13-15-17  113.34443082

 13-23-21  112.74385380  13-23-24  124.33454387  14-13-15  115.98937034  14-13-23  115.24872043

 15-13-23  128.65119500  15-17-18  118.74519420  15-17-19  119.74892840  16-15-17  126.02121254

 17-19-20  122.54890684  17-19-21  121.86218769  18-17-19  121.50529556  19-21-22  121.27724028

 19-21-23  123.63645262  20-19-21  115.58843459  21-23-24  122.92017805  22-21-23  115.08191298

 NUCLEAR CHARGE:                  100
 NUMBER OF PRIMITIVE AOS:        1208
 NUMBER OF SYMMETRY AOS:         1062
 NUMBER OF CONTRACTIONS:          874   (  874A   )
 NUMBER OF CORE ORBITALS:          14   (   14A   )
 NUMBER OF VALENCE ORBITALS:       66   (   66A   )


 NUCLEAR REPULSION ENERGY  891.04099263


 Eigenvalues of metric

         1 0.212E-06 0.525E-06 0.806E-06 0.213E-05 0.218E-05 0.232E-05 0.244E-05 0.262E-05


 OPERATOR DM      FOR CENTER  0  COORDINATES:    0.000000    0.000000    0.000000


 **********************************************************************************************************************************
 DATASETS  * FILE   NREC   LENGTH (MB)   RECORD NAMES
              1      18       58.19       500      610      700      900      950      970     1000      129      960     1100   
                                          VAR    BASINP    GEOM    SYMINP    ZMAT    AOBASIS   BASIS     P2S    ABASIS      S 
                                         1400     1410     1200     1210     1080     1600     1650     1700   
                                           T        V       H0       H01     AOSYM     SMH    MOLCAS    OPER   

 PROGRAMS   *        TOTAL       INT
 CPU TIMES  *         2.04      1.85
 REAL TIME  *         4.27 SEC
 DISK USED  *        59.12 MB (local),      236.49 MB (total)
 GA USED    *         0.00 MB       (max)       0.00 MB       (current)
 **********************************************************************************************************************************


 PROGRAM * RHF-SCF (CLOSED SHELL)       Authors: W. Meyer, H.-J. Werner


 NUMBER OF ELECTRONS:      50+   50-    SPACE SYMMETRY=1    SPIN SYMMETRY: Singlet 
 CONVERGENCE THRESHOLDS:    1.00E-04 (Density)    1.00E-09 (Energy)
 INTEGRAL THRESHOLDS:       1.00E-13 (Initial)    1.00E-13 (Final)
 MAX. NUMBER OF ITERATIONS:       60
 INTERPOLATION TYPE:            DIIS
 INTERPOLATION STEPS:              2 (START)      1 (STEP)
 LEVEL SHIFTS:                  0.00 (CLOSED)  0.00 (OPEN) 



 Orbital guess generated from atomic densities. Full valence occupancy:   80

 Molecular orbital dump at record        2101.2

 Initial occupancy:  50

 Direct Fock-matrix evaluation.        Authors: Roland Lindh & Martin Schuetz (1993/96)

 Integral Threshold:                  0.1D-12
 Threshold for writing integrals:     0.1D-06
 Prescreening on density matrix:        ON 
 Calculation will be performed fully direct        

 ITERATION   DDIFF            GRAD            ENERGY        2-EL.EN.            DIPOLE MOMENTS         DIIS   CPU(IT)  CPU(TOT)
    1      0.000D+00      0.000D+00      -643.12395218   2223.935085   -0.28522   -3.13996    0.64755    0    898.0    923.2     start
    2      0.000D+00      0.252D-02      -643.26953825   2221.689836    0.38300   -0.98079    0.00605    1    886.0   1809.2     diag
    3      0.429D-02      0.202D-02      -643.38908649   2221.106012    0.20398   -1.91109    0.32412    2    875.8   2685.0     diag
    4      0.172D-02      0.310D-03      -643.39481728   2222.466472    0.18108   -1.78167    0.29577    3    860.5   3545.5     diag
    5      0.553D-03      0.115D-03      -643.39566524   2221.775326    0.21494   -1.79112    0.29406    4    841.9   4387.4     diag
    6      0.176D-03      0.346D-04      -643.39581965   2221.905144    0.20921   -1.77244    0.29341    5    830.8   5218.2     diag
    7      0.841D-04      0.161D-04      -643.39584989   2221.890037    0.21554   -1.77115    0.29271    6    814.7   6032.9     diag
    8      0.370D-04      0.708D-05      -643.39585460   2221.879789    0.21413   -1.76844    0.29223    7    803.4   6836.3     diag
    9      0.156D-04      0.224D-05      -643.39585512   2221.886073    0.21500   -1.76789    0.29227    8    781.7   7618.0     diag
   10      0.541D-05      0.850D-06      -643.39585520   2221.884987    0.21503   -1.76747    0.29222    9    761.3   8379.3     orth
   11      0.195D-05      0.391D-06      -643.39585522   2221.884975    0.21516   -1.76727    0.29218    9    744.2   9123.5     diag
   12      0.113D-05      0.118D-06      -643.39585522   2221.885207    0.21523   -1.76725    0.29219    9    713.9   9837.3     diag
   13      0.385D-06      0.484D-07      -643.39585522   2221.885116    0.21523   -1.76721    0.29219    9    673.8  10511.1     diag
   14      0.113D-06      0.188D-07      -643.39585522   2221.885153    0.21524   -1.76722    0.29219    0    651.4  11162.6     orth

 Final occupancy:  50

 !RHF STATE  1.1 Energy              -643.395855220360
 Nuclear energy                       891.04099263
 One-electron energy                -2645.37942413
 Two-electron energy                 1110.94257627
 Virial quotient                       -1.00149618
 !RHF STATE  1.1 Dipole moment          0.21524240    -1.76722124     0.29218636
 Dipole moment /Debye                   0.54705578    -4.49153415     0.74261501

 Orbital energies:

         1.1          2.1          3.1          4.1          5.1          6.1          7.1          8.1          9.1         10.1
    -20.538604   -20.533415   -15.636881   -15.616660   -11.410483   -11.372960   -11.332929   -11.248397   -11.238275   -11.234960

        11.1         12.1         13.1         14.1         15.1         16.1         17.1         18.1         19.1         20.1
    -11.234216   -11.233702   -11.233103   -11.232342    -1.428388    -1.390654    -1.305893    -1.237714    -1.151338    -1.081076

        21.1         22.1         23.1         24.1         25.1         26.1         27.1         28.1         29.1         30.1
     -1.015996    -1.014992    -0.925896    -0.893901    -0.824764    -0.824019    -0.799812    -0.757578    -0.710090    -0.706843

        31.1         32.1         33.1         34.1         35.1         36.1         37.1         38.1         39.1         40.1
     -0.670856    -0.663748    -0.645998    -0.643984    -0.619033    -0.608239    -0.594803    -0.588781    -0.587607    -0.565476

        41.1         42.1         43.1         44.1         45.1         46.1         47.1         48.1         49.1         50.1
     -0.520893    -0.499231    -0.494866    -0.494316    -0.475675    -0.442239    -0.428938    -0.363629    -0.338308    -0.334635

        51.1         52.1
      0.015168     0.032111


 HOMO     50.1    -0.334635 =      -9.1059eV
 LUMO     51.1     0.015168 =       0.4127eV
 LUMO-HOMO         0.349803 =       9.5186eV


 **********************************************************************************************************************************
 DATASETS  * FILE   NREC   LENGTH (MB)   RECORD NAMES
              1      18       58.19       500      610      700      900      950      970     1000      129      960     1100   
                                          VAR    BASINP    GEOM    SYMINP    ZMAT    AOBASIS   BASIS     P2S    ABASIS      S 
                                         1400     1410     1200     1210     1080     1600     1650     1700   
                                           T        V       H0       H01     AOSYM     SMH    MOLCAS    OPER   

              2       4       18.58       700     1000      520     2101   
                                         GEOM     BASIS   MCVARS     RHF  

 PROGRAMS   *        TOTAL   RHF-SCF       INT
 CPU TIMES  *     11165.43  11163.39      1.85
 REAL TIME  *     11186.38 SEC
 DISK USED  *       132.01 MB (local),      528.05 MB (total)
 SF USED    *         9.18 MB
 GA USED    *         0.00 MB       (max)       0.00 MB       (current)
 **********************************************************************************************************************************
 SETTING EAB_HF         =      -643.39585522  AU                              

 Dummy atoms: N1  H7  C7  O1  C8  H8  C9  H9  N2  H10  C10  O2


 Recomputing one-electron integrals since nuclear charges changed


 PROGRAM * SEWARD (Integral evaluation for generally contracted gaussian basis sets)     Author: Roland Lindh, 1990

 Geometry written to block  1 of record 700


 Point group  C1  



 ATOMIC COORDINATES

 NR  ATOM    CHARGE       X              Y              Z

   1  C1      6.00    1.560477451    2.336693288   -0.076062302
   2  H1      1.00    2.874298319    3.898741581   -0.155848450
   3  C2      6.00    2.456946174   -0.118941023    0.240479012
   4  H2      1.00    4.466665380   -0.457807188    0.392447355
   5  C3      6.00    0.762548176   -2.132654541    0.374628485
   6  H3      1.00    1.462181969   -4.039151203    0.612500093
   7  C4      6.00   -1.828894884   -1.691664854    0.194906241
   8  H4      1.00   -3.146788950   -3.250297606    0.303163936
   9  C5      6.00   -2.727835495    0.764362619   -0.117996960
  10  H5      1.00   -4.738509507    1.106436770   -0.234609806
  11  C6      6.00   -1.031328413    2.775570674   -0.257470286
  12  H6      1.00   -1.727629016    4.681649455   -0.506172901
  13  N1      0.00   -0.532254939    1.305111503    5.744289280
  14  H7      0.00   -1.237703672    3.009193635    5.247493565
  15  C7      0.00    2.098521015    1.167186240    5.993758336
  16  O1      0.00    3.404152295    3.046374669    5.720061619
  17  C8      0.00    3.003511072   -1.353855259    6.594899495
  18  H8      0.00    5.001050029   -1.641501696    6.848351709
  19  C9      0.00    1.341101564   -3.270757868    6.833414160
  20  H9      0.00    1.919220792   -5.176396637    7.280380424
  21  N2      0.00   -1.201044733   -2.921098215    6.511986593
  22  H10     0.00   -2.427000457   -4.362125771    6.698822249
  23  C10     0.00   -2.286594710   -0.606559715    5.946174971
  24  O2      0.00   -4.550086764   -0.321545032    5.677621850

 Bond lengths in Bohr (Angstrom)

  1- 2  2.042666388   1- 3  2.633247890   1-11  2.634953481   3- 4  2.043745567   3- 5  2.635151379
       ( 1.080932502)       ( 1.393454774)       ( 1.394357334)       ( 1.081503579)       ( 1.394462057)

  5- 6  2.044700434   5- 7  2.634833795   7- 8  2.043991330   7- 9  2.634022320   9-10  2.042895804
       ( 1.082008873)       ( 1.394293999)       ( 1.081633631)       ( 1.393864585)       ( 1.081053904)

  9-11  2.634871330  11-12  2.044461748  13-14  1.910068012  13-15  2.646174656  13-23  2.602489713
       ( 1.394313862)       ( 1.081882566)       ( 1.010764463)       ( 1.400295324)       ( 1.377178248)

 15-16  2.304545961  15-17  2.745182678  17-18  2.033996161  17-19  2.548530994  19-20  2.040945811
       ( 1.219513204)       ( 1.452688113)       ( 1.076344415)       ( 1.348624524)       ( 1.080022012)

 19-21  2.586133281  21-22  1.901166857  21-23  2.618329622  23-24  2.297117852
       ( 1.368522797)       ( 1.006054175)       ( 1.385560367)       ( 1.215582418)

 Bond angles

  1- 3- 4  119.88993267   1- 3- 5  119.98979528   1-11- 9  120.16843009   1-11-12  119.91157431

  2- 1- 3  119.92441123   2- 1-11  120.17201152   3- 1-11  119.89874580   3- 5- 6  119.89620936

  3-5-7  120.06869174   4-3-5  120.11934111   5-7-8  120.19258104   5-7-9  119.98824057

  6- 5- 7  120.03481366   7- 9-10  119.92124523   7- 9-11  119.88576768   8- 7- 9  119.81892592

  9-11-12  119.91998900  10- 9-11  120.19059814  13-15-16  120.63389606  13-15-17  113.34443082

 13-23-21  112.74385380  13-23-24  124.33454387  14-13-15  115.98937034  14-13-23  115.24872043

 15-13-23  128.65119500  15-17-18  118.74519420  15-17-19  119.74892840  16-15-17  126.02121254

 17-19-20  122.54890684  17-19-21  121.86218769  18-17-19  121.50529556  19-21-22  121.27724028

 19-21-23  123.63645262  20-19-21  115.58843459  21-23-24  122.92017805  22-21-23  115.08191298

 NUCLEAR CHARGE:                   42
 NUMBER OF PRIMITIVE AOS:        1208
 NUMBER OF SYMMETRY AOS:         1062
 NUMBER OF CONTRACTIONS:          874   (  874A   )
 NUMBER OF CORE ORBITALS:           6   (    6A   )
 NUMBER OF VALENCE ORBITALS:       30   (   30A   )

 MOLECULE CHANGED: INITIALIZING OCCUPATION AND DUMP RECORDS


 NUCLEAR REPULSION ENERGY  203.65134593


 Eigenvalues of metric

         1 0.212E-06 0.525E-06 0.806E-06 0.213E-05 0.218E-05 0.232E-05 0.244E-05 0.262E-05


 OPERATOR DM      FOR CENTER  0  COORDINATES:    0.000000    0.000000    0.000000


 **********************************************************************************************************************************
 DATASETS  * FILE   NREC   LENGTH (MB)   RECORD NAMES
              1      18       58.19       500      610      700      900      950      970     1000      129      960     1100   
                                          VAR    BASINP    GEOM    SYMINP    ZMAT    AOBASIS   BASIS     P2S    ABASIS      S 
                                         1400     1410     1200     1210     1080     1600     1650     1700   
                                           T        V       H0       H01     AOSYM     SMH    MOLCAS    OPER   

              2       4       18.58       700     1000      520     2101   
                                         GEOM     BASIS   MCVARS     RHF  

 PROGRAMS   *        TOTAL       INT   RHF-SCF       INT
 CPU TIMES  *     11166.81      1.37  11163.39      1.85
 REAL TIME  *     11188.13 SEC
 DISK USED  *       132.01 MB (local),      528.05 MB (total)
 SF USED    *         9.18 MB
 GA USED    *         0.00 MB       (max)       0.00 MB       (current)
 **********************************************************************************************************************************


 PROGRAM * RHF-SCF (CLOSED SHELL)       Authors: W. Meyer, H.-J. Werner


 NUMBER OF ELECTRONS:      21+   21-    SPACE SYMMETRY=1    SPIN SYMMETRY: Singlet 
 CONVERGENCE THRESHOLDS:    1.00E-04 (Density)    1.00E-09 (Energy)
 INTEGRAL THRESHOLDS:       1.00E-13 (Initial)    1.00E-13 (Final)
 MAX. NUMBER OF ITERATIONS:       60
 INTERPOLATION TYPE:            DIIS
 INTERPOLATION STEPS:              2 (START)      1 (STEP)
 LEVEL SHIFTS:                  0.00 (CLOSED)  0.00 (OPEN) 



 Orbital guess generated from atomic densities. Full valence occupancy:   36

 Molecular orbital dump at record        2201.2

 Initial occupancy:  21

 Direct Fock-matrix evaluation.        Authors: Roland Lindh & Martin Schuetz (1993/96)

 Integral Threshold:                  0.1D-12
 Threshold for writing integrals:     0.1D-06
 Prescreening on density matrix:        ON 
 Calculation will be performed fully direct        

 ITERATION   DDIFF            GRAD            ENERGY        2-EL.EN.            DIPOLE MOMENTS         DIIS   CPU(IT)  CPU(TOT)
    1      0.000D+00      0.000D+00      -230.72302698    561.791524   -0.00057    0.00001    0.00616    0    880.6    894.2     start
    2      0.000D+00      0.146D-02      -230.77402481    556.892673   -0.00011    0.00143    0.00642    1    856.0   1750.1     diag
    3      0.194D-02      0.583D-03      -230.78056069    559.232496   -0.00050    0.00090    0.00713    2    845.6   2595.7     diag
    4      0.769D-03      0.192D-03      -230.78155828    558.655941   -0.00032    0.00122    0.00726    3    830.7   3426.4     diag
    5      0.238D-03      0.154D-04      -230.78156958    558.653562   -0.00044    0.00110    0.00737    4    804.2   4230.6     diag
    6      0.440D-04      0.214D-05      -230.78156982    558.653956   -0.00031    0.00125    0.00735    5    765.8   4996.5     diag
    7      0.611D-05      0.402D-06      -230.78156983    558.653926   -0.00044    0.00111    0.00737    6    707.5   5704.0     diag
    8      0.914D-06      0.192D-06      -230.78156983    558.653930   -0.00037    0.00118    0.00736    7    674.7   6378.7     diag
    9      0.308D-06      0.367D-07      -230.78156983    558.653946   -0.00039    0.00117    0.00736    8    615.9   6994.5     diag
   10      0.625D-07      0.164D-07      -230.78156983    558.653953   -0.00038    0.00117    0.00736    0    581.5   7576.1     orth

 Final occupancy:  21

 !RHF STATE  1.1 Energy              -230.781569827235
 Nuclear energy                       203.65134593
 One-electron energy                 -713.75989242
 Two-electron energy                  279.32697666
 Virial quotient                       -1.00148061
 !RHF STATE  1.1 Dipole moment         -0.00038089     0.00117496     0.00736438
 Dipole moment /Debye                  -0.00096805     0.00298626     0.01871717

 Orbital energies:

         1.1          2.1          3.1          4.1          5.1          6.1          7.1          8.1          9.1         10.1
    -11.236353   -11.235819   -11.235726   -11.234575   -11.234479   -11.233916    -1.150182    -1.015040    -1.014342    -0.824251

        11.1         12.1         13.1         14.1         15.1         16.1         17.1         18.1         19.1         20.1
     -0.823912    -0.709568    -0.644205    -0.619004    -0.588438    -0.587619    -0.502331    -0.495339    -0.494358    -0.336953

        21.1         22.1         23.1
     -0.336559     0.022131     0.031246


 HOMO     21.1    -0.336559 =      -9.1582eV
 LUMO     22.1     0.022131 =       0.6022eV
 LUMO-HOMO         0.358690 =       9.7605eV


 **********************************************************************************************************************************
 DATASETS  * FILE   NREC   LENGTH (MB)   RECORD NAMES
              1      18       58.19       500      610      700      900      950      970     1000      129      960     1100   
                                          VAR    BASINP    GEOM    SYMINP    ZMAT    AOBASIS   BASIS     P2S    ABASIS      S 
                                         1400     1410     1200     1210     1080     1600     1650     1700   
                                           T        V       H0       H01     AOSYM     SMH    MOLCAS    OPER   

              2       5       51.68       700     1000      520     2101     2201   
                                         GEOM     BASIS   MCVARS     RHF      RHF  

 PROGRAMS   *        TOTAL   RHF-SCF       INT   RHF-SCF       INT
 CPU TIMES  *     18743.75   7576.94      1.37  11163.39      1.85
 REAL TIME  *     18776.52 SEC
 DISK USED  *       162.04 MB (local),      648.18 MB (total)
 SF USED    *         9.18 MB
 GA USED    *         0.00 MB       (max)       0.00 MB       (current)
 **********************************************************************************************************************************
 SETTING EA_HF          =      -230.78156983  AU                              

 Dummy atoms: C1  H1  C2  H2  C3  H3  C4  H4  C5  H5  C6  H6


 Recomputing one-electron integrals since nuclear charges changed


 PROGRAM * SEWARD (Integral evaluation for generally contracted gaussian basis sets)     Author: Roland Lindh, 1990

 Geometry written to block  1 of record 700


 Point group  C1  



 ATOMIC COORDINATES

 NR  ATOM    CHARGE       X              Y              Z

   1  C1      0.00    1.560477451    2.336693288   -0.076062302
   2  H1      0.00    2.874298319    3.898741581   -0.155848450
   3  C2      0.00    2.456946174   -0.118941023    0.240479012
   4  H2      0.00    4.466665380   -0.457807188    0.392447355
   5  C3      0.00    0.762548176   -2.132654541    0.374628485
   6  H3      0.00    1.462181969   -4.039151203    0.612500093
   7  C4      0.00   -1.828894884   -1.691664854    0.194906241
   8  H4      0.00   -3.146788950   -3.250297606    0.303163936
   9  C5      0.00   -2.727835495    0.764362619   -0.117996960
  10  H5      0.00   -4.738509507    1.106436770   -0.234609806
  11  C6      0.00   -1.031328413    2.775570674   -0.257470286
  12  H6      0.00   -1.727629016    4.681649455   -0.506172901
  13  N1      7.00   -0.532254939    1.305111503    5.744289280
  14  H7      1.00   -1.237703672    3.009193635    5.247493565
  15  C7      6.00    2.098521015    1.167186240    5.993758336
  16  O1      8.00    3.404152295    3.046374669    5.720061619
  17  C8      6.00    3.003511072   -1.353855259    6.594899495
  18  H8      1.00    5.001050029   -1.641501696    6.848351709
  19  C9      6.00    1.341101564   -3.270757868    6.833414160
  20  H9      1.00    1.919220792   -5.176396637    7.280380424
  21  N2      7.00   -1.201044733   -2.921098215    6.511986593
  22  H10     1.00   -2.427000457   -4.362125771    6.698822249
  23  C10     6.00   -2.286594710   -0.606559715    5.946174971
  24  O2      8.00   -4.550086764   -0.321545032    5.677621850

 Bond lengths in Bohr (Angstrom)

  1- 2  2.042666388   1- 3  2.633247890   1-11  2.634953481   3- 4  2.043745567   3- 5  2.635151379
       ( 1.080932502)       ( 1.393454774)       ( 1.394357334)       ( 1.081503579)       ( 1.394462057)

  5- 6  2.044700434   5- 7  2.634833795   7- 8  2.043991330   7- 9  2.634022320   9-10  2.042895804
       ( 1.082008873)       ( 1.394293999)       ( 1.081633631)       ( 1.393864585)       ( 1.081053904)

  9-11  2.634871330  11-12  2.044461748  13-14  1.910068012  13-15  2.646174656  13-23  2.602489713
       ( 1.394313862)       ( 1.081882566)       ( 1.010764463)       ( 1.400295324)       ( 1.377178248)

 15-16  2.304545961  15-17  2.745182678  17-18  2.033996161  17-19  2.548530994  19-20  2.040945811
       ( 1.219513204)       ( 1.452688113)       ( 1.076344415)       ( 1.348624524)       ( 1.080022012)

 19-21  2.586133281  21-22  1.901166857  21-23  2.618329622  23-24  2.297117852
       ( 1.368522797)       ( 1.006054175)       ( 1.385560367)       ( 1.215582418)

 Bond angles

  1- 3- 4  119.88993267   1- 3- 5  119.98979528   1-11- 9  120.16843009   1-11-12  119.91157431

  2- 1- 3  119.92441123   2- 1-11  120.17201152   3- 1-11  119.89874580   3- 5- 6  119.89620936

  3-5-7  120.06869174   4-3-5  120.11934111   5-7-8  120.19258104   5-7-9  119.98824057

  6- 5- 7  120.03481366   7- 9-10  119.92124523   7- 9-11  119.88576768   8- 7- 9  119.81892592

  9-11-12  119.91998900  10- 9-11  120.19059814  13-15-16  120.63389606  13-15-17  113.34443082

 13-23-21  112.74385380  13-23-24  124.33454387  14-13-15  115.98937034  14-13-23  115.24872043

 15-13-23  128.65119500  15-17-18  118.74519420  15-17-19  119.74892840  16-15-17  126.02121254

 17-19-20  122.54890684  17-19-21  121.86218769  18-17-19  121.50529556  19-21-22  121.27724028

 19-21-23  123.63645262  20-19-21  115.58843459  21-23-24  122.92017805  22-21-23  115.08191298

 NUCLEAR CHARGE:                   58
 NUMBER OF PRIMITIVE AOS:        1208
 NUMBER OF SYMMETRY AOS:         1062
 NUMBER OF CONTRACTIONS:          874   (  874A   )
 NUMBER OF CORE ORBITALS:           8   (    8A   )
 NUMBER OF VALENCE ORBITALS:       36   (   36A   )

 MOLECULE CHANGED: INITIALIZING OCCUPATION AND DUMP RECORDS


 NUCLEAR REPULSION ENERGY  357.16948289


 Eigenvalues of metric

         1 0.212E-06 0.525E-06 0.806E-06 0.213E-05 0.218E-05 0.232E-05 0.244E-05 0.262E-05


 OPERATOR DM      FOR CENTER  0  COORDINATES:    0.000000    0.000000    0.000000


 **********************************************************************************************************************************
 DATASETS  * FILE   NREC   LENGTH (MB)   RECORD NAMES
              1      18       58.19       500      610      700      900      950      970     1000      129      960     1100   
                                          VAR    BASINP    GEOM    SYMINP    ZMAT    AOBASIS   BASIS     P2S    ABASIS      S 
                                         1400     1410     1200     1210     1080     1600     1650     1700   
                                           T        V       H0       H01     AOSYM     SMH    MOLCAS    OPER   

              2       5       51.68       700     1000      520     2101     2201   
                                         GEOM     BASIS   MCVARS     RHF      RHF  

 PROGRAMS   *        TOTAL       INT   RHF-SCF       INT   RHF-SCF       INT
 CPU TIMES  *     18745.11      1.36   7576.94      1.37  11163.39      1.85
 REAL TIME  *     18778.27 SEC
 DISK USED  *       162.04 MB (local),      648.18 MB (total)
 SF USED    *         9.18 MB
 GA USED    *         0.00 MB       (max)       0.00 MB       (current)
 **********************************************************************************************************************************


 PROGRAM * RHF-SCF (CLOSED SHELL)       Authors: W. Meyer, H.-J. Werner


 NUMBER OF ELECTRONS:      29+   29-    SPACE SYMMETRY=1    SPIN SYMMETRY: Singlet 
 CONVERGENCE THRESHOLDS:    1.00E-04 (Density)    1.00E-09 (Energy)
 INTEGRAL THRESHOLDS:       1.00E-13 (Initial)    1.00E-13 (Final)
 MAX. NUMBER OF ITERATIONS:       60
 INTERPOLATION TYPE:            DIIS
 INTERPOLATION STEPS:              2 (START)      1 (STEP)
 LEVEL SHIFTS:                  0.00 (CLOSED)  0.00 (OPEN) 



 Orbital guess generated from atomic densities. Full valence occupancy:   44

 Molecular orbital dump at record        2301.2

 Initial occupancy:  29

 Direct Fock-matrix evaluation.        Authors: Roland Lindh & Martin Schuetz (1993/96)

 Integral Threshold:                  0.1D-12
 Threshold for writing integrals:     0.1D-06
 Prescreening on density matrix:        ON 
 Calculation will be performed fully direct        

 ITERATION   DDIFF            GRAD            ENERGY        2-EL.EN.            DIPOLE MOMENTS         DIIS   CPU(IT)  CPU(TOT)
    1      0.000D+00      0.000D+00      -412.40783984   1001.090261   -0.29686   -3.11737    0.58987    0    891.2    907.6     start
    2      0.000D+00      0.305D-02      -412.50184302   1002.655943    0.30380   -1.34957    0.28762    1    870.0   1777.6     diag
    3      0.359D-02      0.262D-02      -412.62036757   1001.580140    0.21340   -2.00654    0.41583    2    859.7   2637.3     diag
    4      0.158D-02      0.297D-03      -412.62427080   1001.941071    0.19253   -1.96140    0.40184    3    846.8   3484.1     diag
    5      0.390D-03      0.119D-03      -412.62493115   1001.798975    0.22520   -1.93367    0.40028    4    828.5   4312.5     diag
    6      0.148D-03      0.417D-04      -412.62507680   1001.832357    0.22494   -1.92722    0.39858    5    821.3   5133.8     diag
    7      0.791D-04      0.196D-04      -412.62510134   1001.841656    0.22728   -1.91907    0.39716    6    802.8   5936.6     diag
    8      0.336D-04      0.838D-05      -412.62510482   1001.835599    0.22863   -1.91733    0.39693    7    786.5   6723.1     diag
    9      0.130D-04      0.273D-05      -412.62510523   1001.837476    0.22846   -1.91659    0.39676    8    766.9   7490.0     diag
   10      0.458D-05      0.998D-06      -412.62510530   1001.837998    0.22891   -1.91591    0.39666    9    741.2   8231.2     orth
   11      0.166D-05      0.484D-06      -412.62510531   1001.837739    0.22894   -1.91579    0.39663    9    727.4   8958.6     diag
   12      0.963D-06      0.112D-06      -412.62510531   1001.837819    0.22900   -1.91572    0.39663    9    696.8   9655.5     diag
   13      0.264D-06      0.410D-07      -412.62510531   1001.837824    0.22901   -1.91571    0.39662    0    655.6  10311.0     orth

 Final occupancy:  29

 !RHF STATE  1.1 Energy              -412.625105310260
 Nuclear energy                       357.16948289
 One-electron energy                -1270.71350003
 Two-electron energy                  500.91891183
 Virial quotient                       -1.00172972
 !RHF STATE  1.1 Dipole moment          0.22900508    -1.91571026     0.39662416
 Dipole moment /Debye                   0.58203473    -4.86893088     1.00805204

 Orbital energies:

         1.1          2.1          3.1          4.1          5.1          6.1          7.1          8.1          9.1         10.1
    -20.548065   -20.542241   -15.645065   -15.628716   -11.419694   -11.381468   -11.341245   -11.255876    -1.437361    -1.398709

        11.1         12.1         13.1         14.1         15.1         16.1         17.1         18.1         19.1         20.1
     -1.314467    -1.247787    -1.088903    -0.934279    -0.903346    -0.808067    -0.766048    -0.715595    -0.678534    -0.670015

        21.1         22.1         23.1         24.1         25.1         26.1         27.1         28.1         29.1         30.1
     -0.653565    -0.615587    -0.602228    -0.571535    -0.527035    -0.484543    -0.450285    -0.438141    -0.369437     0.012823

        31.1
      0.027036


 HOMO     29.1    -0.369437 =     -10.0529eV
 LUMO     30.1     0.012823 =       0.3489eV
 LUMO-HOMO         0.382260 =      10.4018eV


 **********************************************************************************************************************************
 DATASETS  * FILE   NREC   LENGTH (MB)   RECORD NAMES
              1      18       58.19       500      610      700      900      950      970     1000      129      960     1100   
                                          VAR    BASINP    GEOM    SYMINP    ZMAT    AOBASIS   BASIS     P2S    ABASIS      S 
                                         1400     1410     1200     1210     1080     1600     1650     1700   
                                           T        V       H0       H01     AOSYM     SMH    MOLCAS    OPER   

              2       6       84.77       700     1000      520     2101     2201     2301   
                                         GEOM     BASIS   MCVARS     RHF      RHF      RHF  

 PROGRAMS   *        TOTAL   RHF-SCF       INT   RHF-SCF       INT   RHF-SCF       INT
 CPU TIMES  *     29057.04  10311.93      1.36   7576.94      1.37  11163.39      1.85
 REAL TIME  *     29107.39 SEC
 DISK USED  *       198.20 MB (local),      792.79 MB (total)
 SF USED    *         9.18 MB
 GA USED    *         0.00 MB       (max)       0.00 MB       (current)
 **********************************************************************************************************************************
 SETTING EB_HF          =      -412.62510531  AU                              
 SETTING E_AB_INT       =         0.01081992  AU                              

 *** results in hartree
 E_AB_INT         =         0.01081992 AU
 Molecular orbitals read from record     2301.2  Type=RHF/CANONICAL (state 1.1)
 Occupation numbers read from record     2301.2  Type=RHF/RHF (state 1.1)
 Orbital energies read from record       2301.2  Type=RHF/CANONICAL (state 1.1)
 Redundancy group numbers read from rec  2301.2  Type=RHF/RHF (state 1.1)

 RHF/aug-cc-pVTZ energy=   -412.625105310260

         RHF-SCF         RHF-SCF         RHF-SCF
   -412.62510531   -230.78156983   -643.39585522
 **********************************************************************************************************************************
 Molpro calculation terminated
