
 Primary working directories    : /scratch/sirous/126045/molpro.JGiZlIJdCT
 Secondary working directories  : /scratch/sirous/126045/molpro.JGiZlIJdCT
 Wavefunction directory         : /scratch/sirous/126045/
 Main file repository           : /scratch/sirous/126045/molpro.JGiZlIJdCT/

 id        : karlovklimes

 Nodes                      nprocs
 nc-10.cc.karlov.mff.cuni.cz    4

 Using customized tuning parameters: mindgm=1; mindgv=20; mindgc=4; mindgr=1; noblas=0; minvec=7
 default implementation of scratch files=sf  


 Variables initialized (934), CPU time= 0.01 sec
 ***,CH3C6H4CN+CF3CN+BF3
 memory,500,m
 gdirect
 gthresh,energy=1.d-8,twoint=1.d-15,oneint=1.d-15,zero=1.d-15,orbital=1.d-8,grid=1.d-8
 symmetry,nosym
 geomtyp=xyz
                                                                                 ! Geometry
 geometry={
 C1        0.606784959    1.330421848     0.316434508
 H1        1.246498457    2.202264343     0.330352311
 C2        1.118084657    0.087248862     0.685116522
 H2        2.150057527    -0.003886783     0.993758239
 C3        0.292902289    -1.036087368     0.669107267
 H3        0.688496859    -2.000961486     0.955377972
 C4        -1.042831736    -0.916711123     0.288189637
 H4        -1.682709560    -1.788488247     0.279349028
 C5        -1.553588379    0.327348987     -0.079943171
 H5        -2.589234948    0.420289081     -0.377346195
 C6        -0.728041637    1.450843156     -0.066848338
 H6        -1.123623792    2.415658650     -0.353861434
 C7        0.418220607    -0.270554399     4.031747038
 O1        1.613713281    -0.106603653     4.108262815
 O2        -0.161281065    -1.481959360     4.231185395
 H7        0.573169793    -2.083067854     4.424223510
 C8        -0.603663621    0.773377118     3.711065858
 H8        -0.125369201    1.744323470     3.664243087
 H9        -1.056463723    0.540180930     2.748357811
 H10        -1.388514635    0.767840618     4.463565338
 }
 
 
 
 basis=avtz
 
 
 
                                                                                 ! Dimer Calculation
 {rhf,accu=1.d-8;orbital,2101.2}
 eab_HF=energy
 
 
                                                                                 !monomer A
 dummy,13,14,15,16,17,18,19,20;                                                  ! NOW MONOMER B IS DUMMY
 {rhf,accu=1.d-8;orbital,2201.2}
 ea_HF=energy
                                                                                 !monomer B
 dummy,1,2,3,4,5,6,7,8,9,10,11,12;                                               !NOW MONOMER A IS DUMMY
 {rhf,accu=1.d-8;orbital,2301.2}
 eb_HF=energy
 
 E_AB_int=eab_HF-ea_HF-eb_HF
 
 
 text,results in hartree
 show,E_AB_int
 
 Commands  initialized (763), CPU time= 0.02 sec, 617 directives.
 Default parameters read. Elapsed time= 0.21 sec

 Checking input...
 Passed
1


                                         ***  PROGRAM SYSTEM MOLPRO  ***
                                       Copyright, TTI GmbH Stuttgart, 2015
                                    Version 2019.2 linked Jun  8 2019 11:26:33


 **********************************************************************************************************************************
 LABEL *   CH3C6H4CN+CF3CN+BF3                                                           
  64 bit mpp version                                                                     DATE: 22-Nov-19          TIME: 12:15:18  
 **********************************************************************************************************************************

 SHA1:             8135a10abc80eafa5b3ae28ffc55be4890dc4c84
 **********************************************************************************************************************************

 THRESHOLDS:

 ZERO    =  1.00D-15  ONEINT  =  1.00D-15  TWOINT  =  1.00D-15  PREFAC  =  1.00D-14  XXXXXX  =  1.00D-09  EORDER  =  1.00D-04
 ENERGY  =  1.00D-08  ETEST   =  0.00D+00  EDENS   =  0.00D+00  THRDEDEF=  1.00D-06  GRADIENT=  1.00D-02  STEP    =  1.00D-03
 ORBITAL =  1.00D-08  CIVEC   =  1.00D-05  COEFF   =  1.00D-04  PRINTCI =  5.00D-02  PUNCHCI =  9.90D+01  OPTGRAD =  3.00D-04
 OPTENERG=  1.00D-06  OPTSTEP =  3.00D-04  THRGRAD =  1.00D-10  COMPRESS=  1.00D-11  VARMIN  =  1.00D-07  VARMAX  =  1.00D-03
 THRDOUB =  0.00D+00  THRDIV  =  1.00D-05  THRRED  =  1.00D-07  THRPSP  =  1.00D+00  THRDC   =  1.00D-10  THRCS   =  1.00D-10
 THRNRM  =  1.00D-08  THREQ   =  0.00D+00  THRDE   =  1.00D+00  THRREF  =  1.00D-05  SPARFAC =  1.00D+00  THRDLP  =  1.00D-07
 THRDIA  =  1.00D-10  THRDLS  =  1.00D-07  THRGPS  =  0.00D+00  THRKEX  =  0.00D+00  THRDIS  =  2.00D-01  THRVAR  =  1.00D-10
 THRLOC  =  1.00D-06  THRGAP  =  1.00D-06  THRLOCT = -1.00D+00  THRGAPT = -1.00D+00  THRORB  =  1.00D-06  THRMLTP =  0.00D+00
 THRCPQCI=  1.00D-10  KEXTA   =  0.00D+00  THRCOARS=  0.00D+00  SYMTOL  =  1.00D-06  GRADTOL =  1.00D-06  THROVL  =  1.00D-08
 THRORTH =  1.00D-08  GRID    =  1.00D-08  GRIDMAX =  1.00D-03  DTMAX   =  0.00D+00  THROCCDE=  1.00D-01  THROCCDE=  1.00D-01
 THRPRINT=  2.50D-01


 Variable memory set to  500000000 words,  buffer space 

 SETTING GEOMTYP        =    XYZ
 ZSYMEL=NOSYM

 SETTING BASIS          =    AVTZ


 Recomputing integrals since basis changed


 Using spherical harmonics

 Library entry C      S aug-cc-pVTZ          selected for orbital group  1
 Library entry C      P aug-cc-pVTZ          selected for orbital group  1
 Library entry C      D aug-cc-pVTZ          selected for orbital group  1
 Library entry C      F aug-cc-pVTZ          selected for orbital group  1
 Library entry H      S aug-cc-pVTZ          selected for orbital group  2
 Library entry H      P aug-cc-pVTZ          selected for orbital group  2
 Library entry H      D aug-cc-pVTZ          selected for orbital group  2
 Library entry O      S aug-cc-pVTZ          selected for orbital group 14
 Library entry O      P aug-cc-pVTZ          selected for orbital group 14
 Library entry O      D aug-cc-pVTZ          selected for orbital group 14
 Library entry O      F aug-cc-pVTZ          selected for orbital group 14


 PROGRAM * SEWARD (Integral evaluation for generally contracted gaussian basis sets)     Author: Roland Lindh, 1990

 Geometry written to block  1 of record 700


 Point group  C1  



 ATOMIC COORDINATES

 NR  ATOM    CHARGE       X              Y              Z

   1  C1      6.00    1.146657389    2.514132923    0.597974556
   2  H1      1.00    2.355540698    4.161676462    0.624275392
   3  C2      6.00    2.112873786    0.164876454    1.294682590
   4  H2      1.00    4.063019878   -0.007344955    1.877930906
   5  C3      6.00    0.553505107   -1.957921367    1.264429483
   6  H3      1.00    1.301070501   -3.781269194    1.805402713
   7  C4      6.00   -1.970666375   -1.732332958    0.544599486
   8  H4      1.00   -3.179860216   -3.379752964    0.527893156
   9  C5      6.00   -2.935856547    0.618599933   -0.151070699
  10  H5      1.00   -4.892944924    0.794231256   -0.713080963
  11  C6      6.00   -1.375799301    2.741696215   -0.126325051
  12  H6      1.00   -2.123341234    4.564933259   -0.668701196
  13  C7      6.00    0.790322407   -0.511273716    7.618897705
  14  O1      8.00    3.049476145   -0.201451708    7.763491568
  15  O2      8.00   -0.304777042   -2.800497318    7.995781579
  16  H7      1.00    1.083133932   -3.936427743    8.360570748
  17  C8      6.00   -1.140758915    1.461470944    7.012898102
  18  H8      1.00   -0.236913454    3.296293631    6.924415888
  19  H9      1.00   -1.996427097    1.020794015    5.193643555
  20  H10     1.00   -2.623912380    1.451008475    8.434916028

 Bond lengths in Bohr (Angstrom)

  1- 2  2.043646325   1- 3  2.634004967   1-11  2.634232854   3- 4  2.042769834   3- 5  2.634163342
       ( 1.081451063)       ( 1.393855402)       ( 1.393975994)       ( 1.080987243)       ( 1.393939210)

  5- 6  2.043551652   5- 7  2.634480409   7- 8  2.043629497   7- 9  2.634850001   9-10  2.043745780
       ( 1.081400964)       ( 1.394106995)       ( 1.081442157)       ( 1.394302575)       ( 1.081503692)

  9-11  2.634754026  11-12  2.043816074  13-14  2.284879137  13-15  2.565507544  13-17  2.826310684
       ( 1.394251787)       ( 1.081540890)       ( 1.209105969)       ( 1.357608127)       ( 1.495619205)

 15-16  1.830220188  17-18  2.047276242  17-19  2.058166975  17-20  2.054747830
       ( 0.968510815)       ( 1.083371932)       ( 1.089135060)       ( 1.087325726)

 Bond angles

  1- 3- 4  120.05997521   1- 3- 5  119.90499487   1-11- 9  119.99698319   1-11-12  120.01773473

  2- 1- 3  119.90968315   2- 1-11  120.02169200   3- 1-11  120.06846303   3- 5- 6  119.96286788

  3-5-7  120.08761956   4-3-5  120.03142950   5-7-8  120.00796972   5-7-9  119.96838697

  6- 5- 7  119.94925687   7- 9-10  120.00432377   7- 9-11  119.97331296   8- 7- 9  120.02360769

  9-11-12  119.98528024  10- 9-11  120.02225674  13-15-16  105.03425169  13-17-18  109.46188941

 13-17-19  108.91307091  13-17-20  109.95250046  14-13-15  122.25893837  14-13-17  126.47572189

 15-13-17  111.26449272  18-17-19  109.70848298  18-17-20  110.67992918  19-17-20  108.09229995

 NUCLEAR CHARGE:                   74
 NUMBER OF PRIMITIVE AOS:         940
 NUMBER OF SYMMETRY AOS:          830
 NUMBER OF CONTRACTIONS:          690   (  690A   )
 NUMBER OF CORE ORBITALS:          10   (   10A   )
 NUMBER OF VALENCE ORBITALS:       50   (   50A   )


 NUCLEAR REPULSION ENERGY  496.52719697


 Eigenvalues of metric

         1 0.252E-06 0.613E-06 0.106E-05 0.248E-05 0.306E-05 0.362E-05 0.383E-05 0.426E-05


 OPERATOR DM      FOR CENTER  0  COORDINATES:    0.000000    0.000000    0.000000


 **********************************************************************************************************************************
 DATASETS  * FILE   NREC   LENGTH (MB)   RECORD NAMES
              1      18       47.68       500      610      700      900      950      970     1000      129      960     1100   
                                          VAR    BASINP    GEOM    SYMINP    ZMAT    AOBASIS   BASIS     P2S    ABASIS      S 
                                         1400     1410     1200     1210     1080     1600     1650     1700   
                                           T        V       H0       H01     AOSYM     SMH    MOLCAS    OPER   

 PROGRAMS   *        TOTAL       INT
 CPU TIMES  *         1.30      1.11
 REAL TIME  *         3.11 SEC
 DISK USED  *        48.48 MB (local),      193.92 MB (total)
 GA USED    *         0.00 MB       (max)       0.00 MB       (current)
 **********************************************************************************************************************************


 PROGRAM * RHF-SCF (CLOSED SHELL)       Authors: W. Meyer, H.-J. Werner


 NUMBER OF ELECTRONS:      37+   37-    SPACE SYMMETRY=1    SPIN SYMMETRY: Singlet 
 CONVERGENCE THRESHOLDS:    1.00E-04 (Density)    1.00E-09 (Energy)
 INTEGRAL THRESHOLDS:       1.00E-13 (Initial)    1.00E-13 (Final)
 MAX. NUMBER OF ITERATIONS:       60
 INTERPOLATION TYPE:            DIIS
 INTERPOLATION STEPS:              2 (START)      1 (STEP)
 LEVEL SHIFTS:                  0.00 (CLOSED)  0.00 (OPEN) 



 Orbital guess generated from atomic densities. Full valence occupancy:   60

 Molecular orbital dump at record        2101.2

 Initial occupancy:  37

 Direct Fock-matrix evaluation.        Authors: Roland Lindh & Martin Schuetz (1993/96)

 Integral Threshold:                  0.1D-12
 Threshold for writing integrals:     0.1D-06
 Prescreening on density matrix:        ON 
 Calculation will be performed fully direct        

 ITERATION   DDIFF            GRAD            ENERGY        2-EL.EN.            DIPOLE MOMENTS         DIIS   CPU(IT)  CPU(TOT)
    1      0.000D+00      0.000D+00      -458.52621359   1312.113329   -1.20575   -0.29469   -0.11834    0    332.8    345.4     start
    2      0.000D+00      0.250D-02      -458.64153723   1305.050937   -0.38528   -0.00215   -0.21093    1    327.6    673.0     diag
    3      0.363D-02      0.155D-02      -458.68144216   1307.591407   -0.78982   -0.10608   -0.16766    2    324.2    997.1     diag
    4      0.125D-02      0.321D-03      -458.68451408   1307.907254   -0.67754   -0.06026   -0.17425    3    319.4   1316.5     diag
    5      0.479D-03      0.121D-03      -458.68489959   1307.602183   -0.71479   -0.07361   -0.17631    4    313.5   1630.0     diag
    6      0.133D-03      0.289D-04      -458.68493668   1307.636841   -0.70608   -0.06483   -0.17718    5    307.6   1937.6     diag
    7      0.486D-04      0.117D-04      -458.68494335   1307.643023   -0.70670   -0.06664   -0.17728    6    300.9   2238.5     diag
    8      0.199D-04      0.458D-05      -458.68494463   1307.636619   -0.70569   -0.06584   -0.17720    7    293.5   2532.0     diag
    9      0.825D-05      0.174D-05      -458.68494485   1307.639940   -0.70575   -0.06614   -0.17717    8    288.3   2820.2     diag
   10      0.384D-05      0.544D-06      -458.68494487   1307.639261   -0.70537   -0.06600   -0.17709    9    279.7   3099.9     orth
   11      0.119D-05      0.201D-06      -458.68494487   1307.639336   -0.70544   -0.06609   -0.17708    9    267.8   3367.7     diag
   12      0.401D-06      0.713D-07      -458.68494487   1307.639388   -0.70540   -0.06606   -0.17707    9    259.1   3626.8     diag
   13      0.160D-06      0.251D-07      -458.68494487   1307.639346   -0.70541   -0.06607   -0.17707    0    246.4   3873.2     orth

 Final occupancy:  37

 !RHF STATE  1.1 Energy              -458.684944867425
 Nuclear energy                       496.52719697
 One-electron energy                -1609.03181473
 Two-electron energy                  653.81967289
 Virial quotient                       -1.00145776
 !RHF STATE  1.1 Dipole moment         -0.70540665    -0.06607229    -0.17707425
 Dipole moment /Debye                  -1.79284743    -0.16792801    -0.45004836

 Orbital energies:

         1.1          2.1          3.1          4.1          5.1          6.1          7.1          8.1          9.1         10.1
    -20.608668   -20.544856   -11.383153   -11.240494   -11.239834   -11.238905   -11.238148   -11.237731   -11.236411   -11.232484

        11.1         12.1         13.1         14.1         15.1         16.1         17.1         18.1         19.1         20.1
     -1.459768    -1.355477    -1.154974    -1.020635    -1.018980    -1.018437    -0.827965    -0.827648    -0.814026    -0.713382

        21.1         22.1         23.1         24.1         25.1         26.1         27.1         28.1         29.1         30.1
     -0.701435    -0.673236    -0.647368    -0.645384    -0.622749    -0.591890    -0.591338    -0.578928    -0.564691    -0.556044

        31.1         32.1         33.1         34.1         35.1         36.1         37.1         38.1         39.1
     -0.502235    -0.498493    -0.498185    -0.479280    -0.449611    -0.342172    -0.341221     0.026034     0.031954


 HOMO     37.1    -0.341221 =      -9.2851eV
 LUMO     38.1     0.026034 =       0.7084eV
 LUMO-HOMO         0.367255 =       9.9935eV


 **********************************************************************************************************************************
 DATASETS  * FILE   NREC   LENGTH (MB)   RECORD NAMES
              1      18       47.68       500      610      700      900      950      970     1000      129      960     1100   
                                          VAR    BASINP    GEOM    SYMINP    ZMAT    AOBASIS   BASIS     P2S    ABASIS      S 
                                         1400     1410     1200     1210     1080     1600     1650     1700   
                                           T        V       H0       H01     AOSYM     SMH    MOLCAS    OPER   

              2       4       12.72       700     1000      520     2101   
                                         GEOM     BASIS   MCVARS     RHF  

 PROGRAMS   *        TOTAL   RHF-SCF       INT
 CPU TIMES  *      3874.96   3873.66      1.11
 REAL TIME  *      3886.45 SEC
 DISK USED  *        94.87 MB (local),      379.49 MB (total)
 SF USED    *         5.72 MB
 GA USED    *         0.00 MB       (max)       0.00 MB       (current)
 **********************************************************************************************************************************
 SETTING EAB_HF         =      -458.68494487  AU                              

 Dummy atoms: C7  O1  O2  H7  C8  H8  H9  H10


 Recomputing one-electron integrals since nuclear charges changed


 PROGRAM * SEWARD (Integral evaluation for generally contracted gaussian basis sets)     Author: Roland Lindh, 1990

 Geometry written to block  1 of record 700


 Point group  C1  



 ATOMIC COORDINATES

 NR  ATOM    CHARGE       X              Y              Z

   1  C1      6.00    1.146657389    2.514132923    0.597974556
   2  H1      1.00    2.355540698    4.161676462    0.624275392
   3  C2      6.00    2.112873786    0.164876454    1.294682590
   4  H2      1.00    4.063019878   -0.007344955    1.877930906
   5  C3      6.00    0.553505107   -1.957921367    1.264429483
   6  H3      1.00    1.301070501   -3.781269194    1.805402713
   7  C4      6.00   -1.970666375   -1.732332958    0.544599486
   8  H4      1.00   -3.179860216   -3.379752964    0.527893156
   9  C5      6.00   -2.935856547    0.618599933   -0.151070699
  10  H5      1.00   -4.892944924    0.794231256   -0.713080963
  11  C6      6.00   -1.375799301    2.741696215   -0.126325051
  12  H6      1.00   -2.123341234    4.564933259   -0.668701196
  13  C7      0.00    0.790322407   -0.511273716    7.618897705
  14  O1      0.00    3.049476145   -0.201451708    7.763491568
  15  O2      0.00   -0.304777042   -2.800497318    7.995781579
  16  H7      0.00    1.083133932   -3.936427743    8.360570748
  17  C8      0.00   -1.140758915    1.461470944    7.012898102
  18  H8      0.00   -0.236913454    3.296293631    6.924415888
  19  H9      0.00   -1.996427097    1.020794015    5.193643555
  20  H10     0.00   -2.623912380    1.451008475    8.434916028

 Bond lengths in Bohr (Angstrom)

  1- 2  2.043646325   1- 3  2.634004967   1-11  2.634232854   3- 4  2.042769834   3- 5  2.634163342
       ( 1.081451063)       ( 1.393855402)       ( 1.393975994)       ( 1.080987243)       ( 1.393939210)

  5- 6  2.043551652   5- 7  2.634480409   7- 8  2.043629497   7- 9  2.634850001   9-10  2.043745780
       ( 1.081400964)       ( 1.394106995)       ( 1.081442157)       ( 1.394302575)       ( 1.081503692)

  9-11  2.634754026  11-12  2.043816074  13-14  2.284879137  13-15  2.565507544  13-17  2.826310684
       ( 1.394251787)       ( 1.081540890)       ( 1.209105969)       ( 1.357608127)       ( 1.495619205)

 15-16  1.830220188  17-18  2.047276242  17-19  2.058166975  17-20  2.054747830
       ( 0.968510815)       ( 1.083371932)       ( 1.089135060)       ( 1.087325726)

 Bond angles

  1- 3- 4  120.05997521   1- 3- 5  119.90499487   1-11- 9  119.99698319   1-11-12  120.01773473

  2- 1- 3  119.90968315   2- 1-11  120.02169200   3- 1-11  120.06846303   3- 5- 6  119.96286788

  3-5-7  120.08761956   4-3-5  120.03142950   5-7-8  120.00796972   5-7-9  119.96838697

  6- 5- 7  119.94925687   7- 9-10  120.00432377   7- 9-11  119.97331296   8- 7- 9  120.02360769

  9-11-12  119.98528024  10- 9-11  120.02225674  13-15-16  105.03425169  13-17-18  109.46188941

 13-17-19  108.91307091  13-17-20  109.95250046  14-13-15  122.25893837  14-13-17  126.47572189

 15-13-17  111.26449272  18-17-19  109.70848298  18-17-20  110.67992918  19-17-20  108.09229995

 NUCLEAR CHARGE:                   42
 NUMBER OF PRIMITIVE AOS:         940
 NUMBER OF SYMMETRY AOS:          830
 NUMBER OF CONTRACTIONS:          690   (  690A   )
 NUMBER OF CORE ORBITALS:           6   (    6A   )
 NUMBER OF VALENCE ORBITALS:       30   (   30A   )

 MOLECULE CHANGED: INITIALIZING OCCUPATION AND DUMP RECORDS


 NUCLEAR REPULSION ENERGY  203.66095772


 Eigenvalues of metric

         1 0.252E-06 0.613E-06 0.106E-05 0.248E-05 0.306E-05 0.362E-05 0.383E-05 0.426E-05


 OPERATOR DM      FOR CENTER  0  COORDINATES:    0.000000    0.000000    0.000000


 **********************************************************************************************************************************
 DATASETS  * FILE   NREC   LENGTH (MB)   RECORD NAMES
              1      18       47.68       500      610      700      900      950      970     1000      129      960     1100   
                                          VAR    BASINP    GEOM    SYMINP    ZMAT    AOBASIS   BASIS     P2S    ABASIS      S 
                                         1400     1410     1200     1210     1080     1600     1650     1700   
                                           T        V       H0       H01     AOSYM     SMH    MOLCAS    OPER   

              2       4       12.72       700     1000      520     2101   
                                         GEOM     BASIS   MCVARS     RHF  

 PROGRAMS   *        TOTAL       INT   RHF-SCF       INT
 CPU TIMES  *      3875.73      0.76   3873.66      1.11
 REAL TIME  *      3887.49 SEC
 DISK USED  *        94.87 MB (local),      379.49 MB (total)
 SF USED    *         5.72 MB
 GA USED    *         0.00 MB       (max)       0.00 MB       (current)
 **********************************************************************************************************************************


 PROGRAM * RHF-SCF (CLOSED SHELL)       Authors: W. Meyer, H.-J. Werner


 NUMBER OF ELECTRONS:      21+   21-    SPACE SYMMETRY=1    SPIN SYMMETRY: Singlet 
 CONVERGENCE THRESHOLDS:    1.00E-04 (Density)    1.00E-09 (Energy)
 INTEGRAL THRESHOLDS:       1.00E-13 (Initial)    1.00E-13 (Final)
 MAX. NUMBER OF ITERATIONS:       60
 INTERPOLATION TYPE:            DIIS
 INTERPOLATION STEPS:              2 (START)      1 (STEP)
 LEVEL SHIFTS:                  0.00 (CLOSED)  0.00 (OPEN) 



 Orbital guess generated from atomic densities. Full valence occupancy:   36

 Molecular orbital dump at record        2201.2

 Initial occupancy:  21

 Direct Fock-matrix evaluation.        Authors: Roland Lindh & Martin Schuetz (1993/96)

 Integral Threshold:                  0.1D-12
 Threshold for writing integrals:     0.1D-06
 Prescreening on density matrix:        ON 
 Calculation will be performed fully direct        

 ITERATION   DDIFF            GRAD            ENERGY        2-EL.EN.            DIPOLE MOMENTS         DIIS   CPU(IT)  CPU(TOT)
    1      0.000D+00      0.000D+00      -230.72297624    561.810077   -0.00210    0.00058    0.00297    0    328.7    338.2     start
    2      0.000D+00      0.164D-02      -230.77397183    556.911188   -0.00017    0.00047    0.00376    1    322.4    660.5     diag
    3      0.223D-02      0.658D-03      -230.78050609    559.250556   -0.00140    0.00055    0.00386    2    317.0    977.5     diag
    4      0.834D-03      0.216D-03      -230.78150329    558.674125   -0.00085    0.00055    0.00412    3    312.6   1290.1     diag
    5      0.266D-03      0.174D-04      -230.78151458    558.671787   -0.00118    0.00056    0.00410    4    304.1   1594.2     diag
    6      0.564D-04      0.242D-05      -230.78151482    558.672187   -0.00082    0.00056    0.00418    5    288.7   1882.9     diag
    7      0.761D-05      0.504D-06      -230.78151482    558.672155   -0.00114    0.00056    0.00411    6    270.3   2153.2     diag
    8      0.109D-05      0.257D-06      -230.78151482    558.672156   -0.00101    0.00056    0.00414    7    262.6   2415.8     diag
    9      0.463D-06      0.376D-07      -230.78151482    558.672175   -0.00102    0.00056    0.00414    8    243.1   2658.9     diag
   10      0.793D-07      0.143D-07      -230.78151482    558.672180   -0.00101    0.00056    0.00414    0    226.5   2885.4     orth

 Final occupancy:  21

 !RHF STATE  1.1 Energy              -230.781514823578
 Nuclear energy                       203.66095772
 One-electron energy                 -713.77856258
 Two-electron energy                  279.33609003
 Virial quotient                       -1.00147092
 !RHF STATE  1.1 Dipole moment         -0.00101320     0.00055841     0.00414000
 Dipole moment /Debye                  -0.00257514     0.00141924     0.01052215

 Orbital energies:

         1.1          2.1          3.1          4.1          5.1          6.1          7.1          8.1          9.1         10.1
    -11.236320   -11.235739   -11.235733   -11.234503   -11.234488   -11.233881    -1.150215    -1.014794    -1.014645    -0.824151

        11.1         12.1         13.1         14.1         15.1         16.1         17.1         18.1         19.1         20.1
     -0.824075    -0.709628    -0.644242    -0.619022    -0.588218    -0.587925    -0.502302    -0.495074    -0.494715    -0.336797

        21.1         22.1         23.1
     -0.336726     0.023655     0.032753


 HOMO     21.1    -0.336726 =      -9.1628eV
 LUMO     22.1     0.023655 =       0.6437eV
 LUMO-HOMO         0.360381 =       9.8065eV


 **********************************************************************************************************************************
 DATASETS  * FILE   NREC   LENGTH (MB)   RECORD NAMES
              1      18       47.68       500      610      700      900      950      970     1000      129      960     1100   
                                          VAR    BASINP    GEOM    SYMINP    ZMAT    AOBASIS   BASIS     P2S    ABASIS      S 
                                         1400     1410     1200     1210     1080     1600     1650     1700   
                                           T        V       H0       H01     AOSYM     SMH    MOLCAS    OPER   

              2       5       34.29       700     1000      520     2101     2201   
                                         GEOM     BASIS   MCVARS     RHF      RHF  

 PROGRAMS   *        TOTAL   RHF-SCF       INT   RHF-SCF       INT
 CPU TIMES  *      6761.56   2885.82      0.76   3873.66      1.11
 REAL TIME  *      6779.67 SEC
 DISK USED  *       114.54 MB (local),      458.16 MB (total)
 SF USED    *         5.72 MB
 GA USED    *         0.00 MB       (max)       0.00 MB       (current)
 **********************************************************************************************************************************
 SETTING EA_HF          =      -230.78151482  AU                              

 Dummy atoms: C1  H1  C2  H2  C3  H3  C4  H4  C5  H5  C6  H6


 Recomputing one-electron integrals since nuclear charges changed


 PROGRAM * SEWARD (Integral evaluation for generally contracted gaussian basis sets)     Author: Roland Lindh, 1990

 Geometry written to block  1 of record 700


 Point group  C1  



 ATOMIC COORDINATES

 NR  ATOM    CHARGE       X              Y              Z

   1  C1      0.00    1.146657389    2.514132923    0.597974556
   2  H1      0.00    2.355540698    4.161676462    0.624275392
   3  C2      0.00    2.112873786    0.164876454    1.294682590
   4  H2      0.00    4.063019878   -0.007344955    1.877930906
   5  C3      0.00    0.553505107   -1.957921367    1.264429483
   6  H3      0.00    1.301070501   -3.781269194    1.805402713
   7  C4      0.00   -1.970666375   -1.732332958    0.544599486
   8  H4      0.00   -3.179860216   -3.379752964    0.527893156
   9  C5      0.00   -2.935856547    0.618599933   -0.151070699
  10  H5      0.00   -4.892944924    0.794231256   -0.713080963
  11  C6      0.00   -1.375799301    2.741696215   -0.126325051
  12  H6      0.00   -2.123341234    4.564933259   -0.668701196
  13  C7      6.00    0.790322407   -0.511273716    7.618897705
  14  O1      8.00    3.049476145   -0.201451708    7.763491568
  15  O2      8.00   -0.304777042   -2.800497318    7.995781579
  16  H7      1.00    1.083133932   -3.936427743    8.360570748
  17  C8      6.00   -1.140758915    1.461470944    7.012898102
  18  H8      1.00   -0.236913454    3.296293631    6.924415888
  19  H9      1.00   -1.996427097    1.020794015    5.193643555
  20  H10     1.00   -2.623912380    1.451008475    8.434916028

 Bond lengths in Bohr (Angstrom)

  1- 2  2.043646325   1- 3  2.634004967   1-11  2.634232854   3- 4  2.042769834   3- 5  2.634163342
       ( 1.081451063)       ( 1.393855402)       ( 1.393975994)       ( 1.080987243)       ( 1.393939210)

  5- 6  2.043551652   5- 7  2.634480409   7- 8  2.043629497   7- 9  2.634850001   9-10  2.043745780
       ( 1.081400964)       ( 1.394106995)       ( 1.081442157)       ( 1.394302575)       ( 1.081503692)

  9-11  2.634754026  11-12  2.043816074  13-14  2.284879137  13-15  2.565507544  13-17  2.826310684
       ( 1.394251787)       ( 1.081540890)       ( 1.209105969)       ( 1.357608127)       ( 1.495619205)

 15-16  1.830220188  17-18  2.047276242  17-19  2.058166975  17-20  2.054747830
       ( 0.968510815)       ( 1.083371932)       ( 1.089135060)       ( 1.087325726)

 Bond angles

  1- 3- 4  120.05997521   1- 3- 5  119.90499487   1-11- 9  119.99698319   1-11-12  120.01773473

  2- 1- 3  119.90968315   2- 1-11  120.02169200   3- 1-11  120.06846303   3- 5- 6  119.96286788

  3-5-7  120.08761956   4-3-5  120.03142950   5-7-8  120.00796972   5-7-9  119.96838697

  6- 5- 7  119.94925687   7- 9-10  120.00432377   7- 9-11  119.97331296   8- 7- 9  120.02360769

  9-11-12  119.98528024  10- 9-11  120.02225674  13-15-16  105.03425169  13-17-18  109.46188941

 13-17-19  108.91307091  13-17-20  109.95250046  14-13-15  122.25893837  14-13-17  126.47572189

 15-13-17  111.26449272  18-17-19  109.70848298  18-17-20  110.67992918  19-17-20  108.09229995

 NUCLEAR CHARGE:                   32
 NUMBER OF PRIMITIVE AOS:         940
 NUMBER OF SYMMETRY AOS:          830
 NUMBER OF CONTRACTIONS:          690   (  690A   )
 NUMBER OF CORE ORBITALS:           4   (    4A   )
 NUMBER OF VALENCE ORBITALS:       20   (   20A   )

 MOLECULE CHANGED: INITIALIZING OCCUPATION AND DUMP RECORDS


 NUCLEAR REPULSION ENERGY  121.23566260


 Eigenvalues of metric

         1 0.252E-06 0.613E-06 0.106E-05 0.248E-05 0.306E-05 0.362E-05 0.383E-05 0.426E-05


 OPERATOR DM      FOR CENTER  0  COORDINATES:    0.000000    0.000000    0.000000


 **********************************************************************************************************************************
 DATASETS  * FILE   NREC   LENGTH (MB)   RECORD NAMES
              1      18       47.68       500      610      700      900      950      970     1000      129      960     1100   
                                          VAR    BASINP    GEOM    SYMINP    ZMAT    AOBASIS   BASIS     P2S    ABASIS      S 
                                         1400     1410     1200     1210     1080     1600     1650     1700   
                                           T        V       H0       H01     AOSYM     SMH    MOLCAS    OPER   

              2       5       34.29       700     1000      520     2101     2201   
                                         GEOM     BASIS   MCVARS     RHF      RHF  

 PROGRAMS   *        TOTAL       INT   RHF-SCF       INT   RHF-SCF       INT
 CPU TIMES  *      6762.34      0.78   2885.82      0.76   3873.66      1.11
 REAL TIME  *      6780.72 SEC
 DISK USED  *       114.54 MB (local),      458.16 MB (total)
 SF USED    *         5.72 MB
 GA USED    *         0.00 MB       (max)       0.00 MB       (current)
 **********************************************************************************************************************************


 PROGRAM * RHF-SCF (CLOSED SHELL)       Authors: W. Meyer, H.-J. Werner


 NUMBER OF ELECTRONS:      16+   16-    SPACE SYMMETRY=1    SPIN SYMMETRY: Singlet 
 CONVERGENCE THRESHOLDS:    1.00E-04 (Density)    1.00E-09 (Energy)
 INTEGRAL THRESHOLDS:       1.00E-13 (Initial)    1.00E-13 (Final)
 MAX. NUMBER OF ITERATIONS:       60
 INTERPOLATION TYPE:            DIIS
 INTERPOLATION STEPS:              2 (START)      1 (STEP)
 LEVEL SHIFTS:                  0.00 (CLOSED)  0.00 (OPEN) 



 Orbital guess generated from atomic densities. Full valence occupancy:   24

 Molecular orbital dump at record        2301.2

 Initial occupancy:  16

 Direct Fock-matrix evaluation.        Authors: Roland Lindh & Martin Schuetz (1993/96)

 Integral Threshold:                  0.1D-12
 Threshold for writing integrals:     0.1D-06
 Prescreening on density matrix:        ON 
 Calculation will be performed fully direct        

 ITERATION   DDIFF            GRAD            ENERGY        2-EL.EN.            DIPOLE MOMENTS         DIIS   CPU(IT)  CPU(TOT)
    1      0.000D+00      0.000D+00      -227.80319677    407.016430   -1.21083   -0.28775   -0.07560    0    329.9    337.3     start
    2      0.000D+00      0.326D-02      -227.86757812    404.432011   -0.51878   -0.03251   -0.04953    1    323.3    660.5     diag
    3      0.277D-02      0.226D-02      -227.90336955    405.429210   -0.84807   -0.09016   -0.06821    2    317.9    978.4     diag
    4      0.105D-02      0.337D-03      -227.90502259    405.515570   -0.77023   -0.06456   -0.06627    3    313.3   1291.7     diag
    5      0.283D-03      0.144D-03      -227.90531550    405.446021   -0.79129   -0.06535   -0.06759    4    306.5   1598.2     diag
    6      0.109D-03      0.418D-04      -227.90535189    405.463481   -0.78478   -0.05917   -0.06807    5    300.6   1898.8     diag
    7      0.394D-04      0.166D-04      -227.90535887    405.462709   -0.78362   -0.05922   -0.06795    6    296.1   2194.8     diag
    8      0.196D-04      0.643D-05      -227.90536005    405.463245   -0.78289   -0.05897   -0.06794    7    290.7   2485.5     diag
    9      0.779D-05      0.217D-05      -227.90536021    405.463268   -0.78243   -0.05899   -0.06788    8    282.0   2767.5     diag
   10      0.338D-05      0.465D-06      -227.90536022    405.463472   -0.78227   -0.05902   -0.06786    9    268.6   3036.1     orth
   11      0.741D-06      0.118D-06      -227.90536022    405.463317   -0.78225   -0.05903   -0.06786    9    253.3   3289.4     diag
   12      0.160D-06      0.353D-07      -227.90536022    405.463386   -0.78224   -0.05903   -0.06786    0    239.7   3529.1     orth

 Final occupancy:  16

 !RHF STATE  1.1 Energy              -227.905360220458
 Nuclear energy                       121.23566260
 One-electron energy                 -551.87271564
 Two-electron energy                  202.73169282
 Virial quotient                       -1.00162803
 !RHF STATE  1.1 Dipole moment         -0.78224256    -0.05902694    -0.06785953
 Dipole moment /Debye                  -1.98813206    -0.15002170    -0.17247043

 Orbital energies:

         1.1          2.1          3.1          4.1          5.1          6.1          7.1          8.1          9.1         10.1
    -20.615351   -20.552992   -11.391224   -11.246850    -1.466761    -1.362516    -1.032130    -0.822384    -0.708372    -0.682090

        11.1         12.1         13.1         14.1         15.1         16.1         17.1         18.1
     -0.652908    -0.587232    -0.576369    -0.564268    -0.485581    -0.457636     0.017887     0.029822


 HOMO     16.1    -0.457636 =     -12.4529eV
 LUMO     17.1     0.017887 =       0.4867eV
 LUMO-HOMO         0.475523 =      12.9396eV


 **********************************************************************************************************************************
 DATASETS  * FILE   NREC   LENGTH (MB)   RECORD NAMES
              1      18       47.68       500      610      700      900      950      970     1000      129      960     1100   
                                          VAR    BASINP    GEOM    SYMINP    ZMAT    AOBASIS   BASIS     P2S    ABASIS      S 
                                         1400     1410     1200     1210     1080     1600     1650     1700   
                                           T        V       H0       H01     AOSYM     SMH    MOLCAS    OPER   

              2       6       55.87       700     1000      520     2101     2201     2301   
                                         GEOM     BASIS   MCVARS     RHF      RHF      RHF  

 PROGRAMS   *        TOTAL   RHF-SCF       INT   RHF-SCF       INT   RHF-SCF       INT
 CPU TIMES  *     10291.86   3529.52      0.78   2885.82      0.76   3873.66      1.11
 REAL TIME  *     10318.12 SEC
 DISK USED  *       138.02 MB (local),      552.08 MB (total)
 SF USED    *         5.72 MB
 GA USED    *         0.00 MB       (max)       0.00 MB       (current)
 **********************************************************************************************************************************
 SETTING EB_HF          =      -227.90536022  AU                              
 SETTING E_AB_INT       =         0.00193018  AU                              

 *** results in hartree
 E_AB_INT         =         0.00193018 AU
 Molecular orbitals read from record     2301.2  Type=RHF/CANONICAL (state 1.1)
 Occupation numbers read from record     2301.2  Type=RHF/RHF (state 1.1)
 Orbital energies read from record       2301.2  Type=RHF/CANONICAL (state 1.1)
 Redundancy group numbers read from rec  2301.2  Type=RHF/RHF (state 1.1)

 RHF/aug-cc-pVTZ energy=   -227.905360220458

         RHF-SCF         RHF-SCF         RHF-SCF
   -227.90536022   -230.78151482   -458.68494487
 **********************************************************************************************************************************
 Molpro calculation terminated
Fri 22 Nov 2019 03:07:17 PM CET
