
 Primary working directories    : /scratch/sirous/533313/molpro.R0O0iW2zu3
 Secondary working directories  : /scratch/sirous/533313/molpro.R0O0iW2zu3
 Wavefunction directory         : /scratch/sirous/533313/
 Main file repository           : /scratch/sirous/533313/molpro.R0O0iW2zu3/

 id        : karlovklimes

 Nodes                      nprocs
 nc-11.cc.karlov.mff.cuni.cz   12

 Using customized tuning parameters: mindgm=1; mindgv=20; mindgc=4; mindgr=1; noblas=0; minvec=7
 default implementation of scratch files=sf  


 Variables initialized (934), CPU time= 0.01 sec
 ***,CH3C6H4CN+CF3CN+BF3
 memory,500,m
 gdirect
 gthresh,energy=1.d-8,twoint=1.d-19,oneint=1.d-19,zero=1.d-15,orbital=1.d-8,grid=1.d-8,THROVL=1d-9
 symmetry,nosym
 geomtyp=xyz
                                                                                 ! Geometry
 geometry={
 N1        -0.541059198    0.029576202     -0.208995077
 H1        0.055553351    -0.786118099     -0.130293346
 H2        -1.469669404    -0.274708452     0.053143382
 C1        -0.078799266    1.042390365     0.738458862
 H3        -0.720152936    1.919413767     0.671980262
 H4        -0.050758189    0.723822930     1.785514529
 H5        0.926430724    1.356603792     0.461999188
 N2        2.358641048    -1.260256845     0.031331334
 C2        2.697077364    -0.447912780     -0.980381142
 H6        2.154410145    -0.592450761     -1.905762501
 C3        3.668406626    0.544221015     -0.880014138
 H7        3.893259066    1.168561302     -1.732864831
 C4        4.329246693    0.713762453     0.332250300
 H8        5.087100638    1.475999789     0.448634429
 C5        3.989113784    -0.121200072     1.391373253
 H9        4.471702190    -0.030737833     2.354073907
 C6        3.005332219    -1.085989080     1.192189872
 H10        2.719247889    -1.749736688     1.998800529
 }
 
 
 
 basis=aug-cc-pv5z
 
 
 
                                                                                 ! Dimer Calculation
 {rks,pbe,accu=1.d-8;orbital,2101.2}
 eab_PBE=energy
 
 
                                                                                 !monomer A
 dummy,8,9,10,11,12,13,14,15,16,17,18;                                           ! NOW MONOMER B IS DUMMY
 {rks,pbe,accu=1.d-8;orbital,2201.2}
 ea_PBE=energy
                                                                                 !monomer B
 dummy,1,2,3,4,5,6,7;                                                            !NOW MONOMER A IS DUMMY
 {rks,pbe,accu=1.d-8;orbital,2301.2}
 eb_PBE=energy
 
 E_AB_int=eab_PBE-ea_PBE-eb_PBE
 
 
 text,results in hartree
 show,E_AB_int
 
 Commands  initialized (763), CPU time= 0.02 sec, 617 directives.
 Default parameters read. Elapsed time= 0.25 sec

 Checking input...
 Passed
1


                                         ***  PROGRAM SYSTEM MOLPRO  ***
                                       Copyright, TTI GmbH Stuttgart, 2015
                                    Version 2019.2 linked Jun  8 2019 11:26:33


 **********************************************************************************************************************************
 LABEL *   CH3C6H4CN+CF3CN+BF3                                                           
  64 bit mpp version                                                                     DATE: 15-Apr-20          TIME: 16:06:49  
 **********************************************************************************************************************************

 SHA1:             8135a10abc80eafa5b3ae28ffc55be4890dc4c84
 **********************************************************************************************************************************

 THRESHOLDS:

 ZERO    =  1.00D-15  ONEINT  =  1.00D-19  TWOINT  =  1.00D-19  PREFAC  =  1.00D-14  XXXXXX  =  1.00D-09  EORDER  =  1.00D-04
 ENERGY  =  1.00D-08  ETEST   =  0.00D+00  EDENS   =  0.00D+00  THRDEDEF=  1.00D-06  GRADIENT=  1.00D-02  STEP    =  1.00D-03
 ORBITAL =  1.00D-08  CIVEC   =  1.00D-05  COEFF   =  1.00D-04  PRINTCI =  5.00D-02  PUNCHCI =  9.90D+01  OPTGRAD =  3.00D-04
 OPTENERG=  1.00D-06  OPTSTEP =  3.00D-04  THRGRAD =  1.00D-10  COMPRESS=  1.00D-11  VARMIN  =  1.00D-07  VARMAX  =  1.00D-03
 THRDOUB =  0.00D+00  THRDIV  =  1.00D-05  THRRED  =  1.00D-07  THRPSP  =  1.00D+00  THRDC   =  1.00D-10  THRCS   =  1.00D-10
 THRNRM  =  1.00D-08  THREQ   =  0.00D+00  THRDE   =  1.00D+00  THRREF  =  1.00D-05  SPARFAC =  1.00D+00  THRDLP  =  1.00D-07
 THRDIA  =  1.00D-10  THRDLS  =  1.00D-07  THRGPS  =  0.00D+00  THRKEX  =  0.00D+00  THRDIS  =  2.00D-01  THRVAR  =  1.00D-10
 THRLOC  =  1.00D-06  THRGAP  =  1.00D-06  THRLOCT = -1.00D+00  THRGAPT = -1.00D+00  THRORB  =  1.00D-06  THRMLTP =  0.00D+00
 THRCPQCI=  1.00D-10  KEXTA   =  0.00D+00  THRCOARS=  0.00D+00  SYMTOL  =  1.00D-06  GRADTOL =  1.00D-06  THROVL  =  1.00D-09
 THRORTH =  1.00D-08  GRID    =  1.00D-08  GRIDMAX =  1.00D-03  DTMAX   =  0.00D+00  THROCCDE=  1.00D-01  THROCCDE=  1.00D-01
 THRPRINT=  2.50D-01


 Variable memory set to  500000000 words,  buffer space 

 SETTING GEOMTYP        =    XYZ
 ZSYMEL=NOSYM

 SETTING BASIS          =    AUG-CC-PV5Z


 Recomputing integrals since basis changed


 Using spherical harmonics

 Library entry N      S aug-cc-pV5Z          selected for orbital group  1
 Library entry N      P aug-cc-pV5Z          selected for orbital group  1
 Library entry N      D aug-cc-pV5Z          selected for orbital group  1
 Library entry N      F aug-cc-pV5Z          selected for orbital group  1
 Library entry N      G aug-cc-pV5Z          selected for orbital group  1
 Library entry N      H aug-cc-pV5Z          selected for orbital group  1
 Library entry H      S aug-cc-pV5Z          selected for orbital group  2
 Library entry H      P aug-cc-pV5Z          selected for orbital group  2
 Library entry H      D aug-cc-pV5Z          selected for orbital group  2
 Library entry H      F aug-cc-pV5Z          selected for orbital group  2
 Library entry H      G aug-cc-pV5Z          selected for orbital group  2
 Library entry C      S aug-cc-pV5Z          selected for orbital group  3
 Library entry C      P aug-cc-pV5Z          selected for orbital group  3
 Library entry C      D aug-cc-pV5Z          selected for orbital group  3
 Library entry C      F aug-cc-pV5Z          selected for orbital group  3
 Library entry C      G aug-cc-pV5Z          selected for orbital group  3
 Library entry C      H aug-cc-pV5Z          selected for orbital group  3


 PROGRAM * SEWARD (Integral evaluation for generally contracted gaussian basis sets)     Author: Roland Lindh, 1990

 Geometry written to block  1 of record 700


 Point group  C1  



 ATOMIC COORDINATES

 NR  ATOM    CHARGE       X              Y              Z

   1  N1      7.00   -1.022453701    0.055890922   -0.394943457
   2  H1      1.00    0.104980619   -1.485547909   -0.246218740
   3  H2      1.00   -2.777272667   -0.519123738    0.100426437
   4  C1      6.00   -0.148909032    1.969832305    1.395485003
   5  H3      1.00   -1.360891817    3.627166339    1.269858656
   6  H4      1.00   -0.095919076    1.367827100    3.374133451
   7  H5      1.00    1.750700342    2.563609626    0.873051935
   8  N2      7.00    4.457185607   -2.381540284    0.059207640
   9  C2      6.00    5.096737555   -0.846432482   -1.852651856
  10  H6      1.00    4.071245134   -1.119569681   -3.601369185
  11  C3      6.00    6.932283837    1.028428670   -1.662985707
  12  H7      1.00    7.357193367    2.208260821   -3.274639941
  13  C4      6.00    8.181090575    1.348815554    0.627862072
  14  H8      1.00    9.613226974    2.789235361    0.847796201
  15  C5      6.00    7.538332531   -0.229034942    2.629314385
  16  H9      1.00    8.450292450   -0.058086086    4.448554961
  17  C6      6.00    5.679254807   -2.052221935    2.252912347
  18  H10     1.00    5.138633775   -3.306523130    3.777185577

 Bond lengths in Bohr (Angstrom)

 1-2  1.915531481  1-3  1.911916001  1-4  2.762586828  4-5  2.057046512  4-6  2.068880828
     ( 1.013655607)     ( 1.011742377)     ( 1.461897992)     ( 1.088542136)     ( 1.094804586)

  4- 7  2.057674316   8- 9  2.533927661   8-17  2.532635790   9-10  2.045544165   9-11  2.630647779
       ( 1.088874355)       ( 1.340896772)       ( 1.340213143)       ( 1.082455356)       ( 1.392078855)

 11-12  2.042053228  11-13  2.628716335  13-14  2.043084654  13-15  2.628414247  15-16  2.042187718
       ( 1.080608032)       ( 1.391056778)       ( 1.081153839)       ( 1.390896921)       ( 1.080679201)

 15-17  2.630942662  17-18  2.046692813
       ( 1.392234900)       ( 1.083063194)

 Bond angles

  1-4-5  109.40854014   1-4-6  115.23533824   1-4-7  109.10424697   2-1-3  106.14560182

  2-1-4  108.72802423   3-1-4  109.30931709   5-4-6  107.93499964   5-4-7  107.21306920

  6- 4- 7  107.64652387   8- 9-10  115.95031229   8- 9-11  123.60608232   8-17-15  123.71028716

  8-17-18  115.97240353   9- 8-17  116.93436732   9-11-12  120.00400179   9-11-13  118.76203438

 10- 9-11  120.43808100  11-13-14  120.84677638  11-13-15  118.31107113  12-11-13  121.23324783

 13-15-16  121.25742672  13-15-17  118.67599075  14-13-15  120.84210722  15-17-18  120.31721597

 16-15-17  120.06654735

 NUCLEAR CHARGE:                   60
 NUMBER OF PRIMITIVE AOS:        2672
 NUMBER OF SYMMETRY AOS:         1982
 NUMBER OF CONTRACTIONS:         1816   ( 1816A   )
 NUMBER OF CORE ORBITALS:           8   (    8A   )
 NUMBER OF VALENCE ORBITALS:       42   (   42A   )


 NUCLEAR REPULSION ENERGY  348.69580221


 Eigenvalues of metric

         1 0.238E-07 0.576E-07 0.746E-07 0.872E-07 0.131E-06 0.137E-06 0.147E-06 0.164E-06


 OPERATOR DM      FOR CENTER  0  COORDINATES:    0.000000    0.000000    0.000000


 **********************************************************************************************************************************
 DATASETS  * FILE   NREC   LENGTH (MB)   RECORD NAMES
              1      18      149.68       500      610      700      900      950      970     1000      129      960     1100   
                                          VAR    BASINP    GEOM    SYMINP    ZMAT    AOBASIS   BASIS     P2S    ABASIS      S 
                                         1400     1410     1200     1210     1080     1600     1650     1700   
                                           T        V       H0       H01     AOSYM     SMH    MOLCAS    OPER   

 PROGRAMS   *        TOTAL       INT
 CPU TIMES  *         9.73      9.37
 REAL TIME  *        11.63 SEC
 DISK USED  *       150.91 MB (local),        1.81 GB (total)
 GA USED    *         0.00 MB       (max)       0.00 MB       (current)
 **********************************************************************************************************************************

 Density functional group PBE=PBEX+PBEC
 Functional: PBEX(Automatically generated (new) PBEX)                          Gradient terms: 1
 Functional: PBEC(Automatically generated (new) PBEC)                          Gradient terms: 1
 Use libxcgrid:  F
 Use grid at  1800.2

 Functional: PBEX                      Factor:  1.0000
 Functional: PBEC                      Factor:  1.0000

 Generated new metagrid on record  1800.2 with target accuracy 1.0D-08 and 193136 points in CPU time    0.6
 Computed new grid on record 1800.1 in CPU time    1.0
 1464320 words reserved for DFT integration

 PROGRAM * RKS-SCF (Restricted closed shell Kohn-Sham)     Authors: W. Meyer, H.-J. Werner, P.J. Knowles, 1993

 NUMBER OF ELECTRONS:      30+   30-    SPACE SYMMETRY=1    SPIN SYMMETRY: Singlet 
 CONVERGENCE THRESHOLDS:    1.00E-04 (Density)    1.00E-08 (Energy)
 INTEGRAL THRESHOLDS:       1.00E-13 (Initial)    1.00E-13 (Final)
 MAX. NUMBER OF ITERATIONS:       60
 INTERPOLATION TYPE:            DIIS
 INTERPOLATION STEPS:              2 (START)      1 (STEP)
 LEVEL SHIFTS:                  0.00 (CLOSED)  0.00 (OPEN) 



 Use fine grid record 1800.2 for energy threshold  1.0D-08
 Orbital guess generated from atomic densities. Full valence occupancy:   50

 Molecular orbital dump at record        2101.2

 Initial occupancy:  30

 Direct Fock-matrix evaluation.        Authors: Roland Lindh & Martin Schuetz (1993/96)

 Integral Threshold:                  0.1D-12
 Threshold for writing integrals:     0.1D-06
 Prescreening on density matrix:        ON 
 Calculation will be performed fully direct        

 ITERATION   DDIFF            GRAD            ENERGY        2-EL.EN.            DIPOLE MOMENTS         DIIS   CPU(IT)  CPU(TOT)
    1      0.000D+00      0.000D+00      -343.53325605   1046.897908    0.70377    0.27354    0.86477    0  16594.8  16697.3     start
    2      0.000D+00      0.241D-02      -342.94973239    985.098488    0.95312    0.93672   -0.27248    1  16388.0  33085.3     diag
    3      0.135D-01      0.402D-02      -343.84167595   1024.531736    0.67159    0.15386    0.74591    2  15301.6  48386.9     diag
    4      0.131D-01      0.551D-03      -343.85274850   1024.532308    0.77854    0.49943    0.38273    3  14657.2  63044.1     diag
    5      0.487D-03      0.261D-03      -343.85548348   1023.431249    0.67453    0.26937    0.59669    4  14816.3  77860.5     diag
    6      0.215D-03      0.105D-03      -343.85587658   1023.666945    0.77151    0.42490    0.47964    5  14159.4  92019.9     diag
    7      0.868D-04      0.649D-04      -343.85610674   1023.608757    0.72479    0.35711    0.51179    6  13535.0 105554.8     diag
    8      0.365D-04      0.686D-05      -343.85610689   1023.644851    0.73133    0.36451    0.52471    7  12466.0 118020.9     diag
    9      0.731D-05      0.627D-05      -343.85610906   1023.639467    0.72736    0.36278    0.51539    8  11217.2 129238.1     diag
   10      0.381D-05      0.141D-05      -343.85610917   1023.641998    0.72866    0.36231    0.51689    9  10320.8 139558.9     orth
   11      0.981D-06      0.417D-06      -343.85610917   1023.641589    0.72827    0.36227    0.51663    9   9378.8 148937.7     diag
   12      0.321D-06      0.184D-06      -343.85610917   1023.640922    0.72856    0.36261    0.51687    0   9022.8 157960.4     orth

 Final occupancy:  30

 !RKS STATE  1.1 Energy              -343.856109168162
 Nuclear energy                       348.69580221
 One-electron energy                -1154.69465619
 Two-electron energy                  511.82046080
 Density functional                   -49.67771598     PBEX=-47.71915942 PBEC= -1.95855656
 Virial quotient                       -1.00416170
 !RKS STATE  1.1 Dipole moment          0.72856129     0.36260888     0.51687086
 Dipole moment /Debye                   1.85169680     0.92159947     1.31366864

 Orbital energies:

         1.1          2.1          3.1          4.1          5.1          6.1          7.1          8.1          9.1         10.1
    -13.990448   -13.949274    -9.926216    -9.924431    -9.913813    -9.904927    -9.904080    -9.884321    -0.869332    -0.786776

        11.1         12.1         13.1         14.1         15.1         16.1         17.1         18.1         19.1         20.1
     -0.740482    -0.699280    -0.584367    -0.577838    -0.575872    -0.485782    -0.440036    -0.430147    -0.426326    -0.388705

        21.1         22.1         23.1         24.1         25.1         26.1         27.1         28.1         29.1         30.1
     -0.383443    -0.368455    -0.365396    -0.345725    -0.327167    -0.312170    -0.272901    -0.250065    -0.225471    -0.188473

        31.1         32.1
     -0.073843    -0.059139


 HOMO     30.1    -0.188473 =      -5.1286eV
 LUMO     31.1    -0.073843 =      -2.0094eV
 LUMO-HOMO         0.114630 =       3.1192eV


 **********************************************************************************************************************************
 DATASETS  * FILE   NREC   LENGTH (MB)   RECORD NAMES
              1      19      149.68       500      610      700      900      950      970     1000      129      960     1100   
                                          VAR    BASINP    GEOM    SYMINP    ZMAT    AOBASIS   BASIS     P2S    ABASIS      S 
                                         1400     1410     1200     1210     1080     1600     1650     1700     1800   
                                           T        V       H0       H01     AOSYM     SMH    MOLCAS    OPER     GRID   

              2       5       69.41       700     1000      520     1800     2101   
                                         GEOM     BASIS   MCVARS    GRID      RKS  

 PROGRAMS   *        TOTAL   RKS-SCF       INT
 CPU TIMES  *    157984.36 157974.59      9.37
 REAL TIME  *    160126.30 SEC
 DISK USED  *       457.04 MB (local),        5.48 GB (total)
 SF USED    *        39.60 MB
 GA USED    *         6.25 MB       (max)       6.25 MB       (current)
 **********************************************************************************************************************************
 SETTING EAB_PBE        =      -343.85610917  AU                              

 Dummy atoms: N2  C2  H6  C3  H7  C4  H8  C5  H9  C6  H10


 Recomputing one-electron integrals since nuclear charges changed


 PROGRAM * SEWARD (Integral evaluation for generally contracted gaussian basis sets)     Author: Roland Lindh, 1990

 Geometry written to block  1 of record 700


 Point group  C1  



 ATOMIC COORDINATES

 NR  ATOM    CHARGE       X              Y              Z

   1  N1      7.00   -1.022453701    0.055890922   -0.394943457
   2  H1      1.00    0.104980619   -1.485547909   -0.246218740
   3  H2      1.00   -2.777272667   -0.519123738    0.100426437
   4  C1      6.00   -0.148909032    1.969832305    1.395485003
   5  H3      1.00   -1.360891817    3.627166339    1.269858656
   6  H4      1.00   -0.095919076    1.367827100    3.374133451
   7  H5      1.00    1.750700342    2.563609626    0.873051935
   8  N2      0.00    4.457185607   -2.381540284    0.059207640
   9  C2      0.00    5.096737555   -0.846432482   -1.852651856
  10  H6      0.00    4.071245134   -1.119569681   -3.601369185
  11  C3      0.00    6.932283837    1.028428670   -1.662985707
  12  H7      0.00    7.357193367    2.208260821   -3.274639941
  13  C4      0.00    8.181090575    1.348815554    0.627862072
  14  H8      0.00    9.613226974    2.789235361    0.847796201
  15  C5      0.00    7.538332531   -0.229034942    2.629314385
  16  H9      0.00    8.450292450   -0.058086086    4.448554961
  17  C6      0.00    5.679254807   -2.052221935    2.252912347
  18  H10     0.00    5.138633775   -3.306523130    3.777185577

 Bond lengths in Bohr (Angstrom)

 1-2  1.915531481  1-3  1.911916001  1-4  2.762586828  4-5  2.057046512  4-6  2.068880828
     ( 1.013655607)     ( 1.011742377)     ( 1.461897992)     ( 1.088542136)     ( 1.094804586)

  4- 7  2.057674316   8- 9  2.533927661   8-17  2.532635790   9-10  2.045544165   9-11  2.630647779
       ( 1.088874355)       ( 1.340896772)       ( 1.340213143)       ( 1.082455356)       ( 1.392078855)

 11-12  2.042053228  11-13  2.628716335  13-14  2.043084654  13-15  2.628414247  15-16  2.042187718
       ( 1.080608032)       ( 1.391056778)       ( 1.081153839)       ( 1.390896921)       ( 1.080679201)

 15-17  2.630942662  17-18  2.046692813
       ( 1.392234900)       ( 1.083063194)

 Bond angles

  1-4-5  109.40854014   1-4-6  115.23533824   1-4-7  109.10424697   2-1-3  106.14560182

  2-1-4  108.72802423   3-1-4  109.30931709   5-4-6  107.93499964   5-4-7  107.21306920

  6- 4- 7  107.64652387   8- 9-10  115.95031229   8- 9-11  123.60608232   8-17-15  123.71028716

  8-17-18  115.97240353   9- 8-17  116.93436732   9-11-12  120.00400179   9-11-13  118.76203438

 10- 9-11  120.43808100  11-13-14  120.84677638  11-13-15  118.31107113  12-11-13  121.23324783

 13-15-16  121.25742672  13-15-17  118.67599075  14-13-15  120.84210722  15-17-18  120.31721597

 16-15-17  120.06654735

 NUCLEAR CHARGE:                   18
 NUMBER OF PRIMITIVE AOS:        2672
 NUMBER OF SYMMETRY AOS:         1982
 NUMBER OF CONTRACTIONS:         1816   ( 1816A   )
 NUMBER OF CORE ORBITALS:           2   (    2A   )
 NUMBER OF VALENCE ORBITALS:       13   (   13A   )

 MOLECULE CHANGED: INITIALIZING OCCUPATION AND DUMP RECORDS


 NUCLEAR REPULSION ENERGY   42.09376487


 Eigenvalues of metric

         1 0.238E-07 0.576E-07 0.746E-07 0.872E-07 0.131E-06 0.137E-06 0.147E-06 0.164E-06


 OPERATOR DM      FOR CENTER  0  COORDINATES:    0.000000    0.000000    0.000000


 **********************************************************************************************************************************
 DATASETS  * FILE   NREC   LENGTH (MB)   RECORD NAMES
              1      19      149.68       500      610      700      900      950      970     1000      129      960     1100   
                                          VAR    BASINP    GEOM    SYMINP    ZMAT    AOBASIS   BASIS     P2S    ABASIS      S 
                                         1400     1410     1200     1210     1080     1600     1650     1700     1800   
                                           T        V       H0       H01     AOSYM     SMH    MOLCAS    OPER     GRID   

              2       5       69.41       700     1000      520     1800     2101   
                                         GEOM     BASIS   MCVARS    GRID      RKS  

 PROGRAMS   *        TOTAL       INT   RKS-SCF       INT
 CPU TIMES  *    157992.55      8.19 157974.59      9.37
 REAL TIME  *    160136.23 SEC
 DISK USED  *       457.04 MB (local),        5.48 GB (total)
 SF USED    *        39.60 MB
 GA USED    *         6.25 MB       (max)       6.25 MB       (current)
 **********************************************************************************************************************************

 Density functional group PBE=PBEX+PBEC
 Functional: PBEX(Automatically generated (new) PBEX)                          Gradient terms: 1
 Functional: PBEC(Automatically generated (new) PBEC)                          Gradient terms: 1
 Use libxcgrid:  F
 Use grid at  1800.2

 Functional: PBEX                      Factor:  1.0000
 Functional: PBEC                      Factor:  1.0000

 Generated new metagrid on record  1800.2 with target accuracy 1.0D-08 and 193136 points in CPU time    0.3
 Computed new grid on record 1800.1 in CPU time    0.4
 1464320 words reserved for DFT integration

 PROGRAM * RKS-SCF (Restricted closed shell Kohn-Sham)     Authors: W. Meyer, H.-J. Werner, P.J. Knowles, 1993

 NUMBER OF ELECTRONS:       9+    9-    SPACE SYMMETRY=1    SPIN SYMMETRY: Singlet 
 CONVERGENCE THRESHOLDS:    1.00E-04 (Density)    1.00E-08 (Energy)
 INTEGRAL THRESHOLDS:       1.00E-13 (Initial)    1.00E-13 (Final)
 MAX. NUMBER OF ITERATIONS:       60
 INTERPOLATION TYPE:            DIIS
 INTERPOLATION STEPS:              2 (START)      1 (STEP)
 LEVEL SHIFTS:                  0.00 (CLOSED)  0.00 (OPEN) 



 Use fine grid record 1800.2 for energy threshold  1.0D-08
 Orbital guess generated from atomic densities. Full valence occupancy:   15

 Molecular orbital dump at record        2201.2

 Initial occupancy:   9

 Direct Fock-matrix evaluation.        Authors: Roland Lindh & Martin Schuetz (1993/96)

 Integral Threshold:                  0.1D-12
 Threshold for writing integrals:     0.1D-06
 Prescreening on density matrix:        ON 
 Calculation will be performed fully direct        

 ITERATION   DDIFF            GRAD            ENERGY        2-EL.EN.            DIPOLE MOMENTS         DIIS   CPU(IT)  CPU(TOT)
    1      0.000D+00      0.000D+00       -95.63848456    183.599354   -0.03161   -0.38544    0.75531    0  14298.8  14357.4     start
    2      0.000D+00      0.294D-02       -95.30013814    161.532651    0.05300    0.27997   -0.21735    1  14391.8  28749.1     diag
    3      0.645D-02      0.539D-02       -95.77073624    176.346873    0.00670   -0.20134    0.58418    2  14515.8  43264.9     diag
    4      0.612D-02      0.602D-03       -95.77475339    176.013855   -0.02129   -0.23208    0.45165    3  11348.3  54613.2     diag
    5      0.254D-03      0.279D-03       -95.77581891    175.833558   -0.01340   -0.21614    0.47350    4   9594.0  64207.2     diag
    6      0.125D-03      0.464D-04       -95.77584714    175.852862   -0.01314   -0.21585    0.47356    5   8812.6  73019.7     diag
    7      0.213D-04      0.477D-05       -95.77584749    175.863524   -0.01301   -0.21588    0.47494    6   7790.9  80810.7     diag
    8      0.317D-05      0.553D-06       -95.77584749    175.862949   -0.01309   -0.21601    0.47450    7   6383.9  87194.5     diag
    9      0.338D-06      0.140D-06       -95.77584749    175.862851   -0.01307   -0.21597    0.47467    0   4810.1  92004.6     orth

 Final occupancy:   9

 !RKS STATE  1.1 Energy               -95.775847493755
 Nuclear energy                        42.09376487
 One-electron energy                 -211.72260103
 Two-electron energy                   87.93142558
 Density functional                   -14.07843691     PBEX=-13.50586088 PBEC= -0.57257604
 Virial quotient                       -1.00414530
 !RKS STATE  1.1 Dipole moment         -0.01306733    -0.21596621     0.47466507
 Dipole moment /Debye                  -0.03321167    -0.54889540     1.20639925

 Orbital energies:

         1.1          2.1          3.1          4.1          5.1          6.1          7.1          8.1          9.1         10.1
    -13.965138    -9.895064    -0.801243    -0.595870    -0.442204    -0.395103    -0.357542    -0.323793    -0.201392    -0.022839

        11.1
      0.000217


 HOMO      9.1    -0.201392 =      -5.4802eV
 LUMO     10.1    -0.022839 =      -0.6215eV
 LUMO-HOMO         0.178553 =       4.8587eV


 **********************************************************************************************************************************
 DATASETS  * FILE   NREC   LENGTH (MB)   RECORD NAMES
              1      19      149.68       500      610      700      900      950      970     1000      129      960     1100   
                                          VAR    BASINP    GEOM    SYMINP    ZMAT    AOBASIS   BASIS     P2S    ABASIS      S 
                                         1400     1410     1200     1210     1080     1600     1650     1700     1800   
                                           T        V       H0       H01     AOSYM     SMH    MOLCAS    OPER     GRID   

              2       6      203.92       700     1000      520     1800     2101     2201   
                                         GEOM     BASIS   MCVARS    GRID      RKS      RKS  

 PROGRAMS   *        TOTAL   RKS-SCF       INT   RKS-SCF       INT
 CPU TIMES  *    250009.94  92017.23      8.19 157974.59      9.37
 REAL TIME  *    264050.37 SEC
 DISK USED  *       565.15 MB (local),        6.78 GB (total)
 SF USED    *        39.60 MB
 GA USED    *         6.25 MB       (max)       6.25 MB       (current)
 **********************************************************************************************************************************
 SETTING EA_PBE         =       -95.77584749  AU                              

 Dummy atoms: N1  H1  H2  C1  H3  H4  H5


 Recomputing one-electron integrals since nuclear charges changed


 PROGRAM * SEWARD (Integral evaluation for generally contracted gaussian basis sets)     Author: Roland Lindh, 1990

 Geometry written to block  1 of record 700


 Point group  C1  



 ATOMIC COORDINATES

 NR  ATOM    CHARGE       X              Y              Z

   1  N1      0.00   -1.022453701    0.055890922   -0.394943457
   2  H1      0.00    0.104980619   -1.485547909   -0.246218740
   3  H2      0.00   -2.777272667   -0.519123738    0.100426437
   4  C1      0.00   -0.148909032    1.969832305    1.395485003
   5  H3      0.00   -1.360891817    3.627166339    1.269858656
   6  H4      0.00   -0.095919076    1.367827100    3.374133451
   7  H5      0.00    1.750700342    2.563609626    0.873051935
   8  N2      7.00    4.457185607   -2.381540284    0.059207640
   9  C2      6.00    5.096737555   -0.846432482   -1.852651856
  10  H6      1.00    4.071245134   -1.119569681   -3.601369185
  11  C3      6.00    6.932283837    1.028428670   -1.662985707
  12  H7      1.00    7.357193367    2.208260821   -3.274639941
  13  C4      6.00    8.181090575    1.348815554    0.627862072
  14  H8      1.00    9.613226974    2.789235361    0.847796201
  15  C5      6.00    7.538332531   -0.229034942    2.629314385
  16  H9      1.00    8.450292450   -0.058086086    4.448554961
  17  C6      6.00    5.679254807   -2.052221935    2.252912347
  18  H10     1.00    5.138633775   -3.306523130    3.777185577

 Bond lengths in Bohr (Angstrom)

 1-2  1.915531481  1-3  1.911916001  1-4  2.762586828  4-5  2.057046512  4-6  2.068880828
     ( 1.013655607)     ( 1.011742377)     ( 1.461897992)     ( 1.088542136)     ( 1.094804586)

  4- 7  2.057674316   8- 9  2.533927661   8-17  2.532635790   9-10  2.045544165   9-11  2.630647779
       ( 1.088874355)       ( 1.340896772)       ( 1.340213143)       ( 1.082455356)       ( 1.392078855)

 11-12  2.042053228  11-13  2.628716335  13-14  2.043084654  13-15  2.628414247  15-16  2.042187718
       ( 1.080608032)       ( 1.391056778)       ( 1.081153839)       ( 1.390896921)       ( 1.080679201)

 15-17  2.630942662  17-18  2.046692813
       ( 1.392234900)       ( 1.083063194)

 Bond angles

  1-4-5  109.40854014   1-4-6  115.23533824   1-4-7  109.10424697   2-1-3  106.14560182

  2-1-4  108.72802423   3-1-4  109.30931709   5-4-6  107.93499964   5-4-7  107.21306920

  6- 4- 7  107.64652387   8- 9-10  115.95031229   8- 9-11  123.60608232   8-17-15  123.71028716

  8-17-18  115.97240353   9- 8-17  116.93436732   9-11-12  120.00400179   9-11-13  118.76203438

 10- 9-11  120.43808100  11-13-14  120.84677638  11-13-15  118.31107113  12-11-13  121.23324783

 13-15-16  121.25742672  13-15-17  118.67599075  14-13-15  120.84210722  15-17-18  120.31721597

 16-15-17  120.06654735

 NUCLEAR CHARGE:                   42
 NUMBER OF PRIMITIVE AOS:        2672
 NUMBER OF SYMMETRY AOS:         1982
 NUMBER OF CONTRACTIONS:         1816   ( 1816A   )
 NUMBER OF CORE ORBITALS:           6   (    6A   )
 NUMBER OF VALENCE ORBITALS:       29   (   29A   )

 MOLECULE CHANGED: INITIALIZING OCCUPATION AND DUMP RECORDS


 NUCLEAR REPULSION ENERGY  206.23491787


 Eigenvalues of metric

         1 0.238E-07 0.576E-07 0.746E-07 0.872E-07 0.131E-06 0.137E-06 0.147E-06 0.164E-06


 OPERATOR DM      FOR CENTER  0  COORDINATES:    0.000000    0.000000    0.000000


 **********************************************************************************************************************************
 DATASETS  * FILE   NREC   LENGTH (MB)   RECORD NAMES
              1      19      149.68       500      610      700      900      950      970     1000      129      960     1100   
                                          VAR    BASINP    GEOM    SYMINP    ZMAT    AOBASIS   BASIS     P2S    ABASIS      S 
                                         1400     1410     1200     1210     1080     1600     1650     1700     1800   
                                           T        V       H0       H01     AOSYM     SMH    MOLCAS    OPER     GRID   

              2       6      203.92       700     1000      520     1800     2101     2201   
                                         GEOM     BASIS   MCVARS    GRID      RKS      RKS  

 PROGRAMS   *        TOTAL       INT   RKS-SCF       INT   RKS-SCF       INT
 CPU TIMES  *    250017.88      7.80  92017.23      8.19 157974.59      9.37
 REAL TIME  *    264061.66 SEC
 DISK USED  *       565.15 MB (local),        6.78 GB (total)
 SF USED    *        39.60 MB
 GA USED    *         6.25 MB       (max)       6.25 MB       (current)
 **********************************************************************************************************************************

 Density functional group PBE=PBEX+PBEC
 Functional: PBEX(Automatically generated (new) PBEX)                          Gradient terms: 1
 Functional: PBEC(Automatically generated (new) PBEC)                          Gradient terms: 1
 Use libxcgrid:  F
 Use grid at  1800.2

 Functional: PBEX                      Factor:  1.0000
 Functional: PBEC                      Factor:  1.0000

 Generated new metagrid on record  1800.2 with target accuracy 1.0D-08 and 193136 points in CPU time    0.5
 Computed new grid on record 1800.1 in CPU time    0.7
 1464320 words reserved for DFT integration

 PROGRAM * RKS-SCF (Restricted closed shell Kohn-Sham)     Authors: W. Meyer, H.-J. Werner, P.J. Knowles, 1993

 NUMBER OF ELECTRONS:      21+   21-    SPACE SYMMETRY=1    SPIN SYMMETRY: Singlet 
 CONVERGENCE THRESHOLDS:    1.00E-04 (Density)    1.00E-08 (Energy)
 INTEGRAL THRESHOLDS:       1.00E-13 (Initial)    1.00E-13 (Final)
 MAX. NUMBER OF ITERATIONS:       60
 INTERPOLATION TYPE:            DIIS
 INTERPOLATION STEPS:              2 (START)      1 (STEP)
 LEVEL SHIFTS:                  0.00 (CLOSED)  0.00 (OPEN) 



 Use fine grid record 1800.2 for energy threshold  1.0D-08
 Orbital guess generated from atomic densities. Full valence occupancy:   35

 Molecular orbital dump at record        2301.2

 Initial occupancy:  21

 Direct Fock-matrix evaluation.        Authors: Roland Lindh & Martin Schuetz (1993/96)

 Integral Threshold:                  0.1D-12
 Threshold for writing integrals:     0.1D-06
 Prescreening on density matrix:        ON 
 Calculation will be performed fully direct        

 ITERATION   DDIFF            GRAD            ENERGY        2-EL.EN.            DIPOLE MOMENTS         DIIS   CPU(IT)  CPU(TOT)
    1      0.000D+00      0.000D+00      -247.88570243    662.261379    0.66210    0.67084    0.10309    0  10380.2  10451.1     start
    2      0.000D+00      0.216D-02      -247.63453261    623.439320    0.74581    0.75115    0.11517    1  11349.1  21800.2     diag
    3      0.377D-02      0.328D-02      -248.07204115    647.653259    0.43305    0.44148    0.06658    2  10873.0  32673.2     diag
    4      0.245D-02      0.376D-03      -248.07486435    647.344903    0.81298    0.82043    0.12729    3  10004.8  42678.0     diag
    5      0.368D-03      0.244D-03      -248.07696398    646.764465    0.52480    0.53220    0.08068    4   8745.1  51423.0     diag
    6      0.177D-03      0.107D-03      -248.07735202    646.898693    0.63250    0.64001    0.09822    5   8052.4  59475.5     diag
    7      0.757D-04      0.522D-04      -248.07743897    646.875688    0.61240    0.62001    0.09499    6   7517.0  66992.5     diag
    8      0.229D-04      0.400D-05      -248.07743955    646.894647    0.61282    0.62037    0.09496    7   6884.3  73876.8     diag
    9      0.494D-05      0.329D-06      -248.07743955    646.894551    0.61309    0.62064    0.09519    8   4996.1  78873.0     diag
   10      0.538D-06      0.307D-06      -248.07743954    646.894419    0.61285    0.62051    0.09471    0   5535.2  84408.2     orth

 Final occupancy:  21

 !RKS STATE  1.1 Energy              -248.077439537048
 Nuclear energy                       206.23491787
 One-electron energy                 -742.16921903
 Two-electron energy                  323.44720940
 Density functional                   -35.59034777     PBEX=-34.20844544 PBEC= -1.38190233
 Virial quotient                       -1.00421780
 !RKS STATE  1.1 Dipole moment          0.61284641     0.62050898     0.09470665
 Dipole moment /Debye                   1.55759819     1.57707321     0.24070453

 Orbital energies:

         1.1          2.1          3.1          4.1          5.1          6.1          7.1          8.1          9.1         10.1
    -13.985017    -9.921800    -9.921715    -9.910259    -9.901429    -9.901345    -0.864235    -0.736710    -0.695818    -0.574030

        11.1         12.1         13.1         14.1         15.1         16.1         17.1         18.1         19.1         20.1
     -0.572656    -0.482265    -0.436043    -0.424001    -0.385831    -0.365471    -0.361942    -0.324212    -0.268874    -0.246863

        21.1         22.1         23.1
     -0.218000    -0.069479    -0.055813


 HOMO     21.1    -0.218000 =      -5.9321eV
 LUMO     22.1    -0.069479 =      -1.8906eV
 LUMO-HOMO         0.148522 =       4.0415eV


 **********************************************************************************************************************************
 DATASETS  * FILE   NREC   LENGTH (MB)   RECORD NAMES
              1      19      149.68       500      610      700      900      950      970     1000      129      960     1100   
                                          VAR    BASINP    GEOM    SYMINP    ZMAT    AOBASIS   BASIS     P2S    ABASIS      S 
                                         1400     1410     1200     1210     1080     1600     1650     1700     1800   
                                           T        V       H0       H01     AOSYM     SMH    MOLCAS    OPER     GRID   

              2       7      338.42       700     1000      520     1800     2101     2201     2301   
                                         GEOM     BASIS   MCVARS    GRID      RKS      RKS      RKS  

 PROGRAMS   *        TOTAL   RKS-SCF       INT   RKS-SCF       INT   RKS-SCF       INT
 CPU TIMES  *    334440.00  84421.97      7.80  92017.23      8.19 157974.59      9.37
 REAL TIME  *    383714.44 SEC
 DISK USED  *       712.86 MB (local),        8.55 GB (total)
 SF USED    *        39.60 MB
 GA USED    *         6.25 MB       (max)       6.25 MB       (current)
 **********************************************************************************************************************************
 SETTING EB_PBE         =      -248.07743954  AU                              
 SETTING E_AB_INT       =        -0.00282214  AU                              

 *** results in hartree
 E_AB_INT         =        -0.00282214 AU
 Molecular orbitals read from record     2301.2  Type=RKS/CANONICAL (state 1.1)
 Occupation numbers read from record     2301.2  Type=RKS/RHF (state 1.1)
 Orbital energies read from record       2301.2  Type=RKS/CANONICAL (state 1.1)
 Redundancy group numbers read from rec  2301.2  Type=RKS/RHF (state 1.1)

 RPBE/aug-cc-pV5Z energy=   -248.077439537048

         RKS-SCF         RKS-SCF         RKS-SCF
   -248.07743954    -95.77584749   -343.85610917
 **********************************************************************************************************************************
 Molpro calculation terminated
Mon 20 Apr 2020 02:42:07 AM CEST
