
 Primary working directories    : /scratch/sirous/44870/molpro.gFzg0nhcim
 Secondary working directories  : /scratch/sirous/44870/molpro.gFzg0nhcim
 Wavefunction directory         : /scratch/sirous/44870/
 Main file repository           : /scratch/sirous/44870/molpro.gFzg0nhcim/

 id        : karlovklimes

 Nodes                      nprocs
 nc-10.cc.karlov.mff.cuni.cz    4

 Using customized tuning parameters: mindgm=1; mindgv=20; mindgc=4; mindgr=1; noblas=0; minvec=7
 default implementation of scratch files=sf  


 Variables initialized (934), CPU time= 0.01 sec
 ***,CH3C6H4CN+CF3CN+BF3
 memory,500,m
 gdirect
 gthresh,energy=1.d-8,twoint=1.d-15,oneint=1.d-15,zero=1.d-15,orbital=1.d-8,grid=1.d-8
 symmetry,nosym
 geomtyp=xyz
                                                                                 ! Geometry
 geometry={
 N1        -0.893451216    -0.043844322     -0.042997455
 H1        0.096948261    -0.256059448     -0.071069928
 H2        -1.368438791    -0.933390652     0.033837726
 C1        -1.175782475    0.757907695     1.145237192
 H3        -2.241626604    0.97221601     1.195024643
 H4        -0.880789552    0.304246738     2.097209096
 H5        -0.663005722    1.714329397     1.060809164
 O1        3.2470617731650977    0.04430927516436034     0.07134347677606995
 H6        3.529087892165098    0.41425804016436035     -0.7685206032239301
 C2        3.632975621165098    0.9558935361643603     1.09077963877607
 H7        3.3097925721650974    0.5262608631643604     2.03384618277607
 H8        4.7140308591650975    1.0949770051643601     1.1298196057760699
 H9        3.1545010591650975    1.9294913811643601     0.97560310377607
 }
 
 
 
 basis=avdz
 
 
 
                                                                                 ! Dimer Calculation
 {rhf,accu=1.d-8;orbital,2101.2}
 eab_HF=energy
 
 
                                                                                 !monomer A
 dummy,8,9,10,11,12,13;                                                          ! NOW MONOMER B IS DUMMY
 {rhf,accu=1.d-8;orbital,2201.2}
 ea_HF=energy
                                                                                 !monomer B
 dummy,1,2,3,4,5,6,7;                                                            !NOW MONOMER A IS DUMMY
 {rhf,accu=1.d-8;orbital,2301.2}
 eb_HF=energy
 
 E_AB_int=eab_HF-ea_HF-eb_HF
 
 
 text,results in hartree
 show,E_AB_int
 
 Commands  initialized (763), CPU time= 0.02 sec, 617 directives.
 Default parameters read. Elapsed time= 0.21 sec

 Checking input...
 Passed
1


                                         ***  PROGRAM SYSTEM MOLPRO  ***
                                       Copyright, TTI GmbH Stuttgart, 2015
                                    Version 2019.2 linked Jun  8 2019 11:26:33


 **********************************************************************************************************************************
 LABEL *   CH3C6H4CN+CF3CN+BF3                                                           
  64 bit mpp version                                                                     DATE: 14-Oct-19          TIME: 18:21:04  
 **********************************************************************************************************************************

 SHA1:             8135a10abc80eafa5b3ae28ffc55be4890dc4c84
 **********************************************************************************************************************************

 THRESHOLDS:

 ZERO    =  1.00D-15  ONEINT  =  1.00D-15  TWOINT  =  1.00D-15  PREFAC  =  1.00D-14  XXXXXX  =  1.00D-09  EORDER  =  1.00D-04
 ENERGY  =  1.00D-08  ETEST   =  0.00D+00  EDENS   =  0.00D+00  THRDEDEF=  1.00D-06  GRADIENT=  1.00D-02  STEP    =  1.00D-03
 ORBITAL =  1.00D-08  CIVEC   =  1.00D-05  COEFF   =  1.00D-04  PRINTCI =  5.00D-02  PUNCHCI =  9.90D+01  OPTGRAD =  3.00D-04
 OPTENERG=  1.00D-06  OPTSTEP =  3.00D-04  THRGRAD =  1.00D-10  COMPRESS=  1.00D-11  VARMIN  =  1.00D-07  VARMAX  =  1.00D-03
 THRDOUB =  0.00D+00  THRDIV  =  1.00D-05  THRRED  =  1.00D-07  THRPSP  =  1.00D+00  THRDC   =  1.00D-10  THRCS   =  1.00D-10
 THRNRM  =  1.00D-08  THREQ   =  0.00D+00  THRDE   =  1.00D+00  THRREF  =  1.00D-05  SPARFAC =  1.00D+00  THRDLP  =  1.00D-07
 THRDIA  =  1.00D-10  THRDLS  =  1.00D-07  THRGPS  =  0.00D+00  THRKEX  =  0.00D+00  THRDIS  =  2.00D-01  THRVAR  =  1.00D-10
 THRLOC  =  1.00D-06  THRGAP  =  1.00D-06  THRLOCT = -1.00D+00  THRGAPT = -1.00D+00  THRORB  =  1.00D-06  THRMLTP =  0.00D+00
 THRCPQCI=  1.00D-10  KEXTA   =  0.00D+00  THRCOARS=  0.00D+00  SYMTOL  =  1.00D-06  GRADTOL =  1.00D-06  THROVL  =  1.00D-08
 THRORTH =  1.00D-08  GRID    =  1.00D-08  GRIDMAX =  1.00D-03  DTMAX   =  0.00D+00  THROCCDE=  1.00D-01  THROCCDE=  1.00D-01
 THRPRINT=  2.50D-01


 Variable memory set to  500000000 words,  buffer space 

 SETTING GEOMTYP        =    XYZ
 ZSYMEL=NOSYM

 SETTING BASIS          =    AVDZ


 Recomputing integrals since basis changed


 Using spherical harmonics

 Library entry N      S aug-cc-pVDZ          selected for orbital group  1
 Library entry N      P aug-cc-pVDZ          selected for orbital group  1
 Library entry N      D aug-cc-pVDZ          selected for orbital group  1
 Library entry H      S aug-cc-pVDZ          selected for orbital group  2
 Library entry H      P aug-cc-pVDZ          selected for orbital group  2
 Library entry C      S aug-cc-pVDZ          selected for orbital group  3
 Library entry C      P aug-cc-pVDZ          selected for orbital group  3
 Library entry C      D aug-cc-pVDZ          selected for orbital group  3
 Library entry O      S aug-cc-pVDZ          selected for orbital group  5
 Library entry O      P aug-cc-pVDZ          selected for orbital group  5
 Library entry O      D aug-cc-pVDZ          selected for orbital group  5


 PROGRAM * SEWARD (Integral evaluation for generally contracted gaussian basis sets)     Author: Roland Lindh, 1990

 Geometry written to block  1 of record 700


 Point group  C1  



 ATOMIC COORDINATES

 NR  ATOM    CHARGE       X              Y              Z

   1  N1      7.00   -1.688378104   -0.082853761   -0.081253414
   2  H1      1.00    0.183205662   -0.483882228   -0.134302700
   3  H2      1.00   -2.585974533   -1.763852700    0.063944035
   4  C1      6.00   -2.221906860    1.432237971    2.164184641
   5  H3      1.00   -4.236060355    1.837221993    2.258269287
   6  H4      1.00   -1.664451027    0.574943009    3.963150817
   7  H5      1.00   -1.252899234    3.239613048    2.004638790
   8  O1      8.00    6.136057461    0.083732395    0.134819632
   9  H6      1.00    6.669009586    0.782834241   -1.452293461
  10  C2      6.00    6.865328941    1.806376988    2.061274780
  11  H7      1.00    6.254601491    0.994488901    3.843412265
  12  H8      1.00    8.908227267    2.069206652    2.135049625
  13  H9      1.00    5.961143061    3.646210270    1.843622672

 Bond lengths in Bohr (Angstrom)

 1-2  1.914801256  1-3  1.911156477  1-4  2.760823780  4-5  2.056618166  4-6  2.069297215
     ( 1.013269188)     ( 1.011340454)     ( 1.460965028)     ( 1.088315465)     ( 1.095024929)

  4- 7  2.056948061   8- 9  1.814306845   8-10  2.685250588  10-11  2.051381071  10-12  2.061056944
       ( 1.088490038)       ( 0.960089836)       ( 1.420973417)       ( 1.085544114)       ( 1.090664365)

 10-13  2.061531240
       ( 1.090915352)

 Bond angles

  1-4-5  109.54406630   1-4-6  115.31871981   1-4-7  109.15197351   2-1-3  106.07836560

  2-1-4  109.04774565   3-1-4  109.27730370   5-4-6  107.79679290   5-4-7  106.97091569

  6- 4- 7  107.73101270   8-10-11  106.76853257   8-10-12  112.12813207   8-10-13  112.18950395

  9- 8-10  107.49423238  11-10-12  108.32856605  11-10-13  108.32203168  12-10-13  108.94776656

 NUCLEAR CHARGE:                   36
 NUMBER OF PRIMITIVE AOS:         247
 NUMBER OF SYMMETRY AOS:          239
 NUMBER OF CONTRACTIONS:          173   (  173A   )
 NUMBER OF CORE ORBITALS:           4   (    4A   )
 NUMBER OF VALENCE ORBITALS:       25   (   25A   )


 NUCLEAR REPULSION ENERGY  119.71894203


 Eigenvalues of metric

         1 0.370E-03 0.506E-03 0.524E-03 0.618E-03 0.662E-03 0.740E-03 0.784E-03 0.803E-03


 OPERATOR DM      FOR CENTER  0  COORDINATES:    0.000000    0.000000    0.000000


 **********************************************************************************************************************************
 DATASETS  * FILE   NREC   LENGTH (MB)   RECORD NAMES
              1      18       31.29       500      610      700      900      950      970     1000      129      960     1100   
                                          VAR    BASINP    GEOM    SYMINP    ZMAT    AOBASIS   BASIS     P2S    ABASIS      S 
                                         1400     1410     1200     1210     1080     1600     1650     1700   
                                           T        V       H0       H01     AOSYM     SMH    MOLCAS    OPER   

 PROGRAMS   *        TOTAL       INT
 CPU TIMES  *         0.47      0.29
 REAL TIME  *         1.79 SEC
 DISK USED  *        31.81 MB (local),      127.23 MB (total)
 GA USED    *         0.00 MB       (max)       0.00 MB       (current)
 **********************************************************************************************************************************


 PROGRAM * RHF-SCF (CLOSED SHELL)       Authors: W. Meyer, H.-J. Werner


 NUMBER OF ELECTRONS:      18+   18-    SPACE SYMMETRY=1    SPIN SYMMETRY: Singlet 
 CONVERGENCE THRESHOLDS:    1.00E-04 (Density)    1.00E-09 (Energy)
 INTEGRAL THRESHOLDS:       1.00E-11 (Initial)    1.00E-11 (Final)
 MAX. NUMBER OF ITERATIONS:       60
 INTERPOLATION TYPE:            DIIS
 INTERPOLATION STEPS:              2 (START)      1 (STEP)
 LEVEL SHIFTS:                  0.00 (CLOSED)  0.00 (OPEN) 



 Orbital guess generated from atomic densities. Full valence occupancy:   29

 Molecular orbital dump at record        2101.2

 Initial occupancy:  18

 Direct Fock-matrix evaluation.        Authors: Roland Lindh & Martin Schuetz (1993/96)

 Integral Threshold:                  0.1D-10
 Threshold for writing integrals:     0.1D-06
 Prescreening on density matrix:        ON 
 Calculation will be performed fully direct        

 ITERATION   DDIFF            GRAD            ENERGY        2-EL.EN.            DIPOLE MOMENTS         DIIS   CPU(IT)  CPU(TOT)
    1      0.000D+00      0.000D+00      -210.23166853    388.334258    0.75840    0.37070    0.31202    0      4.8      6.7     start
    2      0.000D+00      0.443D-02      -210.28303186    383.983220    0.50444    0.23289    0.25922    1      2.6      9.3     diag
    3      0.746D-02      0.209D-02      -210.29265891    386.078444    0.58014    0.32703    0.34847    2      2.6     11.9     diag
    4      0.231D-02      0.543D-03      -210.29372889    385.707026    0.57598    0.31167    0.35478    3      2.5     14.4     diag
    5      0.812D-03      0.107D-03      -210.29378459    385.708468    0.57611    0.31921    0.36155    4      2.4     16.8     diag
    6      0.189D-03      0.307D-04      -210.29378854    385.719434    0.57643    0.31846    0.36441    5      2.7     19.6     diag
    7      0.489D-04      0.963D-05      -210.29378898    385.715839    0.57669    0.31891    0.36479    6      2.4     22.0     diag
    8      0.160D-04      0.198D-05      -210.29378901    385.715562    0.57669    0.31896    0.36510    7      2.3     24.3     diag
    9      0.461D-05      0.706D-06      -210.29378902    385.715743    0.57669    0.31895    0.36512    0      2.2     26.5     orth

 Final occupancy:  18

 !RHF STATE  1.1 Energy              -210.293789016821
 Nuclear energy                       119.71894203
 One-electron energy                 -522.87060238
 Two-electron energy                  192.85787133
 Virial quotient                       -1.00149402
 !RHF STATE  1.1 Dipole moment          0.57668863     0.31895323     0.36511622
 Dipole moment /Debye                   1.46570028     0.81064515     0.92797208

 Orbital energies:

         1.1          2.1          3.1          4.1          5.1          6.1          7.1          8.1          9.1         10.1
    -20.574246   -15.540247   -11.282458   -11.242119    -1.366857    -1.165948    -0.932312    -0.890555    -0.697338    -0.655134

        11.1         12.1         13.1         14.1         15.1         16.1         17.1         18.1         19.1         20.1
     -0.624900    -0.598894    -0.597016    -0.548782    -0.510571    -0.508795    -0.456064    -0.385195     0.033090     0.044008


 HOMO     18.1    -0.385195 =     -10.4817eV
 LUMO     19.1     0.033090 =       0.9004eV
 LUMO-HOMO         0.418285 =      11.3821eV


 **********************************************************************************************************************************
 DATASETS  * FILE   NREC   LENGTH (MB)   RECORD NAMES
              1      18       31.29       500      610      700      900      950      970     1000      129      960     1100   
                                          VAR    BASINP    GEOM    SYMINP    ZMAT    AOBASIS   BASIS     P2S    ABASIS      S 
                                         1400     1410     1200     1210     1080     1600     1650     1700   
                                           T        V       H0       H01     AOSYM     SMH    MOLCAS    OPER   

              2       4        3.58       700     1000      520     2101   
                                         GEOM     BASIS   MCVARS     RHF  

 PROGRAMS   *        TOTAL   RHF-SCF       INT
 CPU TIMES  *        26.99     26.52      0.29
 REAL TIME  *        29.56 SEC
 DISK USED  *        36.86 MB (local),      147.42 MB (total)
 SF USED    *         0.36 MB
 GA USED    *         0.00 MB       (max)       0.00 MB       (current)
 **********************************************************************************************************************************
 SETTING EAB_HF         =      -210.29378902  AU                              

 Dummy atoms: O1  H6  C2  H7  H8  H9


 Recomputing one-electron integrals since nuclear charges changed


 PROGRAM * SEWARD (Integral evaluation for generally contracted gaussian basis sets)     Author: Roland Lindh, 1990

 Geometry written to block  1 of record 700


 Point group  C1  



 ATOMIC COORDINATES

 NR  ATOM    CHARGE       X              Y              Z

   1  N1      7.00   -1.688378104   -0.082853761   -0.081253414
   2  H1      1.00    0.183205662   -0.483882228   -0.134302700
   3  H2      1.00   -2.585974533   -1.763852700    0.063944035
   4  C1      6.00   -2.221906860    1.432237971    2.164184641
   5  H3      1.00   -4.236060355    1.837221993    2.258269287
   6  H4      1.00   -1.664451027    0.574943009    3.963150817
   7  H5      1.00   -1.252899234    3.239613048    2.004638790
   8  O1      0.00    6.136057461    0.083732395    0.134819632
   9  H6      0.00    6.669009586    0.782834241   -1.452293461
  10  C2      0.00    6.865328941    1.806376988    2.061274780
  11  H7      0.00    6.254601491    0.994488901    3.843412265
  12  H8      0.00    8.908227267    2.069206652    2.135049625
  13  H9      0.00    5.961143061    3.646210270    1.843622672

 Bond lengths in Bohr (Angstrom)

 1-2  1.914801256  1-3  1.911156477  1-4  2.760823780  4-5  2.056618166  4-6  2.069297215
     ( 1.013269188)     ( 1.011340454)     ( 1.460965028)     ( 1.088315465)     ( 1.095024929)

  4- 7  2.056948061   8- 9  1.814306845   8-10  2.685250588  10-11  2.051381071  10-12  2.061056944
       ( 1.088490038)       ( 0.960089836)       ( 1.420973417)       ( 1.085544114)       ( 1.090664365)

 10-13  2.061531240
       ( 1.090915352)

 Bond angles

  1-4-5  109.54406630   1-4-6  115.31871981   1-4-7  109.15197351   2-1-3  106.07836560

  2-1-4  109.04774565   3-1-4  109.27730370   5-4-6  107.79679290   5-4-7  106.97091569

  6- 4- 7  107.73101270   8-10-11  106.76853257   8-10-12  112.12813207   8-10-13  112.18950395

  9- 8-10  107.49423238  11-10-12  108.32856605  11-10-13  108.32203168  12-10-13  108.94776656

 NUCLEAR CHARGE:                   18
 NUMBER OF PRIMITIVE AOS:         247
 NUMBER OF SYMMETRY AOS:          239
 NUMBER OF CONTRACTIONS:          173   (  173A   )
 NUMBER OF CORE ORBITALS:           2   (    2A   )
 NUMBER OF VALENCE ORBITALS:       13   (   13A   )

 MOLECULE CHANGED: INITIALIZING OCCUPATION AND DUMP RECORDS


 NUCLEAR REPULSION ENERGY   42.10593244


 Eigenvalues of metric

         1 0.370E-03 0.506E-03 0.524E-03 0.618E-03 0.662E-03 0.740E-03 0.784E-03 0.803E-03


 OPERATOR DM      FOR CENTER  0  COORDINATES:    0.000000    0.000000    0.000000


 **********************************************************************************************************************************
 DATASETS  * FILE   NREC   LENGTH (MB)   RECORD NAMES
              1      18       31.29       500      610      700      900      950      970     1000      129      960     1100   
                                          VAR    BASINP    GEOM    SYMINP    ZMAT    AOBASIS   BASIS     P2S    ABASIS      S 
                                         1400     1410     1200     1210     1080     1600     1650     1700   
                                           T        V       H0       H01     AOSYM     SMH    MOLCAS    OPER   

              2       4        3.58       700     1000      520     2101   
                                         GEOM     BASIS   MCVARS     RHF  

 PROGRAMS   *        TOTAL       INT   RHF-SCF       INT
 CPU TIMES  *        27.07      0.07     26.52      0.29
 REAL TIME  *        29.77 SEC
 DISK USED  *        36.86 MB (local),      147.42 MB (total)
 SF USED    *         0.36 MB
 GA USED    *         0.00 MB       (max)       0.00 MB       (current)
 **********************************************************************************************************************************


 PROGRAM * RHF-SCF (CLOSED SHELL)       Authors: W. Meyer, H.-J. Werner


 NUMBER OF ELECTRONS:       9+    9-    SPACE SYMMETRY=1    SPIN SYMMETRY: Singlet 
 CONVERGENCE THRESHOLDS:    1.00E-04 (Density)    1.00E-09 (Energy)
 INTEGRAL THRESHOLDS:       1.00E-11 (Initial)    1.00E-11 (Final)
 MAX. NUMBER OF ITERATIONS:       60
 INTERPOLATION TYPE:            DIIS
 INTERPOLATION STEPS:              2 (START)      1 (STEP)
 LEVEL SHIFTS:                  0.00 (CLOSED)  0.00 (OPEN) 



 Orbital guess generated from atomic densities. Full valence occupancy:   15

 Molecular orbital dump at record        2201.2

 Initial occupancy:   9

 Direct Fock-matrix evaluation.        Authors: Roland Lindh & Martin Schuetz (1993/96)

 Integral Threshold:                  0.1D-10
 Threshold for writing integrals:     0.1D-06
 Prescreening on density matrix:        ON 
 Calculation will be performed fully direct        

 ITERATION   DDIFF            GRAD            ENERGY        2-EL.EN.            DIPOLE MOMENTS         DIIS   CPU(IT)  CPU(TOT)
    1      0.000D+00      0.000D+00       -95.20180510    149.519574    0.26800   -0.48870    0.55299    0      3.7      7.0     start
    2      0.000D+00      0.389D-02       -95.22671369    147.532916    0.14808   -0.26329    0.36439    1      2.5      9.5     diag
    3      0.493D-02      0.156D-02       -95.23015822    148.486210    0.17264   -0.30102    0.45655    2      2.5     12.0     diag
    4      0.147D-02      0.483D-03       -95.23066035    148.269205    0.17046   -0.29701    0.45436    3      2.9     14.9     diag
    5      0.571D-03      0.907D-04       -95.23068305    148.278231    0.16895   -0.29320    0.45831    4      2.4     17.3     diag
    6      0.117D-03      0.205D-04       -95.23068450    148.281899    0.16919   -0.29354    0.45947    5      2.4     19.7     diag
    7      0.310D-04      0.575D-05       -95.23068460    148.280060    0.16919   -0.29348    0.45994    6      2.3     22.0     diag
    8      0.800D-05      0.153D-05       -95.23068461    148.280247    0.16917   -0.29343    0.46005    7      2.3     24.3     diag
    9      0.324D-05      0.389D-06       -95.23068461    148.280204    0.16917   -0.29343    0.46007    0      2.1     26.4     orth

 Final occupancy:   9

 !RHF STATE  1.1 Energy               -95.230684611810
 Nuclear energy                        42.10593244
 One-electron energy                 -211.47671902
 Two-electron energy                   74.14010196
 Virial quotient                       -1.00152191
 !RHF STATE  1.1 Dipole moment          0.16917492    -0.29342675     0.46007083
 Dipole moment /Debye                   0.42997159    -0.74576756     1.16930681

 Orbital energies:

         1.1          2.1          3.1          4.1          5.1          6.1          7.1          8.1          9.1         10.1
    -15.549012   -11.247561    -1.174028    -0.896773    -0.663057    -0.604056    -0.555381    -0.515586    -0.392804     0.024915

        11.1
      0.041577


 HOMO      9.1    -0.392804 =     -10.6887eV
 LUMO     10.1     0.024915 =       0.6780eV
 LUMO-HOMO         0.417719 =      11.3667eV


 **********************************************************************************************************************************
 DATASETS  * FILE   NREC   LENGTH (MB)   RECORD NAMES
              1      18       31.29       500      610      700      900      950      970     1000      129      960     1100   
                                          VAR    BASINP    GEOM    SYMINP    ZMAT    AOBASIS   BASIS     P2S    ABASIS      S 
                                         1400     1410     1200     1210     1080     1600     1650     1700   
                                           T        V       H0       H01     AOSYM     SMH    MOLCAS    OPER   

              2       5        7.27       700     1000      520     2101     2201   
                                         GEOM     BASIS   MCVARS     RHF      RHF  

 PROGRAMS   *        TOTAL   RHF-SCF       INT   RHF-SCF       INT
 CPU TIMES  *        53.48     26.41      0.07     26.52      0.29
 REAL TIME  *        56.48 SEC
 DISK USED  *        40.55 MB (local),      162.21 MB (total)
 SF USED    *         0.36 MB
 GA USED    *         0.00 MB       (max)       0.00 MB       (current)
 **********************************************************************************************************************************
 SETTING EA_HF          =       -95.23068461  AU                              

 Dummy atoms: N1  H1  H2  C1  H3  H4  H5


 Recomputing one-electron integrals since nuclear charges changed


 PROGRAM * SEWARD (Integral evaluation for generally contracted gaussian basis sets)     Author: Roland Lindh, 1990

 Geometry written to block  1 of record 700


 Point group  C1  



 ATOMIC COORDINATES

 NR  ATOM    CHARGE       X              Y              Z

   1  N1      0.00   -1.688378104   -0.082853761   -0.081253414
   2  H1      0.00    0.183205662   -0.483882228   -0.134302700
   3  H2      0.00   -2.585974533   -1.763852700    0.063944035
   4  C1      0.00   -2.221906860    1.432237971    2.164184641
   5  H3      0.00   -4.236060355    1.837221993    2.258269287
   6  H4      0.00   -1.664451027    0.574943009    3.963150817
   7  H5      0.00   -1.252899234    3.239613048    2.004638790
   8  O1      8.00    6.136057461    0.083732395    0.134819632
   9  H6      1.00    6.669009586    0.782834241   -1.452293461
  10  C2      6.00    6.865328941    1.806376988    2.061274780
  11  H7      1.00    6.254601491    0.994488901    3.843412265
  12  H8      1.00    8.908227267    2.069206652    2.135049625
  13  H9      1.00    5.961143061    3.646210270    1.843622672

 Bond lengths in Bohr (Angstrom)

 1-2  1.914801256  1-3  1.911156477  1-4  2.760823780  4-5  2.056618166  4-6  2.069297215
     ( 1.013269188)     ( 1.011340454)     ( 1.460965028)     ( 1.088315465)     ( 1.095024929)

  4- 7  2.056948061   8- 9  1.814306845   8-10  2.685250588  10-11  2.051381071  10-12  2.061056944
       ( 1.088490038)       ( 0.960089836)       ( 1.420973417)       ( 1.085544114)       ( 1.090664365)

 10-13  2.061531240
       ( 1.090915352)

 Bond angles

  1-4-5  109.54406630   1-4-6  115.31871981   1-4-7  109.15197351   2-1-3  106.07836560

  2-1-4  109.04774565   3-1-4  109.27730370   5-4-6  107.79679290   5-4-7  106.97091569

  6- 4- 7  107.73101270   8-10-11  106.76853257   8-10-12  112.12813207   8-10-13  112.18950395

  9- 8-10  107.49423238  11-10-12  108.32856605  11-10-13  108.32203168  12-10-13  108.94776656

 NUCLEAR CHARGE:                   18
 NUMBER OF PRIMITIVE AOS:         247
 NUMBER OF SYMMETRY AOS:          239
 NUMBER OF CONTRACTIONS:          173   (  173A   )
 NUMBER OF CORE ORBITALS:           2   (    2A   )
 NUMBER OF VALENCE ORBITALS:       12   (   12A   )

 MOLECULE CHANGED: INITIALIZING OCCUPATION AND DUMP RECORDS


 NUCLEAR REPULSION ENERGY   40.34710778


 Eigenvalues of metric

         1 0.370E-03 0.506E-03 0.524E-03 0.618E-03 0.662E-03 0.740E-03 0.784E-03 0.803E-03


 OPERATOR DM      FOR CENTER  0  COORDINATES:    0.000000    0.000000    0.000000


 **********************************************************************************************************************************
 DATASETS  * FILE   NREC   LENGTH (MB)   RECORD NAMES
              1      18       31.29       500      610      700      900      950      970     1000      129      960     1100   
                                          VAR    BASINP    GEOM    SYMINP    ZMAT    AOBASIS   BASIS     P2S    ABASIS      S 
                                         1400     1410     1200     1210     1080     1600     1650     1700   
                                           T        V       H0       H01     AOSYM     SMH    MOLCAS    OPER   

              2       5        7.27       700     1000      520     2101     2201   
                                         GEOM     BASIS   MCVARS     RHF      RHF  

 PROGRAMS   *        TOTAL       INT   RHF-SCF       INT   RHF-SCF       INT
 CPU TIMES  *        53.56      0.08     26.41      0.07     26.52      0.29
 REAL TIME  *        56.75 SEC
 DISK USED  *        40.55 MB (local),      162.21 MB (total)
 SF USED    *         0.36 MB
 GA USED    *         0.00 MB       (max)       0.00 MB       (current)
 **********************************************************************************************************************************


 PROGRAM * RHF-SCF (CLOSED SHELL)       Authors: W. Meyer, H.-J. Werner


 NUMBER OF ELECTRONS:       9+    9-    SPACE SYMMETRY=1    SPIN SYMMETRY: Singlet 
 CONVERGENCE THRESHOLDS:    1.00E-04 (Density)    1.00E-09 (Energy)
 INTEGRAL THRESHOLDS:       1.00E-11 (Initial)    1.00E-11 (Final)
 MAX. NUMBER OF ITERATIONS:       60
 INTERPOLATION TYPE:            DIIS
 INTERPOLATION STEPS:              2 (START)      1 (STEP)
 LEVEL SHIFTS:                  0.00 (CLOSED)  0.00 (OPEN) 



 Orbital guess generated from atomic densities. Full valence occupancy:   14

 Molecular orbital dump at record        2301.2

 Initial occupancy:   9

 Direct Fock-matrix evaluation.        Authors: Roland Lindh & Martin Schuetz (1993/96)

 Integral Threshold:                  0.1D-10
 Threshold for writing integrals:     0.1D-06
 Prescreening on density matrix:        ON 
 Calculation will be performed fully direct        

 ITERATION   DDIFF            GRAD            ENERGY        2-EL.EN.            DIPOLE MOMENTS         DIIS   CPU(IT)  CPU(TOT)
    1      0.000D+00      0.000D+00      -115.02719248    164.175090    0.48385    0.85908   -0.24129    0      4.5      7.3     start
    2      0.000D+00      0.477D-02      -115.05443628    161.833767    0.28009    0.50533   -0.09704    1      3.1     10.4     diag
    3      0.562D-02      0.248D-02      -115.06103551    162.997088    0.34502    0.62773   -0.09120    2      3.0     13.3     diag
    4      0.182D-02      0.525D-03      -115.06155922    162.805904    0.34170    0.62177   -0.08984    3      2.8     16.2     diag
    5      0.563D-03      0.992D-04      -115.06158724    162.822390    0.34173    0.62304   -0.08320    4      2.8     19.0     diag
    6      0.135D-03      0.175D-04      -115.06158846    162.820476    0.34213    0.62390   -0.08256    5      2.6     21.6     diag
    7      0.295D-04      0.344D-05      -115.06158851    162.820684    0.34213    0.62396   -0.08226    6      2.6     24.2     diag
    8      0.589D-05      0.829D-06      -115.06158851    162.820571    0.34214    0.62397   -0.08224    0      2.5     26.7     orth

 Final occupancy:   9

 !RHF STATE  1.1 Energy              -115.061588511674
 Nuclear energy                        40.34710778
 One-electron energy                 -236.81898175
 Two-electron energy                   81.41028547
 Virial quotient                       -1.00144787
 !RHF STATE  1.1 Dipole moment          0.34213524     0.62396565    -0.08223869
 Dipole moment /Debye                   0.86956410     1.58585861    -0.20901622

 Orbital energies:

         1.1          2.1          3.1          4.1          5.1          6.1          7.1          8.1          9.1         10.1
    -20.568955   -11.278366    -1.361574    -0.927951    -0.692357    -0.620399    -0.593534    -0.505022    -0.451048     0.028407

        11.1
      0.039375


 HOMO      9.1    -0.451048 =     -12.2736eV
 LUMO     10.1     0.028407 =       0.7730eV
 LUMO-HOMO         0.479455 =      13.0466eV


 **********************************************************************************************************************************
 DATASETS  * FILE   NREC   LENGTH (MB)   RECORD NAMES
              1      18       31.29       500      610      700      900      950      970     1000      129      960     1100   
                                          VAR    BASINP    GEOM    SYMINP    ZMAT    AOBASIS   BASIS     P2S    ABASIS      S 
                                         1400     1410     1200     1210     1080     1600     1650     1700   
                                           T        V       H0       H01     AOSYM     SMH    MOLCAS    OPER   

              2       6       10.97       700     1000      520     2101     2201     2301   
                                         GEOM     BASIS   MCVARS     RHF      RHF      RHF  

 PROGRAMS   *        TOTAL   RHF-SCF       INT   RHF-SCF       INT   RHF-SCF       INT
 CPU TIMES  *        80.23     26.67      0.08     26.41      0.07     26.52      0.29
 REAL TIME  *        84.14 SEC
 DISK USED  *        44.13 MB (local),      176.51 MB (total)
 SF USED    *         0.36 MB
 GA USED    *         0.00 MB       (max)       0.00 MB       (current)
 **********************************************************************************************************************************
 SETTING EB_HF          =      -115.06158851  AU                              
 SETTING E_AB_INT       =        -0.00151589  AU                              

 *** results in hartree
 E_AB_INT         =        -0.00151589 AU
 Molecular orbitals read from record     2301.2  Type=RHF/CANONICAL (state 1.1)
 Occupation numbers read from record     2301.2  Type=RHF/RHF (state 1.1)
 Orbital energies read from record       2301.2  Type=RHF/CANONICAL (state 1.1)
 Redundancy group numbers read from rec  2301.2  Type=RHF/RHF (state 1.1)

 RHF/aug-cc-pVDZ energy=   -115.061588511674

         RHF-SCF         RHF-SCF         RHF-SCF
   -115.06158851    -95.23068461   -210.29378902
 **********************************************************************************************************************************
 Molpro calculation terminated
