
 Primary working directories    : /scratch/sirous/45041/molpro.CD54bAysFI
 Secondary working directories  : /scratch/sirous/45041/molpro.CD54bAysFI
 Wavefunction directory         : /scratch/sirous/45041/
 Main file repository           : /scratch/sirous/45041/molpro.CD54bAysFI/

 id        : karlovklimes

 Nodes                      nprocs
 nc-14.cc.karlov.mff.cuni.cz    4

 Using customized tuning parameters: mindgm=1; mindgv=20; mindgc=4; mindgr=1; noblas=0; minvec=7
 default implementation of scratch files=sf  


 Variables initialized (934), CPU time= 0.01 sec
 ***,CH3C6H4CN+CF3CN+BF3
 memory,500,m
 gdirect
 gthresh,energy=1.d-8,twoint=1.d-15,oneint=1.d-15,zero=1.d-15,orbital=1.d-8,grid=1.d-8
 symmetry,nosym
 geomtyp=xyz
                                                                                 ! Geometry
 geometry={
 N1        -0.63864138    0.470916372     0.044568477
 H1        0.189954359    -0.113937162     -0.005773605
 H2        -1.300468945    0.081256802     -0.61366848
 C1        -1.19865882    0.391398577     1.391946599
 H3        -2.092737771    1.009244715     1.453167495
 H4        -1.462745512    -0.615843668     1.72945219
 H5        -0.480275539    0.798674912     2.101087305
 N2        6.4637905032878376    -1.084105139535269     0.57027108923461
 H6        6.7600591732878375    -0.809567404535269     -0.35771415376538995
 H7        7.087340170287837    -1.8317954555352691     0.84546595223461
 C2        6.624020479287838    0.05110545346473094     1.48394639323461
 H8        6.353830175287838    -0.26359032653526904     2.48959950223461
 H9        7.631430790287837    0.47288201246473105     1.52091812723461
 H10        5.931480096287837    0.8368809354647309     1.19128914723461
 }
 
 
 
 basis=aug-cc-pv5z
 
 
 
                                                                                 ! Dimer Calculation
 {rhf,accu=1.d-8;orbital,2101.2}
 eab_HF=energy
 
 
                                                                                 !monomer A
 dummy,8,9,10,11,12,13,14;                                                       ! NOW MONOMER B IS DUMMY
 {rhf,accu=1.d-8;orbital,2201.2}
 ea_HF=energy
                                                                                 !monomer B
 dummy,1,2,3,4,5,6,7;                                                            !NOW MONOMER A IS DUMMY
 {rhf,accu=1.d-8;orbital,2301.2}
 eb_HF=energy
 
 E_AB_int=eab_HF-ea_HF-eb_HF
 
 
 text,results in hartree
 show,E_AB_int
 
 Commands  initialized (763), CPU time= 0.02 sec, 617 directives.
 Default parameters read. Elapsed time= 0.21 sec

 Checking input...
 Passed
1


                                         ***  PROGRAM SYSTEM MOLPRO  ***
                                       Copyright, TTI GmbH Stuttgart, 2015
                                    Version 2019.2 linked Jun  8 2019 11:26:33


 **********************************************************************************************************************************
 LABEL *   CH3C6H4CN+CF3CN+BF3                                                           
  64 bit mpp version                                                                     DATE: 16-Oct-19          TIME: 07:43:57  
 **********************************************************************************************************************************

 SHA1:             8135a10abc80eafa5b3ae28ffc55be4890dc4c84
 **********************************************************************************************************************************

 THRESHOLDS:

 ZERO    =  1.00D-15  ONEINT  =  1.00D-15  TWOINT  =  1.00D-15  PREFAC  =  1.00D-14  XXXXXX  =  1.00D-09  EORDER  =  1.00D-04
 ENERGY  =  1.00D-08  ETEST   =  0.00D+00  EDENS   =  0.00D+00  THRDEDEF=  1.00D-06  GRADIENT=  1.00D-02  STEP    =  1.00D-03
 ORBITAL =  1.00D-08  CIVEC   =  1.00D-05  COEFF   =  1.00D-04  PRINTCI =  5.00D-02  PUNCHCI =  9.90D+01  OPTGRAD =  3.00D-04
 OPTENERG=  1.00D-06  OPTSTEP =  3.00D-04  THRGRAD =  1.00D-10  COMPRESS=  1.00D-11  VARMIN  =  1.00D-07  VARMAX  =  1.00D-03
 THRDOUB =  0.00D+00  THRDIV  =  1.00D-05  THRRED  =  1.00D-07  THRPSP  =  1.00D+00  THRDC   =  1.00D-10  THRCS   =  1.00D-10
 THRNRM  =  1.00D-08  THREQ   =  0.00D+00  THRDE   =  1.00D+00  THRREF  =  1.00D-05  SPARFAC =  1.00D+00  THRDLP  =  1.00D-07
 THRDIA  =  1.00D-10  THRDLS  =  1.00D-07  THRGPS  =  0.00D+00  THRKEX  =  0.00D+00  THRDIS  =  2.00D-01  THRVAR  =  1.00D-10
 THRLOC  =  1.00D-06  THRGAP  =  1.00D-06  THRLOCT = -1.00D+00  THRGAPT = -1.00D+00  THRORB  =  1.00D-06  THRMLTP =  0.00D+00
 THRCPQCI=  1.00D-10  KEXTA   =  0.00D+00  THRCOARS=  0.00D+00  SYMTOL  =  1.00D-06  GRADTOL =  1.00D-06  THROVL  =  1.00D-08
 THRORTH =  1.00D-08  GRID    =  1.00D-08  GRIDMAX =  1.00D-03  DTMAX   =  0.00D+00  THROCCDE=  1.00D-01  THROCCDE=  1.00D-01
 THRPRINT=  2.50D-01


 Variable memory set to  500000000 words,  buffer space 

 SETTING GEOMTYP        =    XYZ
 ZSYMEL=NOSYM

 SETTING BASIS          =    AUG-CC-PV5Z


 Recomputing integrals since basis changed


 Using spherical harmonics

 Library entry N      S aug-cc-pV5Z          selected for orbital group  1
 Library entry N      P aug-cc-pV5Z          selected for orbital group  1
 Library entry N      D aug-cc-pV5Z          selected for orbital group  1
 Library entry N      F aug-cc-pV5Z          selected for orbital group  1
 Library entry N      G aug-cc-pV5Z          selected for orbital group  1
 Library entry N      H aug-cc-pV5Z          selected for orbital group  1
 Library entry H      S aug-cc-pV5Z          selected for orbital group  2
 Library entry H      P aug-cc-pV5Z          selected for orbital group  2
 Library entry H      D aug-cc-pV5Z          selected for orbital group  2
 Library entry H      F aug-cc-pV5Z          selected for orbital group  2
 Library entry H      G aug-cc-pV5Z          selected for orbital group  2
 Library entry C      S aug-cc-pV5Z          selected for orbital group  3
 Library entry C      P aug-cc-pV5Z          selected for orbital group  3
 Library entry C      D aug-cc-pV5Z          selected for orbital group  3
 Library entry C      F aug-cc-pV5Z          selected for orbital group  3
 Library entry C      G aug-cc-pV5Z          selected for orbital group  3
 Library entry C      H aug-cc-pV5Z          selected for orbital group  3


 PROGRAM * SEWARD (Integral evaluation for generally contracted gaussian basis sets)     Author: Roland Lindh, 1990

 Geometry written to block  1 of record 700


 Point group  C1  



 ATOMIC COORDINATES

 NR  ATOM    CHARGE       X              Y              Z

   1  N1      7.00   -1.206857300    0.889902971    0.084222215
   2  H1      1.00    0.358961715   -0.215310032   -0.010910532
   3  H2      1.00   -2.457530140    0.153553102   -1.159665358
   4  C1      6.00   -2.265136887    0.739636116    2.630397852
   5  H3      1.00   -3.954701238    1.907196104    2.746088579
   6  H4      1.00   -2.764188408   -1.163775868    3.268190985
   7  H5      1.00   -0.907589233    1.509276846    3.970479570
   8  N2      7.00   12.214793778   -2.048661804    1.077656175
   9  H6      1.00   12.774660423   -1.529860674   -0.675981781
  10  H7      1.00   13.393131873   -3.461591727    1.597699097
  11  C2      6.00   12.517584549    0.096575311    2.804252267
  12  H8      1.00   12.006998873   -0.498113526    4.704661219
  13  H9      1.00   14.421314132    0.893617493    2.874118718
  14  H10     1.00   11.208872895    1.581475767    2.251210223

 Bond lengths in Bohr (Angstrom)

 1-2  1.918941168  1-3  1.911452322  1-4  2.761439151  4-5  2.056990123  4-6  2.068528386
     ( 1.015459935)     ( 1.011497008)     ( 1.461290668)     ( 1.088512296)     ( 1.094618082)

  4- 7  2.056964146   8- 9  1.912551008   8-10  1.911882914   8-11  2.770353514  11-12  2.055701032
       ( 1.088498550)       ( 1.012078408)       ( 1.011724868)       ( 1.466007946)       ( 1.087830138)

 11-13  2.065028786  11-14  2.055118259
       ( 1.092766173)       ( 1.087521749)

 Bond angles

  1-4-5  109.61825688   1-4-6  115.26640673   1-4-7  109.11184884   2-1-3  106.24620114

  2-1-4  109.09178005   3-1-4  109.16631862   5-4-6  107.86599269   5-4-7  107.04188174

  6- 4- 7  107.61673376   8-11-12  108.96566474   8-11-13  114.88035325   8-11-14  108.79498984

  9- 8-10  105.63187803   9- 8-11  109.23286158  10- 8-11  109.59570301  12-11-13  108.02032199

 12-11-14  107.43539387  13-11-14  108.49916731

 NUCLEAR CHARGE:                   36
 NUMBER OF PRIMITIVE AOS:        1876
 NUMBER OF SYMMETRY AOS:         1406
 NUMBER OF CONTRACTIONS:         1308   ( 1308A   )
 NUMBER OF CORE ORBITALS:           4   (    4A   )
 NUMBER OF VALENCE ORBITALS:       26   (   26A   )


 NUCLEAR REPULSION ENERGY  106.56142658


 Eigenvalues of metric

         1 0.124E-05 0.137E-05 0.157E-05 0.164E-05 0.189E-05 0.192E-05 0.351E-05 0.354E-05


 OPERATOR DM      FOR CENTER  0  COORDINATES:    0.000000    0.000000    0.000000


 **********************************************************************************************************************************
 DATASETS  * FILE   NREC   LENGTH (MB)   RECORD NAMES
              1      18       92.26       500      610      700      900      950      970     1000      129      960     1100   
                                          VAR    BASINP    GEOM    SYMINP    ZMAT    AOBASIS   BASIS     P2S    ABASIS      S 
                                         1400     1410     1200     1210     1080     1600     1650     1700   
                                           T        V       H0       H01     AOSYM     SMH    MOLCAS    OPER   

 PROGRAMS   *        TOTAL       INT
 CPU TIMES  *         3.87      3.68
 REAL TIME  *         5.39 SEC
 DISK USED  *        93.21 MB (local),      372.85 MB (total)
 GA USED    *         0.00 MB       (max)       0.00 MB       (current)
 **********************************************************************************************************************************


 PROGRAM * RHF-SCF (CLOSED SHELL)       Authors: W. Meyer, H.-J. Werner


 NUMBER OF ELECTRONS:      18+   18-    SPACE SYMMETRY=1    SPIN SYMMETRY: Singlet 
 CONVERGENCE THRESHOLDS:    1.00E-04 (Density)    1.00E-09 (Energy)
 INTEGRAL THRESHOLDS:       1.00E-12 (Initial)    1.00E-12 (Final)
 MAX. NUMBER OF ITERATIONS:       60
 INTERPOLATION TYPE:            DIIS
 INTERPOLATION STEPS:              2 (START)      1 (STEP)
 LEVEL SHIFTS:                  0.00 (CLOSED)  0.00 (OPEN) 



 Orbital guess generated from atomic densities. Full valence occupancy:   30

 Molecular orbital dump at record        2101.2

 Initial occupancy:  18

 Direct Fock-matrix evaluation.        Authors: Roland Lindh & Martin Schuetz (1993/96)

 Integral Threshold:                  0.1D-11
 Threshold for writing integrals:     0.1D-06
 Prescreening on density matrix:        ON 
 Calculation will be performed fully direct        

 ITERATION   DDIFF            GRAD            ENERGY        2-EL.EN.            DIPOLE MOMENTS         DIIS   CPU(IT)  CPU(TOT)
    1      0.000D+00      0.000D+00      -190.46494271    344.367120    0.65214   -0.63227   -0.02564    0   4261.9   4308.3     start
    2      0.000D+00      0.148D-02      -190.51686509    339.958336    0.38083   -0.33475    0.05154    1   4104.9   8413.2     diag
    3      0.821D-03      0.623D-03      -190.52462076    342.055001    0.44624   -0.38813    0.09484    2   3974.2  12387.4     diag
    4      0.250D-03      0.183D-03      -190.52567607    341.628289    0.44228   -0.38356    0.09545    3   3870.2  16257.5     diag
    5      0.902D-04      0.362D-04      -190.52573185    341.642527    0.44009   -0.37845    0.10405    4   3697.9  19955.4     diag
    6      0.232D-04      0.863D-05      -190.52573542    341.649005    0.44070   -0.37893    0.10449    5   3505.5  23460.9     diag
    7      0.865D-05      0.245D-05      -190.52573568    341.645091    0.44081   -0.37882    0.10508    6   3276.0  26736.9     diag
    8      0.221D-05      0.656D-06      -190.52573571    341.645742    0.44081   -0.37875    0.10526    7   3067.8  29804.6     diag
    9      0.794D-06      0.170D-06      -190.52573571    341.645668    0.44082   -0.37875    0.10529    8   2651.8  32456.4     diag
   10      0.205D-06      0.383D-07      -190.52573571    341.645665    0.44082   -0.37875    0.10529    0   2134.7  34591.1     orth

 Final occupancy:  18

 !RHF STATE  1.1 Energy              -190.525735711946
 Nuclear energy                       106.56142658
 One-electron energy                 -467.90999495
 Two-electron energy                  170.82283266
 Virial quotient                       -1.00099330
 !RHF STATE  1.1 Dipole moment          0.44081630    -0.37874734     0.10529286
 Dipole moment /Debye                   1.12036988    -0.96261665     0.26761024

 Orbital energies:

         1.1          2.1          3.1          4.1          5.1          6.1          7.1          8.1          9.1         10.1
    -15.538337   -15.535625   -11.239382   -11.236496    -1.170444    -1.168274    -0.896452    -0.892799    -0.662186    -0.660056

        11.1         12.1         13.1         14.1         15.1         16.1         17.1         18.1         19.1         20.1
     -0.604743    -0.601585    -0.555391    -0.553031    -0.517618    -0.513767    -0.394720    -0.391259     0.020743     0.026047


 HOMO     18.1    -0.391259 =     -10.6467eV
 LUMO     19.1     0.020743 =       0.5645eV
 LUMO-HOMO         0.412002 =      11.2112eV


 **********************************************************************************************************************************
 DATASETS  * FILE   NREC   LENGTH (MB)   RECORD NAMES
              1      18       92.26       500      610      700      900      950      970     1000      129      960     1100   
                                          VAR    BASINP    GEOM    SYMINP    ZMAT    AOBASIS   BASIS     P2S    ABASIS      S 
                                         1400     1410     1200     1210     1080     1600     1650     1700   
                                           T        V       H0       H01     AOSYM     SMH    MOLCAS    OPER   

              2       4       37.46       700     1000      520     2101   
                                         GEOM     BASIS   MCVARS     RHF  

 PROGRAMS   *        TOTAL   RHF-SCF       INT
 CPU TIMES  *     34597.82  34593.95      3.68
 REAL TIME  *     34716.33 SEC
 DISK USED  *       246.43 MB (local),      985.70 MB (total)
 SF USED    *        20.55 MB
 GA USED    *         0.00 MB       (max)       0.00 MB       (current)
 **********************************************************************************************************************************
 SETTING EAB_HF         =      -190.52573571  AU                              

 Dummy atoms: N2  H6  H7  C2  H8  H9  H10


 Recomputing one-electron integrals since nuclear charges changed


 PROGRAM * SEWARD (Integral evaluation for generally contracted gaussian basis sets)     Author: Roland Lindh, 1990

 Geometry written to block  1 of record 700


 Point group  C1  



 ATOMIC COORDINATES

 NR  ATOM    CHARGE       X              Y              Z

   1  N1      7.00   -1.206857300    0.889902971    0.084222215
   2  H1      1.00    0.358961715   -0.215310032   -0.010910532
   3  H2      1.00   -2.457530140    0.153553102   -1.159665358
   4  C1      6.00   -2.265136887    0.739636116    2.630397852
   5  H3      1.00   -3.954701238    1.907196104    2.746088579
   6  H4      1.00   -2.764188408   -1.163775868    3.268190985
   7  H5      1.00   -0.907589233    1.509276846    3.970479570
   8  N2      0.00   12.214793778   -2.048661804    1.077656175
   9  H6      0.00   12.774660423   -1.529860674   -0.675981781
  10  H7      0.00   13.393131873   -3.461591727    1.597699097
  11  C2      0.00   12.517584549    0.096575311    2.804252267
  12  H8      0.00   12.006998873   -0.498113526    4.704661219
  13  H9      0.00   14.421314132    0.893617493    2.874118718
  14  H10     0.00   11.208872895    1.581475767    2.251210223

 Bond lengths in Bohr (Angstrom)

 1-2  1.918941168  1-3  1.911452322  1-4  2.761439151  4-5  2.056990123  4-6  2.068528386
     ( 1.015459935)     ( 1.011497008)     ( 1.461290668)     ( 1.088512296)     ( 1.094618082)

  4- 7  2.056964146   8- 9  1.912551008   8-10  1.911882914   8-11  2.770353514  11-12  2.055701032
       ( 1.088498550)       ( 1.012078408)       ( 1.011724868)       ( 1.466007946)       ( 1.087830138)

 11-13  2.065028786  11-14  2.055118259
       ( 1.092766173)       ( 1.087521749)

 Bond angles

  1-4-5  109.61825688   1-4-6  115.26640673   1-4-7  109.11184884   2-1-3  106.24620114

  2-1-4  109.09178005   3-1-4  109.16631862   5-4-6  107.86599269   5-4-7  107.04188174

  6- 4- 7  107.61673376   8-11-12  108.96566474   8-11-13  114.88035325   8-11-14  108.79498984

  9- 8-10  105.63187803   9- 8-11  109.23286158  10- 8-11  109.59570301  12-11-13  108.02032199

 12-11-14  107.43539387  13-11-14  108.49916731

 NUCLEAR CHARGE:                   18
 NUMBER OF PRIMITIVE AOS:        1876
 NUMBER OF SYMMETRY AOS:         1406
 NUMBER OF CONTRACTIONS:         1308   ( 1308A   )
 NUMBER OF CORE ORBITALS:           2   (    2A   )
 NUMBER OF VALENCE ORBITALS:       13   (   13A   )

 MOLECULE CHANGED: INITIALIZING OCCUPATION AND DUMP RECORDS


 NUCLEAR REPULSION ENERGY   42.09217566


 Eigenvalues of metric

         1 0.124E-05 0.137E-05 0.157E-05 0.164E-05 0.189E-05 0.192E-05 0.351E-05 0.354E-05


 OPERATOR DM      FOR CENTER  0  COORDINATES:    0.000000    0.000000    0.000000


 **********************************************************************************************************************************
 DATASETS  * FILE   NREC   LENGTH (MB)   RECORD NAMES
              1      18       92.26       500      610      700      900      950      970     1000      129      960     1100   
                                          VAR    BASINP    GEOM    SYMINP    ZMAT    AOBASIS   BASIS     P2S    ABASIS      S 
                                         1400     1410     1200     1210     1080     1600     1650     1700   
                                           T        V       H0       H01     AOSYM     SMH    MOLCAS    OPER   

              2       4       37.46       700     1000      520     2101   
                                         GEOM     BASIS   MCVARS     RHF  

 PROGRAMS   *        TOTAL       INT   RHF-SCF       INT
 CPU TIMES  *     34601.14      3.32  34593.95      3.68
 REAL TIME  *     34719.84 SEC
 DISK USED  *       246.43 MB (local),      985.70 MB (total)
 SF USED    *        20.55 MB
 GA USED    *         0.00 MB       (max)       0.00 MB       (current)
 **********************************************************************************************************************************


 PROGRAM * RHF-SCF (CLOSED SHELL)       Authors: W. Meyer, H.-J. Werner


 NUMBER OF ELECTRONS:       9+    9-    SPACE SYMMETRY=1    SPIN SYMMETRY: Singlet 
 CONVERGENCE THRESHOLDS:    1.00E-04 (Density)    1.00E-09 (Energy)
 INTEGRAL THRESHOLDS:       1.00E-12 (Initial)    1.00E-12 (Final)
 MAX. NUMBER OF ITERATIONS:       60
 INTERPOLATION TYPE:            DIIS
 INTERPOLATION STEPS:              2 (START)      1 (STEP)
 LEVEL SHIFTS:                  0.00 (CLOSED)  0.00 (OPEN) 



 Orbital guess generated from atomic densities. Full valence occupancy:   15

 Molecular orbital dump at record        2201.2

 Initial occupancy:   9

 Direct Fock-matrix evaluation.        Authors: Roland Lindh & Martin Schuetz (1993/96)

 Integral Threshold:                  0.1D-11
 Threshold for writing integrals:     0.1D-06
 Prescreening on density matrix:        ON 
 Calculation will be performed fully direct        

 ITERATION   DDIFF            GRAD            ENERGY        2-EL.EN.            DIPOLE MOMENTS         DIIS   CPU(IT)  CPU(TOT)
    1      0.000D+00      0.000D+00       -95.23227714    149.744315   -0.12043   -0.77764    0.05915    0   3959.6   3988.7     start
    2      0.000D+00      0.147D-02       -95.25828342    147.564105   -0.08819   -0.45506    0.07313    1   3760.2   7748.9     diag
    3      0.580D-03      0.621D-03       -95.26216879    148.604607   -0.11432   -0.54907    0.10859    2   3522.0  11271.0     diag
    4      0.177D-03      0.182D-03       -95.26269707    148.391262   -0.11405   -0.54407    0.10867    3   3342.5  14613.5     diag
    5      0.640D-04      0.362D-04       -95.26272499    148.398479   -0.11610   -0.54322    0.11371    4   3050.8  17664.2     diag
    6      0.165D-04      0.858D-05       -95.26272677    148.401569   -0.11638   -0.54412    0.11410    5   2785.1  20449.3     diag
    7      0.613D-05      0.244D-05       -95.26272690    148.399584   -0.11658   -0.54438    0.11448    6   2457.1  22906.4     diag
    8      0.156D-05      0.653D-06       -95.26272691    148.399906   -0.11663   -0.54441    0.11459    7   2249.5  25155.8     diag
    9      0.552D-06      0.168D-06       -95.26272691    148.399867   -0.11664   -0.54443    0.11462    8   1848.2  27004.0     diag
   10      0.135D-06      0.370D-07       -95.26272691    148.399866   -0.11664   -0.54443    0.11462    0   1387.4  28391.4     orth

 Final occupancy:   9

 !RHF STATE  1.1 Energy               -95.262726913283
 Nuclear energy                        42.09217566
 One-electron energy                 -211.55483580
 Two-electron energy                   74.19993322
 Virial quotient                       -1.00100364
 !RHF STATE  1.1 Dipole moment         -0.11664217    -0.54442680     0.11461758
 Dipole moment /Debye                  -0.29645541    -1.38370426     0.29130975

 Orbital energies:

         1.1          2.1          3.1          4.1          5.1          6.1          7.1          8.1          9.1         10.1
    -15.538535   -11.239046    -1.171126    -0.895433    -0.662919    -0.604276    -0.555702    -0.516405    -0.394042     0.015621

        11.1
      0.024547


 HOMO      9.1    -0.394042 =     -10.7224eV
 LUMO     10.1     0.015621 =       0.4251eV
 LUMO-HOMO         0.409664 =      11.1475eV


 **********************************************************************************************************************************
 DATASETS  * FILE   NREC   LENGTH (MB)   RECORD NAMES
              1      18       92.26       500      610      700      900      950      970     1000      129      960     1100   
                                          VAR    BASINP    GEOM    SYMINP    ZMAT    AOBASIS   BASIS     P2S    ABASIS      S 
                                         1400     1410     1200     1210     1080     1600     1650     1700   
                                           T        V       H0       H01     AOSYM     SMH    MOLCAS    OPER   

              2       5      108.47       700     1000      520     2101     2201   
                                         GEOM     BASIS   MCVARS     RHF      RHF  

 PROGRAMS   *        TOTAL   RHF-SCF       INT   RHF-SCF       INT
 CPU TIMES  *     62995.43  28394.29      3.32  34593.95      3.68
 REAL TIME  *     63208.66 SEC
 DISK USED  *       317.43 MB (local),        1.27 GB (total)
 SF USED    *        20.55 MB
 GA USED    *         0.00 MB       (max)       0.00 MB       (current)
 **********************************************************************************************************************************
 SETTING EA_HF          =       -95.26272691  AU                              

 Dummy atoms: N1  H1  H2  C1  H3  H4  H5


 Recomputing one-electron integrals since nuclear charges changed


 PROGRAM * SEWARD (Integral evaluation for generally contracted gaussian basis sets)     Author: Roland Lindh, 1990

 Geometry written to block  1 of record 700


 Point group  C1  



 ATOMIC COORDINATES

 NR  ATOM    CHARGE       X              Y              Z

   1  N1      0.00   -1.206857300    0.889902971    0.084222215
   2  H1      0.00    0.358961715   -0.215310032   -0.010910532
   3  H2      0.00   -2.457530140    0.153553102   -1.159665358
   4  C1      0.00   -2.265136887    0.739636116    2.630397852
   5  H3      0.00   -3.954701238    1.907196104    2.746088579
   6  H4      0.00   -2.764188408   -1.163775868    3.268190985
   7  H5      0.00   -0.907589233    1.509276846    3.970479570
   8  N2      7.00   12.214793778   -2.048661804    1.077656175
   9  H6      1.00   12.774660423   -1.529860674   -0.675981781
  10  H7      1.00   13.393131873   -3.461591727    1.597699097
  11  C2      6.00   12.517584549    0.096575311    2.804252267
  12  H8      1.00   12.006998873   -0.498113526    4.704661219
  13  H9      1.00   14.421314132    0.893617493    2.874118718
  14  H10     1.00   11.208872895    1.581475767    2.251210223

 Bond lengths in Bohr (Angstrom)

 1-2  1.918941168  1-3  1.911452322  1-4  2.761439151  4-5  2.056990123  4-6  2.068528386
     ( 1.015459935)     ( 1.011497008)     ( 1.461290668)     ( 1.088512296)     ( 1.094618082)

  4- 7  2.056964146   8- 9  1.912551008   8-10  1.911882914   8-11  2.770353514  11-12  2.055701032
       ( 1.088498550)       ( 1.012078408)       ( 1.011724868)       ( 1.466007946)       ( 1.087830138)

 11-13  2.065028786  11-14  2.055118259
       ( 1.092766173)       ( 1.087521749)

 Bond angles

  1-4-5  109.61825688   1-4-6  115.26640673   1-4-7  109.11184884   2-1-3  106.24620114

  2-1-4  109.09178005   3-1-4  109.16631862   5-4-6  107.86599269   5-4-7  107.04188174

  6- 4- 7  107.61673376   8-11-12  108.96566474   8-11-13  114.88035325   8-11-14  108.79498984

  9- 8-10  105.63187803   9- 8-11  109.23286158  10- 8-11  109.59570301  12-11-13  108.02032199

 12-11-14  107.43539387  13-11-14  108.49916731

 NUCLEAR CHARGE:                   18
 NUMBER OF PRIMITIVE AOS:        1876
 NUMBER OF SYMMETRY AOS:         1406
 NUMBER OF CONTRACTIONS:         1308   ( 1308A   )
 NUMBER OF CORE ORBITALS:           2   (    2A   )
 NUMBER OF VALENCE ORBITALS:       13   (   13A   )

 MOLECULE CHANGED: INITIALIZING OCCUPATION AND DUMP RECORDS


 NUCLEAR REPULSION ENERGY   42.05982949


 Eigenvalues of metric

         1 0.124E-05 0.137E-05 0.157E-05 0.164E-05 0.189E-05 0.192E-05 0.351E-05 0.354E-05


 OPERATOR DM      FOR CENTER  0  COORDINATES:    0.000000    0.000000    0.000000


 **********************************************************************************************************************************
 DATASETS  * FILE   NREC   LENGTH (MB)   RECORD NAMES
              1      18       92.26       500      610      700      900      950      970     1000      129      960     1100   
                                          VAR    BASINP    GEOM    SYMINP    ZMAT    AOBASIS   BASIS     P2S    ABASIS      S 
                                         1400     1410     1200     1210     1080     1600     1650     1700   
                                           T        V       H0       H01     AOSYM     SMH    MOLCAS    OPER   

              2       5      108.47       700     1000      520     2101     2201   
                                         GEOM     BASIS   MCVARS     RHF      RHF  

 PROGRAMS   *        TOTAL       INT   RHF-SCF       INT   RHF-SCF       INT
 CPU TIMES  *     62998.74      3.30  28394.29      3.32  34593.95      3.68
 REAL TIME  *     63212.17 SEC
 DISK USED  *       317.43 MB (local),        1.27 GB (total)
 SF USED    *        20.55 MB
 GA USED    *         0.00 MB       (max)       0.00 MB       (current)
 **********************************************************************************************************************************


 PROGRAM * RHF-SCF (CLOSED SHELL)       Authors: W. Meyer, H.-J. Werner


 NUMBER OF ELECTRONS:       9+    9-    SPACE SYMMETRY=1    SPIN SYMMETRY: Singlet 
 CONVERGENCE THRESHOLDS:    1.00E-04 (Density)    1.00E-09 (Energy)
 INTEGRAL THRESHOLDS:       1.00E-12 (Initial)    1.00E-12 (Final)
 MAX. NUMBER OF ITERATIONS:       60
 INTERPOLATION TYPE:            DIIS
 INTERPOLATION STEPS:              2 (START)      1 (STEP)
 LEVEL SHIFTS:                  0.00 (CLOSED)  0.00 (OPEN) 



 Orbital guess generated from atomic densities. Full valence occupancy:   15

 Molecular orbital dump at record        2301.2

 Initial occupancy:   9

 Direct Fock-matrix evaluation.        Authors: Roland Lindh & Martin Schuetz (1993/96)

 Integral Threshold:                  0.1D-11
 Threshold for writing integrals:     0.1D-06
 Prescreening on density matrix:        ON 
 Calculation will be performed fully direct        

 ITERATION   DDIFF            GRAD            ENERGY        2-EL.EN.            DIPOLE MOMENTS         DIIS   CPU(IT)  CPU(TOT)
    1      0.000D+00      0.000D+00       -95.23236997    149.680052    0.77257    0.14537   -0.08479    0   3896.0   3923.8     start
    2      0.000D+00      0.147D-02       -95.25836709    147.505637    0.45545    0.11963   -0.02115    1   3740.4   7664.2     diag
    3      0.581D-03      0.622D-03       -95.26225824    148.543430    0.55061    0.16071   -0.01258    2   3525.0  11189.2     diag
    4      0.177D-03      0.182D-03       -95.26278570    148.331514    0.54588    0.16048   -0.01159    3   3353.0  14542.2     diag
    5      0.635D-04      0.362D-04       -95.26281367    148.338455    0.54541    0.16473   -0.00794    4   3101.1  17643.3     diag
    6      0.163D-04      0.862D-05       -95.26281547    148.341599    0.54635    0.16519   -0.00781    5   2757.6  20400.9     diag
    7      0.614D-05      0.244D-05       -95.26281560    148.339599    0.54664    0.16556   -0.00759    6   2480.5  22881.4     diag
    8      0.157D-05      0.656D-06       -95.26281561    148.339921    0.54668    0.16566   -0.00751    7   2262.8  25144.2     diag
    9      0.566D-06      0.170D-06       -95.26281561    148.339882    0.54670    0.16568   -0.00750    8   1848.9  26993.1     diag
   10      0.138D-06      0.373D-07       -95.26281561    148.339881    0.54670    0.16568   -0.00750    0   1350.1  28343.2     orth

 Final occupancy:   9

 !RHF STATE  1.1 Energy               -95.262815614631
 Nuclear energy                        42.05982949
 One-electron energy                 -211.49258538
 Two-electron energy                   74.16994028
 Virial quotient                       -1.00097649
 !RHF STATE  1.1 Dipole moment          0.54670066     0.16568320    -0.00749724
 Dipole moment /Debye                   1.38948346     0.42109711    -0.01905483

 Orbital energies:

         1.1          2.1          3.1          4.1          5.1          6.1          7.1          8.1          9.1         10.1
    -15.537867   -11.239216    -1.170039    -0.896216    -0.661803    -0.604458    -0.555109    -0.517391    -0.394253     0.018296

        11.1
      0.023701


 HOMO      9.1    -0.394253 =     -10.7282eV
 LUMO     10.1     0.018296 =       0.4979eV
 LUMO-HOMO         0.412549 =      11.2260eV


 **********************************************************************************************************************************
 DATASETS  * FILE   NREC   LENGTH (MB)   RECORD NAMES
              1      18       92.26       500      610      700      900      950      970     1000      129      960     1100   
                                          VAR    BASINP    GEOM    SYMINP    ZMAT    AOBASIS   BASIS     P2S    ABASIS      S 
                                         1400     1410     1200     1210     1080     1600     1650     1700   
                                           T        V       H0       H01     AOSYM     SMH    MOLCAS    OPER   

              2       6      179.47       700     1000      520     2101     2201     2301   
                                         GEOM     BASIS   MCVARS     RHF      RHF      RHF  

 PROGRAMS   *        TOTAL   RHF-SCF       INT   RHF-SCF       INT   RHF-SCF       INT
 CPU TIMES  *     91344.83  28346.09      3.30  28394.29      3.32  34593.95      3.68
 REAL TIME  *     91652.69 SEC
 DISK USED  *       388.43 MB (local),        1.55 GB (total)
 SF USED    *        20.55 MB
 GA USED    *         0.00 MB       (max)       0.00 MB       (current)
 **********************************************************************************************************************************
 SETTING EB_HF          =       -95.26281561  AU                              
 SETTING E_AB_INT       =        -0.00019318  AU                              

 *** results in hartree
 E_AB_INT         =        -0.00019318 AU
 Molecular orbitals read from record     2301.2  Type=RHF/CANONICAL (state 1.1)
 Occupation numbers read from record     2301.2  Type=RHF/RHF (state 1.1)
 Orbital energies read from record       2301.2  Type=RHF/CANONICAL (state 1.1)
 Redundancy group numbers read from rec  2301.2  Type=RHF/RHF (state 1.1)

 RHF/aug-cc-pV5Z energy=    -95.262815614631

         RHF-SCF         RHF-SCF         RHF-SCF
    -95.26281561    -95.26272691   -190.52573571
 **********************************************************************************************************************************
 Molpro calculation terminated
