
 Primary working directories    : /scratch/sirous/45038/molpro.ezxpETT8eU
 Secondary working directories  : /scratch/sirous/45038/molpro.ezxpETT8eU
 Wavefunction directory         : /scratch/sirous/45038/
 Main file repository           : /scratch/sirous/45038/molpro.ezxpETT8eU/

 id        : karlovklimes

 Nodes                      nprocs
 nc-16.cc.karlov.mff.cuni.cz    4

 Using customized tuning parameters: mindgm=1; mindgv=20; mindgc=4; mindgr=1; noblas=0; minvec=7
 default implementation of scratch files=sf  


 Variables initialized (934), CPU time= 0.00 sec
 ***,CH3C6H4CN+CF3CN+BF3
 memory,500,m
 gdirect
 gthresh,energy=1.d-8,twoint=1.d-15,oneint=1.d-15,zero=1.d-15,orbital=1.d-8,grid=1.d-8
 symmetry,nosym
 geomtyp=xyz
                                                                                 ! Geometry
 geometry={
 N1        -0.63864138    0.470916372     0.044568477
 H1        0.189954359    -0.113937162     -0.005773605
 H2        -1.300468945    0.081256802     -0.61366848
 C1        -1.19865882    0.391398577     1.391946599
 H3        -2.092737771    1.009244715     1.453167495
 H4        -1.462745512    -0.615843668     1.72945219
 H5        -0.480275539    0.798674912     2.101087305
 N2        5.791593773573198    -0.9801585701127242     0.5085520151955084
 H6        6.087862443573199    -0.7056208351127242     -0.41943322780449155
 H7        6.415143440573198    -1.7278488861127244     0.7837468781955084
 C2        5.951823749573198    0.1550520228872757     1.4222273191955084
 H8        5.6816334455731985    -0.15964375711272427     2.4278804281955084
 H9        6.959234060573198    0.5768285818872758     1.4591990531955084
 H10        5.259283366573198    0.9408275048872756     1.1295700731955085
 }
 
 
 
 basis=aug-cc-pv5z
 
 
 
                                                                                 ! Dimer Calculation
 {rhf,accu=1.d-8;orbital,2101.2}
 eab_HF=energy
 
 
                                                                                 !monomer A
 dummy,8,9,10,11,12,13,14;                                                       ! NOW MONOMER B IS DUMMY
 {rhf,accu=1.d-8;orbital,2201.2}
 ea_HF=energy
                                                                                 !monomer B
 dummy,1,2,3,4,5,6,7;                                                            !NOW MONOMER A IS DUMMY
 {rhf,accu=1.d-8;orbital,2301.2}
 eb_HF=energy
 
 E_AB_int=eab_HF-ea_HF-eb_HF
 
 
 text,results in hartree
 show,E_AB_int
 
 Commands  initialized (763), CPU time= 0.02 sec, 617 directives.
 Default parameters read. Elapsed time= 0.20 sec

 Checking input...
 Passed
1


                                         ***  PROGRAM SYSTEM MOLPRO  ***
                                       Copyright, TTI GmbH Stuttgart, 2015
                                    Version 2019.2 linked Jun  8 2019 11:26:33


 **********************************************************************************************************************************
 LABEL *   CH3C6H4CN+CF3CN+BF3                                                           
  64 bit mpp version                                                                     DATE: 16-Oct-19          TIME: 05:47:31  
 **********************************************************************************************************************************

 SHA1:             8135a10abc80eafa5b3ae28ffc55be4890dc4c84
 **********************************************************************************************************************************

 THRESHOLDS:

 ZERO    =  1.00D-15  ONEINT  =  1.00D-15  TWOINT  =  1.00D-15  PREFAC  =  1.00D-14  XXXXXX  =  1.00D-09  EORDER  =  1.00D-04
 ENERGY  =  1.00D-08  ETEST   =  0.00D+00  EDENS   =  0.00D+00  THRDEDEF=  1.00D-06  GRADIENT=  1.00D-02  STEP    =  1.00D-03
 ORBITAL =  1.00D-08  CIVEC   =  1.00D-05  COEFF   =  1.00D-04  PRINTCI =  5.00D-02  PUNCHCI =  9.90D+01  OPTGRAD =  3.00D-04
 OPTENERG=  1.00D-06  OPTSTEP =  3.00D-04  THRGRAD =  1.00D-10  COMPRESS=  1.00D-11  VARMIN  =  1.00D-07  VARMAX  =  1.00D-03
 THRDOUB =  0.00D+00  THRDIV  =  1.00D-05  THRRED  =  1.00D-07  THRPSP  =  1.00D+00  THRDC   =  1.00D-10  THRCS   =  1.00D-10
 THRNRM  =  1.00D-08  THREQ   =  0.00D+00  THRDE   =  1.00D+00  THRREF  =  1.00D-05  SPARFAC =  1.00D+00  THRDLP  =  1.00D-07
 THRDIA  =  1.00D-10  THRDLS  =  1.00D-07  THRGPS  =  0.00D+00  THRKEX  =  0.00D+00  THRDIS  =  2.00D-01  THRVAR  =  1.00D-10
 THRLOC  =  1.00D-06  THRGAP  =  1.00D-06  THRLOCT = -1.00D+00  THRGAPT = -1.00D+00  THRORB  =  1.00D-06  THRMLTP =  0.00D+00
 THRCPQCI=  1.00D-10  KEXTA   =  0.00D+00  THRCOARS=  0.00D+00  SYMTOL  =  1.00D-06  GRADTOL =  1.00D-06  THROVL  =  1.00D-08
 THRORTH =  1.00D-08  GRID    =  1.00D-08  GRIDMAX =  1.00D-03  DTMAX   =  0.00D+00  THROCCDE=  1.00D-01  THROCCDE=  1.00D-01
 THRPRINT=  2.50D-01


 Variable memory set to  500000000 words,  buffer space 

 SETTING GEOMTYP        =    XYZ
 ZSYMEL=NOSYM

 SETTING BASIS          =    AUG-CC-PV5Z


 Recomputing integrals since basis changed


 Using spherical harmonics

 Library entry N      S aug-cc-pV5Z          selected for orbital group  1
 Library entry N      P aug-cc-pV5Z          selected for orbital group  1
 Library entry N      D aug-cc-pV5Z          selected for orbital group  1
 Library entry N      F aug-cc-pV5Z          selected for orbital group  1
 Library entry N      G aug-cc-pV5Z          selected for orbital group  1
 Library entry N      H aug-cc-pV5Z          selected for orbital group  1
 Library entry H      S aug-cc-pV5Z          selected for orbital group  2
 Library entry H      P aug-cc-pV5Z          selected for orbital group  2
 Library entry H      D aug-cc-pV5Z          selected for orbital group  2
 Library entry H      F aug-cc-pV5Z          selected for orbital group  2
 Library entry H      G aug-cc-pV5Z          selected for orbital group  2
 Library entry C      S aug-cc-pV5Z          selected for orbital group  3
 Library entry C      P aug-cc-pV5Z          selected for orbital group  3
 Library entry C      D aug-cc-pV5Z          selected for orbital group  3
 Library entry C      F aug-cc-pV5Z          selected for orbital group  3
 Library entry C      G aug-cc-pV5Z          selected for orbital group  3
 Library entry C      H aug-cc-pV5Z          selected for orbital group  3


 PROGRAM * SEWARD (Integral evaluation for generally contracted gaussian basis sets)     Author: Roland Lindh, 1990

 Geometry written to block  1 of record 700


 Point group  C1  



 ATOMIC COORDINATES

 NR  ATOM    CHARGE       X              Y              Z

   1  N1      7.00   -1.206857300    0.889902971    0.084222215
   2  H1      1.00    0.358961715   -0.215310032   -0.010910532
   3  H2      1.00   -2.457530140    0.153553102   -1.159665358
   4  C1      6.00   -2.265136887    0.739636116    2.630397852
   5  H3      1.00   -3.954701238    1.907196104    2.746088579
   6  H4      1.00   -2.764188408   -1.163775868    3.268190985
   7  H5      1.00   -0.907589233    1.509276846    3.970479570
   8  N2      7.00   10.944526057   -1.852231256    0.961024029
   9  H6      1.00   11.504392702   -1.333430126   -0.792613928
  10  H7      1.00   12.122864152   -3.265161179    1.481066951
  11  C2      6.00   11.247316828    0.293005858    2.687620120
  12  H8      1.00   10.736731152   -0.301682978    4.588029072
  13  H9      1.00   13.151046411    1.090048041    2.757486572
  14  H10     1.00    9.938605174    1.777906315    2.134578077

 Bond lengths in Bohr (Angstrom)

 1-2  1.918941168  1-3  1.911452322  1-4  2.761439151  4-5  2.056990123  4-6  2.068528386
     ( 1.015459935)     ( 1.011497008)     ( 1.461290668)     ( 1.088512296)     ( 1.094618082)

  4- 7  2.056964146   8- 9  1.912551008   8-10  1.911882914   8-11  2.770353514  11-12  2.055701032
       ( 1.088498550)       ( 1.012078408)       ( 1.011724868)       ( 1.466007946)       ( 1.087830138)

 11-13  2.065028786  11-14  2.055118259
       ( 1.092766173)       ( 1.087521749)

 Bond angles

  1-4-5  109.61825688   1-4-6  115.26640673   1-4-7  109.11184884   2-1-3  106.24620114

  2-1-4  109.09178005   3-1-4  109.16631862   5-4-6  107.86599269   5-4-7  107.04188174

  6- 4- 7  107.61673376   8-11-12  108.96566474   8-11-13  114.88035325   8-11-14  108.79498984

  9- 8-10  105.63187803   9- 8-11  109.23286158  10- 8-11  109.59570301  12-11-13  108.02032199

 12-11-14  107.43539387  13-11-14  108.49916731

 NUCLEAR CHARGE:                   36
 NUMBER OF PRIMITIVE AOS:        1876
 NUMBER OF SYMMETRY AOS:         1406
 NUMBER OF CONTRACTIONS:         1308   ( 1308A   )
 NUMBER OF CORE ORBITALS:           4   (    4A   )
 NUMBER OF VALENCE ORBITALS:       26   (   26A   )


 NUCLEAR REPULSION ENERGY  108.73170054


 Eigenvalues of metric

         1 0.119E-05 0.133E-05 0.139E-05 0.154E-05 0.182E-05 0.184E-05 0.348E-05 0.350E-05


 OPERATOR DM      FOR CENTER  0  COORDINATES:    0.000000    0.000000    0.000000


 **********************************************************************************************************************************
 DATASETS  * FILE   NREC   LENGTH (MB)   RECORD NAMES
              1      18       92.26       500      610      700      900      950      970     1000      129      960     1100   
                                          VAR    BASINP    GEOM    SYMINP    ZMAT    AOBASIS   BASIS     P2S    ABASIS      S 
                                         1400     1410     1200     1210     1080     1600     1650     1700   
                                           T        V       H0       H01     AOSYM     SMH    MOLCAS    OPER   

 PROGRAMS   *        TOTAL       INT
 CPU TIMES  *         3.91      3.72
 REAL TIME  *         5.40 SEC
 DISK USED  *        93.21 MB (local),      372.85 MB (total)
 GA USED    *         0.00 MB       (max)       0.00 MB       (current)
 **********************************************************************************************************************************


 PROGRAM * RHF-SCF (CLOSED SHELL)       Authors: W. Meyer, H.-J. Werner


 NUMBER OF ELECTRONS:      18+   18-    SPACE SYMMETRY=1    SPIN SYMMETRY: Singlet 
 CONVERGENCE THRESHOLDS:    1.00E-04 (Density)    1.00E-09 (Energy)
 INTEGRAL THRESHOLDS:       1.00E-12 (Initial)    1.00E-12 (Final)
 MAX. NUMBER OF ITERATIONS:       60
 INTERPOLATION TYPE:            DIIS
 INTERPOLATION STEPS:              2 (START)      1 (STEP)
 LEVEL SHIFTS:                  0.00 (CLOSED)  0.00 (OPEN) 



 Orbital guess generated from atomic densities. Full valence occupancy:   30

 Molecular orbital dump at record        2101.2

 Initial occupancy:  18

 Direct Fock-matrix evaluation.        Authors: Roland Lindh & Martin Schuetz (1993/96)

 Integral Threshold:                  0.1D-11
 Threshold for writing integrals:     0.1D-06
 Prescreening on density matrix:        ON 
 Calculation will be performed fully direct        

 ITERATION   DDIFF            GRAD            ENERGY        2-EL.EN.            DIPOLE MOMENTS         DIIS   CPU(IT)  CPU(TOT)
    1      0.000D+00      0.000D+00      -190.46508018    348.732336    0.65215   -0.63227   -0.02564    0   4623.9   4672.8     start
    2      0.000D+00      0.148D-02      -190.51696652    344.311983    0.38550   -0.33469    0.05116    1   4495.3   9168.1     diag
    3      0.822D-03      0.623D-03      -190.52471442    346.412536    0.44977   -0.38822    0.09424    2   4317.8  13485.8     diag
    4      0.250D-03      0.183D-03      -190.52576963    345.985389    0.44604   -0.38369    0.09471    3   4220.9  17706.7     diag
    5      0.901D-04      0.362D-04      -190.52582537    345.999605    0.44394   -0.37859    0.10327    4   3975.4  21682.1     diag
    6      0.232D-04      0.863D-05      -190.52582893    346.006140    0.44455   -0.37908    0.10369    5   3771.9  25454.0     diag
    7      0.870D-05      0.245D-05      -190.52582920    346.002241    0.44467   -0.37897    0.10427    6   3493.0  28946.9     diag
    8      0.222D-05      0.655D-06      -190.52582923    346.002893    0.44467   -0.37891    0.10444    7   3305.6  32252.5     diag
    9      0.801D-06      0.170D-06      -190.52582923    346.002820    0.44468   -0.37890    0.10448    8   2878.8  35131.3     diag
   10      0.207D-06      0.385D-07      -190.52582923    346.002816    0.44467   -0.37890    0.10448    0   2359.8  37491.1     orth

 Final occupancy:  18

 !RHF STATE  1.1 Energy              -190.525829230576
 Nuclear energy                       108.73170054
 One-electron energy                 -472.25893800
 Two-electron energy                  173.00140823
 Virial quotient                       -1.00099480
 !RHF STATE  1.1 Dipole moment          0.44467422    -0.37890235     0.10447837
 Dipole moment /Debye                   1.13017510    -0.96301064     0.26554014

 Orbital energies:

         1.1          2.1          3.1          4.1          5.1          6.1          7.1          8.1          9.1         10.1
    -15.538528   -15.534962   -11.239446   -11.235986    -1.170607    -1.167638    -0.896548    -0.892252    -0.662337    -0.659413

        11.1         12.1         13.1         14.1         15.1         16.1         17.1         18.1         19.1         20.1
     -0.604863    -0.601018    -0.555503    -0.552469    -0.517706    -0.513217    -0.394915    -0.390654     0.020832     0.026544


 HOMO     18.1    -0.390654 =     -10.6302eV
 LUMO     19.1     0.020832 =       0.5669eV
 LUMO-HOMO         0.411486 =      11.1971eV


 **********************************************************************************************************************************
 DATASETS  * FILE   NREC   LENGTH (MB)   RECORD NAMES
              1      18       92.26       500      610      700      900      950      970     1000      129      960     1100   
                                          VAR    BASINP    GEOM    SYMINP    ZMAT    AOBASIS   BASIS     P2S    ABASIS      S 
                                         1400     1410     1200     1210     1080     1600     1650     1700   
                                           T        V       H0       H01     AOSYM     SMH    MOLCAS    OPER   

              2       4       37.46       700     1000      520     2101   
                                         GEOM     BASIS   MCVARS     RHF  

 PROGRAMS   *        TOTAL   RHF-SCF       INT
 CPU TIMES  *     37497.86  37493.95      3.72
 REAL TIME  *     37621.70 SEC
 DISK USED  *       246.43 MB (local),      985.70 MB (total)
 SF USED    *        20.55 MB
 GA USED    *         0.00 MB       (max)       0.00 MB       (current)
 **********************************************************************************************************************************
 SETTING EAB_HF         =      -190.52582923  AU                              

 Dummy atoms: N2  H6  H7  C2  H8  H9  H10


 Recomputing one-electron integrals since nuclear charges changed


 PROGRAM * SEWARD (Integral evaluation for generally contracted gaussian basis sets)     Author: Roland Lindh, 1990

 Geometry written to block  1 of record 700


 Point group  C1  



 ATOMIC COORDINATES

 NR  ATOM    CHARGE       X              Y              Z

   1  N1      7.00   -1.206857300    0.889902971    0.084222215
   2  H1      1.00    0.358961715   -0.215310032   -0.010910532
   3  H2      1.00   -2.457530140    0.153553102   -1.159665358
   4  C1      6.00   -2.265136887    0.739636116    2.630397852
   5  H3      1.00   -3.954701238    1.907196104    2.746088579
   6  H4      1.00   -2.764188408   -1.163775868    3.268190985
   7  H5      1.00   -0.907589233    1.509276846    3.970479570
   8  N2      0.00   10.944526057   -1.852231256    0.961024029
   9  H6      0.00   11.504392702   -1.333430126   -0.792613928
  10  H7      0.00   12.122864152   -3.265161179    1.481066951
  11  C2      0.00   11.247316828    0.293005858    2.687620120
  12  H8      0.00   10.736731152   -0.301682978    4.588029072
  13  H9      0.00   13.151046411    1.090048041    2.757486572
  14  H10     0.00    9.938605174    1.777906315    2.134578077

 Bond lengths in Bohr (Angstrom)

 1-2  1.918941168  1-3  1.911452322  1-4  2.761439151  4-5  2.056990123  4-6  2.068528386
     ( 1.015459935)     ( 1.011497008)     ( 1.461290668)     ( 1.088512296)     ( 1.094618082)

  4- 7  2.056964146   8- 9  1.912551008   8-10  1.911882914   8-11  2.770353514  11-12  2.055701032
       ( 1.088498550)       ( 1.012078408)       ( 1.011724868)       ( 1.466007946)       ( 1.087830138)

 11-13  2.065028786  11-14  2.055118259
       ( 1.092766173)       ( 1.087521749)

 Bond angles

  1-4-5  109.61825688   1-4-6  115.26640673   1-4-7  109.11184884   2-1-3  106.24620114

  2-1-4  109.09178005   3-1-4  109.16631862   5-4-6  107.86599269   5-4-7  107.04188174

  6- 4- 7  107.61673376   8-11-12  108.96566474   8-11-13  114.88035325   8-11-14  108.79498984

  9- 8-10  105.63187803   9- 8-11  109.23286158  10- 8-11  109.59570301  12-11-13  108.02032199

 12-11-14  107.43539387  13-11-14  108.49916731

 NUCLEAR CHARGE:                   18
 NUMBER OF PRIMITIVE AOS:        1876
 NUMBER OF SYMMETRY AOS:         1406
 NUMBER OF CONTRACTIONS:         1308   ( 1308A   )
 NUMBER OF CORE ORBITALS:           2   (    2A   )
 NUMBER OF VALENCE ORBITALS:       13   (   13A   )

 MOLECULE CHANGED: INITIALIZING OCCUPATION AND DUMP RECORDS


 NUCLEAR REPULSION ENERGY   42.09217566


 Eigenvalues of metric

         1 0.119E-05 0.133E-05 0.139E-05 0.154E-05 0.182E-05 0.184E-05 0.348E-05 0.350E-05


 OPERATOR DM      FOR CENTER  0  COORDINATES:    0.000000    0.000000    0.000000


 **********************************************************************************************************************************
 DATASETS  * FILE   NREC   LENGTH (MB)   RECORD NAMES
              1      18       92.26       500      610      700      900      950      970     1000      129      960     1100   
                                          VAR    BASINP    GEOM    SYMINP    ZMAT    AOBASIS   BASIS     P2S    ABASIS      S 
                                         1400     1410     1200     1210     1080     1600     1650     1700   
                                           T        V       H0       H01     AOSYM     SMH    MOLCAS    OPER   

              2       4       37.46       700     1000      520     2101   
                                         GEOM     BASIS   MCVARS     RHF  

 PROGRAMS   *        TOTAL       INT   RHF-SCF       INT
 CPU TIMES  *     37501.28      3.41  37493.95      3.72
 REAL TIME  *     37625.29 SEC
 DISK USED  *       246.43 MB (local),      985.70 MB (total)
 SF USED    *        20.55 MB
 GA USED    *         0.00 MB       (max)       0.00 MB       (current)
 **********************************************************************************************************************************


 PROGRAM * RHF-SCF (CLOSED SHELL)       Authors: W. Meyer, H.-J. Werner


 NUMBER OF ELECTRONS:       9+    9-    SPACE SYMMETRY=1    SPIN SYMMETRY: Singlet 
 CONVERGENCE THRESHOLDS:    1.00E-04 (Density)    1.00E-09 (Energy)
 INTEGRAL THRESHOLDS:       1.00E-12 (Initial)    1.00E-12 (Final)
 MAX. NUMBER OF ITERATIONS:       60
 INTERPOLATION TYPE:            DIIS
 INTERPOLATION STEPS:              2 (START)      1 (STEP)
 LEVEL SHIFTS:                  0.00 (CLOSED)  0.00 (OPEN) 



 Orbital guess generated from atomic densities. Full valence occupancy:   15

 Molecular orbital dump at record        2201.2

 Initial occupancy:   9

 Direct Fock-matrix evaluation.        Authors: Roland Lindh & Martin Schuetz (1993/96)

 Integral Threshold:                  0.1D-11
 Threshold for writing integrals:     0.1D-06
 Prescreening on density matrix:        ON 
 Calculation will be performed fully direct        

 ITERATION   DDIFF            GRAD            ENERGY        2-EL.EN.            DIPOLE MOMENTS         DIIS   CPU(IT)  CPU(TOT)
    1      0.000D+00      0.000D+00       -95.23227719    149.744314   -0.12043   -0.77764    0.05915    0   4313.2   4344.2     start
    2      0.000D+00      0.147D-02       -95.25828347    147.564105   -0.08819   -0.45506    0.07313    1   4087.4   8431.6     diag
    3      0.580D-03      0.621D-03       -95.26216884    148.604607   -0.11432   -0.54907    0.10859    2   3866.5  12298.1     diag
    4      0.177D-03      0.182D-03       -95.26269712    148.391262   -0.11405   -0.54407    0.10867    3   3701.6  15999.8     diag
    5      0.640D-04      0.362D-04       -95.26272503    148.398479   -0.11610   -0.54322    0.11371    4   3434.0  19433.8     diag
    6      0.165D-04      0.858D-05       -95.26272681    148.401569   -0.11638   -0.54412    0.11411    5   3107.8  22541.5     diag
    7      0.618D-05      0.244D-05       -95.26272694    148.399583   -0.11658   -0.54438    0.11448    6   2710.6  25252.1     diag
    8      0.157D-05      0.653D-06       -95.26272696    148.399906   -0.11663   -0.54441    0.11459    7   2454.5  27706.7     diag
    9      0.558D-06      0.168D-06       -95.26272696    148.399867   -0.11664   -0.54443    0.11462    8   2071.2  29777.8     diag
   10      0.139D-06      0.370D-07       -95.26272696    148.399866   -0.11664   -0.54443    0.11462    0   1563.0  31340.9     orth

 Final occupancy:   9

 !RHF STATE  1.1 Energy               -95.262726959633
 Nuclear energy                        42.09217566
 One-electron energy                 -211.55483570
 Two-electron energy                   74.19993307
 Virial quotient                       -1.00100364
 !RHF STATE  1.1 Dipole moment         -0.11664211    -0.54442717     0.11461853
 Dipole moment /Debye                  -0.29645525    -1.38370521     0.29131215

 Orbital energies:

         1.1          2.1          3.1          4.1          5.1          6.1          7.1          8.1          9.1         10.1
    -15.538535   -11.239046    -1.171126    -0.895433    -0.662919    -0.604276    -0.555702    -0.516406    -0.394042     0.015764

        11.1
      0.025002


 HOMO      9.1    -0.394042 =     -10.7224eV
 LUMO     10.1     0.015764 =       0.4290eV
 LUMO-HOMO         0.409806 =      11.1514eV


 **********************************************************************************************************************************
 DATASETS  * FILE   NREC   LENGTH (MB)   RECORD NAMES
              1      18       92.26       500      610      700      900      950      970     1000      129      960     1100   
                                          VAR    BASINP    GEOM    SYMINP    ZMAT    AOBASIS   BASIS     P2S    ABASIS      S 
                                         1400     1410     1200     1210     1080     1600     1650     1700   
                                           T        V       H0       H01     AOSYM     SMH    MOLCAS    OPER   

              2       5      108.47       700     1000      520     2101     2201   
                                         GEOM     BASIS   MCVARS     RHF      RHF  

 PROGRAMS   *        TOTAL   RHF-SCF       INT   RHF-SCF       INT
 CPU TIMES  *     68845.10  31343.81      3.41  37493.95      3.72
 REAL TIME  *     69075.12 SEC
 DISK USED  *       317.43 MB (local),        1.27 GB (total)
 SF USED    *        20.55 MB
 GA USED    *         0.00 MB       (max)       0.00 MB       (current)
 **********************************************************************************************************************************
 SETTING EA_HF          =       -95.26272696  AU                              

 Dummy atoms: N1  H1  H2  C1  H3  H4  H5


 Recomputing one-electron integrals since nuclear charges changed


 PROGRAM * SEWARD (Integral evaluation for generally contracted gaussian basis sets)     Author: Roland Lindh, 1990

 Geometry written to block  1 of record 700


 Point group  C1  



 ATOMIC COORDINATES

 NR  ATOM    CHARGE       X              Y              Z

   1  N1      0.00   -1.206857300    0.889902971    0.084222215
   2  H1      0.00    0.358961715   -0.215310032   -0.010910532
   3  H2      0.00   -2.457530140    0.153553102   -1.159665358
   4  C1      0.00   -2.265136887    0.739636116    2.630397852
   5  H3      0.00   -3.954701238    1.907196104    2.746088579
   6  H4      0.00   -2.764188408   -1.163775868    3.268190985
   7  H5      0.00   -0.907589233    1.509276846    3.970479570
   8  N2      7.00   10.944526057   -1.852231256    0.961024029
   9  H6      1.00   11.504392702   -1.333430126   -0.792613928
  10  H7      1.00   12.122864152   -3.265161179    1.481066951
  11  C2      6.00   11.247316828    0.293005858    2.687620120
  12  H8      1.00   10.736731152   -0.301682978    4.588029072
  13  H9      1.00   13.151046411    1.090048041    2.757486572
  14  H10     1.00    9.938605174    1.777906315    2.134578077

 Bond lengths in Bohr (Angstrom)

 1-2  1.918941168  1-3  1.911452322  1-4  2.761439151  4-5  2.056990123  4-6  2.068528386
     ( 1.015459935)     ( 1.011497008)     ( 1.461290668)     ( 1.088512296)     ( 1.094618082)

  4- 7  2.056964146   8- 9  1.912551008   8-10  1.911882914   8-11  2.770353514  11-12  2.055701032
       ( 1.088498550)       ( 1.012078408)       ( 1.011724868)       ( 1.466007946)       ( 1.087830138)

 11-13  2.065028786  11-14  2.055118259
       ( 1.092766173)       ( 1.087521749)

 Bond angles

  1-4-5  109.61825688   1-4-6  115.26640673   1-4-7  109.11184884   2-1-3  106.24620114

  2-1-4  109.09178005   3-1-4  109.16631862   5-4-6  107.86599269   5-4-7  107.04188174

  6- 4- 7  107.61673376   8-11-12  108.96566474   8-11-13  114.88035325   8-11-14  108.79498984

  9- 8-10  105.63187803   9- 8-11  109.23286158  10- 8-11  109.59570301  12-11-13  108.02032199

 12-11-14  107.43539387  13-11-14  108.49916731

 NUCLEAR CHARGE:                   18
 NUMBER OF PRIMITIVE AOS:        1876
 NUMBER OF SYMMETRY AOS:         1406
 NUMBER OF CONTRACTIONS:         1308   ( 1308A   )
 NUMBER OF CORE ORBITALS:           2   (    2A   )
 NUMBER OF VALENCE ORBITALS:       13   (   13A   )

 MOLECULE CHANGED: INITIALIZING OCCUPATION AND DUMP RECORDS


 NUCLEAR REPULSION ENERGY   42.05982949


 Eigenvalues of metric

         1 0.119E-05 0.133E-05 0.139E-05 0.154E-05 0.182E-05 0.184E-05 0.348E-05 0.350E-05


 OPERATOR DM      FOR CENTER  0  COORDINATES:    0.000000    0.000000    0.000000


 **********************************************************************************************************************************
 DATASETS  * FILE   NREC   LENGTH (MB)   RECORD NAMES
              1      18       92.26       500      610      700      900      950      970     1000      129      960     1100   
                                          VAR    BASINP    GEOM    SYMINP    ZMAT    AOBASIS   BASIS     P2S    ABASIS      S 
                                         1400     1410     1200     1210     1080     1600     1650     1700   
                                           T        V       H0       H01     AOSYM     SMH    MOLCAS    OPER   

              2       5      108.47       700     1000      520     2101     2201   
                                         GEOM     BASIS   MCVARS     RHF      RHF  

 PROGRAMS   *        TOTAL       INT   RHF-SCF       INT   RHF-SCF       INT
 CPU TIMES  *     68848.44      3.34  31343.81      3.41  37493.95      3.72
 REAL TIME  *     69078.65 SEC
 DISK USED  *       317.43 MB (local),        1.27 GB (total)
 SF USED    *        20.55 MB
 GA USED    *         0.00 MB       (max)       0.00 MB       (current)
 **********************************************************************************************************************************


 PROGRAM * RHF-SCF (CLOSED SHELL)       Authors: W. Meyer, H.-J. Werner


 NUMBER OF ELECTRONS:       9+    9-    SPACE SYMMETRY=1    SPIN SYMMETRY: Singlet 
 CONVERGENCE THRESHOLDS:    1.00E-04 (Density)    1.00E-09 (Energy)
 INTEGRAL THRESHOLDS:       1.00E-12 (Initial)    1.00E-12 (Final)
 MAX. NUMBER OF ITERATIONS:       60
 INTERPOLATION TYPE:            DIIS
 INTERPOLATION STEPS:              2 (START)      1 (STEP)
 LEVEL SHIFTS:                  0.00 (CLOSED)  0.00 (OPEN) 



 Orbital guess generated from atomic densities. Full valence occupancy:   15

 Molecular orbital dump at record        2301.2

 Initial occupancy:   9

 Direct Fock-matrix evaluation.        Authors: Roland Lindh & Martin Schuetz (1993/96)

 Integral Threshold:                  0.1D-11
 Threshold for writing integrals:     0.1D-06
 Prescreening on density matrix:        ON 
 Calculation will be performed fully direct        

 ITERATION   DDIFF            GRAD            ENERGY        2-EL.EN.            DIPOLE MOMENTS         DIIS   CPU(IT)  CPU(TOT)
    1      0.000D+00      0.000D+00       -95.23237002    149.680052    0.77257    0.14537   -0.08479    0   4332.7   4362.6     start
    2      0.000D+00      0.147D-02       -95.25836715    147.505637    0.45545    0.11964   -0.02115    1   4124.1   8486.7     diag
    3      0.582D-03      0.622D-03       -95.26225830    148.543430    0.55061    0.16071   -0.01258    2   3939.4  12426.1     diag
    4      0.177D-03      0.182D-03       -95.26278576    148.331514    0.54588    0.16048   -0.01159    3   3694.5  16120.6     diag
    5      0.634D-04      0.362D-04       -95.26281373    148.338454    0.54541    0.16473   -0.00794    4   3367.1  19487.7     diag
    6      0.163D-04      0.862D-05       -95.26281552    148.341599    0.54635    0.16519   -0.00781    5   3091.9  22579.7     diag
    7      0.618D-05      0.244D-05       -95.26281565    148.339599    0.54664    0.16556   -0.00758    6   2733.2  25312.9     diag
    8      0.158D-05      0.656D-06       -95.26281567    148.339920    0.54668    0.16566   -0.00751    7   2492.5  27805.4     diag
    9      0.567D-06      0.170D-06       -95.26281567    148.339881    0.54670    0.16568   -0.00750    8   2038.9  29844.3     diag
   10      0.135D-06      0.373D-07       -95.26281567    148.339880    0.54670    0.16568   -0.00750    0   1561.4  31405.7     orth

 Final occupancy:   9

 !RHF STATE  1.1 Energy               -95.262815671398
 Nuclear energy                        42.05982949
 One-electron energy                 -211.49258511
 Two-electron energy                   74.16993995
 Virial quotient                       -1.00097649
 !RHF STATE  1.1 Dipole moment          0.54670057     0.16568400    -0.00749674
 Dipole moment /Debye                   1.38948324     0.42109914    -0.01905358

 Orbital energies:

         1.1          2.1          3.1          4.1          5.1          6.1          7.1          8.1          9.1         10.1
    -15.537867   -11.239216    -1.170039    -0.896216    -0.661803    -0.604458    -0.555109    -0.517391    -0.394253     0.018513

        11.1
      0.024090


 HOMO      9.1    -0.394253 =     -10.7282eV
 LUMO     10.1     0.018513 =       0.5038eV
 LUMO-HOMO         0.412766 =      11.2319eV


 **********************************************************************************************************************************
 DATASETS  * FILE   NREC   LENGTH (MB)   RECORD NAMES
              1      18       92.26       500      610      700      900      950      970     1000      129      960     1100   
                                          VAR    BASINP    GEOM    SYMINP    ZMAT    AOBASIS   BASIS     P2S    ABASIS      S 
                                         1400     1410     1200     1210     1080     1600     1650     1700   
                                           T        V       H0       H01     AOSYM     SMH    MOLCAS    OPER   

              2       6      179.47       700     1000      520     2101     2201     2301   
                                         GEOM     BASIS   MCVARS     RHF      RHF      RHF  

 PROGRAMS   *        TOTAL   RHF-SCF       INT   RHF-SCF       INT   RHF-SCF       INT
 CPU TIMES  *    100257.03  31408.58      3.34  31343.81      3.41  37493.95      3.72
 REAL TIME  *    100589.91 SEC
 DISK USED  *       388.43 MB (local),        1.55 GB (total)
 SF USED    *        20.55 MB
 GA USED    *         0.00 MB       (max)       0.00 MB       (current)
 **********************************************************************************************************************************
 SETTING EB_HF          =       -95.26281567  AU                              
 SETTING E_AB_INT       =        -0.00028660  AU                              

 *** results in hartree
 E_AB_INT         =        -0.00028660 AU
 Molecular orbitals read from record     2301.2  Type=RHF/CANONICAL (state 1.1)
 Occupation numbers read from record     2301.2  Type=RHF/RHF (state 1.1)
 Orbital energies read from record       2301.2  Type=RHF/CANONICAL (state 1.1)
 Redundancy group numbers read from rec  2301.2  Type=RHF/RHF (state 1.1)

 RHF/aug-cc-pV5Z energy=    -95.262815671398

         RHF-SCF         RHF-SCF         RHF-SCF
    -95.26281567    -95.26272696   -190.52582923
 **********************************************************************************************************************************
 Molpro calculation terminated
