
 Primary working directories    : /scratch/sirous/43930/molpro.W43EXvlcPl
 Secondary working directories  : /scratch/sirous/43930/molpro.W43EXvlcPl
 Wavefunction directory         : /scratch/sirous/43930/
 Main file repository           : /scratch/sirous/43930/molpro.W43EXvlcPl/

 id        : karlovklimes

 Nodes                      nprocs
 nc-08.cc.karlov.mff.cuni.cz    4

 Using customized tuning parameters: mindgm=1; mindgv=20; mindgc=4; mindgr=1; noblas=0; minvec=7
 default implementation of scratch files=sf  


 Variables initialized (934), CPU time= 0.00 sec
 ***,CH3C6H4CN+CF3CN+BF3
 memory,500,m
 gdirect
 gthresh,energy=1.d-8,twoint=1.d-19,oneint=1.d-19,zero=1.d-15,orbital=1.d-8,grid=1.d-8
 symmetry,nosym
 geomtyp=xyz
                                                                                 ! Geometry
 geometry={
 O1        -0.636134928    -0.023282411     0.280599321
 H1        0.308097372    -0.047078748     0.076463691
 C1        -1.152065407    -1.311287783     0.015259549
 H2        -2.209945023    -1.296265392     0.263955863
 H3        -1.05661024    -1.592670859     -1.036190606
 H4        -0.674835746    -2.086272765     0.620511449
 O2        3.981075982085571    -0.19197085351400633     -0.09453915864353732
 H5        4.449865292085571    0.42241367048599365     -0.6642051126435373
 C2        4.489909908085571    -0.03495191551400635     1.2271781653564626
 H6        3.936340828085571    -0.7231483425140064     1.8573090453564627
 H7        5.548906010085571    -0.28539081451400633     1.2839013063564626
 H8        4.337470270085571    0.9757421374859937     1.6050707113564626
 }
 
 
 
 basis=avdz
 
 
 
                                                                                 ! Dimer Calculation
 {rks,pbe,accu=1.d-8;orbital,2101.2}
 eab_PBE=energy
 
 
                                                                                 !monomer A
 dummy,7,8,9,10,11,12;                                                           ! NOW MONOMER B IS DUMMY
 {rks,pbe,accu=1.d-8;orbital,2201.2}
 ea_PBE=energy
                                                                                 !monomer B
 dummy,1,2,3,4,5,6;                                                              !NOW MONOMER A IS DUMMY
 {rks,pbe,accu=1.d-8;orbital,2301.2}
 eb_PBE=energy
 
 E_AB_int=eab_PBE-ea_PBE-eb_PBE
 
 
 text,results in hartree
 show,E_AB_int
 
 Commands  initialized (763), CPU time= 0.02 sec, 617 directives.
 Default parameters read. Elapsed time= 0.21 sec

 Checking input...
 Passed
1


                                         ***  PROGRAM SYSTEM MOLPRO  ***
                                       Copyright, TTI GmbH Stuttgart, 2015
                                    Version 2019.2 linked Jun  8 2019 11:26:33


 **********************************************************************************************************************************
 LABEL *   CH3C6H4CN+CF3CN+BF3                                                           
  64 bit mpp version                                                                     DATE: 08-Oct-19          TIME: 18:56:45  
 **********************************************************************************************************************************

 SHA1:             8135a10abc80eafa5b3ae28ffc55be4890dc4c84
 **********************************************************************************************************************************

 THRESHOLDS:

 ZERO    =  1.00D-15  ONEINT  =  1.00D-19  TWOINT  =  1.00D-19  PREFAC  =  1.00D-14  XXXXXX  =  1.00D-09  EORDER  =  1.00D-04
 ENERGY  =  1.00D-08  ETEST   =  0.00D+00  EDENS   =  0.00D+00  THRDEDEF=  1.00D-06  GRADIENT=  1.00D-02  STEP    =  1.00D-03
 ORBITAL =  1.00D-08  CIVEC   =  1.00D-05  COEFF   =  1.00D-04  PRINTCI =  5.00D-02  PUNCHCI =  9.90D+01  OPTGRAD =  3.00D-04
 OPTENERG=  1.00D-06  OPTSTEP =  3.00D-04  THRGRAD =  1.00D-10  COMPRESS=  1.00D-11  VARMIN  =  1.00D-07  VARMAX  =  1.00D-03
 THRDOUB =  0.00D+00  THRDIV  =  1.00D-05  THRRED  =  1.00D-07  THRPSP  =  1.00D+00  THRDC   =  1.00D-10  THRCS   =  1.00D-10
 THRNRM  =  1.00D-08  THREQ   =  0.00D+00  THRDE   =  1.00D+00  THRREF  =  1.00D-05  SPARFAC =  1.00D+00  THRDLP  =  1.00D-07
 THRDIA  =  1.00D-10  THRDLS  =  1.00D-07  THRGPS  =  0.00D+00  THRKEX  =  0.00D+00  THRDIS  =  2.00D-01  THRVAR  =  1.00D-10
 THRLOC  =  1.00D-06  THRGAP  =  1.00D-06  THRLOCT = -1.00D+00  THRGAPT = -1.00D+00  THRORB  =  1.00D-06  THRMLTP =  0.00D+00
 THRCPQCI=  1.00D-10  KEXTA   =  0.00D+00  THRCOARS=  0.00D+00  SYMTOL  =  1.00D-06  GRADTOL =  1.00D-06  THROVL  =  1.00D-08
 THRORTH =  1.00D-08  GRID    =  1.00D-08  GRIDMAX =  1.00D-03  DTMAX   =  0.00D+00  THROCCDE=  1.00D-01  THROCCDE=  1.00D-01
 THRPRINT=  2.50D-01


 Variable memory set to  500000000 words,  buffer space 

 SETTING GEOMTYP        =    XYZ
 ZSYMEL=NOSYM

 SETTING BASIS          =    AVDZ


 Recomputing integrals since basis changed


 Using spherical harmonics

 Library entry O      S aug-cc-pVDZ          selected for orbital group  1
 Library entry O      P aug-cc-pVDZ          selected for orbital group  1
 Library entry O      D aug-cc-pVDZ          selected for orbital group  1
 Library entry H      S aug-cc-pVDZ          selected for orbital group  2
 Library entry H      P aug-cc-pVDZ          selected for orbital group  2
 Library entry C      S aug-cc-pVDZ          selected for orbital group  3
 Library entry C      P aug-cc-pVDZ          selected for orbital group  3
 Library entry C      D aug-cc-pVDZ          selected for orbital group  3


 PROGRAM * SEWARD (Integral evaluation for generally contracted gaussian basis sets)     Author: Roland Lindh, 1990

 Geometry written to block  1 of record 700


 Point group  C1  



 ATOMIC COORDINATES

 NR  ATOM    CHARGE       X              Y              Z

   1  O1      8.00   -1.202120792   -0.043997380    0.530255867
   2  H1      1.00    0.582219653   -0.088965940    0.144495434
   3  C1      6.00   -2.177088097   -2.477974780    0.028836368
   4  H2      1.00   -4.176190844   -2.449586576    0.498804290
   5  H3      1.00   -1.996703974   -3.009711730   -1.958116458
   6  H4      1.00   -1.275254739   -3.942484147    1.172596696
   7  O2      8.00    7.523143287   -0.362772337   -0.178653118
   8  H5      1.00    8.409026693    0.798246148   -1.255165753
   9  C2      6.00    8.484700050   -0.066049548    2.319030639
  10  H6      1.00    7.438606098   -1.366552315    3.509805424
  11  H7      1.00   10.485912650   -0.539310478    2.426221840
  12  H8      1.00    8.196630884    1.843885408    3.033144055

 Bond lengths in Bohr (Angstrom)

 1-2  1.826117221  1-3  2.669499718  3-4  2.053798318  3-5  2.064767336  3-6  2.065497223
     ( 0.966339618)     ( 1.412638415)     ( 1.086823266)     ( 1.092627820)     ( 1.093014059)

  7- 8  1.814285751   7- 9  2.692779228   9-10  2.050259641   9-11  2.059203179   9-12  2.059318662
       ( 0.960078674)       ( 1.424957401)       ( 1.084950678)       ( 1.089683395)       ( 1.089744506)

 Bond angles

  1-3-4  107.45243548   1-3-5  112.56023931   1-3-6  112.51984286   2-1-3  107.14181275

  4- 3- 5  107.98697639   4- 3- 6  107.94343217   5- 3- 6  108.18798930   7- 9-10  106.65583749

  7- 9-11  111.71494436   7- 9-12  111.95602748   8- 7- 9  107.78761842  10- 9-11  108.65333210

 10- 9-12  108.39236686  11- 9-12  109.33255661

 NUCLEAR CHARGE:                   36
 NUMBER OF PRIMITIVE AOS:         236
 NUMBER OF SYMMETRY AOS:          228
 NUMBER OF CONTRACTIONS:          164   (  164A   )
 NUMBER OF CORE ORBITALS:           4   (    4A   )
 NUMBER OF VALENCE ORBITALS:       24   (   24A   )


 NUCLEAR REPULSION ENERGY  113.41630884


 Eigenvalues of metric

         1 0.563E-03 0.616E-03 0.701E-03 0.769E-03 0.776E-03 0.792E-03 0.848E-03 0.105E-02


 OPERATOR DM      FOR CENTER  0  COORDINATES:    0.000000    0.000000    0.000000


 **********************************************************************************************************************************
 DATASETS  * FILE   NREC   LENGTH (MB)   RECORD NAMES
              1      18       31.16       500      610      700      900      950      970     1000      129      960     1100   
                                          VAR    BASINP    GEOM    SYMINP    ZMAT    AOBASIS   BASIS     P2S    ABASIS      S 
                                         1400     1410     1200     1210     1080     1600     1650     1700   
                                           T        V       H0       H01     AOSYM     SMH    MOLCAS    OPER   

 PROGRAMS   *        TOTAL       INT
 CPU TIMES  *         0.53      0.37
 REAL TIME  *         1.98 SEC
 DISK USED  *        31.66 MB (local),      126.63 MB (total)
 GA USED    *         0.00 MB       (max)       0.00 MB       (current)
 **********************************************************************************************************************************

 Density functional group PBE=PBEX+PBEC
 Functional: PBEX(Automatically generated (new) PBEX)                          Gradient terms: 1
 Functional: PBEC(Automatically generated (new) PBEC)                          Gradient terms: 1
 Use libxcgrid:  F
 Use grid at  1800.2

 Functional: PBEX                      Factor:  1.0000
 Functional: PBEC                      Factor:  1.0000

 Generated new metagrid on record  1800.2 with target accuracy 1.0D-08 and 98976 points in CPU time    0.3
 Computed new grid on record 1800.1 in CPU time    0.4
  134568 words reserved for DFT integration

 PROGRAM * RKS-SCF (Restricted closed shell Kohn-Sham)     Authors: W. Meyer, H.-J. Werner, P.J. Knowles, 1993

 NUMBER OF ELECTRONS:      18+   18-    SPACE SYMMETRY=1    SPIN SYMMETRY: Singlet 
 CONVERGENCE THRESHOLDS:    1.00E-04 (Density)    1.00E-08 (Energy)
 INTEGRAL THRESHOLDS:       1.00E-11 (Initial)    1.00E-11 (Final)
 MAX. NUMBER OF ITERATIONS:       60
 INTERPOLATION TYPE:            DIIS
 INTERPOLATION STEPS:              2 (START)      1 (STEP)
 LEVEL SHIFTS:                  0.00 (CLOSED)  0.00 (OPEN) 



 Use fine grid record 1800.2 for energy threshold  1.0D-08
 Orbital guess generated from atomic densities. Full valence occupancy:   28

 Molecular orbital dump at record        2101.2

 Initial occupancy:  18

 Direct Fock-matrix evaluation.        Authors: Roland Lindh & Martin Schuetz (1993/96)

 Integral Threshold:                  0.1D-10
 Threshold for writing integrals:     0.1D-06
 Prescreening on density matrix:        ON 
 Calculation will be performed fully direct        

 ITERATION   DDIFF            GRAD            ENERGY        2-EL.EN.            DIPOLE MOMENTS         DIIS   CPU(IT)  CPU(TOT)
    1      0.000D+00      0.000D+00      -231.02317704    463.364101    1.28805   -0.06507   -0.12906    0      4.0      6.7     start
    2      0.000D+00      0.823D-02      -230.64363659    427.194427   -0.02476    0.00529    0.12179    1      2.7      9.4     diag
    3      0.254D-01      0.154D-01      -231.18688519    451.173982    0.90894   -0.12860    0.02500    2      2.7     12.2     diag
    4      0.155D-01      0.216D-02      -231.19659554    450.686722    0.85394   -0.05428   -0.04286    3      2.6     14.8     diag
    5      0.272D-02      0.605D-03      -231.19738381    450.481832    0.86012   -0.05858   -0.03343    4      2.6     17.4     diag
    6      0.686D-03      0.953D-04      -231.19740387    450.527587    0.85724   -0.06385   -0.03237    5      2.6     20.0     diag
    7      0.881D-04      0.215D-04      -231.19740445    450.537119    0.85869   -0.06147   -0.03112    6      2.5     22.5     diag
    8      0.271D-04      0.136D-04      -231.19740482    450.543322    0.85894   -0.06245   -0.03184    7      2.5     25.1     diag
    9      0.123D-04      0.839D-06      -231.19740482    450.543837    0.85877   -0.06246   -0.03177    8      2.4     27.5     diag
   10      0.159D-05      0.344D-06      -231.19740482    450.543884    0.85882   -0.06245   -0.03179    0      2.4     29.9     orth

 Final occupancy:  18

 !RKS STATE  1.1 Energy              -231.197404818190
 Nuclear energy                       113.41630884
 One-electron energy                 -539.18643913
 Two-electron energy                  225.27194208
 Density functional                   -30.69921661     PBEX=-29.53156544 PBEC= -1.16765117
 Virial quotient                       -1.00574132
 !RKS STATE  1.1 Dipole moment          0.85881789    -0.06244894    -0.03178999
 Dipole moment /Debye                   2.18275436    -0.15871898    -0.08079681

 Orbital energies:

         1.1          2.1          3.1          4.1          5.1          6.1          7.1          8.1          9.1         10.1
    -18.781493   -18.768929    -9.938240    -9.927052    -0.945248    -0.934765    -0.627483    -0.614351    -0.466422    -0.455454

        11.1         12.1         13.1         14.1         15.1         16.1         17.1         18.1         19.1         20.1
     -0.397424    -0.387161    -0.385094    -0.376157    -0.301720    -0.288781    -0.237162    -0.223719    -0.033736    -0.010611


 HOMO     18.1    -0.223719 =      -6.0877eV
 LUMO     19.1    -0.033736 =      -0.9180eV
 LUMO-HOMO         0.189983 =       5.1697eV


 **********************************************************************************************************************************
 DATASETS  * FILE   NREC   LENGTH (MB)   RECORD NAMES
              1      19       31.16       500      610      700      900      950      970     1000      129      960     1100   
                                          VAR    BASINP    GEOM    SYMINP    ZMAT    AOBASIS   BASIS     P2S    ABASIS      S 
                                         1400     1410     1200     1210     1080     1600     1650     1700     1800   
                                           T        V       H0       H01     AOSYM     SMH    MOLCAS    OPER     GRID   

              2       5        3.51       700     1000      520     1800     2101   
                                         GEOM     BASIS   MCVARS    GRID      RKS  

 PROGRAMS   *        TOTAL   RKS-SCF       INT
 CPU TIMES  *        30.90     30.37      0.37
 REAL TIME  *        33.76 SEC
 DISK USED  *        36.57 MB (local),      146.28 MB (total)
 SF USED    *         0.32 MB
 GA USED    *         3.23 MB       (max)       3.23 MB       (current)
 **********************************************************************************************************************************
 SETTING EAB_PBE        =      -231.19740482  AU                              

 Dummy atoms: O2  H5  C2  H6  H7  H8


 Recomputing one-electron integrals since nuclear charges changed


 PROGRAM * SEWARD (Integral evaluation for generally contracted gaussian basis sets)     Author: Roland Lindh, 1990

 Geometry written to block  1 of record 700


 Point group  C1  



 ATOMIC COORDINATES

 NR  ATOM    CHARGE       X              Y              Z

   1  O1      8.00   -1.202120792   -0.043997380    0.530255867
   2  H1      1.00    0.582219653   -0.088965940    0.144495434
   3  C1      6.00   -2.177088097   -2.477974780    0.028836368
   4  H2      1.00   -4.176190844   -2.449586576    0.498804290
   5  H3      1.00   -1.996703974   -3.009711730   -1.958116458
   6  H4      1.00   -1.275254739   -3.942484147    1.172596696
   7  O2      0.00    7.523143287   -0.362772337   -0.178653118
   8  H5      0.00    8.409026693    0.798246148   -1.255165753
   9  C2      0.00    8.484700050   -0.066049548    2.319030639
  10  H6      0.00    7.438606098   -1.366552315    3.509805424
  11  H7      0.00   10.485912650   -0.539310478    2.426221840
  12  H8      0.00    8.196630884    1.843885408    3.033144055

 Bond lengths in Bohr (Angstrom)

 1-2  1.826117221  1-3  2.669499718  3-4  2.053798318  3-5  2.064767336  3-6  2.065497223
     ( 0.966339618)     ( 1.412638415)     ( 1.086823266)     ( 1.092627820)     ( 1.093014059)

  7- 8  1.814285751   7- 9  2.692779228   9-10  2.050259641   9-11  2.059203179   9-12  2.059318662
       ( 0.960078674)       ( 1.424957401)       ( 1.084950678)       ( 1.089683395)       ( 1.089744506)

 Bond angles

  1-3-4  107.45243548   1-3-5  112.56023931   1-3-6  112.51984286   2-1-3  107.14181275

  4- 3- 5  107.98697639   4- 3- 6  107.94343217   5- 3- 6  108.18798930   7- 9-10  106.65583749

  7- 9-11  111.71494436   7- 9-12  111.95602748   8- 7- 9  107.78761842  10- 9-11  108.65333210

 10- 9-12  108.39236686  11- 9-12  109.33255661

 NUCLEAR CHARGE:                   18
 NUMBER OF PRIMITIVE AOS:         236
 NUMBER OF SYMMETRY AOS:          228
 NUMBER OF CONTRACTIONS:          164   (  164A   )
 NUMBER OF CORE ORBITALS:           2   (    2A   )
 NUMBER OF VALENCE ORBITALS:       12   (   12A   )

 MOLECULE CHANGED: INITIALIZING OCCUPATION AND DUMP RECORDS


 NUCLEAR REPULSION ENERGY   40.41731286


 Eigenvalues of metric

         1 0.563E-03 0.616E-03 0.701E-03 0.769E-03 0.776E-03 0.792E-03 0.848E-03 0.105E-02


 OPERATOR DM      FOR CENTER  0  COORDINATES:    0.000000    0.000000    0.000000


 **********************************************************************************************************************************
 DATASETS  * FILE   NREC   LENGTH (MB)   RECORD NAMES
              1      19       31.16       500      610      700      900      950      970     1000      129      960     1100   
                                          VAR    BASINP    GEOM    SYMINP    ZMAT    AOBASIS   BASIS     P2S    ABASIS      S 
                                         1400     1410     1200     1210     1080     1600     1650     1700     1800   
                                           T        V       H0       H01     AOSYM     SMH    MOLCAS    OPER     GRID   

              2       5        3.51       700     1000      520     1800     2101   
                                         GEOM     BASIS   MCVARS    GRID      RKS  

 PROGRAMS   *        TOTAL       INT   RKS-SCF       INT
 CPU TIMES  *        30.98      0.07     30.37      0.37
 REAL TIME  *        33.97 SEC
 DISK USED  *        36.57 MB (local),      146.28 MB (total)
 SF USED    *         0.32 MB
 GA USED    *         3.23 MB       (max)       3.23 MB       (current)
 **********************************************************************************************************************************

 Density functional group PBE=PBEX+PBEC
 Functional: PBEX(Automatically generated (new) PBEX)                          Gradient terms: 1
 Functional: PBEC(Automatically generated (new) PBEC)                          Gradient terms: 1
 Use libxcgrid:  F
 Use grid at  1800.2

 Functional: PBEX                      Factor:  1.0000
 Functional: PBEC                      Factor:  1.0000

 Generated new metagrid on record  1800.2 with target accuracy 1.0D-08 and 98976 points in CPU time    0.3
 Computed new grid on record 1800.1 in CPU time    0.4
  134568 words reserved for DFT integration

 PROGRAM * RKS-SCF (Restricted closed shell Kohn-Sham)     Authors: W. Meyer, H.-J. Werner, P.J. Knowles, 1993

 NUMBER OF ELECTRONS:       9+    9-    SPACE SYMMETRY=1    SPIN SYMMETRY: Singlet 
 CONVERGENCE THRESHOLDS:    1.00E-04 (Density)    1.00E-08 (Energy)
 INTEGRAL THRESHOLDS:       1.00E-11 (Initial)    1.00E-11 (Final)
 MAX. NUMBER OF ITERATIONS:       60
 INTERPOLATION TYPE:            DIIS
 INTERPOLATION STEPS:              2 (START)      1 (STEP)
 LEVEL SHIFTS:                  0.00 (CLOSED)  0.00 (OPEN) 



 Use fine grid record 1800.2 for energy threshold  1.0D-08
 Orbital guess generated from atomic densities. Full valence occupancy:   14

 Molecular orbital dump at record        2201.2

 Initial occupancy:   9

 Direct Fock-matrix evaluation.        Authors: Roland Lindh & Martin Schuetz (1993/96)

 Integral Threshold:                  0.1D-10
 Threshold for writing integrals:     0.1D-06
 Prescreening on density matrix:        ON 
 Calculation will be performed fully direct        

 ITERATION   DDIFF            GRAD            ENERGY        2-EL.EN.            DIPOLE MOMENTS         DIIS   CPU(IT)  CPU(TOT)
    1      0.000D+00      0.000D+00      -115.50975201    199.088851    0.58574   -0.70880   -0.32627    0      3.9      7.1     start
    2      0.000D+00      0.803D-02      -115.31443584    180.933869   -0.15406    0.10311    0.06358    1      2.6      9.7     diag
    3      0.180D-01      0.151D-01      -115.59256232    192.954541    0.34188   -0.58427   -0.24005    2      2.6     12.3     diag
    4      0.110D-01      0.211D-02      -115.59744225    192.737030    0.34777   -0.46735   -0.20694    3      2.5     14.9     diag
    5      0.194D-02      0.594D-03      -115.59784411    192.633051    0.34604   -0.47551   -0.20905    4      2.6     17.4     diag
    6      0.490D-03      0.926D-04      -115.59785449    192.656739    0.34395   -0.47808   -0.20933    5      2.5     19.9     diag
    7      0.605D-04      0.118D-04      -115.59785466    192.664411    0.34484   -0.47877   -0.20973    6      2.5     22.4     diag
    8      0.106D-04      0.131D-05      -115.59785466    192.664883    0.34460   -0.47870   -0.20966    7      2.4     24.8     diag
    9      0.173D-05      0.263D-06      -115.59785466    192.664908    0.34468   -0.47872   -0.20968    0      2.3     27.1     orth

 Final occupancy:   9

 !RKS STATE  1.1 Energy              -115.597854663736
 Nuclear energy                        40.41731286
 One-electron energy                 -236.99810669
 Two-electron energy                   96.33245409
 Density functional                   -15.34951493     PBEX=-14.76554151 PBEC= -0.58397342
 Virial quotient                       -1.00572205
 !RKS STATE  1.1 Dipole moment          0.34467772    -0.47871508    -0.20967681
 Dipole moment /Debye                   0.87602599    -1.21669268    -0.53291039

 Orbital energies:

         1.1          2.1          3.1          4.1          5.1          6.1          7.1          8.1          9.1         10.1
    -18.776234    -9.933061    -0.942029    -0.620730    -0.462595    -0.391337    -0.382419    -0.295424    -0.230444    -0.025055

        11.1
     -0.000668


 HOMO      9.1    -0.230444 =      -6.2707eV
 LUMO     10.1    -0.025055 =      -0.6818eV
 LUMO-HOMO         0.205390 =       5.5889eV


 **********************************************************************************************************************************
 DATASETS  * FILE   NREC   LENGTH (MB)   RECORD NAMES
              1      19       31.16       500      610      700      900      950      970     1000      129      960     1100   
                                          VAR    BASINP    GEOM    SYMINP    ZMAT    AOBASIS   BASIS     P2S    ABASIS      S 
                                         1400     1410     1200     1210     1080     1600     1650     1700     1800   
                                           T        V       H0       H01     AOSYM     SMH    MOLCAS    OPER     GRID   

              2       6        7.08       700     1000      520     1800     2101     2201   
                                         GEOM     BASIS   MCVARS    GRID      RKS      RKS  

 PROGRAMS   *        TOTAL   RKS-SCF       INT   RKS-SCF       INT
 CPU TIMES  *        58.45     27.47      0.07     30.37      0.37
 REAL TIME  *        61.60 SEC
 DISK USED  *        40.04 MB (local),      160.15 MB (total)
 SF USED    *         0.32 MB
 GA USED    *         3.23 MB       (max)       3.23 MB       (current)
 **********************************************************************************************************************************
 SETTING EA_PBE         =      -115.59785466  AU                              

 Dummy atoms: O1  H1  C1  H2  H3  H4


 Recomputing one-electron integrals since nuclear charges changed


 PROGRAM * SEWARD (Integral evaluation for generally contracted gaussian basis sets)     Author: Roland Lindh, 1990

 Geometry written to block  1 of record 700


 Point group  C1  



 ATOMIC COORDINATES

 NR  ATOM    CHARGE       X              Y              Z

   1  O1      0.00   -1.202120792   -0.043997380    0.530255867
   2  H1      0.00    0.582219653   -0.088965940    0.144495434
   3  C1      0.00   -2.177088097   -2.477974780    0.028836368
   4  H2      0.00   -4.176190844   -2.449586576    0.498804290
   5  H3      0.00   -1.996703974   -3.009711730   -1.958116458
   6  H4      0.00   -1.275254739   -3.942484147    1.172596696
   7  O2      8.00    7.523143287   -0.362772337   -0.178653118
   8  H5      1.00    8.409026693    0.798246148   -1.255165753
   9  C2      6.00    8.484700050   -0.066049548    2.319030639
  10  H6      1.00    7.438606098   -1.366552315    3.509805424
  11  H7      1.00   10.485912650   -0.539310478    2.426221840
  12  H8      1.00    8.196630884    1.843885408    3.033144055

 Bond lengths in Bohr (Angstrom)

 1-2  1.826117221  1-3  2.669499718  3-4  2.053798318  3-5  2.064767336  3-6  2.065497223
     ( 0.966339618)     ( 1.412638415)     ( 1.086823266)     ( 1.092627820)     ( 1.093014059)

  7- 8  1.814285751   7- 9  2.692779228   9-10  2.050259641   9-11  2.059203179   9-12  2.059318662
       ( 0.960078674)       ( 1.424957401)       ( 1.084950678)       ( 1.089683395)       ( 1.089744506)

 Bond angles

  1-3-4  107.45243548   1-3-5  112.56023931   1-3-6  112.51984286   2-1-3  107.14181275

  4- 3- 5  107.98697639   4- 3- 6  107.94343217   5- 3- 6  108.18798930   7- 9-10  106.65583749

  7- 9-11  111.71494436   7- 9-12  111.95602748   8- 7- 9  107.78761842  10- 9-11  108.65333210

 10- 9-12  108.39236686  11- 9-12  109.33255661

 NUCLEAR CHARGE:                   18
 NUMBER OF PRIMITIVE AOS:         236
 NUMBER OF SYMMETRY AOS:          228
 NUMBER OF CONTRACTIONS:          164   (  164A   )
 NUMBER OF CORE ORBITALS:           2   (    2A   )
 NUMBER OF VALENCE ORBITALS:       12   (   12A   )

 MOLECULE CHANGED: INITIALIZING OCCUPATION AND DUMP RECORDS


 NUCLEAR REPULSION ENERGY   40.29806389


 Eigenvalues of metric

         1 0.563E-03 0.616E-03 0.701E-03 0.769E-03 0.776E-03 0.792E-03 0.848E-03 0.105E-02


 OPERATOR DM      FOR CENTER  0  COORDINATES:    0.000000    0.000000    0.000000


 **********************************************************************************************************************************
 DATASETS  * FILE   NREC   LENGTH (MB)   RECORD NAMES
              1      19       31.16       500      610      700      900      950      970     1000      129      960     1100   
                                          VAR    BASINP    GEOM    SYMINP    ZMAT    AOBASIS   BASIS     P2S    ABASIS      S 
                                         1400     1410     1200     1210     1080     1600     1650     1700     1800   
                                           T        V       H0       H01     AOSYM     SMH    MOLCAS    OPER     GRID   

              2       6        7.08       700     1000      520     1800     2101     2201   
                                         GEOM     BASIS   MCVARS    GRID      RKS      RKS  

 PROGRAMS   *        TOTAL       INT   RKS-SCF       INT   RKS-SCF       INT
 CPU TIMES  *        58.52      0.07     27.47      0.07     30.37      0.37
 REAL TIME  *        61.82 SEC
 DISK USED  *        40.04 MB (local),      160.15 MB (total)
 SF USED    *         0.32 MB
 GA USED    *         3.23 MB       (max)       3.23 MB       (current)
 **********************************************************************************************************************************

 Density functional group PBE=PBEX+PBEC
 Functional: PBEX(Automatically generated (new) PBEX)                          Gradient terms: 1
 Functional: PBEC(Automatically generated (new) PBEC)                          Gradient terms: 1
 Use libxcgrid:  F
 Use grid at  1800.2

 Functional: PBEX                      Factor:  1.0000
 Functional: PBEC                      Factor:  1.0000

 Generated new metagrid on record  1800.2 with target accuracy 1.0D-08 and 98976 points in CPU time    0.3
 Computed new grid on record 1800.1 in CPU time    0.4
  134568 words reserved for DFT integration

 PROGRAM * RKS-SCF (Restricted closed shell Kohn-Sham)     Authors: W. Meyer, H.-J. Werner, P.J. Knowles, 1993

 NUMBER OF ELECTRONS:       9+    9-    SPACE SYMMETRY=1    SPIN SYMMETRY: Singlet 
 CONVERGENCE THRESHOLDS:    1.00E-04 (Density)    1.00E-08 (Energy)
 INTEGRAL THRESHOLDS:       1.00E-11 (Initial)    1.00E-11 (Final)
 MAX. NUMBER OF ITERATIONS:       60
 INTERPOLATION TYPE:            DIIS
 INTERPOLATION STEPS:              2 (START)      1 (STEP)
 LEVEL SHIFTS:                  0.00 (CLOSED)  0.00 (OPEN) 



 Use fine grid record 1800.2 for energy threshold  1.0D-08
 Orbital guess generated from atomic densities. Full valence occupancy:   14

 Molecular orbital dump at record        2301.2

 Initial occupancy:   9

 Direct Fock-matrix evaluation.        Authors: Roland Lindh & Martin Schuetz (1993/96)

 Integral Threshold:                  0.1D-10
 Threshold for writing integrals:     0.1D-06
 Prescreening on density matrix:        ON 
 Calculation will be performed fully direct        

 ITERATION   DDIFF            GRAD            ENERGY        2-EL.EN.            DIPOLE MOMENTS         DIIS   CPU(IT)  CPU(TOT)
    1      0.000D+00      0.000D+00      -115.51024457    198.853124    0.69902    0.64384    0.19706    0      3.9      7.2     start
    2      0.000D+00      0.801D-02      -115.31770796    180.795505   -0.10895   -0.12107    0.03758    1      2.6      9.8     diag
    3      0.179D-01      0.151D-01      -115.59243056    192.739265    0.51247    0.44363    0.25627    2      2.6     12.4     diag
    4      0.109D-01      0.213D-02      -115.59745193    192.520957    0.44540    0.40319    0.15753    3      2.6     15.0     diag
    5      0.196D-02      0.592D-03      -115.59785244    192.418816    0.45028    0.40540    0.16722    4      2.5     17.6     diag
    6      0.486D-03      0.925D-04      -115.59786277    192.441957    0.45064    0.40505    0.17007    5      2.5     20.0     diag
    7      0.592D-04      0.118D-04      -115.59786293    192.449603    0.45146    0.40583    0.17011    6      2.4     22.5     diag
    8      0.107D-04      0.119D-05      -115.59786294    192.450050    0.45131    0.40567    0.17018    7      2.4     24.9     diag
    9      0.166D-05      0.260D-06      -115.59786294    192.450092    0.45136    0.40572    0.17015    0      2.3     27.2     orth

 Final occupancy:   9

 !RKS STATE  1.1 Energy              -115.597862935278
 Nuclear energy                        40.29806389
 One-electron energy                 -236.77141370
 Two-electron energy                   96.22504591
 Density functional                   -15.34955904     PBEX=-14.76588585 PBEC= -0.58367319
 Virial quotient                       -1.00571594
 !RKS STATE  1.1 Dipole moment          0.45135546     0.40572360     0.17015061
 Dipole moment /Debye                   1.14715601     1.03117898     0.43245138

 Orbital energies:

         1.1          2.1          3.1          4.1          5.1          6.1          7.1          8.1          9.1         10.1
    -18.774533    -9.933314    -0.938607    -0.622158    -0.460424    -0.392227    -0.381296    -0.295206    -0.230510    -0.024071

        11.1
     -0.000510


 HOMO      9.1    -0.230510 =      -6.2725eV
 LUMO     10.1    -0.024071 =      -0.6550eV
 LUMO-HOMO         0.206439 =       5.6175eV


 **********************************************************************************************************************************
 DATASETS  * FILE   NREC   LENGTH (MB)   RECORD NAMES
              1      19       31.16       500      610      700      900      950      970     1000      129      960     1100   
                                          VAR    BASINP    GEOM    SYMINP    ZMAT    AOBASIS   BASIS     P2S    ABASIS      S 
                                         1400     1410     1200     1210     1080     1600     1650     1700     1800   
                                           T        V       H0       H01     AOSYM     SMH    MOLCAS    OPER     GRID   

              2       7       10.66       700     1000      520     1800     2101     2201     2301   
                                         GEOM     BASIS   MCVARS    GRID      RKS      RKS      RKS  

 PROGRAMS   *        TOTAL   RKS-SCF       INT   RKS-SCF       INT   RKS-SCF       INT
 CPU TIMES  *        86.13     27.61      0.07     27.47      0.07     30.37      0.37
 REAL TIME  *        89.58 SEC
 DISK USED  *        43.61 MB (local),      174.46 MB (total)
 SF USED    *         0.32 MB
 GA USED    *         3.23 MB       (max)       3.23 MB       (current)
 **********************************************************************************************************************************
 SETTING EB_PBE         =      -115.59786294  AU                              
 SETTING E_AB_INT       =        -0.00168722  AU                              

 *** results in hartree
 E_AB_INT         =        -0.00168722 AU
 Molecular orbitals read from record     2301.2  Type=RKS/CANONICAL (state 1.1)
 Occupation numbers read from record     2301.2  Type=RKS/RHF (state 1.1)
 Orbital energies read from record       2301.2  Type=RKS/CANONICAL (state 1.1)
 Redundancy group numbers read from rec  2301.2  Type=RKS/RHF (state 1.1)

 RPBE/aug-cc-pVDZ energy=   -115.597862935278

         RKS-SCF         RKS-SCF         RKS-SCF
   -115.59786294   -115.59785466   -231.19740482
 **********************************************************************************************************************************
 Molpro calculation terminated
