
 Primary working directories    : /scratch/sirous/45114/molpro.eEXtNmQwTc
 Secondary working directories  : /scratch/sirous/45114/molpro.eEXtNmQwTc
 Wavefunction directory         : /scratch/sirous/45114/
 Main file repository           : /scratch/sirous/45114/molpro.eEXtNmQwTc/

 id        : karlovklimes

 Nodes                      nprocs
 nc-01.cc.karlov.mff.cuni.cz    4

 Using customized tuning parameters: mindgm=1; mindgv=20; mindgc=4; mindgr=1; noblas=0; minvec=7
 default implementation of scratch files=sf  


 Variables initialized (934), CPU time= 0.00 sec
 ***,CH3C6H4CN+CF3CN+BF3
 memory,500,m
 gdirect
 gthresh,energy=1.d-8,twoint=1.d-15,oneint=1.d-15,zero=1.d-15,orbital=1.d-8,grid=1.d-8
 symmetry,nosym
 geomtyp=xyz
                                                                                 ! Geometry
 geometry={
 N1        -0.63864138    0.470916372     0.044568477
 H1        0.189954359    -0.113937162     -0.005773605
 H2        -1.300468945    0.081256802     -0.61366848
 C1        -1.19865882    0.391398577     1.391946599
 H3        -2.092737771    1.009244715     1.453167495
 H4        -1.462745512    -0.615843668     1.72945219
 H5        -0.480275539    0.798674912     2.101087305
 N2        7.135987233002476    -1.188051708957814     0.6319901632737117
 H6        7.432255903002477    -0.913513973957814     -0.29599507972628825
 H7        7.759536900002477    -1.935742024957814     0.9071850262737118
 C2        7.296217209002476    -0.05284111595781393     1.5456654672737118
 H8        7.026026905002476    -0.3675368959578139     2.5513185762737116
 H9        8.303627520002477    0.3689354430421862     1.5826372012737115
 H10        6.603676826002477    0.732934366042186     1.2530082212737117
 }
 
 
 
 basis=avtz
 
 
 
                                                                                 ! Dimer Calculation
 {rhf,accu=1.d-8;orbital,2101.2}
 eab_HF=energy
 
 
                                                                                 !monomer A
 dummy,8,9,10,11,12,13,14;                                                       ! NOW MONOMER B IS DUMMY
 {rhf,accu=1.d-8;orbital,2201.2}
 ea_HF=energy
                                                                                 !monomer B
 dummy,1,2,3,4,5,6,7;                                                            !NOW MONOMER A IS DUMMY
 {rhf,accu=1.d-8;orbital,2301.2}
 eb_HF=energy
 
 E_AB_int=eab_HF-ea_HF-eb_HF
 
 
 text,results in hartree
 show,E_AB_int
 
 Commands  initialized (763), CPU time= 0.01 sec, 617 directives.
 Default parameters read. Elapsed time= 0.22 sec

 Checking input...
 Passed
1


                                         ***  PROGRAM SYSTEM MOLPRO  ***
                                       Copyright, TTI GmbH Stuttgart, 2015
                                    Version 2019.2 linked Jun  8 2019 11:26:33


 **********************************************************************************************************************************
 LABEL *   CH3C6H4CN+CF3CN+BF3                                                           
  64 bit mpp version                                                                     DATE: 16-Oct-19          TIME: 21:15:20  
 **********************************************************************************************************************************

 SHA1:             8135a10abc80eafa5b3ae28ffc55be4890dc4c84
 **********************************************************************************************************************************

 THRESHOLDS:

 ZERO    =  1.00D-15  ONEINT  =  1.00D-15  TWOINT  =  1.00D-15  PREFAC  =  1.00D-14  XXXXXX  =  1.00D-09  EORDER  =  1.00D-04
 ENERGY  =  1.00D-08  ETEST   =  0.00D+00  EDENS   =  0.00D+00  THRDEDEF=  1.00D-06  GRADIENT=  1.00D-02  STEP    =  1.00D-03
 ORBITAL =  1.00D-08  CIVEC   =  1.00D-05  COEFF   =  1.00D-04  PRINTCI =  5.00D-02  PUNCHCI =  9.90D+01  OPTGRAD =  3.00D-04
 OPTENERG=  1.00D-06  OPTSTEP =  3.00D-04  THRGRAD =  1.00D-10  COMPRESS=  1.00D-11  VARMIN  =  1.00D-07  VARMAX  =  1.00D-03
 THRDOUB =  0.00D+00  THRDIV  =  1.00D-05  THRRED  =  1.00D-07  THRPSP  =  1.00D+00  THRDC   =  1.00D-10  THRCS   =  1.00D-10
 THRNRM  =  1.00D-08  THREQ   =  0.00D+00  THRDE   =  1.00D+00  THRREF  =  1.00D-05  SPARFAC =  1.00D+00  THRDLP  =  1.00D-07
 THRDIA  =  1.00D-10  THRDLS  =  1.00D-07  THRGPS  =  0.00D+00  THRKEX  =  0.00D+00  THRDIS  =  2.00D-01  THRVAR  =  1.00D-10
 THRLOC  =  1.00D-06  THRGAP  =  1.00D-06  THRLOCT = -1.00D+00  THRGAPT = -1.00D+00  THRORB  =  1.00D-06  THRMLTP =  0.00D+00
 THRCPQCI=  1.00D-10  KEXTA   =  0.00D+00  THRCOARS=  0.00D+00  SYMTOL  =  1.00D-06  GRADTOL =  1.00D-06  THROVL  =  1.00D-08
 THRORTH =  1.00D-08  GRID    =  1.00D-08  GRIDMAX =  1.00D-03  DTMAX   =  0.00D+00  THROCCDE=  1.00D-01  THROCCDE=  1.00D-01
 THRPRINT=  2.50D-01


 Variable memory set to  500000000 words,  buffer space 

 SETTING GEOMTYP        =    XYZ
 ZSYMEL=NOSYM

 SETTING BASIS          =    AVTZ


 Recomputing integrals since basis changed


 Using spherical harmonics

 Library entry N      S aug-cc-pVTZ          selected for orbital group  1
 Library entry N      P aug-cc-pVTZ          selected for orbital group  1
 Library entry N      D aug-cc-pVTZ          selected for orbital group  1
 Library entry N      F aug-cc-pVTZ          selected for orbital group  1
 Library entry H      S aug-cc-pVTZ          selected for orbital group  2
 Library entry H      P aug-cc-pVTZ          selected for orbital group  2
 Library entry H      D aug-cc-pVTZ          selected for orbital group  2
 Library entry C      S aug-cc-pVTZ          selected for orbital group  3
 Library entry C      P aug-cc-pVTZ          selected for orbital group  3
 Library entry C      D aug-cc-pVTZ          selected for orbital group  3
 Library entry C      F aug-cc-pVTZ          selected for orbital group  3


 PROGRAM * SEWARD (Integral evaluation for generally contracted gaussian basis sets)     Author: Roland Lindh, 1990

 Geometry written to block  1 of record 700


 Point group  C1  



 ATOMIC COORDINATES

 NR  ATOM    CHARGE       X              Y              Z

   1  N1      7.00   -1.206857300    0.889902971    0.084222215
   2  H1      1.00    0.358961715   -0.215310032   -0.010910532
   3  H2      1.00   -2.457530140    0.153553102   -1.159665358
   4  C1      6.00   -2.265136887    0.739636116    2.630397852
   5  H3      1.00   -3.954701238    1.907196104    2.746088579
   6  H4      1.00   -2.764188408   -1.163775868    3.268190985
   7  H5      1.00   -0.907589233    1.509276846    3.970479570
   8  N2      7.00   13.485061499   -2.245092352    1.194288322
   9  H6      1.00   14.044928144   -1.726291222   -0.559349635
  10  H7      1.00   14.663399594   -3.658022275    1.714331244
  11  C2      6.00   13.787852270   -0.099855237    2.920884413
  12  H8      1.00   13.277266594   -0.694544074    4.821293366
  13  H9      1.00   15.691581853    0.697186945    2.990750865
  14  H10     1.00   12.479140616    1.385045219    2.367842370

 Bond lengths in Bohr (Angstrom)

 1-2  1.918941168  1-3  1.911452322  1-4  2.761439151  4-5  2.056990123  4-6  2.068528386
     ( 1.015459935)     ( 1.011497008)     ( 1.461290668)     ( 1.088512296)     ( 1.094618082)

  4- 7  2.056964146   8- 9  1.912551008   8-10  1.911882914   8-11  2.770353514  11-12  2.055701032
       ( 1.088498550)       ( 1.012078408)       ( 1.011724868)       ( 1.466007946)       ( 1.087830138)

 11-13  2.065028786  11-14  2.055118259
       ( 1.092766173)       ( 1.087521749)

 Bond angles

  1-4-5  109.61825688   1-4-6  115.26640673   1-4-7  109.11184884   2-1-3  106.24620114

  2-1-4  109.09178005   3-1-4  109.16631862   5-4-6  107.86599269   5-4-7  107.04188174

  6- 4- 7  107.61673376   8-11-12  108.96566474   8-11-13  114.88035325   8-11-14  108.79498984

  9- 8-10  105.63187803   9- 8-11  109.23286158  10- 8-11  109.59570301  12-11-13  108.02032199

 12-11-14  107.43539387  13-11-14  108.49916731

 NUCLEAR CHARGE:                   36
 NUMBER OF PRIMITIVE AOS:         538
 NUMBER OF SYMMETRY AOS:          482
 NUMBER OF CONTRACTIONS:          414   (  414A   )
 NUMBER OF CORE ORBITALS:           4   (    4A   )
 NUMBER OF VALENCE ORBITALS:       26   (   26A   )


 NUCLEAR REPULSION ENERGY  104.74042703


 Eigenvalues of metric

         1 0.381E-04 0.392E-04 0.613E-04 0.621E-04 0.639E-04 0.641E-04 0.132E-03 0.136E-03


 OPERATOR DM      FOR CENTER  0  COORDINATES:    0.000000    0.000000    0.000000


 **********************************************************************************************************************************
 DATASETS  * FILE   NREC   LENGTH (MB)   RECORD NAMES
              1      18       36.48       500      610      700      900      950      970     1000      129      960     1100   
                                          VAR    BASINP    GEOM    SYMINP    ZMAT    AOBASIS   BASIS     P2S    ABASIS      S 
                                         1400     1410     1200     1210     1080     1600     1650     1700   
                                           T        V       H0       H01     AOSYM     SMH    MOLCAS    OPER   

 PROGRAMS   *        TOTAL       INT
 CPU TIMES  *         0.76      0.57
 REAL TIME  *         2.15 SEC
 DISK USED  *        37.09 MB (local),      148.36 MB (total)
 GA USED    *         0.00 MB       (max)       0.00 MB       (current)
 **********************************************************************************************************************************


 PROGRAM * RHF-SCF (CLOSED SHELL)       Authors: W. Meyer, H.-J. Werner


 NUMBER OF ELECTRONS:      18+   18-    SPACE SYMMETRY=1    SPIN SYMMETRY: Singlet 
 CONVERGENCE THRESHOLDS:    1.00E-04 (Density)    1.00E-09 (Energy)
 INTEGRAL THRESHOLDS:       1.00E-11 (Initial)    1.00E-11 (Final)
 MAX. NUMBER OF ITERATIONS:       60
 INTERPOLATION TYPE:            DIIS
 INTERPOLATION STEPS:              2 (START)      1 (STEP)
 LEVEL SHIFTS:                  0.00 (CLOSED)  0.00 (OPEN) 



 Orbital guess generated from atomic densities. Full valence occupancy:   30

 Molecular orbital dump at record        2101.2

 Initial occupancy:  18

 Direct Fock-matrix evaluation.        Authors: Roland Lindh & Martin Schuetz (1993/96)

 Integral Threshold:                  0.1D-10
 Threshold for writing integrals:     0.1D-06
 Prescreening on density matrix:        ON 
 Calculation will be performed fully direct        

 ITERATION   DDIFF            GRAD            ENERGY        2-EL.EN.            DIPOLE MOMENTS         DIIS   CPU(IT)  CPU(TOT)
    1      0.000D+00      0.000D+00      -190.45098105    340.598314    0.65234   -0.63422   -0.03167    0     22.9     26.5     start
    2      0.000D+00      0.262D-02      -190.50226214    336.294835    0.37846   -0.33615    0.05007    1     20.6     47.1     diag
    3      0.301D-02      0.110D-02      -190.50978620    338.344505    0.44395   -0.38856    0.09406    2     19.9     67.0     diag
    4      0.832D-03      0.326D-03      -190.51082901    337.920301    0.44000   -0.38389    0.09542    3     19.3     86.3     diag
    5      0.299D-03      0.633D-04      -190.51088184    337.933032    0.43765   -0.37867    0.10411    4     18.5    104.8     diag
    6      0.562D-04      0.152D-04      -190.51088527    337.940020    0.43831   -0.37917    0.10461    5     17.5    122.3     diag
    7      0.173D-04      0.425D-05      -190.51088552    337.936153    0.43842   -0.37907    0.10519    6     16.9    139.3     diag
    8      0.460D-05      0.113D-05      -190.51088555    337.936731    0.43841   -0.37900    0.10537    7     15.8    155.0     diag
    9      0.193D-05      0.293D-06      -190.51088555    337.936602    0.43842   -0.37900    0.10539    0     14.3    169.4     orth

 Final occupancy:  18

 !RHF STATE  1.1 Energy              -190.510885551200
 Nuclear energy                       104.74042703
 One-electron energy                 -464.21961379
 Two-electron energy                  168.96830120
 Virial quotient                       -1.00138711
 !RHF STATE  1.1 Dipole moment          0.43842058    -0.37899667     0.10539371
 Dipole moment /Debye                   1.11428097    -0.96325036     0.26786655

 Orbital energies:

         1.1          2.1          3.1          4.1          5.1          6.1          7.1          8.1          9.1         10.1
    -15.540414   -15.538321   -11.240541   -11.238093    -1.170808    -1.169224    -0.896535    -0.893364    -0.661965    -0.660416

        11.1         12.1         13.1         14.1         15.1         16.1         17.1         18.1         19.1         20.1
     -0.604506    -0.601861    -0.555152    -0.553294    -0.517330    -0.513958    -0.394301    -0.391423     0.027442     0.033045


 HOMO     18.1    -0.391423 =     -10.6512eV
 LUMO     19.1     0.027442 =       0.7467eV
 LUMO-HOMO         0.418865 =      11.3979eV


 **********************************************************************************************************************************
 DATASETS  * FILE   NREC   LENGTH (MB)   RECORD NAMES
              1      18       36.48       500      610      700      900      950      970     1000      129      960     1100   
                                          VAR    BASINP    GEOM    SYMINP    ZMAT    AOBASIS   BASIS     P2S    ABASIS      S 
                                         1400     1410     1200     1210     1080     1600     1650     1700   
                                           T        V       H0       H01     AOSYM     SMH    MOLCAS    OPER   

              2       4        6.47       700     1000      520     2101   
                                         GEOM     BASIS   MCVARS     RHF  

 PROGRAMS   *        TOTAL   RHF-SCF       INT
 CPU TIMES  *       170.27    169.51      0.57
 REAL TIME  *       174.58 SEC
 DISK USED  *        54.05 MB (local),      216.20 MB (total)
 SF USED    *         2.06 MB
 GA USED    *         0.00 MB       (max)       0.00 MB       (current)
 **********************************************************************************************************************************
 SETTING EAB_HF         =      -190.51088555  AU                              

 Dummy atoms: N2  H6  H7  C2  H8  H9  H10


 Recomputing one-electron integrals since nuclear charges changed


 PROGRAM * SEWARD (Integral evaluation for generally contracted gaussian basis sets)     Author: Roland Lindh, 1990

 Geometry written to block  1 of record 700


 Point group  C1  



 ATOMIC COORDINATES

 NR  ATOM    CHARGE       X              Y              Z

   1  N1      7.00   -1.206857300    0.889902971    0.084222215
   2  H1      1.00    0.358961715   -0.215310032   -0.010910532
   3  H2      1.00   -2.457530140    0.153553102   -1.159665358
   4  C1      6.00   -2.265136887    0.739636116    2.630397852
   5  H3      1.00   -3.954701238    1.907196104    2.746088579
   6  H4      1.00   -2.764188408   -1.163775868    3.268190985
   7  H5      1.00   -0.907589233    1.509276846    3.970479570
   8  N2      0.00   13.485061499   -2.245092352    1.194288322
   9  H6      0.00   14.044928144   -1.726291222   -0.559349635
  10  H7      0.00   14.663399594   -3.658022275    1.714331244
  11  C2      0.00   13.787852270   -0.099855237    2.920884413
  12  H8      0.00   13.277266594   -0.694544074    4.821293366
  13  H9      0.00   15.691581853    0.697186945    2.990750865
  14  H10     0.00   12.479140616    1.385045219    2.367842370

 Bond lengths in Bohr (Angstrom)

 1-2  1.918941168  1-3  1.911452322  1-4  2.761439151  4-5  2.056990123  4-6  2.068528386
     ( 1.015459935)     ( 1.011497008)     ( 1.461290668)     ( 1.088512296)     ( 1.094618082)

  4- 7  2.056964146   8- 9  1.912551008   8-10  1.911882914   8-11  2.770353514  11-12  2.055701032
       ( 1.088498550)       ( 1.012078408)       ( 1.011724868)       ( 1.466007946)       ( 1.087830138)

 11-13  2.065028786  11-14  2.055118259
       ( 1.092766173)       ( 1.087521749)

 Bond angles

  1-4-5  109.61825688   1-4-6  115.26640673   1-4-7  109.11184884   2-1-3  106.24620114

  2-1-4  109.09178005   3-1-4  109.16631862   5-4-6  107.86599269   5-4-7  107.04188174

  6- 4- 7  107.61673376   8-11-12  108.96566474   8-11-13  114.88035325   8-11-14  108.79498984

  9- 8-10  105.63187803   9- 8-11  109.23286158  10- 8-11  109.59570301  12-11-13  108.02032199

 12-11-14  107.43539387  13-11-14  108.49916731

 NUCLEAR CHARGE:                   18
 NUMBER OF PRIMITIVE AOS:         538
 NUMBER OF SYMMETRY AOS:          482
 NUMBER OF CONTRACTIONS:          414   (  414A   )
 NUMBER OF CORE ORBITALS:           2   (    2A   )
 NUMBER OF VALENCE ORBITALS:       13   (   13A   )

 MOLECULE CHANGED: INITIALIZING OCCUPATION AND DUMP RECORDS


 NUCLEAR REPULSION ENERGY   42.09217566


 Eigenvalues of metric

         1 0.381E-04 0.392E-04 0.613E-04 0.621E-04 0.639E-04 0.641E-04 0.132E-03 0.136E-03


 OPERATOR DM      FOR CENTER  0  COORDINATES:    0.000000    0.000000    0.000000


 **********************************************************************************************************************************
 DATASETS  * FILE   NREC   LENGTH (MB)   RECORD NAMES
              1      18       36.48       500      610      700      900      950      970     1000      129      960     1100   
                                          VAR    BASINP    GEOM    SYMINP    ZMAT    AOBASIS   BASIS     P2S    ABASIS      S 
                                         1400     1410     1200     1210     1080     1600     1650     1700   
                                           T        V       H0       H01     AOSYM     SMH    MOLCAS    OPER   

              2       4        6.47       700     1000      520     2101   
                                         GEOM     BASIS   MCVARS     RHF  

 PROGRAMS   *        TOTAL       INT   RHF-SCF       INT
 CPU TIMES  *       170.52      0.24    169.51      0.57
 REAL TIME  *       174.96 SEC
 DISK USED  *        54.05 MB (local),      216.20 MB (total)
 SF USED    *         2.06 MB
 GA USED    *         0.00 MB       (max)       0.00 MB       (current)
 **********************************************************************************************************************************


 PROGRAM * RHF-SCF (CLOSED SHELL)       Authors: W. Meyer, H.-J. Werner


 NUMBER OF ELECTRONS:       9+    9-    SPACE SYMMETRY=1    SPIN SYMMETRY: Singlet 
 CONVERGENCE THRESHOLDS:    1.00E-04 (Density)    1.00E-09 (Energy)
 INTEGRAL THRESHOLDS:       1.00E-11 (Initial)    1.00E-11 (Final)
 MAX. NUMBER OF ITERATIONS:       60
 INTERPOLATION TYPE:            DIIS
 INTERPOLATION STEPS:              2 (START)      1 (STEP)
 LEVEL SHIFTS:                  0.00 (CLOSED)  0.00 (OPEN) 



 Orbital guess generated from atomic densities. Full valence occupancy:   15

 Molecular orbital dump at record        2201.2

 Initial occupancy:   9

 Direct Fock-matrix evaluation.        Authors: Roland Lindh & Martin Schuetz (1993/96)

 Integral Threshold:                  0.1D-10
 Threshold for writing integrals:     0.1D-06
 Prescreening on density matrix:        ON 
 Calculation will be performed fully direct        

 ITERATION   DDIFF            GRAD            ENERGY        2-EL.EN.            DIPOLE MOMENTS         DIIS   CPU(IT)  CPU(TOT)
    1      0.000D+00      0.000D+00       -95.22533948    149.690582   -0.11877   -0.77637    0.05544    0     21.4     25.0     start
    2      0.000D+00      0.259D-02       -95.25101354    147.558498   -0.08788   -0.45568    0.07220    1     19.3     44.4     diag
    3      0.213D-02      0.109D-02       -95.25478018    148.576999   -0.11402   -0.54893    0.10789    2     18.2     62.6     diag
    4      0.587D-03      0.322D-03       -95.25530213    148.364712   -0.11397   -0.54427    0.10840    3     17.5     80.1     diag
    5      0.211D-03      0.627D-04       -95.25532856    148.371183   -0.11602   -0.54332    0.11347    4     16.3     96.4     diag
    6      0.398D-04      0.150D-04       -95.25533027    148.374548   -0.11632   -0.54428    0.11389    5     15.2    111.6     diag
    7      0.122D-04      0.420D-05       -95.25533039    148.372592   -0.11651   -0.54455    0.11427    6     14.1    125.7     diag
    8      0.324D-05      0.112D-05       -95.25533041    148.372878   -0.11657   -0.54458    0.11438    7     13.1    138.8     diag
    9      0.134D-05      0.288D-06       -95.25533041    148.372813   -0.11657   -0.54459    0.11439    0     11.0    149.8     orth

 Final occupancy:   9

 !RHF STATE  1.1 Energy               -95.255330409350
 Nuclear energy                        42.09217566
 One-electron energy                 -211.53391247
 Two-electron energy                   74.18640640
 Virial quotient                       -1.00139863
 !RHF STATE  1.1 Dipole moment         -0.11657225    -0.54458819     0.11439290
 Dipole moment /Debye                  -0.29627770    -1.38411445     0.29073871

 Orbital energies:

         1.1          2.1          3.1          4.1          5.1          6.1          7.1          8.1          9.1         10.1
    -15.540738   -11.240248    -1.171600    -0.895580    -0.662799    -0.604120    -0.555537    -0.516177    -0.393749     0.019947

        11.1
      0.030884


 HOMO      9.1    -0.393749 =     -10.7145eV
 LUMO     10.1     0.019947 =       0.5428eV
 LUMO-HOMO         0.413696 =      11.2572eV


 **********************************************************************************************************************************
 DATASETS  * FILE   NREC   LENGTH (MB)   RECORD NAMES
              1      18       36.48       500      610      700      900      950      970     1000      129      960     1100   
                                          VAR    BASINP    GEOM    SYMINP    ZMAT    AOBASIS   BASIS     P2S    ABASIS      S 
                                         1400     1410     1200     1210     1080     1600     1650     1700   
                                           T        V       H0       H01     AOSYM     SMH    MOLCAS    OPER   

              2       5       15.84       700     1000      520     2101     2201   
                                         GEOM     BASIS   MCVARS     RHF      RHF  

 PROGRAMS   *        TOTAL   RHF-SCF       INT   RHF-SCF       INT
 CPU TIMES  *       320.49    149.97      0.24    169.51      0.57
 REAL TIME  *       326.61 SEC
 DISK USED  *        63.42 MB (local),      253.69 MB (total)
 SF USED    *         2.06 MB
 GA USED    *         0.00 MB       (max)       0.00 MB       (current)
 **********************************************************************************************************************************
 SETTING EA_HF          =       -95.25533041  AU                              

 Dummy atoms: N1  H1  H2  C1  H3  H4  H5


 Recomputing one-electron integrals since nuclear charges changed


 PROGRAM * SEWARD (Integral evaluation for generally contracted gaussian basis sets)     Author: Roland Lindh, 1990

 Geometry written to block  1 of record 700


 Point group  C1  



 ATOMIC COORDINATES

 NR  ATOM    CHARGE       X              Y              Z

   1  N1      0.00   -1.206857300    0.889902971    0.084222215
   2  H1      0.00    0.358961715   -0.215310032   -0.010910532
   3  H2      0.00   -2.457530140    0.153553102   -1.159665358
   4  C1      0.00   -2.265136887    0.739636116    2.630397852
   5  H3      0.00   -3.954701238    1.907196104    2.746088579
   6  H4      0.00   -2.764188408   -1.163775868    3.268190985
   7  H5      0.00   -0.907589233    1.509276846    3.970479570
   8  N2      7.00   13.485061499   -2.245092352    1.194288322
   9  H6      1.00   14.044928144   -1.726291222   -0.559349635
  10  H7      1.00   14.663399594   -3.658022275    1.714331244
  11  C2      6.00   13.787852270   -0.099855237    2.920884413
  12  H8      1.00   13.277266594   -0.694544074    4.821293366
  13  H9      1.00   15.691581853    0.697186945    2.990750865
  14  H10     1.00   12.479140616    1.385045219    2.367842370

 Bond lengths in Bohr (Angstrom)

 1-2  1.918941168  1-3  1.911452322  1-4  2.761439151  4-5  2.056990123  4-6  2.068528386
     ( 1.015459935)     ( 1.011497008)     ( 1.461290668)     ( 1.088512296)     ( 1.094618082)

  4- 7  2.056964146   8- 9  1.912551008   8-10  1.911882914   8-11  2.770353514  11-12  2.055701032
       ( 1.088498550)       ( 1.012078408)       ( 1.011724868)       ( 1.466007946)       ( 1.087830138)

 11-13  2.065028786  11-14  2.055118259
       ( 1.092766173)       ( 1.087521749)

 Bond angles

  1-4-5  109.61825688   1-4-6  115.26640673   1-4-7  109.11184884   2-1-3  106.24620114

  2-1-4  109.09178005   3-1-4  109.16631862   5-4-6  107.86599269   5-4-7  107.04188174

  6- 4- 7  107.61673376   8-11-12  108.96566474   8-11-13  114.88035325   8-11-14  108.79498984

  9- 8-10  105.63187803   9- 8-11  109.23286158  10- 8-11  109.59570301  12-11-13  108.02032199

 12-11-14  107.43539387  13-11-14  108.49916731

 NUCLEAR CHARGE:                   18
 NUMBER OF PRIMITIVE AOS:         538
 NUMBER OF SYMMETRY AOS:          482
 NUMBER OF CONTRACTIONS:          414   (  414A   )
 NUMBER OF CORE ORBITALS:           2   (    2A   )
 NUMBER OF VALENCE ORBITALS:       13   (   13A   )

 MOLECULE CHANGED: INITIALIZING OCCUPATION AND DUMP RECORDS


 NUCLEAR REPULSION ENERGY   42.05982949


 Eigenvalues of metric

         1 0.381E-04 0.392E-04 0.613E-04 0.621E-04 0.639E-04 0.641E-04 0.132E-03 0.136E-03


 OPERATOR DM      FOR CENTER  0  COORDINATES:    0.000000    0.000000    0.000000


 **********************************************************************************************************************************
 DATASETS  * FILE   NREC   LENGTH (MB)   RECORD NAMES
              1      18       36.48       500      610      700      900      950      970     1000      129      960     1100   
                                          VAR    BASINP    GEOM    SYMINP    ZMAT    AOBASIS   BASIS     P2S    ABASIS      S 
                                         1400     1410     1200     1210     1080     1600     1650     1700   
                                           T        V       H0       H01     AOSYM     SMH    MOLCAS    OPER   

              2       5       15.84       700     1000      520     2101     2201   
                                         GEOM     BASIS   MCVARS     RHF      RHF  

 PROGRAMS   *        TOTAL       INT   RHF-SCF       INT   RHF-SCF       INT
 CPU TIMES  *       320.74      0.24    149.97      0.24    169.51      0.57
 REAL TIME  *       326.99 SEC
 DISK USED  *        63.42 MB (local),      253.69 MB (total)
 SF USED    *         2.06 MB
 GA USED    *         0.00 MB       (max)       0.00 MB       (current)
 **********************************************************************************************************************************


 PROGRAM * RHF-SCF (CLOSED SHELL)       Authors: W. Meyer, H.-J. Werner


 NUMBER OF ELECTRONS:       9+    9-    SPACE SYMMETRY=1    SPIN SYMMETRY: Singlet 
 CONVERGENCE THRESHOLDS:    1.00E-04 (Density)    1.00E-09 (Energy)
 INTEGRAL THRESHOLDS:       1.00E-11 (Initial)    1.00E-11 (Final)
 MAX. NUMBER OF ITERATIONS:       60
 INTERPOLATION TYPE:            DIIS
 INTERPOLATION STEPS:              2 (START)      1 (STEP)
 LEVEL SHIFTS:                  0.00 (CLOSED)  0.00 (OPEN) 



 Orbital guess generated from atomic densities. Full valence occupancy:   15

 Molecular orbital dump at record        2301.2

 Initial occupancy:   9

 Direct Fock-matrix evaluation.        Authors: Roland Lindh & Martin Schuetz (1993/96)

 Integral Threshold:                  0.1D-10
 Threshold for writing integrals:     0.1D-06
 Prescreening on density matrix:        ON 
 Calculation will be performed fully direct        

 ITERATION   DDIFF            GRAD            ENERGY        2-EL.EN.            DIPOLE MOMENTS         DIIS   CPU(IT)  CPU(TOT)
    1      0.000D+00      0.000D+00       -95.22543248    149.626465    0.77111    0.14215   -0.08711    0     21.1     24.7     start
    2      0.000D+00      0.259D-02       -95.25109724    147.499914    0.45600    0.11890   -0.02192    1     19.1     43.7     diag
    3      0.214D-02      0.109D-02       -95.25486997    148.515805    0.55043    0.16010   -0.01305    2     18.3     62.0     diag
    4      0.590D-03      0.322D-03       -95.25539116    148.304964    0.54607    0.16027   -0.01183    3     17.4     79.4     diag
    5      0.212D-03      0.627D-04       -95.25541765    148.311153    0.54551    0.16453   -0.00814    4     16.0     95.4     diag
    6      0.397D-04      0.150D-04       -95.25541937    148.314571    0.54650    0.16503   -0.00800    5     15.1    110.4     diag
    7      0.123D-04      0.421D-05       -95.25541950    148.312600    0.54680    0.16540   -0.00778    6     13.8    124.2     diag
    8      0.327D-05      0.113D-05       -95.25541952    148.312885    0.54684    0.16550   -0.00771    7     13.1    137.2     diag
    9      0.138D-05      0.290D-06       -95.25541952    148.312819    0.54685    0.16551   -0.00770    0     10.9    148.2     orth

 Final occupancy:   9

 !RHF STATE  1.1 Energy               -95.255419516228
 Nuclear energy                        42.05982949
 One-electron energy                 -211.47165850
 Two-electron energy                   74.15640950
 Virial quotient                       -1.00137103
 !RHF STATE  1.1 Dipole moment          0.54685091     0.16551205    -0.00769811
 Dipole moment /Debye                   1.38986535     0.42066213    -0.01956536

 Orbital energies:

         1.1          2.1          3.1          4.1          5.1          6.1          7.1          8.1          9.1         10.1
    -15.540071   -11.240420    -1.170511    -0.896363    -0.661683    -0.604301    -0.554947    -0.517163    -0.393961     0.022964

        11.1
      0.030232


 HOMO      9.1    -0.393961 =     -10.7202eV
 LUMO     10.1     0.022964 =       0.6249eV
 LUMO-HOMO         0.416925 =      11.3451eV


 **********************************************************************************************************************************
 DATASETS  * FILE   NREC   LENGTH (MB)   RECORD NAMES
              1      18       36.48       500      610      700      900      950      970     1000      129      960     1100   
                                          VAR    BASINP    GEOM    SYMINP    ZMAT    AOBASIS   BASIS     P2S    ABASIS      S 
                                         1400     1410     1200     1210     1080     1600     1650     1700   
                                           T        V       H0       H01     AOSYM     SMH    MOLCAS    OPER   

              2       6       25.21       700     1000      520     2101     2201     2301   
                                         GEOM     BASIS   MCVARS     RHF      RHF      RHF  

 PROGRAMS   *        TOTAL   RHF-SCF       INT   RHF-SCF       INT   RHF-SCF       INT
 CPU TIMES  *       469.06    148.32      0.24    149.97      0.24    169.51      0.57
 REAL TIME  *       477.06 SEC
 DISK USED  *        72.79 MB (local),      291.18 MB (total)
 SF USED    *         2.06 MB
 GA USED    *         0.00 MB       (max)       0.00 MB       (current)
 **********************************************************************************************************************************
 SETTING EB_HF          =       -95.25541952  AU                              
 SETTING E_AB_INT       =        -0.00013563  AU                              

 *** results in hartree
 E_AB_INT         =        -0.00013563 AU
 Molecular orbitals read from record     2301.2  Type=RHF/CANONICAL (state 1.1)
 Occupation numbers read from record     2301.2  Type=RHF/RHF (state 1.1)
 Orbital energies read from record       2301.2  Type=RHF/CANONICAL (state 1.1)
 Redundancy group numbers read from rec  2301.2  Type=RHF/RHF (state 1.1)

 RHF/aug-cc-pVTZ energy=    -95.255419516228

         RHF-SCF         RHF-SCF         RHF-SCF
    -95.25541952    -95.25533041   -190.51088555
 **********************************************************************************************************************************
 Molpro calculation terminated
