
 Primary working directories    : /scratch/sirous/44012/molpro.e40OTIpqPe
 Secondary working directories  : /scratch/sirous/44012/molpro.e40OTIpqPe
 Wavefunction directory         : /scratch/sirous/44012/
 Main file repository           : /scratch/sirous/44012/molpro.e40OTIpqPe/

 id        : karlovklimes

 Nodes                      nprocs
 nc-15.cc.karlov.mff.cuni.cz    4

 Using customized tuning parameters: mindgm=1; mindgv=20; mindgc=4; mindgr=1; noblas=0; minvec=7
 default implementation of scratch files=sf  


 Variables initialized (934), CPU time= 0.01 sec
 ***,CH3C6H4CN+CF3CN+BF3
 memory,500,m
 gdirect
 gthresh,energy=1.d-8,twoint=1.d-15,oneint=1.d-15,zero=1.d-15,orbital=1.d-8,grid=1.d-8
 symmetry,nosym
 geomtyp=xyz
                                                                                 ! Geometry
 geometry={
 O1        -0.706920192    0.045830367     0.006386104
 H1        0.265623615    0.071710143     0.001339293
 C1        -1.076670667    -1.313915813     0.001614280
 H2        -2.162923576    -1.363195770     0.005865424
 H3        -0.723405945    -1.844651676     -0.887743498
 H4        -0.716079778    -1.852820828     0.883079775
 N1        2.231913573    -0.038132577     -0.003412437
 H5        2.602533125    0.469643929     0.789719954
 H6        2.602656413    0.426205990     -0.822671271
 C2        2.709665509    -1.424166024     0.034048768
 H7        2.317780672    -1.958191301     -0.828142961
 H8        3.796376665    -1.530901192     0.037083263
 H9        2.317539108    -1.910896193     0.923680915
 }
 
 
 
 basis=avtz
 
 
 
                                                                                 ! Dimer Calculation
 {rhf,accu=1.d-8;orbital,2101.2}
 eab_HF=energy
 
 
                                                                                 !monomer A
 dummy,7,8,9,10,11,12,13;                                                        ! NOW MONOMER B IS DUMMY
 {rhf,accu=1.d-8;orbital,2201.2}
 ea_HF=energy
                                                                                 !monomer B
 dummy,1,2,3,4,5,6;                                                              !NOW MONOMER A IS DUMMY
 {rhf,accu=1.d-8;orbital,2301.2}
 eb_HF=energy
 
 E_AB_int=eab_HF-ea_HF-eb_HF
 
 
 text,results in hartree
 show,E_AB_int
 
 Commands  initialized (763), CPU time= 0.02 sec, 617 directives.
 Default parameters read. Elapsed time= 0.20 sec

 Checking input...
 Passed
1


                                         ***  PROGRAM SYSTEM MOLPRO  ***
                                       Copyright, TTI GmbH Stuttgart, 2015
                                    Version 2019.2 linked Jun  8 2019 11:26:33


 **********************************************************************************************************************************
 LABEL *   CH3C6H4CN+CF3CN+BF3                                                           
  64 bit mpp version                                                                     DATE: 09-Oct-19          TIME: 11:04:00  
 **********************************************************************************************************************************

 SHA1:             8135a10abc80eafa5b3ae28ffc55be4890dc4c84
 **********************************************************************************************************************************

 THRESHOLDS:

 ZERO    =  1.00D-15  ONEINT  =  1.00D-15  TWOINT  =  1.00D-15  PREFAC  =  1.00D-14  XXXXXX  =  1.00D-09  EORDER  =  1.00D-04
 ENERGY  =  1.00D-08  ETEST   =  0.00D+00  EDENS   =  0.00D+00  THRDEDEF=  1.00D-06  GRADIENT=  1.00D-02  STEP    =  1.00D-03
 ORBITAL =  1.00D-08  CIVEC   =  1.00D-05  COEFF   =  1.00D-04  PRINTCI =  5.00D-02  PUNCHCI =  9.90D+01  OPTGRAD =  3.00D-04
 OPTENERG=  1.00D-06  OPTSTEP =  3.00D-04  THRGRAD =  1.00D-10  COMPRESS=  1.00D-11  VARMIN  =  1.00D-07  VARMAX  =  1.00D-03
 THRDOUB =  0.00D+00  THRDIV  =  1.00D-05  THRRED  =  1.00D-07  THRPSP  =  1.00D+00  THRDC   =  1.00D-10  THRCS   =  1.00D-10
 THRNRM  =  1.00D-08  THREQ   =  0.00D+00  THRDE   =  1.00D+00  THRREF  =  1.00D-05  SPARFAC =  1.00D+00  THRDLP  =  1.00D-07
 THRDIA  =  1.00D-10  THRDLS  =  1.00D-07  THRGPS  =  0.00D+00  THRKEX  =  0.00D+00  THRDIS  =  2.00D-01  THRVAR  =  1.00D-10
 THRLOC  =  1.00D-06  THRGAP  =  1.00D-06  THRLOCT = -1.00D+00  THRGAPT = -1.00D+00  THRORB  =  1.00D-06  THRMLTP =  0.00D+00
 THRCPQCI=  1.00D-10  KEXTA   =  0.00D+00  THRCOARS=  0.00D+00  SYMTOL  =  1.00D-06  GRADTOL =  1.00D-06  THROVL  =  1.00D-08
 THRORTH =  1.00D-08  GRID    =  1.00D-08  GRIDMAX =  1.00D-03  DTMAX   =  0.00D+00  THROCCDE=  1.00D-01  THROCCDE=  1.00D-01
 THRPRINT=  2.50D-01


 Variable memory set to  500000000 words,  buffer space 

 SETTING GEOMTYP        =    XYZ
 ZSYMEL=NOSYM

 SETTING BASIS          =    AVTZ


 Recomputing integrals since basis changed


 Using spherical harmonics

 Library entry O      S aug-cc-pVTZ          selected for orbital group  1
 Library entry O      P aug-cc-pVTZ          selected for orbital group  1
 Library entry O      D aug-cc-pVTZ          selected for orbital group  1
 Library entry O      F aug-cc-pVTZ          selected for orbital group  1
 Library entry H      S aug-cc-pVTZ          selected for orbital group  2
 Library entry H      P aug-cc-pVTZ          selected for orbital group  2
 Library entry H      D aug-cc-pVTZ          selected for orbital group  2
 Library entry C      S aug-cc-pVTZ          selected for orbital group  3
 Library entry C      P aug-cc-pVTZ          selected for orbital group  3
 Library entry C      D aug-cc-pVTZ          selected for orbital group  3
 Library entry C      F aug-cc-pVTZ          selected for orbital group  3
 Library entry N      S aug-cc-pVTZ          selected for orbital group  5
 Library entry N      P aug-cc-pVTZ          selected for orbital group  5
 Library entry N      D aug-cc-pVTZ          selected for orbital group  5
 Library entry N      F aug-cc-pVTZ          selected for orbital group  5


 PROGRAM * SEWARD (Integral evaluation for generally contracted gaussian basis sets)     Author: Roland Lindh, 1990

 Geometry written to block  1 of record 700


 Point group  C1  



 ATOMIC COORDINATES

 NR  ATOM    CHARGE       X              Y              Z

   1  O1      8.00   -1.335885555    0.086606842    0.012067988
   2  H1      1.00    0.501955885    0.135512531    0.002530897
   3  C1      6.00   -2.034612687   -2.482941037    0.003050547
   4  H2      1.00   -4.087333187   -2.576066659    0.011084045
   5  H3      1.00   -1.367039113   -3.485886463   -1.677592080
   6  H4      1.00   -1.353194664   -3.501323923    1.668778921
   7  N1      7.00    4.217705387   -0.072060127   -0.006448571
   8  H5      1.00    4.918074836    0.887498402    1.492354428
   9  H6      1.00    4.918307817    0.805412594   -1.554623393
  10  C2      6.00    5.120525701   -2.691283741    0.064342846
  11  H7      1.00    4.379970687   -3.700445258   -1.564963388
  12  H8      1.00    7.174112163   -2.892983977    0.070077211
  13  H9      1.00    4.379514197   -3.611070457    1.745503956

 Bond lengths in Bohr (Angstrom)

 1-2  1.838516761  1-3  2.662870110  3-4  2.054847530  3-5  2.067876603  3-6  2.067869735
     ( 0.972901172)     ( 1.409130178)     ( 1.087378485)     ( 1.094273173)     ( 1.094269539)

  7- 8  1.912506305   7- 9  1.912497691   7-10  2.771358563  10-11  2.054621012  10-12  2.063476005
       ( 1.012054752)       ( 1.012050194)       ( 1.466539795)       ( 1.087258617)       ( 1.091944477)

 10-13  2.054606611
       ( 1.087250996)

 Bond angles

  1-3-4  107.80889360   1-3-5  112.70939660   1-3-6  112.70742448   2-1-3  106.73530620

  4- 3- 5  107.67954830   4- 3- 6  107.68099728   5- 3- 6  108.02575013   7-10-11  109.05828427

  7-10-12  114.62388023   7-10-13  109.05680439   8- 7- 9  105.66707883   8- 7-10  109.56459378

  9- 7-10  109.57028935  11-10-12  108.23406660  11-10-13  107.39674280  12-10-13  108.23392760

 NUCLEAR CHARGE:                   36
 NUMBER OF PRIMITIVE AOS:         511
 NUMBER OF SYMMETRY AOS:          457
 NUMBER OF CONTRACTIONS:          391   (  391A   )
 NUMBER OF CORE ORBITALS:           4   (    4A   )
 NUMBER OF VALENCE ORBITALS:       25   (   25A   )


 NUCLEAR REPULSION ENERGY  131.39408340


 Eigenvalues of metric

         1 0.168E-04 0.272E-04 0.343E-04 0.455E-04 0.467E-04 0.561E-04 0.703E-04 0.740E-04


 OPERATOR DM      FOR CENTER  0  COORDINATES:    0.000000    0.000000    0.000000


 **********************************************************************************************************************************
 DATASETS  * FILE   NREC   LENGTH (MB)   RECORD NAMES
              1      18       35.79       500      610      700      900      950      970     1000      129      960     1100   
                                          VAR    BASINP    GEOM    SYMINP    ZMAT    AOBASIS   BASIS     P2S    ABASIS      S 
                                         1400     1410     1200     1210     1080     1600     1650     1700   
                                           T        V       H0       H01     AOSYM     SMH    MOLCAS    OPER   

 PROGRAMS   *        TOTAL       INT
 CPU TIMES  *         0.72      0.53
 REAL TIME  *         3.77 SEC
 DISK USED  *        36.37 MB (local),      145.50 MB (total)
 GA USED    *         0.00 MB       (max)       0.00 MB       (current)
 **********************************************************************************************************************************


 PROGRAM * RHF-SCF (CLOSED SHELL)       Authors: W. Meyer, H.-J. Werner


 NUMBER OF ELECTRONS:      18+   18-    SPACE SYMMETRY=1    SPIN SYMMETRY: Singlet 
 CONVERGENCE THRESHOLDS:    1.00E-04 (Density)    1.00E-09 (Energy)
 INTEGRAL THRESHOLDS:       1.00E-11 (Initial)    1.00E-11 (Final)
 MAX. NUMBER OF ITERATIONS:       60
 INTERPOLATION TYPE:            DIIS
 INTERPOLATION STEPS:              2 (START)      1 (STEP)
 LEVEL SHIFTS:                  0.00 (CLOSED)  0.00 (OPEN) 



 Orbital guess generated from atomic densities. Full valence occupancy:   29

 Molecular orbital dump at record        2101.2

 Initial occupancy:  18

 Direct Fock-matrix evaluation.        Authors: Roland Lindh & Martin Schuetz (1993/96)

 Integral Threshold:                  0.1D-10
 Threshold for writing integrals:     0.1D-06
 Prescreening on density matrix:        ON 
 Calculation will be performed fully direct        

 ITERATION   DDIFF            GRAD            ENERGY        2-EL.EN.            DIPOLE MOMENTS         DIIS   CPU(IT)  CPU(TOT)
    1      0.000D+00      0.000D+00      -210.29098479    412.047042    1.80190   -0.61921   -0.01117    0     33.1     36.5     start
    2      0.000D+00      0.295D-02      -210.34266823    407.838180    1.31838   -0.35350   -0.00381    1     31.4     67.9     diag
    3      0.342D-02      0.148D-02      -210.35278816    409.776671    1.39044   -0.50114   -0.00510    2     30.8     98.7     diag
    4      0.100D-02      0.376D-03      -210.35389139    409.524353    1.37546   -0.48451   -0.00492    3     30.5    129.2     diag
    5      0.370D-03      0.679D-04      -210.35394623    409.477730    1.36624   -0.49010   -0.00481    4     29.5    158.7     diag
    6      0.875D-04      0.218D-04      -210.35395056    409.498157    1.36625   -0.49045   -0.00480    5     28.4    187.2     diag
    7      0.234D-04      0.679D-05      -210.35395105    409.492360    1.36592   -0.49069   -0.00481    6     27.5    214.7     diag
    8      0.777D-05      0.139D-05      -210.35395108    409.492177    1.36579   -0.49084   -0.00480    7     25.9    240.6     diag
    9      0.204D-05      0.485D-06      -210.35395108    409.492450    1.36573   -0.49080   -0.00481    0     24.0    264.6     orth

 Final occupancy:  18

 !RHF STATE  1.1 Energy              -210.353951082761
 Nuclear energy                       131.39408340
 One-electron energy                 -546.49425958
 Two-electron energy                  204.74622509
 Virial quotient                       -1.00131132
 !RHF STATE  1.1 Dipole moment          1.36573204    -0.49080307    -0.00480575
 Dipole moment /Debye                   3.47111724    -1.24741527    -0.01221420

 Orbital energies:

         1.1          2.1          3.1          4.1          5.1          6.1          7.1          8.1          9.1         10.1
    -20.520671   -15.564281   -11.257627   -11.249381    -1.325677    -1.195181    -0.916922    -0.900103    -0.684688    -0.670162

        11.1         12.1         13.1         14.1         15.1         16.1         17.1         18.1         19.1         20.1
     -0.622646    -0.595562    -0.575228    -0.567430    -0.536258    -0.482757    -0.419744    -0.416587     0.024030     0.037629


 HOMO     18.1    -0.416587 =     -11.3359eV
 LUMO     19.1     0.024030 =       0.6539eV
 LUMO-HOMO         0.440617 =      11.9898eV


 **********************************************************************************************************************************
 DATASETS  * FILE   NREC   LENGTH (MB)   RECORD NAMES
              1      18       35.79       500      610      700      900      950      970     1000      129      960     1100   
                                          VAR    BASINP    GEOM    SYMINP    ZMAT    AOBASIS   BASIS     P2S    ABASIS      S 
                                         1400     1410     1200     1210     1080     1600     1650     1700   
                                           T        V       H0       H01     AOSYM     SMH    MOLCAS    OPER   

              2       4        6.08       700     1000      520     2101   
                                         GEOM     BASIS   MCVARS     RHF  

 PROGRAMS   *        TOTAL   RHF-SCF       INT
 CPU TIMES  *       265.45    264.73      0.53
 REAL TIME  *       270.32 SEC
 DISK USED  *        51.77 MB (local),      207.10 MB (total)
 SF USED    *         1.84 MB
 GA USED    *         0.00 MB       (max)       0.00 MB       (current)
 **********************************************************************************************************************************
 SETTING EAB_HF         =      -210.35395108  AU                              

 Dummy atoms: N1  H5  H6  C2  H7  H8  H9


 Recomputing one-electron integrals since nuclear charges changed


 PROGRAM * SEWARD (Integral evaluation for generally contracted gaussian basis sets)     Author: Roland Lindh, 1990

 Geometry written to block  1 of record 700


 Point group  C1  



 ATOMIC COORDINATES

 NR  ATOM    CHARGE       X              Y              Z

   1  O1      8.00   -1.335885555    0.086606842    0.012067988
   2  H1      1.00    0.501955885    0.135512531    0.002530897
   3  C1      6.00   -2.034612687   -2.482941037    0.003050547
   4  H2      1.00   -4.087333187   -2.576066659    0.011084045
   5  H3      1.00   -1.367039113   -3.485886463   -1.677592080
   6  H4      1.00   -1.353194664   -3.501323923    1.668778921
   7  N1      0.00    4.217705387   -0.072060127   -0.006448571
   8  H5      0.00    4.918074836    0.887498402    1.492354428
   9  H6      0.00    4.918307817    0.805412594   -1.554623393
  10  C2      0.00    5.120525701   -2.691283741    0.064342846
  11  H7      0.00    4.379970687   -3.700445258   -1.564963388
  12  H8      0.00    7.174112163   -2.892983977    0.070077211
  13  H9      0.00    4.379514197   -3.611070457    1.745503956

 Bond lengths in Bohr (Angstrom)

 1-2  1.838516761  1-3  2.662870110  3-4  2.054847530  3-5  2.067876603  3-6  2.067869735
     ( 0.972901172)     ( 1.409130178)     ( 1.087378485)     ( 1.094273173)     ( 1.094269539)

  7- 8  1.912506305   7- 9  1.912497691   7-10  2.771358563  10-11  2.054621012  10-12  2.063476005
       ( 1.012054752)       ( 1.012050194)       ( 1.466539795)       ( 1.087258617)       ( 1.091944477)

 10-13  2.054606611
       ( 1.087250996)

 Bond angles

  1-3-4  107.80889360   1-3-5  112.70939660   1-3-6  112.70742448   2-1-3  106.73530620

  4- 3- 5  107.67954830   4- 3- 6  107.68099728   5- 3- 6  108.02575013   7-10-11  109.05828427

  7-10-12  114.62388023   7-10-13  109.05680439   8- 7- 9  105.66707883   8- 7-10  109.56459378

  9- 7-10  109.57028935  11-10-12  108.23406660  11-10-13  107.39674280  12-10-13  108.23392760

 NUCLEAR CHARGE:                   18
 NUMBER OF PRIMITIVE AOS:         511
 NUMBER OF SYMMETRY AOS:          457
 NUMBER OF CONTRACTIONS:          391   (  391A   )
 NUMBER OF CORE ORBITALS:           2   (    2A   )
 NUMBER OF VALENCE ORBITALS:       12   (   12A   )

 MOLECULE CHANGED: INITIALIZING OCCUPATION AND DUMP RECORDS


 NUCLEAR REPULSION ENERGY   40.42467095


 Eigenvalues of metric

         1 0.168E-04 0.272E-04 0.343E-04 0.455E-04 0.467E-04 0.561E-04 0.703E-04 0.740E-04


 OPERATOR DM      FOR CENTER  0  COORDINATES:    0.000000    0.000000    0.000000


 **********************************************************************************************************************************
 DATASETS  * FILE   NREC   LENGTH (MB)   RECORD NAMES
              1      18       35.79       500      610      700      900      950      970     1000      129      960     1100   
                                          VAR    BASINP    GEOM    SYMINP    ZMAT    AOBASIS   BASIS     P2S    ABASIS      S 
                                         1400     1410     1200     1210     1080     1600     1650     1700   
                                           T        V       H0       H01     AOSYM     SMH    MOLCAS    OPER   

              2       4        6.08       700     1000      520     2101   
                                         GEOM     BASIS   MCVARS     RHF  

 PROGRAMS   *        TOTAL       INT   RHF-SCF       INT
 CPU TIMES  *       265.67      0.22    264.73      0.53
 REAL TIME  *       270.68 SEC
 DISK USED  *        51.77 MB (local),      207.10 MB (total)
 SF USED    *         1.84 MB
 GA USED    *         0.00 MB       (max)       0.00 MB       (current)
 **********************************************************************************************************************************


 PROGRAM * RHF-SCF (CLOSED SHELL)       Authors: W. Meyer, H.-J. Werner


 NUMBER OF ELECTRONS:       9+    9-    SPACE SYMMETRY=1    SPIN SYMMETRY: Singlet 
 CONVERGENCE THRESHOLDS:    1.00E-04 (Density)    1.00E-09 (Energy)
 INTEGRAL THRESHOLDS:       1.00E-11 (Initial)    1.00E-11 (Final)
 MAX. NUMBER OF ITERATIONS:       60
 INTERPOLATION TYPE:            DIIS
 INTERPOLATION STEPS:              2 (START)      1 (STEP)
 LEVEL SHIFTS:                  0.00 (CLOSED)  0.00 (OPEN) 



 Orbital guess generated from atomic densities. Full valence occupancy:   14

 Molecular orbital dump at record        2201.2

 Initial occupancy:   9

 Direct Fock-matrix evaluation.        Authors: Roland Lindh & Martin Schuetz (1993/96)

 Integral Threshold:                  0.1D-10
 Threshold for writing integrals:     0.1D-06
 Prescreening on density matrix:        ON 
 Calculation will be performed fully direct        

 ITERATION   DDIFF            GRAD            ENERGY        2-EL.EN.            DIPOLE MOMENTS         DIIS   CPU(IT)  CPU(TOT)
    1      0.000D+00      0.000D+00      -115.05545914    164.572747    0.73271   -0.72465   -0.00754    0     32.8     36.4     start
    2      0.000D+00      0.329D-02      -115.08364772    162.038322    0.38428   -0.43221   -0.00424    1     30.9     67.3     diag
    3      0.255D-02      0.180D-02      -115.09086287    163.279203    0.45575   -0.55339   -0.00521    2     30.2     97.5     diag
    4      0.800D-03      0.359D-03      -115.09140141    163.101292    0.45125   -0.54805   -0.00516    3     29.6    127.1     diag
    5      0.243D-03      0.723D-04      -115.09143579    163.113201    0.44544   -0.55151   -0.00515    4     28.6    155.7     diag
    6      0.585D-04      0.137D-04      -115.09143744    163.111012    0.44531   -0.55239   -0.00515    5     27.2    182.8     diag
    7      0.142D-04      0.298D-05      -115.09143752    163.110704    0.44503   -0.55260   -0.00515    6     25.5    208.3     diag
    8      0.320D-05      0.766D-06      -115.09143752    163.111020    0.44502   -0.55261   -0.00515    0     23.2    231.5     orth

 Final occupancy:   9

 !RHF STATE  1.1 Energy              -115.091437521998
 Nuclear energy                        40.42467095
 One-electron energy                 -237.07161868
 Two-electron energy                   81.55551020
 Virial quotient                       -1.00156225
 !RHF STATE  1.1 Dipole moment          0.44501961    -0.55261353    -0.00514993
 Dipole moment /Debye                   1.13105295    -1.40451150    -0.01308896

 Orbital energies:

         1.1          2.1          3.1          4.1          5.1          6.1          7.1          8.1          9.1         10.1
    -20.562188   -11.270267    -1.360496    -0.924016    -0.691841    -0.620883    -0.596407    -0.503495    -0.450706     0.019084

        11.1
      0.035799


 HOMO      9.1    -0.450706 =     -12.2643eV
 LUMO     10.1     0.019084 =       0.5193eV
 LUMO-HOMO         0.469791 =      12.7837eV


 **********************************************************************************************************************************
 DATASETS  * FILE   NREC   LENGTH (MB)   RECORD NAMES
              1      18       35.79       500      610      700      900      950      970     1000      129      960     1100   
                                          VAR    BASINP    GEOM    SYMINP    ZMAT    AOBASIS   BASIS     P2S    ABASIS      S 
                                         1400     1410     1200     1210     1080     1600     1650     1700   
                                           T        V       H0       H01     AOSYM     SMH    MOLCAS    OPER   

              2       5       14.70       700     1000      520     2101     2201   
                                         GEOM     BASIS   MCVARS     RHF      RHF  

 PROGRAMS   *        TOTAL   RHF-SCF       INT   RHF-SCF       INT
 CPU TIMES  *       497.31    231.64      0.22    264.73      0.53
 REAL TIME  *       502.94 SEC
 DISK USED  *        59.79 MB (local),      239.16 MB (total)
 SF USED    *         1.84 MB
 GA USED    *         0.00 MB       (max)       0.00 MB       (current)
 **********************************************************************************************************************************
 SETTING EA_HF          =      -115.09143752  AU                              

 Dummy atoms: O1  H1  C1  H2  H3  H4


 Recomputing one-electron integrals since nuclear charges changed


 PROGRAM * SEWARD (Integral evaluation for generally contracted gaussian basis sets)     Author: Roland Lindh, 1990

 Geometry written to block  1 of record 700


 Point group  C1  



 ATOMIC COORDINATES

 NR  ATOM    CHARGE       X              Y              Z

   1  O1      0.00   -1.335885555    0.086606842    0.012067988
   2  H1      0.00    0.501955885    0.135512531    0.002530897
   3  C1      0.00   -2.034612687   -2.482941037    0.003050547
   4  H2      0.00   -4.087333187   -2.576066659    0.011084045
   5  H3      0.00   -1.367039113   -3.485886463   -1.677592080
   6  H4      0.00   -1.353194664   -3.501323923    1.668778921
   7  N1      7.00    4.217705387   -0.072060127   -0.006448571
   8  H5      1.00    4.918074836    0.887498402    1.492354428
   9  H6      1.00    4.918307817    0.805412594   -1.554623393
  10  C2      6.00    5.120525701   -2.691283741    0.064342846
  11  H7      1.00    4.379970687   -3.700445258   -1.564963388
  12  H8      1.00    7.174112163   -2.892983977    0.070077211
  13  H9      1.00    4.379514197   -3.611070457    1.745503956

 Bond lengths in Bohr (Angstrom)

 1-2  1.838516761  1-3  2.662870110  3-4  2.054847530  3-5  2.067876603  3-6  2.067869735
     ( 0.972901172)     ( 1.409130178)     ( 1.087378485)     ( 1.094273173)     ( 1.094269539)

  7- 8  1.912506305   7- 9  1.912497691   7-10  2.771358563  10-11  2.054621012  10-12  2.063476005
       ( 1.012054752)       ( 1.012050194)       ( 1.466539795)       ( 1.087258617)       ( 1.091944477)

 10-13  2.054606611
       ( 1.087250996)

 Bond angles

  1-3-4  107.80889360   1-3-5  112.70939660   1-3-6  112.70742448   2-1-3  106.73530620

  4- 3- 5  107.67954830   4- 3- 6  107.68099728   5- 3- 6  108.02575013   7-10-11  109.05828427

  7-10-12  114.62388023   7-10-13  109.05680439   8- 7- 9  105.66707883   8- 7-10  109.56459378

  9- 7-10  109.57028935  11-10-12  108.23406660  11-10-13  107.39674280  12-10-13  108.23392760

 NUCLEAR CHARGE:                   18
 NUMBER OF PRIMITIVE AOS:         511
 NUMBER OF SYMMETRY AOS:          457
 NUMBER OF CONTRACTIONS:          391   (  391A   )
 NUMBER OF CORE ORBITALS:           2   (    2A   )
 NUMBER OF VALENCE ORBITALS:       13   (   13A   )

 MOLECULE CHANGED: INITIALIZING OCCUPATION AND DUMP RECORDS


 NUCLEAR REPULSION ENERGY   42.05202864


 Eigenvalues of metric

         1 0.168E-04 0.272E-04 0.343E-04 0.455E-04 0.467E-04 0.561E-04 0.703E-04 0.740E-04


 OPERATOR DM      FOR CENTER  0  COORDINATES:    0.000000    0.000000    0.000000


 **********************************************************************************************************************************
 DATASETS  * FILE   NREC   LENGTH (MB)   RECORD NAMES
              1      18       35.79       500      610      700      900      950      970     1000      129      960     1100   
                                          VAR    BASINP    GEOM    SYMINP    ZMAT    AOBASIS   BASIS     P2S    ABASIS      S 
                                         1400     1410     1200     1210     1080     1600     1650     1700   
                                           T        V       H0       H01     AOSYM     SMH    MOLCAS    OPER   

              2       5       14.70       700     1000      520     2101     2201   
                                         GEOM     BASIS   MCVARS     RHF      RHF  

 PROGRAMS   *        TOTAL       INT   RHF-SCF       INT   RHF-SCF       INT
 CPU TIMES  *       497.54      0.22    231.64      0.22    264.73      0.53
 REAL TIME  *       503.29 SEC
 DISK USED  *        59.79 MB (local),      239.16 MB (total)
 SF USED    *         1.84 MB
 GA USED    *         0.00 MB       (max)       0.00 MB       (current)
 **********************************************************************************************************************************


 PROGRAM * RHF-SCF (CLOSED SHELL)       Authors: W. Meyer, H.-J. Werner


 NUMBER OF ELECTRONS:       9+    9-    SPACE SYMMETRY=1    SPIN SYMMETRY: Singlet 
 CONVERGENCE THRESHOLDS:    1.00E-04 (Density)    1.00E-09 (Energy)
 INTEGRAL THRESHOLDS:       1.00E-11 (Initial)    1.00E-11 (Final)
 MAX. NUMBER OF ITERATIONS:       60
 INTERPOLATION TYPE:            DIIS
 INTERPOLATION STEPS:              2 (START)      1 (STEP)
 LEVEL SHIFTS:                  0.00 (CLOSED)  0.00 (OPEN) 



 Orbital guess generated from atomic densities. Full valence occupancy:   15

 Molecular orbital dump at record        2301.2

 Initial occupancy:   9

 Direct Fock-matrix evaluation.        Authors: Roland Lindh & Martin Schuetz (1993/96)

 Integral Threshold:                  0.1D-10
 Threshold for writing integrals:     0.1D-06
 Prescreening on density matrix:        ON 
 Calculation will be performed fully direct        

 ITERATION   DDIFF            GRAD            ENERGY        2-EL.EN.            DIPOLE MOMENTS         DIIS   CPU(IT)  CPU(TOT)
    1      0.000D+00      0.000D+00       -95.22555694    149.614408    0.77703    0.12116   -0.00318    0     32.7     36.0     start
    2      0.000D+00      0.267D-02       -95.25121199    147.485667    0.47002    0.02639   -0.00066    1     31.2     67.2     diag
    3      0.238D-02      0.112D-02       -95.25498443    148.502627    0.57182    0.01135   -0.00024    2     30.4     97.5     diag
    4      0.656D-03      0.332D-03       -95.25550567    148.291519    0.56777    0.00940   -0.00019    3     29.8    127.3     diag
    5      0.255D-03      0.646D-04       -95.25553217    148.297692    0.56845    0.00377   -0.00004    4     28.9    156.2     diag
    6      0.547D-04      0.155D-04       -95.25553390    148.301104    0.56955    0.00352   -0.00003    5     27.6    183.8     diag
    7      0.152D-04      0.434D-05       -95.25553403    148.299138    0.56994    0.00318   -0.00002    6     25.6    209.3     diag
    8      0.363D-05      0.116D-05       -95.25553404    148.299422    0.57001    0.00306   -0.00002    7     24.0    233.4     diag
    9      0.158D-05      0.299D-06       -95.25553404    148.299356    0.57003    0.00305   -0.00002    0     20.9    254.3     orth

 Final occupancy:   9

 !RHF STATE  1.1 Energy               -95.255534041401
 Nuclear energy                        42.05202864
 One-electron energy                 -211.45724087
 Two-electron energy                   74.14967820
 Virial quotient                       -1.00137242
 !RHF STATE  1.1 Dipole moment          0.57002805     0.00305117    -0.00001977
 Dipole moment /Debye                   1.44877190     0.00775478    -0.00005026

 Orbital energies:

         1.1          2.1          3.1          4.1          5.1          6.1          7.1          8.1          9.1         10.1
    -15.539957   -11.240345    -1.170058    -0.896652    -0.661406    -0.603970    -0.555603    -0.517431    -0.393520     0.026648

        11.1
      0.034835


 HOMO      9.1    -0.393520 =     -10.7082eV
 LUMO     10.1     0.026648 =       0.7251eV
 LUMO-HOMO         0.420168 =      11.4334eV


 **********************************************************************************************************************************
 DATASETS  * FILE   NREC   LENGTH (MB)   RECORD NAMES
              1      18       35.79       500      610      700      900      950      970     1000      129      960     1100   
                                          VAR    BASINP    GEOM    SYMINP    ZMAT    AOBASIS   BASIS     P2S    ABASIS      S 
                                         1400     1410     1200     1210     1080     1600     1650     1700   
                                           T        V       H0       H01     AOSYM     SMH    MOLCAS    OPER   

              2       6       23.33       700     1000      520     2101     2201     2301   
                                         GEOM     BASIS   MCVARS     RHF      RHF      RHF  

 PROGRAMS   *        TOTAL   RHF-SCF       INT   RHF-SCF       INT   RHF-SCF       INT
 CPU TIMES  *       751.95    254.41      0.22    231.64      0.22    264.73      0.53
 REAL TIME  *       758.41 SEC
 DISK USED  *        69.03 MB (local),      276.12 MB (total)
 SF USED    *         1.84 MB
 GA USED    *         0.00 MB       (max)       0.00 MB       (current)
 **********************************************************************************************************************************
 SETTING EB_HF          =       -95.25553404  AU                              
 SETTING E_AB_INT       =        -0.00697952  AU                              

 *** results in hartree
 E_AB_INT         =        -0.00697952 AU
 Molecular orbitals read from record     2301.2  Type=RHF/CANONICAL (state 1.1)
 Occupation numbers read from record     2301.2  Type=RHF/RHF (state 1.1)
 Orbital energies read from record       2301.2  Type=RHF/CANONICAL (state 1.1)
 Redundancy group numbers read from rec  2301.2  Type=RHF/RHF (state 1.1)

 RHF/aug-cc-pVTZ energy=    -95.255534041401

         RHF-SCF         RHF-SCF         RHF-SCF
    -95.25553404   -115.09143752   -210.35395108
 **********************************************************************************************************************************
 Molpro calculation terminated
