
 Primary working directories    : /scratch/sirous/50534/molpro.ylXKboSoCp
 Secondary working directories  : /scratch/sirous/50534/molpro.ylXKboSoCp
 Wavefunction directory         : /scratch/sirous/50534/
 Main file repository           : /scratch/sirous/50534/molpro.ylXKboSoCp/

 id        : karlovklimes

 Nodes                      nprocs
 nc-08.cc.karlov.mff.cuni.cz    4

 Using customized tuning parameters: mindgm=1; mindgv=20; mindgc=4; mindgr=1; noblas=0; minvec=7
 default implementation of scratch files=sf  


 Variables initialized (934), CPU time= 0.00 sec
 ***,CH3C6H4CN+CF3CN+BF3
 memory,500,m
 gdirect
 gthresh,energy=1.d-8,twoint=1.d-19,oneint=1.d-19,zero=1.d-15,orbital=1.d-8,grid=1.d-8
 symmetry,nosym
 geomtyp=xyz
                                                                                 ! Geometry
 geometry={
 O1        -0.552831024    -0.10169749     -0.000498788
 H1        -0.871759633    0.801792198     0.0001444
 H2        0.412659497    -0.001832248     -0.00025181
 N1        7.388106132556009    0.350110289389757     0.001173089036783667
 C1        8.08401277155601    0.31613949738975705     1.1459209350367836
 H3        7.499340220556009    0.339750439389757     2.0567889630367837
 C2        9.473036363556009    0.25095706538975704     1.1959169990367837
 H4        9.97894274455601    0.22610291038975702     2.150246121036784
 C3        10.18419950855601    0.21783126738975703     0.001005853036783667
 H5        11.26403945955601    0.16605771438975703     0.000925425036783667
 C4        9.47289121055601    0.250890410389757     -1.1937954439632164
 H6        9.97868815755601    0.22601738338975702     -2.1481940449632164
 C5        8.08386119655601    0.31608540138975705     -1.1436491839632164
 H7        7.499092313556009    0.339686056389757     -2.0544417369632164
 }
 
 
 
 basis=avqz
 
 
 
                                                                                 ! Dimer Calculation
 {rks,pbe,accu=1.d-8;orbital,2101.2}
 eab_PBE=energy
 
 
                                                                                 !monomer A
 dummy,4,5,6,7,8,9,10,11,12,13,14;                                               ! NOW MONOMER B IS DUMMY
 {rks,pbe,accu=1.d-8;orbital,2201.2}
 ea_PBE=energy
                                                                                 !monomer B
 dummy,1,2,3;                                                                    !NOW MONOMER A IS DUMMY
 {rks,pbe,accu=1.d-8;orbital,2301.2}
 eb_PBE=energy
 
 E_AB_int=eab_PBE-ea_PBE-eb_PBE
 
 
 text,results in hartree
 show,E_AB_int
 
 Commands  initialized (763), CPU time= 0.01 sec, 617 directives.
 Default parameters read. Elapsed time= 0.21 sec

 Checking input...
 Passed
1


                                         ***  PROGRAM SYSTEM MOLPRO  ***
                                       Copyright, TTI GmbH Stuttgart, 2015
                                    Version 2019.2 linked Jun  8 2019 11:26:33


 **********************************************************************************************************************************
 LABEL *   CH3C6H4CN+CF3CN+BF3                                                           
  64 bit mpp version                                                                     DATE: 17-Oct-19          TIME: 18:31:23  
 **********************************************************************************************************************************

 SHA1:             8135a10abc80eafa5b3ae28ffc55be4890dc4c84
 **********************************************************************************************************************************

 THRESHOLDS:

 ZERO    =  1.00D-15  ONEINT  =  1.00D-19  TWOINT  =  1.00D-19  PREFAC  =  1.00D-14  XXXXXX  =  1.00D-09  EORDER  =  1.00D-04
 ENERGY  =  1.00D-08  ETEST   =  0.00D+00  EDENS   =  0.00D+00  THRDEDEF=  1.00D-06  GRADIENT=  1.00D-02  STEP    =  1.00D-03
 ORBITAL =  1.00D-08  CIVEC   =  1.00D-05  COEFF   =  1.00D-04  PRINTCI =  5.00D-02  PUNCHCI =  9.90D+01  OPTGRAD =  3.00D-04
 OPTENERG=  1.00D-06  OPTSTEP =  3.00D-04  THRGRAD =  1.00D-10  COMPRESS=  1.00D-11  VARMIN  =  1.00D-07  VARMAX  =  1.00D-03
 THRDOUB =  0.00D+00  THRDIV  =  1.00D-05  THRRED  =  1.00D-07  THRPSP  =  1.00D+00  THRDC   =  1.00D-10  THRCS   =  1.00D-10
 THRNRM  =  1.00D-08  THREQ   =  0.00D+00  THRDE   =  1.00D+00  THRREF  =  1.00D-05  SPARFAC =  1.00D+00  THRDLP  =  1.00D-07
 THRDIA  =  1.00D-10  THRDLS  =  1.00D-07  THRGPS  =  0.00D+00  THRKEX  =  0.00D+00  THRDIS  =  2.00D-01  THRVAR  =  1.00D-10
 THRLOC  =  1.00D-06  THRGAP  =  1.00D-06  THRLOCT = -1.00D+00  THRGAPT = -1.00D+00  THRORB  =  1.00D-06  THRMLTP =  0.00D+00
 THRCPQCI=  1.00D-10  KEXTA   =  0.00D+00  THRCOARS=  0.00D+00  SYMTOL  =  1.00D-06  GRADTOL =  1.00D-06  THROVL  =  1.00D-08
 THRORTH =  1.00D-08  GRID    =  1.00D-08  GRIDMAX =  1.00D-03  DTMAX   =  0.00D+00  THROCCDE=  1.00D-01  THROCCDE=  1.00D-01
 THRPRINT=  2.50D-01


 Variable memory set to  500000000 words,  buffer space 

 SETTING GEOMTYP        =    XYZ
 ZSYMEL=NOSYM

 SETTING BASIS          =    AVQZ


 Recomputing integrals since basis changed


 Using spherical harmonics

 Library entry O      S aug-cc-pVQZ          selected for orbital group  1
 Library entry O      P aug-cc-pVQZ          selected for orbital group  1
 Library entry O      D aug-cc-pVQZ          selected for orbital group  1
 Library entry O      F aug-cc-pVQZ          selected for orbital group  1
 Library entry O      G aug-cc-pVQZ          selected for orbital group  1
 Library entry H      S aug-cc-pVQZ          selected for orbital group  2
 Library entry H      P aug-cc-pVQZ          selected for orbital group  2
 Library entry H      D aug-cc-pVQZ          selected for orbital group  2
 Library entry H      F aug-cc-pVQZ          selected for orbital group  2
 Library entry N      S aug-cc-pVQZ          selected for orbital group  3
 Library entry N      P aug-cc-pVQZ          selected for orbital group  3
 Library entry N      D aug-cc-pVQZ          selected for orbital group  3
 Library entry N      F aug-cc-pVQZ          selected for orbital group  3
 Library entry N      G aug-cc-pVQZ          selected for orbital group  3
 Library entry C      S aug-cc-pVQZ          selected for orbital group  4
 Library entry C      P aug-cc-pVQZ          selected for orbital group  4
 Library entry C      D aug-cc-pVQZ          selected for orbital group  4
 Library entry C      F aug-cc-pVQZ          selected for orbital group  4
 Library entry C      G aug-cc-pVQZ          selected for orbital group  4


 PROGRAM * SEWARD (Integral evaluation for generally contracted gaussian basis sets)     Author: Roland Lindh, 1990

 Geometry written to block  1 of record 700


 Point group  C1  



 ATOMIC COORDINATES

 NR  ATOM    CHARGE       X              Y              Z

   1  O1      8.00   -1.044699229   -0.192180404   -0.000942573
   2  H1      1.00   -1.647386953    1.515167663    0.000272876
   3  H2      1.00    0.779813432   -0.003462447   -0.000475852
   4  N1      7.00   13.961497170    0.661612560    0.002216817
   5  C1      6.00   15.276570126    0.597417067    2.165476728
   6  H3      1.00   14.171699132    0.642035281    3.886767836
   7  C2      6.00   17.901444295    0.474240123    2.259955596
   8  H4      1.00   18.857468800    0.427272577    4.063376269
   9  C3      6.00   19.245347869    0.411641437    0.001900787
  10  H5      1.00   21.285949635    0.313803601    0.001748800
  11  C4      6.00   17.901169996    0.474114163   -2.255946438
  12  H6      1.00   18.856987700    0.427110954   -4.059498407
  13  C5      6.00   15.276283690    0.597314841   -2.161183740
  14  H7      1.00   14.171230655    0.641913615   -3.882332222

 Bond lengths in Bohr (Angstrom)

  1- 2  1.810599732   1- 3  1.834246748   4- 5  2.532435859   4-13  2.532409873   5- 6  2.045867488
       ( 0.958128117)       ( 0.970641578)       ( 1.340107345)       ( 1.340093593)       ( 1.082626451)

  5- 7  2.629460633   7- 8  2.041694132   7- 9  2.628460944   9-10  2.042945871   9-11  2.628419884
       ( 1.391450644)       ( 1.080418006)       ( 1.390921631)       ( 1.081080398)       ( 1.390899903)

 11-12  2.041714107  11-13  2.629484073  13-14  2.045845389
       ( 1.080428576)       ( 1.391463048)       ( 1.082614757)

 Bond angles

  2- 1- 3  103.53746219   4- 5- 6  115.95739315   4- 5- 7  123.38528718   4-13-11  123.38436469

  4-13-14  115.95807109   5- 4-13  117.35464992   5- 7- 8  120.01648183   5- 7- 9  118.72757008

  6- 5- 7  120.65712314   7- 9-10  120.79093470   7- 9-11  118.41925478   8- 7- 9  121.25592330

  9-11-12  121.25539586   9-11-13  118.72873602  10- 9-11  120.78974222  11-13-14  120.65737138

 12-11-13  120.01584553

 NUCLEAR CHARGE:                   52
 NUMBER OF PRIMITIVE AOS:        1225
 NUMBER OF SYMMETRY AOS:          987
 NUMBER OF CONTRACTIONS:          882   (  882A   )
 NUMBER OF CORE ORBITALS:           7   (    7A   )
 NUMBER OF VALENCE ORBITALS:       35   (   35A   )


 NUCLEAR REPULSION ENERGY  239.49588291


 Eigenvalues of metric

         1 0.684E-06 0.117E-05 0.131E-05 0.159E-05 0.218E-05 0.229E-05 0.279E-05 0.297E-05


 OPERATOR DM      FOR CENTER  0  COORDINATES:    0.000000    0.000000    0.000000


 **********************************************************************************************************************************
 DATASETS  * FILE   NREC   LENGTH (MB)   RECORD NAMES
              1      18       58.51       500      610      700      900      950      970     1000      129      960     1100   
                                          VAR    BASINP    GEOM    SYMINP    ZMAT    AOBASIS   BASIS     P2S    ABASIS      S 
                                         1400     1410     1200     1210     1080     1600     1650     1700   
                                           T        V       H0       H01     AOSYM     SMH    MOLCAS    OPER   

 PROGRAMS   *        TOTAL       INT
 CPU TIMES  *         1.74      1.55
 REAL TIME  *         3.39 SEC
 DISK USED  *        59.29 MB (local),      237.17 MB (total)
 GA USED    *         0.00 MB       (max)       0.00 MB       (current)
 **********************************************************************************************************************************

 Density functional group PBE=PBEX+PBEC
 Functional: PBEX(Automatically generated (new) PBEX)                          Gradient terms: 1
 Functional: PBEC(Automatically generated (new) PBEC)                          Gradient terms: 1
 Use libxcgrid:  F
 Use grid at  1800.2

 Functional: PBEX                      Factor:  1.0000
 Functional: PBEC                      Factor:  1.0000

 Generated new metagrid on record  1800.2 with target accuracy 1.0D-08 and 156326 points in CPU time    0.4
 Computed new grid on record 1800.1 in CPU time    0.6
  709571 words reserved for DFT integration

 PROGRAM * RKS-SCF (Restricted closed shell Kohn-Sham)     Authors: W. Meyer, H.-J. Werner, P.J. Knowles, 1993

 NUMBER OF ELECTRONS:      26+   26-    SPACE SYMMETRY=1    SPIN SYMMETRY: Singlet 
 CONVERGENCE THRESHOLDS:    1.00E-04 (Density)    1.00E-08 (Energy)
 INTEGRAL THRESHOLDS:       1.00E-13 (Initial)    1.00E-13 (Final)
 MAX. NUMBER OF ITERATIONS:       60
 INTERPOLATION TYPE:            DIIS
 INTERPOLATION STEPS:              2 (START)      1 (STEP)
 LEVEL SHIFTS:                  0.00 (CLOSED)  0.00 (OPEN) 



 Use fine grid record 1800.2 for energy threshold  1.0D-08
 Orbital guess generated from atomic densities. Full valence occupancy:   42

 Molecular orbital dump at record        2101.2

 Initial occupancy:  26

 Direct Fock-matrix evaluation.        Authors: Roland Lindh & Martin Schuetz (1993/96)

 Integral Threshold:                  0.1D-12
 Threshold for writing integrals:     0.1D-06
 Prescreening on density matrix:        ON 
 Calculation will be performed fully direct        

 ITERATION   DDIFF            GRAD            ENERGY        2-EL.EN.            DIPOLE MOMENTS         DIIS   CPU(IT)  CPU(TOT)
    1      0.000D+00      0.000D+00      -324.18171317    808.552638    1.54730    0.88170    0.00075    0    746.8    772.8     start
    2      0.000D+00      0.364D-02      -323.54368546    753.677709    0.87298   -0.43348   -0.00037    1    742.2   1515.0     diag
    3      0.676D-02      0.676D-02      -324.44375549    788.155911    1.16575    0.67487    0.00057    2    737.0   2252.0     diag
    4      0.472D-02      0.918D-03      -324.45597438    789.426440    1.35468    0.52998    0.00046    3    707.0   2959.0     diag
    5      0.710D-03      0.350D-03      -324.45825473    788.178764    1.22252    0.55953    0.00047    4    701.1   3660.1     diag
    6      0.294D-03      0.102D-03      -324.45834161    788.338467    1.34027    0.54960    0.00047    5    688.0   4348.1     diag
    7      0.903D-04      0.763D-04      -324.45847382    788.297655    1.27078    0.55201    0.00047    6    675.6   5023.7     diag
    8      0.479D-04      0.107D-04      -324.45847542    788.331723    1.27751    0.55263    0.00047    7    651.4   5675.0     diag
    9      0.834D-05      0.534D-05      -324.45847603    788.330690    1.27638    0.55284    0.00047    8    635.7   6310.7     diag
   10      0.400D-05      0.733D-06      -324.45847604    788.331040    1.27669    0.55289    0.00047    9    610.9   6921.6     orth
   11      0.652D-06      0.136D-06      -324.45847604    788.330993    1.27654    0.55287    0.00047    9    580.4   7501.9     diag
   12      0.154D-06      0.112D-06      -324.45847604    788.330920    1.27673    0.55286    0.00047    0    592.2   8094.1     orth

 Final occupancy:  26

 !RKS STATE  1.1 Energy              -324.458476037321
 Nuclear energy                       239.49588291
 One-electron energy                 -913.28792001
 Two-electron energy                  394.16546014
 Density functional                   -44.83189908     PBEX=-43.12502965 PBEC= -1.70686942
 Virial quotient                       -1.00422199
 !RKS STATE  1.1 Dipole moment          1.27673011     0.55286456     0.00046938
 Dipole moment /Debye                   3.24491170     1.40514950     0.00119295

 Orbital energies:

         1.1          2.1          3.1          4.1          5.1          6.1          7.1          8.1          9.1         10.1
    -18.750806   -13.985036    -9.922186    -9.922184    -9.910657    -9.901625    -9.901615    -0.926483    -0.866106    -0.738149

        11.1         12.1         13.1         14.1         15.1         16.1         17.1         18.1         19.1         20.1
     -0.697919    -0.575962    -0.574163    -0.483931    -0.477583    -0.437728    -0.425617    -0.387916    -0.367184    -0.363373

        21.1         22.1         23.1         24.1         25.1         26.1         27.1         28.1
     -0.340947    -0.326217    -0.270288    -0.262522    -0.248628    -0.219008    -0.070841    -0.057322


 HOMO     26.1    -0.219008 =      -5.9595eV
 LUMO     27.1    -0.070841 =      -1.9277eV
 LUMO-HOMO         0.148167 =       4.0318eV


 **********************************************************************************************************************************
 DATASETS  * FILE   NREC   LENGTH (MB)   RECORD NAMES
              1      19       58.51       500      610      700      900      950      970     1000      129      960     1100   
                                          VAR    BASINP    GEOM    SYMINP    ZMAT    AOBASIS   BASIS     P2S    ABASIS      S 
                                         1400     1410     1200     1210     1080     1600     1650     1700     1800   
                                           T        V       H0       H01     AOSYM     SMH    MOLCAS    OPER     GRID   

              2       5       18.72       700     1000      520     1800     2101   
                                         GEOM     BASIS   MCVARS    GRID      RKS  

 PROGRAMS   *        TOTAL   RKS-SCF       INT
 CPU TIMES  *      8097.90   8096.16      1.55
 REAL TIME  *      8126.31 SEC
 DISK USED  *       133.49 MB (local),      533.95 MB (total)
 SF USED    *         9.35 MB
 GA USED    *         5.07 MB       (max)       5.07 MB       (current)
 **********************************************************************************************************************************
 SETTING EAB_PBE        =      -324.45847604  AU                              

 Dummy atoms: N1  C1  H3  C2  H4  C3  H5  C4  H6  C5  H7


 Recomputing one-electron integrals since nuclear charges changed


 PROGRAM * SEWARD (Integral evaluation for generally contracted gaussian basis sets)     Author: Roland Lindh, 1990

 Geometry written to block  1 of record 700


 Point group  C1  



 ATOMIC COORDINATES

 NR  ATOM    CHARGE       X              Y              Z

   1  O1      8.00   -1.044699229   -0.192180404   -0.000942573
   2  H1      1.00   -1.647386953    1.515167663    0.000272876
   3  H2      1.00    0.779813432   -0.003462447   -0.000475852
   4  N1      0.00   13.961497170    0.661612560    0.002216817
   5  C1      0.00   15.276570126    0.597417067    2.165476728
   6  H3      0.00   14.171699132    0.642035281    3.886767836
   7  C2      0.00   17.901444295    0.474240123    2.259955596
   8  H4      0.00   18.857468800    0.427272577    4.063376269
   9  C3      0.00   19.245347869    0.411641437    0.001900787
  10  H5      0.00   21.285949635    0.313803601    0.001748800
  11  C4      0.00   17.901169996    0.474114163   -2.255946438
  12  H6      0.00   18.856987700    0.427110954   -4.059498407
  13  C5      0.00   15.276283690    0.597314841   -2.161183740
  14  H7      0.00   14.171230655    0.641913615   -3.882332222

 Bond lengths in Bohr (Angstrom)

  1- 2  1.810599732   1- 3  1.834246748   4- 5  2.532435859   4-13  2.532409873   5- 6  2.045867488
       ( 0.958128117)       ( 0.970641578)       ( 1.340107345)       ( 1.340093593)       ( 1.082626451)

  5- 7  2.629460633   7- 8  2.041694132   7- 9  2.628460944   9-10  2.042945871   9-11  2.628419884
       ( 1.391450644)       ( 1.080418006)       ( 1.390921631)       ( 1.081080398)       ( 1.390899903)

 11-12  2.041714107  11-13  2.629484073  13-14  2.045845389
       ( 1.080428576)       ( 1.391463048)       ( 1.082614757)

 Bond angles

  2- 1- 3  103.53746219   4- 5- 6  115.95739315   4- 5- 7  123.38528718   4-13-11  123.38436469

  4-13-14  115.95807109   5- 4-13  117.35464992   5- 7- 8  120.01648183   5- 7- 9  118.72757008

  6- 5- 7  120.65712314   7- 9-10  120.79093470   7- 9-11  118.41925478   8- 7- 9  121.25592330

  9-11-12  121.25539586   9-11-13  118.72873602  10- 9-11  120.78974222  11-13-14  120.65737138

 12-11-13  120.01584553

 NUCLEAR CHARGE:                   10
 NUMBER OF PRIMITIVE AOS:        1225
 NUMBER OF SYMMETRY AOS:          987
 NUMBER OF CONTRACTIONS:          882   (  882A   )
 NUMBER OF CORE ORBITALS:           1   (    1A   )
 NUMBER OF VALENCE ORBITALS:        6   (    6A   )

 MOLECULE CHANGED: INITIALIZING OCCUPATION AND DUMP RECORDS


 NUCLEAR REPULSION ENERGY    9.12915640


 Eigenvalues of metric

         1 0.684E-06 0.117E-05 0.131E-05 0.159E-05 0.218E-05 0.229E-05 0.279E-05 0.297E-05


 OPERATOR DM      FOR CENTER  0  COORDINATES:    0.000000    0.000000    0.000000


 **********************************************************************************************************************************
 DATASETS  * FILE   NREC   LENGTH (MB)   RECORD NAMES
              1      19       58.51       500      610      700      900      950      970     1000      129      960     1100   
                                          VAR    BASINP    GEOM    SYMINP    ZMAT    AOBASIS   BASIS     P2S    ABASIS      S 
                                         1400     1410     1200     1210     1080     1600     1650     1700     1800   
                                           T        V       H0       H01     AOSYM     SMH    MOLCAS    OPER     GRID   

              2       5       18.72       700     1000      520     1800     2101   
                                         GEOM     BASIS   MCVARS    GRID      RKS  

 PROGRAMS   *        TOTAL       INT   RKS-SCF       INT
 CPU TIMES  *      8099.10      1.19   8096.16      1.55
 REAL TIME  *      8127.72 SEC
 DISK USED  *       133.49 MB (local),      533.95 MB (total)
 SF USED    *         9.35 MB
 GA USED    *         5.07 MB       (max)       5.07 MB       (current)
 **********************************************************************************************************************************

 Density functional group PBE=PBEX+PBEC
 Functional: PBEX(Automatically generated (new) PBEX)                          Gradient terms: 1
 Functional: PBEC(Automatically generated (new) PBEC)                          Gradient terms: 1
 Use libxcgrid:  F
 Use grid at  1800.2

 Functional: PBEX                      Factor:  1.0000
 Functional: PBEC                      Factor:  1.0000

 Generated new metagrid on record  1800.2 with target accuracy 1.0D-08 and 156326 points in CPU time    0.4
 Computed new grid on record 1800.1 in CPU time    0.6
  709571 words reserved for DFT integration

 PROGRAM * RKS-SCF (Restricted closed shell Kohn-Sham)     Authors: W. Meyer, H.-J. Werner, P.J. Knowles, 1993

 NUMBER OF ELECTRONS:       5+    5-    SPACE SYMMETRY=1    SPIN SYMMETRY: Singlet 
 CONVERGENCE THRESHOLDS:    1.00E-04 (Density)    1.00E-08 (Energy)
 INTEGRAL THRESHOLDS:       1.00E-13 (Initial)    1.00E-13 (Final)
 MAX. NUMBER OF ITERATIONS:       60
 INTERPOLATION TYPE:            DIIS
 INTERPOLATION STEPS:              2 (START)      1 (STEP)
 LEVEL SHIFTS:                  0.00 (CLOSED)  0.00 (OPEN) 



 Use fine grid record 1800.2 for energy threshold  1.0D-08
 Orbital guess generated from atomic densities. Full valence occupancy:    7

 Molecular orbital dump at record        2201.2

 Initial occupancy:   5

 Direct Fock-matrix evaluation.        Authors: Roland Lindh & Martin Schuetz (1993/96)

 Integral Threshold:                  0.1D-12
 Threshold for writing integrals:     0.1D-06
 Prescreening on density matrix:        ON 
 Calculation will be performed fully direct        

 ITERATION   DDIFF            GRAD            ENERGY        2-EL.EN.            DIPOLE MOMENTS         DIIS   CPU(IT)  CPU(TOT)
    1      0.000D+00      0.000D+00       -76.30067319     98.147642    0.60468    0.92960    0.00083    0    673.5    692.8     start
    2      0.000D+00      0.521D-02       -75.91262041     81.769768   -0.26783   -0.36734   -0.00033    1    719.8   1412.6     diag
    3      0.397D-02      0.118D-01       -76.38591861     93.551318    0.40057    0.62443    0.00055    2    733.5   2146.0     diag
    4      0.331D-02      0.309D-03       -76.38633059     93.152013    0.38334    0.59970    0.00053    3    660.5   2806.6     diag
    5      0.894D-04      0.679D-04       -76.38634383     93.201295    0.38264    0.59833    0.00053    4    603.4   3410.0     diag
    6      0.111D-04      0.155D-04       -76.38634462     93.212351    0.38392    0.60027    0.00053    5    554.7   3964.7     diag
    7      0.287D-05      0.610D-06       -76.38634463     93.212355    0.38385    0.60018    0.00053    6    437.7   4402.4     diag
    8      0.109D-06      0.531D-07       -76.38634463     93.212462    0.38387    0.60019    0.00053    0    356.2   4758.6     orth

 Final occupancy:   5

 !RKS STATE  1.1 Energy               -76.386344625557
 Nuclear energy                         9.12915640
 One-electron energy                 -122.88553994
 Two-electron energy                   46.60623122
 Density functional                    -9.23619231     PBEX=-8.91189425 PBEC=-0.32429806
 Virial quotient                       -1.00357272
 !RKS STATE  1.1 Dipole moment          0.38386829     0.60019353     0.00053198
 Dipole moment /Debye                   0.97563197     1.52543988     0.00135207

 Orbital energies:

         1.1          2.1          3.1          4.1          5.1          6.1          7.1
    -18.754538    -0.930219    -0.481345    -0.344610    -0.266177    -0.035023     0.011773


 HOMO      5.1    -0.266177 =      -7.2431eV
 LUMO      6.1    -0.035023 =      -0.9530eV
 LUMO-HOMO         0.231155 =       6.2900eV


 **********************************************************************************************************************************
 DATASETS  * FILE   NREC   LENGTH (MB)   RECORD NAMES
              1      19       58.51       500      610      700      900      950      970     1000      129      960     1100   
                                          VAR    BASINP    GEOM    SYMINP    ZMAT    AOBASIS   BASIS     P2S    ABASIS      S 
                                         1400     1410     1200     1210     1080     1600     1650     1700     1800   
                                           T        V       H0       H01     AOSYM     SMH    MOLCAS    OPER     GRID   

              2       6       52.37       700     1000      520     1800     2101     2201   
                                         GEOM     BASIS   MCVARS    GRID      RKS      RKS  

 PROGRAMS   *        TOTAL   RKS-SCF       INT   RKS-SCF       INT
 CPU TIMES  *     12859.76   4760.65      1.19   8096.16      1.55
 REAL TIME  *     12902.45 SEC
 DISK USED  *       157.80 MB (local),      631.19 MB (total)
 SF USED    *         9.35 MB
 GA USED    *         5.07 MB       (max)       5.07 MB       (current)
 **********************************************************************************************************************************
 SETTING EA_PBE         =       -76.38634463  AU                              

 Dummy atoms: O1  H1  H2


 Recomputing one-electron integrals since nuclear charges changed


 PROGRAM * SEWARD (Integral evaluation for generally contracted gaussian basis sets)     Author: Roland Lindh, 1990

 Geometry written to block  1 of record 700


 Point group  C1  



 ATOMIC COORDINATES

 NR  ATOM    CHARGE       X              Y              Z

   1  O1      0.00   -1.044699229   -0.192180404   -0.000942573
   2  H1      0.00   -1.647386953    1.515167663    0.000272876
   3  H2      0.00    0.779813432   -0.003462447   -0.000475852
   4  N1      7.00   13.961497170    0.661612560    0.002216817
   5  C1      6.00   15.276570126    0.597417067    2.165476728
   6  H3      1.00   14.171699132    0.642035281    3.886767836
   7  C2      6.00   17.901444295    0.474240123    2.259955596
   8  H4      1.00   18.857468800    0.427272577    4.063376269
   9  C3      6.00   19.245347869    0.411641437    0.001900787
  10  H5      1.00   21.285949635    0.313803601    0.001748800
  11  C4      6.00   17.901169996    0.474114163   -2.255946438
  12  H6      1.00   18.856987700    0.427110954   -4.059498407
  13  C5      6.00   15.276283690    0.597314841   -2.161183740
  14  H7      1.00   14.171230655    0.641913615   -3.882332222

 Bond lengths in Bohr (Angstrom)

  1- 2  1.810599732   1- 3  1.834246748   4- 5  2.532435859   4-13  2.532409873   5- 6  2.045867488
       ( 0.958128117)       ( 0.970641578)       ( 1.340107345)       ( 1.340093593)       ( 1.082626451)

  5- 7  2.629460633   7- 8  2.041694132   7- 9  2.628460944   9-10  2.042945871   9-11  2.628419884
       ( 1.391450644)       ( 1.080418006)       ( 1.390921631)       ( 1.081080398)       ( 1.390899903)

 11-12  2.041714107  11-13  2.629484073  13-14  2.045845389
       ( 1.080428576)       ( 1.391463048)       ( 1.082614757)

 Bond angles

  2- 1- 3  103.53746219   4- 5- 6  115.95739315   4- 5- 7  123.38528718   4-13-11  123.38436469

  4-13-14  115.95807109   5- 4-13  117.35464992   5- 7- 8  120.01648183   5- 7- 9  118.72757008

  6- 5- 7  120.65712314   7- 9-10  120.79093470   7- 9-11  118.41925478   8- 7- 9  121.25592330

  9-11-12  121.25539586   9-11-13  118.72873602  10- 9-11  120.78974222  11-13-14  120.65737138

 12-11-13  120.01584553

 NUCLEAR CHARGE:                   42
 NUMBER OF PRIMITIVE AOS:        1225
 NUMBER OF SYMMETRY AOS:          987
 NUMBER OF CONTRACTIONS:          882   (  882A   )
 NUMBER OF CORE ORBITALS:           6   (    6A   )
 NUMBER OF VALENCE ORBITALS:       29   (   29A   )

 MOLECULE CHANGED: INITIALIZING OCCUPATION AND DUMP RECORDS


 NUCLEAR REPULSION ENERGY  206.28546434


 Eigenvalues of metric

         1 0.684E-06 0.117E-05 0.131E-05 0.159E-05 0.218E-05 0.229E-05 0.279E-05 0.297E-05


 OPERATOR DM      FOR CENTER  0  COORDINATES:    0.000000    0.000000    0.000000


 **********************************************************************************************************************************
 DATASETS  * FILE   NREC   LENGTH (MB)   RECORD NAMES
              1      19       58.51       500      610      700      900      950      970     1000      129      960     1100   
                                          VAR    BASINP    GEOM    SYMINP    ZMAT    AOBASIS   BASIS     P2S    ABASIS      S 
                                         1400     1410     1200     1210     1080     1600     1650     1700     1800   
                                           T        V       H0       H01     AOSYM     SMH    MOLCAS    OPER     GRID   

              2       6       52.37       700     1000      520     1800     2101     2201   
                                         GEOM     BASIS   MCVARS    GRID      RKS      RKS  

 PROGRAMS   *        TOTAL       INT   RKS-SCF       INT   RKS-SCF       INT
 CPU TIMES  *     12860.98      1.22   4760.65      1.19   8096.16      1.55
 REAL TIME  *     12903.87 SEC
 DISK USED  *       157.80 MB (local),      631.19 MB (total)
 SF USED    *         9.35 MB
 GA USED    *         5.07 MB       (max)       5.07 MB       (current)
 **********************************************************************************************************************************

 Density functional group PBE=PBEX+PBEC
 Functional: PBEX(Automatically generated (new) PBEX)                          Gradient terms: 1
 Functional: PBEC(Automatically generated (new) PBEC)                          Gradient terms: 1
 Use libxcgrid:  F
 Use grid at  1800.2

 Functional: PBEX                      Factor:  1.0000
 Functional: PBEC                      Factor:  1.0000

 Generated new metagrid on record  1800.2 with target accuracy 1.0D-08 and 156326 points in CPU time    0.4
 Computed new grid on record 1800.1 in CPU time    0.6
  709571 words reserved for DFT integration

 PROGRAM * RKS-SCF (Restricted closed shell Kohn-Sham)     Authors: W. Meyer, H.-J. Werner, P.J. Knowles, 1993

 NUMBER OF ELECTRONS:      21+   21-    SPACE SYMMETRY=1    SPIN SYMMETRY: Singlet 
 CONVERGENCE THRESHOLDS:    1.00E-04 (Density)    1.00E-08 (Energy)
 INTEGRAL THRESHOLDS:       1.00E-13 (Initial)    1.00E-13 (Final)
 MAX. NUMBER OF ITERATIONS:       60
 INTERPOLATION TYPE:            DIIS
 INTERPOLATION STEPS:              2 (START)      1 (STEP)
 LEVEL SHIFTS:                  0.00 (CLOSED)  0.00 (OPEN) 



 Use fine grid record 1800.2 for energy threshold  1.0D-08
 Orbital guess generated from atomic densities. Full valence occupancy:   35

 Molecular orbital dump at record        2301.2

 Initial occupancy:  21

 Direct Fock-matrix evaluation.        Authors: Roland Lindh & Martin Schuetz (1993/96)

 Integral Threshold:                  0.1D-12
 Threshold for writing integrals:     0.1D-06
 Prescreening on density matrix:        ON 
 Calculation will be performed fully direct        

 ITERATION   DDIFF            GRAD            ENERGY        2-EL.EN.            DIPOLE MOMENTS         DIIS   CPU(IT)  CPU(TOT)
    1      0.000D+00      0.000D+00      -247.88062373    662.372100    0.94261   -0.04790   -0.00008    0    747.4    772.3     start
    2      0.000D+00      0.311D-02      -247.62999495    623.570178    1.05306   -0.05092   -0.00003    1    744.1   1516.4     diag
    3      0.531D-02      0.472D-02      -248.06648973    647.786696    0.62683   -0.03283   -0.00006    2    742.7   2259.0     diag
    4      0.337D-02      0.542D-03      -248.06943308    647.449694    1.14024   -0.05645   -0.00005    3    726.2   2985.2     diag
    5      0.531D-03      0.342D-03      -248.07139890    646.891143    0.75049   -0.03809   -0.00006    4    703.9   3689.1     diag
    6      0.277D-03      0.149D-03      -248.07175789    647.025085    0.90314   -0.04544   -0.00006    5    692.0   4381.1     diag
    7      0.104D-03      0.753D-04      -248.07184578    646.998506    0.87106   -0.04388   -0.00006    6    688.0   5069.1     diag
    8      0.403D-04      0.571D-05      -248.07184636    647.017547    0.87175   -0.04389   -0.00006    7    658.0   5727.0     diag
    9      0.514D-05      0.448D-06      -248.07184636    647.017605    0.87215   -0.04393   -0.00006    8    621.1   6348.1     diag
   10      0.774D-06      0.418D-06      -248.07184635    647.017502    0.87184   -0.04390   -0.00007    0    616.4   6964.5     orth

 Final occupancy:  21

 !RKS STATE  1.1 Energy              -248.071846353824
 Nuclear energy                       206.28546434
 One-electron energy                 -742.27037964
 Two-electron energy                  323.50875107
 Density functional                   -35.59568212     PBEX=-34.21310972 PBEC= -1.38257240
 Virial quotient                       -1.00441849
 !RKS STATE  1.1 Dipole moment          0.87183841    -0.04389583    -0.00006689
 Dipole moment /Debye                   2.21584707    -0.11156476    -0.00017001

 Orbital energies:

         1.1          2.1          3.1          4.1          5.1          6.1          7.1          8.1          9.1         10.1
    -13.983200    -9.920540    -9.920537    -9.909029    -9.900138    -9.900127    -0.864385    -0.736574    -0.696324    -0.574327

        11.1         12.1         13.1         14.1         15.1         16.1         17.1         18.1         19.1         20.1
     -0.572598    -0.482347    -0.436111    -0.424080    -0.386347    -0.365532    -0.361793    -0.324622    -0.268665    -0.247063

        21.1         22.1         23.1
     -0.217061    -0.069230    -0.055746


 HOMO     21.1    -0.217061 =      -5.9065eV
 LUMO     22.1    -0.069230 =      -1.8838eV
 LUMO-HOMO         0.147831 =       4.0227eV


 **********************************************************************************************************************************
 DATASETS  * FILE   NREC   LENGTH (MB)   RECORD NAMES
              1      19       58.51       500      610      700      900      950      970     1000      129      960     1100   
                                          VAR    BASINP    GEOM    SYMINP    ZMAT    AOBASIS   BASIS     P2S    ABASIS      S 
                                         1400     1410     1200     1210     1080     1600     1650     1700     1800   
                                           T        V       H0       H01     AOSYM     SMH    MOLCAS    OPER     GRID   

              2       7       86.03       700     1000      520     1800     2101     2201     2301   
                                         GEOM     BASIS   MCVARS    GRID      RKS      RKS      RKS  

 PROGRAMS   *        TOTAL   RKS-SCF       INT   RKS-SCF       INT   RKS-SCF       INT
 CPU TIMES  *     19827.59   6966.61      1.22   4760.65      1.19   8096.16      1.55
 REAL TIME  *     19890.84 SEC
 DISK USED  *       197.68 MB (local),      790.73 MB (total)
 SF USED    *         9.35 MB
 GA USED    *         5.07 MB       (max)       5.07 MB       (current)
 **********************************************************************************************************************************
 SETTING EB_PBE         =      -248.07184635  AU                              
 SETTING E_AB_INT       =        -0.00028506  AU                              

 *** results in hartree
 E_AB_INT         =        -0.00028506 AU
 Molecular orbitals read from record     2301.2  Type=RKS/CANONICAL (state 1.1)
 Occupation numbers read from record     2301.2  Type=RKS/RHF (state 1.1)
 Orbital energies read from record       2301.2  Type=RKS/CANONICAL (state 1.1)
 Redundancy group numbers read from rec  2301.2  Type=RKS/RHF (state 1.1)

 RPBE/aug-cc-pVQZ energy=   -248.071846353824

         RKS-SCF         RKS-SCF         RKS-SCF
   -248.07184635    -76.38634463   -324.45847604
 **********************************************************************************************************************************
 Molpro calculation terminated
