
 Primary working directories    : /scratch/sirous/50548/molpro.vxpSon7dxS
 Secondary working directories  : /scratch/sirous/50548/molpro.vxpSon7dxS
 Wavefunction directory         : /scratch/sirous/50548/
 Main file repository           : /scratch/sirous/50548/molpro.vxpSon7dxS/

 id        : karlovklimes

 Nodes                      nprocs
 nc-08.cc.karlov.mff.cuni.cz    4

 Using customized tuning parameters: mindgm=1; mindgv=20; mindgc=4; mindgr=1; noblas=0; minvec=7
 default implementation of scratch files=sf  


 Variables initialized (934), CPU time= 0.01 sec
 ***,CH3C6H4CN+CF3CN+BF3
 memory,500,m
 gdirect
 gthresh,energy=1.d-8,twoint=1.d-19,oneint=1.d-19,zero=1.d-15,orbital=1.d-8,grid=1.d-8
 symmetry,nosym
 geomtyp=xyz
                                                                                 ! Geometry
 geometry={
 O1        -0.552831024    -0.10169749     -0.000498788
 H1        -0.871759633    0.801792198     0.0001444
 H2        0.412659497    -0.001832248     -0.00025181
 N1        4.1993305277201625    0.18922227250031254     0.0005217066132421201
 C1        4.895237166720163    0.1552514805003125     1.1452695526132421
 H3        4.310564615720163    0.17886242250031253     2.056137580613242
 C2        6.284260758720164    0.09006904850031253     1.1952656166132423
 H4        6.790167139720163    0.06521489350031252     2.149594738613242
 C3        6.995423903720162    0.05694325050031252     0.0003544706132421201
 H5        8.075263854720163    0.0051696975003125145     0.00027404261324212006
 C4        6.284115605720164    0.09000239350031251     -1.1944468263867578
 H6        6.789912552720162    0.06512936650031252     -2.148845427386758
 C5        4.8950855917201626    0.1551973845003125     -1.1443005663867578
 H7        4.310316708720163    0.17879803950031253     -2.055093119386758
 }
 
 
 
 basis=avtz
 
 
 
                                                                                 ! Dimer Calculation
 {rks,pbe,accu=1.d-8;orbital,2101.2}
 eab_PBE=energy
 
 
                                                                                 !monomer A
 dummy,4,5,6,7,8,9,10,11,12,13,14;                                               ! NOW MONOMER B IS DUMMY
 {rks,pbe,accu=1.d-8;orbital,2201.2}
 ea_PBE=energy
                                                                                 !monomer B
 dummy,1,2,3;                                                                    !NOW MONOMER A IS DUMMY
 {rks,pbe,accu=1.d-8;orbital,2301.2}
 eb_PBE=energy
 
 E_AB_int=eab_PBE-ea_PBE-eb_PBE
 
 
 text,results in hartree
 show,E_AB_int
 
 Commands  initialized (763), CPU time= 0.02 sec, 617 directives.
 Default parameters read. Elapsed time= 0.20 sec

 Checking input...
 Passed
1


                                         ***  PROGRAM SYSTEM MOLPRO  ***
                                       Copyright, TTI GmbH Stuttgart, 2015
                                    Version 2019.2 linked Jun  8 2019 11:26:33


 **********************************************************************************************************************************
 LABEL *   CH3C6H4CN+CF3CN+BF3                                                           
  64 bit mpp version                                                                     DATE: 17-Oct-19          TIME: 19:39:16  
 **********************************************************************************************************************************

 SHA1:             8135a10abc80eafa5b3ae28ffc55be4890dc4c84
 **********************************************************************************************************************************

 THRESHOLDS:

 ZERO    =  1.00D-15  ONEINT  =  1.00D-19  TWOINT  =  1.00D-19  PREFAC  =  1.00D-14  XXXXXX  =  1.00D-09  EORDER  =  1.00D-04
 ENERGY  =  1.00D-08  ETEST   =  0.00D+00  EDENS   =  0.00D+00  THRDEDEF=  1.00D-06  GRADIENT=  1.00D-02  STEP    =  1.00D-03
 ORBITAL =  1.00D-08  CIVEC   =  1.00D-05  COEFF   =  1.00D-04  PRINTCI =  5.00D-02  PUNCHCI =  9.90D+01  OPTGRAD =  3.00D-04
 OPTENERG=  1.00D-06  OPTSTEP =  3.00D-04  THRGRAD =  1.00D-10  COMPRESS=  1.00D-11  VARMIN  =  1.00D-07  VARMAX  =  1.00D-03
 THRDOUB =  0.00D+00  THRDIV  =  1.00D-05  THRRED  =  1.00D-07  THRPSP  =  1.00D+00  THRDC   =  1.00D-10  THRCS   =  1.00D-10
 THRNRM  =  1.00D-08  THREQ   =  0.00D+00  THRDE   =  1.00D+00  THRREF  =  1.00D-05  SPARFAC =  1.00D+00  THRDLP  =  1.00D-07
 THRDIA  =  1.00D-10  THRDLS  =  1.00D-07  THRGPS  =  0.00D+00  THRKEX  =  0.00D+00  THRDIS  =  2.00D-01  THRVAR  =  1.00D-10
 THRLOC  =  1.00D-06  THRGAP  =  1.00D-06  THRLOCT = -1.00D+00  THRGAPT = -1.00D+00  THRORB  =  1.00D-06  THRMLTP =  0.00D+00
 THRCPQCI=  1.00D-10  KEXTA   =  0.00D+00  THRCOARS=  0.00D+00  SYMTOL  =  1.00D-06  GRADTOL =  1.00D-06  THROVL  =  1.00D-08
 THRORTH =  1.00D-08  GRID    =  1.00D-08  GRIDMAX =  1.00D-03  DTMAX   =  0.00D+00  THROCCDE=  1.00D-01  THROCCDE=  1.00D-01
 THRPRINT=  2.50D-01


 Variable memory set to  500000000 words,  buffer space 

 SETTING GEOMTYP        =    XYZ
 ZSYMEL=NOSYM

 SETTING BASIS          =    AVTZ


 Recomputing integrals since basis changed


 Using spherical harmonics

 Library entry O      S aug-cc-pVTZ          selected for orbital group  1
 Library entry O      P aug-cc-pVTZ          selected for orbital group  1
 Library entry O      D aug-cc-pVTZ          selected for orbital group  1
 Library entry O      F aug-cc-pVTZ          selected for orbital group  1
 Library entry H      S aug-cc-pVTZ          selected for orbital group  2
 Library entry H      P aug-cc-pVTZ          selected for orbital group  2
 Library entry H      D aug-cc-pVTZ          selected for orbital group  2
 Library entry N      S aug-cc-pVTZ          selected for orbital group  3
 Library entry N      P aug-cc-pVTZ          selected for orbital group  3
 Library entry N      D aug-cc-pVTZ          selected for orbital group  3
 Library entry N      F aug-cc-pVTZ          selected for orbital group  3
 Library entry C      S aug-cc-pVTZ          selected for orbital group  4
 Library entry C      P aug-cc-pVTZ          selected for orbital group  4
 Library entry C      D aug-cc-pVTZ          selected for orbital group  4
 Library entry C      F aug-cc-pVTZ          selected for orbital group  4


 PROGRAM * SEWARD (Integral evaluation for generally contracted gaussian basis sets)     Author: Roland Lindh, 1990

 Geometry written to block  1 of record 700


 Point group  C1  



 ATOMIC COORDINATES

 NR  ATOM    CHARGE       X              Y              Z

   1  O1      8.00   -1.044699229   -0.192180404   -0.000942573
   2  H1      1.00   -1.647386953    1.515167663    0.000272876
   3  H2      1.00    0.779813432   -0.003462447   -0.000475852
   4  N1      7.00    7.935584604    0.357578272    0.000985883
   5  C1      6.00    9.250657560    0.293382779    2.164245793
   6  H3      1.00    8.145786566    0.338000993    3.885536902
   7  C2      6.00   11.875531729    0.170205834    2.258724662
   8  H4      1.00   12.831556234    0.123238288    4.062145335
   9  C3      6.00   13.219435303    0.107607148    0.000669852
  10  H5      1.00   15.260037069    0.009769312    0.000517865
  11  C4      6.00   11.875257430    0.170079874   -2.257177372
  12  H6      1.00   12.831075134    0.123076665   -4.060729342
  13  C5      6.00    9.250371125    0.293280552   -2.162414675
  14  H7      1.00    8.145318090    0.337879326   -3.883563156

 Bond lengths in Bohr (Angstrom)

  1- 2  1.810599732   1- 3  1.834246748   4- 5  2.532435859   4-13  2.532409873   5- 6  2.045867488
       ( 0.958128117)       ( 0.970641578)       ( 1.340107345)       ( 1.340093593)       ( 1.082626451)

  5- 7  2.629460633   7- 8  2.041694132   7- 9  2.628460944   9-10  2.042945871   9-11  2.628419884
       ( 1.391450644)       ( 1.080418006)       ( 1.390921631)       ( 1.081080398)       ( 1.390899903)

 11-12  2.041714107  11-13  2.629484073  13-14  2.045845389
       ( 1.080428576)       ( 1.391463048)       ( 1.082614757)

 Bond angles

  2- 1- 3  103.53746219   4- 5- 6  115.95739315   4- 5- 7  123.38528718   4-13-11  123.38436469

  4-13-14  115.95807109   5- 4-13  117.35464992   5- 7- 8  120.01648183   5- 7- 9  118.72757008

  6- 5- 7  120.65712314   7- 9-10  120.79093470   7- 9-11  118.41925478   8- 7- 9  121.25592330

  9-11-12  121.25539586   9-11-13  118.72873602  10- 9-11  120.78974222  11-13-14  120.65737138

 12-11-13  120.01584553

 NUCLEAR CHARGE:                   52
 NUMBER OF PRIMITIVE AOS:         658
 NUMBER OF SYMMETRY AOS:          581
 NUMBER OF CONTRACTIONS:          483   (  483A   )
 NUMBER OF CORE ORBITALS:           7   (    7A   )
 NUMBER OF VALENCE ORBITALS:       35   (   35A   )


 NUCLEAR REPULSION ENERGY  252.44254562


 Eigenvalues of metric

         1 0.221E-05 0.330E-05 0.438E-05 0.672E-05 0.833E-05 0.900E-05 0.982E-05 0.111E-04


 OPERATOR DM      FOR CENTER  0  COORDINATES:    0.000000    0.000000    0.000000


 **********************************************************************************************************************************
 DATASETS  * FILE   NREC   LENGTH (MB)   RECORD NAMES
              1      18       38.75       500      610      700      900      950      970     1000      129      960     1100   
                                          VAR    BASINP    GEOM    SYMINP    ZMAT    AOBASIS   BASIS     P2S    ABASIS      S 
                                         1400     1410     1200     1210     1080     1600     1650     1700   
                                           T        V       H0       H01     AOSYM     SMH    MOLCAS    OPER   

 PROGRAMS   *        TOTAL       INT
 CPU TIMES  *         0.86      0.67
 REAL TIME  *         2.50 SEC
 DISK USED  *        39.38 MB (local),      157.53 MB (total)
 GA USED    *         0.00 MB       (max)       0.00 MB       (current)
 **********************************************************************************************************************************

 Density functional group PBE=PBEX+PBEC
 Functional: PBEX(Automatically generated (new) PBEX)                          Gradient terms: 1
 Functional: PBEC(Automatically generated (new) PBEC)                          Gradient terms: 1
 Use libxcgrid:  F
 Use grid at  1800.2

 Functional: PBEX                      Factor:  1.0000
 Functional: PBEC                      Factor:  1.0000

 Generated new metagrid on record  1800.2 with target accuracy 1.0D-08 and 152882 points in CPU time    0.4
 Computed new grid on record 1800.1 in CPU time    0.6
  389034 words reserved for DFT integration

 PROGRAM * RKS-SCF (Restricted closed shell Kohn-Sham)     Authors: W. Meyer, H.-J. Werner, P.J. Knowles, 1993

 NUMBER OF ELECTRONS:      26+   26-    SPACE SYMMETRY=1    SPIN SYMMETRY: Singlet 
 CONVERGENCE THRESHOLDS:    1.00E-04 (Density)    1.00E-08 (Energy)
 INTEGRAL THRESHOLDS:       1.00E-12 (Initial)    1.00E-12 (Final)
 MAX. NUMBER OF ITERATIONS:       60
 INTERPOLATION TYPE:            DIIS
 INTERPOLATION STEPS:              2 (START)      1 (STEP)
 LEVEL SHIFTS:                  0.00 (CLOSED)  0.00 (OPEN) 



 Use fine grid record 1800.2 for energy threshold  1.0D-08
 Orbital guess generated from atomic densities. Full valence occupancy:   42

 Molecular orbital dump at record        2101.2

 Initial occupancy:  26

 Direct Fock-matrix evaluation.        Authors: Roland Lindh & Martin Schuetz (1993/96)

 Integral Threshold:                  0.1D-11
 Threshold for writing integrals:     0.1D-06
 Prescreening on density matrix:        ON 
 Calculation will be performed fully direct        

 ITERATION   DDIFF            GRAD            ENERGY        2-EL.EN.            DIPOLE MOMENTS         DIIS   CPU(IT)  CPU(TOT)
    1      0.000D+00      0.000D+00      -324.16703723    833.816793    1.54374    0.88028    0.00075    0     66.8     76.8     start
    2      0.000D+00      0.489D-02      -323.55126959    780.195317    1.20882   -0.44583   -0.00034    1     64.3    141.1     diag
    3      0.155D-01      0.908D-02      -324.42228762    813.654488    1.21453    0.67278    0.00058    2     64.1    205.2     diag
    4      0.885D-02      0.122D-02      -324.43402304    815.062403    1.47057    0.52199    0.00045    3     62.7    268.0     diag
    5      0.154D-02      0.474D-03      -324.43614361    813.765896    1.27118    0.55296    0.00048    4     61.6    329.6     diag
    6      0.541D-03      0.177D-03      -324.43631487    813.975223    1.43961    0.54346    0.00047    5     60.2    389.7     diag
    7      0.204D-03      0.130D-03      -324.43651923    813.925608    1.35928    0.54513    0.00047    6     59.5    449.3     diag
    8      0.963D-04      0.125D-04      -324.43652026    813.955679    1.36215    0.54583    0.00047    7     57.4    506.7     diag
    9      0.148D-04      0.675D-05      -324.43652078    813.955267    1.36174    0.54606    0.00047    8     55.0    561.7     diag
   10      0.644D-05      0.873D-06      -324.43652079    813.955786    1.36198    0.54614    0.00047    9     53.5    615.2     orth
   11      0.121D-05      0.117D-06      -324.43652079    813.955582    1.36178    0.54608    0.00047    0     50.9    666.1     orth

 Final occupancy:  26

 !RKS STATE  1.1 Energy              -324.436520785005
 Nuclear energy                       252.44254562
 One-electron energy                 -939.05083323
 Two-electron energy                  406.97779076
 Density functional                   -44.80602394     PBEX=-43.09857293 PBEC= -1.70745101
 Virial quotient                       -1.00570897
 !RKS STATE  1.1 Dipole moment          1.36177825     0.54607955     0.00047381
 Dipole moment /Debye                   3.46106837     1.38790487     0.00120424

 Orbital energies:

         1.1          2.1          3.1          4.1          5.1          6.1          7.1          8.1          9.1         10.1
    -18.749430   -13.994363    -9.927990    -9.927981    -9.915931    -9.907062    -9.907060    -0.919299    -0.870320    -0.741508

        11.1         12.1         13.1         14.1         15.1         16.1         17.1         18.1         19.1         20.1
     -0.701284    -0.579275    -0.577200    -0.486723    -0.469506    -0.440808    -0.428256    -0.390621    -0.370281    -0.366253

        21.1         22.1         23.1         24.1         25.1         26.1         27.1         28.1
     -0.333351    -0.328945    -0.273254    -0.255031    -0.251320    -0.223780    -0.073697    -0.059981


 HOMO     26.1    -0.223780 =      -6.0894eV
 LUMO     27.1    -0.073697 =      -2.0054eV
 LUMO-HOMO         0.150083 =       4.0840eV


 **********************************************************************************************************************************
 DATASETS  * FILE   NREC   LENGTH (MB)   RECORD NAMES
              1      19       38.75       500      610      700      900      950      970     1000      129      960     1100   
                                          VAR    BASINP    GEOM    SYMINP    ZMAT    AOBASIS   BASIS     P2S    ABASIS      S 
                                         1400     1410     1200     1210     1080     1600     1650     1700     1800   
                                           T        V       H0       H01     AOSYM     SMH    MOLCAS    OPER     GRID   

              2       5        7.74       700     1000      520     1800     2101   
                                         GEOM     BASIS   MCVARS    GRID      RKS  

 PROGRAMS   *        TOTAL   RKS-SCF       INT
 CPU TIMES  *       667.75    666.89      0.67
 REAL TIME  *       672.50 SEC
 DISK USED  *        63.43 MB (local),      253.72 MB (total)
 SF USED    *         2.81 MB
 GA USED    *         4.96 MB       (max)       4.96 MB       (current)
 **********************************************************************************************************************************
 SETTING EAB_PBE        =      -324.43652079  AU                              

 Dummy atoms: N1  C1  H3  C2  H4  C3  H5  C4  H6  C5  H7


 Recomputing one-electron integrals since nuclear charges changed


 PROGRAM * SEWARD (Integral evaluation for generally contracted gaussian basis sets)     Author: Roland Lindh, 1990

 Geometry written to block  1 of record 700


 Point group  C1  



 ATOMIC COORDINATES

 NR  ATOM    CHARGE       X              Y              Z

   1  O1      8.00   -1.044699229   -0.192180404   -0.000942573
   2  H1      1.00   -1.647386953    1.515167663    0.000272876
   3  H2      1.00    0.779813432   -0.003462447   -0.000475852
   4  N1      0.00    7.935584604    0.357578272    0.000985883
   5  C1      0.00    9.250657560    0.293382779    2.164245793
   6  H3      0.00    8.145786566    0.338000993    3.885536902
   7  C2      0.00   11.875531729    0.170205834    2.258724662
   8  H4      0.00   12.831556234    0.123238288    4.062145335
   9  C3      0.00   13.219435303    0.107607148    0.000669852
  10  H5      0.00   15.260037069    0.009769312    0.000517865
  11  C4      0.00   11.875257430    0.170079874   -2.257177372
  12  H6      0.00   12.831075134    0.123076665   -4.060729342
  13  C5      0.00    9.250371125    0.293280552   -2.162414675
  14  H7      0.00    8.145318090    0.337879326   -3.883563156

 Bond lengths in Bohr (Angstrom)

  1- 2  1.810599732   1- 3  1.834246748   4- 5  2.532435859   4-13  2.532409873   5- 6  2.045867488
       ( 0.958128117)       ( 0.970641578)       ( 1.340107345)       ( 1.340093593)       ( 1.082626451)

  5- 7  2.629460633   7- 8  2.041694132   7- 9  2.628460944   9-10  2.042945871   9-11  2.628419884
       ( 1.391450644)       ( 1.080418006)       ( 1.390921631)       ( 1.081080398)       ( 1.390899903)

 11-12  2.041714107  11-13  2.629484073  13-14  2.045845389
       ( 1.080428576)       ( 1.391463048)       ( 1.082614757)

 Bond angles

  2- 1- 3  103.53746219   4- 5- 6  115.95739315   4- 5- 7  123.38528718   4-13-11  123.38436469

  4-13-14  115.95807109   5- 4-13  117.35464992   5- 7- 8  120.01648183   5- 7- 9  118.72757008

  6- 5- 7  120.65712314   7- 9-10  120.79093470   7- 9-11  118.41925478   8- 7- 9  121.25592330

  9-11-12  121.25539586   9-11-13  118.72873602  10- 9-11  120.78974222  11-13-14  120.65737138

 12-11-13  120.01584553

 NUCLEAR CHARGE:                   10
 NUMBER OF PRIMITIVE AOS:         658
 NUMBER OF SYMMETRY AOS:          581
 NUMBER OF CONTRACTIONS:          483   (  483A   )
 NUMBER OF CORE ORBITALS:           1   (    1A   )
 NUMBER OF VALENCE ORBITALS:        6   (    6A   )

 MOLECULE CHANGED: INITIALIZING OCCUPATION AND DUMP RECORDS


 NUCLEAR REPULSION ENERGY    9.12915640


 Eigenvalues of metric

         1 0.221E-05 0.330E-05 0.438E-05 0.672E-05 0.833E-05 0.900E-05 0.982E-05 0.111E-04


 OPERATOR DM      FOR CENTER  0  COORDINATES:    0.000000    0.000000    0.000000


 **********************************************************************************************************************************
 DATASETS  * FILE   NREC   LENGTH (MB)   RECORD NAMES
              1      19       38.75       500      610      700      900      950      970     1000      129      960     1100   
                                          VAR    BASINP    GEOM    SYMINP    ZMAT    AOBASIS   BASIS     P2S    ABASIS      S 
                                         1400     1410     1200     1210     1080     1600     1650     1700     1800   
                                           T        V       H0       H01     AOSYM     SMH    MOLCAS    OPER     GRID   

              2       5        7.74       700     1000      520     1800     2101   
                                         GEOM     BASIS   MCVARS    GRID      RKS  

 PROGRAMS   *        TOTAL       INT   RKS-SCF       INT
 CPU TIMES  *       668.09      0.33    666.89      0.67
 REAL TIME  *       673.05 SEC
 DISK USED  *        63.43 MB (local),      253.72 MB (total)
 SF USED    *         2.81 MB
 GA USED    *         4.96 MB       (max)       4.96 MB       (current)
 **********************************************************************************************************************************

 Density functional group PBE=PBEX+PBEC
 Functional: PBEX(Automatically generated (new) PBEX)                          Gradient terms: 1
 Functional: PBEC(Automatically generated (new) PBEC)                          Gradient terms: 1
 Use libxcgrid:  F
 Use grid at  1800.2

 Functional: PBEX                      Factor:  1.0000
 Functional: PBEC                      Factor:  1.0000

 Generated new metagrid on record  1800.2 with target accuracy 1.0D-08 and 152882 points in CPU time    0.4
 Computed new grid on record 1800.1 in CPU time    0.6
  389034 words reserved for DFT integration

 PROGRAM * RKS-SCF (Restricted closed shell Kohn-Sham)     Authors: W. Meyer, H.-J. Werner, P.J. Knowles, 1993

 NUMBER OF ELECTRONS:       5+    5-    SPACE SYMMETRY=1    SPIN SYMMETRY: Singlet 
 CONVERGENCE THRESHOLDS:    1.00E-04 (Density)    1.00E-08 (Energy)
 INTEGRAL THRESHOLDS:       1.00E-12 (Initial)    1.00E-12 (Final)
 MAX. NUMBER OF ITERATIONS:       60
 INTERPOLATION TYPE:            DIIS
 INTERPOLATION STEPS:              2 (START)      1 (STEP)
 LEVEL SHIFTS:                  0.00 (CLOSED)  0.00 (OPEN) 



 Use fine grid record 1800.2 for energy threshold  1.0D-08
 Orbital guess generated from atomic densities. Full valence occupancy:    7

 Molecular orbital dump at record        2201.2

 Initial occupancy:   5

 Direct Fock-matrix evaluation.        Authors: Roland Lindh & Martin Schuetz (1993/96)

 Integral Threshold:                  0.1D-11
 Threshold for writing integrals:     0.1D-06
 Prescreening on density matrix:        ON 
 Calculation will be performed fully direct        

 ITERATION   DDIFF            GRAD            ENERGY        2-EL.EN.            DIPOLE MOMENTS         DIIS   CPU(IT)  CPU(TOT)
    1      0.000D+00      0.000D+00       -76.29670246     98.036269    0.60344    0.92774    0.00082    0     63.0     72.2     start
    2      0.000D+00      0.695D-02       -75.92221473     81.921315   -0.26577   -0.34510   -0.00032    1     62.7    134.9     diag
    3      0.715D-02      0.158D-01       -76.37982500     93.491790    0.40016    0.62335    0.00055    2     62.5    197.4     diag
    4      0.559D-02      0.397D-03       -76.38019989     93.108306    0.38392    0.60062    0.00053    3     58.1    255.5     diag
    5      0.155D-03      0.916D-04       -76.38021315     93.156815    0.38319    0.59898    0.00053    4     56.2    311.7     diag
    6      0.395D-04      0.216D-04       -76.38021401     93.168489    0.38445    0.60095    0.00053    5     53.3    365.0     diag
    7      0.689D-05      0.712D-06       -76.38021402     93.168749    0.38441    0.60089    0.00053    6     48.1    413.1     diag
    8      0.474D-06      0.650D-07       -76.38021402     93.168858    0.38442    0.60091    0.00053    0     39.0    452.1     orth

 Final occupancy:   5

 !RKS STATE  1.1 Energy               -76.380214015440
 Nuclear energy                         9.12915640
 One-electron energy                 -122.86414430
 Two-electron energy                   46.58442897
 Density functional                    -9.22965508     PBEX=-8.90521650 PBEC=-0.32443858
 Virial quotient                       -1.00565605
 !RKS STATE  1.1 Dipole moment          0.38442037     0.60090572     0.00053278
 Dipole moment /Debye                   0.97703513     1.52724996     0.00135411

 Orbital energies:

         1.1          2.1          3.1          4.1          5.1          6.1          7.1
    -18.761014    -0.930903    -0.481343    -0.344566    -0.266060    -0.035108     0.012390


 HOMO      5.1    -0.266060 =      -7.2399eV
 LUMO      6.1    -0.035108 =      -0.9553eV
 LUMO-HOMO         0.230952 =       6.2845eV


 **********************************************************************************************************************************
 DATASETS  * FILE   NREC   LENGTH (MB)   RECORD NAMES
              1      19       38.75       500      610      700      900      950      970     1000      129      960     1100   
                                          VAR    BASINP    GEOM    SYMINP    ZMAT    AOBASIS   BASIS     P2S    ABASIS      S 
                                         1400     1410     1200     1210     1080     1600     1650     1700     1800   
                                           T        V       H0       H01     AOSYM     SMH    MOLCAS    OPER     GRID   

              2       6       19.58       700     1000      520     1800     2101     2201   
                                         GEOM     BASIS   MCVARS    GRID      RKS      RKS  

 PROGRAMS   *        TOTAL   RKS-SCF       INT   RKS-SCF       INT
 CPU TIMES  *      1121.06    452.96      0.33    666.89      0.67
 REAL TIME  *      1127.27 SEC
 DISK USED  *        72.47 MB (local),      289.89 MB (total)
 SF USED    *         2.81 MB
 GA USED    *         4.96 MB       (max)       4.96 MB       (current)
 **********************************************************************************************************************************
 SETTING EA_PBE         =       -76.38021402  AU                              

 Dummy atoms: O1  H1  H2


 Recomputing one-electron integrals since nuclear charges changed


 PROGRAM * SEWARD (Integral evaluation for generally contracted gaussian basis sets)     Author: Roland Lindh, 1990

 Geometry written to block  1 of record 700


 Point group  C1  



 ATOMIC COORDINATES

 NR  ATOM    CHARGE       X              Y              Z

   1  O1      0.00   -1.044699229   -0.192180404   -0.000942573
   2  H1      0.00   -1.647386953    1.515167663    0.000272876
   3  H2      0.00    0.779813432   -0.003462447   -0.000475852
   4  N1      7.00    7.935584604    0.357578272    0.000985883
   5  C1      6.00    9.250657560    0.293382779    2.164245793
   6  H3      1.00    8.145786566    0.338000993    3.885536902
   7  C2      6.00   11.875531729    0.170205834    2.258724662
   8  H4      1.00   12.831556234    0.123238288    4.062145335
   9  C3      6.00   13.219435303    0.107607148    0.000669852
  10  H5      1.00   15.260037069    0.009769312    0.000517865
  11  C4      6.00   11.875257430    0.170079874   -2.257177372
  12  H6      1.00   12.831075134    0.123076665   -4.060729342
  13  C5      6.00    9.250371125    0.293280552   -2.162414675
  14  H7      1.00    8.145318090    0.337879326   -3.883563156

 Bond lengths in Bohr (Angstrom)

  1- 2  1.810599732   1- 3  1.834246748   4- 5  2.532435859   4-13  2.532409873   5- 6  2.045867488
       ( 0.958128117)       ( 0.970641578)       ( 1.340107345)       ( 1.340093593)       ( 1.082626451)

  5- 7  2.629460633   7- 8  2.041694132   7- 9  2.628460944   9-10  2.042945871   9-11  2.628419884
       ( 1.391450644)       ( 1.080418006)       ( 1.390921631)       ( 1.081080398)       ( 1.390899903)

 11-12  2.041714107  11-13  2.629484073  13-14  2.045845389
       ( 1.080428576)       ( 1.391463048)       ( 1.082614757)

 Bond angles

  2- 1- 3  103.53746219   4- 5- 6  115.95739315   4- 5- 7  123.38528718   4-13-11  123.38436469

  4-13-14  115.95807109   5- 4-13  117.35464992   5- 7- 8  120.01648183   5- 7- 9  118.72757008

  6- 5- 7  120.65712314   7- 9-10  120.79093470   7- 9-11  118.41925478   8- 7- 9  121.25592330

  9-11-12  121.25539586   9-11-13  118.72873602  10- 9-11  120.78974222  11-13-14  120.65737138

 12-11-13  120.01584553

 NUCLEAR CHARGE:                   42
 NUMBER OF PRIMITIVE AOS:         658
 NUMBER OF SYMMETRY AOS:          581
 NUMBER OF CONTRACTIONS:          483   (  483A   )
 NUMBER OF CORE ORBITALS:           6   (    6A   )
 NUMBER OF VALENCE ORBITALS:       29   (   29A   )

 MOLECULE CHANGED: INITIALIZING OCCUPATION AND DUMP RECORDS


 NUCLEAR REPULSION ENERGY  206.28546434


 Eigenvalues of metric

         1 0.221E-05 0.330E-05 0.438E-05 0.672E-05 0.833E-05 0.900E-05 0.982E-05 0.111E-04


 OPERATOR DM      FOR CENTER  0  COORDINATES:    0.000000    0.000000    0.000000


 **********************************************************************************************************************************
 DATASETS  * FILE   NREC   LENGTH (MB)   RECORD NAMES
              1      19       38.75       500      610      700      900      950      970     1000      129      960     1100   
                                          VAR    BASINP    GEOM    SYMINP    ZMAT    AOBASIS   BASIS     P2S    ABASIS      S 
                                         1400     1410     1200     1210     1080     1600     1650     1700     1800   
                                           T        V       H0       H01     AOSYM     SMH    MOLCAS    OPER     GRID   

              2       6       19.58       700     1000      520     1800     2101     2201   
                                         GEOM     BASIS   MCVARS    GRID      RKS      RKS  

 PROGRAMS   *        TOTAL       INT   RKS-SCF       INT   RKS-SCF       INT
 CPU TIMES  *      1121.40      0.33    452.96      0.33    666.89      0.67
 REAL TIME  *      1127.82 SEC
 DISK USED  *        72.47 MB (local),      289.89 MB (total)
 SF USED    *         2.81 MB
 GA USED    *         4.96 MB       (max)       4.96 MB       (current)
 **********************************************************************************************************************************

 Density functional group PBE=PBEX+PBEC
 Functional: PBEX(Automatically generated (new) PBEX)                          Gradient terms: 1
 Functional: PBEC(Automatically generated (new) PBEC)                          Gradient terms: 1
 Use libxcgrid:  F
 Use grid at  1800.2

 Functional: PBEX                      Factor:  1.0000
 Functional: PBEC                      Factor:  1.0000

 Generated new metagrid on record  1800.2 with target accuracy 1.0D-08 and 152882 points in CPU time    0.4
 Computed new grid on record 1800.1 in CPU time    0.5
  389034 words reserved for DFT integration

 PROGRAM * RKS-SCF (Restricted closed shell Kohn-Sham)     Authors: W. Meyer, H.-J. Werner, P.J. Knowles, 1993

 NUMBER OF ELECTRONS:      21+   21-    SPACE SYMMETRY=1    SPIN SYMMETRY: Singlet 
 CONVERGENCE THRESHOLDS:    1.00E-04 (Density)    1.00E-08 (Energy)
 INTEGRAL THRESHOLDS:       1.00E-12 (Initial)    1.00E-12 (Final)
 MAX. NUMBER OF ITERATIONS:       60
 INTERPOLATION TYPE:            DIIS
 INTERPOLATION STEPS:              2 (START)      1 (STEP)
 LEVEL SHIFTS:                  0.00 (CLOSED)  0.00 (OPEN) 



 Use fine grid record 1800.2 for energy threshold  1.0D-08
 Orbital guess generated from atomic densities. Full valence occupancy:   35

 Molecular orbital dump at record        2301.2

 Initial occupancy:  21

 Direct Fock-matrix evaluation.        Authors: Roland Lindh & Martin Schuetz (1993/96)

 Integral Threshold:                  0.1D-11
 Threshold for writing integrals:     0.1D-06
 Prescreening on density matrix:        ON 
 Calculation will be performed fully direct        

 ITERATION   DDIFF            GRAD            ENERGY        2-EL.EN.            DIPOLE MOMENTS         DIIS   CPU(IT)  CPU(TOT)
    1      0.000D+00      0.000D+00      -247.86745484    662.055083    0.93619   -0.04762   -0.00007    0     65.3     75.5     start
    2      0.000D+00      0.418D-02      -247.62538738    623.854090    1.07605   -0.05206   -0.00003    1     63.9    139.4     diag
    3      0.133D-01      0.634D-02      -248.04890218    647.594975    0.61139   -0.03213   -0.00006    2     63.1    202.5     diag
    4      0.665D-02      0.727D-03      -248.05166584    647.337499    1.15569   -0.05725   -0.00006    3     61.8    264.3     diag
    5      0.972D-03      0.476D-03      -248.05377891    646.767127    0.75403   -0.03830   -0.00006    4     60.4    324.7     diag
    6      0.491D-03      0.200D-03      -248.05412067    646.899533    0.89822   -0.04525   -0.00006    5     58.9    383.6     diag
    7      0.179D-03      0.101D-03      -248.05420484    646.877502    0.87141   -0.04395   -0.00006    6     57.9    441.6     diag
    8      0.665D-04      0.692D-05      -248.05420532    646.894907    0.87166   -0.04394   -0.00006    7     56.0    497.5     diag
    9      0.102D-04      0.622D-06      -248.05420532    646.895092    0.87206   -0.04398   -0.00006    8     53.0    550.5     diag
   10      0.165D-05      0.655D-06      -248.05420530    646.895108    0.87177   -0.04394   -0.00007    0     51.9    602.4     orth

 Final occupancy:  21

 !RKS STATE  1.1 Energy              -248.054205304605
 Nuclear energy                       206.28546434
 One-electron energy                 -742.21051570
 Two-electron energy                  323.44755422
 Density functional                   -35.57670817     PBEX=-34.19365510 PBEC= -1.38305307
 Virial quotient                       -1.00569641
 !RKS STATE  1.1 Dipole moment          0.87177043    -0.04394270    -0.00006642
 Dipole moment /Debye                   2.21567428    -0.11168389    -0.00016882

 Orbital energies:

         1.1          2.1          3.1          4.1          5.1          6.1          7.1          8.1          9.1         10.1
    -13.988264    -9.923146    -9.923138    -9.911649    -9.902870    -9.902868    -0.865044    -0.737047    -0.696720    -0.574533

        11.1         12.1         13.1         14.1         15.1         16.1         17.1         18.1         19.1         20.1
     -0.572805    -0.482271    -0.436112    -0.424051    -0.386257    -0.365456    -0.361707    -0.324512    -0.268556    -0.246945

        21.1         22.1         23.1
     -0.216943    -0.069057    -0.055593


 HOMO     21.1    -0.216943 =      -5.9033eV
 LUMO     22.1    -0.069057 =      -1.8791eV
 LUMO-HOMO         0.147886 =       4.0242eV


 **********************************************************************************************************************************
 DATASETS  * FILE   NREC   LENGTH (MB)   RECORD NAMES
              1      19       38.75       500      610      700      900      950      970     1000      129      960     1100   
                                          VAR    BASINP    GEOM    SYMINP    ZMAT    AOBASIS   BASIS     P2S    ABASIS      S 
                                         1400     1410     1200     1210     1080     1600     1650     1700     1800   
                                           T        V       H0       H01     AOSYM     SMH    MOLCAS    OPER     GRID   

              2       7       31.43       700     1000      520     1800     2101     2201     2301   
                                         GEOM     BASIS   MCVARS    GRID      RKS      RKS      RKS  

 PROGRAMS   *        TOTAL   RKS-SCF       INT   RKS-SCF       INT   RKS-SCF       INT
 CPU TIMES  *      1724.62    603.22      0.33    452.96      0.33    666.89      0.67
 REAL TIME  *      1732.67 SEC
 DISK USED  *        86.19 MB (local),      344.76 MB (total)
 SF USED    *         2.81 MB
 GA USED    *         4.96 MB       (max)       4.96 MB       (current)
 **********************************************************************************************************************************
 SETTING EB_PBE         =      -248.05420530  AU                              
 SETTING E_AB_INT       =        -0.00210146  AU                              

 *** results in hartree
 E_AB_INT         =        -0.00210146 AU
 Molecular orbitals read from record     2301.2  Type=RKS/CANONICAL (state 1.1)
 Occupation numbers read from record     2301.2  Type=RKS/RHF (state 1.1)
 Orbital energies read from record       2301.2  Type=RKS/CANONICAL (state 1.1)
 Redundancy group numbers read from rec  2301.2  Type=RKS/RHF (state 1.1)

 RPBE/aug-cc-pVTZ energy=   -248.054205304605

         RKS-SCF         RKS-SCF         RKS-SCF
   -248.05420530    -76.38021402   -324.43652079
 **********************************************************************************************************************************
 Molpro calculation terminated
