
 Primary working directories    : /scratch/sirous/612007/molpro.W9GOlLMS0D
 Secondary working directories  : /scratch/sirous/612007/molpro.W9GOlLMS0D
 Wavefunction directory         : /scratch/sirous/612007/
 Main file repository           : /scratch/sirous/612007/molpro.W9GOlLMS0D/

 id        : karlovklimes

 Nodes                      nprocs
 nc-21.cc.karlov.mff.cuni.cz   12

 Using customized tuning parameters: mindgm=1; mindgv=20; mindgc=4; mindgr=1; noblas=0; minvec=7
 default implementation of scratch files=sf  


 Variables initialized (934), CPU time= 0.01 sec
 ***,CH3C6H4CN+CF3CN+BF3
 memory,500,m
 gdirect
 gthresh,energy=1.d-8,twoint=1.d-15,oneint=1.d-15,zero=1.d-15,orbital=1.d-8,grid=1.d-8,THROVL=1.d-9
 symmetry,nosym
 geomtyp=xyz
                                                                                 ! Geometry
 geometry={
 C1        0.311953526    0.561023339     0.496698861
 H1        0.742136078    1.553369105     0.481565708
 C2        1.142182348    -0.558074610     0.536061849
 H2        2.216511315    -0.434250142     0.552350145
 C3        0.587804145    -1.836687045     0.554144351
 H3        1.231912390    -2.704841527     0.585221787
 C4        -0.796657722    -1.996375617     0.532963001
 H4        -1.226774425    -2.988444274     0.548637085
 C5        -1.626892968    -0.877473651     0.494168282
 H5        -2.701122115    -1.001349968     0.479814980
 C6        -1.072665248    0.401205905     0.475973972
 H6        -1.716973569    1.269401170     0.445919947
 C7        0.171104969    0.506640887     4.818915490
 C8        1.617353650    0.685428245     4.363954002
 H7        2.033210368    1.618706123     4.747376982
 H8        2.240752969    -0.135187381     4.722807871
 H9        1.677962783    0.704819534     3.275019785
 C9        0.116713600    0.475269749     6.343780806
 H10        -0.909076426    0.347849326     6.692868581
 H11        0.712119501    -0.350417118     6.736334543
 H12        0.505008084    1.403154375     6.766686388
 C10        -0.378275065    -0.802851087     4.258619470
 H13        -1.413148667    -0.953126124     4.571291059
 H14        0.208181511    -1.651824849     4.614430737
 H15        -0.349495235    -0.803303864     3.168305227
 C11        -0.670267814    1.671212574     4.302710015
 H16        -0.648726857    1.707242968     3.212711452
 H17        -1.710056962    1.567443004     4.617192497
 H18        -0.294615217    2.621907046     4.684816926
 }
 
 
 
 basis=aug-cc-pv5z
 
 
 
                                                                                 ! Dimer Calculation
 {rhf,accu=1.d-8;orbital,2101.2}
 eab_HF=energy
 
 
                                                                                 !monomer A
 dummy,13,14,15,16,17,18,19,20,21,22,23,24,25,26,27,28,29;                       ! NOW MONOMER B IS DUMMY
 {rhf,accu=1.d-8;orbital,2201.2}
 ea_HF=energy
                                                                                 !monomer B
 dummy,1,2,3,4,5,6,7,8,9,10,11,12;                                               !NOW MONOMER A IS DUMMY
 {rhf,accu=1.d-8;orbital,2301.2}
 eb_HF=energy
 
 E_AB_int=eab_HF-ea_HF-eb_HF
 
 
 text,results in hartree
 show,E_AB_int
 
 Commands  initialized (763), CPU time= 0.01 sec, 617 directives.
 Default parameters read. Elapsed time= 0.30 sec

 Checking input...
 Passed
1


                                         ***  PROGRAM SYSTEM MOLPRO  ***
                                       Copyright, TTI GmbH Stuttgart, 2015
                                    Version 2019.2 linked Jun  8 2019 11:26:33


 **********************************************************************************************************************************
 LABEL *   CH3C6H4CN+CF3CN+BF3                                                           
  64 bit mpp version                                                                     DATE: 11-May-20          TIME: 16:16:29  
 **********************************************************************************************************************************

 SHA1:             8135a10abc80eafa5b3ae28ffc55be4890dc4c84
 **********************************************************************************************************************************

 THRESHOLDS:

 ZERO    =  1.00D-15  ONEINT  =  1.00D-15  TWOINT  =  1.00D-15  PREFAC  =  1.00D-14  XXXXXX  =  1.00D-09  EORDER  =  1.00D-04
 ENERGY  =  1.00D-08  ETEST   =  0.00D+00  EDENS   =  0.00D+00  THRDEDEF=  1.00D-06  GRADIENT=  1.00D-02  STEP    =  1.00D-03
 ORBITAL =  1.00D-08  CIVEC   =  1.00D-05  COEFF   =  1.00D-04  PRINTCI =  5.00D-02  PUNCHCI =  9.90D+01  OPTGRAD =  3.00D-04
 OPTENERG=  1.00D-06  OPTSTEP =  3.00D-04  THRGRAD =  1.00D-10  COMPRESS=  1.00D-11  VARMIN  =  1.00D-07  VARMAX  =  1.00D-03
 THRDOUB =  0.00D+00  THRDIV  =  1.00D-05  THRRED  =  1.00D-07  THRPSP  =  1.00D+00  THRDC   =  1.00D-10  THRCS   =  1.00D-10
 THRNRM  =  1.00D-08  THREQ   =  0.00D+00  THRDE   =  1.00D+00  THRREF  =  1.00D-05  SPARFAC =  1.00D+00  THRDLP  =  1.00D-07
 THRDIA  =  1.00D-10  THRDLS  =  1.00D-07  THRGPS  =  0.00D+00  THRKEX  =  0.00D+00  THRDIS  =  2.00D-01  THRVAR  =  1.00D-10
 THRLOC  =  1.00D-06  THRGAP  =  1.00D-06  THRLOCT = -1.00D+00  THRGAPT = -1.00D+00  THRORB  =  1.00D-06  THRMLTP =  0.00D+00
 THRCPQCI=  1.00D-10  KEXTA   =  0.00D+00  THRCOARS=  0.00D+00  SYMTOL  =  1.00D-06  GRADTOL =  1.00D-06  THROVL  =  1.00D-09
 THRORTH =  1.00D-08  GRID    =  1.00D-08  GRIDMAX =  1.00D-03  DTMAX   =  0.00D+00  THROCCDE=  1.00D-01  THROCCDE=  1.00D-01
 THRPRINT=  2.50D-01


 Variable memory set to  500000000 words,  buffer space 

 SETTING GEOMTYP        =    XYZ
 ZSYMEL=NOSYM

 SETTING BASIS          =    AUG-CC-PV5Z


 Recomputing integrals since basis changed


 Using spherical harmonics

 Library entry C      S aug-cc-pV5Z          selected for orbital group  1
 Library entry C      P aug-cc-pV5Z          selected for orbital group  1
 Library entry C      D aug-cc-pV5Z          selected for orbital group  1
 Library entry C      F aug-cc-pV5Z          selected for orbital group  1
 Library entry C      G aug-cc-pV5Z          selected for orbital group  1
 Library entry C      H aug-cc-pV5Z          selected for orbital group  1
 Library entry H      S aug-cc-pV5Z          selected for orbital group  2
 Library entry H      P aug-cc-pV5Z          selected for orbital group  2
 Library entry H      D aug-cc-pV5Z          selected for orbital group  2
 Library entry H      F aug-cc-pV5Z          selected for orbital group  2
 Library entry H      G aug-cc-pV5Z          selected for orbital group  2


 PROGRAM * SEWARD (Integral evaluation for generally contracted gaussian basis sets)     Author: Roland Lindh, 1990

 Geometry written to block  1 of record 700


 Point group  C1  



 ATOMIC COORDINATES

 NR  ATOM    CHARGE       X              Y              Z

   1  C1      6.00    0.589506728    1.060180460    0.938624814
   2  H1      1.00    1.402433935    2.935442179    0.910027299
   3  C2      6.00    2.158411822   -1.054608170    1.013010080
   4  H2      1.00    4.188599337   -0.820613838    1.043790499
   5  C3      6.00    1.110788849   -3.470835492    1.047181057
   6  H3      1.00    2.327977027   -5.111409696    1.105908900
   7  C4      6.00   -1.505464910   -3.772603158    1.007154106
   8  H4      1.00   -2.318267680   -5.647341216    1.036773832
   9  C5      6.00   -3.074382144   -1.658184882    0.933842712
  10  H5      1.00   -5.104381026   -1.892277194    0.906718903
  11  C6      6.00   -2.027043542    0.758169280    0.899460450
  12  H6      1.00   -3.244609809    2.398820554    0.842666573
  13  C7      6.00    0.323341530    0.957412520    9.106430494
  14  C8      6.00    3.056355445    1.295271661    8.246677884
  15  H7      1.00    3.842210749    3.058911249    8.971242306
  16  H8      1.00    4.234409424   -0.255467126    8.924813415
  17  H9      1.00    3.170890107    1.331915887    6.188890446
  18  C9      6.00    0.220556739    0.898129661   11.988008318
  19  H10     1.00   -1.717905471    0.657339959   12.647688606
  20  H11     1.00    1.345710825   -0.662192382   12.729827370
  21  H12     1.00    0.954326969    2.651577479   12.787184044
  22  C10     6.00   -0.714836273   -1.517168673    8.047624467
  23  H13     1.00   -2.670463954   -1.801147337    8.638488137
  24  H14     1.00    0.393406040   -3.121496570    8.720010314
  25  H15     1.00   -0.660450276   -1.518024298    5.987229158
  26  C11     6.00   -1.266622599    3.158134061    8.130943522
  27  H16     1.00   -1.225916089    3.226221638    6.071144762
  28  H17     1.00   -3.231539316    2.962037993    8.725229284
  29  H18     1.00   -0.556742072    4.954686241    8.853020934

 Bond lengths in Bohr (Angstrom)

  1- 2  2.044082918   1- 3  2.634260297   1-11  2.634213339   3- 4  2.043859616   3- 5  2.633787391
       ( 1.081682097)       ( 1.393990517)       ( 1.393965668)       ( 1.081563931)       ( 1.393740266)

  5- 6  2.043643741   5- 7  2.633903873   7- 8  2.043567581   7- 9  2.633940108   9-10  2.043631664
       ( 1.081449695)       ( 1.393801905)       ( 1.081409393)       ( 1.393821080)       ( 1.081443304)

  9-11  2.633793409  11-12  2.043876160  13-14  2.884907002  13-18  2.884019751  13-22  2.884863157
       ( 1.393743450)       ( 1.081572686)       ( 1.526627041)       ( 1.526157528)       ( 1.526603839)

 13-26  2.884915261  14-15  2.062277080  14-16  2.062151731  14-17  2.061298166  18-19  2.061745257
       ( 1.526631411)       ( 1.091310033)       ( 1.091243701)       ( 1.090792014)       ( 1.091028605)

 18-20  2.061764318  18-21  2.061960195  22-23  2.062581728  22-24  2.062564363  22-25  2.061113145
       ( 1.091038691)       ( 1.091142345)       ( 1.091471246)       ( 1.091462057)       ( 1.090694106)

 26-27  2.061325756  26-28  2.062165595  26-29  2.062262323
       ( 1.090806614)       ( 1.091251038)       ( 1.091302224)

 Bond angles

  1- 3- 4  120.00716999   1- 3- 5  119.99704482   1-11- 9  119.99853767   1-11-12  120.00675490

  2- 1- 3  120.00221804   2- 1-11  120.00024156   3- 1-11  119.99752766   3- 5- 6  119.99497472

  3-5-7  120.00045451   4-3-5  119.99578380   5-7-8  119.99714549   5-7-9  120.00748112

  6- 5- 7  120.00456018   7- 9-10  120.00636628   7- 9-11  119.99894507   8- 7- 9  119.99525930

  9-11-12  119.99470684  10- 9-11  119.99461328  13-14-15  110.88210889  13-14-16  110.80108537

 13-14-17  110.62381144  13-18-19  110.83023251  13-18-20  110.83025500  13-18-21  110.92156964

 13-22-23  110.74260242  13-22-24  110.74436455  13-22-25  110.96230635  13-26-27  110.62174430

 13-26-28  110.80292060  13-26-29  110.88199985  14-13-18  109.50781349  14-13-22  109.39030329

 14-13-26  109.39052086  15-14-16  108.05165932  15-14-17  108.32261351  16-14-17  108.05407582

 18-13-22  109.64872895  18-13-26  109.50481108  19-18-20  108.03424679  19-18-21  108.05234410

 20-18-21  108.05355159  22-13-26  109.38472938  23-22-24  107.99721944  23-22-25  108.13937187

 24-22-25  108.14245951  27-26-28  108.05496625  27-26-29  108.31894343  28-26-29  108.05480102

 NUCLEAR CHARGE:                   84
 NUMBER OF PRIMITIVE AOS:        4133
 NUMBER OF SYMMETRY AOS:         3078
 NUMBER OF CONTRACTIONS:         2837   ( 2837A   )
 NUMBER OF CORE ORBITALS:          11   (   11A   )
 NUMBER OF VALENCE ORBITALS:       62   (   62A   )


 NUCLEAR REPULSION ENERGY  598.66375285


 Eigenvalues of metric

         1 0.532E-08 0.594E-08 0.651E-08 0.120E-07 0.165E-07 0.210E-07 0.225E-07 0.250E-07


 OPERATOR DM      FOR CENTER  0  COORDINATES:    0.000000    0.000000    0.000000


 **********************************************************************************************************************************
 DATASETS  * FILE   NREC   LENGTH (MB)   RECORD NAMES
              1      18      321.29       500      610      700      900      950      970     1000      129      960     1100   
                                          VAR    BASINP    GEOM    SYMINP    ZMAT    AOBASIS   BASIS     P2S    ABASIS      S 
                                         1400     1410     1200     1210     1080     1600     1650     1700   
                                           T        V       H0       H01     AOSYM     SMH    MOLCAS    OPER   

 PROGRAMS   *        TOTAL       INT
 CPU TIMES  *        27.00     26.76
 REAL TIME  *        34.50 SEC
 DISK USED  *       323.07 MB (local),        3.88 GB (total)
 GA USED    *         0.00 MB       (max)       0.00 MB       (current)
 **********************************************************************************************************************************


 PROGRAM * RHF-SCF (CLOSED SHELL)       Authors: W. Meyer, H.-J. Werner


 NUMBER OF ELECTRONS:      42+   42-    SPACE SYMMETRY=1    SPIN SYMMETRY: Singlet 
 CONVERGENCE THRESHOLDS:    1.00E-04 (Density)    1.00E-09 (Energy)
 INTEGRAL THRESHOLDS:       1.00E-13 (Initial)    1.00E-13 (Final)
 MAX. NUMBER OF ITERATIONS:       60
 INTERPOLATION TYPE:            DIIS
 INTERPOLATION STEPS:              2 (START)      1 (STEP)
 LEVEL SHIFTS:                  0.00 (CLOSED)  0.00 (OPEN) 



 Orbital guess generated from atomic densities. Full valence occupancy:   73

 Molecular orbital dump at record        2101.2

 Initial occupancy:  42

 Direct Fock-matrix evaluation.        Authors: Roland Lindh & Martin Schuetz (1993/96)

 Integral Threshold:                  0.1D-12
 Threshold for writing integrals:     0.1D-06
 Prescreening on density matrix:        ON 
 Calculation will be performed fully direct        

 ITERATION   DDIFF            GRAD            ENERGY        2-EL.EN.            DIPOLE MOMENTS         DIIS   CPU(IT)  CPU(TOT)
    1      0.000D+00      0.000D+00      -427.07062984   1483.735763   -0.00510   -0.01560   -0.06152    0  45212.4  45413.6     start
    2      0.000D+00      0.889D-03      -427.19371515   1471.564701   -0.02490   -0.06745   -0.15714    1  37022.9  82436.5     diag
    3      0.106D-02      0.361D-03      -427.21026315   1477.320140   -0.02122   -0.05729   -0.13077    2  34380.1 116816.7     diag
    4      0.368D-03      0.118D-03      -427.21276088   1475.946927   -0.01962   -0.05394   -0.13656    3  34881.5 151698.1     diag
    5      0.151D-03      0.204D-04      -427.21282557   1476.026299   -0.02169   -0.05884   -0.13837    4  29228.6 180926.7     diag
    6      0.309D-04      0.582D-05      -427.21283115   1476.012090   -0.02046   -0.05597   -0.13802    5  27677.4 208604.1     diag
    7      0.121D-04      0.101D-05      -427.21283134   1476.012317   -0.02109   -0.05741   -0.13790    6  24299.7 232903.8     diag
    8      0.184D-05      0.417D-06      -427.21283137   1476.012497   -0.02081   -0.05678   -0.13793    7  31379.5 264283.2     diag
    9      0.748D-06      0.906D-07      -427.21283137   1476.012517   -0.02087   -0.05691   -0.13790    8  22275.7 286559.0     diag
   10      0.411D-06      0.344D-07      -427.21283137   1476.012468   -0.02086   -0.05687   -0.13790    9  21095.6 307654.6     orth
   11      0.585D-06      0.835D-08      -427.21283137   1476.012490   -0.02086   -0.05688   -0.13790    0  21588.0 329242.7     orth

 Final occupancy:  42

 !RHF STATE  1.1 Energy              -427.212831367809
 Nuclear energy                       598.66375285
 One-electron energy                -1763.88282921
 Two-electron energy                  738.00624499
 Virial quotient                       -1.00075630
 !RHF STATE  1.1 Dipole moment         -0.02085873    -0.05687982    -0.13789920
 Dipole moment /Debye                  -0.05301413    -0.14456461    -0.35048186

 Orbital energies:

         1.1          2.1          3.1          4.1          5.1          6.1          7.1          8.1          9.1         10.1
    -11.237085   -11.236494   -11.236454   -11.235252   -11.235227   -11.234598   -11.217976   -11.198699   -11.197672   -11.197651

        11.1         12.1         13.1         14.1         15.1         16.1         17.1         18.1         19.1         20.1
    -11.192894    -1.152695    -1.098879    -1.016992    -1.016915    -0.922699    -0.922100    -0.919236    -0.826344    -0.826331

        21.1         22.1         23.1         24.1         25.1         26.1         27.1         28.1         29.1         30.1
     -0.722699    -0.712144    -0.646413    -0.621557    -0.605954    -0.605249    -0.604686    -0.590476    -0.590398    -0.546646

        31.1         32.1         33.1         34.1         35.1         36.1         37.1         38.1         39.1         40.1
     -0.546420    -0.511009    -0.503677    -0.501948    -0.497314    -0.497189    -0.497124    -0.445542    -0.444871    -0.442516

        41.1         42.1         43.1         44.1
     -0.339653    -0.339492     0.018257     0.023847


 HOMO     42.1    -0.339492 =      -9.2381eV
 LUMO     43.1     0.018257 =       0.4968eV
 LUMO-HOMO         0.357749 =       9.7349eV


 **********************************************************************************************************************************
 DATASETS  * FILE   NREC   LENGTH (MB)   RECORD NAMES
              1      18      321.29       500      610      700      900      950      970     1000      129      960     1100   
                                          VAR    BASINP    GEOM    SYMINP    ZMAT    AOBASIS   BASIS     P2S    ABASIS      S 
                                         1400     1410     1200     1210     1080     1600     1650     1700   
                                           T        V       H0       H01     AOSYM     SMH    MOLCAS    OPER   

              2       4      164.81       700     1000      520     2101   
                                         GEOM     BASIS   MCVARS     RHF  

 PROGRAMS   *        TOTAL   RHF-SCF       INT
 CPU TIMES  *    329291.63 329264.47     26.76
 REAL TIME  *    464318.05 SEC
 DISK USED  *         1.07 GB (local),       12.80 GB (total)
 SF USED    *        96.62 MB
 GA USED    *         0.01 MB       (max)       0.00 MB       (current)
 **********************************************************************************************************************************
 SETTING EAB_HF         =      -427.21283137  AU                              

 Dummy atoms: C7  C8  H7  H8  H9  C9  H10  H11  H12  C10  H13  H14  H15  C11  H16  H17  H18


 Recomputing one-electron integrals since nuclear charges changed


 PROGRAM * SEWARD (Integral evaluation for generally contracted gaussian basis sets)     Author: Roland Lindh, 1990

 Geometry written to block  1 of record 700


 Point group  C1  



 ATOMIC COORDINATES

 NR  ATOM    CHARGE       X              Y              Z

   1  C1      6.00    0.589506728    1.060180460    0.938624814
   2  H1      1.00    1.402433935    2.935442179    0.910027299
   3  C2      6.00    2.158411822   -1.054608170    1.013010080
   4  H2      1.00    4.188599337   -0.820613838    1.043790499
   5  C3      6.00    1.110788849   -3.470835492    1.047181057
   6  H3      1.00    2.327977027   -5.111409696    1.105908900
   7  C4      6.00   -1.505464910   -3.772603158    1.007154106
   8  H4      1.00   -2.318267680   -5.647341216    1.036773832
   9  C5      6.00   -3.074382144   -1.658184882    0.933842712
  10  H5      1.00   -5.104381026   -1.892277194    0.906718903
  11  C6      6.00   -2.027043542    0.758169280    0.899460450
  12  H6      1.00   -3.244609809    2.398820554    0.842666573
  13  C7      0.00    0.323341530    0.957412520    9.106430494
  14  C8      0.00    3.056355445    1.295271661    8.246677884
  15  H7      0.00    3.842210749    3.058911249    8.971242306
  16  H8      0.00    4.234409424   -0.255467126    8.924813415
  17  H9      0.00    3.170890107    1.331915887    6.188890446
  18  C9      0.00    0.220556739    0.898129661   11.988008318
  19  H10     0.00   -1.717905471    0.657339959   12.647688606
  20  H11     0.00    1.345710825   -0.662192382   12.729827370
  21  H12     0.00    0.954326969    2.651577479   12.787184044
  22  C10     0.00   -0.714836273   -1.517168673    8.047624467
  23  H13     0.00   -2.670463954   -1.801147337    8.638488137
  24  H14     0.00    0.393406040   -3.121496570    8.720010314
  25  H15     0.00   -0.660450276   -1.518024298    5.987229158
  26  C11     0.00   -1.266622599    3.158134061    8.130943522
  27  H16     0.00   -1.225916089    3.226221638    6.071144762
  28  H17     0.00   -3.231539316    2.962037993    8.725229284
  29  H18     0.00   -0.556742072    4.954686241    8.853020934

 Bond lengths in Bohr (Angstrom)

  1- 2  2.044082918   1- 3  2.634260297   1-11  2.634213339   3- 4  2.043859616   3- 5  2.633787391
       ( 1.081682097)       ( 1.393990517)       ( 1.393965668)       ( 1.081563931)       ( 1.393740266)

  5- 6  2.043643741   5- 7  2.633903873   7- 8  2.043567581   7- 9  2.633940108   9-10  2.043631664
       ( 1.081449695)       ( 1.393801905)       ( 1.081409393)       ( 1.393821080)       ( 1.081443304)

  9-11  2.633793409  11-12  2.043876160  13-14  2.884907002  13-18  2.884019751  13-22  2.884863157
       ( 1.393743450)       ( 1.081572686)       ( 1.526627041)       ( 1.526157528)       ( 1.526603839)

 13-26  2.884915261  14-15  2.062277080  14-16  2.062151731  14-17  2.061298166  18-19  2.061745257
       ( 1.526631411)       ( 1.091310033)       ( 1.091243701)       ( 1.090792014)       ( 1.091028605)

 18-20  2.061764318  18-21  2.061960195  22-23  2.062581728  22-24  2.062564363  22-25  2.061113145
       ( 1.091038691)       ( 1.091142345)       ( 1.091471246)       ( 1.091462057)       ( 1.090694106)

 26-27  2.061325756  26-28  2.062165595  26-29  2.062262323
       ( 1.090806614)       ( 1.091251038)       ( 1.091302224)

 Bond angles

  1- 3- 4  120.00716999   1- 3- 5  119.99704482   1-11- 9  119.99853767   1-11-12  120.00675490

  2- 1- 3  120.00221804   2- 1-11  120.00024156   3- 1-11  119.99752766   3- 5- 6  119.99497472

  3-5-7  120.00045451   4-3-5  119.99578380   5-7-8  119.99714549   5-7-9  120.00748112

  6- 5- 7  120.00456018   7- 9-10  120.00636628   7- 9-11  119.99894507   8- 7- 9  119.99525930

  9-11-12  119.99470684  10- 9-11  119.99461328  13-14-15  110.88210889  13-14-16  110.80108537

 13-14-17  110.62381144  13-18-19  110.83023251  13-18-20  110.83025500  13-18-21  110.92156964

 13-22-23  110.74260242  13-22-24  110.74436455  13-22-25  110.96230635  13-26-27  110.62174430

 13-26-28  110.80292060  13-26-29  110.88199985  14-13-18  109.50781349  14-13-22  109.39030329

 14-13-26  109.39052086  15-14-16  108.05165932  15-14-17  108.32261351  16-14-17  108.05407582

 18-13-22  109.64872895  18-13-26  109.50481108  19-18-20  108.03424679  19-18-21  108.05234410

 20-18-21  108.05355159  22-13-26  109.38472938  23-22-24  107.99721944  23-22-25  108.13937187

 24-22-25  108.14245951  27-26-28  108.05496625  27-26-29  108.31894343  28-26-29  108.05480102

 NUCLEAR CHARGE:                   42
 NUMBER OF PRIMITIVE AOS:        4133
 NUMBER OF SYMMETRY AOS:         3078
 NUMBER OF CONTRACTIONS:         2837   ( 2837A   )
 NUMBER OF CORE ORBITALS:           6   (    6A   )
 NUMBER OF VALENCE ORBITALS:       30   (   30A   )

 MOLECULE CHANGED: INITIALIZING OCCUPATION AND DUMP RECORDS


 NUCLEAR REPULSION ENERGY  203.68538890


 Eigenvalues of metric

         1 0.532E-08 0.594E-08 0.651E-08 0.120E-07 0.165E-07 0.210E-07 0.225E-07 0.250E-07


 OPERATOR DM      FOR CENTER  0  COORDINATES:    0.000000    0.000000    0.000000


 **********************************************************************************************************************************
 DATASETS  * FILE   NREC   LENGTH (MB)   RECORD NAMES
              1      18      321.29       500      610      700      900      950      970     1000      129      960     1100   
                                          VAR    BASINP    GEOM    SYMINP    ZMAT    AOBASIS   BASIS     P2S    ABASIS      S 
                                         1400     1410     1200     1210     1080     1600     1650     1700   
                                           T        V       H0       H01     AOSYM     SMH    MOLCAS    OPER   

              2       4      164.81       700     1000      520     2101   
                                         GEOM     BASIS   MCVARS     RHF  

 PROGRAMS   *        TOTAL       INT   RHF-SCF       INT
 CPU TIMES  *    329317.10     25.18 329264.47     26.76
 REAL TIME  *    464353.47 SEC
 DISK USED  *         1.07 GB (local),       12.80 GB (total)
 SF USED    *        96.62 MB
 GA USED    *         0.01 MB       (max)       0.00 MB       (current)
 **********************************************************************************************************************************


 PROGRAM * RHF-SCF (CLOSED SHELL)       Authors: W. Meyer, H.-J. Werner


 NUMBER OF ELECTRONS:      21+   21-    SPACE SYMMETRY=1    SPIN SYMMETRY: Singlet 
 CONVERGENCE THRESHOLDS:    1.00E-04 (Density)    1.00E-09 (Energy)
 INTEGRAL THRESHOLDS:       1.00E-13 (Initial)    1.00E-13 (Final)
 MAX. NUMBER OF ITERATIONS:       60
 INTERPOLATION TYPE:            DIIS
 INTERPOLATION STEPS:              2 (START)      1 (STEP)
 LEVEL SHIFTS:                  0.00 (CLOSED)  0.00 (OPEN) 



 Orbital guess generated from atomic densities. Full valence occupancy:   36

 Molecular orbital dump at record        2201.2

 Initial occupancy:  21

 Direct Fock-matrix evaluation.        Authors: Roland Lindh & Martin Schuetz (1993/96)

 Integral Threshold:                  0.1D-12
 Threshold for writing integrals:     0.1D-06
 Prescreening on density matrix:        ON 
 Calculation will be performed fully direct        

 ITERATION   DDIFF            GRAD            ENERGY        2-EL.EN.            DIPOLE MOMENTS         DIIS   CPU(IT)  CPU(TOT)
    1      0.000D+00      0.000D+00      -230.73740979    562.029128    0.00024    0.00061    0.00080    0  36981.0  37104.5     start
    2      0.000D+00      0.821D-03      -230.78939189    556.945456   -0.00020   -0.00039    0.00088    1  36086.0  73190.6     diag
    3      0.633D-03      0.332D-03      -230.79624308    559.358474    0.00002    0.00012    0.00094    2  35104.1 108294.7     diag
    4      0.177D-03      0.108D-03      -230.79726400    558.789634   -0.00009   -0.00013    0.00096    3  33221.6 141516.3     diag
    5      0.107D-03      0.858D-05      -230.79727550    558.783390   -0.00003   -0.00000    0.00097    4  29151.5 170667.8     diag
    6      0.208D-04      0.123D-05      -230.79727575    558.784354   -0.00010   -0.00015    0.00097    5  26211.1 196878.8     diag
    7      0.317D-05      0.191D-06      -230.79727576    558.784136   -0.00003    0.00001    0.00097    6  26865.7 223744.6     diag
    8      0.450D-06      0.859D-07      -230.79727576    558.784161   -0.00007   -0.00009    0.00097    7  30004.4 253749.0     diag
    9      0.241D-06      0.231D-07      -230.79727576    558.784211   -0.00006   -0.00006    0.00097    0  25117.7 278866.7     orth

 Final occupancy:  21

 !RHF STATE  1.1 Energy              -230.797275759087
 Nuclear energy                       203.68538890
 One-electron energy                 -713.87476997
 Two-electron energy                  279.39210530
 Virial quotient                       -1.00121273
 !RHF STATE  1.1 Dipole moment         -0.00005669    -0.00005804     0.00097432
 Dipole moment /Debye                  -0.00014409    -0.00014752     0.00247632

 Orbital energies:

         1.1          2.1          3.1          4.1          5.1          6.1          7.1          8.1          9.1         10.1
    -11.234985   -11.234411   -11.234398   -11.233168   -11.233151   -11.232547    -1.149928    -1.014447    -1.014375    -0.823992

        11.1         12.1         13.1         14.1         15.1         16.1         17.1         18.1         19.1         20.1
     -0.823943    -0.709738    -0.644171    -0.619220    -0.588195    -0.588133    -0.502519    -0.495066    -0.495057    -0.336946

        21.1         22.1         23.1
     -0.336889     0.014746     0.022677


 HOMO     21.1    -0.336889 =      -9.1672eV
 LUMO     22.1     0.014746 =       0.4013eV
 LUMO-HOMO         0.351635 =       9.5685eV


 **********************************************************************************************************************************
 DATASETS  * FILE   NREC   LENGTH (MB)   RECORD NAMES
              1      18      321.29       500      610      700      900      950      970     1000      129      960     1100   
                                          VAR    BASINP    GEOM    SYMINP    ZMAT    AOBASIS   BASIS     P2S    ABASIS      S 
                                         1400     1410     1200     1210     1080     1600     1650     1700   
                                           T        V       H0       H01     AOSYM     SMH    MOLCAS    OPER   

              2       5      489.41       700     1000      520     2101     2201   
                                         GEOM     BASIS   MCVARS     RHF      RHF  

 PROGRAMS   *        TOTAL   RHF-SCF       INT   RHF-SCF       INT
 CPU TIMES  *    608206.81 278889.65     25.18 329264.47     26.76
 REAL TIME  *    840682.02 SEC
 DISK USED  *         1.33 GB (local),       15.92 GB (total)
 SF USED    *        96.62 MB
 GA USED    *         0.01 MB       (max)       0.00 MB       (current)
 **********************************************************************************************************************************
 SETTING EA_HF          =      -230.79727576  AU                              

 Dummy atoms: C1  H1  C2  H2  C3  H3  C4  H4  C5  H5  C6  H6


 Recomputing one-electron integrals since nuclear charges changed


 PROGRAM * SEWARD (Integral evaluation for generally contracted gaussian basis sets)     Author: Roland Lindh, 1990

 Geometry written to block  1 of record 700


 Point group  C1  



 ATOMIC COORDINATES

 NR  ATOM    CHARGE       X              Y              Z

   1  C1      0.00    0.589506728    1.060180460    0.938624814
   2  H1      0.00    1.402433935    2.935442179    0.910027299
   3  C2      0.00    2.158411822   -1.054608170    1.013010080
   4  H2      0.00    4.188599337   -0.820613838    1.043790499
   5  C3      0.00    1.110788849   -3.470835492    1.047181057
   6  H3      0.00    2.327977027   -5.111409696    1.105908900
   7  C4      0.00   -1.505464910   -3.772603158    1.007154106
   8  H4      0.00   -2.318267680   -5.647341216    1.036773832
   9  C5      0.00   -3.074382144   -1.658184882    0.933842712
  10  H5      0.00   -5.104381026   -1.892277194    0.906718903
  11  C6      0.00   -2.027043542    0.758169280    0.899460450
  12  H6      0.00   -3.244609809    2.398820554    0.842666573
  13  C7      6.00    0.323341530    0.957412520    9.106430494
  14  C8      6.00    3.056355445    1.295271661    8.246677884
  15  H7      1.00    3.842210749    3.058911249    8.971242306
  16  H8      1.00    4.234409424   -0.255467126    8.924813415
  17  H9      1.00    3.170890107    1.331915887    6.188890446
  18  C9      6.00    0.220556739    0.898129661   11.988008318
  19  H10     1.00   -1.717905471    0.657339959   12.647688606
  20  H11     1.00    1.345710825   -0.662192382   12.729827370
  21  H12     1.00    0.954326969    2.651577479   12.787184044
  22  C10     6.00   -0.714836273   -1.517168673    8.047624467
  23  H13     1.00   -2.670463954   -1.801147337    8.638488137
  24  H14     1.00    0.393406040   -3.121496570    8.720010314
  25  H15     1.00   -0.660450276   -1.518024298    5.987229158
  26  C11     6.00   -1.266622599    3.158134061    8.130943522
  27  H16     1.00   -1.225916089    3.226221638    6.071144762
  28  H17     1.00   -3.231539316    2.962037993    8.725229284
  29  H18     1.00   -0.556742072    4.954686241    8.853020934

 Bond lengths in Bohr (Angstrom)

  1- 2  2.044082918   1- 3  2.634260297   1-11  2.634213339   3- 4  2.043859616   3- 5  2.633787391
       ( 1.081682097)       ( 1.393990517)       ( 1.393965668)       ( 1.081563931)       ( 1.393740266)

  5- 6  2.043643741   5- 7  2.633903873   7- 8  2.043567581   7- 9  2.633940108   9-10  2.043631664
       ( 1.081449695)       ( 1.393801905)       ( 1.081409393)       ( 1.393821080)       ( 1.081443304)

  9-11  2.633793409  11-12  2.043876160  13-14  2.884907002  13-18  2.884019751  13-22  2.884863157
       ( 1.393743450)       ( 1.081572686)       ( 1.526627041)       ( 1.526157528)       ( 1.526603839)

 13-26  2.884915261  14-15  2.062277080  14-16  2.062151731  14-17  2.061298166  18-19  2.061745257
       ( 1.526631411)       ( 1.091310033)       ( 1.091243701)       ( 1.090792014)       ( 1.091028605)

 18-20  2.061764318  18-21  2.061960195  22-23  2.062581728  22-24  2.062564363  22-25  2.061113145
       ( 1.091038691)       ( 1.091142345)       ( 1.091471246)       ( 1.091462057)       ( 1.090694106)

 26-27  2.061325756  26-28  2.062165595  26-29  2.062262323
       ( 1.090806614)       ( 1.091251038)       ( 1.091302224)

 Bond angles

  1- 3- 4  120.00716999   1- 3- 5  119.99704482   1-11- 9  119.99853767   1-11-12  120.00675490

  2- 1- 3  120.00221804   2- 1-11  120.00024156   3- 1-11  119.99752766   3- 5- 6  119.99497472

  3-5-7  120.00045451   4-3-5  119.99578380   5-7-8  119.99714549   5-7-9  120.00748112

  6- 5- 7  120.00456018   7- 9-10  120.00636628   7- 9-11  119.99894507   8- 7- 9  119.99525930

  9-11-12  119.99470684  10- 9-11  119.99461328  13-14-15  110.88210889  13-14-16  110.80108537

 13-14-17  110.62381144  13-18-19  110.83023251  13-18-20  110.83025500  13-18-21  110.92156964

 13-22-23  110.74260242  13-22-24  110.74436455  13-22-25  110.96230635  13-26-27  110.62174430

 13-26-28  110.80292060  13-26-29  110.88199985  14-13-18  109.50781349  14-13-22  109.39030329

 14-13-26  109.39052086  15-14-16  108.05165932  15-14-17  108.32261351  16-14-17  108.05407582

 18-13-22  109.64872895  18-13-26  109.50481108  19-18-20  108.03424679  19-18-21  108.05234410

 20-18-21  108.05355159  22-13-26  109.38472938  23-22-24  107.99721944  23-22-25  108.13937187

 24-22-25  108.14245951  27-26-28  108.05496625  27-26-29  108.31894343  28-26-29  108.05480102

 NUCLEAR CHARGE:                   42
 NUMBER OF PRIMITIVE AOS:        4133
 NUMBER OF SYMMETRY AOS:         3078
 NUMBER OF CONTRACTIONS:         2837   ( 2837A   )
 NUMBER OF CORE ORBITALS:           5   (    5A   )
 NUMBER OF VALENCE ORBITALS:       32   (   32A   )

 MOLECULE CHANGED: INITIALIZING OCCUPATION AND DUMP RECORDS


 NUCLEAR REPULSION ENERGY  199.37329730


 Eigenvalues of metric

         1 0.532E-08 0.594E-08 0.651E-08 0.120E-07 0.165E-07 0.210E-07 0.225E-07 0.250E-07


 OPERATOR DM      FOR CENTER  0  COORDINATES:    0.000000    0.000000    0.000000


 **********************************************************************************************************************************
 DATASETS  * FILE   NREC   LENGTH (MB)   RECORD NAMES
              1      18      321.29       500      610      700      900      950      970     1000      129      960     1100   
                                          VAR    BASINP    GEOM    SYMINP    ZMAT    AOBASIS   BASIS     P2S    ABASIS      S 
                                         1400     1410     1200     1210     1080     1600     1650     1700   
                                           T        V       H0       H01     AOSYM     SMH    MOLCAS    OPER   

              2       5      489.41       700     1000      520     2101     2201   
                                         GEOM     BASIS   MCVARS     RHF      RHF  

 PROGRAMS   *        TOTAL       INT   RHF-SCF       INT   RHF-SCF       INT
 CPU TIMES  *    608232.55     25.71 278889.65     25.18 329264.47     26.76
 REAL TIME  *    840709.44 SEC
 DISK USED  *         1.33 GB (local),       15.92 GB (total)
 SF USED    *        96.62 MB
 GA USED    *         0.01 MB       (max)       0.00 MB       (current)
 **********************************************************************************************************************************


 PROGRAM * RHF-SCF (CLOSED SHELL)       Authors: W. Meyer, H.-J. Werner


 NUMBER OF ELECTRONS:      21+   21-    SPACE SYMMETRY=1    SPIN SYMMETRY: Singlet 
 CONVERGENCE THRESHOLDS:    1.00E-04 (Density)    1.00E-09 (Energy)
 INTEGRAL THRESHOLDS:       1.00E-13 (Initial)    1.00E-13 (Final)
 MAX. NUMBER OF ITERATIONS:       60
 INTERPOLATION TYPE:            DIIS
 INTERPOLATION STEPS:              2 (START)      1 (STEP)
 LEVEL SHIFTS:                  0.00 (CLOSED)  0.00 (OPEN) 



 Orbital guess generated from atomic densities. Full valence occupancy:   37

 Molecular orbital dump at record        2301.2

 Initial occupancy:  21

 Direct Fock-matrix evaluation.        Authors: Roland Lindh & Martin Schuetz (1993/96)

 Integral Threshold:                  0.1D-12
 Threshold for writing integrals:     0.1D-06
 Prescreening on density matrix:        ON 
 Calculation will be performed fully direct        

 ITERATION   DDIFF            GRAD            ENERGY        2-EL.EN.            DIPOLE MOMENTS         DIIS   CPU(IT)  CPU(TOT)
    1      0.000D+00      0.000D+00      -196.33659461    529.962737   -0.00138   -0.00306    0.00204    0  54582.1  54750.0     start
    2      0.000D+00      0.945D-03      -196.40780713    523.190193   -0.00017   -0.00038    0.00048    1  51112.2 105862.2     diag
    3      0.806D-03      0.388D-03      -196.41760944    526.270206   -0.00053   -0.00120    0.00078    2  47520.2 153382.5     diag
    4      0.318D-03      0.123D-03      -196.41907545    525.559981   -0.00042   -0.00096    0.00061    3  45196.5 198579.0     diag
    5      0.985D-04      0.265D-04      -196.41912866    525.622973   -0.00040   -0.00093    0.00057    4  40971.1 239550.1     diag
    6      0.245D-04      0.632D-05      -196.41913210    525.615456   -0.00041   -0.00094    0.00057    5  38577.1 278127.2     diag
    7      0.100D-04      0.656D-06      -196.41913217    525.615835   -0.00041   -0.00093    0.00056    6  32803.9 310931.0     diag
    8      0.141D-05      0.138D-06      -196.41913217    525.615768   -0.00041   -0.00094    0.00056    7  30401.9 341332.9     diag
    9      0.458D-06      0.245D-07      -196.41913217    525.615754   -0.00041   -0.00093    0.00056    8  28381.0 369713.9     diag
   10      0.323D-06      0.347D-08      -196.41913217    525.615763   -0.00041   -0.00093    0.00056    0  28949.0 398662.9     orth

 Final occupancy:  21

 !RHF STATE  1.1 Energy              -196.419132169883
 Nuclear energy                       199.37329730
 One-electron energy                 -658.60031101
 Two-electron energy                  262.80788153
 Virial quotient                       -1.00039209
 !RHF STATE  1.1 Dipole moment         -0.00040681    -0.00093421     0.00056005
 Dipole moment /Debye                  -0.00103394    -0.00237437     0.00142342

 Orbital energies:

         1.1          2.1          3.1          4.1          5.1          6.1          7.1          8.1          9.1         10.1
    -11.225218   -11.204498   -11.204412   -11.204351   -11.204327    -1.106212    -0.928718    -0.928389    -0.928352    -0.729559

        11.1         12.1         13.1         14.1         15.1         16.1         17.1         18.1         19.1         20.1
     -0.612405    -0.611900    -0.611645    -0.553311    -0.552969    -0.509794    -0.509640    -0.509173    -0.453104    -0.452179

        21.1         22.1         23.1
     -0.452115     0.014702     0.023212


 HOMO     21.1    -0.452115 =     -12.3027eV
 LUMO     22.1     0.014702 =       0.4001eV
 LUMO-HOMO         0.466818 =      12.7028eV


 **********************************************************************************************************************************
 DATASETS  * FILE   NREC   LENGTH (MB)   RECORD NAMES
              1      18      321.29       500      610      700      900      950      970     1000      129      960     1100   
                                          VAR    BASINP    GEOM    SYMINP    ZMAT    AOBASIS   BASIS     P2S    ABASIS      S 
                                         1400     1410     1200     1210     1080     1600     1650     1700   
                                           T        V       H0       H01     AOSYM     SMH    MOLCAS    OPER   

              2       6      814.00       700     1000      520     2101     2201     2301   
                                         GEOM     BASIS   MCVARS     RHF      RHF      RHF  

 PROGRAMS   *        TOTAL   RHF-SCF       INT   RHF-SCF       INT   RHF-SCF       INT
 CPU TIMES  *   1006917.95 398685.39     25.71 278889.65     25.18 329264.47     26.76
 REAL TIME  *   1241649.78 SEC
 DISK USED  *         1.68 GB (local),       20.20 GB (total)
 SF USED    *        96.62 MB
 GA USED    *         0.01 MB       (max)       0.00 MB       (current)
 **********************************************************************************************************************************
 SETTING EB_HF          =      -196.41913217  AU                              
 SETTING E_AB_INT       =         0.00357656  AU                              

 *** results in hartree
 E_AB_INT         =         0.00357656 AU
 Molecular orbitals read from record     2301.2  Type=RHF/CANONICAL (state 1.1)
 Occupation numbers read from record     2301.2  Type=RHF/RHF (state 1.1)
 Orbital energies read from record       2301.2  Type=RHF/CANONICAL (state 1.1)
 Redundancy group numbers read from rec  2301.2  Type=RHF/RHF (state 1.1)

 RHF/aug-cc-pV5Z energy=   -196.419132169883

         RHF-SCF         RHF-SCF         RHF-SCF
   -196.41913217   -230.79727576   -427.21283137
 **********************************************************************************************************************************
 Molpro calculation terminated
Tue 26 May 2020 01:10:41 AM CEST
