
 Primary working directories    : /scratch/sirous/57666/molpro.UiZ3DclxZn
 Secondary working directories  : /scratch/sirous/57666/molpro.UiZ3DclxZn
 Wavefunction directory         : /scratch/sirous/57666/
 Main file repository           : /scratch/sirous/57666/molpro.UiZ3DclxZn/

 id        : karlovklimes

 Nodes                      nprocs
 nc-06.cc.karlov.mff.cuni.cz    4

 Using customized tuning parameters: mindgm=1; mindgv=20; mindgc=4; mindgr=1; noblas=0; minvec=7
 default implementation of scratch files=sf  


 Variables initialized (934), CPU time= 0.00 sec
 ***,CH3C6H4CN+CF3CN+BF3
 memory,500,m
 gdirect
 gthresh,energy=1.d-8,twoint=1.d-19,oneint=1.d-19,zero=1.d-15,orbital=1.d-8,grid=1.d-8
 symmetry,nosym
 geomtyp=xyz
                                                                                 ! Geometry
 geometry={
 C1        0.818746988    0.86417234     0.188286116
 H1        1.466113611    1.716667667     0.344721407
 C2        1.368997119    -0.390523941     -0.066698182
 H2        2.443036367    -0.51186194     -0.110574439
 C3        0.534378602    -1.488493196     -0.271888037
 H3        0.960848252    -2.461564217     -0.475507491
 C4        -0.849115613    -1.330507345     -0.219896434
 H4        -1.497069424    -2.181860285     -0.379553211
 C5        -1.399485456    -0.076030202     0.040434165
 H5        -2.472686669    0.044907778     0.093382057
 C6        -0.565292303    1.02140336     0.242279208
 H6        -0.992556673    1.993661308     0.446258168
 N1        -3.370982906982878    0.6381906302610045     7.0581077202638784
 C7        -2.756096975982878    1.7958584402610045     7.3381719102638785
 H7        -3.4037010329828785    2.649029893261005     7.500684003263879
 C8        -1.3738820779828782    1.9367061762610045     7.428342726263878
 H8        -0.9420333199828783    2.9003562912610046     7.659559023263878
 C9        -0.5729306869828783    0.8197268722610045     7.214128815263878
 H9        0.5046384810171218    0.8901111502610045     7.268963325263878
 C10        -1.1934825899828783    -0.38892816573899547     6.920469238263879
 H10        -0.6177080799828782    -1.2845500487389954     6.7363943012638785
 C11        -2.5839968669828783    -0.42696604873899546     6.855019820263879
 H11        -3.0928497919828786    -1.3554194267389956     6.6261771462638785
 }
 
 
 
 basis=avtz
 
 
 
                                                                                 ! Dimer Calculation
 {rks,pbe,accu=1.d-8;orbital,2101.2}
 eab_PBE=energy
 
 
                                                                                 !monomer A
 dummy,13,14,15,16,17,18,19,20,21,22,23;                                         ! NOW MONOMER B IS DUMMY
 {rks,pbe,accu=1.d-8;orbital,2201.2}
 ea_PBE=energy
                                                                                 !monomer B
 dummy,1,2,3,4,5,6,7,8,9,10,11,12;                                               !NOW MONOMER A IS DUMMY
 {rks,pbe,accu=1.d-8;orbital,2301.2}
 eb_PBE=energy
 
 E_AB_int=eab_PBE-ea_PBE-eb_PBE
 
 
 text,results in hartree
 show,E_AB_int
 
 Commands  initialized (763), CPU time= 0.01 sec, 617 directives.
 Default parameters read. Elapsed time= 0.22 sec

 Checking input...
 Passed
1


                                         ***  PROGRAM SYSTEM MOLPRO  ***
                                       Copyright, TTI GmbH Stuttgart, 2015
                                    Version 2019.2 linked Jun  8 2019 11:26:33


 **********************************************************************************************************************************
 LABEL *   CH3C6H4CN+CF3CN+BF3                                                           
  64 bit mpp version                                                                     DATE: 18-Oct-19          TIME: 09:49:21  
 **********************************************************************************************************************************

 SHA1:             8135a10abc80eafa5b3ae28ffc55be4890dc4c84
 **********************************************************************************************************************************

 THRESHOLDS:

 ZERO    =  1.00D-15  ONEINT  =  1.00D-19  TWOINT  =  1.00D-19  PREFAC  =  1.00D-14  XXXXXX  =  1.00D-09  EORDER  =  1.00D-04
 ENERGY  =  1.00D-08  ETEST   =  0.00D+00  EDENS   =  0.00D+00  THRDEDEF=  1.00D-06  GRADIENT=  1.00D-02  STEP    =  1.00D-03
 ORBITAL =  1.00D-08  CIVEC   =  1.00D-05  COEFF   =  1.00D-04  PRINTCI =  5.00D-02  PUNCHCI =  9.90D+01  OPTGRAD =  3.00D-04
 OPTENERG=  1.00D-06  OPTSTEP =  3.00D-04  THRGRAD =  1.00D-10  COMPRESS=  1.00D-11  VARMIN  =  1.00D-07  VARMAX  =  1.00D-03
 THRDOUB =  0.00D+00  THRDIV  =  1.00D-05  THRRED  =  1.00D-07  THRPSP  =  1.00D+00  THRDC   =  1.00D-10  THRCS   =  1.00D-10
 THRNRM  =  1.00D-08  THREQ   =  0.00D+00  THRDE   =  1.00D+00  THRREF  =  1.00D-05  SPARFAC =  1.00D+00  THRDLP  =  1.00D-07
 THRDIA  =  1.00D-10  THRDLS  =  1.00D-07  THRGPS  =  0.00D+00  THRKEX  =  0.00D+00  THRDIS  =  2.00D-01  THRVAR  =  1.00D-10
 THRLOC  =  1.00D-06  THRGAP  =  1.00D-06  THRLOCT = -1.00D+00  THRGAPT = -1.00D+00  THRORB  =  1.00D-06  THRMLTP =  0.00D+00
 THRCPQCI=  1.00D-10  KEXTA   =  0.00D+00  THRCOARS=  0.00D+00  SYMTOL  =  1.00D-06  GRADTOL =  1.00D-06  THROVL  =  1.00D-08
 THRORTH =  1.00D-08  GRID    =  1.00D-08  GRIDMAX =  1.00D-03  DTMAX   =  0.00D+00  THROCCDE=  1.00D-01  THROCCDE=  1.00D-01
 THRPRINT=  2.50D-01


 Variable memory set to  500000000 words,  buffer space 

 SETTING GEOMTYP        =    XYZ
 ZSYMEL=NOSYM

 SETTING BASIS          =    AVTZ


 Recomputing integrals since basis changed


 Using spherical harmonics

 Library entry C      S aug-cc-pVTZ          selected for orbital group  1
 Library entry C      P aug-cc-pVTZ          selected for orbital group  1
 Library entry C      D aug-cc-pVTZ          selected for orbital group  1
 Library entry C      F aug-cc-pVTZ          selected for orbital group  1
 Library entry H      S aug-cc-pVTZ          selected for orbital group  2
 Library entry H      P aug-cc-pVTZ          selected for orbital group  2
 Library entry H      D aug-cc-pVTZ          selected for orbital group  2
 Library entry N      S aug-cc-pVTZ          selected for orbital group 13
 Library entry N      P aug-cc-pVTZ          selected for orbital group 13
 Library entry N      D aug-cc-pVTZ          selected for orbital group 13
 Library entry N      F aug-cc-pVTZ          selected for orbital group 13


 PROGRAM * SEWARD (Integral evaluation for generally contracted gaussian basis sets)     Author: Roland Lindh, 1990

 Geometry written to block  1 of record 700


 Point group  C1  



 ATOMIC COORDINATES

 NR  ATOM    CHARGE       X              Y              Z

   1  C1      6.00    1.547207573    1.633049047    0.355809192
   2  H1      1.00    2.770553192    3.244031738    0.651429049
   3  C2      6.00    2.587029620   -0.737983294   -0.126041297
   4  H2      1.00    4.616669646   -0.967278880   -0.208955406
   5  C3      6.00    1.009829205   -2.812844479   -0.513793926
   6  H3      1.00    1.815740044   -4.651682208   -0.898578928
   7  C4      6.00   -1.604595957   -2.514294489   -0.415544036
   8  H4      1.00   -2.829051201   -4.123118381   -0.717251618
   9  C5      6.00   -2.644644227   -0.143676259    0.076409498
  10  H5      1.00   -4.672700596    0.084863401    0.176466513
  11  C6      6.00   -1.068247633    1.930172613    0.457841349
  12  H6      1.00   -1.875660275    3.767473857    0.843305718
  13  N1      7.00   -6.370234465    1.206005506   13.337890549
  14  C7      6.00   -5.208268457    3.393680611   13.867135165
  15  H7      1.00   -6.432062762    5.005940994   14.174238513
  16  C8      6.00   -2.596260855    3.659844257   14.037533312
  17  H8      1.00   -1.780184975    5.480879054   14.474468789
  18  C9      6.00   -1.082682087    1.549059286   13.632727688
  19  H9      1.00    0.953628521    1.682066294   13.736349894
  20  C10     6.00   -2.255355230   -0.734967715   13.077791514
  21  H10     1.00   -1.167299096   -2.427447785   12.729940296
  22  C11     6.00   -4.883046385   -0.806848897   12.954110039
  23  H11     1.00   -5.844639051   -2.561371500   12.521660059

 Bond lengths in Bohr (Angstrom)

  1- 2  2.044316716   1- 3  2.633477576   1-11  2.634254905   3- 4  2.044233316   3- 5  2.634950131
       ( 1.081805818)       ( 1.393576319)       ( 1.393987664)       ( 1.081761685)       ( 1.394355561)

  5- 6  2.044229922   5- 7  2.633249715   7- 8  2.044170351   7- 9  2.635061570   9-10  2.043343931
       ( 1.081759888)       ( 1.393455740)       ( 1.081728365)       ( 1.394414532)       ( 1.081291042)

  9-11  2.632748682  11-12  2.043568892  13-14  2.533019390  13-22  2.531916016  14-15  2.047283202
       ( 1.393190605)       ( 1.081410087)       ( 1.340416136)       ( 1.339832256)       ( 1.083375615)

 14-16  2.631057265  16-17  2.042806938  16-18  2.628726208  18-19  2.043279060  18-20  2.626765273
       ( 1.392295545)       ( 1.081006878)       ( 1.391062003)       ( 1.081256714)       ( 1.390024321)

 20-21  2.041899950  20-22  2.631582190  22-23  2.046954569
       ( 1.080526921)       ( 1.392573324)       ( 1.083201710)

 Bond angles

  1- 3- 4  120.02903932   1- 3- 5  119.96999962   1-11- 9  120.00211231   1-11-12  120.06572512

  2- 1- 3  119.97842015   2- 1-11  119.97735275   3- 1-11  120.04422460   3- 5- 6  120.00281972

  3-5-7  119.96839764   4-3-5  120.00019645   5-7-8  119.99857437   5-7-9  120.05553861

  6- 5- 7  120.02826872   7- 9-10  120.09972148   7- 9-11  119.95895073   8- 7- 9  119.94576864

  9-11-12  119.93127597  10- 9-11  119.93968321  13-14-15  115.93018233  13-14-16  123.80086070

 13-22-20  123.89474785  13-22-23  115.94517513  14-13-22  116.66864618  14-16-17  120.04151134

 14-16-18  118.71230779  15-14-16  120.26867913  16-18-19  120.91338718  16-18-20  118.27358530

 17-16-18  121.24612622  18-20-21  121.25353825  18-20-22  118.64963085  19-18-20  120.81215774

 20-22-23  120.15988210  21-20-22  120.09462226

 NUCLEAR CHARGE:                   84
 NUMBER OF PRIMITIVE AOS:        1101
 NUMBER OF SYMMETRY AOS:          971
 NUMBER OF CONTRACTIONS:          805   (  805A   )
 NUMBER OF CORE ORBITALS:          12   (   12A   )
 NUMBER OF VALENCE ORBITALS:       59   (   59A   )


 NUCLEAR REPULSION ENERGY  530.93039971


 Eigenvalues of metric

         1 0.323E-06 0.670E-06 0.129E-05 0.230E-05 0.258E-05 0.352E-05 0.437E-05 0.442E-05


 OPERATOR DM      FOR CENTER  0  COORDINATES:    0.000000    0.000000    0.000000


 **********************************************************************************************************************************
 DATASETS  * FILE   NREC   LENGTH (MB)   RECORD NAMES
              1      18       53.97       500      610      700      900      950      970     1000      129      960     1100   
                                          VAR    BASINP    GEOM    SYMINP    ZMAT    AOBASIS   BASIS     P2S    ABASIS      S 
                                         1400     1410     1200     1210     1080     1600     1650     1700   
                                           T        V       H0       H01     AOSYM     SMH    MOLCAS    OPER   

 PROGRAMS   *        TOTAL       INT
 CPU TIMES  *         1.66      1.48
 REAL TIME  *        10.41 SEC
 DISK USED  *        54.86 MB (local),      219.44 MB (total)
 GA USED    *         0.00 MB       (max)       0.00 MB       (current)
 **********************************************************************************************************************************

 Density functional group PBE=PBEX+PBEC
 Functional: PBEX(Automatically generated (new) PBEX)                          Gradient terms: 1
 Functional: PBEC(Automatically generated (new) PBEC)                          Gradient terms: 1
 Use libxcgrid:  F
 Use grid at  1800.2

 Functional: PBEX                      Factor:  1.0000
 Functional: PBEC                      Factor:  1.0000

 Generated new metagrid on record  1800.2 with target accuracy 1.0D-08 and 247370 points in CPU time    0.6
 Computed new grid on record 1800.1 in CPU time    1.0
  646006 words reserved for DFT integration

 PROGRAM * RKS-SCF (Restricted closed shell Kohn-Sham)     Authors: W. Meyer, H.-J. Werner, P.J. Knowles, 1993

 NUMBER OF ELECTRONS:      42+   42-    SPACE SYMMETRY=1    SPIN SYMMETRY: Singlet 
 CONVERGENCE THRESHOLDS:    1.00E-04 (Density)    1.00E-08 (Energy)
 INTEGRAL THRESHOLDS:       1.00E-13 (Initial)    1.00E-13 (Final)
 MAX. NUMBER OF ITERATIONS:       60
 INTERPOLATION TYPE:            DIIS
 INTERPOLATION STEPS:              2 (START)      1 (STEP)
 LEVEL SHIFTS:                  0.00 (CLOSED)  0.00 (OPEN) 



 Use fine grid record 1800.2 for energy threshold  1.0D-08
 Orbital guess generated from atomic densities. Full valence occupancy:   71

 Molecular orbital dump at record        2101.2

 Initial occupancy:  42

 Direct Fock-matrix evaluation.        Authors: Roland Lindh & Martin Schuetz (1993/96)

 Integral Threshold:                  0.1D-12
 Threshold for writing integrals:     0.1D-06
 Prescreening on density matrix:        ON 
 Calculation will be performed fully direct        

 ITERATION   DDIFF            GRAD            ENERGY        2-EL.EN.            DIPOLE MOMENTS         DIIS   CPU(IT)  CPU(TOT)
    1      0.000D+00      0.000D+00      -479.63466794   1549.119537    0.93855    0.06204    0.04861    0    355.7    379.3     start
    2      0.000D+00      0.350D-02      -478.95762936   1462.501336    1.05878    0.06003    0.02687    1    354.3    733.6     diag
    3      0.120D-01      0.562D-02      -480.06197996   1517.373651    0.60404    0.04238    0.02329    2    352.5   1086.2     diag
    4      0.630D-02      0.529D-03      -480.06743563   1516.450108    1.19827    0.06916    0.05539    3    334.9   1421.1     diag
    5      0.811D-03      0.315D-03      -480.06961101   1515.630352    0.64294    0.04406    0.02372    4    324.8   1745.8     diag
    6      0.425D-03      0.203D-03      -480.07100180   1515.824804    0.89219    0.05664    0.03862    5    319.1   2064.9     diag
    7      0.182D-03      0.607D-04      -480.07110254   1515.836899    0.86255    0.05376    0.03656    6    301.5   2366.5     diag
    8      0.508D-04      0.116D-04      -480.07110553   1515.875917    0.86589    0.05491    0.03673    7    291.9   2658.3     diag
    9      0.140D-04      0.547D-05      -480.07110648   1515.881143    0.86375    0.05409    0.03664    8    286.3   2944.7     diag
   10      0.596D-05      0.108D-05      -480.07110650   1515.881617    0.86552    0.05466    0.03677    9    270.5   3215.2     orth
   11      0.170D-05      0.938D-06      -480.07110653   1515.881094    0.86475    0.05439    0.03670    9    263.7   3478.8     diag
   12      0.845D-06      0.480D-07      -480.07110653   1515.881023    0.86475    0.05440    0.03671    9    237.4   3716.2     diag
   13      0.800D-07      0.380D-07      -480.07110653   1515.880880    0.86472    0.05437    0.03670    0    239.2   3955.5     orth

 Final occupancy:  42

 !RKS STATE  1.1 Energy              -480.071106528048
 Nuclear energy                       530.93039971
 One-electron energy                -1698.88271212
 Two-electron energy                  757.94044004
 Density functional                   -70.05923416     PBEX=-67.30370764 PBEC= -2.75552652
 Virial quotient                       -1.00573908
 !RKS STATE  1.1 Dipole moment          0.86471752     0.05437345     0.03670175
 Dipole moment /Debye                   2.19774876     0.13819448     0.09328042

 Orbital energies:

         1.1          2.1          3.1          4.1          5.1          6.1          7.1          8.1          9.1         10.1
    -13.987887    -9.922185    -9.921976    -9.910597    -9.901860    -9.901510    -9.891565    -9.891309    -9.891176    -9.890866

        11.1         12.1         13.1         14.1         15.1         16.1         17.1         18.1         19.1         20.1
     -9.890750    -9.890483    -0.864335    -0.780423    -0.736474    -0.694971    -0.677901    -0.677784    -0.573151    -0.571800

        21.1         22.1         23.1         24.1         25.1         26.1         27.1         28.1         29.1         30.1
     -0.545125    -0.545051    -0.481068    -0.474685    -0.434993    -0.422687    -0.411646    -0.400262    -0.384224    -0.375868

        31.1         32.1         33.1         34.1         35.1         36.1         37.1         38.1         39.1         40.1
     -0.375717    -0.364382    -0.360745    -0.333613    -0.322647    -0.302215    -0.301961    -0.267802    -0.245383    -0.232847

        41.1         42.1         43.1         44.1
     -0.232783    -0.217382    -0.068060    -0.054381


 HOMO     42.1    -0.217382 =      -5.9153eV
 LUMO     43.1    -0.068060 =      -1.8520eV
 LUMO-HOMO         0.149323 =       4.0633eV


 **********************************************************************************************************************************
 DATASETS  * FILE   NREC   LENGTH (MB)   RECORD NAMES
              1      19       53.97       500      610      700      900      950      970     1000      129      960     1100   
                                          VAR    BASINP    GEOM    SYMINP    ZMAT    AOBASIS   BASIS     P2S    ABASIS      S 
                                         1400     1410     1200     1210     1080     1600     1650     1700     1800   
                                           T        V       H0       H01     AOSYM     SMH    MOLCAS    OPER     GRID   

              2       5       16.26       700     1000      520     1800     2101   
                                         GEOM     BASIS   MCVARS    GRID      RKS  

 PROGRAMS   *        TOTAL   RKS-SCF       INT
 CPU TIMES  *      3959.22   3957.55      1.48
 REAL TIME  *      3979.18 SEC
 DISK USED  *       117.11 MB (local),      468.43 MB (total)
 SF USED    *         7.79 MB
 GA USED    *         7.98 MB       (max)       7.98 MB       (current)
 **********************************************************************************************************************************
 SETTING EAB_PBE        =      -480.07110653  AU                              

 Dummy atoms: N1  C7  H7  C8  H8  C9  H9  C10  H10  C11  H11


 Recomputing one-electron integrals since nuclear charges changed


 PROGRAM * SEWARD (Integral evaluation for generally contracted gaussian basis sets)     Author: Roland Lindh, 1990

 Geometry written to block  1 of record 700


 Point group  C1  



 ATOMIC COORDINATES

 NR  ATOM    CHARGE       X              Y              Z

   1  C1      6.00    1.547207573    1.633049047    0.355809192
   2  H1      1.00    2.770553192    3.244031738    0.651429049
   3  C2      6.00    2.587029620   -0.737983294   -0.126041297
   4  H2      1.00    4.616669646   -0.967278880   -0.208955406
   5  C3      6.00    1.009829205   -2.812844479   -0.513793926
   6  H3      1.00    1.815740044   -4.651682208   -0.898578928
   7  C4      6.00   -1.604595957   -2.514294489   -0.415544036
   8  H4      1.00   -2.829051201   -4.123118381   -0.717251618
   9  C5      6.00   -2.644644227   -0.143676259    0.076409498
  10  H5      1.00   -4.672700596    0.084863401    0.176466513
  11  C6      6.00   -1.068247633    1.930172613    0.457841349
  12  H6      1.00   -1.875660275    3.767473857    0.843305718
  13  N1      0.00   -6.370234465    1.206005506   13.337890549
  14  C7      0.00   -5.208268457    3.393680611   13.867135165
  15  H7      0.00   -6.432062762    5.005940994   14.174238513
  16  C8      0.00   -2.596260855    3.659844257   14.037533312
  17  H8      0.00   -1.780184975    5.480879054   14.474468789
  18  C9      0.00   -1.082682087    1.549059286   13.632727688
  19  H9      0.00    0.953628521    1.682066294   13.736349894
  20  C10     0.00   -2.255355230   -0.734967715   13.077791514
  21  H10     0.00   -1.167299096   -2.427447785   12.729940296
  22  C11     0.00   -4.883046385   -0.806848897   12.954110039
  23  H11     0.00   -5.844639051   -2.561371500   12.521660059

 Bond lengths in Bohr (Angstrom)

  1- 2  2.044316716   1- 3  2.633477576   1-11  2.634254905   3- 4  2.044233316   3- 5  2.634950131
       ( 1.081805818)       ( 1.393576319)       ( 1.393987664)       ( 1.081761685)       ( 1.394355561)

  5- 6  2.044229922   5- 7  2.633249715   7- 8  2.044170351   7- 9  2.635061570   9-10  2.043343931
       ( 1.081759888)       ( 1.393455740)       ( 1.081728365)       ( 1.394414532)       ( 1.081291042)

  9-11  2.632748682  11-12  2.043568892  13-14  2.533019390  13-22  2.531916016  14-15  2.047283202
       ( 1.393190605)       ( 1.081410087)       ( 1.340416136)       ( 1.339832256)       ( 1.083375615)

 14-16  2.631057265  16-17  2.042806938  16-18  2.628726208  18-19  2.043279060  18-20  2.626765273
       ( 1.392295545)       ( 1.081006878)       ( 1.391062003)       ( 1.081256714)       ( 1.390024321)

 20-21  2.041899950  20-22  2.631582190  22-23  2.046954569
       ( 1.080526921)       ( 1.392573324)       ( 1.083201710)

 Bond angles

  1- 3- 4  120.02903932   1- 3- 5  119.96999962   1-11- 9  120.00211231   1-11-12  120.06572512

  2- 1- 3  119.97842015   2- 1-11  119.97735275   3- 1-11  120.04422460   3- 5- 6  120.00281972

  3-5-7  119.96839764   4-3-5  120.00019645   5-7-8  119.99857437   5-7-9  120.05553861

  6- 5- 7  120.02826872   7- 9-10  120.09972148   7- 9-11  119.95895073   8- 7- 9  119.94576864

  9-11-12  119.93127597  10- 9-11  119.93968321  13-14-15  115.93018233  13-14-16  123.80086070

 13-22-20  123.89474785  13-22-23  115.94517513  14-13-22  116.66864618  14-16-17  120.04151134

 14-16-18  118.71230779  15-14-16  120.26867913  16-18-19  120.91338718  16-18-20  118.27358530

 17-16-18  121.24612622  18-20-21  121.25353825  18-20-22  118.64963085  19-18-20  120.81215774

 20-22-23  120.15988210  21-20-22  120.09462226

 NUCLEAR CHARGE:                   42
 NUMBER OF PRIMITIVE AOS:        1101
 NUMBER OF SYMMETRY AOS:          971
 NUMBER OF CONTRACTIONS:          805   (  805A   )
 NUMBER OF CORE ORBITALS:           6   (    6A   )
 NUMBER OF VALENCE ORBITALS:       30   (   30A   )

 MOLECULE CHANGED: INITIALIZING OCCUPATION AND DUMP RECORDS


 NUCLEAR REPULSION ENERGY  203.68422471


 Eigenvalues of metric

         1 0.323E-06 0.670E-06 0.129E-05 0.230E-05 0.258E-05 0.352E-05 0.437E-05 0.442E-05


 OPERATOR DM      FOR CENTER  0  COORDINATES:    0.000000    0.000000    0.000000


 **********************************************************************************************************************************
 DATASETS  * FILE   NREC   LENGTH (MB)   RECORD NAMES
              1      19       53.97       500      610      700      900      950      970     1000      129      960     1100   
                                          VAR    BASINP    GEOM    SYMINP    ZMAT    AOBASIS   BASIS     P2S    ABASIS      S 
                                         1400     1410     1200     1210     1080     1600     1650     1700     1800   
                                           T        V       H0       H01     AOSYM     SMH    MOLCAS    OPER     GRID   

              2       5       16.26       700     1000      520     1800     2101   
                                         GEOM     BASIS   MCVARS    GRID      RKS  

 PROGRAMS   *        TOTAL       INT   RKS-SCF       INT
 CPU TIMES  *      3960.28      1.06   3957.55      1.48
 REAL TIME  *      3980.60 SEC
 DISK USED  *       117.11 MB (local),      468.43 MB (total)
 SF USED    *         7.79 MB
 GA USED    *         7.98 MB       (max)       7.98 MB       (current)
 **********************************************************************************************************************************

 Density functional group PBE=PBEX+PBEC
 Functional: PBEX(Automatically generated (new) PBEX)                          Gradient terms: 1
 Functional: PBEC(Automatically generated (new) PBEC)                          Gradient terms: 1
 Use libxcgrid:  F
 Use grid at  1800.2

 Functional: PBEX                      Factor:  1.0000
 Functional: PBEC                      Factor:  1.0000

 Generated new metagrid on record  1800.2 with target accuracy 1.0D-08 and 247370 points in CPU time    0.7
 Computed new grid on record 1800.1 in CPU time    1.0
  646006 words reserved for DFT integration

 PROGRAM * RKS-SCF (Restricted closed shell Kohn-Sham)     Authors: W. Meyer, H.-J. Werner, P.J. Knowles, 1993

 NUMBER OF ELECTRONS:      21+   21-    SPACE SYMMETRY=1    SPIN SYMMETRY: Singlet 
 CONVERGENCE THRESHOLDS:    1.00E-04 (Density)    1.00E-08 (Energy)
 INTEGRAL THRESHOLDS:       1.00E-13 (Initial)    1.00E-13 (Final)
 MAX. NUMBER OF ITERATIONS:       60
 INTERPOLATION TYPE:            DIIS
 INTERPOLATION STEPS:              2 (START)      1 (STEP)
 LEVEL SHIFTS:                  0.00 (CLOSED)  0.00 (OPEN) 



 Use fine grid record 1800.2 for energy threshold  1.0D-08
 Orbital guess generated from atomic densities. Full valence occupancy:   36

 Molecular orbital dump at record        2201.2

 Initial occupancy:  21

 Direct Fock-matrix evaluation.        Authors: Roland Lindh & Martin Schuetz (1993/96)

 Integral Threshold:                  0.1D-12
 Threshold for writing integrals:     0.1D-06
 Prescreening on density matrix:        ON 
 Calculation will be performed fully direct        

 ITERATION   DDIFF            GRAD            ENERGY        2-EL.EN.            DIPOLE MOMENTS         DIIS   CPU(IT)  CPU(TOT)
    1      0.000D+00      0.000D+00      -231.76700431    644.843652    0.00144   -0.00165    0.00164    0    344.9    366.0     start
    2      0.000D+00      0.368D-02      -231.33445573    597.187163   -0.00382    0.00406    0.00137    1    342.7    708.7     diag
    3      0.865D-02      0.614D-02      -232.01348429    627.810579    0.00092   -0.00186    0.00131    2    337.5   1046.2     diag
    4      0.443D-02      0.458D-03      -232.01664420    627.028105   -0.00182    0.00261    0.00188    3    318.7   1364.9     diag
    5      0.496D-03      0.105D-03      -232.01680765    626.917333    0.00244   -0.00456    0.00059    4    307.2   1672.1     diag
    6      0.160D-03      0.141D-04      -232.01680843    626.970758   -0.00578    0.00921    0.00331    5    287.4   1959.6     diag
    7      0.209D-04      0.129D-04      -232.01681159    626.974134    0.00062   -0.00149    0.00114    6    275.0   2234.5     diag
    8      0.872D-05      0.208D-05      -232.01681166    626.974508   -0.00040    0.00020    0.00152    7    259.4   2493.9     diag
    9      0.249D-05      0.108D-05      -232.01681168    626.974410   -0.00027   -0.00001    0.00146    8    242.1   2736.0     diag
   10      0.752D-06      0.506D-07      -232.01681168    626.974287   -0.00027   -0.00001    0.00146    9    220.6   2956.6     orth
   11      0.799D-07      0.154D-07      -232.01681168    626.974294   -0.00027   -0.00000    0.00147    0    199.3   3155.9     orth

 Final occupancy:  21

 !RKS STATE  1.1 Energy              -232.016811680226
 Nuclear energy                       203.68422471
 One-electron energy                 -714.70452432
 Two-electron energy                  313.48714692
 Density functional                   -34.48365899     PBEX=-33.11115612 PBEC= -1.37250287
 Virial quotient                       -1.00576785
 !RKS STATE  1.1 Dipole moment         -0.00026847    -0.00000363     0.00146558
 Dipole moment /Debye                  -0.00068234    -0.00000922     0.00372488

 Orbital energies:

         1.1          2.1          3.1          4.1          5.1          6.1          7.1          8.1          9.1         10.1
     -9.891461    -9.891261    -9.891230    -9.890774    -9.890766    -9.890599    -0.780407    -0.677910    -0.677753    -0.545116

        11.1         12.1         13.1         14.1         15.1         16.1         17.1         18.1         19.1         20.1
     -0.545051    -0.474684    -0.411652    -0.400252    -0.375904    -0.375680    -0.333585    -0.302247    -0.301930    -0.232840

        21.1         22.1         23.1
     -0.232745    -0.044413    -0.044346


 HOMO     21.1    -0.232745 =      -6.3333eV
 LUMO     22.1    -0.044413 =      -1.2085eV
 LUMO-HOMO         0.188332 =       5.1248eV


 **********************************************************************************************************************************
 DATASETS  * FILE   NREC   LENGTH (MB)   RECORD NAMES
              1      19       53.97       500      610      700      900      950      970     1000      129      960     1100   
                                          VAR    BASINP    GEOM    SYMINP    ZMAT    AOBASIS   BASIS     P2S    ABASIS      S 
                                         1400     1410     1200     1210     1080     1600     1650     1700     1800   
                                           T        V       H0       H01     AOSYM     SMH    MOLCAS    OPER     GRID   

              2       6       44.71       700     1000      520     1800     2101     2201   
                                         GEOM     BASIS   MCVARS    GRID      RKS      RKS  

 PROGRAMS   *        TOTAL   RKS-SCF       INT   RKS-SCF       INT
 CPU TIMES  *      7118.27   3157.99      1.06   3957.55      1.48
 REAL TIME  *      7147.46 SEC
 DISK USED  *       145.57 MB (local),      582.26 MB (total)
 SF USED    *         7.79 MB
 GA USED    *         7.98 MB       (max)       7.98 MB       (current)
 **********************************************************************************************************************************
 SETTING EA_PBE         =      -232.01681168  AU                              

 Dummy atoms: C1  H1  C2  H2  C3  H3  C4  H4  C5  H5  C6  H6


 Recomputing one-electron integrals since nuclear charges changed


 PROGRAM * SEWARD (Integral evaluation for generally contracted gaussian basis sets)     Author: Roland Lindh, 1990

 Geometry written to block  1 of record 700


 Point group  C1  



 ATOMIC COORDINATES

 NR  ATOM    CHARGE       X              Y              Z

   1  C1      0.00    1.547207573    1.633049047    0.355809192
   2  H1      0.00    2.770553192    3.244031738    0.651429049
   3  C2      0.00    2.587029620   -0.737983294   -0.126041297
   4  H2      0.00    4.616669646   -0.967278880   -0.208955406
   5  C3      0.00    1.009829205   -2.812844479   -0.513793926
   6  H3      0.00    1.815740044   -4.651682208   -0.898578928
   7  C4      0.00   -1.604595957   -2.514294489   -0.415544036
   8  H4      0.00   -2.829051201   -4.123118381   -0.717251618
   9  C5      0.00   -2.644644227   -0.143676259    0.076409498
  10  H5      0.00   -4.672700596    0.084863401    0.176466513
  11  C6      0.00   -1.068247633    1.930172613    0.457841349
  12  H6      0.00   -1.875660275    3.767473857    0.843305718
  13  N1      7.00   -6.370234465    1.206005506   13.337890549
  14  C7      6.00   -5.208268457    3.393680611   13.867135165
  15  H7      1.00   -6.432062762    5.005940994   14.174238513
  16  C8      6.00   -2.596260855    3.659844257   14.037533312
  17  H8      1.00   -1.780184975    5.480879054   14.474468789
  18  C9      6.00   -1.082682087    1.549059286   13.632727688
  19  H9      1.00    0.953628521    1.682066294   13.736349894
  20  C10     6.00   -2.255355230   -0.734967715   13.077791514
  21  H10     1.00   -1.167299096   -2.427447785   12.729940296
  22  C11     6.00   -4.883046385   -0.806848897   12.954110039
  23  H11     1.00   -5.844639051   -2.561371500   12.521660059

 Bond lengths in Bohr (Angstrom)

  1- 2  2.044316716   1- 3  2.633477576   1-11  2.634254905   3- 4  2.044233316   3- 5  2.634950131
       ( 1.081805818)       ( 1.393576319)       ( 1.393987664)       ( 1.081761685)       ( 1.394355561)

  5- 6  2.044229922   5- 7  2.633249715   7- 8  2.044170351   7- 9  2.635061570   9-10  2.043343931
       ( 1.081759888)       ( 1.393455740)       ( 1.081728365)       ( 1.394414532)       ( 1.081291042)

  9-11  2.632748682  11-12  2.043568892  13-14  2.533019390  13-22  2.531916016  14-15  2.047283202
       ( 1.393190605)       ( 1.081410087)       ( 1.340416136)       ( 1.339832256)       ( 1.083375615)

 14-16  2.631057265  16-17  2.042806938  16-18  2.628726208  18-19  2.043279060  18-20  2.626765273
       ( 1.392295545)       ( 1.081006878)       ( 1.391062003)       ( 1.081256714)       ( 1.390024321)

 20-21  2.041899950  20-22  2.631582190  22-23  2.046954569
       ( 1.080526921)       ( 1.392573324)       ( 1.083201710)

 Bond angles

  1- 3- 4  120.02903932   1- 3- 5  119.96999962   1-11- 9  120.00211231   1-11-12  120.06572512

  2- 1- 3  119.97842015   2- 1-11  119.97735275   3- 1-11  120.04422460   3- 5- 6  120.00281972

  3-5-7  119.96839764   4-3-5  120.00019645   5-7-8  119.99857437   5-7-9  120.05553861

  6- 5- 7  120.02826872   7- 9-10  120.09972148   7- 9-11  119.95895073   8- 7- 9  119.94576864

  9-11-12  119.93127597  10- 9-11  119.93968321  13-14-15  115.93018233  13-14-16  123.80086070

 13-22-20  123.89474785  13-22-23  115.94517513  14-13-22  116.66864618  14-16-17  120.04151134

 14-16-18  118.71230779  15-14-16  120.26867913  16-18-19  120.91338718  16-18-20  118.27358530

 17-16-18  121.24612622  18-20-21  121.25353825  18-20-22  118.64963085  19-18-20  120.81215774

 20-22-23  120.15988210  21-20-22  120.09462226

 NUCLEAR CHARGE:                   42
 NUMBER OF PRIMITIVE AOS:        1101
 NUMBER OF SYMMETRY AOS:          971
 NUMBER OF CONTRACTIONS:          805   (  805A   )
 NUMBER OF CORE ORBITALS:           6   (    6A   )
 NUMBER OF VALENCE ORBITALS:       29   (   29A   )

 MOLECULE CHANGED: INITIALIZING OCCUPATION AND DUMP RECORDS


 NUCLEAR REPULSION ENERGY  206.25955836


 Eigenvalues of metric

         1 0.323E-06 0.670E-06 0.129E-05 0.230E-05 0.258E-05 0.352E-05 0.437E-05 0.442E-05


 OPERATOR DM      FOR CENTER  0  COORDINATES:    0.000000    0.000000    0.000000


 **********************************************************************************************************************************
 DATASETS  * FILE   NREC   LENGTH (MB)   RECORD NAMES
              1      19       53.97       500      610      700      900      950      970     1000      129      960     1100   
                                          VAR    BASINP    GEOM    SYMINP    ZMAT    AOBASIS   BASIS     P2S    ABASIS      S 
                                         1400     1410     1200     1210     1080     1600     1650     1700     1800   
                                           T        V       H0       H01     AOSYM     SMH    MOLCAS    OPER     GRID   

              2       6       44.71       700     1000      520     1800     2101     2201   
                                         GEOM     BASIS   MCVARS    GRID      RKS      RKS  

 PROGRAMS   *        TOTAL       INT   RKS-SCF       INT   RKS-SCF       INT
 CPU TIMES  *      7119.33      1.05   3157.99      1.06   3957.55      1.48
 REAL TIME  *      7148.86 SEC
 DISK USED  *       145.57 MB (local),      582.26 MB (total)
 SF USED    *         7.79 MB
 GA USED    *         7.98 MB       (max)       7.98 MB       (current)
 **********************************************************************************************************************************

 Density functional group PBE=PBEX+PBEC
 Functional: PBEX(Automatically generated (new) PBEX)                          Gradient terms: 1
 Functional: PBEC(Automatically generated (new) PBEC)                          Gradient terms: 1
 Use libxcgrid:  F
 Use grid at  1800.2

 Functional: PBEX                      Factor:  1.0000
 Functional: PBEC                      Factor:  1.0000

 Generated new metagrid on record  1800.2 with target accuracy 1.0D-08 and 247370 points in CPU time    0.7
 Computed new grid on record 1800.1 in CPU time    1.1
  646006 words reserved for DFT integration

 PROGRAM * RKS-SCF (Restricted closed shell Kohn-Sham)     Authors: W. Meyer, H.-J. Werner, P.J. Knowles, 1993

 NUMBER OF ELECTRONS:      21+   21-    SPACE SYMMETRY=1    SPIN SYMMETRY: Singlet 
 CONVERGENCE THRESHOLDS:    1.00E-04 (Density)    1.00E-08 (Energy)
 INTEGRAL THRESHOLDS:       1.00E-13 (Initial)    1.00E-13 (Final)
 MAX. NUMBER OF ITERATIONS:       60
 INTERPOLATION TYPE:            DIIS
 INTERPOLATION STEPS:              2 (START)      1 (STEP)
 LEVEL SHIFTS:                  0.00 (CLOSED)  0.00 (OPEN) 



 Use fine grid record 1800.2 for energy threshold  1.0D-08
 Orbital guess generated from atomic densities. Full valence occupancy:   35

 Molecular orbital dump at record        2301.2

 Initial occupancy:  21

 Direct Fock-matrix evaluation.        Authors: Roland Lindh & Martin Schuetz (1993/96)

 Integral Threshold:                  0.1D-12
 Threshold for writing integrals:     0.1D-06
 Prescreening on density matrix:        ON 
 Calculation will be performed fully direct        

 ITERATION   DDIFF            GRAD            ENERGY        2-EL.EN.            DIPOLE MOMENTS         DIIS   CPU(IT)  CPU(TOT)
    1      0.000D+00      0.000D+00      -247.86778017    661.970868    0.93711    0.06369    0.04698    0    345.4    366.4     start
    2      0.000D+00      0.321D-02      -247.62667717    623.878588    1.09889    0.06610    0.06012    1    344.1    710.5     diag
    3      0.825D-02      0.486D-02      -248.04884152    647.507846    0.59652    0.04166    0.02835    2    337.8   1048.3     diag
    4      0.442D-02      0.560D-03      -248.05141184    647.312502    1.18700    0.07579    0.06245    3    321.0   1369.4     diag
    5      0.585D-03      0.384D-03      -248.05380892    646.705284    0.75814    0.05062    0.03841    4    311.4   1680.8     diag
    6      0.307D-03      0.157D-03      -248.05416988    646.831407    0.89585    0.05880    0.04583    5    303.1   1983.9     diag
    7      0.108D-03      0.760D-04      -248.05424951    646.816773    0.87633    0.05759    0.04482    6    291.2   2275.1     diag
    8      0.404D-04      0.522D-05      -248.05424997    646.833773    0.87634    0.05765    0.04488    7    274.2   2549.4     diag
    9      0.621D-05      0.454D-06      -248.05424997    646.833969    0.87674    0.05754    0.04483    8    250.5   2799.9     diag
   10      0.938D-06      0.468D-06      -248.05424996    646.833932    0.87642    0.05787    0.04493    0    247.0   3046.9     orth

 Final occupancy:  21

 !RKS STATE  1.1 Energy              -248.054249956116
 Nuclear energy                       206.25955836
 One-electron energy                 -742.15513922
 Two-electron energy                  323.41696624
 Density functional                   -35.57563534     PBEX=-34.19259934 PBEC= -1.38303600
 Virial quotient                       -1.00571067
 !RKS STATE  1.1 Dipole moment          0.87642026     0.05787364     0.04493001
 Dipole moment /Debye                   2.22749220     0.14709048     0.11419322

 Orbital energies:

         1.1          2.1          3.1          4.1          5.1          6.1          7.1          8.1          9.1         10.1
    -13.989002    -9.923297    -9.923170    -9.911731    -9.903085    -9.902871    -0.865491    -0.737702    -0.696179    -0.574334

        11.1         12.1         13.1         14.1         15.1         16.1         17.1         18.1         19.1         20.1
     -0.573011    -0.482258    -0.436189    -0.423895    -0.385422    -0.365587    -0.361939    -0.323822    -0.269028    -0.246628

        21.1         22.1         23.1
     -0.218448    -0.069265    -0.055604


 HOMO     21.1    -0.218448 =      -5.9443eV
 LUMO     22.1    -0.069265 =      -1.8848eV
 LUMO-HOMO         0.149183 =       4.0595eV


 **********************************************************************************************************************************
 DATASETS  * FILE   NREC   LENGTH (MB)   RECORD NAMES
              1      19       53.97       500      610      700      900      950      970     1000      129      960     1100   
                                          VAR    BASINP    GEOM    SYMINP    ZMAT    AOBASIS   BASIS     P2S    ABASIS      S 
                                         1400     1410     1200     1210     1080     1600     1650     1700     1800   
                                           T        V       H0       H01     AOSYM     SMH    MOLCAS    OPER     GRID   

              2       7       73.17       700     1000      520     1800     2101     2201     2301   
                                         GEOM     BASIS   MCVARS    GRID      RKS      RKS      RKS  

 PROGRAMS   *        TOTAL   RKS-SCF       INT   RKS-SCF       INT   RKS-SCF       INT
 CPU TIMES  *     10168.44   3049.11      1.05   3157.99      1.06   3957.55      1.48
 REAL TIME  *     10206.63 SEC
 DISK USED  *       171.43 MB (local),      685.71 MB (total)
 SF USED    *         7.79 MB
 GA USED    *         7.98 MB       (max)       7.98 MB       (current)
 **********************************************************************************************************************************
 SETTING EB_PBE         =      -248.05424996  AU                              
 SETTING E_AB_INT       =    -4.48917060D-05  AU                              

 *** results in hartree
 E_AB_INT         =        -0.00004489 AU
 Molecular orbitals read from record     2301.2  Type=RKS/CANONICAL (state 1.1)
 Occupation numbers read from record     2301.2  Type=RKS/RHF (state 1.1)
 Orbital energies read from record       2301.2  Type=RKS/CANONICAL (state 1.1)
 Redundancy group numbers read from rec  2301.2  Type=RKS/RHF (state 1.1)

 RPBE/aug-cc-pVTZ energy=   -248.054249956116

         RKS-SCF         RKS-SCF         RKS-SCF
   -248.05424996   -232.01681168   -480.07110653
 **********************************************************************************************************************************
 Molpro calculation terminated
