
 Primary working directories    : /scratch/sirous/57657/molpro.a8oAjE5Y2h
 Secondary working directories  : /scratch/sirous/57657/molpro.a8oAjE5Y2h
 Wavefunction directory         : /scratch/sirous/57657/
 Main file repository           : /scratch/sirous/57657/molpro.a8oAjE5Y2h/

 id        : karlovklimes

 Nodes                      nprocs
 nc-15.cc.karlov.mff.cuni.cz    4

 Using customized tuning parameters: mindgm=1; mindgv=20; mindgc=4; mindgr=1; noblas=0; minvec=7
 default implementation of scratch files=sf  


 Variables initialized (934), CPU time= 0.00 sec
 ***,CH3C6H4CN+CF3CN+BF3
 memory,500,m
 gdirect
 gthresh,energy=1.d-8,twoint=1.d-19,oneint=1.d-19,zero=1.d-15,orbital=1.d-8,grid=1.d-8
 symmetry,nosym
 geomtyp=xyz
                                                                                 ! Geometry
 geometry={
 C1        0.818746988    0.86417234     0.188286116
 H1        1.466113611    1.716667667     0.344721407
 C2        1.368997119    -0.390523941     -0.066698182
 H2        2.443036367    -0.51186194     -0.110574439
 C3        0.534378602    -1.488493196     -0.271888037
 H3        0.960848252    -2.461564217     -0.475507491
 C4        -0.849115613    -1.330507345     -0.219896434
 H4        -1.497069424    -2.181860285     -0.379553211
 C5        -1.399485456    -0.076030202     0.040434165
 H5        -2.472686669    0.044907778     0.093382057
 C6        -0.565292303    1.02140336     0.242279208
 H6        -0.992556673    1.993661308     0.446258168
 N1        -2.5609935918051967    0.24171245509434447     4.111736289298679
 C7        -1.946107660805197    1.3993802650943445     4.391800479298679
 H7        -2.593711717805197    2.252551718094345     4.554312572298679
 C8        -0.5638927628051971    1.5402280010943445     4.4819712952986785
 H8        -0.13204400480519712    2.5038781160943446     4.713187592298678
 C9        0.23705862819480292    0.4232486970943445     4.267757384298679
 H9        1.314627796194803    0.4936329750943445     4.322591894298679
 C10        -0.3834932748051971    -0.7854063409056555     3.974097807298679
 H10        0.19228123519480286    -1.6810282239056555     3.790022870298679
 C11        -1.7740075518051972    -0.8234442239056555     3.908648389298679
 H11        -2.282860476805197    -1.7518976019056556     3.679805715298679
 }
 
 
 
 basis=avtz
 
 
 
                                                                                 ! Dimer Calculation
 {rks,pbe,accu=1.d-8;orbital,2101.2}
 eab_PBE=energy
 
 
                                                                                 !monomer A
 dummy,13,14,15,16,17,18,19,20,21,22,23;                                         ! NOW MONOMER B IS DUMMY
 {rks,pbe,accu=1.d-8;orbital,2201.2}
 ea_PBE=energy
                                                                                 !monomer B
 dummy,1,2,3,4,5,6,7,8,9,10,11,12;                                               !NOW MONOMER A IS DUMMY
 {rks,pbe,accu=1.d-8;orbital,2301.2}
 eb_PBE=energy
 
 E_AB_int=eab_PBE-ea_PBE-eb_PBE
 
 
 text,results in hartree
 show,E_AB_int
 
 Commands  initialized (763), CPU time= 0.00 sec, 617 directives.
 Default parameters read. Elapsed time= 0.21 sec

 Checking input...
 Passed
1


                                         ***  PROGRAM SYSTEM MOLPRO  ***
                                       Copyright, TTI GmbH Stuttgart, 2015
                                    Version 2019.2 linked Jun  8 2019 11:26:33


 **********************************************************************************************************************************
 LABEL *   CH3C6H4CN+CF3CN+BF3                                                           
  64 bit mpp version                                                                     DATE: 18-Oct-19          TIME: 07:05:29  
 **********************************************************************************************************************************

 SHA1:             8135a10abc80eafa5b3ae28ffc55be4890dc4c84
 **********************************************************************************************************************************

 THRESHOLDS:

 ZERO    =  1.00D-15  ONEINT  =  1.00D-19  TWOINT  =  1.00D-19  PREFAC  =  1.00D-14  XXXXXX  =  1.00D-09  EORDER  =  1.00D-04
 ENERGY  =  1.00D-08  ETEST   =  0.00D+00  EDENS   =  0.00D+00  THRDEDEF=  1.00D-06  GRADIENT=  1.00D-02  STEP    =  1.00D-03
 ORBITAL =  1.00D-08  CIVEC   =  1.00D-05  COEFF   =  1.00D-04  PRINTCI =  5.00D-02  PUNCHCI =  9.90D+01  OPTGRAD =  3.00D-04
 OPTENERG=  1.00D-06  OPTSTEP =  3.00D-04  THRGRAD =  1.00D-10  COMPRESS=  1.00D-11  VARMIN  =  1.00D-07  VARMAX  =  1.00D-03
 THRDOUB =  0.00D+00  THRDIV  =  1.00D-05  THRRED  =  1.00D-07  THRPSP  =  1.00D+00  THRDC   =  1.00D-10  THRCS   =  1.00D-10
 THRNRM  =  1.00D-08  THREQ   =  0.00D+00  THRDE   =  1.00D+00  THRREF  =  1.00D-05  SPARFAC =  1.00D+00  THRDLP  =  1.00D-07
 THRDIA  =  1.00D-10  THRDLS  =  1.00D-07  THRGPS  =  0.00D+00  THRKEX  =  0.00D+00  THRDIS  =  2.00D-01  THRVAR  =  1.00D-10
 THRLOC  =  1.00D-06  THRGAP  =  1.00D-06  THRLOCT = -1.00D+00  THRGAPT = -1.00D+00  THRORB  =  1.00D-06  THRMLTP =  0.00D+00
 THRCPQCI=  1.00D-10  KEXTA   =  0.00D+00  THRCOARS=  0.00D+00  SYMTOL  =  1.00D-06  GRADTOL =  1.00D-06  THROVL  =  1.00D-08
 THRORTH =  1.00D-08  GRID    =  1.00D-08  GRIDMAX =  1.00D-03  DTMAX   =  0.00D+00  THROCCDE=  1.00D-01  THROCCDE=  1.00D-01
 THRPRINT=  2.50D-01


 Variable memory set to  500000000 words,  buffer space 

 SETTING GEOMTYP        =    XYZ
 ZSYMEL=NOSYM

 SETTING BASIS          =    AVTZ


 Recomputing integrals since basis changed


 Using spherical harmonics

 Library entry C      S aug-cc-pVTZ          selected for orbital group  1
 Library entry C      P aug-cc-pVTZ          selected for orbital group  1
 Library entry C      D aug-cc-pVTZ          selected for orbital group  1
 Library entry C      F aug-cc-pVTZ          selected for orbital group  1
 Library entry H      S aug-cc-pVTZ          selected for orbital group  2
 Library entry H      P aug-cc-pVTZ          selected for orbital group  2
 Library entry H      D aug-cc-pVTZ          selected for orbital group  2
 Library entry N      S aug-cc-pVTZ          selected for orbital group 13
 Library entry N      P aug-cc-pVTZ          selected for orbital group 13
 Library entry N      D aug-cc-pVTZ          selected for orbital group 13
 Library entry N      F aug-cc-pVTZ          selected for orbital group 13


 PROGRAM * SEWARD (Integral evaluation for generally contracted gaussian basis sets)     Author: Roland Lindh, 1990

 Geometry written to block  1 of record 700


 Point group  C1  



 ATOMIC COORDINATES

 NR  ATOM    CHARGE       X              Y              Z

   1  C1      6.00    1.547207573    1.633049047    0.355809192
   2  H1      1.00    2.770553192    3.244031738    0.651429049
   3  C2      6.00    2.587029620   -0.737983294   -0.126041297
   4  H2      1.00    4.616669646   -0.967278880   -0.208955406
   5  C3      6.00    1.009829205   -2.812844479   -0.513793926
   6  H3      1.00    1.815740044   -4.651682208   -0.898578928
   7  C4      6.00   -1.604595957   -2.514294489   -0.415544036
   8  H4      1.00   -2.829051201   -4.123118381   -0.717251618
   9  C5      6.00   -2.644644227   -0.143676259    0.076409498
  10  H5      1.00   -4.672700596    0.084863401    0.176466513
  11  C6      6.00   -1.068247633    1.930172613    0.457841349
  12  H6      1.00   -1.875660275    3.767473857    0.843305718
  13  N1      7.00   -4.839576495    0.456770341    7.770055483
  14  C7      6.00   -3.677610488    2.644445445    8.299300100
  15  H7      1.00   -4.901404793    4.256705829    8.606403447
  16  C8      6.00   -1.065602885    2.910609091    8.469698246
  17  H8      1.00   -0.249527005    4.731643889    8.906633723
  18  C9      6.00    0.447975883    0.799824120    8.064892622
  19  H9      1.00    2.484286491    0.932831129    8.168514828
  20  C10     6.00   -0.724697260   -1.484202881    7.509956448
  21  H10     1.00    0.363358873   -3.176682951    7.162105231
  22  C11     6.00   -3.352388416   -1.556084062    7.386274973
  23  H11     1.00   -4.313981082   -3.310606666    6.953824994

 Bond lengths in Bohr (Angstrom)

  1- 2  2.044316716   1- 3  2.633477576   1-11  2.634254905   3- 4  2.044233316   3- 5  2.634950131
       ( 1.081805818)       ( 1.393576319)       ( 1.393987664)       ( 1.081761685)       ( 1.394355561)

  5- 6  2.044229922   5- 7  2.633249715   7- 8  2.044170351   7- 9  2.635061570   9-10  2.043343931
       ( 1.081759888)       ( 1.393455740)       ( 1.081728365)       ( 1.394414532)       ( 1.081291042)

  9-11  2.632748682  11-12  2.043568892  13-14  2.533019390  13-22  2.531916016  14-15  2.047283202
       ( 1.393190605)       ( 1.081410087)       ( 1.340416136)       ( 1.339832256)       ( 1.083375615)

 14-16  2.631057265  16-17  2.042806938  16-18  2.628726208  18-19  2.043279060  18-20  2.626765273
       ( 1.392295545)       ( 1.081006878)       ( 1.391062003)       ( 1.081256714)       ( 1.390024321)

 20-21  2.041899950  20-22  2.631582190  22-23  2.046954569
       ( 1.080526921)       ( 1.392573324)       ( 1.083201710)

 Bond angles

  1- 3- 4  120.02903932   1- 3- 5  119.96999962   1-11- 9  120.00211231   1-11-12  120.06572512

  2- 1- 3  119.97842015   2- 1-11  119.97735275   3- 1-11  120.04422460   3- 5- 6  120.00281972

  3-5-7  119.96839764   4-3-5  120.00019645   5-7-8  119.99857437   5-7-9  120.05553861

  6- 5- 7  120.02826872   7- 9-10  120.09972148   7- 9-11  119.95895073   8- 7- 9  119.94576864

  9-11-12  119.93127597  10- 9-11  119.93968321  13-14-15  115.93018233  13-14-16  123.80086070

 13-22-20  123.89474785  13-22-23  115.94517513  14-13-22  116.66864618  14-16-17  120.04151134

 14-16-18  118.71230779  15-14-16  120.26867913  16-18-19  120.91338718  16-18-20  118.27358530

 17-16-18  121.24612622  18-20-21  121.25353825  18-20-22  118.64963085  19-18-20  120.81215774

 20-22-23  120.15988210  21-20-22  120.09462226

 NUCLEAR CHARGE:                   84
 NUMBER OF PRIMITIVE AOS:        1101
 NUMBER OF SYMMETRY AOS:          971
 NUMBER OF CONTRACTIONS:          805   (  805A   )
 NUMBER OF CORE ORBITALS:          12   (   12A   )
 NUMBER OF VALENCE ORBITALS:       59   (   59A   )


 NUCLEAR REPULSION ENERGY  604.76486583


 Eigenvalues of metric

         1 0.255E-06 0.602E-06 0.103E-05 0.175E-05 0.204E-05 0.236E-05 0.300E-05 0.358E-05


 OPERATOR DM      FOR CENTER  0  COORDINATES:    0.000000    0.000000    0.000000


 **********************************************************************************************************************************
 DATASETS  * FILE   NREC   LENGTH (MB)   RECORD NAMES
              1      18       53.97       500      610      700      900      950      970     1000      129      960     1100   
                                          VAR    BASINP    GEOM    SYMINP    ZMAT    AOBASIS   BASIS     P2S    ABASIS      S 
                                         1400     1410     1200     1210     1080     1600     1650     1700   
                                           T        V       H0       H01     AOSYM     SMH    MOLCAS    OPER   

 PROGRAMS   *        TOTAL       INT
 CPU TIMES  *         1.73      1.55
 REAL TIME  *         4.01 SEC
 DISK USED  *        54.86 MB (local),      219.44 MB (total)
 GA USED    *         0.00 MB       (max)       0.00 MB       (current)
 **********************************************************************************************************************************

 Density functional group PBE=PBEX+PBEC
 Functional: PBEX(Automatically generated (new) PBEX)                          Gradient terms: 1
 Functional: PBEC(Automatically generated (new) PBEC)                          Gradient terms: 1
 Use libxcgrid:  F
 Use grid at  1800.2

 Functional: PBEX                      Factor:  1.0000
 Functional: PBEC                      Factor:  1.0000

 Generated new metagrid on record  1800.2 with target accuracy 1.0D-08 and 247370 points in CPU time    0.7
 Computed new grid on record 1800.1 in CPU time    1.1
  646006 words reserved for DFT integration

 PROGRAM * RKS-SCF (Restricted closed shell Kohn-Sham)     Authors: W. Meyer, H.-J. Werner, P.J. Knowles, 1993

 NUMBER OF ELECTRONS:      42+   42-    SPACE SYMMETRY=1    SPIN SYMMETRY: Singlet 
 CONVERGENCE THRESHOLDS:    1.00E-04 (Density)    1.00E-08 (Energy)
 INTEGRAL THRESHOLDS:       1.00E-13 (Initial)    1.00E-13 (Final)
 MAX. NUMBER OF ITERATIONS:       60
 INTERPOLATION TYPE:            DIIS
 INTERPOLATION STEPS:              2 (START)      1 (STEP)
 LEVEL SHIFTS:                  0.00 (CLOSED)  0.00 (OPEN) 



 Use fine grid record 1800.2 for energy threshold  1.0D-08
 Orbital guess generated from atomic densities. Full valence occupancy:   71

 Molecular orbital dump at record        2101.2

 Initial occupancy:  42

 Direct Fock-matrix evaluation.        Authors: Roland Lindh & Martin Schuetz (1993/96)

 Integral Threshold:                  0.1D-12
 Threshold for writing integrals:     0.1D-06
 Prescreening on density matrix:        ON 
 Calculation will be performed fully direct        

 ITERATION   DDIFF            GRAD            ENERGY        2-EL.EN.            DIPOLE MOMENTS         DIIS   CPU(IT)  CPU(TOT)
    1      0.000D+00      0.000D+00      -479.63389488   1697.876828    0.93886    0.06225    0.04884    0    530.9    566.0     start
    2      0.000D+00      0.351D-02      -478.91398786   1607.292417    0.99144    0.04314   -0.09266    1    524.0   1090.0     diag
    3      0.139D-01      0.574D-02      -480.05989830   1665.678528    0.55608    0.06432    0.01335    2    523.5   1613.5     diag
    4      0.761D-02      0.592D-03      -480.06506136   1664.297206    1.22072    0.01974    0.01418    3    509.0   2122.6     diag
    5      0.100D-02      0.424D-03      -480.07033068   1663.637909    0.66037    0.06166   -0.00560    4    503.0   2625.6     diag
    6      0.556D-03      0.202D-03      -480.07163505   1663.777303    0.88620    0.05247    0.00957    5    491.5   3117.1     diag
    7      0.214D-03      0.651D-04      -480.07174920   1663.772110    0.83113    0.04559    0.00385    6    476.9   3594.0     diag
    8      0.651D-04      0.163D-04      -480.07175573   1663.818648    0.85311    0.05129    0.00487    7    470.5   4064.5     diag
    9      0.209D-04      0.795D-05      -480.07175780   1663.820976    0.84215    0.04802    0.00437    8    464.0   4528.5     diag
   10      0.953D-05      0.272D-05      -480.07175805   1663.824856    0.84544    0.04920    0.00482    9    448.6   4977.1     orth
   11      0.303D-05      0.618D-06      -480.07175806   1663.824531    0.84490    0.04866    0.00462    9    432.8   5409.9     diag
   12      0.933D-06      0.262D-06      -480.07175806   1663.824112    0.84502    0.04903    0.00470    9    418.0   5827.9     diag
   13      0.312D-06      0.105D-06      -480.07175806   1663.823669    0.84491    0.04856    0.00464    0    413.3   6241.2     orth

 Final occupancy:  42

 !RKS STATE  1.1 Energy              -480.071758057420
 Nuclear energy                       604.76486583
 One-electron energy                -1846.68774945
 Two-electron energy                  831.91183426
 Density functional                   -70.06070871     PBEX=-67.30405960 PBEC= -2.75664911
 Virial quotient                       -1.00572440
 !RKS STATE  1.1 Dipole moment          0.84490890     0.04855793     0.00463544
 Dipole moment /Debye                   2.14740356     0.12341387     0.01178134

 Orbital energies:

         1.1          2.1          3.1          4.1          5.1          6.1          7.1          8.1          9.1         10.1
    -13.985327    -9.919719    -9.919128    -9.907550    -9.899244    -9.898220    -9.891489    -9.891116    -9.890772    -9.890568

        11.1         12.1         13.1         14.1         15.1         16.1         17.1         18.1         19.1         20.1
     -9.889967    -9.889500    -0.861626    -0.779976    -0.733427    -0.692143    -0.677465    -0.677323    -0.570425    -0.568940

        21.1         22.1         23.1         24.1         25.1         26.1         27.1         28.1         29.1         30.1
     -0.544714    -0.544571    -0.478342    -0.474229    -0.432174    -0.419993    -0.411198    -0.399817    -0.381535    -0.375479

        31.1         32.1         33.1         34.1         35.1         36.1         37.1         38.1         39.1         40.1
     -0.375253    -0.361984    -0.357947    -0.332775    -0.319982    -0.301667    -0.301600    -0.264862    -0.242752    -0.232320

        41.1         42.1         43.1         44.1
     -0.231858    -0.215146    -0.065188    -0.051951


 HOMO     42.1    -0.215146 =      -5.8544eV
 LUMO     43.1    -0.065188 =      -1.7739eV
 LUMO-HOMO         0.149958 =       4.0806eV


 **********************************************************************************************************************************
 DATASETS  * FILE   NREC   LENGTH (MB)   RECORD NAMES
              1      19       53.97       500      610      700      900      950      970     1000      129      960     1100   
                                          VAR    BASINP    GEOM    SYMINP    ZMAT    AOBASIS   BASIS     P2S    ABASIS      S 
                                         1400     1410     1200     1210     1080     1600     1650     1700     1800   
                                           T        V       H0       H01     AOSYM     SMH    MOLCAS    OPER     GRID   

              2       5       16.26       700     1000      520     1800     2101   
                                         GEOM     BASIS   MCVARS    GRID      RKS  

 PROGRAMS   *        TOTAL   RKS-SCF       INT
 CPU TIMES  *      6245.10   6243.37      1.55
 REAL TIME  *      6265.53 SEC
 DISK USED  *       117.11 MB (local),      468.43 MB (total)
 SF USED    *         7.79 MB
 GA USED    *         7.98 MB       (max)       7.98 MB       (current)
 **********************************************************************************************************************************
 SETTING EAB_PBE        =      -480.07175806  AU                              

 Dummy atoms: N1  C7  H7  C8  H8  C9  H9  C10  H10  C11  H11


 Recomputing one-electron integrals since nuclear charges changed


 PROGRAM * SEWARD (Integral evaluation for generally contracted gaussian basis sets)     Author: Roland Lindh, 1990

 Geometry written to block  1 of record 700


 Point group  C1  



 ATOMIC COORDINATES

 NR  ATOM    CHARGE       X              Y              Z

   1  C1      6.00    1.547207573    1.633049047    0.355809192
   2  H1      1.00    2.770553192    3.244031738    0.651429049
   3  C2      6.00    2.587029620   -0.737983294   -0.126041297
   4  H2      1.00    4.616669646   -0.967278880   -0.208955406
   5  C3      6.00    1.009829205   -2.812844479   -0.513793926
   6  H3      1.00    1.815740044   -4.651682208   -0.898578928
   7  C4      6.00   -1.604595957   -2.514294489   -0.415544036
   8  H4      1.00   -2.829051201   -4.123118381   -0.717251618
   9  C5      6.00   -2.644644227   -0.143676259    0.076409498
  10  H5      1.00   -4.672700596    0.084863401    0.176466513
  11  C6      6.00   -1.068247633    1.930172613    0.457841349
  12  H6      1.00   -1.875660275    3.767473857    0.843305718
  13  N1      0.00   -4.839576495    0.456770341    7.770055483
  14  C7      0.00   -3.677610488    2.644445445    8.299300100
  15  H7      0.00   -4.901404793    4.256705829    8.606403447
  16  C8      0.00   -1.065602885    2.910609091    8.469698246
  17  H8      0.00   -0.249527005    4.731643889    8.906633723
  18  C9      0.00    0.447975883    0.799824120    8.064892622
  19  H9      0.00    2.484286491    0.932831129    8.168514828
  20  C10     0.00   -0.724697260   -1.484202881    7.509956448
  21  H10     0.00    0.363358873   -3.176682951    7.162105231
  22  C11     0.00   -3.352388416   -1.556084062    7.386274973
  23  H11     0.00   -4.313981082   -3.310606666    6.953824994

 Bond lengths in Bohr (Angstrom)

  1- 2  2.044316716   1- 3  2.633477576   1-11  2.634254905   3- 4  2.044233316   3- 5  2.634950131
       ( 1.081805818)       ( 1.393576319)       ( 1.393987664)       ( 1.081761685)       ( 1.394355561)

  5- 6  2.044229922   5- 7  2.633249715   7- 8  2.044170351   7- 9  2.635061570   9-10  2.043343931
       ( 1.081759888)       ( 1.393455740)       ( 1.081728365)       ( 1.394414532)       ( 1.081291042)

  9-11  2.632748682  11-12  2.043568892  13-14  2.533019390  13-22  2.531916016  14-15  2.047283202
       ( 1.393190605)       ( 1.081410087)       ( 1.340416136)       ( 1.339832256)       ( 1.083375615)

 14-16  2.631057265  16-17  2.042806938  16-18  2.628726208  18-19  2.043279060  18-20  2.626765273
       ( 1.392295545)       ( 1.081006878)       ( 1.391062003)       ( 1.081256714)       ( 1.390024321)

 20-21  2.041899950  20-22  2.631582190  22-23  2.046954569
       ( 1.080526921)       ( 1.392573324)       ( 1.083201710)

 Bond angles

  1- 3- 4  120.02903932   1- 3- 5  119.96999962   1-11- 9  120.00211231   1-11-12  120.06572512

  2- 1- 3  119.97842015   2- 1-11  119.97735275   3- 1-11  120.04422460   3- 5- 6  120.00281972

  3-5-7  119.96839764   4-3-5  120.00019645   5-7-8  119.99857437   5-7-9  120.05553861

  6- 5- 7  120.02826872   7- 9-10  120.09972148   7- 9-11  119.95895073   8- 7- 9  119.94576864

  9-11-12  119.93127597  10- 9-11  119.93968321  13-14-15  115.93018233  13-14-16  123.80086070

 13-22-20  123.89474785  13-22-23  115.94517513  14-13-22  116.66864618  14-16-17  120.04151134

 14-16-18  118.71230779  15-14-16  120.26867913  16-18-19  120.91338718  16-18-20  118.27358530

 17-16-18  121.24612622  18-20-21  121.25353825  18-20-22  118.64963085  19-18-20  120.81215774

 20-22-23  120.15988210  21-20-22  120.09462226

 NUCLEAR CHARGE:                   42
 NUMBER OF PRIMITIVE AOS:        1101
 NUMBER OF SYMMETRY AOS:          971
 NUMBER OF CONTRACTIONS:          805   (  805A   )
 NUMBER OF CORE ORBITALS:           6   (    6A   )
 NUMBER OF VALENCE ORBITALS:       30   (   30A   )

 MOLECULE CHANGED: INITIALIZING OCCUPATION AND DUMP RECORDS


 NUCLEAR REPULSION ENERGY  203.68422471


 Eigenvalues of metric

         1 0.255E-06 0.602E-06 0.103E-05 0.175E-05 0.204E-05 0.236E-05 0.300E-05 0.358E-05


 OPERATOR DM      FOR CENTER  0  COORDINATES:    0.000000    0.000000    0.000000


 **********************************************************************************************************************************
 DATASETS  * FILE   NREC   LENGTH (MB)   RECORD NAMES
              1      19       53.97       500      610      700      900      950      970     1000      129      960     1100   
                                          VAR    BASINP    GEOM    SYMINP    ZMAT    AOBASIS   BASIS     P2S    ABASIS      S 
                                         1400     1410     1200     1210     1080     1600     1650     1700     1800   
                                           T        V       H0       H01     AOSYM     SMH    MOLCAS    OPER     GRID   

              2       5       16.26       700     1000      520     1800     2101   
                                         GEOM     BASIS   MCVARS    GRID      RKS  

 PROGRAMS   *        TOTAL       INT   RKS-SCF       INT
 CPU TIMES  *      6246.22      1.10   6243.37      1.55
 REAL TIME  *      6267.01 SEC
 DISK USED  *       117.11 MB (local),      468.43 MB (total)
 SF USED    *         7.79 MB
 GA USED    *         7.98 MB       (max)       7.98 MB       (current)
 **********************************************************************************************************************************

 Density functional group PBE=PBEX+PBEC
 Functional: PBEX(Automatically generated (new) PBEX)                          Gradient terms: 1
 Functional: PBEC(Automatically generated (new) PBEC)                          Gradient terms: 1
 Use libxcgrid:  F
 Use grid at  1800.2

 Functional: PBEX                      Factor:  1.0000
 Functional: PBEC                      Factor:  1.0000

 Generated new metagrid on record  1800.2 with target accuracy 1.0D-08 and 247370 points in CPU time    0.6
 Computed new grid on record 1800.1 in CPU time    1.1
  646006 words reserved for DFT integration

 PROGRAM * RKS-SCF (Restricted closed shell Kohn-Sham)     Authors: W. Meyer, H.-J. Werner, P.J. Knowles, 1993

 NUMBER OF ELECTRONS:      21+   21-    SPACE SYMMETRY=1    SPIN SYMMETRY: Singlet 
 CONVERGENCE THRESHOLDS:    1.00E-04 (Density)    1.00E-08 (Energy)
 INTEGRAL THRESHOLDS:       1.00E-13 (Initial)    1.00E-13 (Final)
 MAX. NUMBER OF ITERATIONS:       60
 INTERPOLATION TYPE:            DIIS
 INTERPOLATION STEPS:              2 (START)      1 (STEP)
 LEVEL SHIFTS:                  0.00 (CLOSED)  0.00 (OPEN) 



 Use fine grid record 1800.2 for energy threshold  1.0D-08
 Orbital guess generated from atomic densities. Full valence occupancy:   36

 Molecular orbital dump at record        2201.2

 Initial occupancy:  21

 Direct Fock-matrix evaluation.        Authors: Roland Lindh & Martin Schuetz (1993/96)

 Integral Threshold:                  0.1D-12
 Threshold for writing integrals:     0.1D-06
 Prescreening on density matrix:        ON 
 Calculation will be performed fully direct        

 ITERATION   DDIFF            GRAD            ENERGY        2-EL.EN.            DIPOLE MOMENTS         DIIS   CPU(IT)  CPU(TOT)
    1      0.000D+00      0.000D+00      -231.76706334    644.847212    0.00152   -0.00173    0.00139    0    516.2    547.3     start
    2      0.000D+00      0.368D-02      -231.33415656    597.177387   -0.00397    0.00360    0.00167    1    512.2   1059.6     diag
    3      0.946D-02      0.614D-02      -232.01356398    627.813666    0.00094   -0.00191    0.00117    2    509.0   1568.6     diag
    4      0.499D-02      0.458D-03      -232.01672540    627.029898   -0.00181    0.00253    0.00179    3    493.4   2062.0     diag
    5      0.568D-03      0.105D-03      -232.01688903    626.919108    0.00252   -0.00470    0.00043    4    483.5   2545.6     diag
    6      0.181D-03      0.141D-04      -232.01688978    626.972737   -0.00581    0.00918    0.00320    5    463.5   3009.1     diag
    7      0.236D-04      0.130D-04      -232.01689301    626.976161    0.00067   -0.00160    0.00101    6    446.1   3455.2     diag
    8      0.936D-05      0.209D-05      -232.01689308    626.976519   -0.00037    0.00011    0.00138    7    433.8   3889.0     diag
    9      0.285D-05      0.110D-05      -232.01689310    626.976418   -0.00023   -0.00011    0.00133    8    409.5   4298.5     diag
   10      0.826D-06      0.503D-07      -232.01689310    626.976294   -0.00024   -0.00010    0.00132    9    382.9   4681.5     orth
   11      0.981D-07      0.152D-07      -232.01689310    626.976301   -0.00023   -0.00010    0.00133    0    345.4   5026.9     orth

 Final occupancy:  21

 !RKS STATE  1.1 Energy              -232.016893098306
 Nuclear energy                       203.68422471
 One-electron energy                 -714.70545165
 Two-electron energy                  313.48815064
 Density functional                   -34.48381680     PBEX=-33.11129598 PBEC= -1.37252082
 Virial quotient                       -1.00574945
 !RKS STATE  1.1 Dipole moment         -0.00022978    -0.00010213     0.00132953
 Dipole moment /Debye                  -0.00058402    -0.00025957     0.00337911

 Orbital energies:

         1.1          2.1          3.1          4.1          5.1          6.1          7.1          8.1          9.1         10.1
     -9.891433    -9.891232    -9.891198    -9.890743    -9.890734    -9.890565    -0.780387    -0.677891    -0.677734    -0.545098

        11.1         12.1         13.1         14.1         15.1         16.1         17.1         18.1         19.1         20.1
     -0.545032    -0.474665    -0.411634    -0.400235    -0.375885    -0.375662    -0.333584    -0.302229    -0.301913    -0.232827

        21.1         22.1         23.1
     -0.232733    -0.044404    -0.044334


 HOMO     21.1    -0.232733 =      -6.3330eV
 LUMO     22.1    -0.044404 =      -1.2083eV
 LUMO-HOMO         0.188329 =       5.1247eV


 **********************************************************************************************************************************
 DATASETS  * FILE   NREC   LENGTH (MB)   RECORD NAMES
              1      19       53.97       500      610      700      900      950      970     1000      129      960     1100   
                                          VAR    BASINP    GEOM    SYMINP    ZMAT    AOBASIS   BASIS     P2S    ABASIS      S 
                                         1400     1410     1200     1210     1080     1600     1650     1700     1800   
                                           T        V       H0       H01     AOSYM     SMH    MOLCAS    OPER     GRID   

              2       6       44.71       700     1000      520     1800     2101     2201   
                                         GEOM     BASIS   MCVARS    GRID      RKS      RKS  

 PROGRAMS   *        TOTAL   RKS-SCF       INT   RKS-SCF       INT
 CPU TIMES  *     11275.22   5028.99      1.10   6243.37      1.55
 REAL TIME  *     11303.12 SEC
 DISK USED  *       145.57 MB (local),      582.26 MB (total)
 SF USED    *         7.79 MB
 GA USED    *         7.98 MB       (max)       7.98 MB       (current)
 **********************************************************************************************************************************
 SETTING EA_PBE         =      -232.01689310  AU                              

 Dummy atoms: C1  H1  C2  H2  C3  H3  C4  H4  C5  H5  C6  H6


 Recomputing one-electron integrals since nuclear charges changed


 PROGRAM * SEWARD (Integral evaluation for generally contracted gaussian basis sets)     Author: Roland Lindh, 1990

 Geometry written to block  1 of record 700


 Point group  C1  



 ATOMIC COORDINATES

 NR  ATOM    CHARGE       X              Y              Z

   1  C1      0.00    1.547207573    1.633049047    0.355809192
   2  H1      0.00    2.770553192    3.244031738    0.651429049
   3  C2      0.00    2.587029620   -0.737983294   -0.126041297
   4  H2      0.00    4.616669646   -0.967278880   -0.208955406
   5  C3      0.00    1.009829205   -2.812844479   -0.513793926
   6  H3      0.00    1.815740044   -4.651682208   -0.898578928
   7  C4      0.00   -1.604595957   -2.514294489   -0.415544036
   8  H4      0.00   -2.829051201   -4.123118381   -0.717251618
   9  C5      0.00   -2.644644227   -0.143676259    0.076409498
  10  H5      0.00   -4.672700596    0.084863401    0.176466513
  11  C6      0.00   -1.068247633    1.930172613    0.457841349
  12  H6      0.00   -1.875660275    3.767473857    0.843305718
  13  N1      7.00   -4.839576495    0.456770341    7.770055483
  14  C7      6.00   -3.677610488    2.644445445    8.299300100
  15  H7      1.00   -4.901404793    4.256705829    8.606403447
  16  C8      6.00   -1.065602885    2.910609091    8.469698246
  17  H8      1.00   -0.249527005    4.731643889    8.906633723
  18  C9      6.00    0.447975883    0.799824120    8.064892622
  19  H9      1.00    2.484286491    0.932831129    8.168514828
  20  C10     6.00   -0.724697260   -1.484202881    7.509956448
  21  H10     1.00    0.363358873   -3.176682951    7.162105231
  22  C11     6.00   -3.352388416   -1.556084062    7.386274973
  23  H11     1.00   -4.313981082   -3.310606666    6.953824994

 Bond lengths in Bohr (Angstrom)

  1- 2  2.044316716   1- 3  2.633477576   1-11  2.634254905   3- 4  2.044233316   3- 5  2.634950131
       ( 1.081805818)       ( 1.393576319)       ( 1.393987664)       ( 1.081761685)       ( 1.394355561)

  5- 6  2.044229922   5- 7  2.633249715   7- 8  2.044170351   7- 9  2.635061570   9-10  2.043343931
       ( 1.081759888)       ( 1.393455740)       ( 1.081728365)       ( 1.394414532)       ( 1.081291042)

  9-11  2.632748682  11-12  2.043568892  13-14  2.533019390  13-22  2.531916016  14-15  2.047283202
       ( 1.393190605)       ( 1.081410087)       ( 1.340416136)       ( 1.339832256)       ( 1.083375615)

 14-16  2.631057265  16-17  2.042806938  16-18  2.628726208  18-19  2.043279060  18-20  2.626765273
       ( 1.392295545)       ( 1.081006878)       ( 1.391062003)       ( 1.081256714)       ( 1.390024321)

 20-21  2.041899950  20-22  2.631582190  22-23  2.046954569
       ( 1.080526921)       ( 1.392573324)       ( 1.083201710)

 Bond angles

  1- 3- 4  120.02903932   1- 3- 5  119.96999962   1-11- 9  120.00211231   1-11-12  120.06572512

  2- 1- 3  119.97842015   2- 1-11  119.97735275   3- 1-11  120.04422460   3- 5- 6  120.00281972

  3-5-7  119.96839764   4-3-5  120.00019645   5-7-8  119.99857437   5-7-9  120.05553861

  6- 5- 7  120.02826872   7- 9-10  120.09972148   7- 9-11  119.95895073   8- 7- 9  119.94576864

  9-11-12  119.93127597  10- 9-11  119.93968321  13-14-15  115.93018233  13-14-16  123.80086070

 13-22-20  123.89474785  13-22-23  115.94517513  14-13-22  116.66864618  14-16-17  120.04151134

 14-16-18  118.71230779  15-14-16  120.26867913  16-18-19  120.91338718  16-18-20  118.27358530

 17-16-18  121.24612622  18-20-21  121.25353825  18-20-22  118.64963085  19-18-20  120.81215774

 20-22-23  120.15988210  21-20-22  120.09462226

 NUCLEAR CHARGE:                   42
 NUMBER OF PRIMITIVE AOS:        1101
 NUMBER OF SYMMETRY AOS:          971
 NUMBER OF CONTRACTIONS:          805   (  805A   )
 NUMBER OF CORE ORBITALS:           6   (    6A   )
 NUMBER OF VALENCE ORBITALS:       29   (   29A   )

 MOLECULE CHANGED: INITIALIZING OCCUPATION AND DUMP RECORDS


 NUCLEAR REPULSION ENERGY  206.25955836


 Eigenvalues of metric

         1 0.255E-06 0.602E-06 0.103E-05 0.175E-05 0.204E-05 0.236E-05 0.300E-05 0.358E-05


 OPERATOR DM      FOR CENTER  0  COORDINATES:    0.000000    0.000000    0.000000


 **********************************************************************************************************************************
 DATASETS  * FILE   NREC   LENGTH (MB)   RECORD NAMES
              1      19       53.97       500      610      700      900      950      970     1000      129      960     1100   
                                          VAR    BASINP    GEOM    SYMINP    ZMAT    AOBASIS   BASIS     P2S    ABASIS      S 
                                         1400     1410     1200     1210     1080     1600     1650     1700     1800   
                                           T        V       H0       H01     AOSYM     SMH    MOLCAS    OPER     GRID   

              2       6       44.71       700     1000      520     1800     2101     2201   
                                         GEOM     BASIS   MCVARS    GRID      RKS      RKS  

 PROGRAMS   *        TOTAL       INT   RKS-SCF       INT   RKS-SCF       INT
 CPU TIMES  *     11276.32      1.10   5028.99      1.10   6243.37      1.55
 REAL TIME  *     11304.59 SEC
 DISK USED  *       145.57 MB (local),      582.26 MB (total)
 SF USED    *         7.79 MB
 GA USED    *         7.98 MB       (max)       7.98 MB       (current)
 **********************************************************************************************************************************

 Density functional group PBE=PBEX+PBEC
 Functional: PBEX(Automatically generated (new) PBEX)                          Gradient terms: 1
 Functional: PBEC(Automatically generated (new) PBEC)                          Gradient terms: 1
 Use libxcgrid:  F
 Use grid at  1800.2

 Functional: PBEX                      Factor:  1.0000
 Functional: PBEC                      Factor:  1.0000

 Generated new metagrid on record  1800.2 with target accuracy 1.0D-08 and 247370 points in CPU time    0.7
 Computed new grid on record 1800.1 in CPU time    1.1
  646006 words reserved for DFT integration

 PROGRAM * RKS-SCF (Restricted closed shell Kohn-Sham)     Authors: W. Meyer, H.-J. Werner, P.J. Knowles, 1993

 NUMBER OF ELECTRONS:      21+   21-    SPACE SYMMETRY=1    SPIN SYMMETRY: Singlet 
 CONVERGENCE THRESHOLDS:    1.00E-04 (Density)    1.00E-08 (Energy)
 INTEGRAL THRESHOLDS:       1.00E-13 (Initial)    1.00E-13 (Final)
 MAX. NUMBER OF ITERATIONS:       60
 INTERPOLATION TYPE:            DIIS
 INTERPOLATION STEPS:              2 (START)      1 (STEP)
 LEVEL SHIFTS:                  0.00 (CLOSED)  0.00 (OPEN) 



 Use fine grid record 1800.2 for energy threshold  1.0D-08
 Orbital guess generated from atomic densities. Full valence occupancy:   35

 Molecular orbital dump at record        2301.2

 Initial occupancy:  21

 Direct Fock-matrix evaluation.        Authors: Roland Lindh & Martin Schuetz (1993/96)

 Integral Threshold:                  0.1D-12
 Threshold for writing integrals:     0.1D-06
 Prescreening on density matrix:        ON 
 Calculation will be performed fully direct        

 ITERATION   DDIFF            GRAD            ENERGY        2-EL.EN.            DIPOLE MOMENTS         DIIS   CPU(IT)  CPU(TOT)
    1      0.000D+00      0.000D+00      -247.86783811    661.973781    0.93691    0.06373    0.04722    0    519.6    550.6     start
    2      0.000D+00      0.321D-02      -247.62667347    623.877747    1.09927    0.06613    0.06021    1    516.6   1067.3     diag
    3      0.959D-02      0.486D-02      -248.04892058    647.510079    0.59641    0.04172    0.02864    2    512.0   1579.2     diag
    4      0.517D-02      0.560D-03      -248.05149146    647.314017    1.18680    0.07567    0.06269    3    494.3   2073.5     diag
    5      0.640D-03      0.384D-03      -248.05388757    646.706830    0.75793    0.05066    0.03870    4    486.9   2560.4     diag
    6      0.344D-03      0.157D-03      -248.05424867    646.833027    0.89573    0.05880    0.04612    5    478.2   3038.6     diag
    7      0.120D-03      0.761D-04      -248.05432835    646.818386    0.87617    0.05758    0.04511    6    466.5   3505.0     diag
    8      0.478D-04      0.523D-05      -248.05432881    646.835454    0.87618    0.05765    0.04517    7    448.8   3953.8     diag
    9      0.655D-05      0.456D-06      -248.05432881    646.835643    0.87658    0.05752    0.04512    8    424.3   4378.1     diag
   10      0.106D-05      0.472D-06      -248.05432880    646.835602    0.87626    0.05791    0.04523    0    416.6   4794.7     orth

 Final occupancy:  21

 !RKS STATE  1.1 Energy              -248.054328797037
 Nuclear energy                       206.25955836
 One-electron energy                 -742.15589222
 Two-electron energy                  323.41780122
 Density functional                   -35.57579616     PBEX=-34.19274878 PBEC= -1.38304738
 Virial quotient                       -1.00569378
 !RKS STATE  1.1 Dipole moment          0.87625704     0.05790774     0.04522936
 Dipole moment /Debye                   2.22707737     0.14717716     0.11495405

 Orbital energies:

         1.1          2.1          3.1          4.1          5.1          6.1          7.1          8.1          9.1         10.1
    -13.988968    -9.923275    -9.923135    -9.911710    -9.903066    -9.902837    -0.865475    -0.737686    -0.696164    -0.574319

        11.1         12.1         13.1         14.1         15.1         16.1         17.1         18.1         19.1         20.1
     -0.572996    -0.482243    -0.436176    -0.423881    -0.385408    -0.365585    -0.361925    -0.323807    -0.269020    -0.246619

        21.1         22.1         23.1
     -0.218439    -0.069262    -0.055595


 HOMO     21.1    -0.218439 =      -5.9440eV
 LUMO     22.1    -0.069262 =      -1.8847eV
 LUMO-HOMO         0.149178 =       4.0593eV


 **********************************************************************************************************************************
 DATASETS  * FILE   NREC   LENGTH (MB)   RECORD NAMES
              1      19       53.97       500      610      700      900      950      970     1000      129      960     1100   
                                          VAR    BASINP    GEOM    SYMINP    ZMAT    AOBASIS   BASIS     P2S    ABASIS      S 
                                         1400     1410     1200     1210     1080     1600     1650     1700     1800   
                                           T        V       H0       H01     AOSYM     SMH    MOLCAS    OPER     GRID   

              2       7       73.17       700     1000      520     1800     2101     2201     2301   
                                         GEOM     BASIS   MCVARS    GRID      RKS      RKS      RKS  

 PROGRAMS   *        TOTAL   RKS-SCF       INT   RKS-SCF       INT   RKS-SCF       INT
 CPU TIMES  *     16073.27   4796.94      1.10   5028.99      1.10   6243.37      1.55
 REAL TIME  *     16108.16 SEC
 DISK USED  *       171.43 MB (local),      685.71 MB (total)
 SF USED    *         7.79 MB
 GA USED    *         7.98 MB       (max)       7.98 MB       (current)
 **********************************************************************************************************************************
 SETTING EB_PBE         =      -248.05432880  AU                              
 SETTING E_AB_INT       =        -0.00053616  AU                              

 *** results in hartree
 E_AB_INT         =        -0.00053616 AU
 Molecular orbitals read from record     2301.2  Type=RKS/CANONICAL (state 1.1)
 Occupation numbers read from record     2301.2  Type=RKS/RHF (state 1.1)
 Orbital energies read from record       2301.2  Type=RKS/CANONICAL (state 1.1)
 Redundancy group numbers read from rec  2301.2  Type=RKS/RHF (state 1.1)

 RPBE/aug-cc-pVTZ energy=   -248.054328797037

         RKS-SCF         RKS-SCF         RKS-SCF
   -248.05432880   -232.01689310   -480.07175806
 **********************************************************************************************************************************
 Molpro calculation terminated
