
 Primary working directories    : /scratch/sirous/44951/molpro.dCk1XGOZ2t
 Secondary working directories  : /scratch/sirous/44951/molpro.dCk1XGOZ2t
 Wavefunction directory         : /scratch/sirous/44951/
 Main file repository           : /scratch/sirous/44951/molpro.dCk1XGOZ2t/

 id        : karlovklimes

 Nodes                      nprocs
 nc-12.cc.karlov.mff.cuni.cz    4

 Using customized tuning parameters: mindgm=1; mindgv=20; mindgc=4; mindgr=1; noblas=0; minvec=7
 default implementation of scratch files=sf  


 Variables initialized (934), CPU time= 0.00 sec
 ***,CH3C6H4CN+CF3CN+BF3
 memory,500,m
 gdirect
 gthresh,energy=1.d-8,twoint=1.d-19,oneint=1.d-19,zero=1.d-15,orbital=1.d-8,grid=1.d-8
 symmetry,nosym
 geomtyp=xyz
                                                                                 ! Geometry
 geometry={
 N1        -0.893451216    -0.043844322     -0.042997455
 H1        0.096948261    -0.256059448     -0.071069928
 H2        -1.368438791    -0.933390652     0.033837726
 C1        -1.175782475    0.757907695     1.145237192
 H3        -2.241626604    0.97221601     1.195024643
 H4        -0.880789552    0.304246738     2.097209096
 H5        -0.663005722    1.714329397     1.060809164
 O1        6.847191501825489    0.38758781182180185     0.2341016518803498
 H6        7.129217620825489    0.7575365768218019     -0.6057624281196503
 C2        7.23310534982549    1.299172072821802     1.25353781388035
 H7        6.909922300825489    0.8695393998218018     2.1966043578803496
 H8        8.314160587825489    1.4382555418218017     1.2925777808803498
 H9        6.754630787825489    2.272769917821802     1.1383612788803499
 }
 
 
 
 basis=avqz
 
 
 
                                                                                 ! Dimer Calculation
 {rks,pbe,accu=1.d-8;orbital,2101.2}
 eab_PBE=energy
 
 
                                                                                 !monomer A
 dummy,8,9,10,11,12,13;                                                          ! NOW MONOMER B IS DUMMY
 {rks,pbe,accu=1.d-8;orbital,2201.2}
 ea_PBE=energy
                                                                                 !monomer B
 dummy,1,2,3,4,5,6,7;                                                            !NOW MONOMER A IS DUMMY
 {rks,pbe,accu=1.d-8;orbital,2301.2}
 eb_PBE=energy
 
 E_AB_int=eab_PBE-ea_PBE-eb_PBE
 
 
 text,results in hartree
 show,E_AB_int
 
 Commands  initialized (763), CPU time= 0.01 sec, 617 directives.
 Default parameters read. Elapsed time= 0.21 sec

 Checking input...
 Passed
1


                                         ***  PROGRAM SYSTEM MOLPRO  ***
                                       Copyright, TTI GmbH Stuttgart, 2015
                                    Version 2019.2 linked Jun  8 2019 11:26:33


 **********************************************************************************************************************************
 LABEL *   CH3C6H4CN+CF3CN+BF3                                                           
  64 bit mpp version                                                                     DATE: 16-Oct-19          TIME: 00:24:15  
 **********************************************************************************************************************************

 SHA1:             8135a10abc80eafa5b3ae28ffc55be4890dc4c84
 **********************************************************************************************************************************

 THRESHOLDS:

 ZERO    =  1.00D-15  ONEINT  =  1.00D-19  TWOINT  =  1.00D-19  PREFAC  =  1.00D-14  XXXXXX  =  1.00D-09  EORDER  =  1.00D-04
 ENERGY  =  1.00D-08  ETEST   =  0.00D+00  EDENS   =  0.00D+00  THRDEDEF=  1.00D-06  GRADIENT=  1.00D-02  STEP    =  1.00D-03
 ORBITAL =  1.00D-08  CIVEC   =  1.00D-05  COEFF   =  1.00D-04  PRINTCI =  5.00D-02  PUNCHCI =  9.90D+01  OPTGRAD =  3.00D-04
 OPTENERG=  1.00D-06  OPTSTEP =  3.00D-04  THRGRAD =  1.00D-10  COMPRESS=  1.00D-11  VARMIN  =  1.00D-07  VARMAX  =  1.00D-03
 THRDOUB =  0.00D+00  THRDIV  =  1.00D-05  THRRED  =  1.00D-07  THRPSP  =  1.00D+00  THRDC   =  1.00D-10  THRCS   =  1.00D-10
 THRNRM  =  1.00D-08  THREQ   =  0.00D+00  THRDE   =  1.00D+00  THRREF  =  1.00D-05  SPARFAC =  1.00D+00  THRDLP  =  1.00D-07
 THRDIA  =  1.00D-10  THRDLS  =  1.00D-07  THRGPS  =  0.00D+00  THRKEX  =  0.00D+00  THRDIS  =  2.00D-01  THRVAR  =  1.00D-10
 THRLOC  =  1.00D-06  THRGAP  =  1.00D-06  THRLOCT = -1.00D+00  THRGAPT = -1.00D+00  THRORB  =  1.00D-06  THRMLTP =  0.00D+00
 THRCPQCI=  1.00D-10  KEXTA   =  0.00D+00  THRCOARS=  0.00D+00  SYMTOL  =  1.00D-06  GRADTOL =  1.00D-06  THROVL  =  1.00D-08
 THRORTH =  1.00D-08  GRID    =  1.00D-08  GRIDMAX =  1.00D-03  DTMAX   =  0.00D+00  THROCCDE=  1.00D-01  THROCCDE=  1.00D-01
 THRPRINT=  2.50D-01


 Variable memory set to  500000000 words,  buffer space 

 SETTING GEOMTYP        =    XYZ
 ZSYMEL=NOSYM

 SETTING BASIS          =    AVQZ


 Recomputing integrals since basis changed


 Using spherical harmonics

 Library entry N      S aug-cc-pVQZ          selected for orbital group  1
 Library entry N      P aug-cc-pVQZ          selected for orbital group  1
 Library entry N      D aug-cc-pVQZ          selected for orbital group  1
 Library entry N      F aug-cc-pVQZ          selected for orbital group  1
 Library entry N      G aug-cc-pVQZ          selected for orbital group  1
 Library entry H      S aug-cc-pVQZ          selected for orbital group  2
 Library entry H      P aug-cc-pVQZ          selected for orbital group  2
 Library entry H      D aug-cc-pVQZ          selected for orbital group  2
 Library entry H      F aug-cc-pVQZ          selected for orbital group  2
 Library entry C      S aug-cc-pVQZ          selected for orbital group  3
 Library entry C      P aug-cc-pVQZ          selected for orbital group  3
 Library entry C      D aug-cc-pVQZ          selected for orbital group  3
 Library entry C      F aug-cc-pVQZ          selected for orbital group  3
 Library entry C      G aug-cc-pVQZ          selected for orbital group  3
 Library entry O      S aug-cc-pVQZ          selected for orbital group  5
 Library entry O      P aug-cc-pVQZ          selected for orbital group  5
 Library entry O      D aug-cc-pVQZ          selected for orbital group  5
 Library entry O      F aug-cc-pVQZ          selected for orbital group  5
 Library entry O      G aug-cc-pVQZ          selected for orbital group  5


 PROGRAM * SEWARD (Integral evaluation for generally contracted gaussian basis sets)     Author: Roland Lindh, 1990

 Geometry written to block  1 of record 700


 Point group  C1  



 ATOMIC COORDINATES

 NR  ATOM    CHARGE       X              Y              Z

   1  N1      7.00   -1.688378104   -0.082853761   -0.081253414
   2  H1      1.00    0.183205662   -0.483882228   -0.134302700
   3  H2      1.00   -2.585974533   -1.763852700    0.063944035
   4  C1      6.00   -2.221906860    1.432237971    2.164184641
   5  H3      1.00   -4.236060355    1.837221993    2.258269287
   6  H4      1.00   -1.664451027    0.574943009    3.963150817
   7  H5      1.00   -1.252899234    3.239613048    2.004638790
   8  O1      8.00   12.939316661    0.732434814    0.442388007
   9  H6      1.00   13.472268786    1.431536660   -1.144725086
  10  C2      6.00   13.668588141    2.455079406    2.368843155
  11  H7      1.00   13.057860691    1.643191320    4.150980640
  12  H8      1.00   15.711486467    2.717909071    2.442618001
  13  H9      1.00   12.764402262    4.294912689    2.151191048

 Bond lengths in Bohr (Angstrom)

 1-2  1.914801256  1-3  1.911156477  1-4  2.760823780  4-5  2.056618166  4-6  2.069297215
     ( 1.013269188)     ( 1.011340454)     ( 1.460965028)     ( 1.088315465)     ( 1.095024929)

  4- 7  2.056948061   8- 9  1.814306845   8-10  2.685250588  10-11  2.051381071  10-12  2.061056944
       ( 1.088490038)       ( 0.960089836)       ( 1.420973417)       ( 1.085544114)       ( 1.090664365)

 10-13  2.061531240
       ( 1.090915352)

 Bond angles

  1-4-5  109.54406630   1-4-6  115.31871981   1-4-7  109.15197351   2-1-3  106.07836560

  2-1-4  109.04774565   3-1-4  109.27730370   5-4-6  107.79679290   5-4-7  106.97091569

  6- 4- 7  107.73101270   8-10-11  106.76853257   8-10-12  112.12813207   8-10-13  112.18950395

  9- 8-10  107.49423238  11-10-12  108.32856605  11-10-13  108.32203168  12-10-13  108.94776656

 NUCLEAR CHARGE:                   36
 NUMBER OF PRIMITIVE AOS:         985
 NUMBER OF SYMMETRY AOS:          804
 NUMBER OF CONTRACTIONS:          734   (  734A   )
 NUMBER OF CORE ORBITALS:           4   (    4A   )
 NUMBER OF VALENCE ORBITALS:       25   (   25A   )


 NUCLEAR REPULSION ENERGY  103.43521945


 Eigenvalues of metric

         1 0.103E-04 0.152E-04 0.236E-04 0.240E-04 0.281E-04 0.325E-04 0.327E-04 0.397E-04


 OPERATOR DM      FOR CENTER  0  COORDINATES:    0.000000    0.000000    0.000000


 **********************************************************************************************************************************
 DATASETS  * FILE   NREC   LENGTH (MB)   RECORD NAMES
              1      18       49.81       500      610      700      900      950      970     1000      129      960     1100   
                                          VAR    BASINP    GEOM    SYMINP    ZMAT    AOBASIS   BASIS     P2S    ABASIS      S 
                                         1400     1410     1200     1210     1080     1600     1650     1700   
                                           T        V       H0       H01     AOSYM     SMH    MOLCAS    OPER   

 PROGRAMS   *        TOTAL       INT
 CPU TIMES  *         1.28      1.10
 REAL TIME  *         2.68 SEC
 DISK USED  *        50.52 MB (local),      202.07 MB (total)
 GA USED    *         0.00 MB       (max)       0.00 MB       (current)
 **********************************************************************************************************************************

 Density functional group PBE=PBEX+PBEC
 Functional: PBEX(Automatically generated (new) PBEX)                          Gradient terms: 1
 Functional: PBEC(Automatically generated (new) PBEC)                          Gradient terms: 1
 Use libxcgrid:  F
 Use grid at  1800.2

 Functional: PBEX                      Factor:  1.0000
 Functional: PBEC                      Factor:  1.0000

 Generated new metagrid on record  1800.2 with target accuracy 1.0D-08 and 111322 points in CPU time    0.3
 Computed new grid on record 1800.1 in CPU time    0.4
  590413 words reserved for DFT integration

 PROGRAM * RKS-SCF (Restricted closed shell Kohn-Sham)     Authors: W. Meyer, H.-J. Werner, P.J. Knowles, 1993

 NUMBER OF ELECTRONS:      18+   18-    SPACE SYMMETRY=1    SPIN SYMMETRY: Singlet 
 CONVERGENCE THRESHOLDS:    1.00E-04 (Density)    1.00E-08 (Energy)
 INTEGRAL THRESHOLDS:       1.00E-11 (Initial)    1.00E-11 (Final)
 MAX. NUMBER OF ITERATIONS:       60
 INTERPOLATION TYPE:            DIIS
 INTERPOLATION STEPS:              2 (START)      1 (STEP)
 LEVEL SHIFTS:                  0.00 (CLOSED)  0.00 (OPEN) 



 Use fine grid record 1800.2 for energy threshold  1.0D-08
 Orbital guess generated from atomic densities. Full valence occupancy:   29

 Molecular orbital dump at record        2101.2

 Initial occupancy:  18

 Direct Fock-matrix evaluation.        Authors: Roland Lindh & Martin Schuetz (1993/96)

 Integral Threshold:                  0.1D-10
 Threshold for writing integrals:     0.1D-06
 Prescreening on density matrix:        ON 
 Calculation will be performed fully direct        

 ITERATION   DDIFF            GRAD            ENERGY        2-EL.EN.            DIPOLE MOMENTS         DIIS   CPU(IT)  CPU(TOT)
    1      0.000D+00      0.000D+00      -211.17416805    425.411401    0.74524    0.37343    0.44205    0    185.9    197.2     start
    2      0.000D+00      0.444D-02      -210.59447791    383.286224   -0.21941    0.04893   -0.04541    1    186.6    383.8     diag
    3      0.718D-02      0.829D-02      -211.40116286    411.534222    0.52856    0.37883    0.45731    2    185.4    569.2     diag
    4      0.515D-02      0.107D-02      -211.41117091    410.955090    0.46032    0.22297    0.28246    3    171.6    740.8     diag
    5      0.706D-03      0.418D-03      -211.41288282    410.614935    0.46907    0.26916    0.29493    4    166.2    907.0     diag
    6      0.240D-03      0.101D-03      -211.41295443    410.635281    0.46499    0.25628    0.31065    5    159.3   1066.3     diag
    7      0.626D-04      0.543D-04      -211.41298247    410.660441    0.46714    0.26286    0.30626    6    153.1   1219.4     diag
    8      0.266D-04      0.628D-05      -211.41298288    410.672890    0.46751    0.26295    0.30712    7    143.3   1362.8     diag
    9      0.390D-05      0.151D-05      -211.41298291    410.672594    0.46746    0.26277    0.30702    8    130.3   1493.0     diag
   10      0.121D-05      0.537D-06      -211.41298290    410.671890    0.46742    0.26279    0.30693    0    127.2   1620.3     orth

 Final occupancy:  18

 !RKS STATE  1.1 Energy              -211.412982900905
 Nuclear energy                       103.43521945
 One-electron energy                 -490.73967106
 Two-electron energy                  205.33594512
 Density functional                   -29.44447642     PBEX=-28.29077252 PBEC= -1.15370390
 Virial quotient                       -1.00400999
 !RKS STATE  1.1 Dipole moment          0.46742475     0.26279411     0.30692778
 Dipole moment /Debye                   1.18799740     0.66791224     0.78008150

 Orbital energies:

         1.1          2.1          3.1          4.1          5.1          6.1          7.1          8.1          9.1         10.1
    -18.751609   -13.962111    -9.921089    -9.892617    -0.937636    -0.799740    -0.621529    -0.594530    -0.461808    -0.440310

        11.1         12.1         13.1         14.1         15.1         16.1         17.1         18.1         19.1         20.1
     -0.393674    -0.393444    -0.382402    -0.356305    -0.321894    -0.296772    -0.232903    -0.199503    -0.026359    -0.019361


 HOMO     18.1    -0.199503 =      -5.4288eV
 LUMO     19.1    -0.026359 =      -0.7173eV
 LUMO-HOMO         0.173144 =       4.7115eV


 **********************************************************************************************************************************
 DATASETS  * FILE   NREC   LENGTH (MB)   RECORD NAMES
              1      19       49.81       500      610      700      900      950      970     1000      129      960     1100   
                                          VAR    BASINP    GEOM    SYMINP    ZMAT    AOBASIS   BASIS     P2S    ABASIS      S 
                                         1400     1410     1200     1210     1080     1600     1650     1700     1800   
                                           T        V       H0       H01     AOSYM     SMH    MOLCAS    OPER     GRID   

              2       5       13.88       700     1000      520     1800     2101   
                                         GEOM     BASIS   MCVARS    GRID      RKS  

 PROGRAMS   *        TOTAL   RKS-SCF       INT
 CPU TIMES  *      1622.87   1621.59      1.10
 REAL TIME  *      1629.78 SEC
 DISK USED  *       100.53 MB (local),      402.14 MB (total)
 SF USED    *         6.47 MB
 GA USED    *         3.63 MB       (max)       3.63 MB       (current)
 **********************************************************************************************************************************
 SETTING EAB_PBE        =      -211.41298290  AU                              

 Dummy atoms: O1  H6  C2  H7  H8  H9


 Recomputing one-electron integrals since nuclear charges changed


 PROGRAM * SEWARD (Integral evaluation for generally contracted gaussian basis sets)     Author: Roland Lindh, 1990

 Geometry written to block  1 of record 700


 Point group  C1  



 ATOMIC COORDINATES

 NR  ATOM    CHARGE       X              Y              Z

   1  N1      7.00   -1.688378104   -0.082853761   -0.081253414
   2  H1      1.00    0.183205662   -0.483882228   -0.134302700
   3  H2      1.00   -2.585974533   -1.763852700    0.063944035
   4  C1      6.00   -2.221906860    1.432237971    2.164184641
   5  H3      1.00   -4.236060355    1.837221993    2.258269287
   6  H4      1.00   -1.664451027    0.574943009    3.963150817
   7  H5      1.00   -1.252899234    3.239613048    2.004638790
   8  O1      0.00   12.939316661    0.732434814    0.442388007
   9  H6      0.00   13.472268786    1.431536660   -1.144725086
  10  C2      0.00   13.668588141    2.455079406    2.368843155
  11  H7      0.00   13.057860691    1.643191320    4.150980640
  12  H8      0.00   15.711486467    2.717909071    2.442618001
  13  H9      0.00   12.764402262    4.294912689    2.151191048

 Bond lengths in Bohr (Angstrom)

 1-2  1.914801256  1-3  1.911156477  1-4  2.760823780  4-5  2.056618166  4-6  2.069297215
     ( 1.013269188)     ( 1.011340454)     ( 1.460965028)     ( 1.088315465)     ( 1.095024929)

  4- 7  2.056948061   8- 9  1.814306845   8-10  2.685250588  10-11  2.051381071  10-12  2.061056944
       ( 1.088490038)       ( 0.960089836)       ( 1.420973417)       ( 1.085544114)       ( 1.090664365)

 10-13  2.061531240
       ( 1.090915352)

 Bond angles

  1-4-5  109.54406630   1-4-6  115.31871981   1-4-7  109.15197351   2-1-3  106.07836560

  2-1-4  109.04774565   3-1-4  109.27730370   5-4-6  107.79679290   5-4-7  106.97091569

  6- 4- 7  107.73101270   8-10-11  106.76853257   8-10-12  112.12813207   8-10-13  112.18950395

  9- 8-10  107.49423238  11-10-12  108.32856605  11-10-13  108.32203168  12-10-13  108.94776656

 NUCLEAR CHARGE:                   18
 NUMBER OF PRIMITIVE AOS:         985
 NUMBER OF SYMMETRY AOS:          804
 NUMBER OF CONTRACTIONS:          734   (  734A   )
 NUMBER OF CORE ORBITALS:           2   (    2A   )
 NUMBER OF VALENCE ORBITALS:       13   (   13A   )

 MOLECULE CHANGED: INITIALIZING OCCUPATION AND DUMP RECORDS


 NUCLEAR REPULSION ENERGY   42.10593244


 Eigenvalues of metric

         1 0.103E-04 0.152E-04 0.236E-04 0.240E-04 0.281E-04 0.325E-04 0.327E-04 0.397E-04


 OPERATOR DM      FOR CENTER  0  COORDINATES:    0.000000    0.000000    0.000000


 **********************************************************************************************************************************
 DATASETS  * FILE   NREC   LENGTH (MB)   RECORD NAMES
              1      19       49.81       500      610      700      900      950      970     1000      129      960     1100   
                                          VAR    BASINP    GEOM    SYMINP    ZMAT    AOBASIS   BASIS     P2S    ABASIS      S 
                                         1400     1410     1200     1210     1080     1600     1650     1700     1800   
                                           T        V       H0       H01     AOSYM     SMH    MOLCAS    OPER     GRID   

              2       5       13.88       700     1000      520     1800     2101   
                                         GEOM     BASIS   MCVARS    GRID      RKS  

 PROGRAMS   *        TOTAL       INT   RKS-SCF       INT
 CPU TIMES  *      1623.66      0.78   1621.59      1.10
 REAL TIME  *      1630.69 SEC
 DISK USED  *       100.53 MB (local),      402.14 MB (total)
 SF USED    *         6.47 MB
 GA USED    *         3.63 MB       (max)       3.63 MB       (current)
 **********************************************************************************************************************************

 Density functional group PBE=PBEX+PBEC
 Functional: PBEX(Automatically generated (new) PBEX)                          Gradient terms: 1
 Functional: PBEC(Automatically generated (new) PBEC)                          Gradient terms: 1
 Use libxcgrid:  F
 Use grid at  1800.2

 Functional: PBEX                      Factor:  1.0000
 Functional: PBEC                      Factor:  1.0000

 Generated new metagrid on record  1800.2 with target accuracy 1.0D-08 and 111322 points in CPU time    0.3
 Computed new grid on record 1800.1 in CPU time    0.4
  590413 words reserved for DFT integration

 PROGRAM * RKS-SCF (Restricted closed shell Kohn-Sham)     Authors: W. Meyer, H.-J. Werner, P.J. Knowles, 1993

 NUMBER OF ELECTRONS:       9+    9-    SPACE SYMMETRY=1    SPIN SYMMETRY: Singlet 
 CONVERGENCE THRESHOLDS:    1.00E-04 (Density)    1.00E-08 (Energy)
 INTEGRAL THRESHOLDS:       1.00E-11 (Initial)    1.00E-11 (Final)
 MAX. NUMBER OF ITERATIONS:       60
 INTERPOLATION TYPE:            DIIS
 INTERPOLATION STEPS:              2 (START)      1 (STEP)
 LEVEL SHIFTS:                  0.00 (CLOSED)  0.00 (OPEN) 



 Use fine grid record 1800.2 for energy threshold  1.0D-08
 Orbital guess generated from atomic densities. Full valence occupancy:   15

 Molecular orbital dump at record        2201.2

 Initial occupancy:   9

 Direct Fock-matrix evaluation.        Authors: Roland Lindh & Martin Schuetz (1993/96)

 Integral Threshold:                  0.1D-10
 Threshold for writing integrals:     0.1D-06
 Prescreening on density matrix:        ON 
 Calculation will be performed fully direct        

 ITERATION   DDIFF            GRAD            ENERGY        2-EL.EN.            DIPOLE MOMENTS         DIIS   CPU(IT)  CPU(TOT)
    1      0.000D+00      0.000D+00       -95.63658276    183.617795    0.27029   -0.47641    0.64364    0    175.6    185.9     start
    2      0.000D+00      0.463D-02       -95.30169929    161.635049   -0.14715    0.27735   -0.14651    1    181.5    367.4     diag
    3      0.584D-02      0.848D-02       -95.76859833    176.370952    0.16808   -0.27961    0.52047    2    180.2    547.6     diag
    4      0.449D-02      0.939D-03       -95.77253695    176.039233    0.16144   -0.28765    0.38438    3    159.9    707.6     diag
    5      0.488D-03      0.434D-03       -95.77357195    175.861253    0.15790   -0.27662    0.40931    4    152.3    859.9     diag
    6      0.193D-03      0.723D-04       -95.77359975    175.879999    0.15780   -0.27621    0.40939    5    136.0    995.9     diag
    7      0.255D-04      0.735D-05       -95.77360008    175.890541    0.15802   -0.27648    0.41073    6    123.6   1119.5     diag
    8      0.432D-05      0.811D-06       -95.77360009    175.890077    0.15801   -0.27652    0.41028    7    100.0   1219.5     diag
    9      0.479D-06      0.217D-06       -95.77360009    175.889986    0.15802   -0.27652    0.41045    0     87.1   1306.6     orth

 Final occupancy:   9

 !RKS STATE  1.1 Energy               -95.773600085576
 Nuclear energy                        42.10593244
 One-electron energy                 -211.74447007
 Two-electron energy                   87.94499290
 Density functional                   -14.08005535     PBEX=-13.50721660 PBEC= -0.57283875
 Virial quotient                       -1.00430168
 !RKS STATE  1.1 Dipole moment          0.15801885    -0.27651641     0.41045019
 Dipole moment /Debye                   0.40161755    -0.70278859     1.04319200

 Orbital energies:

         1.1          2.1          3.1          4.1          5.1          6.1          7.1          8.1          9.1         10.1
    -13.963939    -9.894108    -0.801542    -0.596149    -0.442123    -0.395369    -0.357912    -0.323493    -0.201256    -0.022443

        11.1
      0.001588


 HOMO      9.1    -0.201256 =      -5.4764eV
 LUMO     10.1    -0.022443 =      -0.6107eV
 LUMO-HOMO         0.178813 =       4.8657eV


 **********************************************************************************************************************************
 DATASETS  * FILE   NREC   LENGTH (MB)   RECORD NAMES
              1      19       49.81       500      610      700      900      950      970     1000      129      960     1100   
                                          VAR    BASINP    GEOM    SYMINP    ZMAT    AOBASIS   BASIS     P2S    ABASIS      S 
                                         1400     1410     1200     1210     1080     1600     1650     1700     1800   
                                           T        V       H0       H01     AOSYM     SMH    MOLCAS    OPER     GRID   

              2       6       37.96       700     1000      520     1800     2101     2201   
                                         GEOM     BASIS   MCVARS    GRID      RKS      RKS  

 PROGRAMS   *        TOTAL   RKS-SCF       INT   RKS-SCF       INT
 CPU TIMES  *      2931.55   1307.89      0.78   1621.59      1.10
 REAL TIME  *      2942.14 SEC
 DISK USED  *       122.46 MB (local),      489.83 MB (total)
 SF USED    *         6.47 MB
 GA USED    *         3.63 MB       (max)       3.63 MB       (current)
 **********************************************************************************************************************************
 SETTING EA_PBE         =       -95.77360009  AU                              

 Dummy atoms: N1  H1  H2  C1  H3  H4  H5


 Recomputing one-electron integrals since nuclear charges changed


 PROGRAM * SEWARD (Integral evaluation for generally contracted gaussian basis sets)     Author: Roland Lindh, 1990

 Geometry written to block  1 of record 700


 Point group  C1  



 ATOMIC COORDINATES

 NR  ATOM    CHARGE       X              Y              Z

   1  N1      0.00   -1.688378104   -0.082853761   -0.081253414
   2  H1      0.00    0.183205662   -0.483882228   -0.134302700
   3  H2      0.00   -2.585974533   -1.763852700    0.063944035
   4  C1      0.00   -2.221906860    1.432237971    2.164184641
   5  H3      0.00   -4.236060355    1.837221993    2.258269287
   6  H4      0.00   -1.664451027    0.574943009    3.963150817
   7  H5      0.00   -1.252899234    3.239613048    2.004638790
   8  O1      8.00   12.939316661    0.732434814    0.442388007
   9  H6      1.00   13.472268786    1.431536660   -1.144725086
  10  C2      6.00   13.668588141    2.455079406    2.368843155
  11  H7      1.00   13.057860691    1.643191320    4.150980640
  12  H8      1.00   15.711486467    2.717909071    2.442618001
  13  H9      1.00   12.764402262    4.294912689    2.151191048

 Bond lengths in Bohr (Angstrom)

 1-2  1.914801256  1-3  1.911156477  1-4  2.760823780  4-5  2.056618166  4-6  2.069297215
     ( 1.013269188)     ( 1.011340454)     ( 1.460965028)     ( 1.088315465)     ( 1.095024929)

  4- 7  2.056948061   8- 9  1.814306845   8-10  2.685250588  10-11  2.051381071  10-12  2.061056944
       ( 1.088490038)       ( 0.960089836)       ( 1.420973417)       ( 1.085544114)       ( 1.090664365)

 10-13  2.061531240
       ( 1.090915352)

 Bond angles

  1-4-5  109.54406630   1-4-6  115.31871981   1-4-7  109.15197351   2-1-3  106.07836560

  2-1-4  109.04774565   3-1-4  109.27730370   5-4-6  107.79679290   5-4-7  106.97091569

  6- 4- 7  107.73101270   8-10-11  106.76853257   8-10-12  112.12813207   8-10-13  112.18950395

  9- 8-10  107.49423238  11-10-12  108.32856605  11-10-13  108.32203168  12-10-13  108.94776656

 NUCLEAR CHARGE:                   18
 NUMBER OF PRIMITIVE AOS:         985
 NUMBER OF SYMMETRY AOS:          804
 NUMBER OF CONTRACTIONS:          734   (  734A   )
 NUMBER OF CORE ORBITALS:           2   (    2A   )
 NUMBER OF VALENCE ORBITALS:       12   (   12A   )

 MOLECULE CHANGED: INITIALIZING OCCUPATION AND DUMP RECORDS


 NUCLEAR REPULSION ENERGY   40.34710778


 Eigenvalues of metric

         1 0.103E-04 0.152E-04 0.236E-04 0.240E-04 0.281E-04 0.325E-04 0.327E-04 0.397E-04


 OPERATOR DM      FOR CENTER  0  COORDINATES:    0.000000    0.000000    0.000000


 **********************************************************************************************************************************
 DATASETS  * FILE   NREC   LENGTH (MB)   RECORD NAMES
              1      19       49.81       500      610      700      900      950      970     1000      129      960     1100   
                                          VAR    BASINP    GEOM    SYMINP    ZMAT    AOBASIS   BASIS     P2S    ABASIS      S 
                                         1400     1410     1200     1210     1080     1600     1650     1700     1800   
                                           T        V       H0       H01     AOSYM     SMH    MOLCAS    OPER     GRID   

              2       6       37.96       700     1000      520     1800     2101     2201   
                                         GEOM     BASIS   MCVARS    GRID      RKS      RKS  

 PROGRAMS   *        TOTAL       INT   RKS-SCF       INT   RKS-SCF       INT
 CPU TIMES  *      2932.30      0.74   1307.89      0.78   1621.59      1.10
 REAL TIME  *      2943.01 SEC
 DISK USED  *       122.46 MB (local),      489.83 MB (total)
 SF USED    *         6.47 MB
 GA USED    *         3.63 MB       (max)       3.63 MB       (current)
 **********************************************************************************************************************************

 Density functional group PBE=PBEX+PBEC
 Functional: PBEX(Automatically generated (new) PBEX)                          Gradient terms: 1
 Functional: PBEC(Automatically generated (new) PBEC)                          Gradient terms: 1
 Use libxcgrid:  F
 Use grid at  1800.2

 Functional: PBEX                      Factor:  1.0000
 Functional: PBEC                      Factor:  1.0000

 Generated new metagrid on record  1800.2 with target accuracy 1.0D-08 and 111322 points in CPU time    0.3
 Computed new grid on record 1800.1 in CPU time    0.4
  590413 words reserved for DFT integration

 PROGRAM * RKS-SCF (Restricted closed shell Kohn-Sham)     Authors: W. Meyer, H.-J. Werner, P.J. Knowles, 1993

 NUMBER OF ELECTRONS:       9+    9-    SPACE SYMMETRY=1    SPIN SYMMETRY: Singlet 
 CONVERGENCE THRESHOLDS:    1.00E-04 (Density)    1.00E-08 (Energy)
 INTEGRAL THRESHOLDS:       1.00E-11 (Initial)    1.00E-11 (Final)
 MAX. NUMBER OF ITERATIONS:       60
 INTERPOLATION TYPE:            DIIS
 INTERPOLATION STEPS:              2 (START)      1 (STEP)
 LEVEL SHIFTS:                  0.00 (CLOSED)  0.00 (OPEN) 



 Use fine grid record 1800.2 for energy threshold  1.0D-08
 Orbital guess generated from atomic densities. Full valence occupancy:   14

 Molecular orbital dump at record        2301.2

 Initial occupancy:   9

 Direct Fock-matrix evaluation.        Authors: Roland Lindh & Martin Schuetz (1993/96)

 Integral Threshold:                  0.1D-10
 Threshold for writing integrals:     0.1D-06
 Prescreening on density matrix:        ON 
 Calculation will be performed fully direct        

 ITERATION   DDIFF            GRAD            ENERGY        2-EL.EN.            DIPOLE MOMENTS         DIIS   CPU(IT)  CPU(TOT)
    1      0.000D+00      0.000D+00      -115.53729009    199.784054    0.47495    0.84984   -0.20159    0    172.0    182.1     start
    2      0.000D+00      0.418D-02      -115.29058233    179.698702   -0.11973   -0.21084    0.09681    1    177.5    359.5     diag
    3      0.426D-02      0.800D-02      -115.63250170    193.144407    0.34963    0.64344   -0.05158    2    177.0    536.6     diag
    4      0.266D-02      0.114D-02      -115.63860600    192.924689    0.29596    0.53149   -0.11345    3    157.2    693.7     diag
    5      0.508D-03      0.353D-03      -115.63923364    192.749931    0.29866    0.53836   -0.10387    4    148.9    842.7     diag
    6      0.144D-03      0.591D-04      -115.63925049    192.780830    0.29940    0.54018   -0.10138    5    133.9    976.6     diag
    7      0.179D-04      0.825D-05      -115.63925084    192.792254    0.30010    0.54144   -0.10164    6    115.9   1092.4     diag
    8      0.309D-05      0.671D-06      -115.63925084    192.792152    0.29996    0.54120   -0.10156    7     86.8   1179.2     diag
    9      0.403D-06      0.185D-06      -115.63925084    192.792026    0.30001    0.54129   -0.10162    0     76.1   1255.3     orth

 Final occupancy:   9

 !RKS STATE  1.1 Energy              -115.639250841975
 Nuclear energy                        40.34710778
 One-electron energy                 -237.01794273
 Two-electron energy                   96.39601294
 Density functional                   -15.36442883     PBEX=-14.78356500 PBEC= -0.58086383
 Virial quotient                       -1.00376358
 !RKS STATE  1.1 Dipole moment          0.30001279     0.54128701    -0.10161543
 Dipole moment /Debye                   0.76250650     1.37572423    -0.25826374

 Orbital energies:

         1.1          2.1          3.1          4.1          5.1          6.1          7.1          8.1          9.1         10.1
    -18.750576    -9.920202    -0.936625    -0.620567    -0.460837    -0.392499    -0.381378    -0.295735    -0.231881    -0.024491

        11.1
     -0.001916


 HOMO      9.1    -0.231881 =      -6.3098eV
 LUMO     10.1    -0.024491 =      -0.6664eV
 LUMO-HOMO         0.207391 =       5.6434eV


 **********************************************************************************************************************************
 DATASETS  * FILE   NREC   LENGTH (MB)   RECORD NAMES
              1      19       49.81       500      610      700      900      950      970     1000      129      960     1100   
                                          VAR    BASINP    GEOM    SYMINP    ZMAT    AOBASIS   BASIS     P2S    ABASIS      S 
                                         1400     1410     1200     1210     1080     1600     1650     1700     1800   
                                           T        V       H0       H01     AOSYM     SMH    MOLCAS    OPER     GRID   

              2       7       62.04       700     1000      520     1800     2101     2201     2301   
                                         GEOM     BASIS   MCVARS    GRID      RKS      RKS      RKS  

 PROGRAMS   *        TOTAL   RKS-SCF       INT   RKS-SCF       INT   RKS-SCF       INT
 CPU TIMES  *      4188.89   1256.59      0.74   1307.89      0.78   1621.59      1.10
 REAL TIME  *      4203.19 SEC
 DISK USED  *       146.54 MB (local),      586.16 MB (total)
 SF USED    *         6.47 MB
 GA USED    *         3.63 MB       (max)       3.63 MB       (current)
 **********************************************************************************************************************************
 SETTING EB_PBE         =      -115.63925084  AU                              
 SETTING E_AB_INT       =        -0.00013197  AU                              

 *** results in hartree
 E_AB_INT         =        -0.00013197 AU
 Molecular orbitals read from record     2301.2  Type=RKS/CANONICAL (state 1.1)
 Occupation numbers read from record     2301.2  Type=RKS/RHF (state 1.1)
 Orbital energies read from record       2301.2  Type=RKS/CANONICAL (state 1.1)
 Redundancy group numbers read from rec  2301.2  Type=RKS/RHF (state 1.1)

 RPBE/aug-cc-pVQZ energy=   -115.639250841975

         RKS-SCF         RKS-SCF         RKS-SCF
   -115.63925084    -95.77360009   -211.41298290
 **********************************************************************************************************************************
 Molpro calculation terminated
