
 Primary working directories    : /scratch/sirous/50577/molpro.AqHDrNeb0V
 Secondary working directories  : /scratch/sirous/50577/molpro.AqHDrNeb0V
 Wavefunction directory         : /scratch/sirous/50577/
 Main file repository           : /scratch/sirous/50577/molpro.AqHDrNeb0V/

 id        : karlovklimes

 Nodes                      nprocs
 nc-18.cc.karlov.mff.cuni.cz    4

 Using customized tuning parameters: mindgm=1; mindgv=20; mindgc=4; mindgr=1; noblas=0; minvec=7
 default implementation of scratch files=sf  


 Variables initialized (934), CPU time= 0.01 sec
 ***,CH3C6H4CN+CF3CN+BF3
 memory,500,m
 gdirect
 gthresh,energy=1.d-8,twoint=1.d-19,oneint=1.d-19,zero=1.d-15,orbital=1.d-8,grid=1.d-8
 symmetry,nosym
 geomtyp=xyz
                                                                                 ! Geometry
 geometry={
 O1        -0.552831024    -0.10169749     -0.000498788
 H1        -0.871759633    0.801792198     0.0001444
 H2        0.412659497    -0.001832248     -0.00025181
 N1        4.000032052417923    0.17916677144472226     0.0004809952117707735
 C1        4.695938691417923    0.1451959794447223     1.1452288412117708
 H3        4.111266140417923    0.16880692144472226     2.0560968692117707
 C2        6.084962283417924    0.08001354744472228     1.195224905211771
 H4        6.590868664417924    0.055159392444722274     2.149554027211771
 C3        6.796125428417923    0.04688774944472227     0.00031375921177077354
 H5        7.875965379417924    -0.004885803555277735     0.00023333121177077353
 C4        6.084817130417924    0.07994689244472226     -1.1944875377882291
 H6        6.590614077417923    0.05507386544472227     -2.1488861387882294
 C5        4.6957871164179235    0.14514188344472229     -1.1443412777882291
 H7        4.111018233417923    0.16874253844472226     -2.0551338307882294
 }
 
 
 
 basis=avdz
 
 
 
                                                                                 ! Dimer Calculation
 {rks,pbe,accu=1.d-8;orbital,2101.2}
 eab_PBE=energy
 
 
                                                                                 !monomer A
 dummy,4,5,6,7,8,9,10,11,12,13,14;                                               ! NOW MONOMER B IS DUMMY
 {rks,pbe,accu=1.d-8;orbital,2201.2}
 ea_PBE=energy
                                                                                 !monomer B
 dummy,1,2,3;                                                                    !NOW MONOMER A IS DUMMY
 {rks,pbe,accu=1.d-8;orbital,2301.2}
 eb_PBE=energy
 
 E_AB_int=eab_PBE-ea_PBE-eb_PBE
 
 
 text,results in hartree
 show,E_AB_int
 
 Commands  initialized (763), CPU time= 0.02 sec, 617 directives.
 Default parameters read. Elapsed time= 0.22 sec

 Checking input...
 Passed
1


                                         ***  PROGRAM SYSTEM MOLPRO  ***
                                       Copyright, TTI GmbH Stuttgart, 2015
                                    Version 2019.2 linked Jun  8 2019 11:26:33


 **********************************************************************************************************************************
 LABEL *   CH3C6H4CN+CF3CN+BF3                                                           
  64 bit mpp version                                                                     DATE: 17-Oct-19          TIME: 20:34:12  
 **********************************************************************************************************************************

 SHA1:             8135a10abc80eafa5b3ae28ffc55be4890dc4c84
 **********************************************************************************************************************************

 THRESHOLDS:

 ZERO    =  1.00D-15  ONEINT  =  1.00D-19  TWOINT  =  1.00D-19  PREFAC  =  1.00D-14  XXXXXX  =  1.00D-09  EORDER  =  1.00D-04
 ENERGY  =  1.00D-08  ETEST   =  0.00D+00  EDENS   =  0.00D+00  THRDEDEF=  1.00D-06  GRADIENT=  1.00D-02  STEP    =  1.00D-03
 ORBITAL =  1.00D-08  CIVEC   =  1.00D-05  COEFF   =  1.00D-04  PRINTCI =  5.00D-02  PUNCHCI =  9.90D+01  OPTGRAD =  3.00D-04
 OPTENERG=  1.00D-06  OPTSTEP =  3.00D-04  THRGRAD =  1.00D-10  COMPRESS=  1.00D-11  VARMIN  =  1.00D-07  VARMAX  =  1.00D-03
 THRDOUB =  0.00D+00  THRDIV  =  1.00D-05  THRRED  =  1.00D-07  THRPSP  =  1.00D+00  THRDC   =  1.00D-10  THRCS   =  1.00D-10
 THRNRM  =  1.00D-08  THREQ   =  0.00D+00  THRDE   =  1.00D+00  THRREF  =  1.00D-05  SPARFAC =  1.00D+00  THRDLP  =  1.00D-07
 THRDIA  =  1.00D-10  THRDLS  =  1.00D-07  THRGPS  =  0.00D+00  THRKEX  =  0.00D+00  THRDIS  =  2.00D-01  THRVAR  =  1.00D-10
 THRLOC  =  1.00D-06  THRGAP  =  1.00D-06  THRLOCT = -1.00D+00  THRGAPT = -1.00D+00  THRORB  =  1.00D-06  THRMLTP =  0.00D+00
 THRCPQCI=  1.00D-10  KEXTA   =  0.00D+00  THRCOARS=  0.00D+00  SYMTOL  =  1.00D-06  GRADTOL =  1.00D-06  THROVL  =  1.00D-08
 THRORTH =  1.00D-08  GRID    =  1.00D-08  GRIDMAX =  1.00D-03  DTMAX   =  0.00D+00  THROCCDE=  1.00D-01  THROCCDE=  1.00D-01
 THRPRINT=  2.50D-01


 Variable memory set to  500000000 words,  buffer space 

 SETTING GEOMTYP        =    XYZ
 ZSYMEL=NOSYM

 SETTING BASIS          =    AVDZ


 Recomputing integrals since basis changed


 Using spherical harmonics

 Library entry O      S aug-cc-pVDZ          selected for orbital group  1
 Library entry O      P aug-cc-pVDZ          selected for orbital group  1
 Library entry O      D aug-cc-pVDZ          selected for orbital group  1
 Library entry H      S aug-cc-pVDZ          selected for orbital group  2
 Library entry H      P aug-cc-pVDZ          selected for orbital group  2
 Library entry N      S aug-cc-pVDZ          selected for orbital group  3
 Library entry N      P aug-cc-pVDZ          selected for orbital group  3
 Library entry N      D aug-cc-pVDZ          selected for orbital group  3
 Library entry C      S aug-cc-pVDZ          selected for orbital group  4
 Library entry C      P aug-cc-pVDZ          selected for orbital group  4
 Library entry C      D aug-cc-pVDZ          selected for orbital group  4


 PROGRAM * SEWARD (Integral evaluation for generally contracted gaussian basis sets)     Author: Roland Lindh, 1990

 Geometry written to block  1 of record 700


 Point group  C1  



 ATOMIC COORDINATES

 NR  ATOM    CHARGE       X              Y              Z

   1  O1      8.00   -1.044699229   -0.192180404   -0.000942573
   2  H1      1.00   -1.647386953    1.515167663    0.000272876
   3  H2      1.00    0.779813432   -0.003462447   -0.000475852
   4  N1      7.00    7.558965069    0.338576129    0.000908949
   5  C1      6.00    8.874038025    0.274380636    2.164168860
   6  H3      1.00    7.769167031    0.318998849    3.885459968
   7  C2      6.00   11.498912194    0.151203691    2.258647728
   8  H4      1.00   12.454936699    0.104236145    4.062068401
   9  C3      6.00   12.842815768    0.088605005    0.000592919
  10  H5      1.00   14.883417534   -0.009232831    0.000440932
  11  C4      6.00   11.498637895    0.151077731   -2.257254306
  12  H6      1.00   12.454455599    0.104074522   -4.060806275
  13  C5      6.00    8.873751589    0.274278409   -2.162491608
  14  H7      1.00    7.768698554    0.318877183   -3.883640090

 Bond lengths in Bohr (Angstrom)

  1- 2  1.810599732   1- 3  1.834246748   4- 5  2.532435859   4-13  2.532409873   5- 6  2.045867488
       ( 0.958128117)       ( 0.970641578)       ( 1.340107345)       ( 1.340093593)       ( 1.082626451)

  5- 7  2.629460633   7- 8  2.041694132   7- 9  2.628460944   9-10  2.042945871   9-11  2.628419884
       ( 1.391450644)       ( 1.080418006)       ( 1.390921631)       ( 1.081080398)       ( 1.390899903)

 11-12  2.041714107  11-13  2.629484073  13-14  2.045845389
       ( 1.080428576)       ( 1.391463048)       ( 1.082614757)

 Bond angles

  2- 1- 3  103.53746219   4- 5- 6  115.95739315   4- 5- 7  123.38528718   4-13-11  123.38436469

  4-13-14  115.95807109   5- 4-13  117.35464992   5- 7- 8  120.01648183   5- 7- 9  118.72757008

  6- 5- 7  120.65712314   7- 9-10  120.79093470   7- 9-11  118.41925478   8- 7- 9  121.25592330

  9-11-12  121.25539586   9-11-13  118.72873602  10- 9-11  120.78974222  11-13-14  120.65737138

 12-11-13  120.01584553

 NUCLEAR CHARGE:                   52
 NUMBER OF PRIMITIVE AOS:         336
 NUMBER OF SYMMETRY AOS:          322
 NUMBER OF CONTRACTIONS:          224   (  224A   )
 NUMBER OF CORE ORBITALS:           7   (    7A   )
 NUMBER OF VALENCE ORBITALS:       35   (   35A   )


 NUCLEAR REPULSION ENERGY  253.73873220


 Eigenvalues of metric

         1 0.104E-04 0.127E-04 0.296E-04 0.324E-04 0.490E-04 0.548E-04 0.640E-04 0.718E-04


 OPERATOR DM      FOR CENTER  0  COORDINATES:    0.000000    0.000000    0.000000


 **********************************************************************************************************************************
 DATASETS  * FILE   NREC   LENGTH (MB)   RECORD NAMES
              1      18       32.06       500      610      700      900      950      970     1000      129      960     1100   
                                          VAR    BASINP    GEOM    SYMINP    ZMAT    AOBASIS   BASIS     P2S    ABASIS      S 
                                         1400     1410     1200     1210     1080     1600     1650     1700   
                                           T        V       H0       H01     AOSYM     SMH    MOLCAS    OPER   

 PROGRAMS   *        TOTAL       INT
 CPU TIMES  *         0.68      0.49
 REAL TIME  *         2.34 SEC
 DISK USED  *        32.62 MB (local),      130.47 MB (total)
 GA USED    *         0.00 MB       (max)       0.00 MB       (current)
 **********************************************************************************************************************************

 Density functional group PBE=PBEX+PBEC
 Functional: PBEX(Automatically generated (new) PBEX)                          Gradient terms: 1
 Functional: PBEC(Automatically generated (new) PBEC)                          Gradient terms: 1
 Use libxcgrid:  F
 Use grid at  1800.2

 Functional: PBEX                      Factor:  1.0000
 Functional: PBEC                      Factor:  1.0000

 Generated new metagrid on record  1800.2 with target accuracy 1.0D-08 and 150202 points in CPU time    0.4
 Computed new grid on record 1800.1 in CPU time    0.6
  182618 words reserved for DFT integration

 PROGRAM * RKS-SCF (Restricted closed shell Kohn-Sham)     Authors: W. Meyer, H.-J. Werner, P.J. Knowles, 1993

 NUMBER OF ELECTRONS:      26+   26-    SPACE SYMMETRY=1    SPIN SYMMETRY: Singlet 
 CONVERGENCE THRESHOLDS:    1.00E-04 (Density)    1.00E-08 (Energy)
 INTEGRAL THRESHOLDS:       1.00E-11 (Initial)    1.00E-11 (Final)
 MAX. NUMBER OF ITERATIONS:       60
 INTERPOLATION TYPE:            DIIS
 INTERPOLATION STEPS:              2 (START)      1 (STEP)
 LEVEL SHIFTS:                  0.00 (CLOSED)  0.00 (OPEN) 



 Use fine grid record 1800.2 for energy threshold  1.0D-08
 Orbital guess generated from atomic densities. Full valence occupancy:   42

 Molecular orbital dump at record        2101.2

 Initial occupancy:  26

 Direct Fock-matrix evaluation.        Authors: Roland Lindh & Martin Schuetz (1993/96)

 Integral Threshold:                  0.1D-10
 Threshold for writing integrals:     0.1D-06
 Prescreening on density matrix:        ON 
 Calculation will be performed fully direct        

 ITERATION   DDIFF            GRAD            ENERGY        2-EL.EN.            DIPOLE MOMENTS         DIIS   CPU(IT)  CPU(TOT)
    1      0.000D+00      0.000D+00      -324.12263801    834.454793    1.52014    0.87458    0.00075    0      7.5     11.5     start
    2      0.000D+00      0.667D-02      -323.60789793    785.616129    1.37702   -0.35400   -0.00026    1      6.2     17.8     diag
    3      0.467D-01      0.124D-01      -324.34725305    815.322594    1.19239    0.65600    0.00057    2      6.2     23.9     diag
    4      0.227D-01      0.160D-02      -324.35716031    816.957314    1.52283    0.52200    0.00045    3      6.1     30.0     diag
    5      0.496D-02      0.629D-03      -324.35871052    815.872890    1.26509    0.55204    0.00048    4      6.1     36.1     diag
    6      0.133D-02      0.306D-03      -324.35909477    816.049779    1.44231    0.54571    0.00047    5      5.9     42.0     diag
    7      0.543D-03      0.156D-03      -324.35922542    816.018518    1.38204    0.54550    0.00047    6      5.9     47.9     diag
    8      0.184D-03      0.131D-04      -324.35922582    816.037976    1.38323    0.54596    0.00048    7      5.7     53.6     diag
    9      0.422D-04      0.861D-05      -324.35922620    816.038612    1.38282    0.54616    0.00048    8      5.6     59.3     diag
   10      0.166D-04      0.789D-06      -324.35922620    816.039326    1.38306    0.54624    0.00048    9      5.5     64.8     orth
   11      0.220D-05      0.248D-06      -324.35922620    816.039269    1.38278    0.54620    0.00048    0      5.4     70.2     orth

 Final occupancy:  26

 !RKS STATE  1.1 Energy              -324.359226203103
 Nuclear energy                       253.73873220
 One-electron energy                 -941.31468474
 Two-electron energy                  408.01963474
 Density functional                   -44.80290841     PBEX=-43.08858432 PBEC= -1.71432409
 Virial quotient                       -1.00538237
 !RKS STATE  1.1 Dipole moment          1.38277845     0.54620103     0.00047518
 Dipole moment /Debye                   3.51444205     1.38821362     0.00120772

 Orbital energies:

         1.1          2.1          3.1          4.1          5.1          6.1          7.1          8.1          9.1         10.1
    -18.767233   -14.007938    -9.937505    -9.937479    -9.925427    -9.916476    -9.916454    -0.920313    -0.872976    -0.743687

        11.1         12.1         13.1         14.1         15.1         16.1         17.1         18.1         19.1         20.1
     -0.703382    -0.580737    -0.578487    -0.486809    -0.469029    -0.441380    -0.428724    -0.390888    -0.370063    -0.366335

        21.1         22.1         23.1         24.1         25.1         26.1         27.1         28.1
     -0.332389    -0.328846    -0.273020    -0.253098    -0.251194    -0.223673    -0.073188    -0.059656


 HOMO     26.1    -0.223673 =      -6.0865eV
 LUMO     27.1    -0.073188 =      -1.9916eV
 LUMO-HOMO         0.150485 =       4.0949eV


 **********************************************************************************************************************************
 DATASETS  * FILE   NREC   LENGTH (MB)   RECORD NAMES
              1      19       32.06       500      610      700      900      950      970     1000      129      960     1100   
                                          VAR    BASINP    GEOM    SYMINP    ZMAT    AOBASIS   BASIS     P2S    ABASIS      S 
                                         1400     1410     1200     1210     1080     1600     1650     1700     1800   
                                           T        V       H0       H01     AOSYM     SMH    MOLCAS    OPER     GRID   

              2       5        4.02       700     1000      520     1800     2101   
                                         GEOM     BASIS   MCVARS    GRID      RKS  

 PROGRAMS   *        TOTAL   RKS-SCF       INT
 CPU TIMES  *        71.52     70.83      0.49
 REAL TIME  *        74.57 SEC
 DISK USED  *        39.79 MB (local),      159.15 MB (total)
 SF USED    *         0.60 MB
 GA USED    *         4.87 MB       (max)       4.87 MB       (current)
 **********************************************************************************************************************************
 SETTING EAB_PBE        =      -324.35922620  AU                              

 Dummy atoms: N1  C1  H3  C2  H4  C3  H5  C4  H6  C5  H7


 Recomputing one-electron integrals since nuclear charges changed


 PROGRAM * SEWARD (Integral evaluation for generally contracted gaussian basis sets)     Author: Roland Lindh, 1990

 Geometry written to block  1 of record 700


 Point group  C1  



 ATOMIC COORDINATES

 NR  ATOM    CHARGE       X              Y              Z

   1  O1      8.00   -1.044699229   -0.192180404   -0.000942573
   2  H1      1.00   -1.647386953    1.515167663    0.000272876
   3  H2      1.00    0.779813432   -0.003462447   -0.000475852
   4  N1      0.00    7.558965069    0.338576129    0.000908949
   5  C1      0.00    8.874038025    0.274380636    2.164168860
   6  H3      0.00    7.769167031    0.318998849    3.885459968
   7  C2      0.00   11.498912194    0.151203691    2.258647728
   8  H4      0.00   12.454936699    0.104236145    4.062068401
   9  C3      0.00   12.842815768    0.088605005    0.000592919
  10  H5      0.00   14.883417534   -0.009232831    0.000440932
  11  C4      0.00   11.498637895    0.151077731   -2.257254306
  12  H6      0.00   12.454455599    0.104074522   -4.060806275
  13  C5      0.00    8.873751589    0.274278409   -2.162491608
  14  H7      0.00    7.768698554    0.318877183   -3.883640090

 Bond lengths in Bohr (Angstrom)

  1- 2  1.810599732   1- 3  1.834246748   4- 5  2.532435859   4-13  2.532409873   5- 6  2.045867488
       ( 0.958128117)       ( 0.970641578)       ( 1.340107345)       ( 1.340093593)       ( 1.082626451)

  5- 7  2.629460633   7- 8  2.041694132   7- 9  2.628460944   9-10  2.042945871   9-11  2.628419884
       ( 1.391450644)       ( 1.080418006)       ( 1.390921631)       ( 1.081080398)       ( 1.390899903)

 11-12  2.041714107  11-13  2.629484073  13-14  2.045845389
       ( 1.080428576)       ( 1.391463048)       ( 1.082614757)

 Bond angles

  2- 1- 3  103.53746219   4- 5- 6  115.95739315   4- 5- 7  123.38528718   4-13-11  123.38436469

  4-13-14  115.95807109   5- 4-13  117.35464992   5- 7- 8  120.01648183   5- 7- 9  118.72757008

  6- 5- 7  120.65712314   7- 9-10  120.79093470   7- 9-11  118.41925478   8- 7- 9  121.25592330

  9-11-12  121.25539586   9-11-13  118.72873602  10- 9-11  120.78974222  11-13-14  120.65737138

 12-11-13  120.01584553

 NUCLEAR CHARGE:                   10
 NUMBER OF PRIMITIVE AOS:         336
 NUMBER OF SYMMETRY AOS:          322
 NUMBER OF CONTRACTIONS:          224   (  224A   )
 NUMBER OF CORE ORBITALS:           1   (    1A   )
 NUMBER OF VALENCE ORBITALS:        6   (    6A   )

 MOLECULE CHANGED: INITIALIZING OCCUPATION AND DUMP RECORDS


 NUCLEAR REPULSION ENERGY    9.12915640


 Eigenvalues of metric

         1 0.104E-04 0.127E-04 0.296E-04 0.324E-04 0.490E-04 0.548E-04 0.640E-04 0.718E-04


 OPERATOR DM      FOR CENTER  0  COORDINATES:    0.000000    0.000000    0.000000


 **********************************************************************************************************************************
 DATASETS  * FILE   NREC   LENGTH (MB)   RECORD NAMES
              1      19       32.06       500      610      700      900      950      970     1000      129      960     1100   
                                          VAR    BASINP    GEOM    SYMINP    ZMAT    AOBASIS   BASIS     P2S    ABASIS      S 
                                         1400     1410     1200     1210     1080     1600     1650     1700     1800   
                                           T        V       H0       H01     AOSYM     SMH    MOLCAS    OPER     GRID   

              2       5        4.02       700     1000      520     1800     2101   
                                         GEOM     BASIS   MCVARS    GRID      RKS  

 PROGRAMS   *        TOTAL       INT   RKS-SCF       INT
 CPU TIMES  *        71.63      0.11     70.83      0.49
 REAL TIME  *        74.90 SEC
 DISK USED  *        39.79 MB (local),      159.15 MB (total)
 SF USED    *         0.60 MB
 GA USED    *         4.87 MB       (max)       4.87 MB       (current)
 **********************************************************************************************************************************

 Density functional group PBE=PBEX+PBEC
 Functional: PBEX(Automatically generated (new) PBEX)                          Gradient terms: 1
 Functional: PBEC(Automatically generated (new) PBEC)                          Gradient terms: 1
 Use libxcgrid:  F
 Use grid at  1800.2

 Functional: PBEX                      Factor:  1.0000
 Functional: PBEC                      Factor:  1.0000

 Generated new metagrid on record  1800.2 with target accuracy 1.0D-08 and 150202 points in CPU time    0.4
 Computed new grid on record 1800.1 in CPU time    0.5
  182618 words reserved for DFT integration

 PROGRAM * RKS-SCF (Restricted closed shell Kohn-Sham)     Authors: W. Meyer, H.-J. Werner, P.J. Knowles, 1993

 NUMBER OF ELECTRONS:       5+    5-    SPACE SYMMETRY=1    SPIN SYMMETRY: Singlet 
 CONVERGENCE THRESHOLDS:    1.00E-04 (Density)    1.00E-08 (Energy)
 INTEGRAL THRESHOLDS:       1.00E-11 (Initial)    1.00E-11 (Final)
 MAX. NUMBER OF ITERATIONS:       60
 INTERPOLATION TYPE:            DIIS
 INTERPOLATION STEPS:              2 (START)      1 (STEP)
 LEVEL SHIFTS:                  0.00 (CLOSED)  0.00 (OPEN) 



 Use fine grid record 1800.2 for energy threshold  1.0D-08
 Orbital guess generated from atomic densities. Full valence occupancy:    7

 Molecular orbital dump at record        2201.2

 Initial occupancy:   5

 Direct Fock-matrix evaluation.        Authors: Roland Lindh & Martin Schuetz (1993/96)

 Integral Threshold:                  0.1D-10
 Threshold for writing integrals:     0.1D-06
 Prescreening on density matrix:        ON 
 Calculation will be performed fully direct        

 ITERATION   DDIFF            GRAD            ENERGY        2-EL.EN.            DIPOLE MOMENTS         DIIS   CPU(IT)  CPU(TOT)
    1      0.000D+00      0.000D+00       -76.28457049     97.608289    0.59861    0.92087    0.00082    0      7.3     11.6     start
    2      0.000D+00      0.936D-02       -75.96414920     82.652384   -0.21074   -0.24770   -0.00023    1      5.9     17.5     diag
    3      0.141D-01      0.212D-01       -76.35901334     93.260417    0.39490    0.61494    0.00055    2      6.0     23.5     diag
    4      0.107D-01      0.403D-03       -76.35920636     92.991193    0.38591    0.60365    0.00054    3      5.7     29.2     diag
    5      0.267D-03      0.106D-03       -76.35921473     93.022461    0.38436    0.60063    0.00053    4      5.6     34.8     diag
    6      0.687D-04      0.278D-04       -76.35921542     93.034217    0.38532    0.60217    0.00053    5      5.3     40.1     diag
    7      0.141D-04      0.101D-05       -76.35921542     93.034657    0.38533    0.60216    0.00053    6      5.0     45.1     diag
    8      0.655D-06      0.103D-06       -76.35921542     93.034753    0.38533    0.60218    0.00053    0      4.5     49.5     orth

 Final occupancy:   5

 !RKS STATE  1.1 Energy               -76.359215418289
 Nuclear energy                         9.12915640
 One-electron energy                 -122.78016191
 Two-electron energy                   46.51737661
 Density functional                    -9.22558652     PBEX=-8.90025972 PBEC=-0.32532680
 Virial quotient                       -1.00578366
 !RKS STATE  1.1 Dipole moment          0.38532830     0.60217597     0.00053419
 Dipole moment /Debye                   0.97934270     1.53047840     0.00135770

 Orbital energies:

         1.1          2.1          3.1          4.1          5.1          6.1          7.1
    -18.780151    -0.933296    -0.482286    -0.344910    -0.265374    -0.035454     0.013600


 HOMO      5.1    -0.265374 =      -7.2212eV
 LUMO      6.1    -0.035454 =      -0.9648eV
 LUMO-HOMO         0.229920 =       6.2564eV


 **********************************************************************************************************************************
 DATASETS  * FILE   NREC   LENGTH (MB)   RECORD NAMES
              1      19       32.06       500      610      700      900      950      970     1000      129      960     1100   
                                          VAR    BASINP    GEOM    SYMINP    ZMAT    AOBASIS   BASIS     P2S    ABASIS      S 
                                         1400     1410     1200     1210     1080     1600     1650     1700     1800   
                                           T        V       H0       H01     AOSYM     SMH    MOLCAS    OPER     GRID   

              2       6        8.53       700     1000      520     1800     2101     2201   
                                         GEOM     BASIS   MCVARS    GRID      RKS      RKS  

 PROGRAMS   *        TOTAL   RKS-SCF       INT   RKS-SCF       INT
 CPU TIMES  *       121.76     50.12      0.11     70.83      0.49
 REAL TIME  *       125.25 SEC
 DISK USED  *        43.69 MB (local),      174.75 MB (total)
 SF USED    *         0.60 MB
 GA USED    *         4.87 MB       (max)       4.87 MB       (current)
 **********************************************************************************************************************************
 SETTING EA_PBE         =       -76.35921542  AU                              

 Dummy atoms: O1  H1  H2


 Recomputing one-electron integrals since nuclear charges changed


 PROGRAM * SEWARD (Integral evaluation for generally contracted gaussian basis sets)     Author: Roland Lindh, 1990

 Geometry written to block  1 of record 700


 Point group  C1  



 ATOMIC COORDINATES

 NR  ATOM    CHARGE       X              Y              Z

   1  O1      0.00   -1.044699229   -0.192180404   -0.000942573
   2  H1      0.00   -1.647386953    1.515167663    0.000272876
   3  H2      0.00    0.779813432   -0.003462447   -0.000475852
   4  N1      7.00    7.558965069    0.338576129    0.000908949
   5  C1      6.00    8.874038025    0.274380636    2.164168860
   6  H3      1.00    7.769167031    0.318998849    3.885459968
   7  C2      6.00   11.498912194    0.151203691    2.258647728
   8  H4      1.00   12.454936699    0.104236145    4.062068401
   9  C3      6.00   12.842815768    0.088605005    0.000592919
  10  H5      1.00   14.883417534   -0.009232831    0.000440932
  11  C4      6.00   11.498637895    0.151077731   -2.257254306
  12  H6      1.00   12.454455599    0.104074522   -4.060806275
  13  C5      6.00    8.873751589    0.274278409   -2.162491608
  14  H7      1.00    7.768698554    0.318877183   -3.883640090

 Bond lengths in Bohr (Angstrom)

  1- 2  1.810599732   1- 3  1.834246748   4- 5  2.532435859   4-13  2.532409873   5- 6  2.045867488
       ( 0.958128117)       ( 0.970641578)       ( 1.340107345)       ( 1.340093593)       ( 1.082626451)

  5- 7  2.629460633   7- 8  2.041694132   7- 9  2.628460944   9-10  2.042945871   9-11  2.628419884
       ( 1.391450644)       ( 1.080418006)       ( 1.390921631)       ( 1.081080398)       ( 1.390899903)

 11-12  2.041714107  11-13  2.629484073  13-14  2.045845389
       ( 1.080428576)       ( 1.391463048)       ( 1.082614757)

 Bond angles

  2- 1- 3  103.53746219   4- 5- 6  115.95739315   4- 5- 7  123.38528718   4-13-11  123.38436469

  4-13-14  115.95807109   5- 4-13  117.35464992   5- 7- 8  120.01648183   5- 7- 9  118.72757008

  6- 5- 7  120.65712314   7- 9-10  120.79093470   7- 9-11  118.41925478   8- 7- 9  121.25592330

  9-11-12  121.25539586   9-11-13  118.72873602  10- 9-11  120.78974222  11-13-14  120.65737138

 12-11-13  120.01584553

 NUCLEAR CHARGE:                   42
 NUMBER OF PRIMITIVE AOS:         336
 NUMBER OF SYMMETRY AOS:          322
 NUMBER OF CONTRACTIONS:          224   (  224A   )
 NUMBER OF CORE ORBITALS:           6   (    6A   )
 NUMBER OF VALENCE ORBITALS:       29   (   29A   )

 MOLECULE CHANGED: INITIALIZING OCCUPATION AND DUMP RECORDS


 NUCLEAR REPULSION ENERGY  206.28546434


 Eigenvalues of metric

         1 0.104E-04 0.127E-04 0.296E-04 0.324E-04 0.490E-04 0.548E-04 0.640E-04 0.718E-04


 OPERATOR DM      FOR CENTER  0  COORDINATES:    0.000000    0.000000    0.000000


 **********************************************************************************************************************************
 DATASETS  * FILE   NREC   LENGTH (MB)   RECORD NAMES
              1      19       32.06       500      610      700      900      950      970     1000      129      960     1100   
                                          VAR    BASINP    GEOM    SYMINP    ZMAT    AOBASIS   BASIS     P2S    ABASIS      S 
                                         1400     1410     1200     1210     1080     1600     1650     1700     1800   
                                           T        V       H0       H01     AOSYM     SMH    MOLCAS    OPER     GRID   

              2       6        8.53       700     1000      520     1800     2101     2201   
                                         GEOM     BASIS   MCVARS    GRID      RKS      RKS  

 PROGRAMS   *        TOTAL       INT   RKS-SCF       INT   RKS-SCF       INT
 CPU TIMES  *       121.88      0.12     50.12      0.11     70.83      0.49
 REAL TIME  *       125.57 SEC
 DISK USED  *        43.69 MB (local),      174.75 MB (total)
 SF USED    *         0.60 MB
 GA USED    *         4.87 MB       (max)       4.87 MB       (current)
 **********************************************************************************************************************************

 Density functional group PBE=PBEX+PBEC
 Functional: PBEX(Automatically generated (new) PBEX)                          Gradient terms: 1
 Functional: PBEC(Automatically generated (new) PBEC)                          Gradient terms: 1
 Use libxcgrid:  F
 Use grid at  1800.2

 Functional: PBEX                      Factor:  1.0000
 Functional: PBEC                      Factor:  1.0000

 Generated new metagrid on record  1800.2 with target accuracy 1.0D-08 and 150202 points in CPU time    0.4
 Computed new grid on record 1800.1 in CPU time    0.6
  182618 words reserved for DFT integration

 PROGRAM * RKS-SCF (Restricted closed shell Kohn-Sham)     Authors: W. Meyer, H.-J. Werner, P.J. Knowles, 1993

 NUMBER OF ELECTRONS:      21+   21-    SPACE SYMMETRY=1    SPIN SYMMETRY: Singlet 
 CONVERGENCE THRESHOLDS:    1.00E-04 (Density)    1.00E-08 (Energy)
 INTEGRAL THRESHOLDS:       1.00E-11 (Initial)    1.00E-11 (Final)
 MAX. NUMBER OF ITERATIONS:       60
 INTERPOLATION TYPE:            DIIS
 INTERPOLATION STEPS:              2 (START)      1 (STEP)
 LEVEL SHIFTS:                  0.00 (CLOSED)  0.00 (OPEN) 



 Use fine grid record 1800.2 for energy threshold  1.0D-08
 Orbital guess generated from atomic densities. Full valence occupancy:   35

 Molecular orbital dump at record        2301.2

 Initial occupancy:  21

 Direct Fock-matrix evaluation.        Authors: Roland Lindh & Martin Schuetz (1993/96)

 Integral Threshold:                  0.1D-10
 Threshold for writing integrals:     0.1D-06
 Prescreening on density matrix:        ON 
 Calculation will be performed fully direct        

 ITERATION   DDIFF            GRAD            ENERGY        2-EL.EN.            DIPOLE MOMENTS         DIIS   CPU(IT)  CPU(TOT)
    1      0.000D+00      0.000D+00      -247.83462076    660.559730    0.91444   -0.04659   -0.00007    0      7.7     12.3     start
    2      0.000D+00      0.561D-02      -247.63942087    625.904990    1.17279   -0.05629   -0.00004    1      6.2     18.5     diag
    3      0.435D-01      0.851D-02      -247.99277109    646.827492    0.56777   -0.02994   -0.00006    2      6.2     24.7     diag
    4      0.206D-01      0.988D-03      -247.99477834    647.004705    1.18552   -0.05864   -0.00006    3      6.1     30.8     diag
    5      0.300D-02      0.721D-03      -247.99722103    646.445701    0.79301   -0.04003   -0.00006    4      6.0     36.9     diag
    6      0.125D-02      0.233D-03      -247.99740545    646.535019    0.88785   -0.04466   -0.00006    5      5.9     42.8     diag
    7      0.342D-03      0.130D-03      -247.99746888    646.522221    0.87575   -0.04407   -0.00006    6      5.9     48.7     diag
    8      0.153D-03      0.637D-05      -247.99746907    646.533365    0.87552   -0.04403   -0.00006    7      5.7     54.4     diag
    9      0.318D-04      0.137D-05      -247.99746907    646.533528    0.87579   -0.04406   -0.00006    8      5.5     60.0     diag
   10      0.440D-05      0.114D-05      -247.99746906    646.534220    0.87570   -0.04404   -0.00006    0      5.4     65.4     orth

 Final occupancy:  21

 !RKS STATE  1.1 Energy              -247.997469056217
 Nuclear energy                       206.28546434
 One-electron energy                 -741.97231913
 Two-electron energy                  323.26710996
 Density functional                   -35.57772422     PBEX=-34.18868670 PBEC= -1.38903752
 Virial quotient                       -1.00522333
 !RKS STATE  1.1 Dipole moment          0.87569565    -0.04404442    -0.00006433
 Dipole moment /Debye                   2.22565055    -0.11194241    -0.00016351

 Orbital energies:

         1.1          2.1          3.1          4.1          5.1          6.1          7.1          8.1          9.1         10.1
    -14.001068    -9.932163    -9.932137    -9.920744    -9.911891    -9.911869    -0.867115    -0.738775    -0.698355    -0.575508

        11.1         12.1         13.1         14.1         15.1         16.1         17.1         18.1         19.1         20.1
     -0.573656    -0.481913    -0.436196    -0.424124    -0.386099    -0.364743    -0.361313    -0.323985    -0.267842    -0.246394

        21.1         22.1         23.1
     -0.215960    -0.068074    -0.054848


 HOMO     21.1    -0.215960 =      -5.8766eV
 LUMO     22.1    -0.068074 =      -1.8524eV
 LUMO-HOMO         0.147886 =       4.0242eV


 **********************************************************************************************************************************
 DATASETS  * FILE   NREC   LENGTH (MB)   RECORD NAMES
              1      19       32.06       500      610      700      900      950      970     1000      129      960     1100   
                                          VAR    BASINP    GEOM    SYMINP    ZMAT    AOBASIS   BASIS     P2S    ABASIS      S 
                                         1400     1410     1200     1210     1080     1600     1650     1700     1800   
                                           T        V       H0       H01     AOSYM     SMH    MOLCAS    OPER     GRID   

              2       7       13.03       700     1000      520     1800     2101     2201     2301   
                                         GEOM     BASIS   MCVARS    GRID      RKS      RKS      RKS  

 PROGRAMS   *        TOTAL   RKS-SCF       INT   RKS-SCF       INT   RKS-SCF       INT
 CPU TIMES  *       187.96     66.08      0.12     50.12      0.11     70.83      0.49
 REAL TIME  *       191.94 SEC
 DISK USED  *        48.59 MB (local),      194.38 MB (total)
 SF USED    *         0.60 MB
 GA USED    *         4.87 MB       (max)       4.87 MB       (current)
 **********************************************************************************************************************************
 SETTING EB_PBE         =      -247.99746906  AU                              
 SETTING E_AB_INT       =        -0.00254173  AU                              

 *** results in hartree
 E_AB_INT         =        -0.00254173 AU
 Molecular orbitals read from record     2301.2  Type=RKS/CANONICAL (state 1.1)
 Occupation numbers read from record     2301.2  Type=RKS/RHF (state 1.1)
 Orbital energies read from record       2301.2  Type=RKS/CANONICAL (state 1.1)
 Redundancy group numbers read from rec  2301.2  Type=RKS/RHF (state 1.1)

 RPBE/aug-cc-pVDZ energy=   -247.997469056217

         RKS-SCF         RKS-SCF         RKS-SCF
   -247.99746906    -76.35921542   -324.35922620
 **********************************************************************************************************************************
 Molpro calculation terminated
