
 Primary working directories    : /scratch/sirous/50570/molpro.hynq4F7L2F
 Secondary working directories  : /scratch/sirous/50570/molpro.hynq4F7L2F
 Wavefunction directory         : /scratch/sirous/50570/
 Main file repository           : /scratch/sirous/50570/molpro.hynq4F7L2F/

 id        : karlovklimes

 Nodes                      nprocs
 nc-12.cc.karlov.mff.cuni.cz    4

 Using customized tuning parameters: mindgm=1; mindgv=20; mindgc=4; mindgr=1; noblas=0; minvec=7
 default implementation of scratch files=sf  


 Variables initialized (934), CPU time= 0.01 sec
 ***,CH3C6H4CN+CF3CN+BF3
 memory,500,m
 gdirect
 gthresh,energy=1.d-8,twoint=1.d-19,oneint=1.d-19,zero=1.d-15,orbital=1.d-8,grid=1.d-8
 symmetry,nosym
 geomtyp=xyz
                                                                                 ! Geometry
 geometry={
 O1        -0.552831024    -0.101697490     -0.000498788
 H1        -0.871759633    0.801792198     0.000144400
 H2        0.412659497    -0.001832248     -0.000251810
 N1        2.605042598    0.108783303     0.000196036
 C1        3.300949237    0.074812511     1.144943882
 H3        2.716276686    0.098423453     2.055811910
 C2        4.689972829    0.009630079     1.194939946
 H4        5.195879210    -0.015224076     2.149269068
 C3        5.401135974    -0.023495719     0.000028800
 H5        6.480975925    -0.075269272     -0.000051628
 C4        4.689827676    0.009563424     -1.194772497
 H6        5.195624623    -0.015309603     -2.149171098
 C5        3.300797662    0.074758415     -1.144626237
 H7        2.716028779    0.098359070     -2.055418790
 }
 
 
 
 basis=avdz
 
 
 
                                                                                 ! Dimer Calculation
 {rks,pbe,accu=1.d-8;orbital,2101.2}
 eab_PBE=energy
 
 
                                                                                 !monomer A
 dummy,4,5,6,7,8,9,10,11,12,13,14;                                               ! NOW MONOMER B IS DUMMY
 {rks,pbe,accu=1.d-8;orbital,2201.2}
 ea_PBE=energy
                                                                                 !monomer B
 dummy,1,2,3;                                                                    !NOW MONOMER A IS DUMMY
 {rks,pbe,accu=1.d-8;orbital,2301.2}
 eb_PBE=energy
 
 E_AB_int=eab_PBE-ea_PBE-eb_PBE
 
 
 text,results in hartree
 show,E_AB_int
 
 Commands  initialized (763), CPU time= 0.01 sec, 617 directives.
 Default parameters read. Elapsed time= 0.21 sec

 Checking input...
 Passed
1


                                         ***  PROGRAM SYSTEM MOLPRO  ***
                                       Copyright, TTI GmbH Stuttgart, 2015
                                    Version 2019.2 linked Jun  8 2019 11:26:33


 **********************************************************************************************************************************
 LABEL *   CH3C6H4CN+CF3CN+BF3                                                           
  64 bit mpp version                                                                     DATE: 17-Oct-19          TIME: 20:31:40  
 **********************************************************************************************************************************

 SHA1:             8135a10abc80eafa5b3ae28ffc55be4890dc4c84
 **********************************************************************************************************************************

 THRESHOLDS:

 ZERO    =  1.00D-15  ONEINT  =  1.00D-19  TWOINT  =  1.00D-19  PREFAC  =  1.00D-14  XXXXXX  =  1.00D-09  EORDER  =  1.00D-04
 ENERGY  =  1.00D-08  ETEST   =  0.00D+00  EDENS   =  0.00D+00  THRDEDEF=  1.00D-06  GRADIENT=  1.00D-02  STEP    =  1.00D-03
 ORBITAL =  1.00D-08  CIVEC   =  1.00D-05  COEFF   =  1.00D-04  PRINTCI =  5.00D-02  PUNCHCI =  9.90D+01  OPTGRAD =  3.00D-04
 OPTENERG=  1.00D-06  OPTSTEP =  3.00D-04  THRGRAD =  1.00D-10  COMPRESS=  1.00D-11  VARMIN  =  1.00D-07  VARMAX  =  1.00D-03
 THRDOUB =  0.00D+00  THRDIV  =  1.00D-05  THRRED  =  1.00D-07  THRPSP  =  1.00D+00  THRDC   =  1.00D-10  THRCS   =  1.00D-10
 THRNRM  =  1.00D-08  THREQ   =  0.00D+00  THRDE   =  1.00D+00  THRREF  =  1.00D-05  SPARFAC =  1.00D+00  THRDLP  =  1.00D-07
 THRDIA  =  1.00D-10  THRDLS  =  1.00D-07  THRGPS  =  0.00D+00  THRKEX  =  0.00D+00  THRDIS  =  2.00D-01  THRVAR  =  1.00D-10
 THRLOC  =  1.00D-06  THRGAP  =  1.00D-06  THRLOCT = -1.00D+00  THRGAPT = -1.00D+00  THRORB  =  1.00D-06  THRMLTP =  0.00D+00
 THRCPQCI=  1.00D-10  KEXTA   =  0.00D+00  THRCOARS=  0.00D+00  SYMTOL  =  1.00D-06  GRADTOL =  1.00D-06  THROVL  =  1.00D-08
 THRORTH =  1.00D-08  GRID    =  1.00D-08  GRIDMAX =  1.00D-03  DTMAX   =  0.00D+00  THROCCDE=  1.00D-01  THROCCDE=  1.00D-01
 THRPRINT=  2.50D-01


 Variable memory set to  500000000 words,  buffer space 

 SETTING GEOMTYP        =    XYZ
 ZSYMEL=NOSYM

 SETTING BASIS          =    AVDZ


 Recomputing integrals since basis changed


 Using spherical harmonics

 Library entry O      S aug-cc-pVDZ          selected for orbital group  1
 Library entry O      P aug-cc-pVDZ          selected for orbital group  1
 Library entry O      D aug-cc-pVDZ          selected for orbital group  1
 Library entry H      S aug-cc-pVDZ          selected for orbital group  2
 Library entry H      P aug-cc-pVDZ          selected for orbital group  2
 Library entry N      S aug-cc-pVDZ          selected for orbital group  3
 Library entry N      P aug-cc-pVDZ          selected for orbital group  3
 Library entry N      D aug-cc-pVDZ          selected for orbital group  3
 Library entry C      S aug-cc-pVDZ          selected for orbital group  4
 Library entry C      P aug-cc-pVDZ          selected for orbital group  4
 Library entry C      D aug-cc-pVDZ          selected for orbital group  4


 PROGRAM * SEWARD (Integral evaluation for generally contracted gaussian basis sets)     Author: Roland Lindh, 1990

 Geometry written to block  1 of record 700


 Point group  C1  



 ATOMIC COORDINATES

 NR  ATOM    CHARGE       X              Y              Z

   1  O1      8.00   -1.044699229   -0.192180404   -0.000942573
   2  H1      1.00   -1.647386953    1.515167663    0.000272876
   3  H2      1.00    0.779813432   -0.003462447   -0.000475852
   4  N1      7.00    4.922817053    0.205570650    0.000370454
   5  C1      6.00    6.237890009    0.141375156    2.163630365
   6  H3      1.00    5.133019015    0.185993370    3.884921474
   7  C2      6.00    8.862764178    0.018198212    2.258109233
   8  H4      1.00    9.818788683   -0.028769334    4.061529907
   9  C3      6.00   10.206667752   -0.044400474    0.000054424
  10  H5      1.00   12.247269518   -0.142238310   -0.000097563
  11  C4      6.00    8.862489879    0.018072252   -2.257792800
  12  H6      1.00    9.818307584   -0.028930957   -4.061344770
  13  C5      6.00    6.237603574    0.141272930   -2.163030103
  14  H7      1.00    5.132550539    0.185871704   -3.884178584

 Bond lengths in Bohr (Angstrom)

  1- 2  1.810599732   1- 3  1.834246748   4- 5  2.532435859   4-13  2.532409873   5- 6  2.045867488
       ( 0.958128117)       ( 0.970641578)       ( 1.340107345)       ( 1.340093593)       ( 1.082626451)

  5- 7  2.629460633   7- 8  2.041694132   7- 9  2.628460944   9-10  2.042945871   9-11  2.628419884
       ( 1.391450644)       ( 1.080418006)       ( 1.390921631)       ( 1.081080398)       ( 1.390899903)

 11-12  2.041714107  11-13  2.629484073  13-14  2.045845389
       ( 1.080428576)       ( 1.391463048)       ( 1.082614757)

 Bond angles

  2- 1- 3  103.53746219   4- 5- 6  115.95739315   4- 5- 7  123.38528718   4-13-11  123.38436469

  4-13-14  115.95807109   5- 4-13  117.35464992   5- 7- 8  120.01648183   5- 7- 9  118.72757008

  6- 5- 7  120.65712314   7- 9-10  120.79093470   7- 9-11  118.41925478   8- 7- 9  121.25592330

  9-11-12  121.25539586   9-11-13  118.72873602  10- 9-11  120.78974222  11-13-14  120.65737138

 12-11-13  120.01584553

 NUCLEAR CHARGE:                   52
 NUMBER OF PRIMITIVE AOS:         336
 NUMBER OF SYMMETRY AOS:          322
 NUMBER OF CONTRACTIONS:          224   (  224A   )
 NUMBER OF CORE ORBITALS:           7   (    7A   )
 NUMBER OF VALENCE ORBITALS:       35   (   35A   )


 NUCLEAR REPULSION ENERGY  266.30001396


 Eigenvalues of metric

         1 0.867E-05 0.121E-04 0.270E-04 0.319E-04 0.475E-04 0.532E-04 0.607E-04 0.657E-04


 OPERATOR DM      FOR CENTER  0  COORDINATES:    0.000000    0.000000    0.000000


 **********************************************************************************************************************************
 DATASETS  * FILE   NREC   LENGTH (MB)   RECORD NAMES
              1      18       32.06       500      610      700      900      950      970     1000      129      960     1100   
                                          VAR    BASINP    GEOM    SYMINP    ZMAT    AOBASIS   BASIS     P2S    ABASIS      S 
                                         1400     1410     1200     1210     1080     1600     1650     1700   
                                           T        V       H0       H01     AOSYM     SMH    MOLCAS    OPER   

 PROGRAMS   *        TOTAL       INT
 CPU TIMES  *         0.58      0.41
 REAL TIME  *         2.23 SEC
 DISK USED  *        32.62 MB (local),      130.47 MB (total)
 GA USED    *         0.00 MB       (max)       0.00 MB       (current)
 **********************************************************************************************************************************

 Density functional group PBE=PBEX+PBEC
 Functional: PBEX(Automatically generated (new) PBEX)                          Gradient terms: 1
 Functional: PBEC(Automatically generated (new) PBEC)                          Gradient terms: 1
 Use libxcgrid:  F
 Use grid at  1800.2

 Functional: PBEX                      Factor:  1.0000
 Functional: PBEC                      Factor:  1.0000

 Generated new metagrid on record  1800.2 with target accuracy 1.0D-08 and 150202 points in CPU time    0.4
 Computed new grid on record 1800.1 in CPU time    0.6
  182618 words reserved for DFT integration

 PROGRAM * RKS-SCF (Restricted closed shell Kohn-Sham)     Authors: W. Meyer, H.-J. Werner, P.J. Knowles, 1993

 NUMBER OF ELECTRONS:      26+   26-    SPACE SYMMETRY=1    SPIN SYMMETRY: Singlet 
 CONVERGENCE THRESHOLDS:    1.00E-04 (Density)    1.00E-08 (Energy)
 INTEGRAL THRESHOLDS:       1.00E-11 (Initial)    1.00E-11 (Final)
 MAX. NUMBER OF ITERATIONS:       60
 INTERPOLATION TYPE:            DIIS
 INTERPOLATION STEPS:              2 (START)      1 (STEP)
 LEVEL SHIFTS:                  0.00 (CLOSED)  0.00 (OPEN) 



 Use fine grid record 1800.2 for energy threshold  1.0D-08
 Orbital guess generated from atomic densities. Full valence occupancy:   42

 Molecular orbital dump at record        2101.2

 Initial occupancy:  26

 Direct Fock-matrix evaluation.        Authors: Roland Lindh & Martin Schuetz (1993/96)

 Integral Threshold:                  0.1D-10
 Threshold for writing integrals:     0.1D-06
 Prescreening on density matrix:        ON 
 Calculation will be performed fully direct        

 ITERATION   DDIFF            GRAD            ENERGY        2-EL.EN.            DIPOLE MOMENTS         DIIS   CPU(IT)  CPU(TOT)
    1      0.000D+00      0.000D+00      -324.13452604    859.068267    1.65336    0.88145    0.00078    0      8.0     12.1     start
    2      0.000D+00      0.665D-02      -323.62842586    812.028392    1.92112   -0.42805   -0.00029    1      6.7     18.7     diag
    3      0.491D-01      0.124D-01      -324.35033258    839.753313    1.36220    0.66815    0.00064    2      6.7     25.4     diag
    4      0.231D-01      0.184D-02      -324.36340992    842.187987    1.89720    0.51440    0.00045    3      6.6     32.0     diag
    5      0.539D-02      0.793D-03      -324.36558200    840.858139    1.47732    0.53498    0.00052    4      6.5     38.5     diag
    6      0.164D-02      0.480D-03      -324.36673800    840.996683    1.68654    0.53657    0.00050    5      6.5     45.0     diag
    7      0.748D-03      0.117D-03      -324.36680753    840.997856    1.64992    0.53483    0.00050    6      6.3     51.3     diag
    8      0.169D-03      0.159D-04      -324.36680803    841.014662    1.65531    0.53505    0.00050    7      6.2     57.5     diag
    9      0.510D-04      0.114D-04      -324.36680873    841.016813    1.65247    0.53534    0.00050    8      6.2     63.7     diag
   10      0.235D-04      0.107D-05      -324.36680873    841.017143    1.65288    0.53549    0.00050    9      6.0     69.7     orth
   11      0.323D-05      0.744D-06      -324.36680872    841.017584    1.65249    0.53542    0.00049    0      6.0     75.7     orth

 Final occupancy:  26

 !RKS STATE  1.1 Energy              -324.366808724400
 Nuclear energy                       266.30001396
 One-electron energy                 -966.36403819
 Two-electron energy                  420.50879218
 Density functional                   -44.81157667     PBEX=-43.09477130 PBEC= -1.71680536
 Virial quotient                       -1.00536194
 !RKS STATE  1.1 Dipole moment          1.65248599     0.53542461     0.00049404
 Dipole moment /Debye                   4.19992535     1.36082449     0.00125565

 Orbital energies:

         1.1          2.1          3.1          4.1          5.1          6.1          7.1          8.1          9.1         10.1
    -18.744253   -14.018619    -9.944201    -9.944174    -9.931128    -9.922273    -9.922253    -0.898716    -0.881349    -0.750186

        11.1         12.1         13.1         14.1         15.1         16.1         17.1         18.1         19.1         20.1
     -0.709748    -0.587597    -0.584646    -0.493378    -0.448281    -0.447923    -0.434108    -0.396581    -0.377155    -0.373136

        21.1         22.1         23.1         24.1         25.1         26.1         27.1         28.1
     -0.334682    -0.313373    -0.279977    -0.257040    -0.236241    -0.234061    -0.080086    -0.065376


 HOMO     26.1    -0.234061 =      -6.3691eV
 LUMO     27.1    -0.080086 =      -2.1793eV
 LUMO-HOMO         0.153975 =       4.1899eV


 **********************************************************************************************************************************
 DATASETS  * FILE   NREC   LENGTH (MB)   RECORD NAMES
              1      19       32.06       500      610      700      900      950      970     1000      129      960     1100   
                                          VAR    BASINP    GEOM    SYMINP    ZMAT    AOBASIS   BASIS     P2S    ABASIS      S 
                                         1400     1410     1200     1210     1080     1600     1650     1700     1800   
                                           T        V       H0       H01     AOSYM     SMH    MOLCAS    OPER     GRID   

              2       5        4.02       700     1000      520     1800     2101   
                                         GEOM     BASIS   MCVARS    GRID      RKS  

 PROGRAMS   *        TOTAL   RKS-SCF       INT
 CPU TIMES  *        76.87     76.27      0.41
 REAL TIME  *        79.98 SEC
 DISK USED  *        39.79 MB (local),      159.15 MB (total)
 SF USED    *         0.60 MB
 GA USED    *         4.87 MB       (max)       4.87 MB       (current)
 **********************************************************************************************************************************
 SETTING EAB_PBE        =      -324.36680872  AU                              

 Dummy atoms: N1  C1  H3  C2  H4  C3  H5  C4  H6  C5  H7


 Recomputing one-electron integrals since nuclear charges changed


 PROGRAM * SEWARD (Integral evaluation for generally contracted gaussian basis sets)     Author: Roland Lindh, 1990

 Geometry written to block  1 of record 700


 Point group  C1  



 ATOMIC COORDINATES

 NR  ATOM    CHARGE       X              Y              Z

   1  O1      8.00   -1.044699229   -0.192180404   -0.000942573
   2  H1      1.00   -1.647386953    1.515167663    0.000272876
   3  H2      1.00    0.779813432   -0.003462447   -0.000475852
   4  N1      0.00    4.922817053    0.205570650    0.000370454
   5  C1      0.00    6.237890009    0.141375156    2.163630365
   6  H3      0.00    5.133019015    0.185993370    3.884921474
   7  C2      0.00    8.862764178    0.018198212    2.258109233
   8  H4      0.00    9.818788683   -0.028769334    4.061529907
   9  C3      0.00   10.206667752   -0.044400474    0.000054424
  10  H5      0.00   12.247269518   -0.142238310   -0.000097563
  11  C4      0.00    8.862489879    0.018072252   -2.257792800
  12  H6      0.00    9.818307584   -0.028930957   -4.061344770
  13  C5      0.00    6.237603574    0.141272930   -2.163030103
  14  H7      0.00    5.132550539    0.185871704   -3.884178584

 Bond lengths in Bohr (Angstrom)

  1- 2  1.810599732   1- 3  1.834246748   4- 5  2.532435859   4-13  2.532409873   5- 6  2.045867488
       ( 0.958128117)       ( 0.970641578)       ( 1.340107345)       ( 1.340093593)       ( 1.082626451)

  5- 7  2.629460633   7- 8  2.041694132   7- 9  2.628460944   9-10  2.042945871   9-11  2.628419884
       ( 1.391450644)       ( 1.080418006)       ( 1.390921631)       ( 1.081080398)       ( 1.390899903)

 11-12  2.041714107  11-13  2.629484073  13-14  2.045845389
       ( 1.080428576)       ( 1.391463048)       ( 1.082614757)

 Bond angles

  2- 1- 3  103.53746219   4- 5- 6  115.95739315   4- 5- 7  123.38528718   4-13-11  123.38436469

  4-13-14  115.95807109   5- 4-13  117.35464992   5- 7- 8  120.01648183   5- 7- 9  118.72757008

  6- 5- 7  120.65712314   7- 9-10  120.79093470   7- 9-11  118.41925478   8- 7- 9  121.25592330

  9-11-12  121.25539586   9-11-13  118.72873602  10- 9-11  120.78974222  11-13-14  120.65737138

 12-11-13  120.01584553

 NUCLEAR CHARGE:                   10
 NUMBER OF PRIMITIVE AOS:         336
 NUMBER OF SYMMETRY AOS:          322
 NUMBER OF CONTRACTIONS:          224   (  224A   )
 NUMBER OF CORE ORBITALS:           1   (    1A   )
 NUMBER OF VALENCE ORBITALS:        6   (    6A   )

 MOLECULE CHANGED: INITIALIZING OCCUPATION AND DUMP RECORDS


 NUCLEAR REPULSION ENERGY    9.12915640


 Eigenvalues of metric

         1 0.867E-05 0.121E-04 0.270E-04 0.319E-04 0.475E-04 0.532E-04 0.607E-04 0.657E-04


 OPERATOR DM      FOR CENTER  0  COORDINATES:    0.000000    0.000000    0.000000


 **********************************************************************************************************************************
 DATASETS  * FILE   NREC   LENGTH (MB)   RECORD NAMES
              1      19       32.06       500      610      700      900      950      970     1000      129      960     1100   
                                          VAR    BASINP    GEOM    SYMINP    ZMAT    AOBASIS   BASIS     P2S    ABASIS      S 
                                         1400     1410     1200     1210     1080     1600     1650     1700     1800   
                                           T        V       H0       H01     AOSYM     SMH    MOLCAS    OPER     GRID   

              2       5        4.02       700     1000      520     1800     2101   
                                         GEOM     BASIS   MCVARS    GRID      RKS  

 PROGRAMS   *        TOTAL       INT   RKS-SCF       INT
 CPU TIMES  *        76.99      0.12     76.27      0.41
 REAL TIME  *        80.31 SEC
 DISK USED  *        39.79 MB (local),      159.15 MB (total)
 SF USED    *         0.60 MB
 GA USED    *         4.87 MB       (max)       4.87 MB       (current)
 **********************************************************************************************************************************

 Density functional group PBE=PBEX+PBEC
 Functional: PBEX(Automatically generated (new) PBEX)                          Gradient terms: 1
 Functional: PBEC(Automatically generated (new) PBEC)                          Gradient terms: 1
 Use libxcgrid:  F
 Use grid at  1800.2

 Functional: PBEX                      Factor:  1.0000
 Functional: PBEC                      Factor:  1.0000

 Generated new metagrid on record  1800.2 with target accuracy 1.0D-08 and 150202 points in CPU time    0.4
 Computed new grid on record 1800.1 in CPU time    0.6
  182618 words reserved for DFT integration

 PROGRAM * RKS-SCF (Restricted closed shell Kohn-Sham)     Authors: W. Meyer, H.-J. Werner, P.J. Knowles, 1993

 NUMBER OF ELECTRONS:       5+    5-    SPACE SYMMETRY=1    SPIN SYMMETRY: Singlet 
 CONVERGENCE THRESHOLDS:    1.00E-04 (Density)    1.00E-08 (Energy)
 INTEGRAL THRESHOLDS:       1.00E-11 (Initial)    1.00E-11 (Final)
 MAX. NUMBER OF ITERATIONS:       60
 INTERPOLATION TYPE:            DIIS
 INTERPOLATION STEPS:              2 (START)      1 (STEP)
 LEVEL SHIFTS:                  0.00 (CLOSED)  0.00 (OPEN) 



 Use fine grid record 1800.2 for energy threshold  1.0D-08
 Orbital guess generated from atomic densities. Full valence occupancy:    7

 Molecular orbital dump at record        2201.2

 Initial occupancy:   5

 Direct Fock-matrix evaluation.        Authors: Roland Lindh & Martin Schuetz (1993/96)

 Integral Threshold:                  0.1D-10
 Threshold for writing integrals:     0.1D-06
 Prescreening on density matrix:        ON 
 Calculation will be performed fully direct        

 ITERATION   DDIFF            GRAD            ENERGY        2-EL.EN.            DIPOLE MOMENTS         DIIS   CPU(IT)  CPU(TOT)
    1      0.000D+00      0.000D+00       -76.28464896     97.613881    0.59851    0.92057    0.00082    0      7.7     12.2     start
    2      0.000D+00      0.937D-02       -75.96079970     82.596400   -0.22762   -0.26779   -0.00024    1      6.4     18.6     diag
    3      0.146D-01      0.212D-01       -76.35920220     93.265405    0.39472    0.61483    0.00055    2      6.4     24.9     diag
    4      0.109D-01      0.408D-03       -76.35940072     92.991807    0.38503    0.60286    0.00054    3      6.2     31.1     diag
    5      0.334D-03      0.107D-03       -76.35940928     93.023999    0.38361    0.59985    0.00053    4      6.1     37.2     diag
    6      0.899D-04      0.281D-04       -76.35940998     93.035788    0.38457    0.60144    0.00053    5      5.9     43.1     diag
    7      0.146D-04      0.107D-05       -76.35940998     93.036247    0.38459    0.60143    0.00053    6      5.6     48.7     diag
    8      0.100D-05      0.139D-06       -76.35940998     93.036356    0.38458    0.60145    0.00053    0      5.1     53.8     orth

 Final occupancy:   5

 !RKS STATE  1.1 Energy               -76.359409982037
 Nuclear energy                         9.12915640
 One-electron energy                 -122.78101186
 Two-electron energy                   46.51817786
 Density functional                    -9.22573239     PBEX=-8.90040937 PBEC=-0.32532302
 Virial quotient                       -1.00577427
 !RKS STATE  1.1 Dipole moment          0.38458348     0.60144835     0.00053431
 Dipole moment /Debye                   0.97744968     1.52862909     0.00135799

 Orbital energies:

         1.1          2.1          3.1          4.1          5.1          6.1          7.1
    -18.780096    -0.933254    -0.482236    -0.344855    -0.265292    -0.035594     0.013621


 HOMO      5.1    -0.265292 =      -7.2190eV
 LUMO      6.1    -0.035594 =      -0.9686eV
 LUMO-HOMO         0.229698 =       6.2504eV


 **********************************************************************************************************************************
 DATASETS  * FILE   NREC   LENGTH (MB)   RECORD NAMES
              1      19       32.06       500      610      700      900      950      970     1000      129      960     1100   
                                          VAR    BASINP    GEOM    SYMINP    ZMAT    AOBASIS   BASIS     P2S    ABASIS      S 
                                         1400     1410     1200     1210     1080     1600     1650     1700     1800   
                                           T        V       H0       H01     AOSYM     SMH    MOLCAS    OPER     GRID   

              2       6        8.53       700     1000      520     1800     2101     2201   
                                         GEOM     BASIS   MCVARS    GRID      RKS      RKS  

 PROGRAMS   *        TOTAL   RKS-SCF       INT   RKS-SCF       INT
 CPU TIMES  *       131.47     54.47      0.12     76.27      0.41
 REAL TIME  *       134.94 SEC
 DISK USED  *        43.69 MB (local),      174.75 MB (total)
 SF USED    *         0.60 MB
 GA USED    *         4.87 MB       (max)       4.87 MB       (current)
 **********************************************************************************************************************************
 SETTING EA_PBE         =       -76.35940998  AU                              

 Dummy atoms: O1  H1  H2


 Recomputing one-electron integrals since nuclear charges changed


 PROGRAM * SEWARD (Integral evaluation for generally contracted gaussian basis sets)     Author: Roland Lindh, 1990

 Geometry written to block  1 of record 700


 Point group  C1  



 ATOMIC COORDINATES

 NR  ATOM    CHARGE       X              Y              Z

   1  O1      0.00   -1.044699229   -0.192180404   -0.000942573
   2  H1      0.00   -1.647386953    1.515167663    0.000272876
   3  H2      0.00    0.779813432   -0.003462447   -0.000475852
   4  N1      7.00    4.922817053    0.205570650    0.000370454
   5  C1      6.00    6.237890009    0.141375156    2.163630365
   6  H3      1.00    5.133019015    0.185993370    3.884921474
   7  C2      6.00    8.862764178    0.018198212    2.258109233
   8  H4      1.00    9.818788683   -0.028769334    4.061529907
   9  C3      6.00   10.206667752   -0.044400474    0.000054424
  10  H5      1.00   12.247269518   -0.142238310   -0.000097563
  11  C4      6.00    8.862489879    0.018072252   -2.257792800
  12  H6      1.00    9.818307584   -0.028930957   -4.061344770
  13  C5      6.00    6.237603574    0.141272930   -2.163030103
  14  H7      1.00    5.132550539    0.185871704   -3.884178584

 Bond lengths in Bohr (Angstrom)

  1- 2  1.810599732   1- 3  1.834246748   4- 5  2.532435859   4-13  2.532409873   5- 6  2.045867488
       ( 0.958128117)       ( 0.970641578)       ( 1.340107345)       ( 1.340093593)       ( 1.082626451)

  5- 7  2.629460633   7- 8  2.041694132   7- 9  2.628460944   9-10  2.042945871   9-11  2.628419884
       ( 1.391450644)       ( 1.080418006)       ( 1.390921631)       ( 1.081080398)       ( 1.390899903)

 11-12  2.041714107  11-13  2.629484073  13-14  2.045845389
       ( 1.080428576)       ( 1.391463048)       ( 1.082614757)

 Bond angles

  2- 1- 3  103.53746219   4- 5- 6  115.95739315   4- 5- 7  123.38528718   4-13-11  123.38436469

  4-13-14  115.95807109   5- 4-13  117.35464992   5- 7- 8  120.01648183   5- 7- 9  118.72757008

  6- 5- 7  120.65712314   7- 9-10  120.79093470   7- 9-11  118.41925478   8- 7- 9  121.25592330

  9-11-12  121.25539586   9-11-13  118.72873602  10- 9-11  120.78974222  11-13-14  120.65737138

 12-11-13  120.01584553

 NUCLEAR CHARGE:                   42
 NUMBER OF PRIMITIVE AOS:         336
 NUMBER OF SYMMETRY AOS:          322
 NUMBER OF CONTRACTIONS:          224   (  224A   )
 NUMBER OF CORE ORBITALS:           6   (    6A   )
 NUMBER OF VALENCE ORBITALS:       29   (   29A   )

 MOLECULE CHANGED: INITIALIZING OCCUPATION AND DUMP RECORDS


 NUCLEAR REPULSION ENERGY  206.28546434


 Eigenvalues of metric

         1 0.867E-05 0.121E-04 0.270E-04 0.319E-04 0.475E-04 0.532E-04 0.607E-04 0.657E-04


 OPERATOR DM      FOR CENTER  0  COORDINATES:    0.000000    0.000000    0.000000


 **********************************************************************************************************************************
 DATASETS  * FILE   NREC   LENGTH (MB)   RECORD NAMES
              1      19       32.06       500      610      700      900      950      970     1000      129      960     1100   
                                          VAR    BASINP    GEOM    SYMINP    ZMAT    AOBASIS   BASIS     P2S    ABASIS      S 
                                         1400     1410     1200     1210     1080     1600     1650     1700     1800   
                                           T        V       H0       H01     AOSYM     SMH    MOLCAS    OPER     GRID   

              2       6        8.53       700     1000      520     1800     2101     2201   
                                         GEOM     BASIS   MCVARS    GRID      RKS      RKS  

 PROGRAMS   *        TOTAL       INT   RKS-SCF       INT   RKS-SCF       INT
 CPU TIMES  *       131.61      0.12     54.47      0.12     76.27      0.41
 REAL TIME  *       135.27 SEC
 DISK USED  *        43.69 MB (local),      174.75 MB (total)
 SF USED    *         0.60 MB
 GA USED    *         4.87 MB       (max)       4.87 MB       (current)
 **********************************************************************************************************************************

 Density functional group PBE=PBEX+PBEC
 Functional: PBEX(Automatically generated (new) PBEX)                          Gradient terms: 1
 Functional: PBEC(Automatically generated (new) PBEC)                          Gradient terms: 1
 Use libxcgrid:  F
 Use grid at  1800.2

 Functional: PBEX                      Factor:  1.0000
 Functional: PBEC                      Factor:  1.0000

 Generated new metagrid on record  1800.2 with target accuracy 1.0D-08 and 150202 points in CPU time    0.4
 Computed new grid on record 1800.1 in CPU time    0.6
  182618 words reserved for DFT integration

 PROGRAM * RKS-SCF (Restricted closed shell Kohn-Sham)     Authors: W. Meyer, H.-J. Werner, P.J. Knowles, 1993

 NUMBER OF ELECTRONS:      21+   21-    SPACE SYMMETRY=1    SPIN SYMMETRY: Singlet 
 CONVERGENCE THRESHOLDS:    1.00E-04 (Density)    1.00E-08 (Energy)
 INTEGRAL THRESHOLDS:       1.00E-11 (Initial)    1.00E-11 (Final)
 MAX. NUMBER OF ITERATIONS:       60
 INTERPOLATION TYPE:            DIIS
 INTERPOLATION STEPS:              2 (START)      1 (STEP)
 LEVEL SHIFTS:                  0.00 (CLOSED)  0.00 (OPEN) 



 Use fine grid record 1800.2 for energy threshold  1.0D-08
 Orbital guess generated from atomic densities. Full valence occupancy:   35

 Molecular orbital dump at record        2301.2

 Initial occupancy:  21

 Direct Fock-matrix evaluation.        Authors: Roland Lindh & Martin Schuetz (1993/96)

 Integral Threshold:                  0.1D-10
 Threshold for writing integrals:     0.1D-06
 Prescreening on density matrix:        ON 
 Calculation will be performed fully direct        

 ITERATION   DDIFF            GRAD            ENERGY        2-EL.EN.            DIPOLE MOMENTS         DIIS   CPU(IT)  CPU(TOT)
    1      0.000D+00      0.000D+00      -247.83469575    660.566017    0.91413   -0.04664   -0.00007    0      8.0     12.8     start
    2      0.000D+00      0.561D-02      -247.63929165    625.894026    1.17027   -0.05635   -0.00004    1      6.6     19.4     diag
    3      0.468D-01      0.852D-02      -247.99292336    646.832560    0.56805   -0.03000   -0.00006    2      6.7     26.1     diag
    4      0.218D-01      0.988D-03      -247.99493267    647.005574    1.18391   -0.05864   -0.00006    3      6.5     32.6     diag
    5      0.313D-02      0.720D-03      -247.99736476    646.447468    0.79185   -0.04006   -0.00006    4      6.5     39.1     diag
    6      0.131D-02      0.233D-03      -247.99754986    646.537196    0.88713   -0.04471   -0.00006    5      6.4     45.5     diag
    7      0.348D-03      0.130D-03      -247.99761341    646.524232    0.87486   -0.04411   -0.00006    6      6.3     51.8     diag
    8      0.159D-03      0.638D-05      -247.99761360    646.535385    0.87463   -0.04407   -0.00006    7      6.2     58.0     diag
    9      0.381D-04      0.137D-05      -247.99761360    646.535546    0.87490   -0.04410   -0.00006    8      6.0     64.0     diag
   10      0.445D-05      0.114D-05      -247.99761359    646.536232    0.87480   -0.04408   -0.00006    0      6.0     70.1     orth

 Final occupancy:  21

 !RKS STATE  1.1 Energy              -247.997613587957
 Nuclear energy                       206.28546434
 One-electron energy                 -741.97328359
 Two-electron energy                  323.26811585
 Density functional                   -35.57791018     PBEX=-34.18889348 PBEC= -1.38901670
 Virial quotient                       -1.00520946
 !RKS STATE  1.1 Dipole moment          0.87479923    -0.04408407    -0.00006430
 Dipole moment /Debye                   2.22337223    -0.11204318    -0.00016341

 Orbital energies:

         1.1          2.1          3.1          4.1          5.1          6.1          7.1          8.1          9.1         10.1
    -14.001060    -9.932065    -9.932037    -9.920722    -9.911848    -9.911827    -0.867100    -0.738767    -0.698344    -0.575505

        11.1         12.1         13.1         14.1         15.1         16.1         17.1         18.1         19.1         20.1
     -0.573646    -0.481907    -0.436188    -0.424131    -0.386092    -0.364737    -0.361308    -0.323978    -0.267836    -0.246388

        21.1         22.1         23.1
     -0.215958    -0.068071    -0.054844


 HOMO     21.1    -0.215958 =      -5.8765eV
 LUMO     22.1    -0.068071 =      -1.8523eV
 LUMO-HOMO         0.147887 =       4.0242eV


 **********************************************************************************************************************************
 DATASETS  * FILE   NREC   LENGTH (MB)   RECORD NAMES
              1      19       32.06       500      610      700      900      950      970     1000      129      960     1100   
                                          VAR    BASINP    GEOM    SYMINP    ZMAT    AOBASIS   BASIS     P2S    ABASIS      S 
                                         1400     1410     1200     1210     1080     1600     1650     1700     1800   
                                           T        V       H0       H01     AOSYM     SMH    MOLCAS    OPER     GRID   

              2       7       13.03       700     1000      520     1800     2101     2201     2301   
                                         GEOM     BASIS   MCVARS    GRID      RKS      RKS      RKS  

 PROGRAMS   *        TOTAL   RKS-SCF       INT   RKS-SCF       INT   RKS-SCF       INT
 CPU TIMES  *       202.31     70.70      0.12     54.47      0.12     76.27      0.41
 REAL TIME  *       206.23 SEC
 DISK USED  *        48.59 MB (local),      194.38 MB (total)
 SF USED    *         0.60 MB
 GA USED    *         4.87 MB       (max)       4.87 MB       (current)
 **********************************************************************************************************************************
 SETTING EB_PBE         =      -247.99761359  AU                              
 SETTING E_AB_INT       =        -0.00978515  AU                              

 *** results in hartree
 E_AB_INT         =        -0.00978515 AU
 Molecular orbitals read from record     2301.2  Type=RKS/CANONICAL (state 1.1)
 Occupation numbers read from record     2301.2  Type=RKS/RHF (state 1.1)
 Orbital energies read from record       2301.2  Type=RKS/CANONICAL (state 1.1)
 Redundancy group numbers read from rec  2301.2  Type=RKS/RHF (state 1.1)

 RPBE/aug-cc-pVDZ energy=   -247.997613587957

         RKS-SCF         RKS-SCF         RKS-SCF
   -247.99761359    -76.35940998   -324.36680872
 **********************************************************************************************************************************
 Molpro calculation terminated
