
 Primary working directories    : /scratch/sirous/50583/molpro.EryNPRdzSa
 Secondary working directories  : /scratch/sirous/50583/molpro.EryNPRdzSa
 Wavefunction directory         : /scratch/sirous/50583/
 Main file repository           : /scratch/sirous/50583/molpro.EryNPRdzSa/

 id        : karlovklimes

 Nodes                      nprocs
 nc-16.cc.karlov.mff.cuni.cz    4

 Using customized tuning parameters: mindgm=1; mindgv=20; mindgc=4; mindgr=1; noblas=0; minvec=7
 default implementation of scratch files=sf  


 Variables initialized (934), CPU time= 0.01 sec
 ***,CH3C6H4CN+CF3CN+BF3
 memory,500,m
 gdirect
 gthresh,energy=1.d-8,twoint=1.d-19,oneint=1.d-19,zero=1.d-15,orbital=1.d-8,grid=1.d-8
 symmetry,nosym
 geomtyp=xyz
                                                                                 ! Geometry
 geometry={
 O1        -0.552831024    -0.10169749     -0.000498788
 H1        -0.871759633    0.801792198     0.0001444
 H2        0.412659497    -0.001832248     -0.00025181
 N1        5.195822904231365    0.23949977777826392     0.0007252636205988535
 C1        5.891729543231365    0.20552898577826395     1.1454731096205988
 H3        5.307056992231365    0.22913992777826392     2.056341137620599
 C2        7.2807531352313655    0.14034655377826394     1.195469173620599
 H4        7.786659516231365    0.11549239877826394     2.149798295620599
 C3        7.991916280231365    0.10722075577826393     0.0005580276205988536
 H5        9.071756231231365    0.055447202778263927     0.00047759962059885355
 C4        7.280607982231365    0.14027989877826394     -1.1942432693794012
 H6        7.786404929231365    0.11540687177826393     -2.148641870379401
 C5        5.891577968231365    0.20547488977826395     -1.1440970093794012
 H7        5.3068090852313645    0.22907554477826392     -2.054889562379401
 }
 
 
 
 basis=avdz
 
 
 
                                                                                 ! Dimer Calculation
 {rks,pbe,accu=1.d-8;orbital,2101.2}
 eab_PBE=energy
 
 
                                                                                 !monomer A
 dummy,4,5,6,7,8,9,10,11,12,13,14;                                               ! NOW MONOMER B IS DUMMY
 {rks,pbe,accu=1.d-8;orbital,2201.2}
 ea_PBE=energy
                                                                                 !monomer B
 dummy,1,2,3;                                                                    !NOW MONOMER A IS DUMMY
 {rks,pbe,accu=1.d-8;orbital,2301.2}
 eb_PBE=energy
 
 E_AB_int=eab_PBE-ea_PBE-eb_PBE
 
 
 text,results in hartree
 show,E_AB_int
 
 Commands  initialized (763), CPU time= 0.01 sec, 617 directives.
 Default parameters read. Elapsed time= 0.20 sec

 Checking input...
 Passed
1


                                         ***  PROGRAM SYSTEM MOLPRO  ***
                                       Copyright, TTI GmbH Stuttgart, 2015
                                    Version 2019.2 linked Jun  8 2019 11:26:33


 **********************************************************************************************************************************
 LABEL *   CH3C6H4CN+CF3CN+BF3                                                           
  64 bit mpp version                                                                     DATE: 17-Oct-19          TIME: 20:36:15  
 **********************************************************************************************************************************

 SHA1:             8135a10abc80eafa5b3ae28ffc55be4890dc4c84
 **********************************************************************************************************************************

 THRESHOLDS:

 ZERO    =  1.00D-15  ONEINT  =  1.00D-19  TWOINT  =  1.00D-19  PREFAC  =  1.00D-14  XXXXXX  =  1.00D-09  EORDER  =  1.00D-04
 ENERGY  =  1.00D-08  ETEST   =  0.00D+00  EDENS   =  0.00D+00  THRDEDEF=  1.00D-06  GRADIENT=  1.00D-02  STEP    =  1.00D-03
 ORBITAL =  1.00D-08  CIVEC   =  1.00D-05  COEFF   =  1.00D-04  PRINTCI =  5.00D-02  PUNCHCI =  9.90D+01  OPTGRAD =  3.00D-04
 OPTENERG=  1.00D-06  OPTSTEP =  3.00D-04  THRGRAD =  1.00D-10  COMPRESS=  1.00D-11  VARMIN  =  1.00D-07  VARMAX  =  1.00D-03
 THRDOUB =  0.00D+00  THRDIV  =  1.00D-05  THRRED  =  1.00D-07  THRPSP  =  1.00D+00  THRDC   =  1.00D-10  THRCS   =  1.00D-10
 THRNRM  =  1.00D-08  THREQ   =  0.00D+00  THRDE   =  1.00D+00  THRREF  =  1.00D-05  SPARFAC =  1.00D+00  THRDLP  =  1.00D-07
 THRDIA  =  1.00D-10  THRDLS  =  1.00D-07  THRGPS  =  0.00D+00  THRKEX  =  0.00D+00  THRDIS  =  2.00D-01  THRVAR  =  1.00D-10
 THRLOC  =  1.00D-06  THRGAP  =  1.00D-06  THRLOCT = -1.00D+00  THRGAPT = -1.00D+00  THRORB  =  1.00D-06  THRMLTP =  0.00D+00
 THRCPQCI=  1.00D-10  KEXTA   =  0.00D+00  THRCOARS=  0.00D+00  SYMTOL  =  1.00D-06  GRADTOL =  1.00D-06  THROVL  =  1.00D-08
 THRORTH =  1.00D-08  GRID    =  1.00D-08  GRIDMAX =  1.00D-03  DTMAX   =  0.00D+00  THROCCDE=  1.00D-01  THROCCDE=  1.00D-01
 THRPRINT=  2.50D-01


 Variable memory set to  500000000 words,  buffer space 

 SETTING GEOMTYP        =    XYZ
 ZSYMEL=NOSYM

 SETTING BASIS          =    AVDZ


 Recomputing integrals since basis changed


 Using spherical harmonics

 Library entry O      S aug-cc-pVDZ          selected for orbital group  1
 Library entry O      P aug-cc-pVDZ          selected for orbital group  1
 Library entry O      D aug-cc-pVDZ          selected for orbital group  1
 Library entry H      S aug-cc-pVDZ          selected for orbital group  2
 Library entry H      P aug-cc-pVDZ          selected for orbital group  2
 Library entry N      S aug-cc-pVDZ          selected for orbital group  3
 Library entry N      P aug-cc-pVDZ          selected for orbital group  3
 Library entry N      D aug-cc-pVDZ          selected for orbital group  3
 Library entry C      S aug-cc-pVDZ          selected for orbital group  4
 Library entry C      P aug-cc-pVDZ          selected for orbital group  4
 Library entry C      D aug-cc-pVDZ          selected for orbital group  4


 PROGRAM * SEWARD (Integral evaluation for generally contracted gaussian basis sets)     Author: Roland Lindh, 1990

 Geometry written to block  1 of record 700


 Point group  C1  



 ATOMIC COORDINATES

 NR  ATOM    CHARGE       X              Y              Z

   1  O1      8.00   -1.044699229   -0.192180404   -0.000942573
   2  H1      1.00   -1.647386953    1.515167663    0.000272876
   3  H2      1.00    0.779813432   -0.003462447   -0.000475852
   4  N1      7.00    9.818682281    0.452588987    0.001370550
   5  C1      6.00   11.133755237    0.388393494    2.164630460
   6  H3      1.00   10.028884243    0.433011708    3.885921569
   7  C2      6.00   13.758629406    0.265216549    2.259109329
   8  H4      1.00   14.714653911    0.218249003    4.062530002
   9  C3      6.00   15.102532980    0.202617863    0.001054519
  10  H5      1.00   17.143134746    0.104780028    0.000902532
  11  C4      6.00   13.758355107    0.265090589   -2.256792705
  12  H6      1.00   14.714172811    0.218087381   -4.060344675
  13  C5      6.00   11.133468801    0.388291267   -2.162030008
  14  H7      1.00   10.028415766    0.432890041   -3.883178489

 Bond lengths in Bohr (Angstrom)

  1- 2  1.810599732   1- 3  1.834246748   4- 5  2.532435859   4-13  2.532409873   5- 6  2.045867488
       ( 0.958128117)       ( 0.970641578)       ( 1.340107345)       ( 1.340093593)       ( 1.082626451)

  5- 7  2.629460633   7- 8  2.041694132   7- 9  2.628460944   9-10  2.042945871   9-11  2.628419884
       ( 1.391450644)       ( 1.080418006)       ( 1.390921631)       ( 1.081080398)       ( 1.390899903)

 11-12  2.041714107  11-13  2.629484073  13-14  2.045845389
       ( 1.080428576)       ( 1.391463048)       ( 1.082614757)

 Bond angles

  2- 1- 3  103.53746219   4- 5- 6  115.95739315   4- 5- 7  123.38528718   4-13-11  123.38436469

  4-13-14  115.95807109   5- 4-13  117.35464992   5- 7- 8  120.01648183   5- 7- 9  118.72757008

  6- 5- 7  120.65712314   7- 9-10  120.79093470   7- 9-11  118.41925478   8- 7- 9  121.25592330

  9-11-12  121.25539586   9-11-13  118.72873602  10- 9-11  120.78974222  11-13-14  120.65737138

 12-11-13  120.01584553

 NUCLEAR CHARGE:                   52
 NUMBER OF PRIMITIVE AOS:         336
 NUMBER OF SYMMETRY AOS:          322
 NUMBER OF CONTRACTIONS:          224   (  224A   )
 NUMBER OF CORE ORBITALS:           7   (    7A   )
 NUMBER OF VALENCE ORBITALS:       35   (   35A   )


 NUCLEAR REPULSION ENERGY  247.10076643


 Eigenvalues of metric

         1 0.114E-04 0.127E-04 0.325E-04 0.328E-04 0.491E-04 0.561E-04 0.647E-04 0.785E-04


 OPERATOR DM      FOR CENTER  0  COORDINATES:    0.000000    0.000000    0.000000


 **********************************************************************************************************************************
 DATASETS  * FILE   NREC   LENGTH (MB)   RECORD NAMES
              1      18       32.06       500      610      700      900      950      970     1000      129      960     1100   
                                          VAR    BASINP    GEOM    SYMINP    ZMAT    AOBASIS   BASIS     P2S    ABASIS      S 
                                         1400     1410     1200     1210     1080     1600     1650     1700   
                                           T        V       H0       H01     AOSYM     SMH    MOLCAS    OPER   

 PROGRAMS   *        TOTAL       INT
 CPU TIMES  *         0.61      0.43
 REAL TIME  *         2.21 SEC
 DISK USED  *        32.62 MB (local),      130.47 MB (total)
 GA USED    *         0.00 MB       (max)       0.00 MB       (current)
 **********************************************************************************************************************************

 Density functional group PBE=PBEX+PBEC
 Functional: PBEX(Automatically generated (new) PBEX)                          Gradient terms: 1
 Functional: PBEC(Automatically generated (new) PBEC)                          Gradient terms: 1
 Use libxcgrid:  F
 Use grid at  1800.2

 Functional: PBEX                      Factor:  1.0000
 Functional: PBEC                      Factor:  1.0000

 Generated new metagrid on record  1800.2 with target accuracy 1.0D-08 and 150202 points in CPU time    0.4
 Computed new grid on record 1800.1 in CPU time    0.6
  182618 words reserved for DFT integration

 PROGRAM * RKS-SCF (Restricted closed shell Kohn-Sham)     Authors: W. Meyer, H.-J. Werner, P.J. Knowles, 1993

 NUMBER OF ELECTRONS:      26+   26-    SPACE SYMMETRY=1    SPIN SYMMETRY: Singlet 
 CONVERGENCE THRESHOLDS:    1.00E-04 (Density)    1.00E-08 (Energy)
 INTEGRAL THRESHOLDS:       1.00E-11 (Initial)    1.00E-11 (Final)
 MAX. NUMBER OF ITERATIONS:       60
 INTERPOLATION TYPE:            DIIS
 INTERPOLATION STEPS:              2 (START)      1 (STEP)
 LEVEL SHIFTS:                  0.00 (CLOSED)  0.00 (OPEN) 



 Use fine grid record 1800.2 for energy threshold  1.0D-08
 Orbital guess generated from atomic densities. Full valence occupancy:   42

 Molecular orbital dump at record        2101.2

 Initial occupancy:  26

 Direct Fock-matrix evaluation.        Authors: Roland Lindh & Martin Schuetz (1993/96)

 Integral Threshold:                  0.1D-10
 Threshold for writing integrals:     0.1D-06
 Prescreening on density matrix:        ON 
 Calculation will be performed fully direct        

 ITERATION   DDIFF            GRAD            ENERGY        2-EL.EN.            DIPOLE MOMENTS         DIIS   CPU(IT)  CPU(TOT)
    1      0.000D+00      0.000D+00      -324.12045450    821.306406    1.51407    0.87423    0.00074    0      7.3     11.2     start
    2      0.000D+00      0.668D-02      -323.60672593    772.222801    1.18912   -0.32812   -0.00027    1      5.9     17.2     diag
    3      0.458D-01      0.124D-01      -324.34584211    802.177647    1.13803    0.65545    0.00056    2      5.9     23.1     diag
    4      0.219D-01      0.159D-02      -324.35562322    803.705711    1.44059    0.52691    0.00045    3      5.8     28.9     diag
    5      0.484D-02      0.610D-03      -324.35715128    802.678546    1.21459    0.55659    0.00048    4      5.7     34.5     diag
    6      0.128D-02      0.267D-03      -324.35740421    802.841930    1.38083    0.54950    0.00047    5      5.6     40.2     diag
    7      0.496D-03      0.161D-03      -324.35754501    802.807593    1.31558    0.54981    0.00047    6      5.6     45.8     diag
    8      0.186D-03      0.133D-04      -324.35754544    802.827424    1.31702    0.55028    0.00047    7      5.5     51.3     diag
    9      0.401D-04      0.867D-05      -324.35754583    802.828278    1.31674    0.55046    0.00047    8      5.4     56.7     diag
   10      0.162D-04      0.765D-06      -324.35754583    802.829006    1.31692    0.55053    0.00047    9      5.2     61.9     orth
   11      0.206D-05      0.159D-06      -324.35754583    802.828972    1.31672    0.55051    0.00047    0      5.1     66.9     orth

 Final occupancy:  26

 !RKS STATE  1.1 Energy              -324.357545828735
 Nuclear energy                       247.10076643
 One-electron energy                 -928.06963300
 Two-electron energy                  401.41448621
 Density functional                   -44.80316546     PBEX=-43.08880853 PBEC= -1.71435693
 Virial quotient                       -1.00536785
 !RKS STATE  1.1 Dipole moment          1.31672260     0.55050873     0.00047309
 Dipole moment /Debye                   3.34655583     1.39916199     0.00120239

 Orbital energies:

         1.1          2.1          3.1          4.1          5.1          6.1          7.1          8.1          9.1         10.1
    -18.772690   -14.004850    -9.935419    -9.935393    -9.923669    -9.914687    -9.914665    -0.925798    -0.870527    -0.741737

        11.1         12.1         13.1         14.1         15.1         16.1         17.1         18.1         19.1         20.1
     -0.701403    -0.578647    -0.576602    -0.484898    -0.474684    -0.439296    -0.426977    -0.389051    -0.367926    -0.364308

        21.1         22.1         23.1         24.1         25.1         26.1         27.1         28.1
     -0.337614    -0.326977    -0.270938    -0.258155    -0.249343    -0.220101    -0.071142    -0.057816


 HOMO     26.1    -0.220101 =      -5.9893eV
 LUMO     27.1    -0.071142 =      -1.9359eV
 LUMO-HOMO         0.148959 =       4.0534eV


 **********************************************************************************************************************************
 DATASETS  * FILE   NREC   LENGTH (MB)   RECORD NAMES
              1      19       32.06       500      610      700      900      950      970     1000      129      960     1100   
                                          VAR    BASINP    GEOM    SYMINP    ZMAT    AOBASIS   BASIS     P2S    ABASIS      S 
                                         1400     1410     1200     1210     1080     1600     1650     1700     1800   
                                           T        V       H0       H01     AOSYM     SMH    MOLCAS    OPER     GRID   

              2       5        4.02       700     1000      520     1800     2101   
                                         GEOM     BASIS   MCVARS    GRID      RKS  

 PROGRAMS   *        TOTAL   RKS-SCF       INT
 CPU TIMES  *        68.17     67.56      0.43
 REAL TIME  *        71.22 SEC
 DISK USED  *        39.79 MB (local),      159.15 MB (total)
 SF USED    *         0.60 MB
 GA USED    *         4.87 MB       (max)       4.87 MB       (current)
 **********************************************************************************************************************************
 SETTING EAB_PBE        =      -324.35754583  AU                              

 Dummy atoms: N1  C1  H3  C2  H4  C3  H5  C4  H6  C5  H7


 Recomputing one-electron integrals since nuclear charges changed


 PROGRAM * SEWARD (Integral evaluation for generally contracted gaussian basis sets)     Author: Roland Lindh, 1990

 Geometry written to block  1 of record 700


 Point group  C1  



 ATOMIC COORDINATES

 NR  ATOM    CHARGE       X              Y              Z

   1  O1      8.00   -1.044699229   -0.192180404   -0.000942573
   2  H1      1.00   -1.647386953    1.515167663    0.000272876
   3  H2      1.00    0.779813432   -0.003462447   -0.000475852
   4  N1      0.00    9.818682281    0.452588987    0.001370550
   5  C1      0.00   11.133755237    0.388393494    2.164630460
   6  H3      0.00   10.028884243    0.433011708    3.885921569
   7  C2      0.00   13.758629406    0.265216549    2.259109329
   8  H4      0.00   14.714653911    0.218249003    4.062530002
   9  C3      0.00   15.102532980    0.202617863    0.001054519
  10  H5      0.00   17.143134746    0.104780028    0.000902532
  11  C4      0.00   13.758355107    0.265090589   -2.256792705
  12  H6      0.00   14.714172811    0.218087381   -4.060344675
  13  C5      0.00   11.133468801    0.388291267   -2.162030008
  14  H7      0.00   10.028415766    0.432890041   -3.883178489

 Bond lengths in Bohr (Angstrom)

  1- 2  1.810599732   1- 3  1.834246748   4- 5  2.532435859   4-13  2.532409873   5- 6  2.045867488
       ( 0.958128117)       ( 0.970641578)       ( 1.340107345)       ( 1.340093593)       ( 1.082626451)

  5- 7  2.629460633   7- 8  2.041694132   7- 9  2.628460944   9-10  2.042945871   9-11  2.628419884
       ( 1.391450644)       ( 1.080418006)       ( 1.390921631)       ( 1.081080398)       ( 1.390899903)

 11-12  2.041714107  11-13  2.629484073  13-14  2.045845389
       ( 1.080428576)       ( 1.391463048)       ( 1.082614757)

 Bond angles

  2- 1- 3  103.53746219   4- 5- 6  115.95739315   4- 5- 7  123.38528718   4-13-11  123.38436469

  4-13-14  115.95807109   5- 4-13  117.35464992   5- 7- 8  120.01648183   5- 7- 9  118.72757008

  6- 5- 7  120.65712314   7- 9-10  120.79093470   7- 9-11  118.41925478   8- 7- 9  121.25592330

  9-11-12  121.25539586   9-11-13  118.72873602  10- 9-11  120.78974222  11-13-14  120.65737138

 12-11-13  120.01584553

 NUCLEAR CHARGE:                   10
 NUMBER OF PRIMITIVE AOS:         336
 NUMBER OF SYMMETRY AOS:          322
 NUMBER OF CONTRACTIONS:          224   (  224A   )
 NUMBER OF CORE ORBITALS:           1   (    1A   )
 NUMBER OF VALENCE ORBITALS:        6   (    6A   )

 MOLECULE CHANGED: INITIALIZING OCCUPATION AND DUMP RECORDS


 NUCLEAR REPULSION ENERGY    9.12915640


 Eigenvalues of metric

         1 0.114E-04 0.127E-04 0.325E-04 0.328E-04 0.491E-04 0.561E-04 0.647E-04 0.785E-04


 OPERATOR DM      FOR CENTER  0  COORDINATES:    0.000000    0.000000    0.000000


 **********************************************************************************************************************************
 DATASETS  * FILE   NREC   LENGTH (MB)   RECORD NAMES
              1      19       32.06       500      610      700      900      950      970     1000      129      960     1100   
                                          VAR    BASINP    GEOM    SYMINP    ZMAT    AOBASIS   BASIS     P2S    ABASIS      S 
                                         1400     1410     1200     1210     1080     1600     1650     1700     1800   
                                           T        V       H0       H01     AOSYM     SMH    MOLCAS    OPER     GRID   

              2       5        4.02       700     1000      520     1800     2101   
                                         GEOM     BASIS   MCVARS    GRID      RKS  

 PROGRAMS   *        TOTAL       INT   RKS-SCF       INT
 CPU TIMES  *        68.29      0.11     67.56      0.43
 REAL TIME  *        71.54 SEC
 DISK USED  *        39.79 MB (local),      159.15 MB (total)
 SF USED    *         0.60 MB
 GA USED    *         4.87 MB       (max)       4.87 MB       (current)
 **********************************************************************************************************************************

 Density functional group PBE=PBEX+PBEC
 Functional: PBEX(Automatically generated (new) PBEX)                          Gradient terms: 1
 Functional: PBEC(Automatically generated (new) PBEC)                          Gradient terms: 1
 Use libxcgrid:  F
 Use grid at  1800.2

 Functional: PBEX                      Factor:  1.0000
 Functional: PBEC                      Factor:  1.0000

 Generated new metagrid on record  1800.2 with target accuracy 1.0D-08 and 150202 points in CPU time    0.5
 Computed new grid on record 1800.1 in CPU time    0.6
  182618 words reserved for DFT integration

 PROGRAM * RKS-SCF (Restricted closed shell Kohn-Sham)     Authors: W. Meyer, H.-J. Werner, P.J. Knowles, 1993

 NUMBER OF ELECTRONS:       5+    5-    SPACE SYMMETRY=1    SPIN SYMMETRY: Singlet 
 CONVERGENCE THRESHOLDS:    1.00E-04 (Density)    1.00E-08 (Energy)
 INTEGRAL THRESHOLDS:       1.00E-11 (Initial)    1.00E-11 (Final)
 MAX. NUMBER OF ITERATIONS:       60
 INTERPOLATION TYPE:            DIIS
 INTERPOLATION STEPS:              2 (START)      1 (STEP)
 LEVEL SHIFTS:                  0.00 (CLOSED)  0.00 (OPEN) 



 Use fine grid record 1800.2 for energy threshold  1.0D-08
 Orbital guess generated from atomic densities. Full valence occupancy:    7

 Molecular orbital dump at record        2201.2

 Initial occupancy:   5

 Direct Fock-matrix evaluation.        Authors: Roland Lindh & Martin Schuetz (1993/96)

 Integral Threshold:                  0.1D-10
 Threshold for writing integrals:     0.1D-06
 Prescreening on density matrix:        ON 
 Calculation will be performed fully direct        

 ITERATION   DDIFF            GRAD            ENERGY        2-EL.EN.            DIPOLE MOMENTS         DIIS   CPU(IT)  CPU(TOT)
    1      0.000D+00      0.000D+00       -76.28455806     97.607360    0.59849    0.92074    0.00082    0      6.9     11.2     start
    2      0.000D+00      0.936D-02       -75.96599860     82.685524   -0.19571   -0.24030   -0.00022    1      5.6     16.9     diag
    3      0.128D-01      0.211D-01       -76.35898160     93.257716    0.39420    0.61454    0.00054    2      5.7     22.5     diag
    4      0.967D-02      0.399D-03       -76.35917057     92.991488    0.38574    0.60347    0.00053    3      5.3     27.9     diag
    5      0.243D-03      0.105D-03       -76.35917881     93.022272    0.38408    0.60050    0.00053    4      5.2     33.0     diag
    6      0.507D-04      0.275D-04       -76.35917949     93.033987    0.38505    0.60200    0.00053    5      4.9     38.0     diag
    7      0.121D-04      0.964D-06       -76.35917949     93.034413    0.38505    0.60200    0.00053    6      4.5     42.4     diag
    8      0.487D-06      0.658D-07       -76.35917949     93.034498    0.38506    0.60201    0.00053    0      3.8     46.2     orth

 Final occupancy:   5

 !RKS STATE  1.1 Energy               -76.359179485733
 Nuclear energy                         9.12915640
 One-electron energy                 -122.78000013
 Two-electron energy                   46.51724917
 Density functional                    -9.22558493     PBEX=-8.90025490 PBEC=-0.32533003
 Virial quotient                       -1.00578367
 !RKS STATE  1.1 Dipole moment          0.38505780     0.60200893     0.00053358
 Dipole moment /Debye                   0.97865520     1.53005385     0.00135615

 Orbital energies:

         1.1          2.1          3.1          4.1          5.1          6.1          7.1
    -18.780160    -0.933304    -0.482294    -0.344920    -0.265388    -0.035347     0.013714


 HOMO      5.1    -0.265388 =      -7.2216eV
 LUMO      6.1    -0.035347 =      -0.9619eV
 LUMO-HOMO         0.230040 =       6.2597eV


 **********************************************************************************************************************************
 DATASETS  * FILE   NREC   LENGTH (MB)   RECORD NAMES
              1      19       32.06       500      610      700      900      950      970     1000      129      960     1100   
                                          VAR    BASINP    GEOM    SYMINP    ZMAT    AOBASIS   BASIS     P2S    ABASIS      S 
                                         1400     1410     1200     1210     1080     1600     1650     1700     1800   
                                           T        V       H0       H01     AOSYM     SMH    MOLCAS    OPER     GRID   

              2       6        8.53       700     1000      520     1800     2101     2201   
                                         GEOM     BASIS   MCVARS    GRID      RKS      RKS  

 PROGRAMS   *        TOTAL   RKS-SCF       INT   RKS-SCF       INT
 CPU TIMES  *       115.20     46.92      0.11     67.56      0.43
 REAL TIME  *       118.59 SEC
 DISK USED  *        43.69 MB (local),      174.75 MB (total)
 SF USED    *         0.60 MB
 GA USED    *         4.87 MB       (max)       4.87 MB       (current)
 **********************************************************************************************************************************
 SETTING EA_PBE         =       -76.35917949  AU                              

 Dummy atoms: O1  H1  H2


 Recomputing one-electron integrals since nuclear charges changed


 PROGRAM * SEWARD (Integral evaluation for generally contracted gaussian basis sets)     Author: Roland Lindh, 1990

 Geometry written to block  1 of record 700


 Point group  C1  



 ATOMIC COORDINATES

 NR  ATOM    CHARGE       X              Y              Z

   1  O1      0.00   -1.044699229   -0.192180404   -0.000942573
   2  H1      0.00   -1.647386953    1.515167663    0.000272876
   3  H2      0.00    0.779813432   -0.003462447   -0.000475852
   4  N1      7.00    9.818682281    0.452588987    0.001370550
   5  C1      6.00   11.133755237    0.388393494    2.164630460
   6  H3      1.00   10.028884243    0.433011708    3.885921569
   7  C2      6.00   13.758629406    0.265216549    2.259109329
   8  H4      1.00   14.714653911    0.218249003    4.062530002
   9  C3      6.00   15.102532980    0.202617863    0.001054519
  10  H5      1.00   17.143134746    0.104780028    0.000902532
  11  C4      6.00   13.758355107    0.265090589   -2.256792705
  12  H6      1.00   14.714172811    0.218087381   -4.060344675
  13  C5      6.00   11.133468801    0.388291267   -2.162030008
  14  H7      1.00   10.028415766    0.432890041   -3.883178489

 Bond lengths in Bohr (Angstrom)

  1- 2  1.810599732   1- 3  1.834246748   4- 5  2.532435859   4-13  2.532409873   5- 6  2.045867488
       ( 0.958128117)       ( 0.970641578)       ( 1.340107345)       ( 1.340093593)       ( 1.082626451)

  5- 7  2.629460633   7- 8  2.041694132   7- 9  2.628460944   9-10  2.042945871   9-11  2.628419884
       ( 1.391450644)       ( 1.080418006)       ( 1.390921631)       ( 1.081080398)       ( 1.390899903)

 11-12  2.041714107  11-13  2.629484073  13-14  2.045845389
       ( 1.080428576)       ( 1.391463048)       ( 1.082614757)

 Bond angles

  2- 1- 3  103.53746219   4- 5- 6  115.95739315   4- 5- 7  123.38528718   4-13-11  123.38436469

  4-13-14  115.95807109   5- 4-13  117.35464992   5- 7- 8  120.01648183   5- 7- 9  118.72757008

  6- 5- 7  120.65712314   7- 9-10  120.79093470   7- 9-11  118.41925478   8- 7- 9  121.25592330

  9-11-12  121.25539586   9-11-13  118.72873602  10- 9-11  120.78974222  11-13-14  120.65737138

 12-11-13  120.01584553

 NUCLEAR CHARGE:                   42
 NUMBER OF PRIMITIVE AOS:         336
 NUMBER OF SYMMETRY AOS:          322
 NUMBER OF CONTRACTIONS:          224   (  224A   )
 NUMBER OF CORE ORBITALS:           6   (    6A   )
 NUMBER OF VALENCE ORBITALS:       29   (   29A   )

 MOLECULE CHANGED: INITIALIZING OCCUPATION AND DUMP RECORDS


 NUCLEAR REPULSION ENERGY  206.28546434


 Eigenvalues of metric

         1 0.114E-04 0.127E-04 0.325E-04 0.328E-04 0.491E-04 0.561E-04 0.647E-04 0.785E-04


 OPERATOR DM      FOR CENTER  0  COORDINATES:    0.000000    0.000000    0.000000


 **********************************************************************************************************************************
 DATASETS  * FILE   NREC   LENGTH (MB)   RECORD NAMES
              1      19       32.06       500      610      700      900      950      970     1000      129      960     1100   
                                          VAR    BASINP    GEOM    SYMINP    ZMAT    AOBASIS   BASIS     P2S    ABASIS      S 
                                         1400     1410     1200     1210     1080     1600     1650     1700     1800   
                                           T        V       H0       H01     AOSYM     SMH    MOLCAS    OPER     GRID   

              2       6        8.53       700     1000      520     1800     2101     2201   
                                         GEOM     BASIS   MCVARS    GRID      RKS      RKS  

 PROGRAMS   *        TOTAL       INT   RKS-SCF       INT   RKS-SCF       INT
 CPU TIMES  *       115.32      0.11     46.92      0.11     67.56      0.43
 REAL TIME  *       118.91 SEC
 DISK USED  *        43.69 MB (local),      174.75 MB (total)
 SF USED    *         0.60 MB
 GA USED    *         4.87 MB       (max)       4.87 MB       (current)
 **********************************************************************************************************************************

 Density functional group PBE=PBEX+PBEC
 Functional: PBEX(Automatically generated (new) PBEX)                          Gradient terms: 1
 Functional: PBEC(Automatically generated (new) PBEC)                          Gradient terms: 1
 Use libxcgrid:  F
 Use grid at  1800.2

 Functional: PBEX                      Factor:  1.0000
 Functional: PBEC                      Factor:  1.0000

 Generated new metagrid on record  1800.2 with target accuracy 1.0D-08 and 150202 points in CPU time    0.4
 Computed new grid on record 1800.1 in CPU time    0.5
  182618 words reserved for DFT integration

 PROGRAM * RKS-SCF (Restricted closed shell Kohn-Sham)     Authors: W. Meyer, H.-J. Werner, P.J. Knowles, 1993

 NUMBER OF ELECTRONS:      21+   21-    SPACE SYMMETRY=1    SPIN SYMMETRY: Singlet 
 CONVERGENCE THRESHOLDS:    1.00E-04 (Density)    1.00E-08 (Energy)
 INTEGRAL THRESHOLDS:       1.00E-11 (Initial)    1.00E-11 (Final)
 MAX. NUMBER OF ITERATIONS:       60
 INTERPOLATION TYPE:            DIIS
 INTERPOLATION STEPS:              2 (START)      1 (STEP)
 LEVEL SHIFTS:                  0.00 (CLOSED)  0.00 (OPEN) 



 Use fine grid record 1800.2 for energy threshold  1.0D-08
 Orbital guess generated from atomic densities. Full valence occupancy:   35

 Molecular orbital dump at record        2301.2

 Initial occupancy:  21

 Direct Fock-matrix evaluation.        Authors: Roland Lindh & Martin Schuetz (1993/96)

 Integral Threshold:                  0.1D-10
 Threshold for writing integrals:     0.1D-06
 Prescreening on density matrix:        ON 
 Calculation will be performed fully direct        

 ITERATION   DDIFF            GRAD            ENERGY        2-EL.EN.            DIPOLE MOMENTS         DIIS   CPU(IT)  CPU(TOT)
    1      0.000D+00      0.000D+00      -247.83458467    660.558424    0.91453   -0.04655   -0.00007    0      7.2     11.6     start
    2      0.000D+00      0.560D-02      -247.63941278    625.906430    1.17348   -0.05655   -0.00004    1      5.9     17.5     diag
    3      0.430D-01      0.851D-02      -247.99272079    646.826324    0.56797   -0.02997   -0.00006    2      5.9     23.4     diag
    4      0.204D-01      0.988D-03      -247.99472792    647.004124    1.18577   -0.05870   -0.00006    3      5.7     29.1     diag
    5      0.299D-02      0.721D-03      -247.99717071    646.445197    0.79333   -0.04010   -0.00006    4      5.7     34.8     diag
    6      0.124D-02      0.233D-03      -247.99735500    646.534482    0.88811   -0.04472   -0.00006    5      5.6     40.3     diag
    7      0.336D-03      0.130D-03      -247.99741841    646.521697    0.87603   -0.04413   -0.00006    6      5.5     45.8     diag
    8      0.152D-03      0.637D-05      -247.99741860    646.532837    0.87579   -0.04409   -0.00006    7      5.4     51.3     diag
    9      0.290D-04      0.137D-05      -247.99741860    646.533000    0.87606   -0.04412   -0.00006    8      5.2     56.4     diag
   10      0.433D-05      0.114D-05      -247.99741859    646.533692    0.87597   -0.04411   -0.00006    0      5.3     61.7     orth

 Final occupancy:  21

 !RKS STATE  1.1 Energy              -247.997418587085
 Nuclear energy                       206.28546434
 One-electron energy                 -741.97204260
 Two-electron energy                  323.26684622
 Density functional                   -35.57768655     PBEX=-34.18863591 PBEC= -1.38905064
 Virial quotient                       -1.00522682
 !RKS STATE  1.1 Dipole moment          0.87596612    -0.04410539    -0.00006432
 Dipole moment /Debye                   2.22633796    -0.11209738    -0.00016347

 Orbital energies:

         1.1          2.1          3.1          4.1          5.1          6.1          7.1          8.1          9.1         10.1
    -14.001072    -9.932191    -9.932164    -9.920759    -9.911909    -9.911888    -0.867115    -0.738775    -0.698356    -0.575508

        11.1         12.1         13.1         14.1         15.1         16.1         17.1         18.1         19.1         20.1
     -0.573656    -0.481913    -0.436194    -0.424122    -0.386100    -0.364744    -0.361306    -0.323986    -0.267843    -0.246395

        21.1         22.1         23.1
     -0.215958    -0.068074    -0.054850


 HOMO     21.1    -0.215958 =      -5.8765eV
 LUMO     22.1    -0.068074 =      -1.8524eV
 LUMO-HOMO         0.147884 =       4.0241eV


 **********************************************************************************************************************************
 DATASETS  * FILE   NREC   LENGTH (MB)   RECORD NAMES
              1      19       32.06       500      610      700      900      950      970     1000      129      960     1100   
                                          VAR    BASINP    GEOM    SYMINP    ZMAT    AOBASIS   BASIS     P2S    ABASIS      S 
                                         1400     1410     1200     1210     1080     1600     1650     1700     1800   
                                           T        V       H0       H01     AOSYM     SMH    MOLCAS    OPER     GRID   

              2       7       13.03       700     1000      520     1800     2101     2201     2301   
                                         GEOM     BASIS   MCVARS    GRID      RKS      RKS      RKS  

 PROGRAMS   *        TOTAL   RKS-SCF       INT   RKS-SCF       INT   RKS-SCF       INT
 CPU TIMES  *       177.62     62.29      0.11     46.92      0.11     67.56      0.43
 REAL TIME  *       181.50 SEC
 DISK USED  *        48.59 MB (local),      194.38 MB (total)
 SF USED    *         0.60 MB
 GA USED    *         4.87 MB       (max)       4.87 MB       (current)
 **********************************************************************************************************************************
 SETTING EB_PBE         =      -247.99741859  AU                              
 SETTING E_AB_INT       =        -0.00094776  AU                              

 *** results in hartree
 E_AB_INT         =        -0.00094776 AU
 Molecular orbitals read from record     2301.2  Type=RKS/CANONICAL (state 1.1)
 Occupation numbers read from record     2301.2  Type=RKS/RHF (state 1.1)
 Orbital energies read from record       2301.2  Type=RKS/CANONICAL (state 1.1)
 Redundancy group numbers read from rec  2301.2  Type=RKS/RHF (state 1.1)

 RPBE/aug-cc-pVDZ energy=   -247.997418587085

         RKS-SCF         RKS-SCF         RKS-SCF
   -247.99741859    -76.35917949   -324.35754583
 **********************************************************************************************************************************
 Molpro calculation terminated
