
 Primary working directories    : /scratch/sirous/60210/molpro.iQqP0gSEr5
 Secondary working directories  : /scratch/sirous/60210/molpro.iQqP0gSEr5
 Wavefunction directory         : /scratch/sirous/60210/
 Main file repository           : /scratch/sirous/60210/molpro.iQqP0gSEr5/

 id        : karlovklimes

 Nodes                      nprocs
 nc-01.cc.karlov.mff.cuni.cz    4

 Using customized tuning parameters: mindgm=1; mindgv=20; mindgc=4; mindgr=1; noblas=0; minvec=7
 default implementation of scratch files=sf  


 Variables initialized (934), CPU time= 0.01 sec
 ***,CH3C6H4CN+CF3CN+BF3
 memory,500,m
 gdirect
 gthresh,energy=1.d-8,twoint=1.d-19,oneint=1.d-19,zero=1.d-15,orbital=1.d-8,grid=1.d-8
 symmetry,nosym
 geomtyp=xyz
                                                                                 ! Geometry
 geometry={
 N1        1.381382191    -0.000233477     0.131463739
 C1        0.679350788    -1.140239457     0.09207966
 H1        1.258719604    -2.054962232     0.125883611
 C2        -0.709722319    -1.193114069     0.006664265
 H2        -1.214087679    -2.148561633     -0.02530851
 C3        -1.421613574    0.000133427     -0.040816901
 H3        -2.500696146    0.000257571     -0.109169733
 C4        -0.709401197    1.19317538     0.006521983
 H4        -1.213511626    2.148747839     -0.025528309
 C5        0.679651666    1.139956229     0.091893028
 H5        1.25926073    2.054510898     0.125502478
 C6        0.08538309589420691    0.6667580352854926     10.796417102094756
 H6        0.9958570988942068    1.2262437542854925     10.637302259094756
 H7        -0.8241644021057931    1.2291622622854925     10.953377606094756
 C7        0.08571577989420691    -0.6659292647145074     10.796549341094757
 H8        0.9964514708942068    -1.2250117487145076     10.637538908094756
 H9        -0.8235723141057931    -1.2287540357145075     10.953638492094756
 }
 
 
 
 basis=avqz
 
 
 
                                                                                 ! Dimer Calculation
 {rks,pbe,accu=1.d-8;orbital,2101.2}
 eab_PBE=energy
 
 
                                                                                 !monomer A
 dummy,12,13,14,15,16,17;                                                        ! NOW MONOMER B IS DUMMY
 {rks,pbe,accu=1.d-8;orbital,2201.2}
 ea_PBE=energy
                                                                                 !monomer B
 dummy,1,2,3,4,5,6,7,8,9,10,11;                                                  !NOW MONOMER A IS DUMMY
 {rks,pbe,accu=1.d-8;orbital,2301.2}
 eb_PBE=energy
 
 E_AB_int=eab_PBE-ea_PBE-eb_PBE
 
 
 text,results in hartree
 show,E_AB_int
 
 Commands  initialized (763), CPU time= 0.01 sec, 617 directives.
 Default parameters read. Elapsed time= 0.21 sec

 Checking input...
 Passed
1


                                         ***  PROGRAM SYSTEM MOLPRO  ***
                                       Copyright, TTI GmbH Stuttgart, 2015
                                    Version 2019.2 linked Jun  8 2019 11:26:33


 **********************************************************************************************************************************
 LABEL *   CH3C6H4CN+CF3CN+BF3                                                           
  64 bit mpp version                                                                     DATE: 19-Oct-19          TIME: 04:32:39  
 **********************************************************************************************************************************

 SHA1:             8135a10abc80eafa5b3ae28ffc55be4890dc4c84
 **********************************************************************************************************************************

 THRESHOLDS:

 ZERO    =  1.00D-15  ONEINT  =  1.00D-19  TWOINT  =  1.00D-19  PREFAC  =  1.00D-14  XXXXXX  =  1.00D-09  EORDER  =  1.00D-04
 ENERGY  =  1.00D-08  ETEST   =  0.00D+00  EDENS   =  0.00D+00  THRDEDEF=  1.00D-06  GRADIENT=  1.00D-02  STEP    =  1.00D-03
 ORBITAL =  1.00D-08  CIVEC   =  1.00D-05  COEFF   =  1.00D-04  PRINTCI =  5.00D-02  PUNCHCI =  9.90D+01  OPTGRAD =  3.00D-04
 OPTENERG=  1.00D-06  OPTSTEP =  3.00D-04  THRGRAD =  1.00D-10  COMPRESS=  1.00D-11  VARMIN  =  1.00D-07  VARMAX  =  1.00D-03
 THRDOUB =  0.00D+00  THRDIV  =  1.00D-05  THRRED  =  1.00D-07  THRPSP  =  1.00D+00  THRDC   =  1.00D-10  THRCS   =  1.00D-10
 THRNRM  =  1.00D-08  THREQ   =  0.00D+00  THRDE   =  1.00D+00  THRREF  =  1.00D-05  SPARFAC =  1.00D+00  THRDLP  =  1.00D-07
 THRDIA  =  1.00D-10  THRDLS  =  1.00D-07  THRGPS  =  0.00D+00  THRKEX  =  0.00D+00  THRDIS  =  2.00D-01  THRVAR  =  1.00D-10
 THRLOC  =  1.00D-06  THRGAP  =  1.00D-06  THRLOCT = -1.00D+00  THRGAPT = -1.00D+00  THRORB  =  1.00D-06  THRMLTP =  0.00D+00
 THRCPQCI=  1.00D-10  KEXTA   =  0.00D+00  THRCOARS=  0.00D+00  SYMTOL  =  1.00D-06  GRADTOL =  1.00D-06  THROVL  =  1.00D-08
 THRORTH =  1.00D-08  GRID    =  1.00D-08  GRIDMAX =  1.00D-03  DTMAX   =  0.00D+00  THROCCDE=  1.00D-01  THROCCDE=  1.00D-01
 THRPRINT=  2.50D-01


 Variable memory set to  500000000 words,  buffer space 

 SETTING GEOMTYP        =    XYZ
 ZSYMEL=NOSYM

 SETTING BASIS          =    AVQZ


 Recomputing integrals since basis changed


 Using spherical harmonics

 Library entry N      S aug-cc-pVQZ          selected for orbital group  1
 Library entry N      P aug-cc-pVQZ          selected for orbital group  1
 Library entry N      D aug-cc-pVQZ          selected for orbital group  1
 Library entry N      F aug-cc-pVQZ          selected for orbital group  1
 Library entry N      G aug-cc-pVQZ          selected for orbital group  1
 Library entry C      S aug-cc-pVQZ          selected for orbital group  2
 Library entry C      P aug-cc-pVQZ          selected for orbital group  2
 Library entry C      D aug-cc-pVQZ          selected for orbital group  2
 Library entry C      F aug-cc-pVQZ          selected for orbital group  2
 Library entry C      G aug-cc-pVQZ          selected for orbital group  2
 Library entry H      S aug-cc-pVQZ          selected for orbital group  3
 Library entry H      P aug-cc-pVQZ          selected for orbital group  3
 Library entry H      D aug-cc-pVQZ          selected for orbital group  3
 Library entry H      F aug-cc-pVQZ          selected for orbital group  3


 PROGRAM * SEWARD (Integral evaluation for generally contracted gaussian basis sets)     Author: Roland Lindh, 1990

 Geometry written to block  1 of record 700


 Point group  C1  



 ATOMIC COORDINATES

 NR  ATOM    CHARGE       X              Y              Z

   1  N1      7.00    2.610434014   -0.000441208    0.248430462
   2  C1      6.00    1.283786932   -2.154740290    0.174005339
   3  H1      1.00    2.378635319   -3.883315815    0.237885548
   4  C2      6.00   -1.341180807   -2.254658826    0.012593636
   5  H2      1.00   -2.294293205   -4.060193048   -0.047826153
   6  C3      6.00   -2.686460310    0.000252140   -0.077132764
   7  H3      1.00   -4.725630837    0.000486739   -0.206300896
   8  C4      6.00   -1.340573975    2.254774687    0.012324762
   9  H4      1.00   -2.293204622    4.060544926   -0.048241512
  10  C5      6.00    1.284355509    2.154205067    0.173652656
  11  H5      1.00    2.379657899    3.882462917    0.237165311
  12  C6      6.00    0.161350667    1.259990078   20.402271450
  13  H6      1.00    1.881897176    2.317264858   20.101587974
  14  H7      1.00   -1.557445002    2.322780038   20.698883814
  15  C7      6.00    0.161979349   -1.258423929   20.402521345
  16  H8      1.00    1.883020376   -2.314936704   20.102035176
  17  H9      1.00   -1.556326117   -2.322008602   20.699376818

 Bond lengths in Bohr (Angstrom)

  1- 2  2.531113612   1-10  2.531121588   2- 3  2.047131412   2- 4  2.631823148   4- 5  2.042554190
       ( 1.339407642)       ( 1.339411862)       ( 1.083295291)       ( 1.392700833)       ( 1.080873130)

  4- 6  2.627251650   6- 7  2.043257424   6- 8  2.627219935   8- 9  2.042542431   8-10  2.631804653
       ( 1.390281701)       ( 1.081245265)       ( 1.390264918)       ( 1.080866907)       ( 1.392691046)

 10-11  2.047094619  12-13  2.041695570  12-14  2.042488665  12-15  2.518414098  15-16  2.041688860
       ( 1.083275821)       ( 1.080418768)       ( 1.080838455)       ( 1.332687348)       ( 1.080415217)

 15-17  2.042525203
       ( 1.080857790)

 Bond angles

  1- 2- 3  115.94104896   1- 2- 4  123.84080659   1-10- 8  123.84038577   1-10-11  115.94073766

  2- 1-10  116.68359860   2- 4- 5  120.05204129   2- 4- 6  118.70003589   3- 2- 4  120.21749290

  4-6-7  120.88266055   4-6-8  118.23210791   5-4-6  121.24750418   6-8-9  121.24692435

  6- 8-10  118.70121561   7- 6- 8  120.88487508   8-10-11  120.21822492   9- 8-10  120.05144106

 12-15-16  121.17580960  12-15-17  121.36746461  13-12-14  117.45720894  13-12-15  121.17446631

 14-12-15  121.36823453  16-15-17  117.45663594

 NUCLEAR CHARGE:                   58
 NUMBER OF PRIMITIVE AOS:        1457
 NUMBER OF SYMMETRY AOS:         1176
 NUMBER OF CONTRACTIONS:         1054   ( 1054A   )
 NUMBER OF CORE ORBITALS:           8   (    8A   )
 NUMBER OF VALENCE ORBITALS:       41   (   41A   )


 NUCLEAR REPULSION ENERGY  272.34271013


 Eigenvalues of metric

         1 0.689E-06 0.119E-05 0.130E-05 0.159E-05 0.220E-05 0.231E-05 0.278E-05 0.283E-05


 OPERATOR DM      FOR CENTER  0  COORDINATES:    0.000000    0.000000    0.000000


 **********************************************************************************************************************************
 DATASETS  * FILE   NREC   LENGTH (MB)   RECORD NAMES
              1      18       70.62       500      610      700      900      950      970     1000      129      960     1100   
                                          VAR    BASINP    GEOM    SYMINP    ZMAT    AOBASIS   BASIS     P2S    ABASIS      S 
                                         1400     1410     1200     1210     1080     1600     1650     1700   
                                           T        V       H0       H01     AOSYM     SMH    MOLCAS    OPER   

 PROGRAMS   *        TOTAL       INT
 CPU TIMES  *         2.62      2.42
 REAL TIME  *         6.11 SEC
 DISK USED  *        71.50 MB (local),      286.02 MB (total)
 GA USED    *         0.00 MB       (max)       0.00 MB       (current)
 **********************************************************************************************************************************

 Density functional group PBE=PBEX+PBEC
 Functional: PBEX(Automatically generated (new) PBEX)                          Gradient terms: 1
 Functional: PBEC(Automatically generated (new) PBEC)                          Gradient terms: 1
 Use libxcgrid:  F
 Use grid at  1800.2

 Functional: PBEX                      Factor:  1.0000
 Functional: PBEC                      Factor:  1.0000

 Generated new metagrid on record  1800.2 with target accuracy 1.0D-08 and 181434 points in CPU time    0.5
 Computed new grid on record 1800.1 in CPU time    0.7
  847085 words reserved for DFT integration

 PROGRAM * RKS-SCF (Restricted closed shell Kohn-Sham)     Authors: W. Meyer, H.-J. Werner, P.J. Knowles, 1993

 NUMBER OF ELECTRONS:      29+   29-    SPACE SYMMETRY=1    SPIN SYMMETRY: Singlet 
 CONVERGENCE THRESHOLDS:    1.00E-04 (Density)    1.00E-08 (Energy)
 INTEGRAL THRESHOLDS:       1.00E-13 (Initial)    1.00E-13 (Final)
 MAX. NUMBER OF ITERATIONS:       60
 INTERPOLATION TYPE:            DIIS
 INTERPOLATION STEPS:              2 (START)      1 (STEP)
 LEVEL SHIFTS:                  0.00 (CLOSED)  0.00 (OPEN) 



 Use fine grid record 1800.2 for energy threshold  1.0D-08
 Orbital guess generated from atomic densities. Full valence occupancy:   49

 Molecular orbital dump at record        2101.2

 Initial occupancy:  29

 Direct Fock-matrix evaluation.        Authors: Roland Lindh & Martin Schuetz (1993/96)

 Integral Threshold:                  0.1D-12
 Threshold for writing integrals:     0.1D-06
 Prescreening on density matrix:        ON 
 Calculation will be performed fully direct        

 ITERATION   DDIFF            GRAD            ENERGY        2-EL.EN.            DIPOLE MOMENTS         DIIS   CPU(IT)  CPU(TOT)
    1      0.000D+00      0.000D+00      -326.25315780    875.837304   -0.94551    0.00004   -0.05924    0   1064.0   1098.4     start
    2      0.000D+00      0.317D-02      -325.82578267    820.136619   -1.06807    0.00037   -0.07082    1   1058.8   2157.2     diag
    3      0.576D-02      0.476D-02      -326.57158369    854.895361   -0.60687    0.00001   -0.03773    2   1048.5   3205.7     diag
    4      0.360D-02      0.452D-03      -326.57372522    854.178572   -1.22514    0.00024   -0.07686    3   1011.1   4216.8     diag
    5      0.517D-03      0.348D-03      -326.57718107    853.576512   -0.72915    0.00007   -0.04593    4   1002.2   5219.0     diag
    6      0.290D-03      0.142D-03      -326.57772697    853.755823   -0.90803    0.00013   -0.05689    5    985.9   6205.0     diag
    7      0.100D-03      0.649D-04      -326.57783339    853.709960   -0.87441    0.00012   -0.05497    6    956.6   7161.6     diag
    8      0.395D-04      0.839D-05      -326.57783486    853.716747   -0.87421    0.00012   -0.05490    7    927.2   8088.7     diag
    9      0.720D-05      0.365D-05      -326.57783528    853.727138   -0.87501    0.00012   -0.05496    8    899.5   8988.2     diag
   10      0.306D-05      0.381D-06      -326.57783528    853.726370   -0.87506    0.00011   -0.05497    9    842.9   9831.1     orth
   11      0.425D-06      0.794D-07      -326.57783528    853.726048   -0.87499    0.00013   -0.05496    0    808.4  10639.5     orth

 Final occupancy:  29

 !RKS STATE  1.1 Energy              -326.577835280126
 Nuclear energy                       272.34271013
 One-electron energy                 -978.00458127
 Two-electron energy                  426.86302417
 Density functional                   -47.77898831     PBEX=-45.90201463 PBEC= -1.87697369
 Virial quotient                       -1.00450135
 !RKS STATE  1.1 Dipole moment         -0.87498651     0.00013030    -0.05495785
 Dipole moment /Debye                  -2.22384821     0.00033117    -0.13967976

 Orbital energies:

         1.1          2.1          3.1          4.1          5.1          6.1          7.1          8.1          9.1         10.1
    -13.983579    -9.920342    -9.920339    -9.908920    -9.899917    -9.899907    -9.882982    -9.882283    -0.864882    -0.737106

        11.1         12.1         13.1         14.1         15.1         16.1         17.1         18.1         19.1         20.1
     -0.695482    -0.691111    -0.574004    -0.572509    -0.523650    -0.482152    -0.436020    -0.423625    -0.423599    -0.385137

        21.1         22.1         23.1         24.1         25.1         26.1         27.1         28.1         29.1         30.1
     -0.372963    -0.365545    -0.361940    -0.323705    -0.314508    -0.269029    -0.248017    -0.246414    -0.218268    -0.069079

        31.1
     -0.055529


 HOMO     29.1    -0.218268 =      -5.9394eV
 LUMO     30.1    -0.069079 =      -1.8797eV
 LUMO-HOMO         0.149189 =       4.0597eV


 **********************************************************************************************************************************
 DATASETS  * FILE   NREC   LENGTH (MB)   RECORD NAMES
              1      19       70.62       500      610      700      900      950      970     1000      129      960     1100   
                                          VAR    BASINP    GEOM    SYMINP    ZMAT    AOBASIS   BASIS     P2S    ABASIS      S 
                                         1400     1410     1200     1210     1080     1600     1650     1700     1800   
                                           T        V       H0       H01     AOSYM     SMH    MOLCAS    OPER     GRID   

              2       5       25.47       700     1000      520     1800     2101   
                                         GEOM     BASIS   MCVARS    GRID      RKS  

 PROGRAMS   *        TOTAL   RKS-SCF       INT
 CPU TIMES  *     10645.55  10642.92      2.42
 REAL TIME  *     10712.34 SEC
 DISK USED  *       176.36 MB (local),      705.43 MB (total)
 SF USED    *        13.34 MB
 GA USED    *         5.87 MB       (max)       5.87 MB       (current)
 **********************************************************************************************************************************
 SETTING EAB_PBE        =      -326.57783528  AU                              

 Dummy atoms: C6  H6  H7  C7  H8  H9


 Recomputing one-electron integrals since nuclear charges changed


 PROGRAM * SEWARD (Integral evaluation for generally contracted gaussian basis sets)     Author: Roland Lindh, 1990

 Geometry written to block  1 of record 700


 Point group  C1  



 ATOMIC COORDINATES

 NR  ATOM    CHARGE       X              Y              Z

   1  N1      7.00    2.610434014   -0.000441208    0.248430462
   2  C1      6.00    1.283786932   -2.154740290    0.174005339
   3  H1      1.00    2.378635319   -3.883315815    0.237885548
   4  C2      6.00   -1.341180807   -2.254658826    0.012593636
   5  H2      1.00   -2.294293205   -4.060193048   -0.047826153
   6  C3      6.00   -2.686460310    0.000252140   -0.077132764
   7  H3      1.00   -4.725630837    0.000486739   -0.206300896
   8  C4      6.00   -1.340573975    2.254774687    0.012324762
   9  H4      1.00   -2.293204622    4.060544926   -0.048241512
  10  C5      6.00    1.284355509    2.154205067    0.173652656
  11  H5      1.00    2.379657899    3.882462917    0.237165311
  12  C6      0.00    0.161350667    1.259990078   20.402271450
  13  H6      0.00    1.881897176    2.317264858   20.101587974
  14  H7      0.00   -1.557445002    2.322780038   20.698883814
  15  C7      0.00    0.161979349   -1.258423929   20.402521345
  16  H8      0.00    1.883020376   -2.314936704   20.102035176
  17  H9      0.00   -1.556326117   -2.322008602   20.699376818

 Bond lengths in Bohr (Angstrom)

  1- 2  2.531113612   1-10  2.531121588   2- 3  2.047131412   2- 4  2.631823148   4- 5  2.042554190
       ( 1.339407642)       ( 1.339411862)       ( 1.083295291)       ( 1.392700833)       ( 1.080873130)

  4- 6  2.627251650   6- 7  2.043257424   6- 8  2.627219935   8- 9  2.042542431   8-10  2.631804653
       ( 1.390281701)       ( 1.081245265)       ( 1.390264918)       ( 1.080866907)       ( 1.392691046)

 10-11  2.047094619  12-13  2.041695570  12-14  2.042488665  12-15  2.518414098  15-16  2.041688860
       ( 1.083275821)       ( 1.080418768)       ( 1.080838455)       ( 1.332687348)       ( 1.080415217)

 15-17  2.042525203
       ( 1.080857790)

 Bond angles

  1- 2- 3  115.94104896   1- 2- 4  123.84080659   1-10- 8  123.84038577   1-10-11  115.94073766

  2- 1-10  116.68359860   2- 4- 5  120.05204129   2- 4- 6  118.70003589   3- 2- 4  120.21749290

  4-6-7  120.88266055   4-6-8  118.23210791   5-4-6  121.24750418   6-8-9  121.24692435

  6- 8-10  118.70121561   7- 6- 8  120.88487508   8-10-11  120.21822492   9- 8-10  120.05144106

 12-15-16  121.17580960  12-15-17  121.36746461  13-12-14  117.45720894  13-12-15  121.17446631

 14-12-15  121.36823453  16-15-17  117.45663594

 NUCLEAR CHARGE:                   42
 NUMBER OF PRIMITIVE AOS:        1457
 NUMBER OF SYMMETRY AOS:         1176
 NUMBER OF CONTRACTIONS:         1054   ( 1054A   )
 NUMBER OF CORE ORBITALS:           6   (    6A   )
 NUMBER OF VALENCE ORBITALS:       29   (   29A   )

 MOLECULE CHANGED: INITIALIZING OCCUPATION AND DUMP RECORDS


 NUCLEAR REPULSION ENERGY  206.29228993


 Eigenvalues of metric

         1 0.689E-06 0.119E-05 0.130E-05 0.159E-05 0.220E-05 0.231E-05 0.278E-05 0.283E-05


 OPERATOR DM      FOR CENTER  0  COORDINATES:    0.000000    0.000000    0.000000


 **********************************************************************************************************************************
 DATASETS  * FILE   NREC   LENGTH (MB)   RECORD NAMES
              1      19       70.62       500      610      700      900      950      970     1000      129      960     1100   
                                          VAR    BASINP    GEOM    SYMINP    ZMAT    AOBASIS   BASIS     P2S    ABASIS      S 
                                         1400     1410     1200     1210     1080     1600     1650     1700     1800   
                                           T        V       H0       H01     AOSYM     SMH    MOLCAS    OPER     GRID   

              2       5       25.47       700     1000      520     1800     2101   
                                         GEOM     BASIS   MCVARS    GRID      RKS  

 PROGRAMS   *        TOTAL       INT   RKS-SCF       INT
 CPU TIMES  *     10647.52      1.97  10642.92      2.42
 REAL TIME  *     10714.57 SEC
 DISK USED  *       176.36 MB (local),      705.43 MB (total)
 SF USED    *        13.34 MB
 GA USED    *         5.87 MB       (max)       5.87 MB       (current)
 **********************************************************************************************************************************

 Density functional group PBE=PBEX+PBEC
 Functional: PBEX(Automatically generated (new) PBEX)                          Gradient terms: 1
 Functional: PBEC(Automatically generated (new) PBEC)                          Gradient terms: 1
 Use libxcgrid:  F
 Use grid at  1800.2

 Functional: PBEX                      Factor:  1.0000
 Functional: PBEC                      Factor:  1.0000

 Generated new metagrid on record  1800.2 with target accuracy 1.0D-08 and 181434 points in CPU time    0.6
 Computed new grid on record 1800.1 in CPU time    0.8
  847085 words reserved for DFT integration

 PROGRAM * RKS-SCF (Restricted closed shell Kohn-Sham)     Authors: W. Meyer, H.-J. Werner, P.J. Knowles, 1993

 NUMBER OF ELECTRONS:      21+   21-    SPACE SYMMETRY=1    SPIN SYMMETRY: Singlet 
 CONVERGENCE THRESHOLDS:    1.00E-04 (Density)    1.00E-08 (Energy)
 INTEGRAL THRESHOLDS:       1.00E-13 (Initial)    1.00E-13 (Final)
 MAX. NUMBER OF ITERATIONS:       60
 INTERPOLATION TYPE:            DIIS
 INTERPOLATION STEPS:              2 (START)      1 (STEP)
 LEVEL SHIFTS:                  0.00 (CLOSED)  0.00 (OPEN) 



 Use fine grid record 1800.2 for energy threshold  1.0D-08
 Orbital guess generated from atomic densities. Full valence occupancy:   35

 Molecular orbital dump at record        2201.2

 Initial occupancy:  21

 Direct Fock-matrix evaluation.        Authors: Roland Lindh & Martin Schuetz (1993/96)

 Integral Threshold:                  0.1D-12
 Threshold for writing integrals:     0.1D-06
 Prescreening on density matrix:        ON 
 Calculation will be performed fully direct        

 ITERATION   DDIFF            GRAD            ENERGY        2-EL.EN.            DIPOLE MOMENTS         DIIS   CPU(IT)  CPU(TOT)
    1      0.000D+00      0.000D+00      -247.88079343    662.363913   -0.94531    0.00007   -0.05794    0   1051.1   1084.2     start
    2      0.000D+00      0.284D-02      -247.63069512    623.630488   -1.07255    0.00031   -0.06632    1   1042.0   2126.2     diag
    3      0.454D-02      0.431D-02      -248.06646779    647.768576   -0.61518    0.00003   -0.03747    2   1042.3   3168.5     diag
    4      0.289D-02      0.495D-03      -248.06923029    647.484838   -1.16990    0.00021   -0.07238    3    994.1   4162.5     diag
    5      0.451D-03      0.325D-03      -248.07140734    646.891714   -0.75198    0.00008   -0.04603    4    982.0   5144.5     diag
    6      0.239D-03      0.142D-03      -248.07179854    647.022542   -0.90174    0.00012   -0.05525    5    965.6   6110.1     diag
    7      0.875D-04      0.678D-04      -248.07188247    647.002951   -0.87642    0.00012   -0.05385    6    938.4   7048.5     diag
    8      0.340D-04      0.510D-05      -248.07188303    647.021568   -0.87682    0.00012   -0.05384    7    896.7   7945.2     diag
    9      0.428D-05      0.386D-06      -248.07188303    647.021648   -0.87721    0.00012   -0.05389    8    812.7   8757.9     diag
   10      0.620D-06      0.326D-06      -248.07188302    647.021485   -0.87690    0.00010   -0.05384    0    813.2   9571.1     orth

 Final occupancy:  21

 !RKS STATE  1.1 Energy              -248.071883024875
 Nuclear energy                       206.29228993
 One-electron energy                 -742.27943038
 Two-electron energy                  323.51074248
 Density functional                   -35.59548506     PBEX=-34.21287027 PBEC= -1.38261479
 Virial quotient                       -1.00441531
 !RKS STATE  1.1 Dipole moment         -0.87690048     0.00010211    -0.05384038
 Dipole moment /Debye                  -2.22871272     0.00025953    -0.13683963

 Orbital energies:

         1.1          2.1          3.1          4.1          5.1          6.1          7.1          8.1          9.1         10.1
    -13.983815    -9.920574    -9.920568    -9.909049    -9.900217    -9.900205    -0.865121    -0.737336    -0.695732    -0.574242

        11.1         12.1         13.1         14.1         15.1         16.1         17.1         18.1         19.1         20.1
     -0.572744    -0.482381    -0.436258    -0.423867    -0.385382    -0.365790    -0.362158    -0.323938    -0.269262    -0.246670

        21.1         22.1         23.1
     -0.218502    -0.069312    -0.055779


 HOMO     21.1    -0.218502 =      -5.9457eV
 LUMO     22.1    -0.069312 =      -1.8861eV
 LUMO-HOMO         0.149190 =       4.0597eV


 **********************************************************************************************************************************
 DATASETS  * FILE   NREC   LENGTH (MB)   RECORD NAMES
              1      19       70.62       500      610      700      900      950      970     1000      129      960     1100   
                                          VAR    BASINP    GEOM    SYMINP    ZMAT    AOBASIS   BASIS     P2S    ABASIS      S 
                                         1400     1410     1200     1210     1080     1600     1650     1700     1800   
                                           T        V       H0       H01     AOSYM     SMH    MOLCAS    OPER     GRID   

              2       6       72.45       700     1000      520     1800     2101     2201   
                                         GEOM     BASIS   MCVARS    GRID      RKS      RKS  

 PROGRAMS   *        TOTAL   RKS-SCF       INT   RKS-SCF       INT
 CPU TIMES  *     20222.12   9574.59      1.97  10642.92      2.42
 REAL TIME  *     20343.36 SEC
 DISK USED  *       218.90 MB (local),      875.59 MB (total)
 SF USED    *        13.34 MB
 GA USED    *         5.87 MB       (max)       5.87 MB       (current)
 **********************************************************************************************************************************
 SETTING EA_PBE         =      -248.07188302  AU                              

 Dummy atoms: N1  C1  H1  C2  H2  C3  H3  C4  H4  C5  H5


 Recomputing one-electron integrals since nuclear charges changed


 PROGRAM * SEWARD (Integral evaluation for generally contracted gaussian basis sets)     Author: Roland Lindh, 1990

 Geometry written to block  1 of record 700


 Point group  C1  



 ATOMIC COORDINATES

 NR  ATOM    CHARGE       X              Y              Z

   1  N1      0.00    2.610434014   -0.000441208    0.248430462
   2  C1      0.00    1.283786932   -2.154740290    0.174005339
   3  H1      0.00    2.378635319   -3.883315815    0.237885548
   4  C2      0.00   -1.341180807   -2.254658826    0.012593636
   5  H2      0.00   -2.294293205   -4.060193048   -0.047826153
   6  C3      0.00   -2.686460310    0.000252140   -0.077132764
   7  H3      0.00   -4.725630837    0.000486739   -0.206300896
   8  C4      0.00   -1.340573975    2.254774687    0.012324762
   9  H4      0.00   -2.293204622    4.060544926   -0.048241512
  10  C5      0.00    1.284355509    2.154205067    0.173652656
  11  H5      0.00    2.379657899    3.882462917    0.237165311
  12  C6      6.00    0.161350667    1.259990078   20.402271450
  13  H6      1.00    1.881897176    2.317264858   20.101587974
  14  H7      1.00   -1.557445002    2.322780038   20.698883814
  15  C7      6.00    0.161979349   -1.258423929   20.402521345
  16  H8      1.00    1.883020376   -2.314936704   20.102035176
  17  H9      1.00   -1.556326117   -2.322008602   20.699376818

 Bond lengths in Bohr (Angstrom)

  1- 2  2.531113612   1-10  2.531121588   2- 3  2.047131412   2- 4  2.631823148   4- 5  2.042554190
       ( 1.339407642)       ( 1.339411862)       ( 1.083295291)       ( 1.392700833)       ( 1.080873130)

  4- 6  2.627251650   6- 7  2.043257424   6- 8  2.627219935   8- 9  2.042542431   8-10  2.631804653
       ( 1.390281701)       ( 1.081245265)       ( 1.390264918)       ( 1.080866907)       ( 1.392691046)

 10-11  2.047094619  12-13  2.041695570  12-14  2.042488665  12-15  2.518414098  15-16  2.041688860
       ( 1.083275821)       ( 1.080418768)       ( 1.080838455)       ( 1.332687348)       ( 1.080415217)

 15-17  2.042525203
       ( 1.080857790)

 Bond angles

  1- 2- 3  115.94104896   1- 2- 4  123.84080659   1-10- 8  123.84038577   1-10-11  115.94073766

  2- 1-10  116.68359860   2- 4- 5  120.05204129   2- 4- 6  118.70003589   3- 2- 4  120.21749290

  4-6-7  120.88266055   4-6-8  118.23210791   5-4-6  121.24750418   6-8-9  121.24692435

  6- 8-10  118.70121561   7- 6- 8  120.88487508   8-10-11  120.21822492   9- 8-10  120.05144106

 12-15-16  121.17580960  12-15-17  121.36746461  13-12-14  117.45720894  13-12-15  121.17446631

 14-12-15  121.36823453  16-15-17  117.45663594

 NUCLEAR CHARGE:                   16
 NUMBER OF PRIMITIVE AOS:        1457
 NUMBER OF SYMMETRY AOS:         1176
 NUMBER OF CONTRACTIONS:         1054   ( 1054A   )
 NUMBER OF CORE ORBITALS:           2   (    2A   )
 NUMBER OF VALENCE ORBITALS:       12   (   12A   )

 MOLECULE CHANGED: INITIALIZING OCCUPATION AND DUMP RECORDS


 NUCLEAR REPULSION ENERGY   33.42391821


 Eigenvalues of metric

         1 0.689E-06 0.119E-05 0.130E-05 0.159E-05 0.220E-05 0.231E-05 0.278E-05 0.283E-05


 OPERATOR DM      FOR CENTER  0  COORDINATES:    0.000000    0.000000    0.000000


 **********************************************************************************************************************************
 DATASETS  * FILE   NREC   LENGTH (MB)   RECORD NAMES
              1      19       70.62       500      610      700      900      950      970     1000      129      960     1100   
                                          VAR    BASINP    GEOM    SYMINP    ZMAT    AOBASIS   BASIS     P2S    ABASIS      S 
                                         1400     1410     1200     1210     1080     1600     1650     1700     1800   
                                           T        V       H0       H01     AOSYM     SMH    MOLCAS    OPER     GRID   

              2       6       72.45       700     1000      520     1800     2101     2201   
                                         GEOM     BASIS   MCVARS    GRID      RKS      RKS  

 PROGRAMS   *        TOTAL       INT   RKS-SCF       INT   RKS-SCF       INT
 CPU TIMES  *     20224.15      2.02   9574.59      1.97  10642.92      2.42
 REAL TIME  *     20345.65 SEC
 DISK USED  *       218.90 MB (local),      875.59 MB (total)
 SF USED    *        13.34 MB
 GA USED    *         5.87 MB       (max)       5.87 MB       (current)
 **********************************************************************************************************************************

 Density functional group PBE=PBEX+PBEC
 Functional: PBEX(Automatically generated (new) PBEX)                          Gradient terms: 1
 Functional: PBEC(Automatically generated (new) PBEC)                          Gradient terms: 1
 Use libxcgrid:  F
 Use grid at  1800.2

 Functional: PBEX                      Factor:  1.0000
 Functional: PBEC                      Factor:  1.0000

 Generated new metagrid on record  1800.2 with target accuracy 1.0D-08 and 181434 points in CPU time    0.5
 Computed new grid on record 1800.1 in CPU time    0.7
  847085 words reserved for DFT integration

 PROGRAM * RKS-SCF (Restricted closed shell Kohn-Sham)     Authors: W. Meyer, H.-J. Werner, P.J. Knowles, 1993

 NUMBER OF ELECTRONS:       8+    8-    SPACE SYMMETRY=1    SPIN SYMMETRY: Singlet 
 CONVERGENCE THRESHOLDS:    1.00E-04 (Density)    1.00E-08 (Energy)
 INTEGRAL THRESHOLDS:       1.00E-13 (Initial)    1.00E-13 (Final)
 MAX. NUMBER OF ITERATIONS:       60
 INTERPOLATION TYPE:            DIIS
 INTERPOLATION STEPS:              2 (START)      1 (STEP)
 LEVEL SHIFTS:                  0.00 (CLOSED)  0.00 (OPEN) 



 Use fine grid record 1800.2 for energy threshold  1.0D-08
 Orbital guess generated from atomic densities. Full valence occupancy:   14

 Molecular orbital dump at record        2301.2

 Initial occupancy:   8

 Direct Fock-matrix evaluation.        Authors: Roland Lindh & Martin Schuetz (1993/96)

 Integral Threshold:                  0.1D-12
 Threshold for writing integrals:     0.1D-06
 Prescreening on density matrix:        ON 
 Calculation will be performed fully direct        

 ITERATION   DDIFF            GRAD            ENERGY        2-EL.EN.            DIPOLE MOMENTS         DIIS   CPU(IT)  CPU(TOT)
    1      0.000D+00      0.000D+00       -78.37240483    148.152535   -0.00020   -0.00002   -0.00130    0    931.4    959.2     start
    2      0.000D+00      0.385D-02       -78.19536892    131.284039   -0.00012    0.00006    0.00004    1    946.8   1905.9     diag
    3      0.354D-02      0.567D-02       -78.50546303    141.769019    0.00006   -0.00001   -0.00126    2    941.7   2847.7     diag
    4      0.214D-02      0.219D-03       -78.50594850    141.406477   -0.00005    0.00003   -0.00086    3    891.5   3739.1     diag
    5      0.136D-03      0.370D-04       -78.50595910    141.408856    0.00003   -0.00004   -0.00108    4    794.3   4533.4     diag
    6      0.142D-04      0.632D-05       -78.50595942    141.416360   -0.00000    0.00009   -0.00100    5    648.0   5181.3     diag
    7      0.304D-05      0.505D-06       -78.50595942    141.416227    0.00002   -0.00021   -0.00104    6    529.6   5711.0     diag
    8      0.361D-06      0.563D-06       -78.50595940    141.416047    0.00000    0.00056   -0.00101    0    548.1   6259.0     orth

 Final occupancy:   8

 !RKS STATE  1.1 Energy               -78.505959402790
 Nuclear energy                        33.42391821
 One-electron energy                 -170.45438660
 Two-electron energy                   70.70802370
 Density functional                   -12.18351471     PBEX=-11.68915338 PBEC= -0.49436133
 Virial quotient                       -1.00477256
 !RKS STATE  1.1 Dipole moment          0.00000277     0.00056165    -0.00100928
 Dipole moment /Debye                   0.00000705     0.00142749    -0.00256516

 Orbital energies:

         1.1          2.1          3.1          4.1          5.1          6.1          7.1          8.1          9.1         10.1
     -9.883490    -9.882747    -0.691601    -0.524132    -0.424087    -0.373446    -0.314992    -0.248512    -0.039975    -0.010385


 HOMO      8.1    -0.248512 =      -6.7623eV
 LUMO      9.1    -0.039975 =      -1.0878eV
 LUMO-HOMO         0.208537 =       5.6746eV


 **********************************************************************************************************************************
 DATASETS  * FILE   NREC   LENGTH (MB)   RECORD NAMES
              1      19       70.62       500      610      700      900      950      970     1000      129      960     1100   
                                          VAR    BASINP    GEOM    SYMINP    ZMAT    AOBASIS   BASIS     P2S    ABASIS      S 
                                         1400     1410     1200     1210     1080     1600     1650     1700     1800   
                                           T        V       H0       H01     AOSYM     SMH    MOLCAS    OPER     GRID   

              2       7      119.44       700     1000      520     1800     2101     2201     2301   
                                         GEOM     BASIS   MCVARS    GRID      RKS      RKS      RKS  

 PROGRAMS   *        TOTAL   RKS-SCF       INT   RKS-SCF       INT   RKS-SCF       INT
 CPU TIMES  *     26486.63   6262.49      2.02   9574.59      1.97  10642.92      2.42
 REAL TIME  *     26643.43 SEC
 DISK USED  *       256.99 MB (local),        1.03 GB (total)
 SF USED    *        13.34 MB
 GA USED    *         5.87 MB       (max)       5.87 MB       (current)
 **********************************************************************************************************************************
 SETTING EB_PBE         =       -78.50595940  AU                              
 SETTING E_AB_INT       =     7.14753946D-06  AU                              

 *** results in hartree
 E_AB_INT         =         0.00000715 AU
 Molecular orbitals read from record     2301.2  Type=RKS/CANONICAL (state 1.1)
 Occupation numbers read from record     2301.2  Type=RKS/RHF (state 1.1)
 Orbital energies read from record       2301.2  Type=RKS/CANONICAL (state 1.1)
 Redundancy group numbers read from rec  2301.2  Type=RKS/RHF (state 1.1)

 RPBE/aug-cc-pVQZ energy=    -78.505959402790

         RKS-SCF         RKS-SCF         RKS-SCF
    -78.50595940   -248.07188302   -326.57783528
 **********************************************************************************************************************************
 Molpro calculation terminated
