
 Primary working directories    : /scratch/sirous/125674/molpro.dMEqvz2Q15
 Secondary working directories  : /scratch/sirous/125674/molpro.dMEqvz2Q15
 Wavefunction directory         : /scratch/sirous/125674/
 Main file repository           : /scratch/sirous/125674/molpro.dMEqvz2Q15/

 id        : karlovklimes

 Nodes                      nprocs
 nc-07.cc.karlov.mff.cuni.cz    4

 Using customized tuning parameters: mindgm=1; mindgv=20; mindgc=4; mindgr=1; noblas=0; minvec=7
 default implementation of scratch files=sf  


 Variables initialized (934), CPU time= 0.01 sec
 ***,CH3C6H4CN+CF3CN+BF3
 memory,500,m
 gdirect
 gthresh,energy=1.d-8,twoint=1.d-15,oneint=1.d-15,zero=1.d-15,orbital=1.d-8,grid=1.d-8
 symmetry,nosym
 geomtyp=xyz
                                                                                 ! Geometry
 geometry={
 C1        -2.275344982    -0.135074939     0.831333870
 H1        -2.490717763    -0.727926686     -0.057566351
 H2        -2.226323818    -0.818446408     1.678823407
 H3        -3.112025664    0.544943419     0.987400079
 C2        -0.961698124    0.619277891     0.669399201
 H4        -0.788699202    1.250431809     1.544702661
 H5        -1.026176875    1.295445240     -0.186458382
 C3        0.226502174    -0.314710314     0.479985794
 H6        0.309444388    -0.975139115     1.348037935
 H7        0.039150560    -0.965998753     -0.378789833
 C4        1.543001678    0.421174521     0.268999505
 H8        1.711638628    1.107771769     1.102446539
 H9        1.466094657    1.043743312     -0.625293582
 C5        2.727576325    -0.526860908     0.137459311
 H10        2.588741553    -1.203213913     -0.705757340
 H11        3.661501004    0.011693084     -0.015968628
 H12        2.835194072    -1.137409942     1.034075121
 C6        -0.498601637    -0.291764704     4.198270478
 O1        -0.921215577    -1.406944951     4.001123899
 O2        -1.312293995    0.767200814     4.430859958
 H13        -2.213056104    0.412820276     4.390324218
 C7        0.941665426    0.117901377     4.215475861
 H14        1.567488491    -0.752279568     4.057320702
 H15        1.117702840    0.852175011     3.432351281
 H16        1.178976673    0.587202331     5.167278252
 }
 
 
 
 basis=avdz
 
 
 
                                                                                 ! Dimer Calculation
 {rhf,accu=1.d-8;orbital,2101.2}
 eab_HF=energy
 
 
                                                                                 !monomer A
 dummy,18,19,20,21,22,23,24,25;                                                  ! NOW MONOMER B IS DUMMY
 {rhf,accu=1.d-8;orbital,2201.2}
 ea_HF=energy
                                                                                 !monomer B
 dummy,1,2,3,4,5,6,7,8,9,10,11,12,13,14,15,16,17;                                !NOW MONOMER A IS DUMMY
 {rhf,accu=1.d-8;orbital,2301.2}
 eb_HF=energy
 
 E_AB_int=eab_HF-ea_HF-eb_HF
 
 
 text,results in hartree
 show,E_AB_int
 
 Commands  initialized (763), CPU time= 0.01 sec, 617 directives.
 Default parameters read. Elapsed time= 0.20 sec

 Checking input...
 Passed
1


                                         ***  PROGRAM SYSTEM MOLPRO  ***
                                       Copyright, TTI GmbH Stuttgart, 2015
                                    Version 2019.2 linked Jun  8 2019 11:26:33


 **********************************************************************************************************************************
 LABEL *   CH3C6H4CN+CF3CN+BF3                                                           
  64 bit mpp version                                                                     DATE: 22-Nov-19          TIME: 09:57:56  
 **********************************************************************************************************************************

 SHA1:             8135a10abc80eafa5b3ae28ffc55be4890dc4c84
 **********************************************************************************************************************************

 THRESHOLDS:

 ZERO    =  1.00D-15  ONEINT  =  1.00D-15  TWOINT  =  1.00D-15  PREFAC  =  1.00D-14  XXXXXX  =  1.00D-09  EORDER  =  1.00D-04
 ENERGY  =  1.00D-08  ETEST   =  0.00D+00  EDENS   =  0.00D+00  THRDEDEF=  1.00D-06  GRADIENT=  1.00D-02  STEP    =  1.00D-03
 ORBITAL =  1.00D-08  CIVEC   =  1.00D-05  COEFF   =  1.00D-04  PRINTCI =  5.00D-02  PUNCHCI =  9.90D+01  OPTGRAD =  3.00D-04
 OPTENERG=  1.00D-06  OPTSTEP =  3.00D-04  THRGRAD =  1.00D-10  COMPRESS=  1.00D-11  VARMIN  =  1.00D-07  VARMAX  =  1.00D-03
 THRDOUB =  0.00D+00  THRDIV  =  1.00D-05  THRRED  =  1.00D-07  THRPSP  =  1.00D+00  THRDC   =  1.00D-10  THRCS   =  1.00D-10
 THRNRM  =  1.00D-08  THREQ   =  0.00D+00  THRDE   =  1.00D+00  THRREF  =  1.00D-05  SPARFAC =  1.00D+00  THRDLP  =  1.00D-07
 THRDIA  =  1.00D-10  THRDLS  =  1.00D-07  THRGPS  =  0.00D+00  THRKEX  =  0.00D+00  THRDIS  =  2.00D-01  THRVAR  =  1.00D-10
 THRLOC  =  1.00D-06  THRGAP  =  1.00D-06  THRLOCT = -1.00D+00  THRGAPT = -1.00D+00  THRORB  =  1.00D-06  THRMLTP =  0.00D+00
 THRCPQCI=  1.00D-10  KEXTA   =  0.00D+00  THRCOARS=  0.00D+00  SYMTOL  =  1.00D-06  GRADTOL =  1.00D-06  THROVL  =  1.00D-08
 THRORTH =  1.00D-08  GRID    =  1.00D-08  GRIDMAX =  1.00D-03  DTMAX   =  0.00D+00  THROCCDE=  1.00D-01  THROCCDE=  1.00D-01
 THRPRINT=  2.50D-01


 Variable memory set to  500000000 words,  buffer space 

 SETTING GEOMTYP        =    XYZ
 ZSYMEL=NOSYM

 SETTING BASIS          =    AVDZ


 Recomputing integrals since basis changed


 Using spherical harmonics

 Library entry C      S aug-cc-pVDZ          selected for orbital group  1
 Library entry C      P aug-cc-pVDZ          selected for orbital group  1
 Library entry C      D aug-cc-pVDZ          selected for orbital group  1
 Library entry H      S aug-cc-pVDZ          selected for orbital group  2
 Library entry H      P aug-cc-pVDZ          selected for orbital group  2
 Library entry O      S aug-cc-pVDZ          selected for orbital group 12
 Library entry O      P aug-cc-pVDZ          selected for orbital group 12
 Library entry O      D aug-cc-pVDZ          selected for orbital group 12


 PROGRAM * SEWARD (Integral evaluation for generally contracted gaussian basis sets)     Author: Roland Lindh, 1990

 Geometry written to block  1 of record 700


 Point group  C1  



 ATOMIC COORDINATES

 NR  ATOM    CHARGE       X              Y              Z

   1  C1      6.00   -4.299778855   -0.255254641    1.570993332
   2  H1      1.00   -4.706774426   -1.375582075   -0.108784637
   3  H2      1.00   -4.207142281   -1.546639559    3.172516451
   4  H3      1.00   -5.880876198    1.029793815    1.865915725
   5  C2      6.00   -1.817346069    1.170265609    1.264981158
   6  H4      1.00   -1.490425486    2.362973656    2.919064973
   7  H5      1.00   -1.939193249    2.448036713   -0.352355276
   8  C3      6.00    0.428027075   -0.594716302    0.907041694
   9  H6      1.00    0.584765144   -1.842745861    2.547422503
  10  H7      1.00    0.073983836   -1.825473080   -0.715809043
  11  C4      6.00    2.915850581    0.795904495    0.508335392
  12  H8      1.00    3.234528231    2.093385252    2.083322026
  13  H9      1.00    2.770517374    1.972389004   -1.181633617
  14  C5      6.00    5.154372238   -0.995622822    0.259760451
  15  H10     1.00    4.892012542   -2.273744765   -1.333688083
  16  H11     1.00    6.919234102    0.022096726   -0.030176334
  17  H12     1.00    5.357740306   -2.149393282    1.954118771
  18  C6      6.00   -0.942220539   -0.551355383    7.933581400
  19  O1      8.00   -1.740845142   -2.658740630    7.561028360
  20  O2      8.00   -2.479876245    1.449799421    8.373111817
  21  H13     1.00   -4.182069935    0.780117260    8.296510370
  22  C7      6.00    1.779489756    0.222801312    7.966094862
  23  H14     1.00    2.962123951   -1.421602353    7.667224926
  24  H15     1.00    2.112152256    1.610377381    6.486203884
  25  H16     1.00    2.227943019    1.109651585    9.764740706

 Bond lengths in Bohr (Angstrom)

 1-2  2.059716724  1-3  2.059401088  1-4  2.058688310  1-5  2.878927573  5-6  2.065290009
     ( 1.089955151)     ( 1.089788124)     ( 1.089410938)     ( 1.523462864)     ( 1.092904407)

  5- 7  2.064781555   5- 8  2.878364529   8- 9  2.067122105   8-10  2.067305826   8-11  2.877856618
       ( 1.092635344)       ( 1.523164914)       ( 1.093873910)       ( 1.093971131)       ( 1.522896138)

 11-12  2.065331609  11-13  2.064275368  11-14  2.877905287  14-15  2.059491816  14-16  2.057803153
       ( 1.092926420)       ( 1.092367482)       ( 1.522921893)       ( 1.089836135)       ( 1.088942533)

 14-17  2.059950233  18-19  2.284221881  18-20  2.561677694  18-22  2.829855588  20-21  1.830793635
       ( 1.090078719)       ( 1.208758164)       ( 1.355581458)       ( 1.497495087)       ( 0.968814270)

 22-23  2.047439936  22-24  2.055750226  22-25  2.054930803
       ( 1.083458555)       ( 1.087856171)       ( 1.087422551)

 Bond angles

  1-5-6  109.71341109   1-5-7  109.80365534   1-5-8  112.47275069   2-1-3  107.57937637

  2-1-4  107.73381247   2-1-5  110.67242042   3-1-4  108.33433320   3-1-5  110.75488361

  4- 1- 5  111.61610822   5- 8- 9  109.31010344   5- 8-10  109.21303951   5- 8-11  113.28399763

  6- 5- 7  106.21839168   6- 5- 8  109.28280822   7- 5- 8  109.15313438   8-11-12  109.34773200

  8-11-13  109.14473237   8-11-14  112.55512057   9- 8-10  106.05109825   9- 8-11  109.64159450

 10- 8-11  109.08490586  11-14-15  110.73648937  11-14-16  111.80186993  11-14-17  110.75745985

 12-11-13  106.08909129  12-11-14  109.68946581  13-11-14  109.80595780  15-14-16  107.88881620

 15-14-17  107.54021405  16-14-17  107.95226252  18-20-21  105.37654593  18-22-23  109.52078208

 18-22-24  109.39119133  18-22-25  109.75588594  19-18-20  122.60415846  19-18-22  126.19449156

 20-18-22  111.20063128  23-22-24  110.09347601  23-22-25  110.38519754  24-22-25  107.66696277

 NUCLEAR CHARGE:                   74
 NUMBER OF PRIMITIVE AOS:         509
 NUMBER OF SYMMETRY AOS:          491
 NUMBER OF CONTRACTIONS:          351   (  351A   )
 NUMBER OF CORE ORBITALS:           9   (    9A   )
 NUMBER OF VALENCE ORBITALS:       52   (   52A   )


 NUCLEAR REPULSION ENERGY  472.26853368


 Eigenvalues of metric

         1 0.950E-05 0.231E-04 0.407E-04 0.491E-04 0.612E-04 0.644E-04 0.941E-04 0.103E-03


 OPERATOR DM      FOR CENTER  0  COORDINATES:    0.000000    0.000000    0.000000


 **********************************************************************************************************************************
 DATASETS  * FILE   NREC   LENGTH (MB)   RECORD NAMES
              1      18       34.94       500      610      700      900      950      970     1000      129      960     1100   
                                          VAR    BASINP    GEOM    SYMINP    ZMAT    AOBASIS   BASIS     P2S    ABASIS      S 
                                         1400     1410     1200     1210     1080     1600     1650     1700   
                                           T        V       H0       H01     AOSYM     SMH    MOLCAS    OPER   

 PROGRAMS   *        TOTAL       INT
 CPU TIMES  *         0.85      0.66
 REAL TIME  *         2.39 SEC
 DISK USED  *        35.72 MB (local),      142.87 MB (total)
 GA USED    *         0.00 MB       (max)       0.00 MB       (current)
 **********************************************************************************************************************************


 PROGRAM * RHF-SCF (CLOSED SHELL)       Authors: W. Meyer, H.-J. Werner


 NUMBER OF ELECTRONS:      37+   37-    SPACE SYMMETRY=1    SPIN SYMMETRY: Singlet 
 CONVERGENCE THRESHOLDS:    1.00E-04 (Density)    1.00E-09 (Energy)
 INTEGRAL THRESHOLDS:       1.00E-11 (Initial)    1.00E-11 (Final)
 MAX. NUMBER OF ITERATIONS:       60
 INTERPOLATION TYPE:            DIIS
 INTERPOLATION STEPS:              2 (START)      1 (STEP)
 LEVEL SHIFTS:                  0.00 (CLOSED)  0.00 (OPEN) 



 Orbital guess generated from atomic densities. Full valence occupancy:   61

 Molecular orbital dump at record        2101.2

 Initial occupancy:  37

 Direct Fock-matrix evaluation.        Authors: Roland Lindh & Martin Schuetz (1993/96)

 Integral Threshold:                  0.1D-10
 Threshold for writing integrals:     0.1D-06
 Prescreening on density matrix:        ON 
 Calculation will be performed fully direct        

 ITERATION   DDIFF            GRAD            ENERGY        2-EL.EN.            DIPOLE MOMENTS         DIIS   CPU(IT)  CPU(TOT)
    1      0.000D+00      0.000D+00      -424.03057087   1238.535873    0.29183    1.19728    0.23109    0     27.0     30.6     start
    2      0.000D+00      0.358D-02      -424.15736711   1231.384935    0.18538    0.34702    0.02792    1     25.4     56.0     diag
    3      0.724D-02      0.214D-02      -424.19743184   1233.801571    0.30068    0.76400    0.13469    2     25.0     81.0     diag
    4      0.267D-02      0.488D-03      -424.20114818   1234.072764    0.27217    0.64327    0.10866    3     24.8    105.8     diag
    5      0.950D-03      0.176D-03      -424.20159596   1233.783233    0.28432    0.67299    0.11217    4     24.3    130.1     diag
    6      0.311D-03      0.415D-04      -424.20163371   1233.807675    0.28655    0.66343    0.11084    5     23.5    153.5     diag
    7      0.980D-04      0.174D-04      -424.20164061   1233.816519    0.28583    0.66378    0.11064    6     22.8    176.3     diag
    8      0.413D-04      0.631D-05      -424.20164190   1233.811234    0.28568    0.66278    0.11038    7     22.0    198.4     diag
    9      0.164D-04      0.238D-05      -424.20164212   1233.813377    0.28554    0.66255    0.11034    8     21.4    219.8     diag
   10      0.787D-05      0.561D-06      -424.20164213   1233.812892    0.28545    0.66246    0.11032    9     20.3    240.1     orth
   11      0.204D-05      0.185D-06      -424.20164213   1233.813150    0.28545    0.66246    0.11033    0     19.2    259.3     orth

 Final occupancy:  37

 !RHF STATE  1.1 Energy              -424.201642130724
 Nuclear energy                       472.26853368
 One-electron energy                -1513.37675060
 Two-electron energy                  616.90657479
 Virial quotient                       -1.00102785
 !RHF STATE  1.1 Dipole moment          0.28544765     0.66246008     0.11032704
 Dipole moment /Debye                   0.72548803     1.68369529     0.28040500

 Orbital energies:

         1.1          2.1          3.1          4.1          5.1          6.1          7.1          8.1          9.1         10.1
    -20.625757   -20.564836   -11.401246   -11.253261   -11.221033   -11.218244   -11.216230   -11.215013   -11.210610    -1.472773

        11.1         12.1         13.1         14.1         15.1         16.1         17.1         18.1         19.1         20.1
     -1.368955    -1.083489    -1.033413    -1.017295    -0.920048    -0.826374    -0.821205    -0.786439    -0.711680    -0.684423

        21.1         22.1         23.1         24.1         25.1         26.1         27.1         28.1         29.1         30.1
     -0.662852    -0.639532    -0.598934    -0.594246    -0.588202    -0.576062    -0.563161    -0.553742    -0.547114    -0.524328

        31.1         32.1         33.1         34.1         35.1         36.1         37.1         38.1         39.1
     -0.494851    -0.489193    -0.475392    -0.461569    -0.457806    -0.456001    -0.446492     0.033662     0.040064


 HOMO     37.1    -0.446492 =     -12.1497eV
 LUMO     38.1     0.033662 =       0.9160eV
 LUMO-HOMO         0.480154 =      13.0656eV


 **********************************************************************************************************************************
 DATASETS  * FILE   NREC   LENGTH (MB)   RECORD NAMES
              1      18       34.94       500      610      700      900      950      970     1000      129      960     1100   
                                          VAR    BASINP    GEOM    SYMINP    ZMAT    AOBASIS   BASIS     P2S    ABASIS      S 
                                         1400     1410     1200     1210     1080     1600     1650     1700   
                                           T        V       H0       H01     AOSYM     SMH    MOLCAS    OPER   

              2       4        5.68       700     1000      520     2101   
                                         GEOM     BASIS   MCVARS     RHF  

 PROGRAMS   *        TOTAL   RHF-SCF       INT
 CPU TIMES  *       260.24    259.38      0.66
 REAL TIME  *       263.43 SEC
 DISK USED  *        49.61 MB (local),      198.43 MB (total)
 SF USED    *         1.48 MB
 GA USED    *         0.00 MB       (max)       0.00 MB       (current)
 **********************************************************************************************************************************
 SETTING EAB_HF         =      -424.20164213  AU                              

 Dummy atoms: C6  O1  O2  H13  C7  H14  H15  H16


 Recomputing one-electron integrals since nuclear charges changed


 PROGRAM * SEWARD (Integral evaluation for generally contracted gaussian basis sets)     Author: Roland Lindh, 1990

 Geometry written to block  1 of record 700


 Point group  C1  



 ATOMIC COORDINATES

 NR  ATOM    CHARGE       X              Y              Z

   1  C1      6.00   -4.299778855   -0.255254641    1.570993332
   2  H1      1.00   -4.706774426   -1.375582075   -0.108784637
   3  H2      1.00   -4.207142281   -1.546639559    3.172516451
   4  H3      1.00   -5.880876198    1.029793815    1.865915725
   5  C2      6.00   -1.817346069    1.170265609    1.264981158
   6  H4      1.00   -1.490425486    2.362973656    2.919064973
   7  H5      1.00   -1.939193249    2.448036713   -0.352355276
   8  C3      6.00    0.428027075   -0.594716302    0.907041694
   9  H6      1.00    0.584765144   -1.842745861    2.547422503
  10  H7      1.00    0.073983836   -1.825473080   -0.715809043
  11  C4      6.00    2.915850581    0.795904495    0.508335392
  12  H8      1.00    3.234528231    2.093385252    2.083322026
  13  H9      1.00    2.770517374    1.972389004   -1.181633617
  14  C5      6.00    5.154372238   -0.995622822    0.259760451
  15  H10     1.00    4.892012542   -2.273744765   -1.333688083
  16  H11     1.00    6.919234102    0.022096726   -0.030176334
  17  H12     1.00    5.357740306   -2.149393282    1.954118771
  18  C6      0.00   -0.942220539   -0.551355383    7.933581400
  19  O1      0.00   -1.740845142   -2.658740630    7.561028360
  20  O2      0.00   -2.479876245    1.449799421    8.373111817
  21  H13     0.00   -4.182069935    0.780117260    8.296510370
  22  C7      0.00    1.779489756    0.222801312    7.966094862
  23  H14     0.00    2.962123951   -1.421602353    7.667224926
  24  H15     0.00    2.112152256    1.610377381    6.486203884
  25  H16     0.00    2.227943019    1.109651585    9.764740706

 Bond lengths in Bohr (Angstrom)

 1-2  2.059716724  1-3  2.059401088  1-4  2.058688310  1-5  2.878927573  5-6  2.065290009
     ( 1.089955151)     ( 1.089788124)     ( 1.089410938)     ( 1.523462864)     ( 1.092904407)

  5- 7  2.064781555   5- 8  2.878364529   8- 9  2.067122105   8-10  2.067305826   8-11  2.877856618
       ( 1.092635344)       ( 1.523164914)       ( 1.093873910)       ( 1.093971131)       ( 1.522896138)

 11-12  2.065331609  11-13  2.064275368  11-14  2.877905287  14-15  2.059491816  14-16  2.057803153
       ( 1.092926420)       ( 1.092367482)       ( 1.522921893)       ( 1.089836135)       ( 1.088942533)

 14-17  2.059950233  18-19  2.284221881  18-20  2.561677694  18-22  2.829855588  20-21  1.830793635
       ( 1.090078719)       ( 1.208758164)       ( 1.355581458)       ( 1.497495087)       ( 0.968814270)

 22-23  2.047439936  22-24  2.055750226  22-25  2.054930803
       ( 1.083458555)       ( 1.087856171)       ( 1.087422551)

 Bond angles

  1-5-6  109.71341109   1-5-7  109.80365534   1-5-8  112.47275069   2-1-3  107.57937637

  2-1-4  107.73381247   2-1-5  110.67242042   3-1-4  108.33433320   3-1-5  110.75488361

  4- 1- 5  111.61610822   5- 8- 9  109.31010344   5- 8-10  109.21303951   5- 8-11  113.28399763

  6- 5- 7  106.21839168   6- 5- 8  109.28280822   7- 5- 8  109.15313438   8-11-12  109.34773200

  8-11-13  109.14473237   8-11-14  112.55512057   9- 8-10  106.05109825   9- 8-11  109.64159450

 10- 8-11  109.08490586  11-14-15  110.73648937  11-14-16  111.80186993  11-14-17  110.75745985

 12-11-13  106.08909129  12-11-14  109.68946581  13-11-14  109.80595780  15-14-16  107.88881620

 15-14-17  107.54021405  16-14-17  107.95226252  18-20-21  105.37654593  18-22-23  109.52078208

 18-22-24  109.39119133  18-22-25  109.75588594  19-18-20  122.60415846  19-18-22  126.19449156

 20-18-22  111.20063128  23-22-24  110.09347601  23-22-25  110.38519754  24-22-25  107.66696277

 NUCLEAR CHARGE:                   42
 NUMBER OF PRIMITIVE AOS:         509
 NUMBER OF SYMMETRY AOS:          491
 NUMBER OF CONTRACTIONS:          351   (  351A   )
 NUMBER OF CORE ORBITALS:           5   (    5A   )
 NUMBER OF VALENCE ORBITALS:       32   (   32A   )

 MOLECULE CHANGED: INITIALIZING OCCUPATION AND DUMP RECORDS


 NUCLEAR REPULSION ENERGY  185.62492682


 Eigenvalues of metric

         1 0.950E-05 0.231E-04 0.407E-04 0.491E-04 0.612E-04 0.644E-04 0.941E-04 0.103E-03


 OPERATOR DM      FOR CENTER  0  COORDINATES:    0.000000    0.000000    0.000000


 **********************************************************************************************************************************
 DATASETS  * FILE   NREC   LENGTH (MB)   RECORD NAMES
              1      18       34.94       500      610      700      900      950      970     1000      129      960     1100   
                                          VAR    BASINP    GEOM    SYMINP    ZMAT    AOBASIS   BASIS     P2S    ABASIS      S 
                                         1400     1410     1200     1210     1080     1600     1650     1700   
                                           T        V       H0       H01     AOSYM     SMH    MOLCAS    OPER   

              2       4        5.68       700     1000      520     2101   
                                         GEOM     BASIS   MCVARS     RHF  

 PROGRAMS   *        TOTAL       INT   RHF-SCF       INT
 CPU TIMES  *       260.58      0.34    259.38      0.66
 REAL TIME  *       264.02 SEC
 DISK USED  *        49.61 MB (local),      198.43 MB (total)
 SF USED    *         1.48 MB
 GA USED    *         0.00 MB       (max)       0.00 MB       (current)
 **********************************************************************************************************************************


 PROGRAM * RHF-SCF (CLOSED SHELL)       Authors: W. Meyer, H.-J. Werner


 NUMBER OF ELECTRONS:      21+   21-    SPACE SYMMETRY=1    SPIN SYMMETRY: Singlet 
 CONVERGENCE THRESHOLDS:    1.00E-04 (Density)    1.00E-09 (Energy)
 INTEGRAL THRESHOLDS:       1.00E-11 (Initial)    1.00E-11 (Final)
 MAX. NUMBER OF ITERATIONS:       60
 INTERPOLATION TYPE:            DIIS
 INTERPOLATION STEPS:              2 (START)      1 (STEP)
 LEVEL SHIFTS:                  0.00 (CLOSED)  0.00 (OPEN) 



 Orbital guess generated from atomic densities. Full valence occupancy:   37

 Molecular orbital dump at record        2201.2

 Initial occupancy:  21

 Direct Fock-matrix evaluation.        Authors: Roland Lindh & Martin Schuetz (1993/96)

 Integral Threshold:                  0.1D-10
 Threshold for writing integrals:     0.1D-06
 Prescreening on density matrix:        ON 
 Calculation will be performed fully direct        

 ITERATION   DDIFF            GRAD            ENERGY        2-EL.EN.            DIPOLE MOMENTS         DIIS   CPU(IT)  CPU(TOT)
    1      0.000D+00      0.000D+00      -196.28327086    501.380350   -0.00019    0.00819   -0.00574    0     26.8     30.3     start
    2      0.000D+00      0.247D-02      -196.34556555    496.337007    0.00167    0.02182   -0.00187    1     24.9     55.2     diag
    3      0.417D-02      0.908D-03      -196.35293654    498.512369    0.00316    0.04384   -0.00343    2     24.6     79.8     diag
    4      0.165D-02      0.300D-03      -196.35411395    497.941230    0.00251    0.03398   -0.00277    3     24.1    103.9     diag
    5      0.606D-03      0.402D-04      -196.35413800    497.959753    0.00253    0.03431   -0.00276    4     22.9    126.8     diag
    6      0.130D-03      0.140D-04      -196.35414005    497.955237    0.00251    0.03399   -0.00275    5     21.8    148.6     diag
    7      0.312D-04      0.212D-05      -196.35414012    497.955182    0.00247    0.03354   -0.00274    6     20.7    169.3     diag
    8      0.862D-05      0.425D-06      -196.35414012    497.955124    0.00248    0.03359   -0.00274    0     19.2    188.4     orth

 Final occupancy:  21

 !RHF STATE  1.1 Energy              -196.354140121181
 Nuclear energy                       185.62492682
 One-electron energy                 -630.95662891
 Two-electron energy                  248.97756197
 Virial quotient                       -1.00065265
 !RHF STATE  1.1 Dipole moment          0.00247825     0.03358809    -0.00274199
 Dipole moment /Debye                   0.00629866     0.08536681    -0.00696898

 Orbital energies:

         1.1          2.1          3.1          4.1          5.1          6.1          7.1          8.1          9.1         10.1
    -11.218263   -11.218201   -11.215690   -11.213952   -11.213915    -1.082426    -1.016574    -0.919878    -0.820453    -0.785694

        11.1         12.1         13.1         14.1         15.1         16.1         17.1         18.1         19.1         20.1
     -0.646394    -0.598332    -0.592174    -0.553353    -0.546998    -0.524680    -0.493917    -0.474635    -0.461568    -0.457714

        21.1         22.1         23.1
     -0.445941     0.027971     0.040646


 HOMO     21.1    -0.445941 =     -12.1347eV
 LUMO     22.1     0.027971 =       0.7611eV
 LUMO-HOMO         0.473912 =      12.8958eV


 **********************************************************************************************************************************
 DATASETS  * FILE   NREC   LENGTH (MB)   RECORD NAMES
              1      18       34.94       500      610      700      900      950      970     1000      129      960     1100   
                                          VAR    BASINP    GEOM    SYMINP    ZMAT    AOBASIS   BASIS     P2S    ABASIS      S 
                                         1400     1410     1200     1210     1080     1600     1650     1700   
                                           T        V       H0       H01     AOSYM     SMH    MOLCAS    OPER   

              2       5       13.12       700     1000      520     2101     2201   
                                         GEOM     BASIS   MCVARS     RHF      RHF  

 PROGRAMS   *        TOTAL   RHF-SCF       INT   RHF-SCF       INT
 CPU TIMES  *       449.11    188.53      0.34    259.38      0.66
 REAL TIME  *       453.02 SEC
 DISK USED  *        55.56 MB (local),      222.25 MB (total)
 SF USED    *         1.48 MB
 GA USED    *         0.00 MB       (max)       0.00 MB       (current)
 **********************************************************************************************************************************
 SETTING EA_HF          =      -196.35414012  AU                              

 Dummy atoms: C1  H1  H2  H3  C2  H4  H5  C3  H6  H7  C4  H8  H9  C5  H10  H11  H12


 Recomputing one-electron integrals since nuclear charges changed


 PROGRAM * SEWARD (Integral evaluation for generally contracted gaussian basis sets)     Author: Roland Lindh, 1990

 Geometry written to block  1 of record 700


 Point group  C1  



 ATOMIC COORDINATES

 NR  ATOM    CHARGE       X              Y              Z

   1  C1      0.00   -4.299778855   -0.255254641    1.570993332
   2  H1      0.00   -4.706774426   -1.375582075   -0.108784637
   3  H2      0.00   -4.207142281   -1.546639559    3.172516451
   4  H3      0.00   -5.880876198    1.029793815    1.865915725
   5  C2      0.00   -1.817346069    1.170265609    1.264981158
   6  H4      0.00   -1.490425486    2.362973656    2.919064973
   7  H5      0.00   -1.939193249    2.448036713   -0.352355276
   8  C3      0.00    0.428027075   -0.594716302    0.907041694
   9  H6      0.00    0.584765144   -1.842745861    2.547422503
  10  H7      0.00    0.073983836   -1.825473080   -0.715809043
  11  C4      0.00    2.915850581    0.795904495    0.508335392
  12  H8      0.00    3.234528231    2.093385252    2.083322026
  13  H9      0.00    2.770517374    1.972389004   -1.181633617
  14  C5      0.00    5.154372238   -0.995622822    0.259760451
  15  H10     0.00    4.892012542   -2.273744765   -1.333688083
  16  H11     0.00    6.919234102    0.022096726   -0.030176334
  17  H12     0.00    5.357740306   -2.149393282    1.954118771
  18  C6      6.00   -0.942220539   -0.551355383    7.933581400
  19  O1      8.00   -1.740845142   -2.658740630    7.561028360
  20  O2      8.00   -2.479876245    1.449799421    8.373111817
  21  H13     1.00   -4.182069935    0.780117260    8.296510370
  22  C7      6.00    1.779489756    0.222801312    7.966094862
  23  H14     1.00    2.962123951   -1.421602353    7.667224926
  24  H15     1.00    2.112152256    1.610377381    6.486203884
  25  H16     1.00    2.227943019    1.109651585    9.764740706

 Bond lengths in Bohr (Angstrom)

 1-2  2.059716724  1-3  2.059401088  1-4  2.058688310  1-5  2.878927573  5-6  2.065290009
     ( 1.089955151)     ( 1.089788124)     ( 1.089410938)     ( 1.523462864)     ( 1.092904407)

  5- 7  2.064781555   5- 8  2.878364529   8- 9  2.067122105   8-10  2.067305826   8-11  2.877856618
       ( 1.092635344)       ( 1.523164914)       ( 1.093873910)       ( 1.093971131)       ( 1.522896138)

 11-12  2.065331609  11-13  2.064275368  11-14  2.877905287  14-15  2.059491816  14-16  2.057803153
       ( 1.092926420)       ( 1.092367482)       ( 1.522921893)       ( 1.089836135)       ( 1.088942533)

 14-17  2.059950233  18-19  2.284221881  18-20  2.561677694  18-22  2.829855588  20-21  1.830793635
       ( 1.090078719)       ( 1.208758164)       ( 1.355581458)       ( 1.497495087)       ( 0.968814270)

 22-23  2.047439936  22-24  2.055750226  22-25  2.054930803
       ( 1.083458555)       ( 1.087856171)       ( 1.087422551)

 Bond angles

  1-5-6  109.71341109   1-5-7  109.80365534   1-5-8  112.47275069   2-1-3  107.57937637

  2-1-4  107.73381247   2-1-5  110.67242042   3-1-4  108.33433320   3-1-5  110.75488361

  4- 1- 5  111.61610822   5- 8- 9  109.31010344   5- 8-10  109.21303951   5- 8-11  113.28399763

  6- 5- 7  106.21839168   6- 5- 8  109.28280822   7- 5- 8  109.15313438   8-11-12  109.34773200

  8-11-13  109.14473237   8-11-14  112.55512057   9- 8-10  106.05109825   9- 8-11  109.64159450

 10- 8-11  109.08490586  11-14-15  110.73648937  11-14-16  111.80186993  11-14-17  110.75745985

 12-11-13  106.08909129  12-11-14  109.68946581  13-11-14  109.80595780  15-14-16  107.88881620

 15-14-17  107.54021405  16-14-17  107.95226252  18-20-21  105.37654593  18-22-23  109.52078208

 18-22-24  109.39119133  18-22-25  109.75588594  19-18-20  122.60415846  19-18-22  126.19449156

 20-18-22  111.20063128  23-22-24  110.09347601  23-22-25  110.38519754  24-22-25  107.66696277

 NUCLEAR CHARGE:                   32
 NUMBER OF PRIMITIVE AOS:         509
 NUMBER OF SYMMETRY AOS:          491
 NUMBER OF CONTRACTIONS:          351   (  351A   )
 NUMBER OF CORE ORBITALS:           4   (    4A   )
 NUMBER OF VALENCE ORBITALS:       20   (   20A   )

 MOLECULE CHANGED: INITIALIZING OCCUPATION AND DUMP RECORDS


 NUCLEAR REPULSION ENERGY  121.23972711


 Eigenvalues of metric

         1 0.950E-05 0.231E-04 0.407E-04 0.491E-04 0.612E-04 0.644E-04 0.941E-04 0.103E-03


 OPERATOR DM      FOR CENTER  0  COORDINATES:    0.000000    0.000000    0.000000


 **********************************************************************************************************************************
 DATASETS  * FILE   NREC   LENGTH (MB)   RECORD NAMES
              1      18       34.94       500      610      700      900      950      970     1000      129      960     1100   
                                          VAR    BASINP    GEOM    SYMINP    ZMAT    AOBASIS   BASIS     P2S    ABASIS      S 
                                         1400     1410     1200     1210     1080     1600     1650     1700   
                                           T        V       H0       H01     AOSYM     SMH    MOLCAS    OPER   

              2       5       13.12       700     1000      520     2101     2201   
                                         GEOM     BASIS   MCVARS     RHF      RHF  

 PROGRAMS   *        TOTAL       INT   RHF-SCF       INT   RHF-SCF       INT
 CPU TIMES  *       449.36      0.24    188.53      0.34    259.38      0.66
 REAL TIME  *       453.51 SEC
 DISK USED  *        55.56 MB (local),      222.25 MB (total)
 SF USED    *         1.48 MB
 GA USED    *         0.00 MB       (max)       0.00 MB       (current)
 **********************************************************************************************************************************


 PROGRAM * RHF-SCF (CLOSED SHELL)       Authors: W. Meyer, H.-J. Werner


 NUMBER OF ELECTRONS:      16+   16-    SPACE SYMMETRY=1    SPIN SYMMETRY: Singlet 
 CONVERGENCE THRESHOLDS:    1.00E-04 (Density)    1.00E-09 (Energy)
 INTEGRAL THRESHOLDS:       1.00E-11 (Initial)    1.00E-11 (Final)
 MAX. NUMBER OF ITERATIONS:       60
 INTERPOLATION TYPE:            DIIS
 INTERPOLATION STEPS:              2 (START)      1 (STEP)
 LEVEL SHIFTS:                  0.00 (CLOSED)  0.00 (OPEN) 



 Orbital guess generated from atomic densities. Full valence occupancy:   24

 Molecular orbital dump at record        2301.2

 Initial occupancy:  16

 Direct Fock-matrix evaluation.        Authors: Roland Lindh & Martin Schuetz (1993/96)

 Integral Threshold:                  0.1D-10
 Threshold for writing integrals:     0.1D-06
 Prescreening on density matrix:        ON 
 Calculation will be performed fully direct        

 ITERATION   DDIFF            GRAD            ENERGY        2-EL.EN.            DIPOLE MOMENTS         DIIS   CPU(IT)  CPU(TOT)
    1      0.000D+00      0.000D+00      -227.74906901    406.600764    0.28846    1.19969    0.20744    0     26.4     29.4     start
    2      0.000D+00      0.448D-02      -227.81349717    404.236385    0.20488    0.46884    0.07663    1     24.9     54.3     diag
    3      0.587D-02      0.301D-02      -227.84806368    405.149229    0.31197    0.78897    0.13385    2     24.4     78.7     diag
    4      0.221D-02      0.468D-03      -227.84972312    405.215537    0.29870    0.70566    0.11843    3     23.9    102.6     diag
    5      0.544D-03      0.194D-03      -227.85000795    405.147391    0.30873    0.72424    0.12181    4     23.4    126.0     diag
    6      0.228D-03      0.553D-04      -227.85004082    405.167193    0.31156    0.71642    0.12028    5     22.6    148.6     diag
    7      0.718D-04      0.222D-04      -227.85004734    405.166328    0.31108    0.71550    0.12013    6     22.0    170.6     diag
    8      0.367D-04      0.830D-05      -227.85004836    405.166881    0.31093    0.71475    0.11999    7     21.2    191.8     diag
    9      0.141D-04      0.288D-05      -227.85004850    405.166805    0.31069    0.71439    0.11994    8     20.5    212.3     diag
   10      0.654D-05      0.561D-06      -227.85004851    405.167013    0.31060    0.71429    0.11992    9     19.0    231.3     orth
   11      0.126D-05      0.134D-06      -227.85004851    405.166886    0.31059    0.71428    0.11992    0     17.0    248.3     orth

 Final occupancy:  16

 !RHF STATE  1.1 Energy              -227.850048507571
 Nuclear energy                       121.23972711
 One-electron energy                 -551.67321875
 Two-electron energy                  202.58344313
 Virial quotient                       -1.00148232
 !RHF STATE  1.1 Dipole moment          0.31058933     0.71427952     0.11991799
 Dipole moment /Debye                   0.78938762     1.81539853     0.30478116

 Orbital energies:

         1.1          2.1          3.1          4.1          5.1          6.1          7.1          8.1          9.1         10.1
    -20.625097   -20.563859   -11.400137   -11.253141    -1.471610    -1.367549    -1.032631    -0.825412    -0.710256    -0.683206

        11.1         12.1         13.1         14.1         15.1         16.1         17.1         18.1
     -0.652676    -0.587421    -0.575460    -0.562887    -0.485207    -0.456619     0.021538     0.032899


 HOMO     16.1    -0.456619 =     -12.4252eV
 LUMO     17.1     0.021538 =       0.5861eV
 LUMO-HOMO         0.478157 =      13.0113eV


 **********************************************************************************************************************************
 DATASETS  * FILE   NREC   LENGTH (MB)   RECORD NAMES
              1      18       34.94       500      610      700      900      950      970     1000      129      960     1100   
                                          VAR    BASINP    GEOM    SYMINP    ZMAT    AOBASIS   BASIS     P2S    ABASIS      S 
                                         1400     1410     1200     1210     1080     1600     1650     1700   
                                           T        V       H0       H01     AOSYM     SMH    MOLCAS    OPER   

              2       6       20.55       700     1000      520     2101     2201     2301   
                                         GEOM     BASIS   MCVARS     RHF      RHF      RHF  

 PROGRAMS   *        TOTAL   RHF-SCF       INT   RHF-SCF       INT   RHF-SCF       INT
 CPU TIMES  *       697.74    248.38      0.24    188.53      0.34    259.38      0.66
 REAL TIME  *       702.53 SEC
 DISK USED  *        64.48 MB (local),      257.92 MB (total)
 SF USED    *         1.48 MB
 GA USED    *         0.00 MB       (max)       0.00 MB       (current)
 **********************************************************************************************************************************
 SETTING EB_HF          =      -227.85004851  AU                              
 SETTING E_AB_INT       =         0.00254650  AU                              

 *** results in hartree
 E_AB_INT         =         0.00254650 AU
 Molecular orbitals read from record     2301.2  Type=RHF/CANONICAL (state 1.1)
 Occupation numbers read from record     2301.2  Type=RHF/RHF (state 1.1)
 Orbital energies read from record       2301.2  Type=RHF/CANONICAL (state 1.1)
 Redundancy group numbers read from rec  2301.2  Type=RHF/RHF (state 1.1)

 RHF/aug-cc-pVDZ energy=   -227.850048507571

         RHF-SCF         RHF-SCF         RHF-SCF
   -227.85004851   -196.35414012   -424.20164213
 **********************************************************************************************************************************
 Molpro calculation terminated
Fri 22 Nov 2019 10:09:39 AM CET
