
 Primary working directories    : /scratch/sirous/550506/molpro.wDsOz154Mz
 Secondary working directories  : /scratch/sirous/550506/molpro.wDsOz154Mz
 Wavefunction directory         : /scratch/sirous/550506/
 Main file repository           : /scratch/sirous/550506/molpro.wDsOz154Mz/

 id        : karlovklimes

 Nodes                      nprocs
 nc-08.cc.karlov.mff.cuni.cz   12

 Using customized tuning parameters: mindgm=1; mindgv=20; mindgc=4; mindgr=1; noblas=0; minvec=7
 default implementation of scratch files=sf  


 Variables initialized (934), CPU time= 0.07 sec
 ***,CH3C6H4CN+CF3CN+BF3
 memory,500,m
 gdirect
 gthresh,energy=1.d-8,twoint=1.d-19,oneint=1.d-19,zero=1.d-15,orbital=1.d-8,grid=1.d-8
 symmetry,nosym
 geomtyp=xyz
                                                                                 ! Geometry
 geometry={
 C1        -0.709774000    -0.990423000     1.207702000
 C2        -1.406534000    -0.965353000     0.000000000
 C3        -0.709774000    -0.990423000     -1.207702000
 C4        0.683965000    -1.040510000     -1.207865000
 C5        1.380978000    -1.065552000     0.000000000
 C6        0.683965000    -1.040510000     1.207865000
 H1        -1.249948000    -0.968628000     2.144051000
 H2        -2.486920000    -0.923706000     0.000000000
 H3        -1.249948000    -0.968628000     -2.144051000
 H4        1.224288000    -1.058075000     -2.144256000
 H5        2.461589000    -1.102982000     0.000000000
 H6        1.224288000    -1.058075000     2.144256000
 N1        -0.003412000    3.535393000     0.000000000
 C7        0.075196000    2.370704000     0.000000000
 H7        0.147629000    1.305285000     0.000000000
 }
 
 
 
 basis=avtz
 
 
 
                                                                                 ! Dimer Calculation
 {rhf,accu=1.d-8;orbital,2101.2}
 eab_HF=energy
 
 
                                                                                 !monomer A
 dummy,13,14,15;                                                                 ! NOW MONOMER B IS DUMMY
 {rhf,accu=1.d-8;orbital,2201.2}
 ea_HF=energy
                                                                                 !monomer B
 dummy,1,2,3,4,5,6,7,8,9,10,11,12;                                               !NOW MONOMER A IS DUMMY
 {rhf,accu=1.d-8;orbital,2301.2}
 eb_HF=energy
 
 E_AB_int=eab_HF-ea_HF-eb_HF
 
 
 text,results in hartree
 show,E_AB_int
 
 Commands  initialized (763), CPU time= 0.04 sec, 617 directives.
 Default parameters read. Elapsed time= 0.22 sec

 Checking input...
 Passed
1


                                         ***  PROGRAM SYSTEM MOLPRO  ***
                                       Copyright, TTI GmbH Stuttgart, 2015
                                    Version 2019.2 linked Jun  8 2019 11:26:33


 **********************************************************************************************************************************
 LABEL *   CH3C6H4CN+CF3CN+BF3                                                           
  64 bit mpp version                                                                     DATE: 24-Apr-20          TIME: 05:08:01  
 **********************************************************************************************************************************

 SHA1:             8135a10abc80eafa5b3ae28ffc55be4890dc4c84
 **********************************************************************************************************************************

 THRESHOLDS:

 ZERO    =  1.00D-15  ONEINT  =  1.00D-19  TWOINT  =  1.00D-19  PREFAC  =  1.00D-14  XXXXXX  =  1.00D-09  EORDER  =  1.00D-04
 ENERGY  =  1.00D-08  ETEST   =  0.00D+00  EDENS   =  0.00D+00  THRDEDEF=  1.00D-06  GRADIENT=  1.00D-02  STEP    =  1.00D-03
 ORBITAL =  1.00D-08  CIVEC   =  1.00D-05  COEFF   =  1.00D-04  PRINTCI =  5.00D-02  PUNCHCI =  9.90D+01  OPTGRAD =  3.00D-04
 OPTENERG=  1.00D-06  OPTSTEP =  3.00D-04  THRGRAD =  1.00D-10  COMPRESS=  1.00D-11  VARMIN  =  1.00D-07  VARMAX  =  1.00D-03
 THRDOUB =  0.00D+00  THRDIV  =  1.00D-05  THRRED  =  1.00D-07  THRPSP  =  1.00D+00  THRDC   =  1.00D-10  THRCS   =  1.00D-10
 THRNRM  =  1.00D-08  THREQ   =  0.00D+00  THRDE   =  1.00D+00  THRREF  =  1.00D-05  SPARFAC =  1.00D+00  THRDLP  =  1.00D-07
 THRDIA  =  1.00D-10  THRDLS  =  1.00D-07  THRGPS  =  0.00D+00  THRKEX  =  0.00D+00  THRDIS  =  2.00D-01  THRVAR  =  1.00D-10
 THRLOC  =  1.00D-06  THRGAP  =  1.00D-06  THRLOCT = -1.00D+00  THRGAPT = -1.00D+00  THRORB  =  1.00D-06  THRMLTP =  0.00D+00
 THRCPQCI=  1.00D-10  KEXTA   =  0.00D+00  THRCOARS=  0.00D+00  SYMTOL  =  1.00D-06  GRADTOL =  1.00D-06  THROVL  =  1.00D-08
 THRORTH =  1.00D-08  GRID    =  1.00D-08  GRIDMAX =  1.00D-03  DTMAX   =  0.00D+00  THROCCDE=  1.00D-01  THROCCDE=  1.00D-01
 THRPRINT=  2.50D-01


 Variable memory set to  500000000 words,  buffer space 

 SETTING GEOMTYP        =    XYZ
 ZSYMEL=NOSYM

 SETTING BASIS          =    AVTZ


 Recomputing integrals since basis changed


 Using spherical harmonics

 Library entry C      S aug-cc-pVTZ          selected for orbital group  1
 Library entry C      P aug-cc-pVTZ          selected for orbital group  1
 Library entry C      D aug-cc-pVTZ          selected for orbital group  1
 Library entry C      F aug-cc-pVTZ          selected for orbital group  1
 Library entry H      S aug-cc-pVTZ          selected for orbital group  2
 Library entry H      P aug-cc-pVTZ          selected for orbital group  2
 Library entry H      D aug-cc-pVTZ          selected for orbital group  2
 Library entry N      S aug-cc-pVTZ          selected for orbital group  3
 Library entry N      P aug-cc-pVTZ          selected for orbital group  3
 Library entry N      D aug-cc-pVTZ          selected for orbital group  3
 Library entry N      F aug-cc-pVTZ          selected for orbital group  3


 PROGRAM * SEWARD (Integral evaluation for generally contracted gaussian basis sets)     Author: Roland Lindh, 1990

 Geometry written to block  1 of record 700


 Point group  C1  



 ATOMIC COORDINATES

 NR  ATOM    CHARGE       X              Y              Z

   1  C1      6.00   -1.341278470   -1.871628217    2.282226020
   2  C2      6.00   -2.657964045   -1.824252784    0.000000000
   3  C3      6.00   -1.341278470   -1.871628217   -2.282226020
   4  C4      6.00    1.292506529   -1.966278930   -2.282534045
   5  C5      6.00    2.609670204   -2.013601451    0.000000000
   6  C6      6.00    1.292506529   -1.966278930    2.282534045
   7  H1      1.00   -2.362059390   -1.830441637    4.051669187
   8  H2      1.00   -4.699597694   -1.745551360    0.000000000
   9  H3      1.00   -2.362059390   -1.830441637   -4.051669187
  10  H4      1.00    2.313569018   -1.999471969   -4.052056581
  11  H5      1.00    4.651729041   -2.084333900    0.000000000
  12  H6      1.00    2.313569018   -1.999471969    4.052056581
  13  N1      7.00   -0.006447746    6.680924513    0.000000000
  14  C7      6.00    0.142099846    4.479981282    0.000000000
  15  H7      1.00    0.278978378    2.466631165    0.000000000

 Bond lengths in Bohr (Angstrom)

 1-2  2.635234513  1-6  2.635485207  1-7  2.043188474  2-3  2.635234513  2-8  2.043149987
     ( 1.394506050)     ( 1.394638711)     ( 1.081208778)     ( 1.394506050)     ( 1.081188412)

  3- 4  2.635485207   3- 9  2.043188474   4- 5  2.635739220   4-10  2.043252404   5- 6  2.635739220
       ( 1.394638711)       ( 1.081208778)       ( 1.394773129)       ( 1.081242608)       ( 1.394773129)

  5-11  2.043283479   6-12  2.043252404  13-14  2.205950473  14-15  2.017997629
       ( 1.081259052)       ( 1.081242608)       ( 1.167338719)       ( 1.067878357)

 Bond angles

  1- 2- 3  120.00399951   1- 2- 8  119.99789153   1- 6- 5  119.99691515   1- 6-12  120.00571469

  2-1-6  120.00469672   2-1-7  120.00159863   2-3-4  120.00469672   2-3-9  120.00159863

  3- 2- 8  119.99789153   3- 4- 5  119.99691515   3- 4-10  120.00571469   4- 3- 9  119.99354103

  4- 5- 6  119.99277667   4- 5-11  120.00358421   5- 4-10  119.99727261   5- 6-12  119.99727261

  6- 1- 7  119.99354103   6- 5-11  120.00358421  13-14-15  179.97189568

 NUCLEAR CHARGE:                   56
 NUMBER OF PRIMITIVE AOS:         725
 NUMBER OF SYMMETRY AOS:          639
 NUMBER OF CONTRACTIONS:          529   (  529A   )
 NUMBER OF CORE ORBITALS:           8   (    8A   )
 NUMBER OF VALENCE ORBITALS:       39   (   39A   )


 NUCLEAR REPULSION ENERGY  303.28139386


 Eigenvalues of metric

         1 0.300E-06 0.672E-06 0.133E-05 0.261E-05 0.432E-05 0.485E-05 0.485E-05 0.506E-05


 OPERATOR DM      FOR CENTER  0  COORDINATES:    0.000000    0.000000    0.000000


 **********************************************************************************************************************************
 DATASETS  * FILE   NREC   LENGTH (MB)   RECORD NAMES
              1      18       40.45       500      610      700      900      950      970     1000      129      960     1100   
                                          VAR    BASINP    GEOM    SYMINP    ZMAT    AOBASIS   BASIS     P2S    ABASIS      S 
                                         1400     1410     1200     1210     1080     1600     1650     1700   
                                           T        V       H0       H01     AOSYM     SMH    MOLCAS    OPER   

 PROGRAMS   *        TOTAL       INT
 CPU TIMES  *         0.92      0.69
 REAL TIME  *         2.35 SEC
 DISK USED  *        41.12 MB (local),      493.43 MB (total)
 GA USED    *         0.00 MB       (max)       0.00 MB       (current)
 **********************************************************************************************************************************


 PROGRAM * RHF-SCF (CLOSED SHELL)       Authors: W. Meyer, H.-J. Werner


 NUMBER OF ELECTRONS:      28+   28-    SPACE SYMMETRY=1    SPIN SYMMETRY: Singlet 
 CONVERGENCE THRESHOLDS:    1.00E-04 (Density)    1.00E-09 (Energy)
 INTEGRAL THRESHOLDS:       1.00E-13 (Initial)    1.00E-13 (Final)
 MAX. NUMBER OF ITERATIONS:       60
 INTERPOLATION TYPE:            DIIS
 INTERPOLATION STEPS:              2 (START)      1 (STEP)
 LEVEL SHIFTS:                  0.00 (CLOSED)  0.00 (OPEN) 



 Orbital guess generated from atomic densities. Full valence occupancy:   47

 Molecular orbital dump at record        2101.2

 Initial occupancy:  28

 Direct Fock-matrix evaluation.        Authors: Roland Lindh & Martin Schuetz (1993/96)

 Integral Threshold:                  0.1D-12
 Threshold for writing integrals:     0.1D-06
 Prescreening on density matrix:        ON 
 Calculation will be performed fully direct        

 ITERATION   DDIFF            GRAD            ENERGY        2-EL.EN.            DIPOLE MOMENTS         DIIS   CPU(IT)  CPU(TOT)
    1      0.000D+00      0.000D+00      -323.61179560    822.843353    0.11853   -1.89386   -0.00000    0     45.1     50.4     start
    2      0.000D+00      0.203D-02      -323.67057497    818.972500    0.02381   -1.34715    0.00000    1     40.8     91.2     diag
    3      0.324D-02      0.125D-02      -323.68875059    820.467835    0.07128   -1.72269    0.00000    2     40.7    131.9     diag
    4      0.110D-02      0.399D-03      -323.69116312    820.699716    0.05939   -1.62453    0.00000    3     41.3    173.3     diag
    5      0.460D-03      0.105D-03      -323.69133441    820.405045    0.05976   -1.65232    0.00000    4     40.9    214.2     diag
    6      0.113D-03      0.173D-04      -323.69134185    820.430170    0.05945   -1.65263    0.00000    5     40.3    254.5     diag
    7      0.399D-04      0.332D-05      -323.69134211    820.426489    0.05926   -1.65310    0.00000    6     38.9    293.4     diag
    8      0.609D-05      0.819D-06      -323.69134213    820.427393    0.05939   -1.65344    0.00000    7     37.8    331.2     diag
    9      0.152D-05      0.240D-06      -323.69134213    820.427350    0.05928   -1.65339    0.00000    8     36.9    368.0     diag
   10      0.523D-06      0.887D-07      -323.69134213    820.427336    0.05933   -1.65339    0.00000    9     35.7    403.7     orth
   11      0.116D-06      0.255D-07      -323.69134213    820.427346    0.05931   -1.65340    0.00000    0     34.3    438.0     orth

 Final occupancy:  28

 !RHF STATE  1.1 Energy              -323.691342129954
 Nuclear energy                       303.28139386
 One-electron energy                -1037.18640897
 Two-electron energy                  410.21367298
 Virial quotient                       -1.00186004
 !RHF STATE  1.1 Dipole moment          0.05931057    -1.65339923     0.00000000
 Dipole moment /Debye                   0.15074255    -4.20224641     0.00000000

 Orbital energies:

         1.1          2.1          3.1          4.1          5.1          6.1          7.1          8.1          9.1         10.1
    -15.583985   -11.276327   -11.257585   -11.256969   -11.256920   -11.255756   -11.255702   -11.255061    -1.211572    -1.173358

        11.1         12.1         13.1         14.1         15.1         16.1         17.1         18.1         19.1         20.1
     -1.036565    -1.036552    -0.844868    -0.844866    -0.792655    -0.730264    -0.663788    -0.640035    -0.608752    -0.608740

        21.1         22.1         23.1         24.1         25.1         26.1         27.1         28.1         29.1         30.1
     -0.566310    -0.522727    -0.515101    -0.515093    -0.474559    -0.474537    -0.360457    -0.360426     0.023839     0.030179


 HOMO     28.1    -0.360426 =      -9.8077eV
 LUMO     29.1     0.023839 =       0.6487eV
 LUMO-HOMO         0.384265 =      10.4564eV


 **********************************************************************************************************************************
 DATASETS  * FILE   NREC   LENGTH (MB)   RECORD NAMES
              1      18       40.45       500      610      700      900      950      970     1000      129      960     1100   
                                          VAR    BASINP    GEOM    SYMINP    ZMAT    AOBASIS   BASIS     P2S    ABASIS      S 
                                         1400     1410     1200     1210     1080     1600     1650     1700   
                                           T        V       H0       H01     AOSYM     SMH    MOLCAS    OPER   

              2       4        8.68       700     1000      520     2101   
                                         GEOM     BASIS   MCVARS     RHF  

 PROGRAMS   *        TOTAL   RHF-SCF       INT
 CPU TIMES  *       439.12    438.20      0.69
 REAL TIME  *       447.03 SEC
 DISK USED  *        69.44 MB (local),      833.30 MB (total)
 SF USED    *         3.36 MB
 GA USED    *         0.01 MB       (max)       0.00 MB       (current)
 **********************************************************************************************************************************
 SETTING EAB_HF         =      -323.69134213  AU                              

 Dummy atoms: N1  C7  H7


 Recomputing one-electron integrals since nuclear charges changed


 PROGRAM * SEWARD (Integral evaluation for generally contracted gaussian basis sets)     Author: Roland Lindh, 1990

 Geometry written to block  1 of record 700


 Point group  C1  



 ATOMIC COORDINATES

 NR  ATOM    CHARGE       X              Y              Z

   1  C1      6.00   -1.341278470   -1.871628217    2.282226020
   2  C2      6.00   -2.657964045   -1.824252784    0.000000000
   3  C3      6.00   -1.341278470   -1.871628217   -2.282226020
   4  C4      6.00    1.292506529   -1.966278930   -2.282534045
   5  C5      6.00    2.609670204   -2.013601451    0.000000000
   6  C6      6.00    1.292506529   -1.966278930    2.282534045
   7  H1      1.00   -2.362059390   -1.830441637    4.051669187
   8  H2      1.00   -4.699597694   -1.745551360    0.000000000
   9  H3      1.00   -2.362059390   -1.830441637   -4.051669187
  10  H4      1.00    2.313569018   -1.999471969   -4.052056581
  11  H5      1.00    4.651729041   -2.084333900    0.000000000
  12  H6      1.00    2.313569018   -1.999471969    4.052056581
  13  N1      0.00   -0.006447746    6.680924513    0.000000000
  14  C7      0.00    0.142099846    4.479981282    0.000000000
  15  H7      0.00    0.278978378    2.466631165    0.000000000

 Bond lengths in Bohr (Angstrom)

 1-2  2.635234513  1-6  2.635485207  1-7  2.043188474  2-3  2.635234513  2-8  2.043149987
     ( 1.394506050)     ( 1.394638711)     ( 1.081208778)     ( 1.394506050)     ( 1.081188412)

  3- 4  2.635485207   3- 9  2.043188474   4- 5  2.635739220   4-10  2.043252404   5- 6  2.635739220
       ( 1.394638711)       ( 1.081208778)       ( 1.394773129)       ( 1.081242608)       ( 1.394773129)

  5-11  2.043283479   6-12  2.043252404  13-14  2.205950473  14-15  2.017997629
       ( 1.081259052)       ( 1.081242608)       ( 1.167338719)       ( 1.067878357)

 Bond angles

  1- 2- 3  120.00399951   1- 2- 8  119.99789153   1- 6- 5  119.99691515   1- 6-12  120.00571469

  2-1-6  120.00469672   2-1-7  120.00159863   2-3-4  120.00469672   2-3-9  120.00159863

  3- 2- 8  119.99789153   3- 4- 5  119.99691515   3- 4-10  120.00571469   4- 3- 9  119.99354103

  4- 5- 6  119.99277667   4- 5-11  120.00358421   5- 4-10  119.99727261   5- 6-12  119.99727261

  6- 1- 7  119.99354103   6- 5-11  120.00358421  13-14-15  179.97189568

 NUCLEAR CHARGE:                   42
 NUMBER OF PRIMITIVE AOS:         725
 NUMBER OF SYMMETRY AOS:          639
 NUMBER OF CONTRACTIONS:          529   (  529A   )
 NUMBER OF CORE ORBITALS:           6   (    6A   )
 NUMBER OF VALENCE ORBITALS:       30   (   30A   )

 MOLECULE CHANGED: INITIALIZING OCCUPATION AND DUMP RECORDS


 NUCLEAR REPULSION ENERGY  203.59513597


 Eigenvalues of metric

         1 0.300E-06 0.672E-06 0.133E-05 0.261E-05 0.432E-05 0.485E-05 0.485E-05 0.506E-05


 OPERATOR DM      FOR CENTER  0  COORDINATES:    0.000000    0.000000    0.000000


 **********************************************************************************************************************************
 DATASETS  * FILE   NREC   LENGTH (MB)   RECORD NAMES
              1      18       40.45       500      610      700      900      950      970     1000      129      960     1100   
                                          VAR    BASINP    GEOM    SYMINP    ZMAT    AOBASIS   BASIS     P2S    ABASIS      S 
                                         1400     1410     1200     1210     1080     1600     1650     1700   
                                           T        V       H0       H01     AOSYM     SMH    MOLCAS    OPER   

              2       4        8.68       700     1000      520     2101   
                                         GEOM     BASIS   MCVARS     RHF  

 PROGRAMS   *        TOTAL       INT   RHF-SCF       INT
 CPU TIMES  *       439.50      0.36    438.20      0.69
 REAL TIME  *       447.52 SEC
 DISK USED  *        69.44 MB (local),      833.30 MB (total)
 SF USED    *         3.36 MB
 GA USED    *         0.01 MB       (max)       0.00 MB       (current)
 **********************************************************************************************************************************


 PROGRAM * RHF-SCF (CLOSED SHELL)       Authors: W. Meyer, H.-J. Werner


 NUMBER OF ELECTRONS:      21+   21-    SPACE SYMMETRY=1    SPIN SYMMETRY: Singlet 
 CONVERGENCE THRESHOLDS:    1.00E-04 (Density)    1.00E-09 (Energy)
 INTEGRAL THRESHOLDS:       1.00E-13 (Initial)    1.00E-13 (Final)
 MAX. NUMBER OF ITERATIONS:       60
 INTERPOLATION TYPE:            DIIS
 INTERPOLATION STEPS:              2 (START)      1 (STEP)
 LEVEL SHIFTS:                  0.00 (CLOSED)  0.00 (OPEN) 



 Orbital guess generated from atomic densities. Full valence occupancy:   36

 Molecular orbital dump at record        2201.2

 Initial occupancy:  21

 Direct Fock-matrix evaluation.        Authors: Roland Lindh & Martin Schuetz (1993/96)

 Integral Threshold:                  0.1D-12
 Threshold for writing integrals:     0.1D-06
 Prescreening on density matrix:        ON 
 Calculation will be performed fully direct        

 ITERATION   DDIFF            GRAD            ENERGY        2-EL.EN.            DIPOLE MOMENTS         DIIS   CPU(IT)  CPU(TOT)
    1      0.000D+00      0.000D+00      -230.72299317    561.665750    0.00060    0.00268    0.00000    0     44.7     51.0     start
    2      0.000D+00      0.188D-02      -230.77393104    556.787752   -0.00030    0.00290    0.00000    1     41.5     92.6     diag
    3      0.266D-02      0.753D-03      -230.78043900    559.119742    0.00032    0.00323    0.00000    2     41.1    133.6     diag
    4      0.849D-03      0.248D-03      -230.78143467    558.543014    0.00002    0.00332    0.00000    3     41.1    174.8     diag
    5      0.305D-03      0.200D-04      -230.78144596    558.540787    0.00020    0.00337    0.00000    4     40.0    214.8     diag
    6      0.639D-04      0.276D-05      -230.78144620    558.541154    0.00000    0.00337    0.00000    5     38.7    253.5     diag
    7      0.859D-05      0.453D-06      -230.78144620    558.541123    0.00022    0.00337    0.00000    6     37.1    290.5     diag
    8      0.155D-05      0.238D-06      -230.78144621    558.541132    0.00010    0.00337    0.00000    7     35.7    326.2     diag
    9      0.323D-06      0.400D-07      -230.78144621    558.541162    0.00012    0.00337   -0.00000    0     34.1    360.4     orth

 Final occupancy:  21

 !RHF STATE  1.1 Energy              -230.781446205284
 Nuclear energy                       203.59513597
 One-electron energy                 -713.64716328
 Two-electron energy                  279.27058111
 Virial quotient                       -1.00150606
 !RHF STATE  1.1 Dipole moment          0.00011840     0.00337068    -0.00000000
 Dipole moment /Debye                   0.00030092     0.00856685    -0.00000000

 Orbital energies:

         1.1          2.1          3.1          4.1          5.1          6.1          7.1          8.1          9.1         10.1
    -11.236479   -11.235904   -11.235903   -11.234664   -11.234662   -11.234057    -1.149882    -1.014565    -1.014561    -0.824071

        11.1         12.1         13.1         14.1         15.1         16.1         17.1         18.1         19.1         20.1
     -0.824069    -0.709527    -0.644477    -0.618790    -0.588069    -0.588062    -0.502042    -0.494955    -0.494946    -0.336658

        21.1         22.1         23.1
     -0.336656     0.027350     0.034520


 HOMO     21.1    -0.336656 =      -9.1609eV
 LUMO     22.1     0.027350 =       0.7442eV
 LUMO-HOMO         0.364007 =       9.9051eV


 **********************************************************************************************************************************
 DATASETS  * FILE   NREC   LENGTH (MB)   RECORD NAMES
              1      18       40.45       500      610      700      900      950      970     1000      129      960     1100   
                                          VAR    BASINP    GEOM    SYMINP    ZMAT    AOBASIS   BASIS     P2S    ABASIS      S 
                                         1400     1410     1200     1210     1080     1600     1650     1700   
                                           T        V       H0       H01     AOSYM     SMH    MOLCAS    OPER   

              2       5       22.40       700     1000      520     2101     2201   
                                         GEOM     BASIS   MCVARS     RHF      RHF  

 PROGRAMS   *        TOTAL   RHF-SCF       INT   RHF-SCF       INT
 CPU TIMES  *       800.07    360.56      0.36    438.20      0.69
 REAL TIME  *       810.92 SEC
 DISK USED  *        80.92 MB (local),      970.98 MB (total)
 SF USED    *         3.36 MB
 GA USED    *         0.01 MB       (max)       0.00 MB       (current)
 **********************************************************************************************************************************
 SETTING EA_HF          =      -230.78144621  AU                              

 Dummy atoms: C1  C2  C3  C4  C5  C6  H1  H2  H3  H4  H5  H6


 Recomputing one-electron integrals since nuclear charges changed


 PROGRAM * SEWARD (Integral evaluation for generally contracted gaussian basis sets)     Author: Roland Lindh, 1990

 Geometry written to block  1 of record 700


 Point group  C1  



 ATOMIC COORDINATES

 NR  ATOM    CHARGE       X              Y              Z

   1  C1      0.00   -1.341278470   -1.871628217    2.282226020
   2  C2      0.00   -2.657964045   -1.824252784    0.000000000
   3  C3      0.00   -1.341278470   -1.871628217   -2.282226020
   4  C4      0.00    1.292506529   -1.966278930   -2.282534045
   5  C5      0.00    2.609670204   -2.013601451    0.000000000
   6  C6      0.00    1.292506529   -1.966278930    2.282534045
   7  H1      0.00   -2.362059390   -1.830441637    4.051669187
   8  H2      0.00   -4.699597694   -1.745551360    0.000000000
   9  H3      0.00   -2.362059390   -1.830441637   -4.051669187
  10  H4      0.00    2.313569018   -1.999471969   -4.052056581
  11  H5      0.00    4.651729041   -2.084333900    0.000000000
  12  H6      0.00    2.313569018   -1.999471969    4.052056581
  13  N1      7.00   -0.006447746    6.680924513    0.000000000
  14  C7      6.00    0.142099846    4.479981282    0.000000000
  15  H7      1.00    0.278978378    2.466631165    0.000000000

 Bond lengths in Bohr (Angstrom)

 1-2  2.635234513  1-6  2.635485207  1-7  2.043188474  2-3  2.635234513  2-8  2.043149987
     ( 1.394506050)     ( 1.394638711)     ( 1.081208778)     ( 1.394506050)     ( 1.081188412)

  3- 4  2.635485207   3- 9  2.043188474   4- 5  2.635739220   4-10  2.043252404   5- 6  2.635739220
       ( 1.394638711)       ( 1.081208778)       ( 1.394773129)       ( 1.081242608)       ( 1.394773129)

  5-11  2.043283479   6-12  2.043252404  13-14  2.205950473  14-15  2.017997629
       ( 1.081259052)       ( 1.081242608)       ( 1.167338719)       ( 1.067878357)

 Bond angles

  1- 2- 3  120.00399951   1- 2- 8  119.99789153   1- 6- 5  119.99691515   1- 6-12  120.00571469

  2-1-6  120.00469672   2-1-7  120.00159863   2-3-4  120.00469672   2-3-9  120.00159863

  3- 2- 8  119.99789153   3- 4- 5  119.99691515   3- 4-10  120.00571469   4- 3- 9  119.99354103

  4- 5- 6  119.99277667   4- 5-11  120.00358421   5- 4-10  119.99727261   5- 6-12  119.99727261

  6- 1- 7  119.99354103   6- 5-11  120.00358421  13-14-15  179.97189568

 NUCLEAR CHARGE:                   14
 NUMBER OF PRIMITIVE AOS:         725
 NUMBER OF SYMMETRY AOS:          639
 NUMBER OF CONTRACTIONS:          529   (  529A   )
 NUMBER OF CORE ORBITALS:           2   (    2A   )
 NUMBER OF VALENCE ORBITALS:        9   (    9A   )

 MOLECULE CHANGED: INITIALIZING OCCUPATION AND DUMP RECORDS


 NUCLEAR REPULSION ENERGY   23.66987375


 Eigenvalues of metric

         1 0.300E-06 0.672E-06 0.133E-05 0.261E-05 0.432E-05 0.485E-05 0.485E-05 0.506E-05


 OPERATOR DM      FOR CENTER  0  COORDINATES:    0.000000    0.000000    0.000000


 **********************************************************************************************************************************
 DATASETS  * FILE   NREC   LENGTH (MB)   RECORD NAMES
              1      18       40.45       500      610      700      900      950      970     1000      129      960     1100   
                                          VAR    BASINP    GEOM    SYMINP    ZMAT    AOBASIS   BASIS     P2S    ABASIS      S 
                                         1400     1410     1200     1210     1080     1600     1650     1700   
                                           T        V       H0       H01     AOSYM     SMH    MOLCAS    OPER   

              2       5       22.40       700     1000      520     2101     2201   
                                         GEOM     BASIS   MCVARS     RHF      RHF  

 PROGRAMS   *        TOTAL       INT   RHF-SCF       INT   RHF-SCF       INT
 CPU TIMES  *       800.43      0.36    360.56      0.36    438.20      0.69
 REAL TIME  *       811.42 SEC
 DISK USED  *        80.92 MB (local),      970.98 MB (total)
 SF USED    *         3.36 MB
 GA USED    *         0.01 MB       (max)       0.00 MB       (current)
 **********************************************************************************************************************************


 PROGRAM * RHF-SCF (CLOSED SHELL)       Authors: W. Meyer, H.-J. Werner


 NUMBER OF ELECTRONS:       7+    7-    SPACE SYMMETRY=1    SPIN SYMMETRY: Singlet 
 CONVERGENCE THRESHOLDS:    1.00E-04 (Density)    1.00E-09 (Energy)
 INTEGRAL THRESHOLDS:       1.00E-13 (Initial)    1.00E-13 (Final)
 MAX. NUMBER OF ITERATIONS:       60
 INTERPOLATION TYPE:            DIIS
 INTERPOLATION STEPS:              2 (START)      1 (STEP)
 LEVEL SHIFTS:                  0.00 (CLOSED)  0.00 (OPEN) 



 Orbital guess generated from atomic densities. Full valence occupancy:   11

 Molecular orbital dump at record        2301.2

 Initial occupancy:   7

 Direct Fock-matrix evaluation.        Authors: Roland Lindh & Martin Schuetz (1993/96)

 Integral Threshold:                  0.1D-12
 Threshold for writing integrals:     0.1D-06
 Prescreening on density matrix:        ON 
 Calculation will be performed fully direct        

 ITERATION   DDIFF            GRAD            ENERGY        2-EL.EN.            DIPOLE MOMENTS         DIIS   CPU(IT)  CPU(TOT)
    1      0.000D+00      0.000D+00       -92.88232796    111.374351    0.12100   -1.78963    0.00000    0     43.5     48.4     start
    2      0.000D+00      0.250D-02       -92.89070733    110.606913    0.06016   -0.88647   -0.00000    1     40.4     88.8     diag
    3      0.185D-02      0.229D-02       -92.90645957    111.127856    0.08857   -1.30795   -0.00000    2     40.4    129.2     diag
    4      0.776D-03      0.186D-03       -92.90669403    111.080327    0.08797   -1.29889   -0.00000    3     39.4    168.6     diag
    5      0.180D-03      0.432D-04       -92.90670827    111.095086    0.08789   -1.29768   -0.00000    4     39.0    207.6     diag
    6      0.485D-04      0.120D-04       -92.90670935    111.089032    0.08788   -1.29749   -0.00000    5     38.3    245.9     diag
    7      0.117D-04      0.432D-05       -92.90670944    111.090086    0.08789   -1.29760   -0.00000    6     36.5    282.4     diag
    8      0.317D-05      0.842D-06       -92.90670945    111.090057    0.08789   -1.29756   -0.00000    7     36.0    318.4     diag
    9      0.935D-06      0.950D-07       -92.90670945    111.090067    0.08789   -1.29755   -0.00000    8     32.2    350.6     diag
   10      0.868D-07      0.106D-07       -92.90670945    111.090068    0.08789   -1.29755   -0.00000    0     30.4    381.1     orth

 Final occupancy:   7

 !RHF STATE  1.1 Energy               -92.906709445238
 Nuclear energy                        23.66987375
 One-electron energy                 -172.12161709
 Two-electron energy                   55.54503389
 Virial quotient                       -1.00322182
 !RHF STATE  1.1 Dipole moment          0.08788719    -1.29755476    -0.00000000
 Dipole moment /Debye                   0.22337232    -3.29783923    -0.00000000

 Orbital energies:

         1.1          2.1          3.1          4.1          5.1          6.1          7.1          8.1          9.1
    -15.605114   -11.297644    -1.230484    -0.814437    -0.582847    -0.492624    -0.492624     0.011456     0.026538


 HOMO      7.1    -0.492624 =     -13.4050eV
 LUMO      8.1     0.011456 =       0.3117eV
 LUMO-HOMO         0.504081 =      13.7167eV


 **********************************************************************************************************************************
 DATASETS  * FILE   NREC   LENGTH (MB)   RECORD NAMES
              1      18       40.45       500      610      700      900      950      970     1000      129      960     1100   
                                          VAR    BASINP    GEOM    SYMINP    ZMAT    AOBASIS   BASIS     P2S    ABASIS      S 
                                         1400     1410     1200     1210     1080     1600     1650     1700   
                                           T        V       H0       H01     AOSYM     SMH    MOLCAS    OPER   

              2       6       36.11       700     1000      520     2101     2201     2301   
                                         GEOM     BASIS   MCVARS     RHF      RHF      RHF  

 PROGRAMS   *        TOTAL   RHF-SCF       INT   RHF-SCF       INT   RHF-SCF       INT
 CPU TIMES  *      1181.72    381.27      0.36    360.56      0.36    438.20      0.69
 REAL TIME  *      1196.47 SEC
 DISK USED  *        95.75 MB (local),        1.15 GB (total)
 SF USED    *         3.36 MB
 GA USED    *         0.01 MB       (max)       0.00 MB       (current)
 **********************************************************************************************************************************
 SETTING EB_HF          =       -92.90670945  AU                              
 SETTING E_AB_INT       =        -0.00318648  AU                              

 *** results in hartree
 E_AB_INT         =        -0.00318648 AU
 Molecular orbitals read from record     2301.2  Type=RHF/CANONICAL (state 1.1)
 Occupation numbers read from record     2301.2  Type=RHF/RHF (state 1.1)
 Orbital energies read from record       2301.2  Type=RHF/CANONICAL (state 1.1)
 Redundancy group numbers read from rec  2301.2  Type=RHF/RHF (state 1.1)

 RHF/aug-cc-pVTZ energy=    -92.906709445238

         RHF-SCF         RHF-SCF         RHF-SCF
    -92.90670945   -230.78144621   -323.69134213
 **********************************************************************************************************************************
 Molpro calculation terminated
