
 Primary working directories    : /scratch/sirous/67/molpro.mh5OVZNNZO
 Secondary working directories  : /scratch/sirous/67/molpro.mh5OVZNNZO
 Wavefunction directory         : /scratch/sirous/67/
 Main file repository           : /scratch/sirous/67/molpro.mh5OVZNNZO/

 id        : karlovklimes

 Nodes                      nprocs
 nc-01.cc.karlov.mff.cuni.cz   12

 Using customized tuning parameters: mindgm=1; mindgv=20; mindgc=4; mindgr=1; noblas=0; minvec=7
 default implementation of scratch files=sf  


 Variables initialized (934), CPU time= 0.01 sec
 ***,CH3C6H4CN+CF3CN+BF3
 memory,500,m
 gdirect
 gthresh,energy=1.d-8,twoint=1.d-15,oneint=1.d-15,zero=1.d-15,orbital=1.d-8,grid=1.d-8
 symmetry,nosym
 geomtyp=xyz
                                                                                 ! Geometry
 geometry={
 C1        0.818746988    0.864172340     0.188286116
 H1        1.466113611    1.716667667     0.344721407
 C2        1.368997119    -0.390523941     -0.066698182
 H2        2.443036367    -0.511861940     -0.110574439
 C3        0.534378602    -1.488493196     -0.271888037
 H3        0.960848252    -2.461564217     -0.475507491
 C4        -0.849115613    -1.330507345     -0.219896434
 H4        -1.497069424    -2.181860285     -0.379553211
 C5        -1.399485456    -0.076030202     0.040434165
 H5        -2.472686669    0.044907778     0.093382057
 C6        -0.565292303    1.021403360     0.242279208
 H6        -0.992556673    1.993661308     0.446258168
 N1        -2.372852862    0.149620261     3.427366186
 C7        -1.757966931    1.307288071     3.707430376
 H7        -2.405570988    2.160459524     3.869942469
 C8        -0.375752033    1.448135807     3.797601192
 H8        0.056096725    2.411785922     4.028817489
 C9        0.425199358    0.331156503     3.583387281
 H9        1.502768526    0.401540781     3.638221791
 C10        -0.195352545    -0.877498535     3.289727704
 H10        0.380421965    -1.773120418     3.105652767
 C11        -1.585866822    -0.915536418     3.224278286
 H11        -2.094719747    -1.843989796     2.995435612
 }
 
 
 
 basis=avdz
 
 
 
                                                                                 ! Dimer Calculation
 {rhf,accu=1.d-8;orbital,2101.2}
 eab_HF=energy
 
 
                                                                                 !monomer A
 dummy,13,14,15,16,17,18,19,20,21,22,23;                                         ! NOW MONOMER B IS DUMMY
 {rhf,accu=1.d-8;orbital,2201.2}
 ea_HF=energy
                                                                                 !monomer B
 dummy,1,2,3,4,5,6,7,8,9,10,11,12;                                               !NOW MONOMER A IS DUMMY
 {rhf,accu=1.d-8;orbital,2301.2}
 eb_HF=energy
 
 E_AB_int=eab_HF-ea_HF-eb_HF
 
 
 text,results in hartree
 show,E_AB_int
 
 Commands  initialized (763), CPU time= 0.02 sec, 617 directives.
 Default parameters read. Elapsed time= 0.18 sec

 Checking input...
 Passed
1


                                         ***  PROGRAM SYSTEM MOLPRO  ***
                                       Copyright, TTI GmbH Stuttgart, 2015
                                    Version 2019.2 linked Jun  8 2019 11:26:33


 **********************************************************************************************************************************
 LABEL *   CH3C6H4CN+CF3CN+BF3                                                           
  64 bit mpp version                                                                     DATE: 02-Jul-20          TIME: 15:28:10  
 **********************************************************************************************************************************

 SHA1:             8135a10abc80eafa5b3ae28ffc55be4890dc4c84
 **********************************************************************************************************************************

 THRESHOLDS:

 ZERO    =  1.00D-15  ONEINT  =  1.00D-15  TWOINT  =  1.00D-15  PREFAC  =  1.00D-14  XXXXXX  =  1.00D-09  EORDER  =  1.00D-04
 ENERGY  =  1.00D-08  ETEST   =  0.00D+00  EDENS   =  0.00D+00  THRDEDEF=  1.00D-06  GRADIENT=  1.00D-02  STEP    =  1.00D-03
 ORBITAL =  1.00D-08  CIVEC   =  1.00D-05  COEFF   =  1.00D-04  PRINTCI =  5.00D-02  PUNCHCI =  9.90D+01  OPTGRAD =  3.00D-04
 OPTENERG=  1.00D-06  OPTSTEP =  3.00D-04  THRGRAD =  1.00D-10  COMPRESS=  1.00D-11  VARMIN  =  1.00D-07  VARMAX  =  1.00D-03
 THRDOUB =  0.00D+00  THRDIV  =  1.00D-05  THRRED  =  1.00D-07  THRPSP  =  1.00D+00  THRDC   =  1.00D-10  THRCS   =  1.00D-10
 THRNRM  =  1.00D-08  THREQ   =  0.00D+00  THRDE   =  1.00D+00  THRREF  =  1.00D-05  SPARFAC =  1.00D+00  THRDLP  =  1.00D-07
 THRDIA  =  1.00D-10  THRDLS  =  1.00D-07  THRGPS  =  0.00D+00  THRKEX  =  0.00D+00  THRDIS  =  2.00D-01  THRVAR  =  1.00D-10
 THRLOC  =  1.00D-06  THRGAP  =  1.00D-06  THRLOCT = -1.00D+00  THRGAPT = -1.00D+00  THRORB  =  1.00D-06  THRMLTP =  0.00D+00
 THRCPQCI=  1.00D-10  KEXTA   =  0.00D+00  THRCOARS=  0.00D+00  SYMTOL  =  1.00D-06  GRADTOL =  1.00D-06  THROVL  =  1.00D-08
 THRORTH =  1.00D-08  GRID    =  1.00D-08  GRIDMAX =  1.00D-03  DTMAX   =  0.00D+00  THROCCDE=  1.00D-01  THROCCDE=  1.00D-01
 THRPRINT=  2.50D-01


 Variable memory set to  500000000 words,  buffer space 

 SETTING GEOMTYP        =    XYZ
 ZSYMEL=NOSYM

 SETTING BASIS          =    AVDZ


 Recomputing integrals since basis changed


 Using spherical harmonics

 Library entry C      S aug-cc-pVDZ          selected for orbital group  1
 Library entry C      P aug-cc-pVDZ          selected for orbital group  1
 Library entry C      D aug-cc-pVDZ          selected for orbital group  1
 Library entry H      S aug-cc-pVDZ          selected for orbital group  2
 Library entry H      P aug-cc-pVDZ          selected for orbital group  2
 Library entry N      S aug-cc-pVDZ          selected for orbital group 13
 Library entry N      P aug-cc-pVDZ          selected for orbital group 13
 Library entry N      D aug-cc-pVDZ          selected for orbital group 13


 PROGRAM * SEWARD (Integral evaluation for generally contracted gaussian basis sets)     Author: Roland Lindh, 1990

 Geometry written to block  1 of record 700


 Point group  C1  



 ATOMIC COORDINATES

 NR  ATOM    CHARGE       X              Y              Z

   1  C1      6.00    1.547207573    1.633049047    0.355809192
   2  H1      1.00    2.770553192    3.244031738    0.651429049
   3  C2      6.00    2.587029620   -0.737983294   -0.126041297
   4  H2      1.00    4.616669646   -0.967278880   -0.208955406
   5  C3      6.00    1.009829205   -2.812844479   -0.513793926
   6  H3      1.00    1.815740044   -4.651682208   -0.898578928
   7  C4      6.00   -1.604595957   -2.514294489   -0.415544036
   8  H4      1.00   -2.829051201   -4.123118381   -0.717251618
   9  C5      6.00   -2.644644227   -0.143676259    0.076409498
  10  H5      1.00   -4.672700596    0.084863401    0.176466513
  11  C6      6.00   -1.068247633    1.930172613    0.457841349
  12  H6      1.00   -1.875660275    3.767473857    0.843305718
  13  N1      7.00   -4.484042043    0.282741316    6.476783420
  14  C7      6.00   -3.322076036    2.470416420    7.006028037
  15  H7      1.00   -4.545870341    4.082676804    7.313131384
  16  C8      6.00   -0.710068433    2.736580066    7.176426183
  17  H8      1.00    0.106007447    4.557614864    7.613361660
  18  C9      6.00    0.803510335    0.625795095    6.771620559
  19  H9      1.00    2.839820943    0.758802104    6.875242765
  20  C10     6.00   -0.369162808   -1.658231906    6.216684385
  21  H10     1.00    0.718893326   -3.350711976    5.868833168
  22  C11     6.00   -2.996853964   -1.730113087    6.093002910
  23  H11     1.00   -3.958446630   -3.484635691    5.660552930

 Bond lengths in Bohr (Angstrom)

  1- 2  2.044316716   1- 3  2.633477576   1-11  2.634254905   3- 4  2.044233316   3- 5  2.634950131
       ( 1.081805818)       ( 1.393576319)       ( 1.393987664)       ( 1.081761685)       ( 1.394355561)

  5- 6  2.044229922   5- 7  2.633249715   7- 8  2.044170351   7- 9  2.635061570   9-10  2.043343931
       ( 1.081759888)       ( 1.393455740)       ( 1.081728365)       ( 1.394414532)       ( 1.081291042)

  9-11  2.632748682  11-12  2.043568892  13-14  2.533019390  13-22  2.531916016  14-15  2.047283202
       ( 1.393190605)       ( 1.081410087)       ( 1.340416136)       ( 1.339832256)       ( 1.083375615)

 14-16  2.631057265  16-17  2.042806938  16-18  2.628726208  18-19  2.043279060  18-20  2.626765273
       ( 1.392295545)       ( 1.081006878)       ( 1.391062003)       ( 1.081256714)       ( 1.390024321)

 20-21  2.041899950  20-22  2.631582190  22-23  2.046954569
       ( 1.080526921)       ( 1.392573324)       ( 1.083201710)

 Bond angles

  1- 3- 4  120.02903932   1- 3- 5  119.96999962   1-11- 9  120.00211231   1-11-12  120.06572512

  2- 1- 3  119.97842015   2- 1-11  119.97735275   3- 1-11  120.04422460   3- 5- 6  120.00281972

  3-5-7  119.96839764   4-3-5  120.00019645   5-7-8  119.99857437   5-7-9  120.05553861

  6- 5- 7  120.02826872   7- 9-10  120.09972148   7- 9-11  119.95895073   8- 7- 9  119.94576864

  9-11-12  119.93127597  10- 9-11  119.93968321  13-14-15  115.93018233  13-14-16  123.80086070

 13-22-20  123.89474785  13-22-23  115.94517513  14-13-22  116.66864618  14-16-17  120.04151134

 14-16-18  118.71230779  15-14-16  120.26867913  16-18-19  120.91338718  16-18-20  118.27358530

 17-16-18  121.24612622  18-20-21  121.25353825  18-20-22  118.64963085  19-18-20  120.81215774

 20-22-23  120.15988210  21-20-22  120.09462226

 NUCLEAR CHARGE:                   84
 NUMBER OF PRIMITIVE AOS:         565
 NUMBER OF SYMMETRY AOS:          541
 NUMBER OF CONTRACTIONS:          375   (  375A   )
 NUMBER OF CORE ORBITALS:          12   (   12A   )
 NUMBER OF VALENCE ORBITALS:       59   (   59A   )


 NUCLEAR REPULSION ENERGY  635.32462813


 Eigenvalues of metric

         1 0.221E-05 0.228E-05 0.581E-05 0.759E-05 0.115E-04 0.161E-04 0.174E-04 0.179E-04


 OPERATOR DM      FOR CENTER  0  COORDINATES:    0.000000    0.000000    0.000000


 **********************************************************************************************************************************
 DATASETS  * FILE   NREC   LENGTH (MB)   RECORD NAMES
              1      18       35.55       500      610      700      900      950      970     1000      129      960     1100   
                                          VAR    BASINP    GEOM    SYMINP    ZMAT    AOBASIS   BASIS     P2S    ABASIS      S 
                                         1400     1410     1200     1210     1080     1600     1650     1700   
                                           T        V       H0       H01     AOSYM     SMH    MOLCAS    OPER   

 PROGRAMS   *        TOTAL       INT
 CPU TIMES  *         1.00      0.81
 REAL TIME  *         1.81 SEC
 DISK USED  *        36.31 MB (local),      435.66 MB (total)
 GA USED    *         0.00 MB       (max)       0.00 MB       (current)
 **********************************************************************************************************************************


 PROGRAM * RHF-SCF (CLOSED SHELL)       Authors: W. Meyer, H.-J. Werner


 NUMBER OF ELECTRONS:      42+   42-    SPACE SYMMETRY=1    SPIN SYMMETRY: Singlet 
 CONVERGENCE THRESHOLDS:    1.00E-04 (Density)    1.00E-09 (Energy)
 INTEGRAL THRESHOLDS:       1.00E-12 (Initial)    1.00E-12 (Final)
 MAX. NUMBER OF ITERATIONS:       60
 INTERPOLATION TYPE:            DIIS
 INTERPOLATION STEPS:              2 (START)      1 (STEP)
 LEVEL SHIFTS:                  0.00 (CLOSED)  0.00 (OPEN) 



 Orbital guess generated from atomic densities. Full valence occupancy:   71

 Molecular orbital dump at record        2101.2

 Initial occupancy:  42

 Direct Fock-matrix evaluation.        Authors: Roland Lindh & Martin Schuetz (1993/96)

 Integral Threshold:                  0.1D-11
 Threshold for writing integrals:     0.1D-06
 Prescreening on density matrix:        ON 
 Calculation will be performed fully direct        

 ITERATION   DDIFF            GRAD            ENERGY        2-EL.EN.            DIPOLE MOMENTS         DIIS   CPU(IT)  CPU(TOT)
    1      0.000D+00      0.000D+00      -477.34107756   1590.463542    1.05074    0.06318    0.04749    0     15.1     18.9     start
    2      0.000D+00      0.217D-02      -477.43509001   1583.556775    0.89478    0.03789   -0.03251    1     12.9     31.8     diag
    3      0.124D-01      0.787D-03      -477.44516713   1587.303781    0.84024    0.05697    0.00490    2     12.7     44.5     diag
    4      0.338D-02      0.307D-03      -477.44702255   1586.083273    0.89122    0.04430   -0.00468    3     12.7     57.1     diag
    5      0.324D-02      0.461D-04      -477.44706687   1586.127140    0.86885    0.05199   -0.00678    4     12.4     69.6     diag
    6      0.605D-03      0.191D-04      -477.44707528   1586.127246    0.87703    0.04858   -0.00597    5     12.2     81.8     diag
    7      0.129D-03      0.561D-05      -477.44707656   1586.122682    0.87486    0.04919   -0.00615    6     12.0     93.8     diag
    8      0.433D-04      0.276D-05      -477.44707696   1586.123335    0.87586    0.04905   -0.00616    7     11.8    105.5     diag
    9      0.153D-04      0.147D-05      -477.44707712   1586.123235    0.87516    0.04899   -0.00623    8     11.7    117.3     diag
   10      0.103D-04      0.578D-06      -477.44707714   1586.123071    0.87542    0.04903   -0.00621    9     11.5    128.8     orth
   11      0.397D-05      0.269D-06      -477.44707714   1586.122968    0.87532    0.04898   -0.00623    9     11.2    140.0     diag
   12      0.169D-05      0.721D-07      -477.44707715   1586.122986    0.87533    0.04901   -0.00622    0     10.7    150.7     orth

 Final occupancy:  42

 !RHF STATE  1.1 Energy              -477.447077145359
 Nuclear energy                       635.32462813
 One-electron energy                -1905.83319824
 Two-electron energy                  793.06149296
 Virial quotient                       -1.00088274
 !RHF STATE  1.1 Dipole moment          0.87532798     0.04900747    -0.00622333
 Dipole moment /Debye                   2.22471610     0.12455640    -0.01581710

 Orbital energies:

         1.1          2.1          3.1          4.1          5.1          6.1          7.1          8.1          9.1         10.1
    -15.568695   -11.275499   -11.274917   -11.259148   -11.241580   -11.240524   -11.239962   -11.239791   -11.239048   -11.238479

        11.1         12.1         13.1         14.1         15.1         16.1         17.1         18.1         19.1         20.1
    -11.237728   -11.236711    -1.253600    -1.151112    -1.085633    -1.029598    -1.015294    -1.015131    -0.854526    -0.851331

        21.1         22.1         23.1         24.1         25.1         26.1         27.1         28.1         29.1         30.1
     -0.823944    -0.823719    -0.716539    -0.708353    -0.654651    -0.648537    -0.643066    -0.617543    -0.592327    -0.586814

        31.1         32.1         33.1         34.1         35.1         36.1         37.1         38.1         39.1         40.1
     -0.586475    -0.570897    -0.541865    -0.513377    -0.494439    -0.492638    -0.492576    -0.413600    -0.379371    -0.346257

        41.1         42.1         43.1         44.1
     -0.333627    -0.326186     0.031313     0.037251


 HOMO     42.1    -0.326186 =      -8.8760eV
 LUMO     43.1     0.031313 =       0.8521eV
 LUMO-HOMO         0.357499 =       9.7280eV


 **********************************************************************************************************************************
 DATASETS  * FILE   NREC   LENGTH (MB)   RECORD NAMES
              1      18       35.55       500      610      700      900      950      970     1000      129      960     1100   
                                          VAR    BASINP    GEOM    SYMINP    ZMAT    AOBASIS   BASIS     P2S    ABASIS      S 
                                         1400     1410     1200     1210     1080     1600     1650     1700   
                                           T        V       H0       H01     AOSYM     SMH    MOLCAS    OPER   

              2       4        6.00       700     1000      520     2101   
                                         GEOM     BASIS   MCVARS     RHF  

 PROGRAMS   *        TOTAL   RHF-SCF       INT
 CPU TIMES  *       151.74    150.74      0.81
 REAL TIME  *       154.16 SEC
 DISK USED  *        51.80 MB (local),      621.61 MB (total)
 SF USED    *         1.69 MB
 GA USED    *         0.01 MB       (max)       0.00 MB       (current)
 **********************************************************************************************************************************
 SETTING EAB_HF         =      -477.44707715  AU                              

 Dummy atoms: N1  C7  H7  C8  H8  C9  H9  C10  H10  C11  H11


 Recomputing one-electron integrals since nuclear charges changed


 PROGRAM * SEWARD (Integral evaluation for generally contracted gaussian basis sets)     Author: Roland Lindh, 1990

 Geometry written to block  1 of record 700


 Point group  C1  



 ATOMIC COORDINATES

 NR  ATOM    CHARGE       X              Y              Z

   1  C1      6.00    1.547207573    1.633049047    0.355809192
   2  H1      1.00    2.770553192    3.244031738    0.651429049
   3  C2      6.00    2.587029620   -0.737983294   -0.126041297
   4  H2      1.00    4.616669646   -0.967278880   -0.208955406
   5  C3      6.00    1.009829205   -2.812844479   -0.513793926
   6  H3      1.00    1.815740044   -4.651682208   -0.898578928
   7  C4      6.00   -1.604595957   -2.514294489   -0.415544036
   8  H4      1.00   -2.829051201   -4.123118381   -0.717251618
   9  C5      6.00   -2.644644227   -0.143676259    0.076409498
  10  H5      1.00   -4.672700596    0.084863401    0.176466513
  11  C6      6.00   -1.068247633    1.930172613    0.457841349
  12  H6      1.00   -1.875660275    3.767473857    0.843305718
  13  N1      0.00   -4.484042043    0.282741316    6.476783420
  14  C7      0.00   -3.322076036    2.470416420    7.006028037
  15  H7      0.00   -4.545870341    4.082676804    7.313131384
  16  C8      0.00   -0.710068433    2.736580066    7.176426183
  17  H8      0.00    0.106007447    4.557614864    7.613361660
  18  C9      0.00    0.803510335    0.625795095    6.771620559
  19  H9      0.00    2.839820943    0.758802104    6.875242765
  20  C10     0.00   -0.369162808   -1.658231906    6.216684385
  21  H10     0.00    0.718893326   -3.350711976    5.868833168
  22  C11     0.00   -2.996853964   -1.730113087    6.093002910
  23  H11     0.00   -3.958446630   -3.484635691    5.660552930

 Bond lengths in Bohr (Angstrom)

  1- 2  2.044316716   1- 3  2.633477576   1-11  2.634254905   3- 4  2.044233316   3- 5  2.634950131
       ( 1.081805818)       ( 1.393576319)       ( 1.393987664)       ( 1.081761685)       ( 1.394355561)

  5- 6  2.044229922   5- 7  2.633249715   7- 8  2.044170351   7- 9  2.635061570   9-10  2.043343931
       ( 1.081759888)       ( 1.393455740)       ( 1.081728365)       ( 1.394414532)       ( 1.081291042)

  9-11  2.632748682  11-12  2.043568892  13-14  2.533019390  13-22  2.531916016  14-15  2.047283202
       ( 1.393190605)       ( 1.081410087)       ( 1.340416136)       ( 1.339832256)       ( 1.083375615)

 14-16  2.631057265  16-17  2.042806938  16-18  2.628726208  18-19  2.043279060  18-20  2.626765273
       ( 1.392295545)       ( 1.081006878)       ( 1.391062003)       ( 1.081256714)       ( 1.390024321)

 20-21  2.041899950  20-22  2.631582190  22-23  2.046954569
       ( 1.080526921)       ( 1.392573324)       ( 1.083201710)

 Bond angles

  1- 3- 4  120.02903932   1- 3- 5  119.96999962   1-11- 9  120.00211231   1-11-12  120.06572512

  2- 1- 3  119.97842015   2- 1-11  119.97735275   3- 1-11  120.04422460   3- 5- 6  120.00281972

  3-5-7  119.96839764   4-3-5  120.00019645   5-7-8  119.99857437   5-7-9  120.05553861

  6- 5- 7  120.02826872   7- 9-10  120.09972148   7- 9-11  119.95895073   8- 7- 9  119.94576864

  9-11-12  119.93127597  10- 9-11  119.93968321  13-14-15  115.93018233  13-14-16  123.80086070

 13-22-20  123.89474785  13-22-23  115.94517513  14-13-22  116.66864618  14-16-17  120.04151134

 14-16-18  118.71230779  15-14-16  120.26867913  16-18-19  120.91338718  16-18-20  118.27358530

 17-16-18  121.24612622  18-20-21  121.25353825  18-20-22  118.64963085  19-18-20  120.81215774

 20-22-23  120.15988210  21-20-22  120.09462226

 NUCLEAR CHARGE:                   42
 NUMBER OF PRIMITIVE AOS:         565
 NUMBER OF SYMMETRY AOS:          541
 NUMBER OF CONTRACTIONS:          375   (  375A   )
 NUMBER OF CORE ORBITALS:           6   (    6A   )
 NUMBER OF VALENCE ORBITALS:       30   (   30A   )

 MOLECULE CHANGED: INITIALIZING OCCUPATION AND DUMP RECORDS


 NUCLEAR REPULSION ENERGY  203.68422471


 Eigenvalues of metric

         1 0.221E-05 0.228E-05 0.581E-05 0.759E-05 0.115E-04 0.161E-04 0.174E-04 0.179E-04


 OPERATOR DM      FOR CENTER  0  COORDINATES:    0.000000    0.000000    0.000000


 **********************************************************************************************************************************
 DATASETS  * FILE   NREC   LENGTH (MB)   RECORD NAMES
              1      18       35.55       500      610      700      900      950      970     1000      129      960     1100   
                                          VAR    BASINP    GEOM    SYMINP    ZMAT    AOBASIS   BASIS     P2S    ABASIS      S 
                                         1400     1410     1200     1210     1080     1600     1650     1700   
                                           T        V       H0       H01     AOSYM     SMH    MOLCAS    OPER   

              2       4        6.00       700     1000      520     2101   
                                         GEOM     BASIS   MCVARS     RHF  

 PROGRAMS   *        TOTAL       INT   RHF-SCF       INT
 CPU TIMES  *       152.07      0.32    150.74      0.81
 REAL TIME  *       154.58 SEC
 DISK USED  *        51.80 MB (local),      621.61 MB (total)
 SF USED    *         1.69 MB
 GA USED    *         0.01 MB       (max)       0.00 MB       (current)
 **********************************************************************************************************************************


 PROGRAM * RHF-SCF (CLOSED SHELL)       Authors: W. Meyer, H.-J. Werner


 NUMBER OF ELECTRONS:      21+   21-    SPACE SYMMETRY=1    SPIN SYMMETRY: Singlet 
 CONVERGENCE THRESHOLDS:    1.00E-04 (Density)    1.00E-09 (Energy)
 INTEGRAL THRESHOLDS:       1.00E-12 (Initial)    1.00E-12 (Final)
 MAX. NUMBER OF ITERATIONS:       60
 INTERPOLATION TYPE:            DIIS
 INTERPOLATION STEPS:              2 (START)      1 (STEP)
 LEVEL SHIFTS:                  0.00 (CLOSED)  0.00 (OPEN) 



 Orbital guess generated from atomic densities. Full valence occupancy:   36

 Molecular orbital dump at record        2201.2

 Initial occupancy:  21

 Direct Fock-matrix evaluation.        Authors: Roland Lindh & Martin Schuetz (1993/96)

 Integral Threshold:                  0.1D-11
 Threshold for writing integrals:     0.1D-06
 Prescreening on density matrix:        ON 
 Calculation will be performed fully direct        

 ITERATION   DDIFF            GRAD            ENERGY        2-EL.EN.            DIPOLE MOMENTS         DIIS   CPU(IT)  CPU(TOT)
    1      0.000D+00      0.000D+00      -230.67417128    561.234504    0.00120   -0.00088   -0.00037    0     15.0     19.2     start
    2      0.000D+00      0.211D-02      -230.72286118    556.921707   -0.00099    0.00087    0.00163    1     10.5     29.8     diag
    3      0.108D-01      0.806D-03      -230.72850588    559.014940    0.00001   -0.00012    0.00129    2      9.0     38.8     diag
    4      0.260D-02      0.278D-03      -230.72941743    558.425714   -0.00046    0.00035    0.00157    3      9.2     48.0     diag
    5      0.308D-02      0.227D-04      -230.72942776    558.430992   -0.00018    0.00005    0.00157    4      9.0     56.9     diag
    6      0.457D-03      0.293D-05      -230.72942796    558.429761   -0.00047    0.00036    0.00160    5      8.3     65.2     diag
    7      0.285D-04      0.753D-06      -230.72942797    558.430144   -0.00023    0.00010    0.00156    6      8.3     73.5     diag
    8      0.391D-05      0.338D-06      -230.72942797    558.430252   -0.00038    0.00026    0.00159    0      8.8     82.3     orth

 Final occupancy:  21

 !RHF STATE  1.1 Energy              -230.729427970210
 Nuclear energy                       203.68422471
 One-electron energy                 -713.62877884
 Two-electron energy                  279.21512616
 Virial quotient                       -1.00078980
 !RHF STATE  1.1 Dipole moment         -0.00037732     0.00025998     0.00159372
 Dipole moment /Debye                  -0.00095900     0.00066075     0.00405056

 Orbital energies:

         1.1          2.1          3.1          4.1          5.1          6.1          7.1          8.1          9.1         10.1
    -11.242228   -11.241685   -11.241652   -11.240467   -11.240433   -11.239856    -1.152909    -1.017160    -1.016961    -0.825635

        11.1         12.1         13.1         14.1         15.1         16.1         17.1         18.1         19.1         20.1
     -0.825552    -0.710235    -0.644653    -0.619564    -0.588510    -0.588235    -0.501900    -0.494707    -0.494309    -0.336358

        21.1         22.1         23.1
     -0.336254     0.026428     0.037167


 HOMO     21.1    -0.336254 =      -9.1499eV
 LUMO     22.1     0.026428 =       0.7192eV
 LUMO-HOMO         0.362682 =       9.8691eV


 **********************************************************************************************************************************
 DATASETS  * FILE   NREC   LENGTH (MB)   RECORD NAMES
              1      18       35.55       500      610      700      900      950      970     1000      129      960     1100   
                                          VAR    BASINP    GEOM    SYMINP    ZMAT    AOBASIS   BASIS     P2S    ABASIS      S 
                                         1400     1410     1200     1210     1080     1600     1650     1700   
                                           T        V       H0       H01     AOSYM     SMH    MOLCAS    OPER   

              2       5       14.13       700     1000      520     2101     2201   
                                         GEOM     BASIS   MCVARS     RHF      RHF  

 PROGRAMS   *        TOTAL   RHF-SCF       INT   RHF-SCF       INT
 CPU TIMES  *       234.92     82.68      0.32    150.74      0.81
 REAL TIME  *       265.53 SEC
 DISK USED  *        58.24 MB (local),      698.89 MB (total)
 SF USED    *         1.69 MB
 GA USED    *         0.01 MB       (max)       0.00 MB       (current)
 **********************************************************************************************************************************
 SETTING EA_HF          =      -230.72942797  AU                              

 Dummy atoms: C1  H1  C2  H2  C3  H3  C4  H4  C5  H5  C6  H6


 Recomputing one-electron integrals since nuclear charges changed


 PROGRAM * SEWARD (Integral evaluation for generally contracted gaussian basis sets)     Author: Roland Lindh, 1990

 Geometry written to block  1 of record 700


 Point group  C1  



 ATOMIC COORDINATES

 NR  ATOM    CHARGE       X              Y              Z

   1  C1      0.00    1.547207573    1.633049047    0.355809192
   2  H1      0.00    2.770553192    3.244031738    0.651429049
   3  C2      0.00    2.587029620   -0.737983294   -0.126041297
   4  H2      0.00    4.616669646   -0.967278880   -0.208955406
   5  C3      0.00    1.009829205   -2.812844479   -0.513793926
   6  H3      0.00    1.815740044   -4.651682208   -0.898578928
   7  C4      0.00   -1.604595957   -2.514294489   -0.415544036
   8  H4      0.00   -2.829051201   -4.123118381   -0.717251618
   9  C5      0.00   -2.644644227   -0.143676259    0.076409498
  10  H5      0.00   -4.672700596    0.084863401    0.176466513
  11  C6      0.00   -1.068247633    1.930172613    0.457841349
  12  H6      0.00   -1.875660275    3.767473857    0.843305718
  13  N1      7.00   -4.484042043    0.282741316    6.476783420
  14  C7      6.00   -3.322076036    2.470416420    7.006028037
  15  H7      1.00   -4.545870341    4.082676804    7.313131384
  16  C8      6.00   -0.710068433    2.736580066    7.176426183
  17  H8      1.00    0.106007447    4.557614864    7.613361660
  18  C9      6.00    0.803510335    0.625795095    6.771620559
  19  H9      1.00    2.839820943    0.758802104    6.875242765
  20  C10     6.00   -0.369162808   -1.658231906    6.216684385
  21  H10     1.00    0.718893326   -3.350711976    5.868833168
  22  C11     6.00   -2.996853964   -1.730113087    6.093002910
  23  H11     1.00   -3.958446630   -3.484635691    5.660552930

 Bond lengths in Bohr (Angstrom)

  1- 2  2.044316716   1- 3  2.633477576   1-11  2.634254905   3- 4  2.044233316   3- 5  2.634950131
       ( 1.081805818)       ( 1.393576319)       ( 1.393987664)       ( 1.081761685)       ( 1.394355561)

  5- 6  2.044229922   5- 7  2.633249715   7- 8  2.044170351   7- 9  2.635061570   9-10  2.043343931
       ( 1.081759888)       ( 1.393455740)       ( 1.081728365)       ( 1.394414532)       ( 1.081291042)

  9-11  2.632748682  11-12  2.043568892  13-14  2.533019390  13-22  2.531916016  14-15  2.047283202
       ( 1.393190605)       ( 1.081410087)       ( 1.340416136)       ( 1.339832256)       ( 1.083375615)

 14-16  2.631057265  16-17  2.042806938  16-18  2.628726208  18-19  2.043279060  18-20  2.626765273
       ( 1.392295545)       ( 1.081006878)       ( 1.391062003)       ( 1.081256714)       ( 1.390024321)

 20-21  2.041899950  20-22  2.631582190  22-23  2.046954569
       ( 1.080526921)       ( 1.392573324)       ( 1.083201710)

 Bond angles

  1- 3- 4  120.02903932   1- 3- 5  119.96999962   1-11- 9  120.00211231   1-11-12  120.06572512

  2- 1- 3  119.97842015   2- 1-11  119.97735275   3- 1-11  120.04422460   3- 5- 6  120.00281972

  3-5-7  119.96839764   4-3-5  120.00019645   5-7-8  119.99857437   5-7-9  120.05553861

  6- 5- 7  120.02826872   7- 9-10  120.09972148   7- 9-11  119.95895073   8- 7- 9  119.94576864

  9-11-12  119.93127597  10- 9-11  119.93968321  13-14-15  115.93018233  13-14-16  123.80086070

 13-22-20  123.89474785  13-22-23  115.94517513  14-13-22  116.66864618  14-16-17  120.04151134

 14-16-18  118.71230779  15-14-16  120.26867913  16-18-19  120.91338718  16-18-20  118.27358530

 17-16-18  121.24612622  18-20-21  121.25353825  18-20-22  118.64963085  19-18-20  120.81215774

 20-22-23  120.15988210  21-20-22  120.09462226

 NUCLEAR CHARGE:                   42
 NUMBER OF PRIMITIVE AOS:         565
 NUMBER OF SYMMETRY AOS:          541
 NUMBER OF CONTRACTIONS:          375   (  375A   )
 NUMBER OF CORE ORBITALS:           6   (    6A   )
 NUMBER OF VALENCE ORBITALS:       29   (   29A   )

 MOLECULE CHANGED: INITIALIZING OCCUPATION AND DUMP RECORDS


 NUCLEAR REPULSION ENERGY  206.25955836


 Eigenvalues of metric

         1 0.221E-05 0.228E-05 0.581E-05 0.759E-05 0.115E-04 0.161E-04 0.174E-04 0.179E-04


 OPERATOR DM      FOR CENTER  0  COORDINATES:    0.000000    0.000000    0.000000


 **********************************************************************************************************************************
 DATASETS  * FILE   NREC   LENGTH (MB)   RECORD NAMES
              1      18       35.55       500      610      700      900      950      970     1000      129      960     1100   
                                          VAR    BASINP    GEOM    SYMINP    ZMAT    AOBASIS   BASIS     P2S    ABASIS      S 
                                         1400     1410     1200     1210     1080     1600     1650     1700   
                                           T        V       H0       H01     AOSYM     SMH    MOLCAS    OPER   

              2       5       14.13       700     1000      520     2101     2201   
                                         GEOM     BASIS   MCVARS     RHF      RHF  

 PROGRAMS   *        TOTAL       INT   RHF-SCF       INT   RHF-SCF       INT
 CPU TIMES  *       235.43      0.48     82.68      0.32    150.74      0.81
 REAL TIME  *       266.27 SEC
 DISK USED  *        58.24 MB (local),      698.89 MB (total)
 SF USED    *         1.69 MB
 GA USED    *         0.01 MB       (max)       0.00 MB       (current)
 **********************************************************************************************************************************


 PROGRAM * RHF-SCF (CLOSED SHELL)       Authors: W. Meyer, H.-J. Werner


 NUMBER OF ELECTRONS:      21+   21-    SPACE SYMMETRY=1    SPIN SYMMETRY: Singlet 
 CONVERGENCE THRESHOLDS:    1.00E-04 (Density)    1.00E-09 (Energy)
 INTEGRAL THRESHOLDS:       1.00E-12 (Initial)    1.00E-12 (Final)
 MAX. NUMBER OF ITERATIONS:       60
 INTERPOLATION TYPE:            DIIS
 INTERPOLATION STEPS:              2 (START)      1 (STEP)
 LEVEL SHIFTS:                  0.00 (CLOSED)  0.00 (OPEN) 



 Orbital guess generated from atomic densities. Full valence occupancy:   35

 Molecular orbital dump at record        2301.2

 Initial occupancy:  21

 Direct Fock-matrix evaluation.        Authors: Roland Lindh & Martin Schuetz (1993/96)

 Integral Threshold:                  0.1D-11
 Threshold for writing integrals:     0.1D-06
 Prescreening on density matrix:        ON 
 Calculation will be performed fully direct        

 ITERATION   DDIFF            GRAD            ENERGY        2-EL.EN.            DIPOLE MOMENTS         DIIS   CPU(IT)  CPU(TOT)
    1      0.000D+00      0.000D+00      -246.67450677    577.325659    1.04982    0.07008    0.05632    0     10.4     13.3     start
    2      0.000D+00      0.208D-02      -246.72023927    575.609059    0.94071    0.06117    0.04879    1      8.9     22.2     diag
    3      0.568D-02      0.664D-03      -246.72444344    576.532100    0.89070    0.05902    0.04561    2      8.8     31.1     diag
    4      0.207D-02      0.276D-03      -246.72516228    576.207677    0.92671    0.06080    0.04747    3      8.3     39.3     diag
    5      0.105D-02      0.404D-04      -246.72518529    576.202259    0.91782    0.06041    0.04691    4      8.8     48.1     diag
    6      0.297D-03      0.141D-04      -246.72518863    576.210359    0.91991    0.06046    0.04701    5      8.7     56.7     diag
    7      0.617D-04      0.571D-05      -246.72518949    576.206882    0.91929    0.06044    0.04698    6      8.3     65.1     diag
    8      0.247D-04      0.260D-05      -246.72518978    576.207512    0.91941    0.06041    0.04697    7      8.6     73.7     diag
    9      0.147D-04      0.109D-05      -246.72518981    576.206891    0.91906    0.06042    0.04696    8      8.0     81.6     diag
   10      0.344D-05      0.505D-06      -246.72518982    576.206882    0.91920    0.06042    0.04697    9      8.2     89.8     orth
   11      0.253D-05      0.139D-06      -246.72518982    576.206938    0.91916    0.06041    0.04696    0      7.5     97.3     orth

 Final occupancy:  21

 !RHF STATE  1.1 Energy              -246.725189816320
 Nuclear energy                       206.25955836
 One-electron energy                 -741.08821738
 Two-electron energy                  288.10346920
 Virial quotient                       -1.00116731
 !RHF STATE  1.1 Dipole moment          0.91915884     0.06041366     0.04696436
 Dipole moment /Debye                   2.33611573     0.15354616     0.11936367

 Orbital energies:

         1.1          2.1          3.1          4.1          5.1          6.1          7.1          8.1          9.1         10.1
    -15.575757   -11.281818   -11.281799   -11.266699   -11.248717   -11.248651    -1.260200    -1.092980    -1.036318    -0.861355

        11.1         12.1         13.1         14.1         15.1         16.1         17.1         18.1         19.1         20.1
     -0.857948    -0.722847    -0.661628    -0.655041    -0.598756    -0.577707    -0.541205    -0.519907    -0.419625    -0.383928

        21.1         22.1         23.1
     -0.347753     0.023244     0.034451


 HOMO     21.1    -0.347753 =      -9.4628eV
 LUMO     22.1     0.023244 =       0.6325eV
 LUMO-HOMO         0.370997 =      10.0953eV


 **********************************************************************************************************************************
 DATASETS  * FILE   NREC   LENGTH (MB)   RECORD NAMES
              1      18       35.55       500      610      700      900      950      970     1000      129      960     1100   
                                          VAR    BASINP    GEOM    SYMINP    ZMAT    AOBASIS   BASIS     P2S    ABASIS      S 
                                         1400     1410     1200     1210     1080     1600     1650     1700   
                                           T        V       H0       H01     AOSYM     SMH    MOLCAS    OPER   

              2       6       22.27       700     1000      520     2101     2201     2301   
                                         GEOM     BASIS   MCVARS     RHF      RHF      RHF  

 PROGRAMS   *        TOTAL   RHF-SCF       INT   RHF-SCF       INT   RHF-SCF       INT
 CPU TIMES  *       333.23     97.60      0.48     82.68      0.32    150.74      0.81
 REAL TIME  *       414.17 SEC
 DISK USED  *        68.07 MB (local),      816.79 MB (total)
 SF USED    *         1.69 MB
 GA USED    *         0.01 MB       (max)       0.00 MB       (current)
 **********************************************************************************************************************************
 SETTING EB_HF          =      -246.72518982  AU                              
 SETTING E_AB_INT       =         0.00754064  AU                              

 *** results in hartree
 E_AB_INT         =         0.00754064 AU
 Molecular orbitals read from record     2301.2  Type=RHF/CANONICAL (state 1.1)
 Occupation numbers read from record     2301.2  Type=RHF/RHF (state 1.1)
 Orbital energies read from record       2301.2  Type=RHF/CANONICAL (state 1.1)
 Redundancy group numbers read from rec  2301.2  Type=RHF/RHF (state 1.1)

 RHF/aug-cc-pVDZ energy=   -246.725189816320

         RHF-SCF         RHF-SCF         RHF-SCF
   -246.72518982   -230.72942797   -477.44707715
 **********************************************************************************************************************************
 Molpro calculation terminated
