
 Primary working directories    : /scratch/sirous/64842/molpro.EsCTA5KxhY
 Secondary working directories  : /scratch/sirous/64842/molpro.EsCTA5KxhY
 Wavefunction directory         : /scratch/sirous/64842/
 Main file repository           : /scratch/sirous/64842/molpro.EsCTA5KxhY/

 id        : karlovklimes

 Nodes                      nprocs
 nc-14.cc.karlov.mff.cuni.cz    4

 Using customized tuning parameters: mindgm=1; mindgv=20; mindgc=4; mindgr=1; noblas=0; minvec=7
 default implementation of scratch files=sf  


 Variables initialized (934), CPU time= 0.01 sec
 ***,CH3C6H4CN+CF3CN+BF3
 memory,500,m
 gdirect
 gthresh,energy=1.d-8,twoint=1.d-19,oneint=1.d-19,zero=1.d-15,orbital=1.d-8,grid=1.d-8
 symmetry,nosym
 geomtyp=xyz
                                                                                 ! Geometry
 geometry={
 C1        0.729188666    1.113101217     0.326728253
 H1        1.303215897    2.014222336     0.15916027
 C2        1.375087369    -0.119366352     0.412776946
 H2        2.450514736    -0.174623998     0.313307203
 C3        0.635039807    -1.280553386     0.629385409
 H3        1.136334479    -2.236017467     0.700217157
 C4        -0.750985629    -1.209654296     0.757890338
 H4        -1.324525898    -2.111412827     0.924198912
 C5        -1.39703443    0.022670814     0.673089633
 H5        -2.472425369    0.07848826     0.773997991
 C6        -0.656897314    1.184296216     0.458338585
 H6        -1.157828445    2.140587131     0.395096082
 C7        0.5623617402081686    0.7452265752689038     7.546361282627935
 H7        0.6844881472081685    0.9707100312689038     6.495934848627936
 C8        -0.5287198277918314    -0.009672035731096207     7.973697551627936
 H8        -1.2492243567918313    -0.36618629273109626     7.2500031306279356
 C9        -0.6894198087918313    -0.30379735873109626     9.326647618627934
 H9        -1.5365273957918313    -0.8897659227310963     9.656895159627936
 C10        0.2424627522081686    0.15725602126890376     10.255141696627934
 H10        0.1185692562081686    -0.07071013973109619     11.305149195627935
 C11        1.3340478512081686    0.9123580752689038     9.829901412627937
 H11        2.0571669362081684    1.2701912552689039     10.550284066627935
 C12        1.4928517452081687    1.2058430942689038     8.476410095627935
 H12        2.3401096632081684    1.7919178892689038     8.146362770627935
 }
 
 
 
 basis=avqz
 
 
 
                                                                                 ! Dimer Calculation
 {rks,pbe,accu=1.d-8;orbital,2101.2}
 eab_PBE=energy
 
 
                                                                                 !monomer A
 dummy,13,14,15,16,17,18,19,20,21,22,23,24;                                      ! NOW MONOMER B IS DUMMY
 {rks,pbe,accu=1.d-8;orbital,2201.2}
 ea_PBE=energy
                                                                                 !monomer B
 dummy,1,2,3,4,5,6,7,8,9,10,11,12;                                               !NOW MONOMER A IS DUMMY
 {rks,pbe,accu=1.d-8;orbital,2301.2}
 eb_PBE=energy
 
 E_AB_int=eab_PBE-ea_PBE-eb_PBE
 
 
 text,results in hartree
 show,E_AB_int
 
 Commands  initialized (763), CPU time= 0.01 sec, 617 directives.
 Default parameters read. Elapsed time= 0.21 sec

 Checking input...
 Passed
1


                                         ***  PROGRAM SYSTEM MOLPRO  ***
                                       Copyright, TTI GmbH Stuttgart, 2015
                                    Version 2019.2 linked Jun  8 2019 11:26:33


 **********************************************************************************************************************************
 LABEL *   CH3C6H4CN+CF3CN+BF3                                                           
  64 bit mpp version                                                                     DATE: 19-Oct-19          TIME: 17:03:07  
 **********************************************************************************************************************************

 SHA1:             8135a10abc80eafa5b3ae28ffc55be4890dc4c84
 **********************************************************************************************************************************

 THRESHOLDS:

 ZERO    =  1.00D-15  ONEINT  =  1.00D-19  TWOINT  =  1.00D-19  PREFAC  =  1.00D-14  XXXXXX  =  1.00D-09  EORDER  =  1.00D-04
 ENERGY  =  1.00D-08  ETEST   =  0.00D+00  EDENS   =  0.00D+00  THRDEDEF=  1.00D-06  GRADIENT=  1.00D-02  STEP    =  1.00D-03
 ORBITAL =  1.00D-08  CIVEC   =  1.00D-05  COEFF   =  1.00D-04  PRINTCI =  5.00D-02  PUNCHCI =  9.90D+01  OPTGRAD =  3.00D-04
 OPTENERG=  1.00D-06  OPTSTEP =  3.00D-04  THRGRAD =  1.00D-10  COMPRESS=  1.00D-11  VARMIN  =  1.00D-07  VARMAX  =  1.00D-03
 THRDOUB =  0.00D+00  THRDIV  =  1.00D-05  THRRED  =  1.00D-07  THRPSP  =  1.00D+00  THRDC   =  1.00D-10  THRCS   =  1.00D-10
 THRNRM  =  1.00D-08  THREQ   =  0.00D+00  THRDE   =  1.00D+00  THRREF  =  1.00D-05  SPARFAC =  1.00D+00  THRDLP  =  1.00D-07
 THRDIA  =  1.00D-10  THRDLS  =  1.00D-07  THRGPS  =  0.00D+00  THRKEX  =  0.00D+00  THRDIS  =  2.00D-01  THRVAR  =  1.00D-10
 THRLOC  =  1.00D-06  THRGAP  =  1.00D-06  THRLOCT = -1.00D+00  THRGAPT = -1.00D+00  THRORB  =  1.00D-06  THRMLTP =  0.00D+00
 THRCPQCI=  1.00D-10  KEXTA   =  0.00D+00  THRCOARS=  0.00D+00  SYMTOL  =  1.00D-06  GRADTOL =  1.00D-06  THROVL  =  1.00D-08
 THRORTH =  1.00D-08  GRID    =  1.00D-08  GRIDMAX =  1.00D-03  DTMAX   =  0.00D+00  THROCCDE=  1.00D-01  THROCCDE=  1.00D-01
 THRPRINT=  2.50D-01


 Variable memory set to  500000000 words,  buffer space 

 SETTING GEOMTYP        =    XYZ
 ZSYMEL=NOSYM

 SETTING BASIS          =    AVQZ


 Recomputing integrals since basis changed


 Using spherical harmonics

 Library entry C      S aug-cc-pVQZ          selected for orbital group  1
 Library entry C      P aug-cc-pVQZ          selected for orbital group  1
 Library entry C      D aug-cc-pVQZ          selected for orbital group  1
 Library entry C      F aug-cc-pVQZ          selected for orbital group  1
 Library entry C      G aug-cc-pVQZ          selected for orbital group  1
 Library entry H      S aug-cc-pVQZ          selected for orbital group  2
 Library entry H      P aug-cc-pVQZ          selected for orbital group  2
 Library entry H      D aug-cc-pVQZ          selected for orbital group  2
 Library entry H      F aug-cc-pVQZ          selected for orbital group  2


 PROGRAM * SEWARD (Integral evaluation for generally contracted gaussian basis sets)     Author: Roland Lindh, 1990

 Geometry written to block  1 of record 700


 Point group  C1  



 ATOMIC COORDINATES

 NR  ATOM    CHARGE       X              Y              Z

   1  C1      6.00    1.377966872    2.103456449    0.617426915
   2  H1      1.00    2.462721127    3.806328569    0.300769320
   3  C2      6.00    2.598538525   -0.225569714    0.780035378
   4  H2      1.00    4.630801715   -0.329991531    0.592064807
   5  C3      6.00    1.200051313   -2.419895187    1.189366050
   6  H3      1.00    2.147360951   -4.225460622    1.323218654
   7  C4      6.00   -1.419157162   -2.285915325    1.432205171
   8  H4      1.00   -2.502991192   -3.989991979    1.746482828
   9  C5      6.00   -2.640012459    0.042841629    1.271955064
  10  H5      1.00   -4.672206811    0.148321315    1.462644224
  11  C6      6.00   -1.241356015    2.237995499    0.866134398
  12  H6      1.00   -2.187978660    4.045123423    0.746623388
  13  C7      6.00    1.062709672    1.408274128   14.260556061
  14  H7      1.00    1.293495134    1.834376105   12.275537787
  15  C8      6.00   -0.999135671   -0.018277499   15.068104573
  16  H8      1.00   -2.360691902   -0.691991804   13.700520319
  17  C9      6.00   -1.302814623   -0.574093805   17.624809660
  18  H9      1.00   -2.903615961   -1.681413909   18.248887065
  19  C10     6.00    0.458188197    0.297170812   19.379409175
  20  H10     1.00    0.224063421   -0.133622798   21.363635777
  21  C11     6.00    2.520985076    1.724106890   18.575821501
  22  H11     1.00    3.887482102    2.400313598   19.937147422
  23  C12     6.00    2.821080943    2.278713197   16.018093600
  24  H12     1.00    4.422166365    3.386234048   15.394394548

 Bond lengths in Bohr (Angstrom)

  1- 2  2.043706751   1- 3  2.634501763   1-11  2.634541432   3- 4  2.043607234   3- 5  2.634080933
       ( 1.081483038)       ( 1.394118295)       ( 1.394139287)       ( 1.081430376)       ( 1.393895602)

  5- 6  2.043374319   5- 7  2.633851644   7- 8  2.043855155   7- 9  2.634250691   9-10  2.043844956
       ( 1.081307123)       ( 1.393774267)       ( 1.081561570)       ( 1.393985434)       ( 1.081556173)

  9-11  2.634317895  11-12  2.043548054  13-14  2.043311619  13-15  2.634082451  13-23  2.634097929
       ( 1.394020996)       ( 1.081399060)       ( 1.081273944)       ( 1.393896405)       ( 1.393904596)

 15-16  2.044018842  15-17  2.633988150  17-18  2.044063439  17-19  2.634170159  19-20  2.043906248
       ( 1.081648190)       ( 1.393846503)       ( 1.081671790)       ( 1.393942818)       ( 1.081588608)

 19-21  2.633824346  21-22  2.043961325  21-23  2.634315414  23-24  2.044279206
       ( 1.393759821)       ( 1.081617753)       ( 1.394019684)       ( 1.081785969)

 Bond angles

  1- 3- 4  120.01493093   1- 3- 5  120.00479361   1-11- 9  119.99065583   1-11-12  120.01241646

  2- 1- 3  120.01757452   2- 1-11  119.98597967   3- 1-11  119.99639948   3- 5- 6  120.00960187

  3-5-7  119.99472127   4-3-5  119.98018157   5-7-8  119.94088569   5-7-9  120.01576655

  6- 5- 7  119.99549830   7- 9-10  120.05031852   7- 9-11  119.99741301   8- 7- 9  120.04333047

  9-11-12  119.99688374  10- 9-11  119.95226723  13-15-16  119.65602780  13-15-17  120.13962443

 13-23-21  120.14645578  13-23-24  119.88631534  14-13-15  119.94560136  14-13-23  120.25724305

 15-13-23  119.79714008  15-17-18  120.06341056  15-17-19  119.97868557  16-15-17  120.20433917

 17-19-20  120.02328869  17-19-21  119.97029772  18-17-19  119.95790215  19-21-22  119.97600491

 19-21-23  119.96778661  20-19-21  120.00641329  21-23-24  119.96722252  22-21-23  120.05620834

 NUCLEAR CHARGE:                   84
 NUMBER OF PRIMITIVE AOS:        2100
 NUMBER OF SYMMETRY AOS:         1692
 NUMBER OF CONTRACTIONS:         1512   ( 1512A   )
 NUMBER OF CORE ORBITALS:          12   (   12A   )
 NUMBER OF VALENCE ORBITALS:       60   (   60A   )


 NUCLEAR REPULSION ENERGY  517.64031220


 Eigenvalues of metric

         1 0.241E-06 0.258E-06 0.269E-06 0.279E-06 0.346E-06 0.364E-06 0.534E-06 0.579E-06


 OPERATOR DM      FOR CENTER  0  COORDINATES:    0.000000    0.000000    0.000000


 **********************************************************************************************************************************
 DATASETS  * FILE   NREC   LENGTH (MB)   RECORD NAMES
              1      18      113.23       500      610      700      900      950      970     1000      129      960     1100   
                                          VAR    BASINP    GEOM    SYMINP    ZMAT    AOBASIS   BASIS     P2S    ABASIS      S 
                                         1400     1410     1200     1210     1080     1600     1650     1700   
                                           T        V       H0       H01     AOSYM     SMH    MOLCAS    OPER   

 PROGRAMS   *        TOTAL       INT
 CPU TIMES  *         5.74      5.57
 REAL TIME  *         8.23 SEC
 DISK USED  *       114.40 MB (local),      457.59 MB (total)
 GA USED    *         0.00 MB       (max)       0.00 MB       (current)
 **********************************************************************************************************************************

 Density functional group PBE=PBEX+PBEC
 Functional: PBEX(Automatically generated (new) PBEX)                          Gradient terms: 1
 Functional: PBEC(Automatically generated (new) PBEC)                          Gradient terms: 1
 Use libxcgrid:  F
 Use grid at  1800.2

 Functional: PBEX                      Factor:  1.0000
 Functional: PBEC                      Factor:  1.0000

 Generated new metagrid on record  1800.2 with target accuracy 1.0D-08 and 258812 points in CPU time    0.7
 Computed new grid on record 1800.1 in CPU time    1.1
 1213776 words reserved for DFT integration

 PROGRAM * RKS-SCF (Restricted closed shell Kohn-Sham)     Authors: W. Meyer, H.-J. Werner, P.J. Knowles, 1993

 NUMBER OF ELECTRONS:      42+   42-    SPACE SYMMETRY=1    SPIN SYMMETRY: Singlet 
 CONVERGENCE THRESHOLDS:    1.00E-04 (Density)    1.00E-08 (Energy)
 INTEGRAL THRESHOLDS:       1.00E-13 (Initial)    1.00E-13 (Final)
 MAX. NUMBER OF ITERATIONS:       60
 INTERPOLATION TYPE:            DIIS
 INTERPOLATION STEPS:              2 (START)      1 (STEP)
 LEVEL SHIFTS:                  0.00 (CLOSED)  0.00 (OPEN) 



 Use fine grid record 1800.2 for energy threshold  1.0D-08
 Orbital guess generated from atomic densities. Full valence occupancy:   72

 Molecular orbital dump at record        2101.2

 Initial occupancy:  42

 Direct Fock-matrix evaluation.        Authors: Roland Lindh & Martin Schuetz (1993/96)

 Integral Threshold:                  0.1D-12
 Threshold for writing integrals:     0.1D-06
 Prescreening on density matrix:        ON 
 Calculation will be performed fully direct        

 ITERATION   DDIFF            GRAD            ENERGY        2-EL.EN.            DIPOLE MOMENTS         DIIS   CPU(IT)  CPU(TOT)
    1      0.000D+00      0.000D+00      -463.55653562   1510.939773    0.00053    0.00093    0.00214    0   4776.4   4865.0     start
    2      0.000D+00      0.273D-02      -462.66699660   1414.207210    0.00906   -0.02380   -0.17349    1   4702.5   9567.5     diag
    3      0.546D-02      0.455D-02      -464.05953311   1476.574857   -0.00034    0.00343    0.02553    2   4671.5  14239.0     diag
    4      0.364D-02      0.347D-03      -464.06611414   1474.895170    0.00285   -0.00886   -0.07455    3   4442.7  18681.7     diag
    5      0.503D-03      0.840D-04      -464.06633041   1474.673245   -0.00034    0.00648    0.05690    4   4271.1  22952.8     diag
    6      0.141D-03      0.505D-04      -464.06650415   1474.684967    0.00176   -0.00481   -0.04386    5   4005.2  26958.0     diag
    7      0.392D-04      0.147D-04      -464.06652013   1474.766304    0.00161   -0.00281   -0.02301    6   3936.2  30894.2     diag
    8      0.110D-04      0.959D-06      -464.06652011   1474.766342    0.00115   -0.00246   -0.02273    7   3606.4  34500.6     diag
    9      0.181D-05      0.115D-05      -464.06652019   1474.766068    0.00151   -0.00260   -0.02281    8   3400.9  37901.6     diag
   10      0.795D-06      0.101D-06      -464.06652019   1474.765880    0.00134   -0.00263   -0.02297    9   3188.8  41090.4     orth
   11      0.152D-06      0.710D-07      -464.06652019   1474.765741    0.00172   -0.00266   -0.02287    0   3236.0  44326.4     orth

 Final occupancy:  42

 !RKS STATE  1.1 Energy              -464.066520187948
 Nuclear energy                       517.64031220
 One-electron energy                -1650.08899606
 Two-electron energy                  737.38287061
 Density functional                   -69.00070694     PBEX=-66.25672538 PBEC= -2.74398156
 Virial quotient                       -1.00464846
 !RKS STATE  1.1 Dipole moment          0.00171766    -0.00266282    -0.02287262
 Dipole moment /Debye                   0.00436558    -0.00676776    -0.05813260

 Orbital energies:

         1.1          2.1          3.1          4.1          5.1          6.1          7.1          8.1          9.1         10.1
     -9.889404    -9.889220    -9.889185    -9.888802    -9.888766    -9.888584    -9.887479    -9.887267    -9.887124    -9.886825

        11.1         12.1         13.1         14.1         15.1         16.1         17.1         18.1         19.1         20.1
     -9.886775    -9.886456    -0.780547    -0.778588    -0.678113    -0.678062    -0.676217    -0.675984    -0.545611    -0.545535

        21.1         22.1         23.1         24.1         25.1         26.1         27.1         28.1         29.1         30.1
     -0.543682    -0.543458    -0.475406    -0.473410    -0.412397    -0.410349    -0.400904    -0.398937    -0.376546    -0.376516

        31.1         32.1         33.1         34.1         35.1         36.1         37.1         38.1         39.1         40.1
     -0.374687    -0.374364    -0.334332    -0.332354    -0.302926    -0.302837    -0.301186    -0.300555    -0.233587    -0.233581

        41.1         42.1         43.1         44.1
     -0.231636    -0.231552    -0.045272    -0.045230


 HOMO     42.1    -0.231552 =      -6.3008eV
 LUMO     43.1    -0.045272 =      -1.2319eV
 LUMO-HOMO         0.186280 =       5.0689eV


 **********************************************************************************************************************************
 DATASETS  * FILE   NREC   LENGTH (MB)   RECORD NAMES
              1      19      113.23       500      610      700      900      950      970     1000      129      960     1100   
                                          VAR    BASINP    GEOM    SYMINP    ZMAT    AOBASIS   BASIS     P2S    ABASIS      S 
                                         1400     1410     1200     1210     1080     1600     1650     1700     1800   
                                           T        V       H0       H01     AOSYM     SMH    MOLCAS    OPER     GRID   

              2       5       49.19       700     1000      520     1800     2101   
                                         GEOM     BASIS   MCVARS    GRID      RKS  

 PROGRAMS   *        TOTAL   RKS-SCF       INT
 CPU TIMES  *     44340.40  44334.66      5.57
 REAL TIME  *     44473.07 SEC
 DISK USED  *       327.43 MB (local),        1.31 GB (total)
 SF USED    *        27.45 MB
 GA USED    *         8.35 MB       (max)       8.35 MB       (current)
 **********************************************************************************************************************************
 SETTING EAB_PBE        =      -464.06652019  AU                              

 Dummy atoms: C7  H7  C8  H8  C9  H9  C10  H10  C11  H11  C12  H12


 Recomputing one-electron integrals since nuclear charges changed


 PROGRAM * SEWARD (Integral evaluation for generally contracted gaussian basis sets)     Author: Roland Lindh, 1990

 Geometry written to block  1 of record 700


 Point group  C1  



 ATOMIC COORDINATES

 NR  ATOM    CHARGE       X              Y              Z

   1  C1      6.00    1.377966872    2.103456449    0.617426915
   2  H1      1.00    2.462721127    3.806328569    0.300769320
   3  C2      6.00    2.598538525   -0.225569714    0.780035378
   4  H2      1.00    4.630801715   -0.329991531    0.592064807
   5  C3      6.00    1.200051313   -2.419895187    1.189366050
   6  H3      1.00    2.147360951   -4.225460622    1.323218654
   7  C4      6.00   -1.419157162   -2.285915325    1.432205171
   8  H4      1.00   -2.502991192   -3.989991979    1.746482828
   9  C5      6.00   -2.640012459    0.042841629    1.271955064
  10  H5      1.00   -4.672206811    0.148321315    1.462644224
  11  C6      6.00   -1.241356015    2.237995499    0.866134398
  12  H6      1.00   -2.187978660    4.045123423    0.746623388
  13  C7      0.00    1.062709672    1.408274128   14.260556061
  14  H7      0.00    1.293495134    1.834376105   12.275537787
  15  C8      0.00   -0.999135671   -0.018277499   15.068104573
  16  H8      0.00   -2.360691902   -0.691991804   13.700520319
  17  C9      0.00   -1.302814623   -0.574093805   17.624809660
  18  H9      0.00   -2.903615961   -1.681413909   18.248887065
  19  C10     0.00    0.458188197    0.297170812   19.379409175
  20  H10     0.00    0.224063421   -0.133622798   21.363635777
  21  C11     0.00    2.520985076    1.724106890   18.575821501
  22  H11     0.00    3.887482102    2.400313598   19.937147422
  23  C12     0.00    2.821080943    2.278713197   16.018093600
  24  H12     0.00    4.422166365    3.386234048   15.394394548

 Bond lengths in Bohr (Angstrom)

  1- 2  2.043706751   1- 3  2.634501763   1-11  2.634541432   3- 4  2.043607234   3- 5  2.634080933
       ( 1.081483038)       ( 1.394118295)       ( 1.394139287)       ( 1.081430376)       ( 1.393895602)

  5- 6  2.043374319   5- 7  2.633851644   7- 8  2.043855155   7- 9  2.634250691   9-10  2.043844956
       ( 1.081307123)       ( 1.393774267)       ( 1.081561570)       ( 1.393985434)       ( 1.081556173)

  9-11  2.634317895  11-12  2.043548054  13-14  2.043311619  13-15  2.634082451  13-23  2.634097929
       ( 1.394020996)       ( 1.081399060)       ( 1.081273944)       ( 1.393896405)       ( 1.393904596)

 15-16  2.044018842  15-17  2.633988150  17-18  2.044063439  17-19  2.634170159  19-20  2.043906248
       ( 1.081648190)       ( 1.393846503)       ( 1.081671790)       ( 1.393942818)       ( 1.081588608)

 19-21  2.633824346  21-22  2.043961325  21-23  2.634315414  23-24  2.044279206
       ( 1.393759821)       ( 1.081617753)       ( 1.394019684)       ( 1.081785969)

 Bond angles

  1- 3- 4  120.01493093   1- 3- 5  120.00479361   1-11- 9  119.99065583   1-11-12  120.01241646

  2- 1- 3  120.01757452   2- 1-11  119.98597967   3- 1-11  119.99639948   3- 5- 6  120.00960187

  3-5-7  119.99472127   4-3-5  119.98018157   5-7-8  119.94088569   5-7-9  120.01576655

  6- 5- 7  119.99549830   7- 9-10  120.05031852   7- 9-11  119.99741301   8- 7- 9  120.04333047

  9-11-12  119.99688374  10- 9-11  119.95226723  13-15-16  119.65602780  13-15-17  120.13962443

 13-23-21  120.14645578  13-23-24  119.88631534  14-13-15  119.94560136  14-13-23  120.25724305

 15-13-23  119.79714008  15-17-18  120.06341056  15-17-19  119.97868557  16-15-17  120.20433917

 17-19-20  120.02328869  17-19-21  119.97029772  18-17-19  119.95790215  19-21-22  119.97600491

 19-21-23  119.96778661  20-19-21  120.00641329  21-23-24  119.96722252  22-21-23  120.05620834

 NUCLEAR CHARGE:                   42
 NUMBER OF PRIMITIVE AOS:        2100
 NUMBER OF SYMMETRY AOS:         1692
 NUMBER OF CONTRACTIONS:         1512   ( 1512A   )
 NUMBER OF CORE ORBITALS:           6   (    6A   )
 NUMBER OF VALENCE ORBITALS:       30   (   30A   )

 MOLECULE CHANGED: INITIALIZING OCCUPATION AND DUMP RECORDS


 NUCLEAR REPULSION ENERGY  203.66922111


 Eigenvalues of metric

         1 0.241E-06 0.258E-06 0.269E-06 0.279E-06 0.346E-06 0.364E-06 0.534E-06 0.579E-06


 OPERATOR DM      FOR CENTER  0  COORDINATES:    0.000000    0.000000    0.000000


 **********************************************************************************************************************************
 DATASETS  * FILE   NREC   LENGTH (MB)   RECORD NAMES
              1      19      113.23       500      610      700      900      950      970     1000      129      960     1100   
                                          VAR    BASINP    GEOM    SYMINP    ZMAT    AOBASIS   BASIS     P2S    ABASIS      S 
                                         1400     1410     1200     1210     1080     1600     1650     1700     1800   
                                           T        V       H0       H01     AOSYM     SMH    MOLCAS    OPER     GRID   

              2       5       49.19       700     1000      520     1800     2101   
                                         GEOM     BASIS   MCVARS    GRID      RKS  

 PROGRAMS   *        TOTAL       INT   RKS-SCF       INT
 CPU TIMES  *     44345.44      5.03  44334.66      5.57
 REAL TIME  *     44478.54 SEC
 DISK USED  *       327.43 MB (local),        1.31 GB (total)
 SF USED    *        27.45 MB
 GA USED    *         8.35 MB       (max)       8.35 MB       (current)
 **********************************************************************************************************************************

 Density functional group PBE=PBEX+PBEC
 Functional: PBEX(Automatically generated (new) PBEX)                          Gradient terms: 1
 Functional: PBEC(Automatically generated (new) PBEC)                          Gradient terms: 1
 Use libxcgrid:  F
 Use grid at  1800.2

 Functional: PBEX                      Factor:  1.0000
 Functional: PBEC                      Factor:  1.0000

 Generated new metagrid on record  1800.2 with target accuracy 1.0D-08 and 258812 points in CPU time    0.7
 Computed new grid on record 1800.1 in CPU time    1.1
 1213776 words reserved for DFT integration

 PROGRAM * RKS-SCF (Restricted closed shell Kohn-Sham)     Authors: W. Meyer, H.-J. Werner, P.J. Knowles, 1993

 NUMBER OF ELECTRONS:      21+   21-    SPACE SYMMETRY=1    SPIN SYMMETRY: Singlet 
 CONVERGENCE THRESHOLDS:    1.00E-04 (Density)    1.00E-08 (Energy)
 INTEGRAL THRESHOLDS:       1.00E-13 (Initial)    1.00E-13 (Final)
 MAX. NUMBER OF ITERATIONS:       60
 INTERPOLATION TYPE:            DIIS
 INTERPOLATION STEPS:              2 (START)      1 (STEP)
 LEVEL SHIFTS:                  0.00 (CLOSED)  0.00 (OPEN) 



 Use fine grid record 1800.2 for energy threshold  1.0D-08
 Orbital guess generated from atomic densities. Full valence occupancy:   36

 Molecular orbital dump at record        2201.2

 Initial occupancy:  21

 Direct Fock-matrix evaluation.        Authors: Roland Lindh & Martin Schuetz (1993/96)

 Integral Threshold:                  0.1D-12
 Threshold for writing integrals:     0.1D-06
 Prescreening on density matrix:        ON 
 Calculation will be performed fully direct        

 ITERATION   DDIFF            GRAD            ENERGY        2-EL.EN.            DIPOLE MOMENTS         DIIS   CPU(IT)  CPU(TOT)
    1      0.000D+00      0.000D+00      -231.77813513    645.103810   -0.00001    0.00127    0.00251    0   4582.6   4653.5     start
    2      0.000D+00      0.271D-02      -231.33236390    596.859724    0.00134   -0.00328    0.00132    1   4572.2   9225.7     diag
    3      0.405D-02      0.452D-02      -232.02973069    627.943054    0.00023    0.00184    0.00207    2   4551.2  13776.8     diag
    4      0.284D-02      0.345D-03      -232.03304132    627.125067    0.00024   -0.00217    0.00210    3   4287.4  18064.2     diag
    5      0.360D-03      0.788D-04      -232.03321106    626.993035    0.00029    0.00432    0.00154    4   4083.0  22147.3     diag
    6      0.954D-04      0.103D-04      -232.03321307    627.051558    0.00023   -0.00848    0.00297    5   3773.5  25920.8     diag
    7      0.932D-05      0.733D-05      -232.03321492    627.053635    0.00027    0.00274    0.00164    6   3576.9  29497.6     diag
    8      0.434D-05      0.216D-05      -232.03321509    627.053674    0.00027    0.00015    0.00200    7   3362.7  32860.3     diag
    9      0.132D-05      0.296D-06      -232.03321509    627.053545    0.00026    0.00021    0.00197    8   2946.9  35807.3     diag
   10      0.193D-06      0.919D-07      -232.03321509    627.053312    0.00026    0.00018    0.00197    0   2925.6  38732.8     orth

 Final occupancy:  21

 !RKS STATE  1.1 Energy              -232.033215090844
 Nuclear energy                       203.66922111
 One-electron energy                 -714.72877421
 Two-electron energy                  313.52665618
 Density functional                   -34.50031817     PBEX=-33.12833947 PBEC= -1.37197870
 Virial quotient                       -1.00464935
 !RKS STATE  1.1 Dipole moment          0.00026387     0.00017643     0.00197170
 Dipole moment /Debye                   0.00067065     0.00044842     0.00501123

 Orbital energies:

         1.1          2.1          3.1          4.1          5.1          6.1          7.1          8.1          9.1         10.1
     -9.888728    -9.888536    -9.888529    -9.888113    -9.888112    -9.887918    -0.779859    -0.677451    -0.677370    -0.544943

        11.1         12.1         13.1         14.1         15.1         16.1         17.1         18.1         19.1         20.1
     -0.544875    -0.474751    -0.411756    -0.400231    -0.375912    -0.375843    -0.333617    -0.302286    -0.302173    -0.232901

        21.1         22.1         23.1
     -0.232859    -0.044563    -0.044545


 HOMO     21.1    -0.232859 =      -6.3364eV
 LUMO     22.1    -0.044563 =      -1.2126eV
 LUMO-HOMO         0.188296 =       5.1238eV


 **********************************************************************************************************************************
 DATASETS  * FILE   NREC   LENGTH (MB)   RECORD NAMES
              1      19      113.23       500      610      700      900      950      970     1000      129      960     1100   
                                          VAR    BASINP    GEOM    SYMINP    ZMAT    AOBASIS   BASIS     P2S    ABASIS      S 
                                         1400     1410     1200     1210     1080     1600     1650     1700     1800   
                                           T        V       H0       H01     AOSYM     SMH    MOLCAS    OPER     GRID   

              2       6      143.21       700     1000      520     1800     2101     2201   
                                         GEOM     BASIS   MCVARS    GRID      RKS      RKS  

 PROGRAMS   *        TOTAL   RKS-SCF       INT   RKS-SCF       INT
 CPU TIMES  *     83086.84  38741.40      5.03  44334.66      5.57
 REAL TIME  *     83332.67 SEC
 DISK USED  *       412.30 MB (local),        1.65 GB (total)
 SF USED    *        27.45 MB
 GA USED    *         8.35 MB       (max)       8.35 MB       (current)
 **********************************************************************************************************************************
 SETTING EA_PBE         =      -232.03321509  AU                              

 Dummy atoms: C1  H1  C2  H2  C3  H3  C4  H4  C5  H5  C6  H6


 Recomputing one-electron integrals since nuclear charges changed


 PROGRAM * SEWARD (Integral evaluation for generally contracted gaussian basis sets)     Author: Roland Lindh, 1990

 Geometry written to block  1 of record 700


 Point group  C1  



 ATOMIC COORDINATES

 NR  ATOM    CHARGE       X              Y              Z

   1  C1      0.00    1.377966872    2.103456449    0.617426915
   2  H1      0.00    2.462721127    3.806328569    0.300769320
   3  C2      0.00    2.598538525   -0.225569714    0.780035378
   4  H2      0.00    4.630801715   -0.329991531    0.592064807
   5  C3      0.00    1.200051313   -2.419895187    1.189366050
   6  H3      0.00    2.147360951   -4.225460622    1.323218654
   7  C4      0.00   -1.419157162   -2.285915325    1.432205171
   8  H4      0.00   -2.502991192   -3.989991979    1.746482828
   9  C5      0.00   -2.640012459    0.042841629    1.271955064
  10  H5      0.00   -4.672206811    0.148321315    1.462644224
  11  C6      0.00   -1.241356015    2.237995499    0.866134398
  12  H6      0.00   -2.187978660    4.045123423    0.746623388
  13  C7      6.00    1.062709672    1.408274128   14.260556061
  14  H7      1.00    1.293495134    1.834376105   12.275537787
  15  C8      6.00   -0.999135671   -0.018277499   15.068104573
  16  H8      1.00   -2.360691902   -0.691991804   13.700520319
  17  C9      6.00   -1.302814623   -0.574093805   17.624809660
  18  H9      1.00   -2.903615961   -1.681413909   18.248887065
  19  C10     6.00    0.458188197    0.297170812   19.379409175
  20  H10     1.00    0.224063421   -0.133622798   21.363635777
  21  C11     6.00    2.520985076    1.724106890   18.575821501
  22  H11     1.00    3.887482102    2.400313598   19.937147422
  23  C12     6.00    2.821080943    2.278713197   16.018093600
  24  H12     1.00    4.422166365    3.386234048   15.394394548

 Bond lengths in Bohr (Angstrom)

  1- 2  2.043706751   1- 3  2.634501763   1-11  2.634541432   3- 4  2.043607234   3- 5  2.634080933
       ( 1.081483038)       ( 1.394118295)       ( 1.394139287)       ( 1.081430376)       ( 1.393895602)

  5- 6  2.043374319   5- 7  2.633851644   7- 8  2.043855155   7- 9  2.634250691   9-10  2.043844956
       ( 1.081307123)       ( 1.393774267)       ( 1.081561570)       ( 1.393985434)       ( 1.081556173)

  9-11  2.634317895  11-12  2.043548054  13-14  2.043311619  13-15  2.634082451  13-23  2.634097929
       ( 1.394020996)       ( 1.081399060)       ( 1.081273944)       ( 1.393896405)       ( 1.393904596)

 15-16  2.044018842  15-17  2.633988150  17-18  2.044063439  17-19  2.634170159  19-20  2.043906248
       ( 1.081648190)       ( 1.393846503)       ( 1.081671790)       ( 1.393942818)       ( 1.081588608)

 19-21  2.633824346  21-22  2.043961325  21-23  2.634315414  23-24  2.044279206
       ( 1.393759821)       ( 1.081617753)       ( 1.394019684)       ( 1.081785969)

 Bond angles

  1- 3- 4  120.01493093   1- 3- 5  120.00479361   1-11- 9  119.99065583   1-11-12  120.01241646

  2- 1- 3  120.01757452   2- 1-11  119.98597967   3- 1-11  119.99639948   3- 5- 6  120.00960187

  3-5-7  119.99472127   4-3-5  119.98018157   5-7-8  119.94088569   5-7-9  120.01576655

  6- 5- 7  119.99549830   7- 9-10  120.05031852   7- 9-11  119.99741301   8- 7- 9  120.04333047

  9-11-12  119.99688374  10- 9-11  119.95226723  13-15-16  119.65602780  13-15-17  120.13962443

 13-23-21  120.14645578  13-23-24  119.88631534  14-13-15  119.94560136  14-13-23  120.25724305

 15-13-23  119.79714008  15-17-18  120.06341056  15-17-19  119.97868557  16-15-17  120.20433917

 17-19-20  120.02328869  17-19-21  119.97029772  18-17-19  119.95790215  19-21-22  119.97600491

 19-21-23  119.96778661  20-19-21  120.00641329  21-23-24  119.96722252  22-21-23  120.05620834

 NUCLEAR CHARGE:                   42
 NUMBER OF PRIMITIVE AOS:        2100
 NUMBER OF SYMMETRY AOS:         1692
 NUMBER OF CONTRACTIONS:         1512   ( 1512A   )
 NUMBER OF CORE ORBITALS:           6   (    6A   )
 NUMBER OF VALENCE ORBITALS:       30   (   30A   )

 MOLECULE CHANGED: INITIALIZING OCCUPATION AND DUMP RECORDS


 NUCLEAR REPULSION ENERGY  203.67694275


 Eigenvalues of metric

         1 0.241E-06 0.258E-06 0.269E-06 0.279E-06 0.346E-06 0.364E-06 0.534E-06 0.579E-06


 OPERATOR DM      FOR CENTER  0  COORDINATES:    0.000000    0.000000    0.000000


 **********************************************************************************************************************************
 DATASETS  * FILE   NREC   LENGTH (MB)   RECORD NAMES
              1      19      113.23       500      610      700      900      950      970     1000      129      960     1100   
                                          VAR    BASINP    GEOM    SYMINP    ZMAT    AOBASIS   BASIS     P2S    ABASIS      S 
                                         1400     1410     1200     1210     1080     1600     1650     1700     1800   
                                           T        V       H0       H01     AOSYM     SMH    MOLCAS    OPER     GRID   

              2       6      143.21       700     1000      520     1800     2101     2201   
                                         GEOM     BASIS   MCVARS    GRID      RKS      RKS  

 PROGRAMS   *        TOTAL       INT   RKS-SCF       INT   RKS-SCF       INT
 CPU TIMES  *     83091.92      5.07  38741.40      5.03  44334.66      5.57
 REAL TIME  *     83338.17 SEC
 DISK USED  *       412.30 MB (local),        1.65 GB (total)
 SF USED    *        27.45 MB
 GA USED    *         8.35 MB       (max)       8.35 MB       (current)
 **********************************************************************************************************************************

 Density functional group PBE=PBEX+PBEC
 Functional: PBEX(Automatically generated (new) PBEX)                          Gradient terms: 1
 Functional: PBEC(Automatically generated (new) PBEC)                          Gradient terms: 1
 Use libxcgrid:  F
 Use grid at  1800.2

 Functional: PBEX                      Factor:  1.0000
 Functional: PBEC                      Factor:  1.0000

 Generated new metagrid on record  1800.2 with target accuracy 1.0D-08 and 258812 points in CPU time    0.6
 Computed new grid on record 1800.1 in CPU time    1.1
 1213776 words reserved for DFT integration

 PROGRAM * RKS-SCF (Restricted closed shell Kohn-Sham)     Authors: W. Meyer, H.-J. Werner, P.J. Knowles, 1993

 NUMBER OF ELECTRONS:      21+   21-    SPACE SYMMETRY=1    SPIN SYMMETRY: Singlet 
 CONVERGENCE THRESHOLDS:    1.00E-04 (Density)    1.00E-08 (Energy)
 INTEGRAL THRESHOLDS:       1.00E-13 (Initial)    1.00E-13 (Final)
 MAX. NUMBER OF ITERATIONS:       60
 INTERPOLATION TYPE:            DIIS
 INTERPOLATION STEPS:              2 (START)      1 (STEP)
 LEVEL SHIFTS:                  0.00 (CLOSED)  0.00 (OPEN) 



 Use fine grid record 1800.2 for energy threshold  1.0D-08
 Orbital guess generated from atomic densities. Full valence occupancy:   36

 Molecular orbital dump at record        2301.2

 Initial occupancy:  21

 Direct Fock-matrix evaluation.        Authors: Roland Lindh & Martin Schuetz (1993/96)

 Integral Threshold:                  0.1D-12
 Threshold for writing integrals:     0.1D-06
 Prescreening on density matrix:        ON 
 Calculation will be performed fully direct        

 ITERATION   DDIFF            GRAD            ENERGY        2-EL.EN.            DIPOLE MOMENTS         DIIS   CPU(IT)  CPU(TOT)
    1      0.000D+00      0.000D+00      -231.77802503    645.124300    0.00054   -0.00033   -0.00030    0   4544.2   4615.9     start
    2      0.000D+00      0.271D-02      -231.33164002    596.857597   -0.00048   -0.00053    0.00192    1   4513.7   9129.6     diag
    3      0.369D-02      0.452D-02      -232.02973501    627.958398    0.00053   -0.00021   -0.00044    2   4492.0  13621.6     diag
    4      0.233D-02      0.345D-03      -232.03304501    627.140289   -0.00019   -0.00050   -0.00048    3   4273.0  17894.5     diag
    5      0.351D-03      0.790D-04      -232.03321507    627.008249    0.00090    0.00008   -0.00023    4   4087.9  21982.4     diag
    6      0.950D-04      0.110D-04      -232.03321776    627.064992   -0.00115   -0.00111   -0.00071    5   3729.2  25711.6     diag
    7      0.947D-05      0.750D-05      -232.03321943    627.069042    0.00085    0.00008   -0.00024    6   3514.9  29226.5     diag
    8      0.417D-05      0.136D-05      -232.03321946    627.068911   -0.00059   -0.00080   -0.00059    7   3259.3  32485.7     diag
    9      0.114D-05      0.827D-06      -232.03321949    627.068818    0.00028   -0.00027   -0.00038    8   3043.3  35529.0     diag
   10      0.393D-06      0.732D-07      -232.03321949    627.068689    0.00020   -0.00032   -0.00039    9   2818.4  38347.5     orth
   11      0.116D-06      0.555D-07      -232.03321949    627.068674    0.00025   -0.00029   -0.00038    0   2798.4  41145.9     orth

 Final occupancy:  21

 !RKS STATE  1.1 Energy              -232.033219487736
 Nuclear energy                       203.67694275
 One-electron energy                 -714.74416824
 Two-electron energy                  313.53433719
 Density functional                   -34.50033118     PBEX=-33.12834264 PBEC= -1.37198854
 Virial quotient                       -1.00464847
 !RKS STATE  1.1 Dipole moment          0.00025131    -0.00028824    -0.00038191
 Dipole moment /Debye                   0.00063872    -0.00073259    -0.00097066

 Orbital energies:

         1.1          2.1          3.1          4.1          5.1          6.1          7.1          8.1          9.1         10.1
     -9.888727    -9.888543    -9.888511    -9.888121    -9.888095    -9.887909    -0.779905    -0.677585    -0.677264    -0.545001

        11.1         12.1         13.1         14.1         15.1         16.1         17.1         18.1         19.1         20.1
     -0.544806    -0.474751    -0.411702    -0.400264    -0.376102    -0.375634    -0.333650    -0.302588    -0.301842    -0.232978

        21.1         22.1         23.1
     -0.232812    -0.044581    -0.044497


 HOMO     21.1    -0.232812 =      -6.3351eV
 LUMO     22.1    -0.044581 =      -1.2131eV
 LUMO-HOMO         0.188231 =       5.1220eV


 **********************************************************************************************************************************
 DATASETS  * FILE   NREC   LENGTH (MB)   RECORD NAMES
              1      19      113.23       500      610      700      900      950      970     1000      129      960     1100   
                                          VAR    BASINP    GEOM    SYMINP    ZMAT    AOBASIS   BASIS     P2S    ABASIS      S 
                                         1400     1410     1200     1210     1080     1600     1650     1700     1800   
                                           T        V       H0       H01     AOSYM     SMH    MOLCAS    OPER     GRID   

              2       7      237.23       700     1000      520     1800     2101     2201     2301   
                                         GEOM     BASIS   MCVARS    GRID      RKS      RKS      RKS  

 PROGRAMS   *        TOTAL   RKS-SCF       INT   RKS-SCF       INT   RKS-SCF       INT
 CPU TIMES  *    124246.18  41154.26      5.07  38741.40      5.03  44334.66      5.57
 REAL TIME  *    124613.09 SEC
 DISK USED  *       515.47 MB (local),        2.06 GB (total)
 SF USED    *        27.45 MB
 GA USED    *         8.35 MB       (max)       8.35 MB       (current)
 **********************************************************************************************************************************
 SETTING EB_PBE         =      -232.03321949  AU                              
 SETTING E_AB_INT       =    -8.56093688D-05  AU                              

 *** results in hartree
 E_AB_INT         =        -0.00008561 AU
 Molecular orbitals read from record     2301.2  Type=RKS/CANONICAL (state 1.1)
 Occupation numbers read from record     2301.2  Type=RKS/RHF (state 1.1)
 Orbital energies read from record       2301.2  Type=RKS/CANONICAL (state 1.1)
 Redundancy group numbers read from rec  2301.2  Type=RKS/RHF (state 1.1)

 RPBE/aug-cc-pVQZ energy=   -232.033219487736

         RKS-SCF         RKS-SCF         RKS-SCF
   -232.03321949   -232.03321509   -464.06652019
 **********************************************************************************************************************************
 Molpro calculation terminated
