
 Primary working directories    : /scratch/sirous/45015/molpro.RW9U84WO9c
 Secondary working directories  : /scratch/sirous/45015/molpro.RW9U84WO9c
 Wavefunction directory         : /scratch/sirous/45015/
 Main file repository           : /scratch/sirous/45015/molpro.RW9U84WO9c/

 id        : karlovklimes

 Nodes                      nprocs
 nc-08.cc.karlov.mff.cuni.cz    4

 Using customized tuning parameters: mindgm=1; mindgv=20; mindgc=4; mindgr=1; noblas=0; minvec=7
 default implementation of scratch files=sf  


 Variables initialized (934), CPU time= 0.01 sec
 ***,CH3C6H4CN+CF3CN+BF3
 memory,500,m
 gdirect
 gthresh,energy=1.d-8,twoint=1.d-19,oneint=1.d-19,zero=1.d-15,orbital=1.d-8,grid=1.d-8
 symmetry,nosym
 geomtyp=xyz
                                                                                 ! Geometry
 geometry={
 N1        -0.893451216    -0.043844322     -0.042997455
 H1        0.096948261    -0.256059448     -0.071069928
 H2        -1.368438791    -0.933390652     0.033837726
 C1        -1.175782475    0.757907695     1.145237192
 H3        -2.241626604    0.97221601     1.195024643
 H4        -0.880789552    0.304246738     2.097209096
 H5        -0.663005722    1.714329397     1.060809164
 O1        7.747223933990587    0.47340744598616225     0.27479119565641974
 H6        8.029250052990587    0.8433562109861623     -0.5650728843435803
 C2        8.133137781990587    1.3849917069861624     1.2942273576564198
 H7        7.809954732990587    0.9553590339861622     2.2372939016564195
 H8        9.214193019990587    1.5240751759861622     1.3332673246564197
 H9        7.654663219990587    2.358589551986162     1.1790508226564198
 }
 
 
 
 basis=avdz
 
 
 
                                                                                 ! Dimer Calculation
 {rks,pbe,accu=1.d-8;orbital,2101.2}
 eab_PBE=energy
 
 
                                                                                 !monomer A
 dummy,8,9,10,11,12,13;                                                          ! NOW MONOMER B IS DUMMY
 {rks,pbe,accu=1.d-8;orbital,2201.2}
 ea_PBE=energy
                                                                                 !monomer B
 dummy,1,2,3,4,5,6,7;                                                            !NOW MONOMER A IS DUMMY
 {rks,pbe,accu=1.d-8;orbital,2301.2}
 eb_PBE=energy
 
 E_AB_int=eab_PBE-ea_PBE-eb_PBE
 
 
 text,results in hartree
 show,E_AB_int
 
 Commands  initialized (763), CPU time= 0.02 sec, 617 directives.
 Default parameters read. Elapsed time= 0.24 sec

 Checking input...
 Passed
1


                                         ***  PROGRAM SYSTEM MOLPRO  ***
                                       Copyright, TTI GmbH Stuttgart, 2015
                                    Version 2019.2 linked Jun  8 2019 11:26:33


 **********************************************************************************************************************************
 LABEL *   CH3C6H4CN+CF3CN+BF3                                                           
  64 bit mpp version                                                                     DATE: 16-Oct-19          TIME: 01:51:48  
 **********************************************************************************************************************************

 SHA1:             8135a10abc80eafa5b3ae28ffc55be4890dc4c84
 **********************************************************************************************************************************

 THRESHOLDS:

 ZERO    =  1.00D-15  ONEINT  =  1.00D-19  TWOINT  =  1.00D-19  PREFAC  =  1.00D-14  XXXXXX  =  1.00D-09  EORDER  =  1.00D-04
 ENERGY  =  1.00D-08  ETEST   =  0.00D+00  EDENS   =  0.00D+00  THRDEDEF=  1.00D-06  GRADIENT=  1.00D-02  STEP    =  1.00D-03
 ORBITAL =  1.00D-08  CIVEC   =  1.00D-05  COEFF   =  1.00D-04  PRINTCI =  5.00D-02  PUNCHCI =  9.90D+01  OPTGRAD =  3.00D-04
 OPTENERG=  1.00D-06  OPTSTEP =  3.00D-04  THRGRAD =  1.00D-10  COMPRESS=  1.00D-11  VARMIN  =  1.00D-07  VARMAX  =  1.00D-03
 THRDOUB =  0.00D+00  THRDIV  =  1.00D-05  THRRED  =  1.00D-07  THRPSP  =  1.00D+00  THRDC   =  1.00D-10  THRCS   =  1.00D-10
 THRNRM  =  1.00D-08  THREQ   =  0.00D+00  THRDE   =  1.00D+00  THRREF  =  1.00D-05  SPARFAC =  1.00D+00  THRDLP  =  1.00D-07
 THRDIA  =  1.00D-10  THRDLS  =  1.00D-07  THRGPS  =  0.00D+00  THRKEX  =  0.00D+00  THRDIS  =  2.00D-01  THRVAR  =  1.00D-10
 THRLOC  =  1.00D-06  THRGAP  =  1.00D-06  THRLOCT = -1.00D+00  THRGAPT = -1.00D+00  THRORB  =  1.00D-06  THRMLTP =  0.00D+00
 THRCPQCI=  1.00D-10  KEXTA   =  0.00D+00  THRCOARS=  0.00D+00  SYMTOL  =  1.00D-06  GRADTOL =  1.00D-06  THROVL  =  1.00D-08
 THRORTH =  1.00D-08  GRID    =  1.00D-08  GRIDMAX =  1.00D-03  DTMAX   =  0.00D+00  THROCCDE=  1.00D-01  THROCCDE=  1.00D-01
 THRPRINT=  2.50D-01


 Variable memory set to  500000000 words,  buffer space 

 SETTING GEOMTYP        =    XYZ
 ZSYMEL=NOSYM

 SETTING BASIS          =    AVDZ


 Recomputing integrals since basis changed


 Using spherical harmonics

 Library entry N      S aug-cc-pVDZ          selected for orbital group  1
 Library entry N      P aug-cc-pVDZ          selected for orbital group  1
 Library entry N      D aug-cc-pVDZ          selected for orbital group  1
 Library entry H      S aug-cc-pVDZ          selected for orbital group  2
 Library entry H      P aug-cc-pVDZ          selected for orbital group  2
 Library entry C      S aug-cc-pVDZ          selected for orbital group  3
 Library entry C      P aug-cc-pVDZ          selected for orbital group  3
 Library entry C      D aug-cc-pVDZ          selected for orbital group  3
 Library entry O      S aug-cc-pVDZ          selected for orbital group  5
 Library entry O      P aug-cc-pVDZ          selected for orbital group  5
 Library entry O      D aug-cc-pVDZ          selected for orbital group  5


 PROGRAM * SEWARD (Integral evaluation for generally contracted gaussian basis sets)     Author: Roland Lindh, 1990

 Geometry written to block  1 of record 700


 Point group  C1  



 ATOMIC COORDINATES

 NR  ATOM    CHARGE       X              Y              Z

   1  N1      7.00   -1.688378104   -0.082853761   -0.081253414
   2  H1      1.00    0.183205662   -0.483882228   -0.134302700
   3  H2      1.00   -2.585974533   -1.763852700    0.063944035
   4  C1      6.00   -2.221906860    1.432237971    2.164184641
   5  H3      1.00   -4.236060355    1.837221993    2.258269287
   6  H4      1.00   -1.664451027    0.574943009    3.963150817
   7  H5      1.00   -1.252899234    3.239613048    2.004638790
   8  O1      8.00   14.640131461    0.894610418    0.519280101
   9  H6      1.00   15.173083586    1.593712264   -1.067832992
  10  C2      6.00   15.369402941    2.617255011    2.445735249
  11  H7      1.00   14.758675491    1.805366925    4.227872734
  12  H8      1.00   17.412301267    2.880084676    2.519510094
  13  H9      1.00   14.465217062    4.457088294    2.228083142

 Bond lengths in Bohr (Angstrom)

 1-2  1.914801256  1-3  1.911156477  1-4  2.760823780  4-5  2.056618166  4-6  2.069297215
     ( 1.013269188)     ( 1.011340454)     ( 1.460965028)     ( 1.088315465)     ( 1.095024929)

  4- 7  2.056948061   8- 9  1.814306845   8-10  2.685250588  10-11  2.051381071  10-12  2.061056944
       ( 1.088490038)       ( 0.960089836)       ( 1.420973417)       ( 1.085544114)       ( 1.090664365)

 10-13  2.061531240
       ( 1.090915352)

 Bond angles

  1-4-5  109.54406630   1-4-6  115.31871981   1-4-7  109.15197351   2-1-3  106.07836560

  2-1-4  109.04774565   3-1-4  109.27730370   5-4-6  107.79679290   5-4-7  106.97091569

  6- 4- 7  107.73101270   8-10-11  106.76853257   8-10-12  112.12813207   8-10-13  112.18950395

  9- 8-10  107.49423238  11-10-12  108.32856605  11-10-13  108.32203168  12-10-13  108.94776656

 NUCLEAR CHARGE:                   36
 NUMBER OF PRIMITIVE AOS:         247
 NUMBER OF SYMMETRY AOS:          239
 NUMBER OF CONTRACTIONS:          173   (  173A   )
 NUMBER OF CORE ORBITALS:           4   (    4A   )
 NUMBER OF VALENCE ORBITALS:       25   (   25A   )


 NUCLEAR REPULSION ENERGY  101.35664013


 Eigenvalues of metric

         1 0.504E-03 0.623E-03 0.645E-03 0.702E-03 0.783E-03 0.804E-03 0.846E-03 0.109E-02


 OPERATOR DM      FOR CENTER  0  COORDINATES:    0.000000    0.000000    0.000000


 **********************************************************************************************************************************
 DATASETS  * FILE   NREC   LENGTH (MB)   RECORD NAMES
              1      18       31.29       500      610      700      900      950      970     1000      129      960     1100   
                                          VAR    BASINP    GEOM    SYMINP    ZMAT    AOBASIS   BASIS     P2S    ABASIS      S 
                                         1400     1410     1200     1210     1080     1600     1650     1700   
                                           T        V       H0       H01     AOSYM     SMH    MOLCAS    OPER   

 PROGRAMS   *        TOTAL       INT
 CPU TIMES  *         0.52      0.35
 REAL TIME  *         1.96 SEC
 DISK USED  *        31.81 MB (local),      127.23 MB (total)
 GA USED    *         0.00 MB       (max)       0.00 MB       (current)
 **********************************************************************************************************************************

 Density functional group PBE=PBEX+PBEC
 Functional: PBEX(Automatically generated (new) PBEX)                          Gradient terms: 1
 Functional: PBEC(Automatically generated (new) PBEC)                          Gradient terms: 1
 Use libxcgrid:  F
 Use grid at  1800.2

 Functional: PBEX                      Factor:  1.0000
 Functional: PBEC                      Factor:  1.0000

 Generated new metagrid on record  1800.2 with target accuracy 1.0D-08 and 106058 points in CPU time    0.3
 Computed new grid on record 1800.1 in CPU time    0.4
  141727 words reserved for DFT integration

 PROGRAM * RKS-SCF (Restricted closed shell Kohn-Sham)     Authors: W. Meyer, H.-J. Werner, P.J. Knowles, 1993

 NUMBER OF ELECTRONS:      18+   18-    SPACE SYMMETRY=1    SPIN SYMMETRY: Singlet 
 CONVERGENCE THRESHOLDS:    1.00E-04 (Density)    1.00E-08 (Energy)
 INTEGRAL THRESHOLDS:       1.00E-11 (Initial)    1.00E-11 (Final)
 MAX. NUMBER OF ITERATIONS:       60
 INTERPOLATION TYPE:            DIIS
 INTERPOLATION STEPS:              2 (START)      1 (STEP)
 LEVEL SHIFTS:                  0.00 (CLOSED)  0.00 (OPEN) 



 Use fine grid record 1800.2 for energy threshold  1.0D-08
 Orbital guess generated from atomic densities. Full valence occupancy:   29

 Molecular orbital dump at record        2101.2

 Initial occupancy:  18

 Direct Fock-matrix evaluation.        Authors: Roland Lindh & Martin Schuetz (1993/96)

 Integral Threshold:                  0.1D-10
 Threshold for writing integrals:     0.1D-06
 Prescreening on density matrix:        ON 
 Calculation will be performed fully direct        

 ITERATION   DDIFF            GRAD            ENERGY        2-EL.EN.            DIPOLE MOMENTS         DIIS   CPU(IT)  CPU(TOT)
    1      0.000D+00      0.000D+00      -211.12643084    419.736921    0.73356    0.34850    0.41735    0      5.2      8.6     start
    2      0.000D+00      0.862D-02      -210.65259216    381.279504   -0.15933    0.09179   -0.00608    1      2.9     11.5     diag
    3      0.267D-01      0.159D-01      -211.32739404    406.714949    0.51703    0.36611    0.45432    2      3.0     14.5     diag
    4      0.171D-01      0.195D-02      -211.33549607    406.215396    0.45902    0.23117    0.29415    3      2.9     17.4     diag
    5      0.256D-02      0.709D-03      -211.33662648    406.011894    0.46828    0.27026    0.30496    4      2.8     20.2     diag
    6      0.797D-03      0.173D-03      -211.33667698    406.016665    0.46407    0.25902    0.31835    5      2.8     23.0     diag
    7      0.214D-03      0.936D-04      -211.33669675    406.038902    0.46589    0.26466    0.31502    6      2.8     25.7     diag
    8      0.882D-04      0.898D-05      -211.33669694    406.048634    0.46623    0.26475    0.31550    7      2.7     28.4     diag
    9      0.129D-04      0.291D-05      -211.33669696    406.048917    0.46621    0.26465    0.31548    8      2.6     31.1     diag
   10      0.398D-05      0.406D-06      -211.33669696    406.049193    0.46618    0.26465    0.31544    0      2.5     33.6     orth

 Final occupancy:  18

 !RKS STATE  1.1 Energy              -211.336696963543
 Nuclear energy                       101.35664013
 One-electron energy                 -486.29898776
 Two-electron energy                  203.02459638
 Density functional                   -29.41894571     PBEX=-28.25896481 PBEC= -1.15998091
 Virial quotient                       -1.00593214
 !RKS STATE  1.1 Dipole moment          0.46618317     0.26465271     0.31543687
 Dipole moment /Debye                   1.18484183     0.67263603     0.80170804

 Orbital energies:

         1.1          2.1          3.1          4.1          5.1          6.1          7.1          8.1          9.1         10.1
    -18.775823   -13.981328    -9.934069    -9.905870    -0.940958    -0.802105    -0.622630    -0.595645    -0.462135    -0.440545

        11.1         12.1         13.1         14.1         15.1         16.1         17.1         18.1         19.1         20.1
     -0.393743    -0.392669    -0.382356    -0.356131    -0.321731    -0.296335    -0.231461    -0.198770    -0.025217    -0.019639


 HOMO     18.1    -0.198770 =      -5.4088eV
 LUMO     19.1    -0.025217 =      -0.6862eV
 LUMO-HOMO         0.173553 =       4.7226eV


 **********************************************************************************************************************************
 DATASETS  * FILE   NREC   LENGTH (MB)   RECORD NAMES
              1      19       31.29       500      610      700      900      950      970     1000      129      960     1100   
                                          VAR    BASINP    GEOM    SYMINP    ZMAT    AOBASIS   BASIS     P2S    ABASIS      S 
                                         1400     1410     1200     1210     1080     1600     1650     1700     1800   
                                           T        V       H0       H01     AOSYM     SMH    MOLCAS    OPER     GRID   

              2       5        3.59       700     1000      520     1800     2101   
                                         GEOM     BASIS   MCVARS    GRID      RKS  

 PROGRAMS   *        TOTAL   RKS-SCF       INT
 CPU TIMES  *        34.59     34.06      0.35
 REAL TIME  *        37.74 SEC
 DISK USED  *        36.99 MB (local),      147.95 MB (total)
 SF USED    *         0.36 MB
 GA USED    *         3.46 MB       (max)       3.46 MB       (current)
 **********************************************************************************************************************************
 SETTING EAB_PBE        =      -211.33669696  AU                              

 Dummy atoms: O1  H6  C2  H7  H8  H9


 Recomputing one-electron integrals since nuclear charges changed


 PROGRAM * SEWARD (Integral evaluation for generally contracted gaussian basis sets)     Author: Roland Lindh, 1990

 Geometry written to block  1 of record 700


 Point group  C1  



 ATOMIC COORDINATES

 NR  ATOM    CHARGE       X              Y              Z

   1  N1      7.00   -1.688378104   -0.082853761   -0.081253414
   2  H1      1.00    0.183205662   -0.483882228   -0.134302700
   3  H2      1.00   -2.585974533   -1.763852700    0.063944035
   4  C1      6.00   -2.221906860    1.432237971    2.164184641
   5  H3      1.00   -4.236060355    1.837221993    2.258269287
   6  H4      1.00   -1.664451027    0.574943009    3.963150817
   7  H5      1.00   -1.252899234    3.239613048    2.004638790
   8  O1      0.00   14.640131461    0.894610418    0.519280101
   9  H6      0.00   15.173083586    1.593712264   -1.067832992
  10  C2      0.00   15.369402941    2.617255011    2.445735249
  11  H7      0.00   14.758675491    1.805366925    4.227872734
  12  H8      0.00   17.412301267    2.880084676    2.519510094
  13  H9      0.00   14.465217062    4.457088294    2.228083142

 Bond lengths in Bohr (Angstrom)

 1-2  1.914801256  1-3  1.911156477  1-4  2.760823780  4-5  2.056618166  4-6  2.069297215
     ( 1.013269188)     ( 1.011340454)     ( 1.460965028)     ( 1.088315465)     ( 1.095024929)

  4- 7  2.056948061   8- 9  1.814306845   8-10  2.685250588  10-11  2.051381071  10-12  2.061056944
       ( 1.088490038)       ( 0.960089836)       ( 1.420973417)       ( 1.085544114)       ( 1.090664365)

 10-13  2.061531240
       ( 1.090915352)

 Bond angles

  1-4-5  109.54406630   1-4-6  115.31871981   1-4-7  109.15197351   2-1-3  106.07836560

  2-1-4  109.04774565   3-1-4  109.27730370   5-4-6  107.79679290   5-4-7  106.97091569

  6- 4- 7  107.73101270   8-10-11  106.76853257   8-10-12  112.12813207   8-10-13  112.18950395

  9- 8-10  107.49423238  11-10-12  108.32856605  11-10-13  108.32203168  12-10-13  108.94776656

 NUCLEAR CHARGE:                   18
 NUMBER OF PRIMITIVE AOS:         247
 NUMBER OF SYMMETRY AOS:          239
 NUMBER OF CONTRACTIONS:          173   (  173A   )
 NUMBER OF CORE ORBITALS:           2   (    2A   )
 NUMBER OF VALENCE ORBITALS:       13   (   13A   )

 MOLECULE CHANGED: INITIALIZING OCCUPATION AND DUMP RECORDS


 NUCLEAR REPULSION ENERGY   42.10593244


 Eigenvalues of metric

         1 0.504E-03 0.623E-03 0.645E-03 0.702E-03 0.783E-03 0.804E-03 0.846E-03 0.109E-02


 OPERATOR DM      FOR CENTER  0  COORDINATES:    0.000000    0.000000    0.000000


 **********************************************************************************************************************************
 DATASETS  * FILE   NREC   LENGTH (MB)   RECORD NAMES
              1      19       31.29       500      610      700      900      950      970     1000      129      960     1100   
                                          VAR    BASINP    GEOM    SYMINP    ZMAT    AOBASIS   BASIS     P2S    ABASIS      S 
                                         1400     1410     1200     1210     1080     1600     1650     1700     1800   
                                           T        V       H0       H01     AOSYM     SMH    MOLCAS    OPER     GRID   

              2       5        3.59       700     1000      520     1800     2101   
                                         GEOM     BASIS   MCVARS    GRID      RKS  

 PROGRAMS   *        TOTAL       INT   RKS-SCF       INT
 CPU TIMES  *        34.67      0.07     34.06      0.35
 REAL TIME  *        37.96 SEC
 DISK USED  *        36.99 MB (local),      147.95 MB (total)
 SF USED    *         0.36 MB
 GA USED    *         3.46 MB       (max)       3.46 MB       (current)
 **********************************************************************************************************************************

 Density functional group PBE=PBEX+PBEC
 Functional: PBEX(Automatically generated (new) PBEX)                          Gradient terms: 1
 Functional: PBEC(Automatically generated (new) PBEC)                          Gradient terms: 1
 Use libxcgrid:  F
 Use grid at  1800.2

 Functional: PBEX                      Factor:  1.0000
 Functional: PBEC                      Factor:  1.0000

 Generated new metagrid on record  1800.2 with target accuracy 1.0D-08 and 106058 points in CPU time    0.3
 Computed new grid on record 1800.1 in CPU time    0.4
  141727 words reserved for DFT integration

 PROGRAM * RKS-SCF (Restricted closed shell Kohn-Sham)     Authors: W. Meyer, H.-J. Werner, P.J. Knowles, 1993

 NUMBER OF ELECTRONS:       9+    9-    SPACE SYMMETRY=1    SPIN SYMMETRY: Singlet 
 CONVERGENCE THRESHOLDS:    1.00E-04 (Density)    1.00E-08 (Energy)
 INTEGRAL THRESHOLDS:       1.00E-11 (Initial)    1.00E-11 (Final)
 MAX. NUMBER OF ITERATIONS:       60
 INTERPOLATION TYPE:            DIIS
 INTERPOLATION STEPS:              2 (START)      1 (STEP)
 LEVEL SHIFTS:                  0.00 (CLOSED)  0.00 (OPEN) 



 Use fine grid record 1800.2 for energy threshold  1.0D-08
 Orbital guess generated from atomic densities. Full valence occupancy:   15

 Molecular orbital dump at record        2201.2

 Initial occupancy:   9

 Direct Fock-matrix evaluation.        Authors: Roland Lindh & Martin Schuetz (1993/96)

 Integral Threshold:                  0.1D-10
 Threshold for writing integrals:     0.1D-06
 Prescreening on density matrix:        ON 
 Calculation will be performed fully direct        

 ITERATION   DDIFF            GRAD            ENERGY        2-EL.EN.            DIPOLE MOMENTS         DIIS   CPU(IT)  CPU(TOT)
    1      0.000D+00      0.000D+00       -95.61615053    182.949242    0.26994   -0.47785    0.63138    0      5.0      9.5     start
    2      0.000D+00      0.893D-02       -95.33333299    162.586187   -0.11666    0.22190   -0.09817    1      2.7     12.2     diag
    3      0.207D-01      0.163D-01       -95.73485316    176.040441    0.16554   -0.27594    0.51044    2      2.7     14.9     diag
    4      0.137D-01      0.169D-02       -95.73806975    175.788460    0.16139   -0.28640    0.39246    3      2.6     17.6     diag
    5      0.178D-02      0.730D-03       -95.73877762    175.662105    0.15891   -0.27807    0.41418    4      2.6     20.1     diag
    6      0.646D-03      0.117D-03       -95.73879659    175.675803    0.15847   -0.27697    0.41419    5      2.5     22.7     diag
    7      0.791D-04      0.116D-04       -95.73879680    175.684179    0.15874   -0.27738    0.41527    6      2.5     25.1     diag
    8      0.135D-04      0.110D-05       -95.73879680    175.684300    0.15870   -0.27733    0.41498    7      2.3     27.5     diag
    9      0.170D-05      0.228D-06       -95.73879680    175.684344    0.15872   -0.27737    0.41504    0      2.3     29.7     orth

 Final occupancy:   9

 !RKS STATE  1.1 Energy               -95.738796803053
 Nuclear energy                        42.10593244
 One-electron energy                 -211.61832988
 Two-electron energy                   87.84217204
 Density functional                   -14.06857141     PBEX=-13.49241951 PBEC= -0.57615190
 Virial quotient                       -1.00621653
 !RKS STATE  1.1 Dipole moment          0.15871833    -0.27736847     0.41504383
 Dipole moment /Debye                   0.40339533    -0.70495416     1.05486709

 Orbital energies:

         1.1          2.1          3.1          4.1          5.1          6.1          7.1          8.1          9.1         10.1
    -13.982804    -9.907122    -0.803555    -0.596965    -0.441998    -0.395119    -0.357441    -0.323032    -0.200183    -0.021824

        11.1
      0.003491


 HOMO      9.1    -0.200183 =      -5.4473eV
 LUMO     10.1    -0.021824 =      -0.5939eV
 LUMO-HOMO         0.178359 =       4.8534eV


 **********************************************************************************************************************************
 DATASETS  * FILE   NREC   LENGTH (MB)   RECORD NAMES
              1      19       31.29       500      610      700      900      950      970     1000      129      960     1100   
                                          VAR    BASINP    GEOM    SYMINP    ZMAT    AOBASIS   BASIS     P2S    ABASIS      S 
                                         1400     1410     1200     1210     1080     1600     1650     1700     1800   
                                           T        V       H0       H01     AOSYM     SMH    MOLCAS    OPER     GRID   

              2       6        7.28       700     1000      520     1800     2101     2201   
                                         GEOM     BASIS   MCVARS    GRID      RKS      RKS  

 PROGRAMS   *        TOTAL   RKS-SCF       INT   RKS-SCF       INT
 CPU TIMES  *        64.87     30.20      0.07     34.06      0.35
 REAL TIME  *        68.35 SEC
 DISK USED  *        40.56 MB (local),      162.26 MB (total)
 SF USED    *         0.36 MB
 GA USED    *         3.46 MB       (max)       3.46 MB       (current)
 **********************************************************************************************************************************
 SETTING EA_PBE         =       -95.73879680  AU                              

 Dummy atoms: N1  H1  H2  C1  H3  H4  H5


 Recomputing one-electron integrals since nuclear charges changed


 PROGRAM * SEWARD (Integral evaluation for generally contracted gaussian basis sets)     Author: Roland Lindh, 1990

 Geometry written to block  1 of record 700


 Point group  C1  



 ATOMIC COORDINATES

 NR  ATOM    CHARGE       X              Y              Z

   1  N1      0.00   -1.688378104   -0.082853761   -0.081253414
   2  H1      0.00    0.183205662   -0.483882228   -0.134302700
   3  H2      0.00   -2.585974533   -1.763852700    0.063944035
   4  C1      0.00   -2.221906860    1.432237971    2.164184641
   5  H3      0.00   -4.236060355    1.837221993    2.258269287
   6  H4      0.00   -1.664451027    0.574943009    3.963150817
   7  H5      0.00   -1.252899234    3.239613048    2.004638790
   8  O1      8.00   14.640131461    0.894610418    0.519280101
   9  H6      1.00   15.173083586    1.593712264   -1.067832992
  10  C2      6.00   15.369402941    2.617255011    2.445735249
  11  H7      1.00   14.758675491    1.805366925    4.227872734
  12  H8      1.00   17.412301267    2.880084676    2.519510094
  13  H9      1.00   14.465217062    4.457088294    2.228083142

 Bond lengths in Bohr (Angstrom)

 1-2  1.914801256  1-3  1.911156477  1-4  2.760823780  4-5  2.056618166  4-6  2.069297215
     ( 1.013269188)     ( 1.011340454)     ( 1.460965028)     ( 1.088315465)     ( 1.095024929)

  4- 7  2.056948061   8- 9  1.814306845   8-10  2.685250588  10-11  2.051381071  10-12  2.061056944
       ( 1.088490038)       ( 0.960089836)       ( 1.420973417)       ( 1.085544114)       ( 1.090664365)

 10-13  2.061531240
       ( 1.090915352)

 Bond angles

  1-4-5  109.54406630   1-4-6  115.31871981   1-4-7  109.15197351   2-1-3  106.07836560

  2-1-4  109.04774565   3-1-4  109.27730370   5-4-6  107.79679290   5-4-7  106.97091569

  6- 4- 7  107.73101270   8-10-11  106.76853257   8-10-12  112.12813207   8-10-13  112.18950395

  9- 8-10  107.49423238  11-10-12  108.32856605  11-10-13  108.32203168  12-10-13  108.94776656

 NUCLEAR CHARGE:                   18
 NUMBER OF PRIMITIVE AOS:         247
 NUMBER OF SYMMETRY AOS:          239
 NUMBER OF CONTRACTIONS:          173   (  173A   )
 NUMBER OF CORE ORBITALS:           2   (    2A   )
 NUMBER OF VALENCE ORBITALS:       12   (   12A   )

 MOLECULE CHANGED: INITIALIZING OCCUPATION AND DUMP RECORDS


 NUCLEAR REPULSION ENERGY   40.34710778


 Eigenvalues of metric

         1 0.504E-03 0.623E-03 0.645E-03 0.702E-03 0.783E-03 0.804E-03 0.846E-03 0.109E-02


 OPERATOR DM      FOR CENTER  0  COORDINATES:    0.000000    0.000000    0.000000


 **********************************************************************************************************************************
 DATASETS  * FILE   NREC   LENGTH (MB)   RECORD NAMES
              1      19       31.29       500      610      700      900      950      970     1000      129      960     1100   
                                          VAR    BASINP    GEOM    SYMINP    ZMAT    AOBASIS   BASIS     P2S    ABASIS      S 
                                         1400     1410     1200     1210     1080     1600     1650     1700     1800   
                                           T        V       H0       H01     AOSYM     SMH    MOLCAS    OPER     GRID   

              2       6        7.28       700     1000      520     1800     2101     2201   
                                         GEOM     BASIS   MCVARS    GRID      RKS      RKS  

 PROGRAMS   *        TOTAL       INT   RKS-SCF       INT   RKS-SCF       INT
 CPU TIMES  *        64.96      0.08     30.20      0.07     34.06      0.35
 REAL TIME  *        68.57 SEC
 DISK USED  *        40.56 MB (local),      162.26 MB (total)
 SF USED    *         0.36 MB
 GA USED    *         3.46 MB       (max)       3.46 MB       (current)
 **********************************************************************************************************************************

 Density functional group PBE=PBEX+PBEC
 Functional: PBEX(Automatically generated (new) PBEX)                          Gradient terms: 1
 Functional: PBEC(Automatically generated (new) PBEC)                          Gradient terms: 1
 Use libxcgrid:  F
 Use grid at  1800.2

 Functional: PBEX                      Factor:  1.0000
 Functional: PBEC                      Factor:  1.0000

 Generated new metagrid on record  1800.2 with target accuracy 1.0D-08 and 106058 points in CPU time    0.3
 Computed new grid on record 1800.1 in CPU time    0.4
  141727 words reserved for DFT integration

 PROGRAM * RKS-SCF (Restricted closed shell Kohn-Sham)     Authors: W. Meyer, H.-J. Werner, P.J. Knowles, 1993

 NUMBER OF ELECTRONS:       9+    9-    SPACE SYMMETRY=1    SPIN SYMMETRY: Singlet 
 CONVERGENCE THRESHOLDS:    1.00E-04 (Density)    1.00E-08 (Energy)
 INTEGRAL THRESHOLDS:       1.00E-11 (Initial)    1.00E-11 (Final)
 MAX. NUMBER OF ITERATIONS:       60
 INTERPOLATION TYPE:            DIIS
 INTERPOLATION STEPS:              2 (START)      1 (STEP)
 LEVEL SHIFTS:                  0.00 (CLOSED)  0.00 (OPEN) 



 Use fine grid record 1800.2 for energy threshold  1.0D-08
 Orbital guess generated from atomic densities. Full valence occupancy:   14

 Molecular orbital dump at record        2301.2

 Initial occupancy:   9

 Direct Fock-matrix evaluation.        Authors: Roland Lindh & Martin Schuetz (1993/96)

 Integral Threshold:                  0.1D-10
 Threshold for writing integrals:     0.1D-06
 Prescreening on density matrix:        ON 
 Calculation will be performed fully direct        

 ITERATION   DDIFF            GRAD            ENERGY        2-EL.EN.            DIPOLE MOMENTS         DIIS   CPU(IT)  CPU(TOT)
    1      0.000D+00      0.000D+00      -115.51007714    198.945613    0.46362    0.82636   -0.21403    0      4.8      9.4     start
    2      0.000D+00      0.780D-02      -115.31791716    180.889156   -0.07090   -0.12045    0.09068    1      2.5     11.9     diag
    3      0.169D-01      0.146D-01      -115.59248073    192.821504    0.34372    0.63286   -0.04881    2      2.5     14.4     diag
    4      0.102D-01      0.205D-02      -115.59740186    192.606513    0.29659    0.53384   -0.10674    3      2.4     16.9     diag
    5      0.183D-02      0.574D-03      -115.59779946    192.504645    0.30003    0.54141   -0.10071    4      2.4     19.3     diag
    6      0.458D-03      0.893D-04      -115.59780966    192.527915    0.30041    0.54262   -0.09794    5      2.3     21.7     diag
    7      0.550D-04      0.114D-04      -115.59780983    192.535462    0.30093    0.54353   -0.09839    6      2.3     24.0     diag
    8      0.977D-05      0.120D-05      -115.59780983    192.535923    0.30084    0.54338   -0.09822    7      2.2     26.2     diag
    9      0.159D-05      0.254D-06      -115.59780983    192.535959    0.30087    0.54343   -0.09829    0      2.2     28.3     orth

 Final occupancy:   9

 !RKS STATE  1.1 Energy              -115.597809830132
 Nuclear energy                        40.34710778
 One-electron energy                 -236.86253470
 Two-electron energy                   96.26797936
 Density functional                   -15.35036227     PBEX=-14.76653458 PBEC= -0.58382768
 Virial quotient                       -1.00569422
 !RKS STATE  1.1 Dipole moment          0.30086861     0.54342526    -0.09828503
 Dipole moment /Debye                   0.76468164     1.38115877    -0.24979926

 Orbital energies:

         1.1          2.1          3.1          4.1          5.1          6.1          7.1          8.1          9.1         10.1
    -18.775036    -9.933334    -0.940176    -0.621867    -0.461374    -0.391920    -0.381551    -0.295530    -0.230672    -0.024072

        11.1
     -0.000455


 HOMO      9.1    -0.230672 =      -6.2769eV
 LUMO     10.1    -0.024072 =      -0.6550eV
 LUMO-HOMO         0.206600 =       5.6219eV


 **********************************************************************************************************************************
 DATASETS  * FILE   NREC   LENGTH (MB)   RECORD NAMES
              1      19       31.29       500      610      700      900      950      970     1000      129      960     1100   
                                          VAR    BASINP    GEOM    SYMINP    ZMAT    AOBASIS   BASIS     P2S    ABASIS      S 
                                         1400     1410     1200     1210     1080     1600     1650     1700     1800   
                                           T        V       H0       H01     AOSYM     SMH    MOLCAS    OPER     GRID   

              2       7       10.98       700     1000      520     1800     2101     2201     2301   
                                         GEOM     BASIS   MCVARS    GRID      RKS      RKS      RKS  

 PROGRAMS   *        TOTAL   RKS-SCF       INT   RKS-SCF       INT   RKS-SCF       INT
 CPU TIMES  *        93.74     28.78      0.08     30.20      0.07     34.06      0.35
 REAL TIME  *        97.53 SEC
 DISK USED  *        44.26 MB (local),      177.04 MB (total)
 SF USED    *         0.36 MB
 GA USED    *         3.46 MB       (max)       3.46 MB       (current)
 **********************************************************************************************************************************
 SETTING EB_PBE         =      -115.59780983  AU                              
 SETTING E_AB_INT       =    -9.03303577D-05  AU                              

 *** results in hartree
 E_AB_INT         =        -0.00009033 AU
 Molecular orbitals read from record     2301.2  Type=RKS/CANONICAL (state 1.1)
 Occupation numbers read from record     2301.2  Type=RKS/RHF (state 1.1)
 Orbital energies read from record       2301.2  Type=RKS/CANONICAL (state 1.1)
 Redundancy group numbers read from rec  2301.2  Type=RKS/RHF (state 1.1)

 RPBE/aug-cc-pVDZ energy=   -115.597809830132

         RKS-SCF         RKS-SCF         RKS-SCF
   -115.59780983    -95.73879680   -211.33669696
 **********************************************************************************************************************************
 Molpro calculation terminated
