
 Primary working directories    : /scratch/sirous/548501/molpro.bvYJsdsSV0
 Secondary working directories  : /scratch/sirous/548501/molpro.bvYJsdsSV0
 Wavefunction directory         : /scratch/sirous/548501/
 Main file repository           : /scratch/sirous/548501/molpro.bvYJsdsSV0/

 id        : karlovklimes

 Nodes                      nprocs
 nc-14.cc.karlov.mff.cuni.cz   12

 Using customized tuning parameters: mindgm=1; mindgv=20; mindgc=4; mindgr=1; noblas=0; minvec=7
 default implementation of scratch files=sf  


 Variables initialized (934), CPU time= 0.03 sec
 ***,CH3C6H4CN+CF3CN+BF3
 memory,500,m
 gdirect
 gthresh,energy=1.d-8,twoint=1.d-15,oneint=1.d-15,zero=1.d-15,orbital=1.d-8,grid=1.d-8,THROVL=1.d-9,THROVL=1.d-9
 symmetry,nosym
 geomtyp=xyz
                                                                                 ! Geometry
 geometry={
 C1        0.606784959    1.330421848     0.316434508
 H1        1.246498457    2.202264343     0.330352311
 C2        1.118084657    0.087248862     0.685116522
 H2        2.150057527    -0.003886783     0.993758239
 C3        0.292902289    -1.036087368     0.669107267
 H3        0.688496859    -2.000961486     0.955377972
 C4        -1.042831736    -0.916711123     0.288189637
 H4        -1.682709560    -1.788488247     0.279349028
 C5        -1.553588379    0.327348987     -0.079943171
 H5        -2.589234948    0.420289081     -0.377346195
 C6        -0.728041637    1.450843156     -0.066848338
 H6        -1.123623792    2.415658650     -0.353861434
 C7        0.418220607    -0.270554399     4.031747038
 O1        1.613713281    -0.106603653     4.108262815
 O2        -0.161281065    -1.481959360     4.231185395
 H7        0.573169793    -2.083067854     4.424223510
 C8        -0.603663621    0.773377118     3.711065858
 H8        -0.125369201    1.744323470     3.664243087
 H9        -1.056463723    0.540180930     2.748357811
 H10        -1.388514635    0.767840618     4.463565338
 }
 
 
 
 basis=aug-cc-pv5z
 
 
 
                                                                                 ! Dimer Calculation
 {rhf,accu=1.d-8;orbital,2101.2}
 eab_HF=energy
 
 
                                                                                 !monomer A
 dummy,13,14,15,16,17,18,19,20;                                                  ! NOW MONOMER B IS DUMMY
 {rhf,accu=1.d-8;orbital,2201.2}
 ea_HF=energy
                                                                                 !monomer B
 dummy,1,2,3,4,5,6,7,8,9,10,11,12;                                               !NOW MONOMER A IS DUMMY
 {rhf,accu=1.d-8;orbital,2301.2}
 eb_HF=energy
 
 E_AB_int=eab_HF-ea_HF-eb_HF
 
 
 text,results in hartree
 show,E_AB_int
 
 Commands  initialized (763), CPU time= 0.01 sec, 617 directives.
 Default parameters read. Elapsed time= 0.24 sec

 Checking input...
 Passed
1


                                         ***  PROGRAM SYSTEM MOLPRO  ***
                                       Copyright, TTI GmbH Stuttgart, 2015
                                    Version 2019.2 linked Jun  8 2019 11:26:33


 **********************************************************************************************************************************
 LABEL *   CH3C6H4CN+CF3CN+BF3                                                           
  64 bit mpp version                                                                     DATE: 20-Apr-20          TIME: 18:07:08  
 **********************************************************************************************************************************

 SHA1:             8135a10abc80eafa5b3ae28ffc55be4890dc4c84
 **********************************************************************************************************************************

 THRESHOLDS:

 ZERO    =  1.00D-15  ONEINT  =  1.00D-15  TWOINT  =  1.00D-15  PREFAC  =  1.00D-14  XXXXXX  =  1.00D-09  EORDER  =  1.00D-04
 ENERGY  =  1.00D-08  ETEST   =  0.00D+00  EDENS   =  0.00D+00  THRDEDEF=  1.00D-06  GRADIENT=  1.00D-02  STEP    =  1.00D-03
 ORBITAL =  1.00D-08  CIVEC   =  1.00D-05  COEFF   =  1.00D-04  PRINTCI =  5.00D-02  PUNCHCI =  9.90D+01  OPTGRAD =  3.00D-04
 OPTENERG=  1.00D-06  OPTSTEP =  3.00D-04  THRGRAD =  1.00D-10  COMPRESS=  1.00D-11  VARMIN  =  1.00D-07  VARMAX  =  1.00D-03
 THRDOUB =  0.00D+00  THRDIV  =  1.00D-05  THRRED  =  1.00D-07  THRPSP  =  1.00D+00  THRDC   =  1.00D-10  THRCS   =  1.00D-10
 THRNRM  =  1.00D-08  THREQ   =  0.00D+00  THRDE   =  1.00D+00  THRREF  =  1.00D-05  SPARFAC =  1.00D+00  THRDLP  =  1.00D-07
 THRDIA  =  1.00D-10  THRDLS  =  1.00D-07  THRGPS  =  0.00D+00  THRKEX  =  0.00D+00  THRDIS  =  2.00D-01  THRVAR  =  1.00D-10
 THRLOC  =  1.00D-06  THRGAP  =  1.00D-06  THRLOCT = -1.00D+00  THRGAPT = -1.00D+00  THRORB  =  1.00D-06  THRMLTP =  0.00D+00
 THRCPQCI=  1.00D-10  KEXTA   =  0.00D+00  THRCOARS=  0.00D+00  SYMTOL  =  1.00D-06  GRADTOL =  1.00D-06  THROVL  =  1.00D-09
 THRORTH =  1.00D-08  GRID    =  1.00D-08  GRIDMAX =  1.00D-03  DTMAX   =  0.00D+00  THROCCDE=  1.00D-01  THROCCDE=  1.00D-01
 THRPRINT=  2.50D-01


 Variable memory set to  500000000 words,  buffer space 

 SETTING GEOMTYP        =    XYZ
 ZSYMEL=NOSYM

 SETTING BASIS          =    AUG-CC-PV5Z


 Recomputing integrals since basis changed


 Using spherical harmonics

 Library entry C      S aug-cc-pV5Z          selected for orbital group  1
 Library entry C      P aug-cc-pV5Z          selected for orbital group  1
 Library entry C      D aug-cc-pV5Z          selected for orbital group  1
 Library entry C      F aug-cc-pV5Z          selected for orbital group  1
 Library entry C      G aug-cc-pV5Z          selected for orbital group  1
 Library entry C      H aug-cc-pV5Z          selected for orbital group  1
 Library entry H      S aug-cc-pV5Z          selected for orbital group  2
 Library entry H      P aug-cc-pV5Z          selected for orbital group  2
 Library entry H      D aug-cc-pV5Z          selected for orbital group  2
 Library entry H      F aug-cc-pV5Z          selected for orbital group  2
 Library entry H      G aug-cc-pV5Z          selected for orbital group  2
 Library entry O      S aug-cc-pV5Z          selected for orbital group 14
 Library entry O      P aug-cc-pV5Z          selected for orbital group 14
 Library entry O      D aug-cc-pV5Z          selected for orbital group 14
 Library entry O      F aug-cc-pV5Z          selected for orbital group 14
 Library entry O      G aug-cc-pV5Z          selected for orbital group 14
 Library entry O      H aug-cc-pV5Z          selected for orbital group 14


 PROGRAM * SEWARD (Integral evaluation for generally contracted gaussian basis sets)     Author: Roland Lindh, 1990

 Geometry written to block  1 of record 700


 Point group  C1  



 ATOMIC COORDINATES

 NR  ATOM    CHARGE       X              Y              Z

   1  C1      6.00    1.146657389    2.514132923    0.597974556
   2  H1      1.00    2.355540698    4.161676462    0.624275392
   3  C2      6.00    2.112873786    0.164876454    1.294682590
   4  H2      1.00    4.063019878   -0.007344955    1.877930906
   5  C3      6.00    0.553505107   -1.957921367    1.264429483
   6  H3      1.00    1.301070501   -3.781269194    1.805402713
   7  C4      6.00   -1.970666375   -1.732332958    0.544599486
   8  H4      1.00   -3.179860216   -3.379752964    0.527893156
   9  C5      6.00   -2.935856547    0.618599933   -0.151070699
  10  H5      1.00   -4.892944924    0.794231256   -0.713080963
  11  C6      6.00   -1.375799301    2.741696215   -0.126325051
  12  H6      1.00   -2.123341234    4.564933259   -0.668701196
  13  C7      6.00    0.790322407   -0.511273716    7.618897705
  14  O1      8.00    3.049476145   -0.201451708    7.763491568
  15  O2      8.00   -0.304777042   -2.800497318    7.995781579
  16  H7      1.00    1.083133932   -3.936427743    8.360570748
  17  C8      6.00   -1.140758915    1.461470944    7.012898102
  18  H8      1.00   -0.236913454    3.296293631    6.924415888
  19  H9      1.00   -1.996427097    1.020794015    5.193643555
  20  H10     1.00   -2.623912380    1.451008475    8.434916028

 Bond lengths in Bohr (Angstrom)

  1- 2  2.043646325   1- 3  2.634004967   1-11  2.634232854   3- 4  2.042769834   3- 5  2.634163342
       ( 1.081451063)       ( 1.393855402)       ( 1.393975994)       ( 1.080987243)       ( 1.393939210)

  5- 6  2.043551652   5- 7  2.634480409   7- 8  2.043629497   7- 9  2.634850001   9-10  2.043745780
       ( 1.081400964)       ( 1.394106995)       ( 1.081442157)       ( 1.394302575)       ( 1.081503692)

  9-11  2.634754026  11-12  2.043816074  13-14  2.284879137  13-15  2.565507544  13-17  2.826310684
       ( 1.394251787)       ( 1.081540890)       ( 1.209105969)       ( 1.357608127)       ( 1.495619205)

 15-16  1.830220188  17-18  2.047276242  17-19  2.058166975  17-20  2.054747830
       ( 0.968510815)       ( 1.083371932)       ( 1.089135060)       ( 1.087325726)

 Bond angles

  1- 3- 4  120.05997521   1- 3- 5  119.90499487   1-11- 9  119.99698319   1-11-12  120.01773473

  2- 1- 3  119.90968315   2- 1-11  120.02169200   3- 1-11  120.06846303   3- 5- 6  119.96286788

  3-5-7  120.08761956   4-3-5  120.03142950   5-7-8  120.00796972   5-7-9  119.96838697

  6- 5- 7  119.94925687   7- 9-10  120.00432377   7- 9-11  119.97331296   8- 7- 9  120.02360769

  9-11-12  119.98528024  10- 9-11  120.02225674  13-15-16  105.03425169  13-17-18  109.46188941

 13-17-19  108.91307091  13-17-20  109.95250046  14-13-15  122.25893837  14-13-17  126.47572189

 15-13-17  111.26449272  18-17-19  109.70848298  18-17-20  110.67992918  19-17-20  108.09229995

 NUCLEAR CHARGE:                   74
 NUMBER OF PRIMITIVE AOS:        3070
 NUMBER OF SYMMETRY AOS:         2270
 NUMBER OF CONTRACTIONS:         2070   ( 2070A   )
 NUMBER OF CORE ORBITALS:          10   (   10A   )
 NUMBER OF VALENCE ORBITALS:       50   (   50A   )


 NUCLEAR REPULSION ENERGY  496.52719697


 Eigenvalues of metric

         1 0.578E-08 0.736E-08 0.838E-08 0.252E-07 0.424E-07 0.479E-07 0.546E-07 0.631E-07


 OPERATOR DM      FOR CENTER  0  COORDINATES:    0.000000    0.000000    0.000000


 **********************************************************************************************************************************
 DATASETS  * FILE   NREC   LENGTH (MB)   RECORD NAMES
              1      18      185.36       500      610      700      900      950      970     1000      129      960     1100   
                                          VAR    BASINP    GEOM    SYMINP    ZMAT    AOBASIS   BASIS     P2S    ABASIS      S 
                                         1400     1410     1200     1210     1080     1600     1650     1700   
                                           T        V       H0       H01     AOSYM     SMH    MOLCAS    OPER   

 PROGRAMS   *        TOTAL       INT
 CPU TIMES  *        13.57     13.37
 REAL TIME  *        15.88 SEC
 DISK USED  *       186.72 MB (local),        2.24 GB (total)
 GA USED    *         0.00 MB       (max)       0.00 MB       (current)
 **********************************************************************************************************************************


 PROGRAM * RHF-SCF (CLOSED SHELL)       Authors: W. Meyer, H.-J. Werner


 NUMBER OF ELECTRONS:      37+   37-    SPACE SYMMETRY=1    SPIN SYMMETRY: Singlet 
 CONVERGENCE THRESHOLDS:    1.00E-04 (Density)    1.00E-09 (Energy)
 INTEGRAL THRESHOLDS:       1.00E-13 (Initial)    1.00E-13 (Final)
 MAX. NUMBER OF ITERATIONS:       60
 INTERPOLATION TYPE:            DIIS
 INTERPOLATION STEPS:              2 (START)      1 (STEP)
 LEVEL SHIFTS:                  0.00 (CLOSED)  0.00 (OPEN) 



 Orbital guess generated from atomic densities. Full valence occupancy:   60

 Molecular orbital dump at record        2101.2

 Initial occupancy:  37

 Direct Fock-matrix evaluation.        Authors: Roland Lindh & Martin Schuetz (1993/96)

 Integral Threshold:                  0.1D-12
 Threshold for writing integrals:     0.1D-06
 Prescreening on density matrix:        ON 
 Calculation will be performed fully direct        

 ITERATION   DDIFF            GRAD            ENERGY        2-EL.EN.            DIPOLE MOMENTS         DIIS   CPU(IT)  CPU(TOT)
    1      0.000D+00      0.000D+00      -458.55798621   1312.419175   -1.21218   -0.28660   -0.11816    0  22138.1  22278.8     start
    2      0.000D+00      0.143D-02      -458.67453950   1305.069023   -0.38488   -0.00250   -0.21127    1  23834.1  46112.9     diag
    3      0.112D-02      0.890D-03      -458.71502509   1307.730190   -0.79079   -0.10573   -0.16778    2  24520.9  70633.8     diag
    4      0.409D-03      0.184D-03      -458.71812389   1308.055810   -0.67716   -0.06029   -0.17450    3  23560.6  94194.4     diag
    5      0.149D-03      0.698D-04      -458.71851659   1307.744503   -0.71457   -0.07388   -0.17655    4  22117.0 116311.4     diag
    6      0.519D-04      0.166D-04      -458.71855453   1307.779106   -0.70563   -0.06509   -0.17743    5  20176.8 136488.3     diag
    7      0.167D-04      0.675D-05      -458.71856137   1307.785040   -0.70626   -0.06692   -0.17753    6  18931.3 155419.5     diag
    8      0.675D-05      0.266D-05      -458.71856270   1307.778580   -0.70524   -0.06609   -0.17746    7  17650.1 173069.7     diag
    9      0.275D-05      0.102D-05      -458.71856293   1307.781994   -0.70529   -0.06640   -0.17742    8  16890.8 189960.5     diag
   10      0.135D-05      0.317D-06      -458.71856295   1307.781321   -0.70491   -0.06626   -0.17734    9  15626.8 205587.3     orth
   11      0.442D-06      0.117D-06      -458.71856295   1307.781399   -0.70498   -0.06635   -0.17733    9  14184.2 219771.5     diag
   12      0.192D-06      0.415D-07      -458.71856295   1307.781448   -0.70493   -0.06632   -0.17732    9  13315.2 233086.7     diag
   13      0.192D-06      0.147D-07      -458.71856295   1307.781405   -0.70494   -0.06633   -0.17732    0  12671.9 245758.7     orth

 Final occupancy:  37

 !RHF STATE  1.1 Energy              -458.718562954208
 Nuclear energy                       496.52719697
 One-electron energy                -1609.13646237
 Two-electron energy                  653.89070245
 Virial quotient                       -1.00112355
 !RHF STATE  1.1 Dipole moment         -0.70494298    -0.06633376    -0.17732234
 Dipole moment /Debye                  -1.79166899    -0.16859256    -0.45067891

 Orbital energies:

         1.1          2.1          3.1          4.1          5.1          6.1          7.1          8.1          9.1         10.1
    -20.605306   -20.541475   -11.381707   -11.239219   -11.238559   -11.237629   -11.236873   -11.236457   -11.235137   -11.231218

        11.1         12.1         13.1         14.1         15.1         16.1         17.1         18.1         19.1         20.1
     -1.458775    -1.354422    -1.154554    -1.020340    -1.018618    -1.018088    -0.827817    -0.827501    -0.813891    -0.713471

        21.1         22.1         23.1         24.1         25.1         26.1         27.1         28.1         29.1         30.1
     -0.701414    -0.673323    -0.647421    -0.645499    -0.622855    -0.591995    -0.591444    -0.579070    -0.564896    -0.556264

        31.1         32.1         33.1         34.1         35.1         36.1         37.1         38.1         39.1
     -0.502375    -0.498682    -0.498375    -0.479434    -0.449802    -0.342288    -0.341332     0.019016     0.023777


 HOMO     37.1    -0.341332 =      -9.2881eV
 LUMO     38.1     0.019016 =       0.5175eV
 LUMO-HOMO         0.360348 =       9.8056eV


 **********************************************************************************************************************************
 DATASETS  * FILE   NREC   LENGTH (MB)   RECORD NAMES
              1      18      185.36       500      610      700      900      950      970     1000      129      960     1100   
                                          VAR    BASINP    GEOM    SYMINP    ZMAT    AOBASIS   BASIS     P2S    ABASIS      S 
                                         1400     1410     1200     1210     1080     1600     1650     1700   
                                           T        V       H0       H01     AOSYM     SMH    MOLCAS    OPER   

              2       4       89.22       700     1000      520     2101   
                                         GEOM     BASIS   MCVARS     RHF  

 PROGRAMS   *        TOTAL   RHF-SCF       INT
 CPU TIMES  *    245782.26 245768.45     13.37
 REAL TIME  *    253758.47 SEC
 DISK USED  *       583.67 MB (local),        7.00 GB (total)
 SF USED    *        51.44 MB
 GA USED    *         0.01 MB       (max)       0.00 MB       (current)
 **********************************************************************************************************************************
 SETTING EAB_HF         =      -458.71856295  AU                              

 Dummy atoms: C7  O1  O2  H7  C8  H8  H9  H10


 Recomputing one-electron integrals since nuclear charges changed


 PROGRAM * SEWARD (Integral evaluation for generally contracted gaussian basis sets)     Author: Roland Lindh, 1990

 Geometry written to block  1 of record 700


 Point group  C1  



 ATOMIC COORDINATES

 NR  ATOM    CHARGE       X              Y              Z

   1  C1      6.00    1.146657389    2.514132923    0.597974556
   2  H1      1.00    2.355540698    4.161676462    0.624275392
   3  C2      6.00    2.112873786    0.164876454    1.294682590
   4  H2      1.00    4.063019878   -0.007344955    1.877930906
   5  C3      6.00    0.553505107   -1.957921367    1.264429483
   6  H3      1.00    1.301070501   -3.781269194    1.805402713
   7  C4      6.00   -1.970666375   -1.732332958    0.544599486
   8  H4      1.00   -3.179860216   -3.379752964    0.527893156
   9  C5      6.00   -2.935856547    0.618599933   -0.151070699
  10  H5      1.00   -4.892944924    0.794231256   -0.713080963
  11  C6      6.00   -1.375799301    2.741696215   -0.126325051
  12  H6      1.00   -2.123341234    4.564933259   -0.668701196
  13  C7      0.00    0.790322407   -0.511273716    7.618897705
  14  O1      0.00    3.049476145   -0.201451708    7.763491568
  15  O2      0.00   -0.304777042   -2.800497318    7.995781579
  16  H7      0.00    1.083133932   -3.936427743    8.360570748
  17  C8      0.00   -1.140758915    1.461470944    7.012898102
  18  H8      0.00   -0.236913454    3.296293631    6.924415888
  19  H9      0.00   -1.996427097    1.020794015    5.193643555
  20  H10     0.00   -2.623912380    1.451008475    8.434916028

 Bond lengths in Bohr (Angstrom)

  1- 2  2.043646325   1- 3  2.634004967   1-11  2.634232854   3- 4  2.042769834   3- 5  2.634163342
       ( 1.081451063)       ( 1.393855402)       ( 1.393975994)       ( 1.080987243)       ( 1.393939210)

  5- 6  2.043551652   5- 7  2.634480409   7- 8  2.043629497   7- 9  2.634850001   9-10  2.043745780
       ( 1.081400964)       ( 1.394106995)       ( 1.081442157)       ( 1.394302575)       ( 1.081503692)

  9-11  2.634754026  11-12  2.043816074  13-14  2.284879137  13-15  2.565507544  13-17  2.826310684
       ( 1.394251787)       ( 1.081540890)       ( 1.209105969)       ( 1.357608127)       ( 1.495619205)

 15-16  1.830220188  17-18  2.047276242  17-19  2.058166975  17-20  2.054747830
       ( 0.968510815)       ( 1.083371932)       ( 1.089135060)       ( 1.087325726)

 Bond angles

  1- 3- 4  120.05997521   1- 3- 5  119.90499487   1-11- 9  119.99698319   1-11-12  120.01773473

  2- 1- 3  119.90968315   2- 1-11  120.02169200   3- 1-11  120.06846303   3- 5- 6  119.96286788

  3-5-7  120.08761956   4-3-5  120.03142950   5-7-8  120.00796972   5-7-9  119.96838697

  6- 5- 7  119.94925687   7- 9-10  120.00432377   7- 9-11  119.97331296   8- 7- 9  120.02360769

  9-11-12  119.98528024  10- 9-11  120.02225674  13-15-16  105.03425169  13-17-18  109.46188941

 13-17-19  108.91307091  13-17-20  109.95250046  14-13-15  122.25893837  14-13-17  126.47572189

 15-13-17  111.26449272  18-17-19  109.70848298  18-17-20  110.67992918  19-17-20  108.09229995

 NUCLEAR CHARGE:                   42
 NUMBER OF PRIMITIVE AOS:        3070
 NUMBER OF SYMMETRY AOS:         2270
 NUMBER OF CONTRACTIONS:         2070   ( 2070A   )
 NUMBER OF CORE ORBITALS:           6   (    6A   )
 NUMBER OF VALENCE ORBITALS:       30   (   30A   )

 MOLECULE CHANGED: INITIALIZING OCCUPATION AND DUMP RECORDS


 NUCLEAR REPULSION ENERGY  203.66095772


 Eigenvalues of metric

         1 0.578E-08 0.736E-08 0.838E-08 0.252E-07 0.424E-07 0.479E-07 0.546E-07 0.631E-07


 OPERATOR DM      FOR CENTER  0  COORDINATES:    0.000000    0.000000    0.000000


 **********************************************************************************************************************************
 DATASETS  * FILE   NREC   LENGTH (MB)   RECORD NAMES
              1      18      185.36       500      610      700      900      950      970     1000      129      960     1100   
                                          VAR    BASINP    GEOM    SYMINP    ZMAT    AOBASIS   BASIS     P2S    ABASIS      S 
                                         1400     1410     1200     1210     1080     1600     1650     1700   
                                           T        V       H0       H01     AOSYM     SMH    MOLCAS    OPER   

              2       4       89.22       700     1000      520     2101   
                                         GEOM     BASIS   MCVARS     RHF  

 PROGRAMS   *        TOTAL       INT   RHF-SCF       INT
 CPU TIMES  *    245795.02     12.62 245768.45     13.37
 REAL TIME  *    253774.54 SEC
 DISK USED  *       583.67 MB (local),        7.00 GB (total)
 SF USED    *        51.44 MB
 GA USED    *         0.01 MB       (max)       0.00 MB       (current)
 **********************************************************************************************************************************


 PROGRAM * RHF-SCF (CLOSED SHELL)       Authors: W. Meyer, H.-J. Werner


 NUMBER OF ELECTRONS:      21+   21-    SPACE SYMMETRY=1    SPIN SYMMETRY: Singlet 
 CONVERGENCE THRESHOLDS:    1.00E-04 (Density)    1.00E-09 (Energy)
 INTEGRAL THRESHOLDS:       1.00E-13 (Initial)    1.00E-13 (Final)
 MAX. NUMBER OF ITERATIONS:       60
 INTERPOLATION TYPE:            DIIS
 INTERPOLATION STEPS:              2 (START)      1 (STEP)
 LEVEL SHIFTS:                  0.00 (CLOSED)  0.00 (OPEN) 



 Orbital guess generated from atomic densities. Full valence occupancy:   36

 Molecular orbital dump at record        2201.2

 Initial occupancy:  21

 Direct Fock-matrix evaluation.        Authors: Roland Lindh & Martin Schuetz (1993/96)

 Integral Threshold:                  0.1D-12
 Threshold for writing integrals:     0.1D-06
 Prescreening on density matrix:        ON 
 Calculation will be performed fully direct        

 ITERATION   DDIFF            GRAD            ENERGY        2-EL.EN.            DIPOLE MOMENTS         DIIS   CPU(IT)  CPU(TOT)
    1      0.000D+00      0.000D+00      -230.73740891    561.974835   -0.00210    0.00057    0.00327    0  22014.9  22113.2     start
    2      0.000D+00      0.962D-03      -230.78936975    556.899885   -0.00014    0.00052    0.00410    1  19604.5  41717.8     diag
    3      0.655D-03      0.389D-03      -230.79620966    559.309744   -0.00138    0.00058    0.00410    2  17881.7  59599.5     diag
    4      0.196D-03      0.126D-03      -230.79723004    558.740807   -0.00083    0.00060    0.00434    3  17488.1  77087.6     diag
    5      0.111D-03      0.101D-04      -230.79724155    558.734597   -0.00116    0.00059    0.00430    4  16090.5  93178.1     diag
    6      0.203D-04      0.145D-05      -230.79724180    558.735548   -0.00079    0.00060    0.00439    5  14851.2 108029.2     diag
    7      0.352D-05      0.291D-06      -230.79724181    558.735377   -0.00112    0.00059    0.00431    6  13130.5 121159.7     diag
    8      0.429D-06      0.150D-06      -230.79724181    558.735356   -0.00098    0.00060    0.00435    7  12266.6 133426.3     diag
    9      0.156D-06      0.257D-07      -230.79724181    558.735394   -0.00099    0.00060    0.00434    8  10960.7 144387.0     diag
   10      0.872D-07      0.813D-08      -230.79724181    558.735396   -0.00099    0.00060    0.00435    0  10546.0 154933.0     orth

 Final occupancy:  21

 !RHF STATE  1.1 Energy              -230.797241809846
 Nuclear energy                       203.66095772
 One-electron energy                 -713.82589747
 Two-electron energy                  279.36769794
 Virial quotient                       -1.00122365
 !RHF STATE  1.1 Dipole moment         -0.00098602     0.00059709     0.00434564
 Dipole moment /Debye                  -0.00250604     0.00151755     0.01104478

 Orbital energies:

         1.1          2.1          3.1          4.1          5.1          6.1          7.1          8.1          9.1         10.1
    -11.235045   -11.234463   -11.234456   -11.233225   -11.233210   -11.232600    -1.149793    -1.014427    -1.014280    -0.824001

        11.1         12.1         13.1         14.1         15.1         16.1         17.1         18.1         19.1         20.1
     -0.823925    -0.709715    -0.644294    -0.619126    -0.588320    -0.588027    -0.502430    -0.495263    -0.494904    -0.336905

        21.1         22.1         23.1
     -0.336839     0.017898     0.024689


 HOMO     21.1    -0.336839 =      -9.1659eV
 LUMO     22.1     0.017898 =       0.4870eV
 LUMO-HOMO         0.354737 =       9.6529eV


 **********************************************************************************************************************************
 DATASETS  * FILE   NREC   LENGTH (MB)   RECORD NAMES
              1      18      185.36       500      610      700      900      950      970     1000      129      960     1100   
                                          VAR    BASINP    GEOM    SYMINP    ZMAT    AOBASIS   BASIS     P2S    ABASIS      S 
                                         1400     1410     1200     1210     1080     1600     1650     1700   
                                           T        V       H0       H01     AOSYM     SMH    MOLCAS    OPER   

              2       5      263.22       700     1000      520     2101     2201   
                                         GEOM     BASIS   MCVARS     RHF      RHF  

 PROGRAMS   *        TOTAL   RHF-SCF       INT   RHF-SCF       INT
 CPU TIMES  *    400737.83 154942.65     12.62 245768.45     13.37
 REAL TIME  *    432493.50 SEC
 DISK USED  *       740.52 MB (local),        8.89 GB (total)
 SF USED    *        51.44 MB
 GA USED    *         0.01 MB       (max)       0.00 MB       (current)
 **********************************************************************************************************************************
 SETTING EA_HF          =      -230.79724181  AU                              

 Dummy atoms: C1  H1  C2  H2  C3  H3  C4  H4  C5  H5  C6  H6


 Recomputing one-electron integrals since nuclear charges changed


 PROGRAM * SEWARD (Integral evaluation for generally contracted gaussian basis sets)     Author: Roland Lindh, 1990

 Geometry written to block  1 of record 700


 Point group  C1  



 ATOMIC COORDINATES

 NR  ATOM    CHARGE       X              Y              Z

   1  C1      0.00    1.146657389    2.514132923    0.597974556
   2  H1      0.00    2.355540698    4.161676462    0.624275392
   3  C2      0.00    2.112873786    0.164876454    1.294682590
   4  H2      0.00    4.063019878   -0.007344955    1.877930906
   5  C3      0.00    0.553505107   -1.957921367    1.264429483
   6  H3      0.00    1.301070501   -3.781269194    1.805402713
   7  C4      0.00   -1.970666375   -1.732332958    0.544599486
   8  H4      0.00   -3.179860216   -3.379752964    0.527893156
   9  C5      0.00   -2.935856547    0.618599933   -0.151070699
  10  H5      0.00   -4.892944924    0.794231256   -0.713080963
  11  C6      0.00   -1.375799301    2.741696215   -0.126325051
  12  H6      0.00   -2.123341234    4.564933259   -0.668701196
  13  C7      6.00    0.790322407   -0.511273716    7.618897705
  14  O1      8.00    3.049476145   -0.201451708    7.763491568
  15  O2      8.00   -0.304777042   -2.800497318    7.995781579
  16  H7      1.00    1.083133932   -3.936427743    8.360570748
  17  C8      6.00   -1.140758915    1.461470944    7.012898102
  18  H8      1.00   -0.236913454    3.296293631    6.924415888
  19  H9      1.00   -1.996427097    1.020794015    5.193643555
  20  H10     1.00   -2.623912380    1.451008475    8.434916028

 Bond lengths in Bohr (Angstrom)

  1- 2  2.043646325   1- 3  2.634004967   1-11  2.634232854   3- 4  2.042769834   3- 5  2.634163342
       ( 1.081451063)       ( 1.393855402)       ( 1.393975994)       ( 1.080987243)       ( 1.393939210)

  5- 6  2.043551652   5- 7  2.634480409   7- 8  2.043629497   7- 9  2.634850001   9-10  2.043745780
       ( 1.081400964)       ( 1.394106995)       ( 1.081442157)       ( 1.394302575)       ( 1.081503692)

  9-11  2.634754026  11-12  2.043816074  13-14  2.284879137  13-15  2.565507544  13-17  2.826310684
       ( 1.394251787)       ( 1.081540890)       ( 1.209105969)       ( 1.357608127)       ( 1.495619205)

 15-16  1.830220188  17-18  2.047276242  17-19  2.058166975  17-20  2.054747830
       ( 0.968510815)       ( 1.083371932)       ( 1.089135060)       ( 1.087325726)

 Bond angles

  1- 3- 4  120.05997521   1- 3- 5  119.90499487   1-11- 9  119.99698319   1-11-12  120.01773473

  2- 1- 3  119.90968315   2- 1-11  120.02169200   3- 1-11  120.06846303   3- 5- 6  119.96286788

  3-5-7  120.08761956   4-3-5  120.03142950   5-7-8  120.00796972   5-7-9  119.96838697

  6- 5- 7  119.94925687   7- 9-10  120.00432377   7- 9-11  119.97331296   8- 7- 9  120.02360769

  9-11-12  119.98528024  10- 9-11  120.02225674  13-15-16  105.03425169  13-17-18  109.46188941

 13-17-19  108.91307091  13-17-20  109.95250046  14-13-15  122.25893837  14-13-17  126.47572189

 15-13-17  111.26449272  18-17-19  109.70848298  18-17-20  110.67992918  19-17-20  108.09229995

 NUCLEAR CHARGE:                   32
 NUMBER OF PRIMITIVE AOS:        3070
 NUMBER OF SYMMETRY AOS:         2270
 NUMBER OF CONTRACTIONS:         2070   ( 2070A   )
 NUMBER OF CORE ORBITALS:           4   (    4A   )
 NUMBER OF VALENCE ORBITALS:       20   (   20A   )

 MOLECULE CHANGED: INITIALIZING OCCUPATION AND DUMP RECORDS


 NUCLEAR REPULSION ENERGY  121.23566260


 Eigenvalues of metric

         1 0.578E-08 0.736E-08 0.838E-08 0.252E-07 0.424E-07 0.479E-07 0.546E-07 0.631E-07


 OPERATOR DM      FOR CENTER  0  COORDINATES:    0.000000    0.000000    0.000000


 **********************************************************************************************************************************
 DATASETS  * FILE   NREC   LENGTH (MB)   RECORD NAMES
              1      18      185.36       500      610      700      900      950      970     1000      129      960     1100   
                                          VAR    BASINP    GEOM    SYMINP    ZMAT    AOBASIS   BASIS     P2S    ABASIS      S 
                                         1400     1410     1200     1210     1080     1600     1650     1700   
                                           T        V       H0       H01     AOSYM     SMH    MOLCAS    OPER   

              2       5      263.22       700     1000      520     2101     2201   
                                         GEOM     BASIS   MCVARS     RHF      RHF  

 PROGRAMS   *        TOTAL       INT   RHF-SCF       INT   RHF-SCF       INT
 CPU TIMES  *    400749.67     11.70 154942.65     12.62 245768.45     13.37
 REAL TIME  *    432505.81 SEC
 DISK USED  *       740.52 MB (local),        8.89 GB (total)
 SF USED    *        51.44 MB
 GA USED    *         0.01 MB       (max)       0.00 MB       (current)
 **********************************************************************************************************************************


 PROGRAM * RHF-SCF (CLOSED SHELL)       Authors: W. Meyer, H.-J. Werner


 NUMBER OF ELECTRONS:      16+   16-    SPACE SYMMETRY=1    SPIN SYMMETRY: Singlet 
 CONVERGENCE THRESHOLDS:    1.00E-04 (Density)    1.00E-09 (Energy)
 INTEGRAL THRESHOLDS:       1.00E-13 (Initial)    1.00E-13 (Final)
 MAX. NUMBER OF ITERATIONS:       60
 INTERPOLATION TYPE:            DIIS
 INTERPOLATION STEPS:              2 (START)      1 (STEP)
 LEVEL SHIFTS:                  0.00 (CLOSED)  0.00 (OPEN) 



 Orbital guess generated from atomic densities. Full valence occupancy:   24

 Molecular orbital dump at record        2301.2

 Initial occupancy:  16

 Direct Fock-matrix evaluation.        Authors: Roland Lindh & Martin Schuetz (1993/96)

 Integral Threshold:                  0.1D-12
 Threshold for writing integrals:     0.1D-06
 Prescreening on density matrix:        ON 
 Calculation will be performed fully direct        

 ITERATION   DDIFF            GRAD            ENERGY        2-EL.EN.            DIPOLE MOMENTS         DIIS   CPU(IT)  CPU(TOT)
    1      0.000D+00      0.000D+00      -227.82049090    407.154054   -1.21671   -0.28007   -0.07824    0  23126.2  23210.6     start
    2      0.000D+00      0.188D-02      -227.88512229    404.467895   -0.51938   -0.03177   -0.05029    1  22591.4  45801.9     diag
    3      0.878D-03      0.130D-02      -227.92123831    405.502780   -0.84898   -0.08966   -0.06891    2  21302.4  67104.4     diag
    4      0.361D-03      0.195D-03      -227.92290346    405.597069   -0.77022   -0.06457   -0.06677    3  20445.2  87549.6     diag
    5      0.892D-04      0.835D-04      -227.92319936    405.525739   -0.79113   -0.06566   -0.06801    4  19338.1 106887.7     diag
    6      0.383D-04      0.243D-04      -227.92323662    405.542900   -0.78439   -0.05951   -0.06846    5  18084.4 124972.1     diag
    7      0.137D-04      0.972D-05      -227.92324382    405.542262   -0.78322   -0.05956   -0.06834    6  17127.4 142099.4     diag
    8      0.655D-05      0.377D-05      -227.92324504    405.542693   -0.78248   -0.05929   -0.06833    7  15742.2 157841.7     diag
    9      0.265D-05      0.128D-05      -227.92324521    405.542776   -0.78201   -0.05932   -0.06828    8  14420.3 172262.0     diag
   10      0.112D-05      0.280D-06      -227.92324522    405.542970   -0.78185   -0.05935   -0.06826    9  12916.6 185178.6     orth
   11      0.293D-06      0.701D-07      -227.92324522    405.542819   -0.78182   -0.05935   -0.06825    9  11477.5 196656.1     diag
   12      0.110D-06      0.208D-07      -227.92324522    405.542887   -0.78182   -0.05936   -0.06825    0  11694.1 208350.2     orth

 Final occupancy:  16

 !RHF STATE  1.1 Energy              -227.923245220979
 Nuclear energy                       121.23566260
 One-electron energy                 -551.93035131
 Two-electron energy                  202.77144349
 Virial quotient                       -1.00120540
 !RHF STATE  1.1 Dipole moment         -0.78182095    -0.05935569    -0.06825225
 Dipole moment /Debye                  -1.98706048    -0.15085723    -0.17346855

 Orbital energies:

         1.1          2.1          3.1          4.1          5.1          6.1          7.1          8.1          9.1         10.1
    -20.611982   -20.549614   -11.389769   -11.245570    -1.465762    -1.361457    -1.031840    -0.822239    -0.708346    -0.682171

        11.1         12.1         13.1         14.1         15.1         16.1         17.1         18.1
     -0.653019    -0.587370    -0.576557    -0.564484    -0.485728    -0.457824     0.013817     0.022810


 HOMO     16.1    -0.457824 =     -12.4580eV
 LUMO     17.1     0.013817 =       0.3760eV
 LUMO-HOMO         0.471641 =      12.8340eV


 **********************************************************************************************************************************
 DATASETS  * FILE   NREC   LENGTH (MB)   RECORD NAMES
              1      18      185.36       500      610      700      900      950      970     1000      129      960     1100   
                                          VAR    BASINP    GEOM    SYMINP    ZMAT    AOBASIS   BASIS     P2S    ABASIS      S 
                                         1400     1410     1200     1210     1080     1600     1650     1700   
                                           T        V       H0       H01     AOSYM     SMH    MOLCAS    OPER   

              2       6      437.22       700     1000      520     2101     2201     2301   
                                         GEOM     BASIS   MCVARS     RHF      RHF      RHF  

 PROGRAMS   *        TOTAL   RHF-SCF       INT   RHF-SCF       INT   RHF-SCF       INT
 CPU TIMES  *    609109.50 208359.68     11.70 154942.65     12.62 245768.45     13.37
 REAL TIME  *    641769.75 SEC
 DISK USED  *       931.67 MB (local),       11.18 GB (total)
 SF USED    *        51.44 MB
 GA USED    *         0.01 MB       (max)       0.00 MB       (current)
 **********************************************************************************************************************************
 SETTING EB_HF          =      -227.92324522  AU                              
 SETTING E_AB_INT       =         0.00192408  AU                              

 *** results in hartree
 E_AB_INT         =         0.00192408 AU
 Molecular orbitals read from record     2301.2  Type=RHF/CANONICAL (state 1.1)
 Occupation numbers read from record     2301.2  Type=RHF/RHF (state 1.1)
 Orbital energies read from record       2301.2  Type=RHF/CANONICAL (state 1.1)
 Redundancy group numbers read from rec  2301.2  Type=RHF/RHF (state 1.1)

 RHF/aug-cc-pV5Z energy=   -227.923245220979

         RHF-SCF         RHF-SCF         RHF-SCF
   -227.92324522   -230.79724181   -458.71856295
 **********************************************************************************************************************************
 Molpro calculation terminated
Tue 28 Apr 2020 04:23:20 AM CEST
