
 Primary working directories    : /scratch/sirous/45176/molpro.XXBbEGIJsf
 Secondary working directories  : /scratch/sirous/45176/molpro.XXBbEGIJsf
 Wavefunction directory         : /scratch/sirous/45176/
 Main file repository           : /scratch/sirous/45176/molpro.XXBbEGIJsf/

 id        : karlovklimes

 Nodes                      nprocs
 nc-13.cc.karlov.mff.cuni.cz    4

 Using customized tuning parameters: mindgm=1; mindgv=20; mindgc=4; mindgr=1; noblas=0; minvec=7
 default implementation of scratch files=sf  


 Variables initialized (934), CPU time= 0.01 sec
 ***,CH3C6H4CN+CF3CN+BF3
 memory,500,m
 gdirect
 gthresh,energy=1.d-8,twoint=1.d-19,oneint=1.d-19,zero=1.d-15,orbital=1.d-8,grid=1.d-8
 symmetry,nosym
 geomtyp=xyz
                                                                                 ! Geometry
 geometry={
 N1        -0.63864138    0.470916372     0.044568477
 H1        0.189954359    -0.113937162     -0.005773605
 H2        -1.300468945    0.081256802     -0.61366848
 C1        -1.19865882    0.391398577     1.391946599
 H3        -2.092737771    1.009244715     1.453167495
 H4        -1.462745512    -0.615843668     1.72945219
 H5        -0.480275539    0.798674912     2.101087305
 N2        7.584118386145569    -1.2573494219061772     0.6731362126331129
 H6        7.88038705614557    -0.9828116869061772     -0.25484903036688716
 H7        8.20766805314557    -2.005039737906177     0.9483310756331128
 C2        7.744348362145569    -0.12213882890617722     1.5868115166331127
 H8        7.474158058145569    -0.4368346089061772     2.592464625633113
 H9        8.75175867314557    0.2996377300938229     1.6237832506331127
 H10        7.05180797914557    0.6636366530938227     1.2941542706331128
 }
 
 
 
 basis=aug-cc-pv5z
 
 
 
                                                                                 ! Dimer Calculation
 {rks,pbe,accu=1.d-8;orbital,2101.2}
 eab_PBE=energy
 
 
                                                                                 !monomer A
 dummy,8,9,10,11,12,13,14;                                                       ! NOW MONOMER B IS DUMMY
 {rks,pbe,accu=1.d-8;orbital,2201.2}
 ea_PBE=energy
                                                                                 !monomer B
 dummy,1,2,3,4,5,6,7;                                                            !NOW MONOMER A IS DUMMY
 {rks,pbe,accu=1.d-8;orbital,2301.2}
 eb_PBE=energy
 
 E_AB_int=eab_PBE-ea_PBE-eb_PBE
 
 
 text,results in hartree
 show,E_AB_int
 
 Commands  initialized (763), CPU time= 0.01 sec, 617 directives.
 Default parameters read. Elapsed time= 0.20 sec

 Checking input...
 Passed
1


                                         ***  PROGRAM SYSTEM MOLPRO  ***
                                       Copyright, TTI GmbH Stuttgart, 2015
                                    Version 2019.2 linked Jun  8 2019 11:26:33


 **********************************************************************************************************************************
 LABEL *   CH3C6H4CN+CF3CN+BF3                                                           
  64 bit mpp version                                                                     DATE: 17-Oct-19          TIME: 08:31:36  
 **********************************************************************************************************************************

 SHA1:             8135a10abc80eafa5b3ae28ffc55be4890dc4c84
 **********************************************************************************************************************************

 THRESHOLDS:

 ZERO    =  1.00D-15  ONEINT  =  1.00D-19  TWOINT  =  1.00D-19  PREFAC  =  1.00D-14  XXXXXX  =  1.00D-09  EORDER  =  1.00D-04
 ENERGY  =  1.00D-08  ETEST   =  0.00D+00  EDENS   =  0.00D+00  THRDEDEF=  1.00D-06  GRADIENT=  1.00D-02  STEP    =  1.00D-03
 ORBITAL =  1.00D-08  CIVEC   =  1.00D-05  COEFF   =  1.00D-04  PRINTCI =  5.00D-02  PUNCHCI =  9.90D+01  OPTGRAD =  3.00D-04
 OPTENERG=  1.00D-06  OPTSTEP =  3.00D-04  THRGRAD =  1.00D-10  COMPRESS=  1.00D-11  VARMIN  =  1.00D-07  VARMAX  =  1.00D-03
 THRDOUB =  0.00D+00  THRDIV  =  1.00D-05  THRRED  =  1.00D-07  THRPSP  =  1.00D+00  THRDC   =  1.00D-10  THRCS   =  1.00D-10
 THRNRM  =  1.00D-08  THREQ   =  0.00D+00  THRDE   =  1.00D+00  THRREF  =  1.00D-05  SPARFAC =  1.00D+00  THRDLP  =  1.00D-07
 THRDIA  =  1.00D-10  THRDLS  =  1.00D-07  THRGPS  =  0.00D+00  THRKEX  =  0.00D+00  THRDIS  =  2.00D-01  THRVAR  =  1.00D-10
 THRLOC  =  1.00D-06  THRGAP  =  1.00D-06  THRLOCT = -1.00D+00  THRGAPT = -1.00D+00  THRORB  =  1.00D-06  THRMLTP =  0.00D+00
 THRCPQCI=  1.00D-10  KEXTA   =  0.00D+00  THRCOARS=  0.00D+00  SYMTOL  =  1.00D-06  GRADTOL =  1.00D-06  THROVL  =  1.00D-08
 THRORTH =  1.00D-08  GRID    =  1.00D-08  GRIDMAX =  1.00D-03  DTMAX   =  0.00D+00  THROCCDE=  1.00D-01  THROCCDE=  1.00D-01
 THRPRINT=  2.50D-01


 Variable memory set to  500000000 words,  buffer space 

 SETTING GEOMTYP        =    XYZ
 ZSYMEL=NOSYM

 SETTING BASIS          =    AUG-CC-PV5Z


 Recomputing integrals since basis changed


 Using spherical harmonics

 Library entry N      S aug-cc-pV5Z          selected for orbital group  1
 Library entry N      P aug-cc-pV5Z          selected for orbital group  1
 Library entry N      D aug-cc-pV5Z          selected for orbital group  1
 Library entry N      F aug-cc-pV5Z          selected for orbital group  1
 Library entry N      G aug-cc-pV5Z          selected for orbital group  1
 Library entry N      H aug-cc-pV5Z          selected for orbital group  1
 Library entry H      S aug-cc-pV5Z          selected for orbital group  2
 Library entry H      P aug-cc-pV5Z          selected for orbital group  2
 Library entry H      D aug-cc-pV5Z          selected for orbital group  2
 Library entry H      F aug-cc-pV5Z          selected for orbital group  2
 Library entry H      G aug-cc-pV5Z          selected for orbital group  2
 Library entry C      S aug-cc-pV5Z          selected for orbital group  3
 Library entry C      P aug-cc-pV5Z          selected for orbital group  3
 Library entry C      D aug-cc-pV5Z          selected for orbital group  3
 Library entry C      F aug-cc-pV5Z          selected for orbital group  3
 Library entry C      G aug-cc-pV5Z          selected for orbital group  3
 Library entry C      H aug-cc-pV5Z          selected for orbital group  3


 PROGRAM * SEWARD (Integral evaluation for generally contracted gaussian basis sets)     Author: Roland Lindh, 1990

 Geometry written to block  1 of record 700


 Point group  C1  



 ATOMIC COORDINATES

 NR  ATOM    CHARGE       X              Y              Z

   1  N1      7.00   -1.206857300    0.889902971    0.084222215
   2  H1      1.00    0.358961715   -0.215310032   -0.010910532
   3  H2      1.00   -2.457530140    0.153553102   -1.159665358
   4  C1      6.00   -2.265136887    0.739636116    2.630397852
   5  H3      1.00   -3.954701238    1.907196104    2.746088579
   6  H4      1.00   -2.764188408   -1.163775868    3.268190985
   7  H5      1.00   -0.907589233    1.509276846    3.970479570
   8  N2      7.00   14.331906646   -2.376046050    1.272043086
   9  H6      1.00   14.891773292   -1.857244920   -0.481594871
  10  H7      1.00   15.510244742   -3.788975974    1.792086008
  11  C2      6.00   14.634697418   -0.230808936    2.998639178
  12  H8      1.00   14.124111742   -0.825497773    4.899048130
  13  H9      1.00   16.538427001    0.566233246    3.068505629
  14  H10     1.00   13.325985764    1.254091521    2.445597134

 Bond lengths in Bohr (Angstrom)

 1-2  1.918941168  1-3  1.911452322  1-4  2.761439151  4-5  2.056990123  4-6  2.068528386
     ( 1.015459935)     ( 1.011497008)     ( 1.461290668)     ( 1.088512296)     ( 1.094618082)

  4- 7  2.056964146   8- 9  1.912551008   8-10  1.911882914   8-11  2.770353514  11-12  2.055701032
       ( 1.088498550)       ( 1.012078408)       ( 1.011724868)       ( 1.466007946)       ( 1.087830138)

 11-13  2.065028786  11-14  2.055118259
       ( 1.092766173)       ( 1.087521749)

 Bond angles

  1-4-5  109.61825688   1-4-6  115.26640673   1-4-7  109.11184884   2-1-3  106.24620114

  2-1-4  109.09178005   3-1-4  109.16631862   5-4-6  107.86599269   5-4-7  107.04188174

  6- 4- 7  107.61673376   8-11-12  108.96566474   8-11-13  114.88035325   8-11-14  108.79498984

  9- 8-10  105.63187803   9- 8-11  109.23286158  10- 8-11  109.59570301  12-11-13  108.02032199

 12-11-14  107.43539387  13-11-14  108.49916731

 NUCLEAR CHARGE:                   36
 NUMBER OF PRIMITIVE AOS:        1876
 NUMBER OF SYMMETRY AOS:         1406
 NUMBER OF CONTRACTIONS:         1308   ( 1308A   )
 NUMBER OF CORE ORBITALS:           4   (    4A   )
 NUMBER OF VALENCE ORBITALS:       26   (   26A   )


 NUCLEAR REPULSION ENERGY  103.68123929


 Eigenvalues of metric

         1 0.129E-05 0.142E-05 0.165E-05 0.169E-05 0.196E-05 0.198E-05 0.352E-05 0.355E-05


 OPERATOR DM      FOR CENTER  0  COORDINATES:    0.000000    0.000000    0.000000


 **********************************************************************************************************************************
 DATASETS  * FILE   NREC   LENGTH (MB)   RECORD NAMES
              1      18       92.26       500      610      700      900      950      970     1000      129      960     1100   
                                          VAR    BASINP    GEOM    SYMINP    ZMAT    AOBASIS   BASIS     P2S    ABASIS      S 
                                         1400     1410     1200     1210     1080     1600     1650     1700   
                                           T        V       H0       H01     AOSYM     SMH    MOLCAS    OPER   

 PROGRAMS   *        TOTAL       INT
 CPU TIMES  *         3.78      3.61
 REAL TIME  *         5.29 SEC
 DISK USED  *        93.21 MB (local),      372.85 MB (total)
 GA USED    *         0.00 MB       (max)       0.00 MB       (current)
 **********************************************************************************************************************************

 Density functional group PBE=PBEX+PBEC
 Functional: PBEX(Automatically generated (new) PBEX)                          Gradient terms: 1
 Functional: PBEC(Automatically generated (new) PBEC)                          Gradient terms: 1
 Use libxcgrid:  F
 Use grid at  1800.2

 Functional: PBEX                      Factor:  1.0000
 Functional: PBEC                      Factor:  1.0000

 Generated new metagrid on record  1800.2 with target accuracy 1.0D-08 and 123304 points in CPU time    0.3
 Computed new grid on record 1800.1 in CPU time    0.4
 1054560 words reserved for DFT integration

 PROGRAM * RKS-SCF (Restricted closed shell Kohn-Sham)     Authors: W. Meyer, H.-J. Werner, P.J. Knowles, 1993

 NUMBER OF ELECTRONS:      18+   18-    SPACE SYMMETRY=1    SPIN SYMMETRY: Singlet 
 CONVERGENCE THRESHOLDS:    1.00E-04 (Density)    1.00E-08 (Energy)
 INTEGRAL THRESHOLDS:       1.00E-12 (Initial)    1.00E-12 (Final)
 MAX. NUMBER OF ITERATIONS:       60
 INTERPOLATION TYPE:            DIIS
 INTERPOLATION STEPS:              2 (START)      1 (STEP)
 LEVEL SHIFTS:                  0.00 (CLOSED)  0.00 (OPEN) 



 Use fine grid record 1800.2 for energy threshold  1.0D-08
 Orbital guess generated from atomic densities. Full valence occupancy:   30

 Molecular orbital dump at record        2101.2

 Initial occupancy:  18

 Direct Fock-matrix evaluation.        Authors: Roland Lindh & Martin Schuetz (1993/96)

 Integral Threshold:                  0.1D-11
 Threshold for writing integrals:     0.1D-06
 Prescreening on density matrix:        ON 
 Calculation will be performed fully direct        

 ITERATION   DDIFF            GRAD            ENERGY        2-EL.EN.            DIPOLE MOMENTS         DIIS   CPU(IT)  CPU(TOT)
    1      0.000D+00      0.000D+00      -191.27729433    406.291469    0.67248   -0.62833    0.06169    0   4038.3   4080.4     start
    2      0.000D+00      0.348D-02      -190.60201271    362.023530   -0.28603    0.40039    0.22450    1   4121.6   8202.1     diag
    3      0.599D-02      0.638D-02      -191.54149060    391.765971    0.44442   -0.36353    0.18831    2   4114.1  12316.1     diag
    4      0.519D-02      0.715D-03      -191.54959975    391.080999    0.41015   -0.37605    0.03410    3   3836.0  16152.2     diag
    5      0.423D-03      0.330D-03      -191.55172337    390.722316    0.40759   -0.35832    0.07573    4   3785.3  19937.5     diag
    6      0.194D-03      0.549D-04      -191.55177974    390.760645    0.40686   -0.35894    0.07632    5   3608.2  23545.7     diag
    7      0.286D-04      0.581D-05      -191.55178036    390.781894    0.40807   -0.35854    0.07719    6   3394.8  26940.4     diag
    8      0.385D-05      0.245D-05      -191.55178046    390.781477    0.40752   -0.35920    0.07704    7   3001.3  29941.8     diag
    9      0.127D-05      0.996D-06      -191.55178048    390.780833    0.40764   -0.35905    0.07682    8   2792.9  32734.7     diag
   10      0.407D-06      0.933D-07      -191.55178048    390.780798    0.40764   -0.35904    0.07689    9   2268.4  35003.1     orth
   11      0.560D-07      0.147D-07      -191.55178048    390.780825    0.40764   -0.35904    0.07689    0   1728.6  36731.7     orth

 Final occupancy:  18

 !RKS STATE  1.1 Energy              -191.551780477696
 Nuclear energy                       103.68123929
 One-electron energy                 -462.46667565
 Two-electron energy                  195.39041244
 Density functional                   -28.15675655     PBEX=-27.01170728 PBEC= -1.14504927
 Virial quotient                       -1.00415551
 !RKS STATE  1.1 Dipole moment          0.40763713    -0.35903624     0.07689142
 Dipole moment /Debye                   1.03604238    -0.91251932     0.19542569

 Orbital energies:

         1.1          2.1          3.1          4.1          5.1          6.1          7.1          8.1          9.1         10.1
    -13.964989   -13.963253    -9.895253    -9.893127    -0.800448    -0.799063    -0.596718    -0.594038    -0.441285    -0.440116

        11.1         12.1         13.1         14.1         15.1         16.1         17.1         18.1         19.1         20.1
     -0.395150    -0.393251    -0.358189    -0.355977    -0.324472    -0.321757    -0.201477    -0.199216    -0.023814    -0.019770


 HOMO     18.1    -0.199216 =      -5.4210eV
 LUMO     19.1    -0.023814 =      -0.6480eV
 LUMO-HOMO         0.175402 =       4.7729eV


 **********************************************************************************************************************************
 DATASETS  * FILE   NREC   LENGTH (MB)   RECORD NAMES
              1      19       92.26       500      610      700      900      950      970     1000      129      960     1100   
                                          VAR    BASINP    GEOM    SYMINP    ZMAT    AOBASIS   BASIS     P2S    ABASIS      S 
                                         1400     1410     1200     1210     1080     1600     1650     1700     1800   
                                           T        V       H0       H01     AOSYM     SMH    MOLCAS    OPER     GRID   

              2       5       37.48       700     1000      520     1800     2101   
                                         GEOM     BASIS   MCVARS    GRID      RKS  

 PROGRAMS   *        TOTAL   RKS-SCF       INT
 CPU TIMES  *     36740.79  36737.01      3.61
 REAL TIME  *     36852.72 SEC
 DISK USED  *       253.29 MB (local),        1.01 GB (total)
 SF USED    *        20.55 MB
 GA USED    *         4.01 MB       (max)       4.01 MB       (current)
 **********************************************************************************************************************************
 SETTING EAB_PBE        =      -191.55178048  AU                              

 Dummy atoms: N2  H6  H7  C2  H8  H9  H10


 Recomputing one-electron integrals since nuclear charges changed


 PROGRAM * SEWARD (Integral evaluation for generally contracted gaussian basis sets)     Author: Roland Lindh, 1990

 Geometry written to block  1 of record 700


 Point group  C1  



 ATOMIC COORDINATES

 NR  ATOM    CHARGE       X              Y              Z

   1  N1      7.00   -1.206857300    0.889902971    0.084222215
   2  H1      1.00    0.358961715   -0.215310032   -0.010910532
   3  H2      1.00   -2.457530140    0.153553102   -1.159665358
   4  C1      6.00   -2.265136887    0.739636116    2.630397852
   5  H3      1.00   -3.954701238    1.907196104    2.746088579
   6  H4      1.00   -2.764188408   -1.163775868    3.268190985
   7  H5      1.00   -0.907589233    1.509276846    3.970479570
   8  N2      0.00   14.331906646   -2.376046050    1.272043086
   9  H6      0.00   14.891773292   -1.857244920   -0.481594871
  10  H7      0.00   15.510244742   -3.788975974    1.792086008
  11  C2      0.00   14.634697418   -0.230808936    2.998639178
  12  H8      0.00   14.124111742   -0.825497773    4.899048130
  13  H9      0.00   16.538427001    0.566233246    3.068505629
  14  H10     0.00   13.325985764    1.254091521    2.445597134

 Bond lengths in Bohr (Angstrom)

 1-2  1.918941168  1-3  1.911452322  1-4  2.761439151  4-5  2.056990123  4-6  2.068528386
     ( 1.015459935)     ( 1.011497008)     ( 1.461290668)     ( 1.088512296)     ( 1.094618082)

  4- 7  2.056964146   8- 9  1.912551008   8-10  1.911882914   8-11  2.770353514  11-12  2.055701032
       ( 1.088498550)       ( 1.012078408)       ( 1.011724868)       ( 1.466007946)       ( 1.087830138)

 11-13  2.065028786  11-14  2.055118259
       ( 1.092766173)       ( 1.087521749)

 Bond angles

  1-4-5  109.61825688   1-4-6  115.26640673   1-4-7  109.11184884   2-1-3  106.24620114

  2-1-4  109.09178005   3-1-4  109.16631862   5-4-6  107.86599269   5-4-7  107.04188174

  6- 4- 7  107.61673376   8-11-12  108.96566474   8-11-13  114.88035325   8-11-14  108.79498984

  9- 8-10  105.63187803   9- 8-11  109.23286158  10- 8-11  109.59570301  12-11-13  108.02032199

 12-11-14  107.43539387  13-11-14  108.49916731

 NUCLEAR CHARGE:                   18
 NUMBER OF PRIMITIVE AOS:        1876
 NUMBER OF SYMMETRY AOS:         1406
 NUMBER OF CONTRACTIONS:         1308   ( 1308A   )
 NUMBER OF CORE ORBITALS:           2   (    2A   )
 NUMBER OF VALENCE ORBITALS:       13   (   13A   )

 MOLECULE CHANGED: INITIALIZING OCCUPATION AND DUMP RECORDS


 NUCLEAR REPULSION ENERGY   42.09217566


 Eigenvalues of metric

         1 0.129E-05 0.142E-05 0.165E-05 0.169E-05 0.196E-05 0.198E-05 0.352E-05 0.355E-05


 OPERATOR DM      FOR CENTER  0  COORDINATES:    0.000000    0.000000    0.000000


 **********************************************************************************************************************************
 DATASETS  * FILE   NREC   LENGTH (MB)   RECORD NAMES
              1      19       92.26       500      610      700      900      950      970     1000      129      960     1100   
                                          VAR    BASINP    GEOM    SYMINP    ZMAT    AOBASIS   BASIS     P2S    ABASIS      S 
                                         1400     1410     1200     1210     1080     1600     1650     1700     1800   
                                           T        V       H0       H01     AOSYM     SMH    MOLCAS    OPER     GRID   

              2       5       37.48       700     1000      520     1800     2101   
                                         GEOM     BASIS   MCVARS    GRID      RKS  

 PROGRAMS   *        TOTAL       INT   RKS-SCF       INT
 CPU TIMES  *     36744.11      3.31  36737.01      3.61
 REAL TIME  *     36856.21 SEC
 DISK USED  *       253.29 MB (local),        1.01 GB (total)
 SF USED    *        20.55 MB
 GA USED    *         4.01 MB       (max)       4.01 MB       (current)
 **********************************************************************************************************************************

 Density functional group PBE=PBEX+PBEC
 Functional: PBEX(Automatically generated (new) PBEX)                          Gradient terms: 1
 Functional: PBEC(Automatically generated (new) PBEC)                          Gradient terms: 1
 Use libxcgrid:  F
 Use grid at  1800.2

 Functional: PBEX                      Factor:  1.0000
 Functional: PBEC                      Factor:  1.0000

 Generated new metagrid on record  1800.2 with target accuracy 1.0D-08 and 123304 points in CPU time    0.3
 Computed new grid on record 1800.1 in CPU time    0.4
 1054560 words reserved for DFT integration

 PROGRAM * RKS-SCF (Restricted closed shell Kohn-Sham)     Authors: W. Meyer, H.-J. Werner, P.J. Knowles, 1993

 NUMBER OF ELECTRONS:       9+    9-    SPACE SYMMETRY=1    SPIN SYMMETRY: Singlet 
 CONVERGENCE THRESHOLDS:    1.00E-04 (Density)    1.00E-08 (Energy)
 INTEGRAL THRESHOLDS:       1.00E-12 (Initial)    1.00E-12 (Final)
 MAX. NUMBER OF ITERATIONS:       60
 INTERPOLATION TYPE:            DIIS
 INTERPOLATION STEPS:              2 (START)      1 (STEP)
 LEVEL SHIFTS:                  0.00 (CLOSED)  0.00 (OPEN) 



 Use fine grid record 1800.2 for energy threshold  1.0D-08
 Orbital guess generated from atomic densities. Full valence occupancy:   15

 Molecular orbital dump at record        2201.2

 Initial occupancy:   9

 Direct Fock-matrix evaluation.        Authors: Roland Lindh & Martin Schuetz (1993/96)

 Integral Threshold:                  0.1D-11
 Threshold for writing integrals:     0.1D-06
 Prescreening on density matrix:        ON 
 Calculation will be performed fully direct        

 ITERATION   DDIFF            GRAD            ENERGY        2-EL.EN.            DIPOLE MOMENTS         DIIS   CPU(IT)  CPU(TOT)
    1      0.000D+00      0.000D+00       -95.63842535    183.600359   -0.14822   -0.82391    0.11664    0   3769.2   3803.7     start
    2      0.000D+00      0.347D-02       -95.30001703    161.531074   -0.00983    0.34612    0.09253    1   4026.2   7829.8     diag
    3      0.443D-02      0.636D-02       -95.77075121    176.346170   -0.14038   -0.57514    0.16678    2   4005.4  11835.3     diag
    4      0.388D-02      0.710D-03       -95.77477415    176.011283   -0.09013   -0.49342    0.06761    3   3415.2  15250.5     diag
    5      0.299D-03      0.328D-03       -95.77583401    175.831832   -0.10170   -0.49992    0.09214    4   3312.1  18562.5     diag
    6      0.137D-03      0.546D-04       -95.77586218    175.850963   -0.10155   -0.49973    0.09260    5   3050.3  21612.8     diag
    7      0.201D-04      0.560D-05       -95.77586252    175.861589   -0.10205   -0.50083    0.09330    6   2656.7  24269.6     diag
    8      0.257D-05      0.654D-06       -95.77586252    175.861025   -0.10183   -0.50057    0.09298    7   2035.5  26305.1     diag
    9      0.302D-06      0.170D-06       -95.77586252    175.860918   -0.10193   -0.50067    0.09309    0   1752.0  28057.1     orth

 Final occupancy:   9

 !RKS STATE  1.1 Energy               -95.775862523825
 Nuclear energy                        42.09217566
 One-electron energy                 -211.72039241
 Two-electron energy                   87.93045889
 Density functional                   -14.07810467     PBEX=-13.50553735 PBEC= -0.57256732
 Virial quotient                       -1.00416798
 !RKS STATE  1.1 Dipole moment         -0.10192794    -0.50066573     0.09308650
 Dipole moment /Debye                  -0.25905801    -1.27248201     0.23658679

 Orbital energies:

         1.1          2.1          3.1          4.1          5.1          6.1          7.1          8.1          9.1         10.1
    -13.965252    -9.894950    -0.801042    -0.595901    -0.442109    -0.395155    -0.357827    -0.323616    -0.201147    -0.022726

        11.1
      0.000801


 HOMO      9.1    -0.201147 =      -5.4735eV
 LUMO     10.1    -0.022726 =      -0.6184eV
 LUMO-HOMO         0.178422 =       4.8551eV


 **********************************************************************************************************************************
 DATASETS  * FILE   NREC   LENGTH (MB)   RECORD NAMES
              1      19       92.26       500      610      700      900      950      970     1000      129      960     1100   
                                          VAR    BASINP    GEOM    SYMINP    ZMAT    AOBASIS   BASIS     P2S    ABASIS      S 
                                         1400     1410     1200     1210     1080     1600     1650     1700     1800   
                                           T        V       H0       H01     AOSYM     SMH    MOLCAS    OPER     GRID   

              2       6      108.48       700     1000      520     1800     2101     2201   
                                         GEOM     BASIS   MCVARS    GRID      RKS      RKS  

 PROGRAMS   *        TOTAL   RKS-SCF       INT   RKS-SCF       INT
 CPU TIMES  *     64806.63  28062.51      3.31  36737.01      3.61
 REAL TIME  *     65002.39 SEC
 DISK USED  *       310.59 MB (local),        1.24 GB (total)
 SF USED    *        20.55 MB
 GA USED    *         4.01 MB       (max)       4.01 MB       (current)
 **********************************************************************************************************************************
 SETTING EA_PBE         =       -95.77586252  AU                              

 Dummy atoms: N1  H1  H2  C1  H3  H4  H5


 Recomputing one-electron integrals since nuclear charges changed


 PROGRAM * SEWARD (Integral evaluation for generally contracted gaussian basis sets)     Author: Roland Lindh, 1990

 Geometry written to block  1 of record 700


 Point group  C1  



 ATOMIC COORDINATES

 NR  ATOM    CHARGE       X              Y              Z

   1  N1      0.00   -1.206857300    0.889902971    0.084222215
   2  H1      0.00    0.358961715   -0.215310032   -0.010910532
   3  H2      0.00   -2.457530140    0.153553102   -1.159665358
   4  C1      0.00   -2.265136887    0.739636116    2.630397852
   5  H3      0.00   -3.954701238    1.907196104    2.746088579
   6  H4      0.00   -2.764188408   -1.163775868    3.268190985
   7  H5      0.00   -0.907589233    1.509276846    3.970479570
   8  N2      7.00   14.331906646   -2.376046050    1.272043086
   9  H6      1.00   14.891773292   -1.857244920   -0.481594871
  10  H7      1.00   15.510244742   -3.788975974    1.792086008
  11  C2      6.00   14.634697418   -0.230808936    2.998639178
  12  H8      1.00   14.124111742   -0.825497773    4.899048130
  13  H9      1.00   16.538427001    0.566233246    3.068505629
  14  H10     1.00   13.325985764    1.254091521    2.445597134

 Bond lengths in Bohr (Angstrom)

 1-2  1.918941168  1-3  1.911452322  1-4  2.761439151  4-5  2.056990123  4-6  2.068528386
     ( 1.015459935)     ( 1.011497008)     ( 1.461290668)     ( 1.088512296)     ( 1.094618082)

  4- 7  2.056964146   8- 9  1.912551008   8-10  1.911882914   8-11  2.770353514  11-12  2.055701032
       ( 1.088498550)       ( 1.012078408)       ( 1.011724868)       ( 1.466007946)       ( 1.087830138)

 11-13  2.065028786  11-14  2.055118259
       ( 1.092766173)       ( 1.087521749)

 Bond angles

  1-4-5  109.61825688   1-4-6  115.26640673   1-4-7  109.11184884   2-1-3  106.24620114

  2-1-4  109.09178005   3-1-4  109.16631862   5-4-6  107.86599269   5-4-7  107.04188174

  6- 4- 7  107.61673376   8-11-12  108.96566474   8-11-13  114.88035325   8-11-14  108.79498984

  9- 8-10  105.63187803   9- 8-11  109.23286158  10- 8-11  109.59570301  12-11-13  108.02032199

 12-11-14  107.43539387  13-11-14  108.49916731

 NUCLEAR CHARGE:                   18
 NUMBER OF PRIMITIVE AOS:        1876
 NUMBER OF SYMMETRY AOS:         1406
 NUMBER OF CONTRACTIONS:         1308   ( 1308A   )
 NUMBER OF CORE ORBITALS:           2   (    2A   )
 NUMBER OF VALENCE ORBITALS:       13   (   13A   )

 MOLECULE CHANGED: INITIALIZING OCCUPATION AND DUMP RECORDS


 NUCLEAR REPULSION ENERGY   42.05982949


 Eigenvalues of metric

         1 0.129E-05 0.142E-05 0.165E-05 0.169E-05 0.196E-05 0.198E-05 0.352E-05 0.355E-05


 OPERATOR DM      FOR CENTER  0  COORDINATES:    0.000000    0.000000    0.000000


 **********************************************************************************************************************************
 DATASETS  * FILE   NREC   LENGTH (MB)   RECORD NAMES
              1      19       92.26       500      610      700      900      950      970     1000      129      960     1100   
                                          VAR    BASINP    GEOM    SYMINP    ZMAT    AOBASIS   BASIS     P2S    ABASIS      S 
                                         1400     1410     1200     1210     1080     1600     1650     1700     1800   
                                           T        V       H0       H01     AOSYM     SMH    MOLCAS    OPER     GRID   

              2       6      108.48       700     1000      520     1800     2101     2201   
                                         GEOM     BASIS   MCVARS    GRID      RKS      RKS  

 PROGRAMS   *        TOTAL       INT   RKS-SCF       INT   RKS-SCF       INT
 CPU TIMES  *     64809.94      3.31  28062.51      3.31  36737.01      3.61
 REAL TIME  *     65005.86 SEC
 DISK USED  *       310.59 MB (local),        1.24 GB (total)
 SF USED    *        20.55 MB
 GA USED    *         4.01 MB       (max)       4.01 MB       (current)
 **********************************************************************************************************************************

 Density functional group PBE=PBEX+PBEC
 Functional: PBEX(Automatically generated (new) PBEX)                          Gradient terms: 1
 Functional: PBEC(Automatically generated (new) PBEC)                          Gradient terms: 1
 Use libxcgrid:  F
 Use grid at  1800.2

 Functional: PBEX                      Factor:  1.0000
 Functional: PBEC                      Factor:  1.0000

 Generated new metagrid on record  1800.2 with target accuracy 1.0D-08 and 123304 points in CPU time    0.3
 Computed new grid on record 1800.1 in CPU time    0.4
 1054560 words reserved for DFT integration

 PROGRAM * RKS-SCF (Restricted closed shell Kohn-Sham)     Authors: W. Meyer, H.-J. Werner, P.J. Knowles, 1993

 NUMBER OF ELECTRONS:       9+    9-    SPACE SYMMETRY=1    SPIN SYMMETRY: Singlet 
 CONVERGENCE THRESHOLDS:    1.00E-04 (Density)    1.00E-08 (Energy)
 INTEGRAL THRESHOLDS:       1.00E-12 (Initial)    1.00E-12 (Final)
 MAX. NUMBER OF ITERATIONS:       60
 INTERPOLATION TYPE:            DIIS
 INTERPOLATION STEPS:              2 (START)      1 (STEP)
 LEVEL SHIFTS:                  0.00 (CLOSED)  0.00 (OPEN) 



 Use fine grid record 1800.2 for energy threshold  1.0D-08
 Orbital guess generated from atomic densities. Full valence occupancy:   15

 Molecular orbital dump at record        2301.2

 Initial occupancy:   9

 Direct Fock-matrix evaluation.        Authors: Roland Lindh & Martin Schuetz (1993/96)

 Integral Threshold:                  0.1D-11
 Threshold for writing integrals:     0.1D-06
 Prescreening on density matrix:        ON 
 Calculation will be performed fully direct        

 ITERATION   DDIFF            GRAD            ENERGY        2-EL.EN.            DIPOLE MOMENTS         DIIS   CPU(IT)  CPU(TOT)
    1      0.000D+00      0.000D+00       -95.63868496    183.526871    0.82070    0.19558   -0.05494    0   3778.0   3812.1     start
    2      0.000D+00      0.346D-02       -95.30169719    161.503317   -0.32388    0.05819    0.13227    1   4045.2   7857.3     diag
    3      0.404D-02      0.635D-02       -95.77063340    176.284952    0.58054    0.21171    0.02321    2   4042.2  11899.4     diag
    4      0.345D-02      0.715D-03       -95.77472627    175.952029    0.49350    0.11813   -0.03217    3   3544.3  15443.7     diag
    5      0.299D-03      0.328D-03       -95.77578924    175.771829    0.50121    0.14128   -0.01559    4   3317.3  18761.0     diag
    6      0.137D-03      0.547D-04       -95.77581744    175.790679    0.50124    0.14097   -0.01538    5   2761.3  21522.2     diag
    7      0.202D-04      0.564D-05       -95.77581779    175.801324    0.50228    0.14184   -0.01511    6   2460.3  23982.6     diag
    8      0.257D-05      0.652D-06       -95.77581779    175.800753    0.50205    0.14146   -0.01526    7   1895.0  25877.6     diag
    9      0.298D-06      0.164D-06       -95.77581779    175.800663    0.50213    0.14161   -0.01522    0   1554.0  27431.6     orth

 Final occupancy:   9

 !RKS STATE  1.1 Energy               -95.775817792989
 Nuclear energy                        42.05982949
 One-electron energy                 -211.65731121
 Two-electron energy                   87.90033158
 Density functional                   -14.07866765     PBEX=-13.50618562 PBEC= -0.57248203
 Virial quotient                       -1.00413948
 !RKS STATE  1.1 Dipole moment          0.50212626     0.14160903    -0.01522264
 Dipole moment /Debye                   1.27619406     0.35991068    -0.03868955

 Orbital energies:

         1.1          2.1          3.1          4.1          5.1          6.1          7.1          8.1          9.1         10.1
    -13.964671    -9.895120    -0.800176    -0.596541    -0.441023    -0.394946    -0.358005    -0.324302    -0.201141    -0.022632

        11.1
      0.000795


 HOMO      9.1    -0.201141 =      -5.4733eV
 LUMO     10.1    -0.022632 =      -0.6158eV
 LUMO-HOMO         0.178509 =       4.8575eV


 **********************************************************************************************************************************
 DATASETS  * FILE   NREC   LENGTH (MB)   RECORD NAMES
              1      19       92.26       500      610      700      900      950      970     1000      129      960     1100   
                                          VAR    BASINP    GEOM    SYMINP    ZMAT    AOBASIS   BASIS     P2S    ABASIS      S 
                                         1400     1410     1200     1210     1080     1600     1650     1700     1800   
                                           T        V       H0       H01     AOSYM     SMH    MOLCAS    OPER     GRID   

              2       7      179.48       700     1000      520     1800     2101     2201     2301   
                                         GEOM     BASIS   MCVARS    GRID      RKS      RKS      RKS  

 PROGRAMS   *        TOTAL   RKS-SCF       INT   RKS-SCF       INT   RKS-SCF       INT
 CPU TIMES  *     92246.86  27436.92      3.31  28062.51      3.31  36737.01      3.61
 REAL TIME  *     92517.50 SEC
 DISK USED  *       381.59 MB (local),        1.53 GB (total)
 SF USED    *        20.55 MB
 GA USED    *         4.01 MB       (max)       4.01 MB       (current)
 **********************************************************************************************************************************
 SETTING EB_PBE         =       -95.77581779  AU                              
 SETTING E_AB_INT       =        -0.00010016  AU                              

 *** results in hartree
 E_AB_INT         =        -0.00010016 AU
 Molecular orbitals read from record     2301.2  Type=RKS/CANONICAL (state 1.1)
 Occupation numbers read from record     2301.2  Type=RKS/RHF (state 1.1)
 Orbital energies read from record       2301.2  Type=RKS/CANONICAL (state 1.1)
 Redundancy group numbers read from rec  2301.2  Type=RKS/RHF (state 1.1)

 RPBE/aug-cc-pV5Z energy=    -95.775817792989

         RKS-SCF         RKS-SCF         RKS-SCF
    -95.77581779    -95.77586252   -191.55178048
 **********************************************************************************************************************************
 Molpro calculation terminated
