
 Primary working directories    : /scratch/sirous/120522/molpro.27bdovtJNs
 Secondary working directories  : /scratch/sirous/120522/molpro.27bdovtJNs
 Wavefunction directory         : /scratch/sirous/120522/
 Main file repository           : /scratch/sirous/120522/molpro.27bdovtJNs/

 id        : karlovklimes

 Nodes                      nprocs
 nc-08.cc.karlov.mff.cuni.cz    4

 Using customized tuning parameters: mindgm=1; mindgv=20; mindgc=4; mindgr=1; noblas=0; minvec=7
 default implementation of scratch files=sf  


 Variables initialized (934), CPU time= 0.00 sec
 ***,CH3C6H4CN+CF3CN+BF3
 memory,500,m
 gdirect
 gthresh,energy=1.d-8,twoint=1.d-15,oneint=1.d-15,zero=1.d-15,orbital=1.d-8,grid=1.d-8
 symmetry,nosym
 geomtyp=xyz
                                                                                 ! Geometry
 geometry={
 C1        0.765545459    0.868244327     0.820990952
 H1        1.437476465    1.680006636     1.065102812
 C2        1.237652602    -0.442838075     0.793887953
 H2        2.275758774    -0.648538076     1.017711411
 C3        0.372237234    -1.488536665     0.477268618
 H3        0.738187887    -2.506080122     0.457056091
 C4        -0.964933181    -1.222971623     0.186878335
 H4        -1.636459485    -2.034560785     -0.057773618
 C5        -1.437065095    0.088405576     0.213277138
 H5        -2.474684317    0.294302156     -0.011467463
 C6        -0.571906490    1.134024158     0.530812805
 H6        -0.937699351    2.151710583     0.551077644
 C7        -0.764772305    -0.729106855     4.030677055
 H7        -0.871026146    -0.554157695     2.958370190
 H8        -1.416409880    -1.558370751     4.303827720
 C8        0.704768881    -0.986169945     4.374806934
 H9        1.199999661    -1.623754993     3.644222656
 H10        0.768048056    -1.486383718     5.342273570
 C9        1.344905927    0.419226729     4.465759790
 H11        1.995174243    0.611897662     3.613906866
 H12        1.957773110    0.508396152     5.361485152
 C10        0.165859804    1.418403747     4.492631826
 H13        0.048708316    1.877374140     3.510346488
 H14        0.311453394    2.219908577     5.215030429
 C11        -1.067911961    0.561308558     4.788280691
 H15        -1.998900471    1.037046004     4.482367547
 H16        -1.133337724    0.351987646     5.858815933
 }
 
 
 
 basis=avdz
 
 
 
                                                                                 ! Dimer Calculation
 {rhf,accu=1.d-8;orbital,2101.2}
 eab_HF=energy
 
 
                                                                                 !monomer A
 dummy,13,14,15,16,17,18,19,20,21,22,23,24,25,26,27;                             ! NOW MONOMER B IS DUMMY
 {rhf,accu=1.d-8;orbital,2201.2}
 ea_HF=energy
                                                                                 !monomer B
 dummy,1,2,3,4,5,6,7,8,9,10,11,12;                                               !NOW MONOMER A IS DUMMY
 {rhf,accu=1.d-8;orbital,2301.2}
 eb_HF=energy
 
 E_AB_int=eab_HF-ea_HF-eb_HF
 
 
 text,results in hartree
 show,E_AB_int
 
 Commands  initialized (763), CPU time= 0.00 sec, 617 directives.
 Default parameters read. Elapsed time= 0.21 sec

 Checking input...
 Passed
1


                                         ***  PROGRAM SYSTEM MOLPRO  ***
                                       Copyright, TTI GmbH Stuttgart, 2015
                                    Version 2019.2 linked Jun  8 2019 11:26:33


 **********************************************************************************************************************************
 LABEL *   CH3C6H4CN+CF3CN+BF3                                                           
  64 bit mpp version                                                                     DATE: 20-Nov-19          TIME: 15:09:29  
 **********************************************************************************************************************************

 SHA1:             8135a10abc80eafa5b3ae28ffc55be4890dc4c84
 **********************************************************************************************************************************

 THRESHOLDS:

 ZERO    =  1.00D-15  ONEINT  =  1.00D-15  TWOINT  =  1.00D-15  PREFAC  =  1.00D-14  XXXXXX  =  1.00D-09  EORDER  =  1.00D-04
 ENERGY  =  1.00D-08  ETEST   =  0.00D+00  EDENS   =  0.00D+00  THRDEDEF=  1.00D-06  GRADIENT=  1.00D-02  STEP    =  1.00D-03
 ORBITAL =  1.00D-08  CIVEC   =  1.00D-05  COEFF   =  1.00D-04  PRINTCI =  5.00D-02  PUNCHCI =  9.90D+01  OPTGRAD =  3.00D-04
 OPTENERG=  1.00D-06  OPTSTEP =  3.00D-04  THRGRAD =  1.00D-10  COMPRESS=  1.00D-11  VARMIN  =  1.00D-07  VARMAX  =  1.00D-03
 THRDOUB =  0.00D+00  THRDIV  =  1.00D-05  THRRED  =  1.00D-07  THRPSP  =  1.00D+00  THRDC   =  1.00D-10  THRCS   =  1.00D-10
 THRNRM  =  1.00D-08  THREQ   =  0.00D+00  THRDE   =  1.00D+00  THRREF  =  1.00D-05  SPARFAC =  1.00D+00  THRDLP  =  1.00D-07
 THRDIA  =  1.00D-10  THRDLS  =  1.00D-07  THRGPS  =  0.00D+00  THRKEX  =  0.00D+00  THRDIS  =  2.00D-01  THRVAR  =  1.00D-10
 THRLOC  =  1.00D-06  THRGAP  =  1.00D-06  THRLOCT = -1.00D+00  THRGAPT = -1.00D+00  THRORB  =  1.00D-06  THRMLTP =  0.00D+00
 THRCPQCI=  1.00D-10  KEXTA   =  0.00D+00  THRCOARS=  0.00D+00  SYMTOL  =  1.00D-06  GRADTOL =  1.00D-06  THROVL  =  1.00D-08
 THRORTH =  1.00D-08  GRID    =  1.00D-08  GRIDMAX =  1.00D-03  DTMAX   =  0.00D+00  THROCCDE=  1.00D-01  THROCCDE=  1.00D-01
 THRPRINT=  2.50D-01


 Variable memory set to  500000000 words,  buffer space 

 SETTING GEOMTYP        =    XYZ
 ZSYMEL=NOSYM

 SETTING BASIS          =    AVDZ


 Recomputing integrals since basis changed


 Using spherical harmonics

 Library entry C      S aug-cc-pVDZ          selected for orbital group  1
 Library entry C      P aug-cc-pVDZ          selected for orbital group  1
 Library entry C      D aug-cc-pVDZ          selected for orbital group  1
 Library entry H      S aug-cc-pVDZ          selected for orbital group  2
 Library entry H      P aug-cc-pVDZ          selected for orbital group  2


 PROGRAM * SEWARD (Integral evaluation for generally contracted gaussian basis sets)     Author: Roland Lindh, 1990

 Geometry written to block  1 of record 700


 Point group  C1  



 ATOMIC COORDINATES

 NR  ATOM    CHARGE       X              Y              Z

   1  C1      6.00    1.446671253    1.640743987    1.551448050
   2  H1      1.00    2.716436829    3.174752429    2.012752609
   3  C2      6.00    2.338824455   -0.836842679    1.500230805
   4  H2      1.00    4.300560808   -1.225559345    1.923195841
   5  C3      6.00    0.703426426   -2.812926623    0.901906976
   6  H3      1.00    1.394972935   -4.735805077    0.863710836
   7  C4      6.00   -1.823459441   -2.311081426    0.353148872
   8  H4      1.00   -3.092460241   -3.844762667   -0.109176315
   9  C5      6.00   -2.715659453    0.167062327    0.403035379
  10  H5      1.00   -4.676475604    0.556150473   -0.021670364
  11  C6      6.00   -1.080746635    2.142995077    1.003090825
  12  H6      1.00   -1.771994961    4.066143701    1.041385821
  13  C7      6.00   -1.445210204   -1.377812271    7.616875731
  14  H7      1.00   -1.646000863   -1.047206273    5.590509434
  15  H8      1.00   -2.676626753   -2.944893920    8.133055678
  16  C8      6.00    1.331820166   -1.863591108    8.267186953
  17  H9      1.00    2.267670709   -3.068452230    6.886582757
  18  H10     1.00    1.451400476   -2.808858143   10.095433930
  19  C9      6.00    2.541503865    0.792223702    8.439062941
  20  H11     1.00    3.770332890    1.156318997    6.829294216
  21  H12     1.00    3.699654992    0.960729490   10.131738558
  22  C10     6.00    0.313429605    2.680394616    8.489843730
  23  H13     1.00    0.092045377    3.547722958    6.633593465
  24  H14     1.00    0.588561615    4.195019232    9.854979242
  25  C11     6.00   -2.018061131    1.060719446    9.048539114
  26  H15     1.00   -3.777374440    1.959732926    8.470447053
  27  H16     1.00   -2.141697905    0.665160250   11.071557528

 Bond lengths in Bohr (Angstrom)

  1- 2  2.044086205   1- 3  2.633817805   1-11  2.634538477   3- 4  2.044115845   3- 5  2.633899366
       ( 1.081683837)       ( 1.393756360)       ( 1.394137723)       ( 1.081699522)       ( 1.393799521)

  5- 6  2.043809450   5- 7  2.634034214   7- 8  2.043596281   7- 9  2.634332170   9-10  2.043664486
       ( 1.081537384)       ( 1.393870879)       ( 1.081424580)       ( 1.394028550)       ( 1.081460673)

  9-11  2.633878641  11-12  2.043964624  13-14  2.062953606  13-15  2.058779578  13-16  2.893230624
       ( 1.393788553)       ( 1.081619499)       ( 1.091668036)       ( 1.089459235)       ( 1.531031712)

 13-25  2.885178533  16-17  2.057565189  16-18  2.061629507  16-19  2.923393288  19-20  2.057654369
       ( 1.526770729)       ( 1.088816608)       ( 1.090967353)       ( 1.546993106)       ( 1.088863800)

 19-21  2.057877299  19-22  2.920972954  22-23  2.060809180  22-24  2.057518000  22-25  2.893326328
       ( 1.088981769)       ( 1.545712321)       ( 1.090533254)       ( 1.088791636)       ( 1.531082357)

 25-26  2.058542928  25-27  2.065031872
       ( 1.089334005)       ( 1.092767807)

 Bond angles

  1- 3- 4  119.99595885   1- 3- 5  119.98982100   1-11- 9  119.99247721   1-11-12  119.99417428

  2- 1- 3  119.99465290   2- 1-11  119.98917260   3- 1-11  120.01603888   3- 5- 6  120.00092044

  3-5-7  120.00210231   4-3-5  120.01419816   5-7-8  119.99020545   5-7-9  120.01235738

  6- 5- 7  119.99697646   7- 9-10  120.00766751   7- 9-11  119.98717818   8- 7- 9  119.99739636

  9-11-12  120.01331426  10- 9-11  120.00511714  13-16-17  112.58587324  13-16-18  109.38914197

 13-16-19  104.94290677  13-25-22  102.55190478  13-25-26  113.54406249  13-25-27  109.63989370

 14-13-15  108.06175064  14-13-16  109.94474614  14-13-25  109.42897214  15-13-16  112.95140774

 15-13-25  113.58855187  16-13-25  102.76489019  16-19-20  111.21523674  16-19-21  110.83188089

 16-19-22  105.82128726  17-16-18  107.46722478  17-16-19  112.53329638  18-16-19  109.90117520

 19-22-23  109.77579238  19-22-24  112.66797385  19-22-25  104.84225976  20-19-21  107.03220053

 20-19-22  110.77833589  21-19-22  111.22655207  22-25-26  112.95325923  22-25-27  110.16010309

 23-22-24  107.58826097  23-22-25  108.84237492  24-22-25  113.06193905  26-25-27  107.91456707

 NUCLEAR CHARGE:                   82
 NUMBER OF PRIMITIVE AOS:         583
 NUMBER OF SYMMETRY AOS:          561
 NUMBER OF CONTRACTIONS:          397   (  397A   )
 NUMBER OF CORE ORBITALS:          11   (   11A   )
 NUMBER OF VALENCE ORBITALS:       60   (   60A   )


 NUCLEAR REPULSION ENERGY  596.06899782


 Eigenvalues of metric

         1 0.229E-05 0.235E-05 0.777E-05 0.795E-05 0.128E-04 0.174E-04 0.176E-04 0.202E-04


 OPERATOR DM      FOR CENTER  0  COORDINATES:    0.000000    0.000000    0.000000


 **********************************************************************************************************************************
 DATASETS  * FILE   NREC   LENGTH (MB)   RECORD NAMES
              1      18       36.24       500      610      700      900      950      970     1000      129      960     1100   
                                          VAR    BASINP    GEOM    SYMINP    ZMAT    AOBASIS   BASIS     P2S    ABASIS      S 
                                         1400     1410     1200     1210     1080     1600     1650     1700   
                                           T        V       H0       H01     AOSYM     SMH    MOLCAS    OPER   

 PROGRAMS   *        TOTAL       INT
 CPU TIMES  *         0.90      0.73
 REAL TIME  *         2.89 SEC
 DISK USED  *        37.07 MB (local),      148.26 MB (total)
 GA USED    *         0.00 MB       (max)       0.00 MB       (current)
 **********************************************************************************************************************************


 PROGRAM * RHF-SCF (CLOSED SHELL)       Authors: W. Meyer, H.-J. Werner


 NUMBER OF ELECTRONS:      41+   41-    SPACE SYMMETRY=1    SPIN SYMMETRY: Singlet 
 CONVERGENCE THRESHOLDS:    1.00E-04 (Density)    1.00E-09 (Energy)
 INTEGRAL THRESHOLDS:       1.00E-12 (Initial)    1.00E-12 (Final)
 MAX. NUMBER OF ITERATIONS:       60
 INTERPOLATION TYPE:            DIIS
 INTERPOLATION STEPS:              2 (START)      1 (STEP)
 LEVEL SHIFTS:                  0.00 (CLOSED)  0.00 (OPEN) 



 Orbital guess generated from atomic densities. Full valence occupancy:   71

 Molecular orbital dump at record        2101.2

 Initial occupancy:  41

 Direct Fock-matrix evaluation.        Authors: Roland Lindh & Martin Schuetz (1993/96)

 Integral Threshold:                  0.1D-11
 Threshold for writing integrals:     0.1D-06
 Prescreening on density matrix:        ON 
 Calculation will be performed fully direct        

 ITERATION   DDIFF            GRAD            ENERGY        2-EL.EN.            DIPOLE MOMENTS         DIIS   CPU(IT)  CPU(TOT)
    1      0.000D+00      0.000D+00      -425.78946988   1476.865557   -0.00544   -0.00113   -0.08245    0     44.4     49.0     start
    2      0.000D+00      0.223D-02      -425.89237014   1466.668603   -0.02856   -0.02360   -0.13565    1     42.3     91.3     diag
    3      0.105D-01      0.919D-03      -425.90620475   1472.014237   -0.03123   -0.03189   -0.12407    2     41.7    133.0     diag
    4      0.249D-02      0.337D-03      -425.90870683   1470.551986   -0.02161   -0.01943   -0.11388    3     41.7    174.7     diag
    5      0.258D-02      0.385D-04      -425.90874905   1470.552809   -0.03317   -0.02920   -0.12173    4     40.8    215.5     diag
    6      0.581D-03      0.172D-04      -425.90875519   1470.549190   -0.02651   -0.02368   -0.11844    5     39.8    255.3     diag
    7      0.712D-04      0.339D-05      -425.90875548   1470.548970   -0.02842   -0.02499   -0.11849    6     38.6    293.9     diag
    8      0.187D-04      0.123D-05      -425.90875551   1470.548604   -0.02782   -0.02453   -0.11848    7     37.6    331.5     diag
    9      0.712D-05      0.223D-06      -425.90875552   1470.548693   -0.02787   -0.02458   -0.11849    8     36.1    367.6     diag
   10      0.156D-05      0.707D-07      -425.90875552   1470.548649   -0.02787   -0.02457   -0.11848    0     34.7    402.2     orth

 Final occupancy:  41

 !RHF STATE  1.1 Energy              -425.908755516311
 Nuclear energy                       596.06899782
 One-electron energy                -1757.25207792
 Two-electron energy                  735.27432458
 Virial quotient                       -1.00055960
 !RHF STATE  1.1 Dipole moment         -0.02786615    -0.02457339    -0.11847999
 Dipole moment /Debye                  -0.07082405    -0.06245523    -0.30112638

 Orbital energies:

         1.1          2.1          3.1          4.1          5.1          6.1          7.1          8.1          9.1         10.1
    -11.244212   -11.243636   -11.243607   -11.242450   -11.242377   -11.241795   -11.209283   -11.208411   -11.207749   -11.207334

        11.1         12.1         13.1         14.1         15.1         16.1         17.1         18.1         19.1         20.1
    -11.203138    -1.155475    -1.109925    -1.019410    -1.019352    -0.950283    -0.949407    -0.827809    -0.827789    -0.769136

        21.1         22.1         23.1         24.1         25.1         26.1         27.1         28.1         29.1         30.1
     -0.760566    -0.712581    -0.646835    -0.643061    -0.636673    -0.621587    -0.590585    -0.590550    -0.562132    -0.560931

        31.1         32.1         33.1         34.1         35.1         36.1         37.1         38.1         39.1         40.1
     -0.506473    -0.496540    -0.496514    -0.466792    -0.465449    -0.455768    -0.450252    -0.447391    -0.440993    -0.338831

        41.1         42.1         43.1
     -0.338633     0.032596     0.040223


 HOMO     41.1    -0.338633 =      -9.2147eV
 LUMO     42.1     0.032596 =       0.8870eV
 LUMO-HOMO         0.371229 =      10.1017eV


 **********************************************************************************************************************************
 DATASETS  * FILE   NREC   LENGTH (MB)   RECORD NAMES
              1      18       36.24       500      610      700      900      950      970     1000      129      960     1100   
                                          VAR    BASINP    GEOM    SYMINP    ZMAT    AOBASIS   BASIS     P2S    ABASIS      S 
                                         1400     1410     1200     1210     1080     1600     1650     1700   
                                           T        V       H0       H01     AOSYM     SMH    MOLCAS    OPER   

              2       4        6.42       700     1000      520     2101   
                                         GEOM     BASIS   MCVARS     RHF  

 PROGRAMS   *        TOTAL   RHF-SCF       INT
 CPU TIMES  *       403.21    402.31      0.73
 REAL TIME  *       409.54 SEC
 DISK USED  *        53.50 MB (local),      213.99 MB (total)
 SF USED    *         1.90 MB
 GA USED    *         0.00 MB       (max)       0.00 MB       (current)
 **********************************************************************************************************************************
 SETTING EAB_HF         =      -425.90875552  AU                              

 Dummy atoms: C7  H7  H8  C8  H9  H10  C9  H11  H12  C10  H13  H14  C11  H15  H16


 Recomputing one-electron integrals since nuclear charges changed


 PROGRAM * SEWARD (Integral evaluation for generally contracted gaussian basis sets)     Author: Roland Lindh, 1990

 Geometry written to block  1 of record 700


 Point group  C1  



 ATOMIC COORDINATES

 NR  ATOM    CHARGE       X              Y              Z

   1  C1      6.00    1.446671253    1.640743987    1.551448050
   2  H1      1.00    2.716436829    3.174752429    2.012752609
   3  C2      6.00    2.338824455   -0.836842679    1.500230805
   4  H2      1.00    4.300560808   -1.225559345    1.923195841
   5  C3      6.00    0.703426426   -2.812926623    0.901906976
   6  H3      1.00    1.394972935   -4.735805077    0.863710836
   7  C4      6.00   -1.823459441   -2.311081426    0.353148872
   8  H4      1.00   -3.092460241   -3.844762667   -0.109176315
   9  C5      6.00   -2.715659453    0.167062327    0.403035379
  10  H5      1.00   -4.676475604    0.556150473   -0.021670364
  11  C6      6.00   -1.080746635    2.142995077    1.003090825
  12  H6      1.00   -1.771994961    4.066143701    1.041385821
  13  C7      0.00   -1.445210204   -1.377812271    7.616875731
  14  H7      0.00   -1.646000863   -1.047206273    5.590509434
  15  H8      0.00   -2.676626753   -2.944893920    8.133055678
  16  C8      0.00    1.331820166   -1.863591108    8.267186953
  17  H9      0.00    2.267670709   -3.068452230    6.886582757
  18  H10     0.00    1.451400476   -2.808858143   10.095433930
  19  C9      0.00    2.541503865    0.792223702    8.439062941
  20  H11     0.00    3.770332890    1.156318997    6.829294216
  21  H12     0.00    3.699654992    0.960729490   10.131738558
  22  C10     0.00    0.313429605    2.680394616    8.489843730
  23  H13     0.00    0.092045377    3.547722958    6.633593465
  24  H14     0.00    0.588561615    4.195019232    9.854979242
  25  C11     0.00   -2.018061131    1.060719446    9.048539114
  26  H15     0.00   -3.777374440    1.959732926    8.470447053
  27  H16     0.00   -2.141697905    0.665160250   11.071557528

 Bond lengths in Bohr (Angstrom)

  1- 2  2.044086205   1- 3  2.633817805   1-11  2.634538477   3- 4  2.044115845   3- 5  2.633899366
       ( 1.081683837)       ( 1.393756360)       ( 1.394137723)       ( 1.081699522)       ( 1.393799521)

  5- 6  2.043809450   5- 7  2.634034214   7- 8  2.043596281   7- 9  2.634332170   9-10  2.043664486
       ( 1.081537384)       ( 1.393870879)       ( 1.081424580)       ( 1.394028550)       ( 1.081460673)

  9-11  2.633878641  11-12  2.043964624  13-14  2.062953606  13-15  2.058779578  13-16  2.893230624
       ( 1.393788553)       ( 1.081619499)       ( 1.091668036)       ( 1.089459235)       ( 1.531031712)

 13-25  2.885178533  16-17  2.057565189  16-18  2.061629507  16-19  2.923393288  19-20  2.057654369
       ( 1.526770729)       ( 1.088816608)       ( 1.090967353)       ( 1.546993106)       ( 1.088863800)

 19-21  2.057877299  19-22  2.920972954  22-23  2.060809180  22-24  2.057518000  22-25  2.893326328
       ( 1.088981769)       ( 1.545712321)       ( 1.090533254)       ( 1.088791636)       ( 1.531082357)

 25-26  2.058542928  25-27  2.065031872
       ( 1.089334005)       ( 1.092767807)

 Bond angles

  1- 3- 4  119.99595885   1- 3- 5  119.98982100   1-11- 9  119.99247721   1-11-12  119.99417428

  2- 1- 3  119.99465290   2- 1-11  119.98917260   3- 1-11  120.01603888   3- 5- 6  120.00092044

  3-5-7  120.00210231   4-3-5  120.01419816   5-7-8  119.99020545   5-7-9  120.01235738

  6- 5- 7  119.99697646   7- 9-10  120.00766751   7- 9-11  119.98717818   8- 7- 9  119.99739636

  9-11-12  120.01331426  10- 9-11  120.00511714  13-16-17  112.58587324  13-16-18  109.38914197

 13-16-19  104.94290677  13-25-22  102.55190478  13-25-26  113.54406249  13-25-27  109.63989370

 14-13-15  108.06175064  14-13-16  109.94474614  14-13-25  109.42897214  15-13-16  112.95140774

 15-13-25  113.58855187  16-13-25  102.76489019  16-19-20  111.21523674  16-19-21  110.83188089

 16-19-22  105.82128726  17-16-18  107.46722478  17-16-19  112.53329638  18-16-19  109.90117520

 19-22-23  109.77579238  19-22-24  112.66797385  19-22-25  104.84225976  20-19-21  107.03220053

 20-19-22  110.77833589  21-19-22  111.22655207  22-25-26  112.95325923  22-25-27  110.16010309

 23-22-24  107.58826097  23-22-25  108.84237492  24-22-25  113.06193905  26-25-27  107.91456707

 NUCLEAR CHARGE:                   42
 NUMBER OF PRIMITIVE AOS:         583
 NUMBER OF SYMMETRY AOS:          561
 NUMBER OF CONTRACTIONS:          397   (  397A   )
 NUMBER OF CORE ORBITALS:           6   (    6A   )
 NUMBER OF VALENCE ORBITALS:       30   (   30A   )

 MOLECULE CHANGED: INITIALIZING OCCUPATION AND DUMP RECORDS


 NUCLEAR REPULSION ENERGY  203.67735969


 Eigenvalues of metric

         1 0.229E-05 0.235E-05 0.777E-05 0.795E-05 0.128E-04 0.174E-04 0.176E-04 0.202E-04


 OPERATOR DM      FOR CENTER  0  COORDINATES:    0.000000    0.000000    0.000000


 **********************************************************************************************************************************
 DATASETS  * FILE   NREC   LENGTH (MB)   RECORD NAMES
              1      18       36.24       500      610      700      900      950      970     1000      129      960     1100   
                                          VAR    BASINP    GEOM    SYMINP    ZMAT    AOBASIS   BASIS     P2S    ABASIS      S 
                                         1400     1410     1200     1210     1080     1600     1650     1700   
                                           T        V       H0       H01     AOSYM     SMH    MOLCAS    OPER   

              2       4        6.42       700     1000      520     2101   
                                         GEOM     BASIS   MCVARS     RHF  

 PROGRAMS   *        TOTAL       INT   RHF-SCF       INT
 CPU TIMES  *       403.54      0.32    402.31      0.73
 REAL TIME  *       410.20 SEC
 DISK USED  *        53.50 MB (local),      213.99 MB (total)
 SF USED    *         1.90 MB
 GA USED    *         0.00 MB       (max)       0.00 MB       (current)
 **********************************************************************************************************************************


 PROGRAM * RHF-SCF (CLOSED SHELL)       Authors: W. Meyer, H.-J. Werner


 NUMBER OF ELECTRONS:      21+   21-    SPACE SYMMETRY=1    SPIN SYMMETRY: Singlet 
 CONVERGENCE THRESHOLDS:    1.00E-04 (Density)    1.00E-09 (Energy)
 INTEGRAL THRESHOLDS:       1.00E-12 (Initial)    1.00E-12 (Final)
 MAX. NUMBER OF ITERATIONS:       60
 INTERPOLATION TYPE:            DIIS
 INTERPOLATION STEPS:              2 (START)      1 (STEP)
 LEVEL SHIFTS:                  0.00 (CLOSED)  0.00 (OPEN) 



 Orbital guess generated from atomic densities. Full valence occupancy:   36

 Molecular orbital dump at record        2201.2

 Initial occupancy:  21

 Direct Fock-matrix evaluation.        Authors: Roland Lindh & Martin Schuetz (1993/96)

 Integral Threshold:                  0.1D-11
 Threshold for writing integrals:     0.1D-06
 Prescreening on density matrix:        ON 
 Calculation will be performed fully direct        

 ITERATION   DDIFF            GRAD            ENERGY        2-EL.EN.            DIPOLE MOMENTS         DIIS   CPU(IT)  CPU(TOT)
    1      0.000D+00      0.000D+00      -230.67453723    561.233406    0.00007    0.00040   -0.00183    0     44.2     48.4     start
    2      0.000D+00      0.205D-02      -230.72323753    556.917087    0.00026    0.00000    0.00067    1     42.3     90.6     diag
    3      0.962D-02      0.783D-03      -230.72889004    559.012175   -0.00008    0.00023    0.00050    2     41.7    132.3     diag
    4      0.226D-02      0.270D-03      -230.72980360    558.421492   -0.00000    0.00008    0.00069    3     41.2    173.6     diag
    5      0.266D-02      0.222D-04      -230.72981401    558.426889   -0.00014    0.00013    0.00073    4     40.2    213.8     diag
    6      0.391D-03      0.283D-05      -230.72981422    558.425637   -0.00002    0.00006    0.00069    5     38.2    252.0     diag
    7      0.275D-04      0.546D-06      -230.72981422    558.426124   -0.00014    0.00014    0.00070    6     36.2    288.2     diag
    8      0.338D-05      0.190D-06      -230.72981422    558.426105   -0.00004    0.00008    0.00070    0     34.3    322.5     orth

 Final occupancy:  21

 !RHF STATE  1.1 Energy              -230.729814223177
 Nuclear energy                       203.67735969
 One-electron energy                 -713.62022657
 Two-electron energy                  279.21305265
 Virial quotient                       -1.00083015
 !RHF STATE  1.1 Dipole moment         -0.00004046     0.00007786     0.00069979
 Dipole moment /Debye                  -0.00010282     0.00019788     0.00177857

 Orbital energies:

         1.1          2.1          3.1          4.1          5.1          6.1          7.1          8.1          9.1         10.1
    -11.242272   -11.241725   -11.241695   -11.240509   -11.240476   -11.239898    -1.152716    -1.016910    -1.016817    -0.825435

        11.1         12.1         13.1         14.1         15.1         16.1         17.1         18.1         19.1         20.1
     -0.825415    -0.710034    -0.644536    -0.619361    -0.588227    -0.588109    -0.501795    -0.494352    -0.494344    -0.336250

        21.1         22.1         23.1
     -0.336181     0.024568     0.036893


 HOMO     21.1    -0.336181 =      -9.1479eV
 LUMO     22.1     0.024568 =       0.6685eV
 LUMO-HOMO         0.360749 =       9.8165eV


 **********************************************************************************************************************************
 DATASETS  * FILE   NREC   LENGTH (MB)   RECORD NAMES
              1      18       36.24       500      610      700      900      950      970     1000      129      960     1100   
                                          VAR    BASINP    GEOM    SYMINP    ZMAT    AOBASIS   BASIS     P2S    ABASIS      S 
                                         1400     1410     1200     1210     1080     1600     1650     1700   
                                           T        V       H0       H01     AOSYM     SMH    MOLCAS    OPER   

              2       5       15.24       700     1000      520     2101     2201   
                                         GEOM     BASIS   MCVARS     RHF      RHF  

 PROGRAMS   *        TOTAL   RHF-SCF       INT   RHF-SCF       INT
 CPU TIMES  *       726.15    322.61      0.32    402.31      0.73
 REAL TIME  *       733.50 SEC
 DISK USED  *        61.05 MB (local),      244.22 MB (total)
 SF USED    *         1.90 MB
 GA USED    *         0.00 MB       (max)       0.00 MB       (current)
 **********************************************************************************************************************************
 SETTING EA_HF          =      -230.72981422  AU                              

 Dummy atoms: C1  H1  C2  H2  C3  H3  C4  H4  C5  H5  C6  H6


 Recomputing one-electron integrals since nuclear charges changed


 PROGRAM * SEWARD (Integral evaluation for generally contracted gaussian basis sets)     Author: Roland Lindh, 1990

 Geometry written to block  1 of record 700


 Point group  C1  



 ATOMIC COORDINATES

 NR  ATOM    CHARGE       X              Y              Z

   1  C1      0.00    1.446671253    1.640743987    1.551448050
   2  H1      0.00    2.716436829    3.174752429    2.012752609
   3  C2      0.00    2.338824455   -0.836842679    1.500230805
   4  H2      0.00    4.300560808   -1.225559345    1.923195841
   5  C3      0.00    0.703426426   -2.812926623    0.901906976
   6  H3      0.00    1.394972935   -4.735805077    0.863710836
   7  C4      0.00   -1.823459441   -2.311081426    0.353148872
   8  H4      0.00   -3.092460241   -3.844762667   -0.109176315
   9  C5      0.00   -2.715659453    0.167062327    0.403035379
  10  H5      0.00   -4.676475604    0.556150473   -0.021670364
  11  C6      0.00   -1.080746635    2.142995077    1.003090825
  12  H6      0.00   -1.771994961    4.066143701    1.041385821
  13  C7      6.00   -1.445210204   -1.377812271    7.616875731
  14  H7      1.00   -1.646000863   -1.047206273    5.590509434
  15  H8      1.00   -2.676626753   -2.944893920    8.133055678
  16  C8      6.00    1.331820166   -1.863591108    8.267186953
  17  H9      1.00    2.267670709   -3.068452230    6.886582757
  18  H10     1.00    1.451400476   -2.808858143   10.095433930
  19  C9      6.00    2.541503865    0.792223702    8.439062941
  20  H11     1.00    3.770332890    1.156318997    6.829294216
  21  H12     1.00    3.699654992    0.960729490   10.131738558
  22  C10     6.00    0.313429605    2.680394616    8.489843730
  23  H13     1.00    0.092045377    3.547722958    6.633593465
  24  H14     1.00    0.588561615    4.195019232    9.854979242
  25  C11     6.00   -2.018061131    1.060719446    9.048539114
  26  H15     1.00   -3.777374440    1.959732926    8.470447053
  27  H16     1.00   -2.141697905    0.665160250   11.071557528

 Bond lengths in Bohr (Angstrom)

  1- 2  2.044086205   1- 3  2.633817805   1-11  2.634538477   3- 4  2.044115845   3- 5  2.633899366
       ( 1.081683837)       ( 1.393756360)       ( 1.394137723)       ( 1.081699522)       ( 1.393799521)

  5- 6  2.043809450   5- 7  2.634034214   7- 8  2.043596281   7- 9  2.634332170   9-10  2.043664486
       ( 1.081537384)       ( 1.393870879)       ( 1.081424580)       ( 1.394028550)       ( 1.081460673)

  9-11  2.633878641  11-12  2.043964624  13-14  2.062953606  13-15  2.058779578  13-16  2.893230624
       ( 1.393788553)       ( 1.081619499)       ( 1.091668036)       ( 1.089459235)       ( 1.531031712)

 13-25  2.885178533  16-17  2.057565189  16-18  2.061629507  16-19  2.923393288  19-20  2.057654369
       ( 1.526770729)       ( 1.088816608)       ( 1.090967353)       ( 1.546993106)       ( 1.088863800)

 19-21  2.057877299  19-22  2.920972954  22-23  2.060809180  22-24  2.057518000  22-25  2.893326328
       ( 1.088981769)       ( 1.545712321)       ( 1.090533254)       ( 1.088791636)       ( 1.531082357)

 25-26  2.058542928  25-27  2.065031872
       ( 1.089334005)       ( 1.092767807)

 Bond angles

  1- 3- 4  119.99595885   1- 3- 5  119.98982100   1-11- 9  119.99247721   1-11-12  119.99417428

  2- 1- 3  119.99465290   2- 1-11  119.98917260   3- 1-11  120.01603888   3- 5- 6  120.00092044

  3-5-7  120.00210231   4-3-5  120.01419816   5-7-8  119.99020545   5-7-9  120.01235738

  6- 5- 7  119.99697646   7- 9-10  120.00766751   7- 9-11  119.98717818   8- 7- 9  119.99739636

  9-11-12  120.01331426  10- 9-11  120.00511714  13-16-17  112.58587324  13-16-18  109.38914197

 13-16-19  104.94290677  13-25-22  102.55190478  13-25-26  113.54406249  13-25-27  109.63989370

 14-13-15  108.06175064  14-13-16  109.94474614  14-13-25  109.42897214  15-13-16  112.95140774

 15-13-25  113.58855187  16-13-25  102.76489019  16-19-20  111.21523674  16-19-21  110.83188089

 16-19-22  105.82128726  17-16-18  107.46722478  17-16-19  112.53329638  18-16-19  109.90117520

 19-22-23  109.77579238  19-22-24  112.66797385  19-22-25  104.84225976  20-19-21  107.03220053

 20-19-22  110.77833589  21-19-22  111.22655207  22-25-26  112.95325923  22-25-27  110.16010309

 23-22-24  107.58826097  23-22-25  108.84237492  24-22-25  113.06193905  26-25-27  107.91456707

 NUCLEAR CHARGE:                   40
 NUMBER OF PRIMITIVE AOS:         583
 NUMBER OF SYMMETRY AOS:          561
 NUMBER OF CONTRACTIONS:          397   (  397A   )
 NUMBER OF CORE ORBITALS:           5   (    5A   )
 NUMBER OF VALENCE ORBITALS:       30   (   30A   )

 MOLECULE CHANGED: INITIALIZING OCCUPATION AND DUMP RECORDS


 NUCLEAR REPULSION ENERGY  188.40454382


 Eigenvalues of metric

         1 0.229E-05 0.235E-05 0.777E-05 0.795E-05 0.128E-04 0.174E-04 0.176E-04 0.202E-04


 OPERATOR DM      FOR CENTER  0  COORDINATES:    0.000000    0.000000    0.000000


 **********************************************************************************************************************************
 DATASETS  * FILE   NREC   LENGTH (MB)   RECORD NAMES
              1      18       36.24       500      610      700      900      950      970     1000      129      960     1100   
                                          VAR    BASINP    GEOM    SYMINP    ZMAT    AOBASIS   BASIS     P2S    ABASIS      S 
                                         1400     1410     1200     1210     1080     1600     1650     1700   
                                           T        V       H0       H01     AOSYM     SMH    MOLCAS    OPER   

              2       5       15.24       700     1000      520     2101     2201   
                                         GEOM     BASIS   MCVARS     RHF      RHF  

 PROGRAMS   *        TOTAL       INT   RHF-SCF       INT   RHF-SCF       INT
 CPU TIMES  *       726.47      0.31    322.61      0.32    402.31      0.73
 REAL TIME  *       734.14 SEC
 DISK USED  *        61.05 MB (local),      244.22 MB (total)
 SF USED    *         1.90 MB
 GA USED    *         0.00 MB       (max)       0.00 MB       (current)
 **********************************************************************************************************************************


 PROGRAM * RHF-SCF (CLOSED SHELL)       Authors: W. Meyer, H.-J. Werner


 NUMBER OF ELECTRONS:      20+   20-    SPACE SYMMETRY=1    SPIN SYMMETRY: Singlet 
 CONVERGENCE THRESHOLDS:    1.00E-04 (Density)    1.00E-09 (Energy)
 INTEGRAL THRESHOLDS:       1.00E-12 (Initial)    1.00E-12 (Final)
 MAX. NUMBER OF ITERATIONS:       60
 INTERPOLATION TYPE:            DIIS
 INTERPOLATION STEPS:              2 (START)      1 (STEP)
 LEVEL SHIFTS:                  0.00 (CLOSED)  0.00 (OPEN) 



 Orbital guess generated from atomic densities. Full valence occupancy:   35

 Molecular orbital dump at record        2301.2

 Initial occupancy:  20

 Direct Fock-matrix evaluation.        Authors: Roland Lindh & Martin Schuetz (1993/96)

 Integral Threshold:                  0.1D-11
 Threshold for writing integrals:     0.1D-06
 Prescreening on density matrix:        ON 
 Calculation will be performed fully direct        

 ITERATION   DDIFF            GRAD            ENERGY        2-EL.EN.            DIPOLE MOMENTS         DIIS   CPU(IT)  CPU(TOT)
    1      0.000D+00      0.000D+00      -195.12040180    506.973094   -0.00953   -0.00237   -0.00215    0     43.7     47.7     start
    2      0.000D+00      0.226D-02      -195.17468699    501.768030   -0.00911   -0.00216   -0.00005    1     41.6     89.4     diag
    3      0.417D-02      0.956D-03      -195.18250683    504.466760   -0.00731   -0.00174   -0.00077    2     41.1    130.5     diag
    4      0.152D-02      0.348D-03      -195.18394238    503.749805   -0.00681   -0.00162   -0.00055    3     40.8    171.3     diag
    5      0.777D-03      0.349D-04      -195.18396958    503.738028   -0.00692   -0.00163   -0.00053    4     39.7    211.0     diag
    6      0.156D-03      0.558D-05      -195.18397021    503.738482   -0.00667   -0.00158   -0.00054    5     38.2    249.2     diag
    7      0.286D-04      0.985D-06      -195.18397023    503.737936   -0.00674   -0.00159   -0.00054    6     36.4    285.6     diag
    8      0.569D-05      0.216D-06      -195.18397023    503.737904   -0.00669   -0.00158   -0.00054    7     33.9    319.6     diag
    9      0.669D-06      0.635D-07      -195.18397023    503.737926   -0.00671   -0.00158   -0.00054    0     32.9    352.5     orth

 Final occupancy:  20

 !RHF STATE  1.1 Energy              -195.183970230735
 Nuclear energy                       188.40454382
 One-electron energy                 -635.45747680
 Two-electron energy                  251.86896275
 Virial quotient                       -1.00045486
 !RHF STATE  1.1 Dipole moment         -0.00670611    -0.00158397    -0.00053824
 Dipole moment /Debye                  -0.01704411    -0.00402579    -0.00136798

 Orbital energies:

         1.1          2.1          3.1          4.1          5.1          6.1          7.1          8.1          9.1         10.1
    -11.215756   -11.215377   -11.215343   -11.214707   -11.214674    -1.117883    -0.957724    -0.957018    -0.777241    -0.767270

        11.1         12.1         13.1         14.1         15.1         16.1         17.1         18.1         19.1         20.1
     -0.649580    -0.644029    -0.569332    -0.567903    -0.474201    -0.473190    -0.462685    -0.459902    -0.458156    -0.447806

        21.1         22.1
      0.023539     0.037053


 HOMO     20.1    -0.447806 =     -12.1854eV
 LUMO     21.1     0.023539 =       0.6405eV
 LUMO-HOMO         0.471345 =      12.8259eV


 **********************************************************************************************************************************
 DATASETS  * FILE   NREC   LENGTH (MB)   RECORD NAMES
              1      18       36.24       500      610      700      900      950      970     1000      129      960     1100   
                                          VAR    BASINP    GEOM    SYMINP    ZMAT    AOBASIS   BASIS     P2S    ABASIS      S 
                                         1400     1410     1200     1210     1080     1600     1650     1700   
                                           T        V       H0       H01     AOSYM     SMH    MOLCAS    OPER   

              2       6       24.06       700     1000      520     2101     2201     2301   
                                         GEOM     BASIS   MCVARS     RHF      RHF      RHF  

 PROGRAMS   *        TOTAL   RHF-SCF       INT   RHF-SCF       INT   RHF-SCF       INT
 CPU TIMES  *      1079.07    352.60      0.31    322.61      0.32    402.31      0.73
 REAL TIME  *      1087.24 SEC
 DISK USED  *        70.51 MB (local),      282.03 MB (total)
 SF USED    *         1.90 MB
 GA USED    *         0.00 MB       (max)       0.00 MB       (current)
 **********************************************************************************************************************************
 SETTING EB_HF          =      -195.18397023  AU                              
 SETTING E_AB_INT       =         0.00502894  AU                              

 *** results in hartree
 E_AB_INT         =         0.00502894 AU
 Molecular orbitals read from record     2301.2  Type=RHF/CANONICAL (state 1.1)
 Occupation numbers read from record     2301.2  Type=RHF/RHF (state 1.1)
 Orbital energies read from record       2301.2  Type=RHF/CANONICAL (state 1.1)
 Redundancy group numbers read from rec  2301.2  Type=RHF/RHF (state 1.1)

 RHF/aug-cc-pVDZ energy=   -195.183970230735

         RHF-SCF         RHF-SCF         RHF-SCF
   -195.18397023   -230.72981422   -425.90875552
 **********************************************************************************************************************************
 Molpro calculation terminated
Wed 20 Nov 2019 03:27:37 PM CET
