
 Primary working directories    : /scratch/sirous/120526/molpro.C99r8yNAgO
 Secondary working directories  : /scratch/sirous/120526/molpro.C99r8yNAgO
 Wavefunction directory         : /scratch/sirous/120526/
 Main file repository           : /scratch/sirous/120526/molpro.C99r8yNAgO/

 id        : karlovklimes

 Nodes                      nprocs
 nc-08.cc.karlov.mff.cuni.cz    4

 Using customized tuning parameters: mindgm=1; mindgv=20; mindgc=4; mindgr=1; noblas=0; minvec=7
 default implementation of scratch files=sf  


 Variables initialized (934), CPU time= 0.00 sec
 ***,CH3C6H4CN+CF3CN+BF3
 memory,500,m
 gdirect
 gthresh,energy=1.d-8,twoint=1.d-19,oneint=1.d-19,zero=1.d-15,orbital=1.d-8,grid=1.d-8
 symmetry,nosym
 geomtyp=xyz
                                                                                 ! Geometry
 geometry={
 C1        0.765545459    0.868244327     0.820990952
 H1        1.437476465    1.680006636     1.065102812
 C2        1.237652602    -0.442838075     0.793887953
 H2        2.275758774    -0.648538076     1.017711411
 C3        0.372237234    -1.488536665     0.477268618
 H3        0.738187887    -2.506080122     0.457056091
 C4        -0.964933181    -1.222971623     0.186878335
 H4        -1.636459485    -2.034560785     -0.057773618
 C5        -1.437065095    0.088405576     0.213277138
 H5        -2.474684317    0.294302156     -0.011467463
 C6        -0.571906490    1.134024158     0.530812805
 H6        -0.937699351    2.151710583     0.551077644
 C7        -0.764772305    -0.729106855     4.030677055
 H7        -0.871026146    -0.554157695     2.958370190
 H8        -1.416409880    -1.558370751     4.303827720
 C8        0.704768881    -0.986169945     4.374806934
 H9        1.199999661    -1.623754993     3.644222656
 H10        0.768048056    -1.486383718     5.342273570
 C9        1.344905927    0.419226729     4.465759790
 H11        1.995174243    0.611897662     3.613906866
 H12        1.957773110    0.508396152     5.361485152
 C10        0.165859804    1.418403747     4.492631826
 H13        0.048708316    1.877374140     3.510346488
 H14        0.311453394    2.219908577     5.215030429
 C11        -1.067911961    0.561308558     4.788280691
 H15        -1.998900471    1.037046004     4.482367547
 H16        -1.133337724    0.351987646     5.858815933
 }
 
 
 
 basis=avdz
 
 
 
                                                                                 ! Dimer Calculation
 {rks,pbe,accu=1.d-8;orbital,2101.2}
 eab_PBE=energy
 
 
                                                                                 !monomer A
 dummy,13,14,15,16,17,18,19,20,21,22,23,24,25,26,27;                             ! NOW MONOMER B IS DUMMY
 {rks,pbe,accu=1.d-8;orbital,2201.2}
 ea_PBE=energy
                                                                                 !monomer B
 dummy,1,2,3,4,5,6,7,8,9,10,11,12;                                               !NOW MONOMER A IS DUMMY
 {rks,pbe,accu=1.d-8;orbital,2301.2}
 eb_PBE=energy
 
 E_AB_int=eab_PBE-ea_PBE-eb_PBE
 
 
 text,results in hartree
 show,E_AB_int
 
 Commands  initialized (763), CPU time= 0.01 sec, 617 directives.
 Default parameters read. Elapsed time= 0.20 sec

 Checking input...
 Passed
1


                                         ***  PROGRAM SYSTEM MOLPRO  ***
                                       Copyright, TTI GmbH Stuttgart, 2015
                                    Version 2019.2 linked Jun  8 2019 11:26:33


 **********************************************************************************************************************************
 LABEL *   CH3C6H4CN+CF3CN+BF3                                                           
  64 bit mpp version                                                                     DATE: 20-Nov-19          TIME: 15:12:46  
 **********************************************************************************************************************************

 SHA1:             8135a10abc80eafa5b3ae28ffc55be4890dc4c84
 **********************************************************************************************************************************

 THRESHOLDS:

 ZERO    =  1.00D-15  ONEINT  =  1.00D-19  TWOINT  =  1.00D-19  PREFAC  =  1.00D-14  XXXXXX  =  1.00D-09  EORDER  =  1.00D-04
 ENERGY  =  1.00D-08  ETEST   =  0.00D+00  EDENS   =  0.00D+00  THRDEDEF=  1.00D-06  GRADIENT=  1.00D-02  STEP    =  1.00D-03
 ORBITAL =  1.00D-08  CIVEC   =  1.00D-05  COEFF   =  1.00D-04  PRINTCI =  5.00D-02  PUNCHCI =  9.90D+01  OPTGRAD =  3.00D-04
 OPTENERG=  1.00D-06  OPTSTEP =  3.00D-04  THRGRAD =  1.00D-10  COMPRESS=  1.00D-11  VARMIN  =  1.00D-07  VARMAX  =  1.00D-03
 THRDOUB =  0.00D+00  THRDIV  =  1.00D-05  THRRED  =  1.00D-07  THRPSP  =  1.00D+00  THRDC   =  1.00D-10  THRCS   =  1.00D-10
 THRNRM  =  1.00D-08  THREQ   =  0.00D+00  THRDE   =  1.00D+00  THRREF  =  1.00D-05  SPARFAC =  1.00D+00  THRDLP  =  1.00D-07
 THRDIA  =  1.00D-10  THRDLS  =  1.00D-07  THRGPS  =  0.00D+00  THRKEX  =  0.00D+00  THRDIS  =  2.00D-01  THRVAR  =  1.00D-10
 THRLOC  =  1.00D-06  THRGAP  =  1.00D-06  THRLOCT = -1.00D+00  THRGAPT = -1.00D+00  THRORB  =  1.00D-06  THRMLTP =  0.00D+00
 THRCPQCI=  1.00D-10  KEXTA   =  0.00D+00  THRCOARS=  0.00D+00  SYMTOL  =  1.00D-06  GRADTOL =  1.00D-06  THROVL  =  1.00D-08
 THRORTH =  1.00D-08  GRID    =  1.00D-08  GRIDMAX =  1.00D-03  DTMAX   =  0.00D+00  THROCCDE=  1.00D-01  THROCCDE=  1.00D-01
 THRPRINT=  2.50D-01


 Variable memory set to  500000000 words,  buffer space 

 SETTING GEOMTYP        =    XYZ
 ZSYMEL=NOSYM

 SETTING BASIS          =    AVDZ


 Recomputing integrals since basis changed


 Using spherical harmonics

 Library entry C      S aug-cc-pVDZ          selected for orbital group  1
 Library entry C      P aug-cc-pVDZ          selected for orbital group  1
 Library entry C      D aug-cc-pVDZ          selected for orbital group  1
 Library entry H      S aug-cc-pVDZ          selected for orbital group  2
 Library entry H      P aug-cc-pVDZ          selected for orbital group  2


 PROGRAM * SEWARD (Integral evaluation for generally contracted gaussian basis sets)     Author: Roland Lindh, 1990

 Geometry written to block  1 of record 700


 Point group  C1  



 ATOMIC COORDINATES

 NR  ATOM    CHARGE       X              Y              Z

   1  C1      6.00    1.446671253    1.640743987    1.551448050
   2  H1      1.00    2.716436829    3.174752429    2.012752609
   3  C2      6.00    2.338824455   -0.836842679    1.500230805
   4  H2      1.00    4.300560808   -1.225559345    1.923195841
   5  C3      6.00    0.703426426   -2.812926623    0.901906976
   6  H3      1.00    1.394972935   -4.735805077    0.863710836
   7  C4      6.00   -1.823459441   -2.311081426    0.353148872
   8  H4      1.00   -3.092460241   -3.844762667   -0.109176315
   9  C5      6.00   -2.715659453    0.167062327    0.403035379
  10  H5      1.00   -4.676475604    0.556150473   -0.021670364
  11  C6      6.00   -1.080746635    2.142995077    1.003090825
  12  H6      1.00   -1.771994961    4.066143701    1.041385821
  13  C7      6.00   -1.445210204   -1.377812271    7.616875731
  14  H7      1.00   -1.646000863   -1.047206273    5.590509434
  15  H8      1.00   -2.676626753   -2.944893920    8.133055678
  16  C8      6.00    1.331820166   -1.863591108    8.267186953
  17  H9      1.00    2.267670709   -3.068452230    6.886582757
  18  H10     1.00    1.451400476   -2.808858143   10.095433930
  19  C9      6.00    2.541503865    0.792223702    8.439062941
  20  H11     1.00    3.770332890    1.156318997    6.829294216
  21  H12     1.00    3.699654992    0.960729490   10.131738558
  22  C10     6.00    0.313429605    2.680394616    8.489843730
  23  H13     1.00    0.092045377    3.547722958    6.633593465
  24  H14     1.00    0.588561615    4.195019232    9.854979242
  25  C11     6.00   -2.018061131    1.060719446    9.048539114
  26  H15     1.00   -3.777374440    1.959732926    8.470447053
  27  H16     1.00   -2.141697905    0.665160250   11.071557528

 Bond lengths in Bohr (Angstrom)

  1- 2  2.044086205   1- 3  2.633817805   1-11  2.634538477   3- 4  2.044115845   3- 5  2.633899366
       ( 1.081683837)       ( 1.393756360)       ( 1.394137723)       ( 1.081699522)       ( 1.393799521)

  5- 6  2.043809450   5- 7  2.634034214   7- 8  2.043596281   7- 9  2.634332170   9-10  2.043664486
       ( 1.081537384)       ( 1.393870879)       ( 1.081424580)       ( 1.394028550)       ( 1.081460673)

  9-11  2.633878641  11-12  2.043964624  13-14  2.062953606  13-15  2.058779578  13-16  2.893230624
       ( 1.393788553)       ( 1.081619499)       ( 1.091668036)       ( 1.089459235)       ( 1.531031712)

 13-25  2.885178533  16-17  2.057565189  16-18  2.061629507  16-19  2.923393288  19-20  2.057654369
       ( 1.526770729)       ( 1.088816608)       ( 1.090967353)       ( 1.546993106)       ( 1.088863800)

 19-21  2.057877299  19-22  2.920972954  22-23  2.060809180  22-24  2.057518000  22-25  2.893326328
       ( 1.088981769)       ( 1.545712321)       ( 1.090533254)       ( 1.088791636)       ( 1.531082357)

 25-26  2.058542928  25-27  2.065031872
       ( 1.089334005)       ( 1.092767807)

 Bond angles

  1- 3- 4  119.99595885   1- 3- 5  119.98982100   1-11- 9  119.99247721   1-11-12  119.99417428

  2- 1- 3  119.99465290   2- 1-11  119.98917260   3- 1-11  120.01603888   3- 5- 6  120.00092044

  3-5-7  120.00210231   4-3-5  120.01419816   5-7-8  119.99020545   5-7-9  120.01235738

  6- 5- 7  119.99697646   7- 9-10  120.00766751   7- 9-11  119.98717818   8- 7- 9  119.99739636

  9-11-12  120.01331426  10- 9-11  120.00511714  13-16-17  112.58587324  13-16-18  109.38914197

 13-16-19  104.94290677  13-25-22  102.55190478  13-25-26  113.54406249  13-25-27  109.63989370

 14-13-15  108.06175064  14-13-16  109.94474614  14-13-25  109.42897214  15-13-16  112.95140774

 15-13-25  113.58855187  16-13-25  102.76489019  16-19-20  111.21523674  16-19-21  110.83188089

 16-19-22  105.82128726  17-16-18  107.46722478  17-16-19  112.53329638  18-16-19  109.90117520

 19-22-23  109.77579238  19-22-24  112.66797385  19-22-25  104.84225976  20-19-21  107.03220053

 20-19-22  110.77833589  21-19-22  111.22655207  22-25-26  112.95325923  22-25-27  110.16010309

 23-22-24  107.58826097  23-22-25  108.84237492  24-22-25  113.06193905  26-25-27  107.91456707

 NUCLEAR CHARGE:                   82
 NUMBER OF PRIMITIVE AOS:         583
 NUMBER OF SYMMETRY AOS:          561
 NUMBER OF CONTRACTIONS:          397   (  397A   )
 NUMBER OF CORE ORBITALS:          11   (   11A   )
 NUMBER OF VALENCE ORBITALS:       60   (   60A   )


 NUCLEAR REPULSION ENERGY  596.06899782


 Eigenvalues of metric

         1 0.229E-05 0.235E-05 0.777E-05 0.795E-05 0.128E-04 0.174E-04 0.176E-04 0.202E-04


 OPERATOR DM      FOR CENTER  0  COORDINATES:    0.000000    0.000000    0.000000


 **********************************************************************************************************************************
 DATASETS  * FILE   NREC   LENGTH (MB)   RECORD NAMES
              1      18       36.24       500      610      700      900      950      970     1000      129      960     1100   
                                          VAR    BASINP    GEOM    SYMINP    ZMAT    AOBASIS   BASIS     P2S    ABASIS      S 
                                         1400     1410     1200     1210     1080     1600     1650     1700   
                                           T        V       H0       H01     AOSYM     SMH    MOLCAS    OPER   

 PROGRAMS   *        TOTAL       INT
 CPU TIMES  *         0.89      0.71
 REAL TIME  *         2.86 SEC
 DISK USED  *        37.07 MB (local),      148.26 MB (total)
 GA USED    *         0.00 MB       (max)       0.00 MB       (current)
 **********************************************************************************************************************************

 Density functional group PBE=PBEX+PBEC
 Functional: PBEX(Automatically generated (new) PBEX)                          Gradient terms: 1
 Functional: PBEC(Automatically generated (new) PBEC)                          Gradient terms: 1
 Use libxcgrid:  F
 Use grid at  1800.2

 Functional: PBEX                      Factor:  1.0000
 Functional: PBEC                      Factor:  1.0000

 Generated new metagrid on record  1800.2 with target accuracy 1.0D-08 and 250588 points in CPU time    0.7
 Computed new grid on record 1800.1 in CPU time    1.2
  320661 words reserved for DFT integration

 PROGRAM * RKS-SCF (Restricted closed shell Kohn-Sham)     Authors: W. Meyer, H.-J. Werner, P.J. Knowles, 1993

 NUMBER OF ELECTRONS:      41+   41-    SPACE SYMMETRY=1    SPIN SYMMETRY: Singlet 
 CONVERGENCE THRESHOLDS:    1.00E-04 (Density)    1.00E-08 (Energy)
 INTEGRAL THRESHOLDS:       1.00E-12 (Initial)    1.00E-12 (Final)
 MAX. NUMBER OF ITERATIONS:       60
 INTERPOLATION TYPE:            DIIS
 INTERPOLATION STEPS:              2 (START)      1 (STEP)
 LEVEL SHIFTS:                  0.00 (CLOSED)  0.00 (OPEN) 



 Use fine grid record 1800.2 for energy threshold  1.0D-08
 Orbital guess generated from atomic densities. Full valence occupancy:   71

 Molecular orbital dump at record        2101.2

 Initial occupancy:  41

 Direct Fock-matrix evaluation.        Authors: Roland Lindh & Martin Schuetz (1993/96)

 Integral Threshold:                  0.1D-11
 Threshold for writing integrals:     0.1D-06
 Prescreening on density matrix:        ON 
 Calculation will be performed fully direct        

 ITERATION   DDIFF            GRAD            ENERGY        2-EL.EN.            DIPOLE MOMENTS         DIIS   CPU(IT)  CPU(TOT)
    1      0.000D+00      0.000D+00      -427.74933393   1634.912238   -0.00779   -0.00333   -0.06853    0     44.3     55.8     start
    2      0.000D+00      0.541D-02      -426.61111875   1531.861884   -0.13519   -0.08306   -0.30345    1     43.0     98.7     diag
    3      0.709D-01      0.101D-01      -428.24009442   1600.061787   -0.12020   -0.10954   -0.19993    2     42.9    141.6     diag
    4      0.326D-01      0.835D-03      -428.24752666   1598.609596    0.15522    0.12291   -0.05642    3     42.1    183.7     diag
    5      0.590D-02      0.458D-03      -428.24961980   1598.663918   -0.22439   -0.16202   -0.19205    4     41.8    225.5     diag
    6      0.293D-02      0.282D-03      -428.25090311   1598.657040    0.01655    0.00772   -0.13126    5     41.3    266.8     diag
    7      0.827D-03      0.851D-04      -428.25102681   1598.731943   -0.03450   -0.02809   -0.13708    6     40.8    307.7     diag
    8      0.284D-03      0.120D-04      -428.25102886   1598.743630   -0.03353   -0.02513   -0.13730    7     40.0    347.7     diag
    9      0.758D-04      0.455D-05      -428.25102920   1598.755915   -0.03283   -0.02585   -0.13695    8     39.3    387.0     diag
   10      0.282D-04      0.611D-06      -428.25102921   1598.755585   -0.03304   -0.02562   -0.13719    9     37.9    424.9     orth
   11      0.345D-05      0.420D-06      -428.25102920   1598.754949   -0.03265   -0.02607   -0.13706    0     37.7    462.6     orth

 Final occupancy:  41

 !RKS STATE  1.1 Energy              -428.251029197518
 Nuclear energy                       596.06899782
 One-electron energy                -1758.54832892
 Two-electron energy                  799.37747446
 Density functional                   -65.14917255     PBEX=-62.45608240 PBEC= -2.69309015
 Virial quotient                       -1.00528322
 !RKS STATE  1.1 Dipole moment         -0.03265078    -0.02607420    -0.13705669
 Dipole moment /Debye                  -0.08298457    -0.06626966    -0.34834054

 Orbital energies:

         1.1          2.1          3.1          4.1          5.1          6.1          7.1          8.1          9.1         10.1
     -9.903068    -9.902852    -9.902810    -9.902543    -9.902412    -9.902264    -9.875892    -9.875501    -9.875381    -9.874679

        11.1         12.1         13.1         14.1         15.1         16.1         17.1         18.1         19.1         20.1
     -9.871795    -0.784989    -0.752459    -0.682139    -0.682076    -0.631034    -0.630293    -0.548501    -0.548488    -0.502019

        21.1         22.1         23.1         24.1         25.1         26.1         27.1         28.1         29.1         30.1
     -0.493971    -0.477032    -0.423515    -0.421141    -0.414347    -0.402651    -0.378333    -0.378205    -0.359649    -0.358813

        31.1         32.1         33.1         34.1         35.1         36.1         37.1         38.1         39.1         40.1
     -0.335561    -0.303963    -0.303922    -0.287254    -0.286946    -0.285998    -0.281813    -0.270955    -0.263607    -0.234753

        41.1         42.1         43.1
     -0.234692    -0.046752    -0.046673


 HOMO     41.1    -0.234692 =      -6.3863eV
 LUMO     42.1    -0.046752 =      -1.2722eV
 LUMO-HOMO         0.187940 =       5.1141eV


 **********************************************************************************************************************************
 DATASETS  * FILE   NREC   LENGTH (MB)   RECORD NAMES
              1      19       36.24       500      610      700      900      950      970     1000      129      960     1100   
                                          VAR    BASINP    GEOM    SYMINP    ZMAT    AOBASIS   BASIS     P2S    ABASIS      S 
                                         1400     1410     1200     1210     1080     1600     1650     1700     1800   
                                           T        V       H0       H01     AOSYM     SMH    MOLCAS    OPER     GRID   

              2       5        6.44       700     1000      520     1800     2101   
                                         GEOM     BASIS   MCVARS    GRID      RKS  

 PROGRAMS   *        TOTAL   RKS-SCF       INT
 CPU TIMES  *       464.85    463.96      0.71
 REAL TIME  *       468.94 SEC
 DISK USED  *        54.16 MB (local),      216.62 MB (total)
 SF USED    *         1.90 MB
 GA USED    *         8.09 MB       (max)       8.08 MB       (current)
 **********************************************************************************************************************************
 SETTING EAB_PBE        =      -428.25102920  AU                              

 Dummy atoms: C7  H7  H8  C8  H9  H10  C9  H11  H12  C10  H13  H14  C11  H15  H16


 Recomputing one-electron integrals since nuclear charges changed


 PROGRAM * SEWARD (Integral evaluation for generally contracted gaussian basis sets)     Author: Roland Lindh, 1990

 Geometry written to block  1 of record 700


 Point group  C1  



 ATOMIC COORDINATES

 NR  ATOM    CHARGE       X              Y              Z

   1  C1      6.00    1.446671253    1.640743987    1.551448050
   2  H1      1.00    2.716436829    3.174752429    2.012752609
   3  C2      6.00    2.338824455   -0.836842679    1.500230805
   4  H2      1.00    4.300560808   -1.225559345    1.923195841
   5  C3      6.00    0.703426426   -2.812926623    0.901906976
   6  H3      1.00    1.394972935   -4.735805077    0.863710836
   7  C4      6.00   -1.823459441   -2.311081426    0.353148872
   8  H4      1.00   -3.092460241   -3.844762667   -0.109176315
   9  C5      6.00   -2.715659453    0.167062327    0.403035379
  10  H5      1.00   -4.676475604    0.556150473   -0.021670364
  11  C6      6.00   -1.080746635    2.142995077    1.003090825
  12  H6      1.00   -1.771994961    4.066143701    1.041385821
  13  C7      0.00   -1.445210204   -1.377812271    7.616875731
  14  H7      0.00   -1.646000863   -1.047206273    5.590509434
  15  H8      0.00   -2.676626753   -2.944893920    8.133055678
  16  C8      0.00    1.331820166   -1.863591108    8.267186953
  17  H9      0.00    2.267670709   -3.068452230    6.886582757
  18  H10     0.00    1.451400476   -2.808858143   10.095433930
  19  C9      0.00    2.541503865    0.792223702    8.439062941
  20  H11     0.00    3.770332890    1.156318997    6.829294216
  21  H12     0.00    3.699654992    0.960729490   10.131738558
  22  C10     0.00    0.313429605    2.680394616    8.489843730
  23  H13     0.00    0.092045377    3.547722958    6.633593465
  24  H14     0.00    0.588561615    4.195019232    9.854979242
  25  C11     0.00   -2.018061131    1.060719446    9.048539114
  26  H15     0.00   -3.777374440    1.959732926    8.470447053
  27  H16     0.00   -2.141697905    0.665160250   11.071557528

 Bond lengths in Bohr (Angstrom)

  1- 2  2.044086205   1- 3  2.633817805   1-11  2.634538477   3- 4  2.044115845   3- 5  2.633899366
       ( 1.081683837)       ( 1.393756360)       ( 1.394137723)       ( 1.081699522)       ( 1.393799521)

  5- 6  2.043809450   5- 7  2.634034214   7- 8  2.043596281   7- 9  2.634332170   9-10  2.043664486
       ( 1.081537384)       ( 1.393870879)       ( 1.081424580)       ( 1.394028550)       ( 1.081460673)

  9-11  2.633878641  11-12  2.043964624  13-14  2.062953606  13-15  2.058779578  13-16  2.893230624
       ( 1.393788553)       ( 1.081619499)       ( 1.091668036)       ( 1.089459235)       ( 1.531031712)

 13-25  2.885178533  16-17  2.057565189  16-18  2.061629507  16-19  2.923393288  19-20  2.057654369
       ( 1.526770729)       ( 1.088816608)       ( 1.090967353)       ( 1.546993106)       ( 1.088863800)

 19-21  2.057877299  19-22  2.920972954  22-23  2.060809180  22-24  2.057518000  22-25  2.893326328
       ( 1.088981769)       ( 1.545712321)       ( 1.090533254)       ( 1.088791636)       ( 1.531082357)

 25-26  2.058542928  25-27  2.065031872
       ( 1.089334005)       ( 1.092767807)

 Bond angles

  1- 3- 4  119.99595885   1- 3- 5  119.98982100   1-11- 9  119.99247721   1-11-12  119.99417428

  2- 1- 3  119.99465290   2- 1-11  119.98917260   3- 1-11  120.01603888   3- 5- 6  120.00092044

  3-5-7  120.00210231   4-3-5  120.01419816   5-7-8  119.99020545   5-7-9  120.01235738

  6- 5- 7  119.99697646   7- 9-10  120.00766751   7- 9-11  119.98717818   8- 7- 9  119.99739636

  9-11-12  120.01331426  10- 9-11  120.00511714  13-16-17  112.58587324  13-16-18  109.38914197

 13-16-19  104.94290677  13-25-22  102.55190478  13-25-26  113.54406249  13-25-27  109.63989370

 14-13-15  108.06175064  14-13-16  109.94474614  14-13-25  109.42897214  15-13-16  112.95140774

 15-13-25  113.58855187  16-13-25  102.76489019  16-19-20  111.21523674  16-19-21  110.83188089

 16-19-22  105.82128726  17-16-18  107.46722478  17-16-19  112.53329638  18-16-19  109.90117520

 19-22-23  109.77579238  19-22-24  112.66797385  19-22-25  104.84225976  20-19-21  107.03220053

 20-19-22  110.77833589  21-19-22  111.22655207  22-25-26  112.95325923  22-25-27  110.16010309

 23-22-24  107.58826097  23-22-25  108.84237492  24-22-25  113.06193905  26-25-27  107.91456707

 NUCLEAR CHARGE:                   42
 NUMBER OF PRIMITIVE AOS:         583
 NUMBER OF SYMMETRY AOS:          561
 NUMBER OF CONTRACTIONS:          397   (  397A   )
 NUMBER OF CORE ORBITALS:           6   (    6A   )
 NUMBER OF VALENCE ORBITALS:       30   (   30A   )

 MOLECULE CHANGED: INITIALIZING OCCUPATION AND DUMP RECORDS


 NUCLEAR REPULSION ENERGY  203.67735969


 Eigenvalues of metric

         1 0.229E-05 0.235E-05 0.777E-05 0.795E-05 0.128E-04 0.174E-04 0.176E-04 0.202E-04


 OPERATOR DM      FOR CENTER  0  COORDINATES:    0.000000    0.000000    0.000000


 **********************************************************************************************************************************
 DATASETS  * FILE   NREC   LENGTH (MB)   RECORD NAMES
              1      19       36.24       500      610      700      900      950      970     1000      129      960     1100   
                                          VAR    BASINP    GEOM    SYMINP    ZMAT    AOBASIS   BASIS     P2S    ABASIS      S 
                                         1400     1410     1200     1210     1080     1600     1650     1700     1800   
                                           T        V       H0       H01     AOSYM     SMH    MOLCAS    OPER     GRID   

              2       5        6.44       700     1000      520     1800     2101   
                                         GEOM     BASIS   MCVARS    GRID      RKS  

 PROGRAMS   *        TOTAL       INT   RKS-SCF       INT
 CPU TIMES  *       465.16      0.30    463.96      0.71
 REAL TIME  *       469.59 SEC
 DISK USED  *        54.16 MB (local),      216.62 MB (total)
 SF USED    *         1.90 MB
 GA USED    *         8.09 MB       (max)       8.08 MB       (current)
 **********************************************************************************************************************************

 Density functional group PBE=PBEX+PBEC
 Functional: PBEX(Automatically generated (new) PBEX)                          Gradient terms: 1
 Functional: PBEC(Automatically generated (new) PBEC)                          Gradient terms: 1
 Use libxcgrid:  F
 Use grid at  1800.2

 Functional: PBEX                      Factor:  1.0000
 Functional: PBEC                      Factor:  1.0000

 Generated new metagrid on record  1800.2 with target accuracy 1.0D-08 and 250588 points in CPU time    0.7
 Computed new grid on record 1800.1 in CPU time    1.2
  320661 words reserved for DFT integration

 PROGRAM * RKS-SCF (Restricted closed shell Kohn-Sham)     Authors: W. Meyer, H.-J. Werner, P.J. Knowles, 1993

 NUMBER OF ELECTRONS:      21+   21-    SPACE SYMMETRY=1    SPIN SYMMETRY: Singlet 
 CONVERGENCE THRESHOLDS:    1.00E-04 (Density)    1.00E-08 (Energy)
 INTEGRAL THRESHOLDS:       1.00E-12 (Initial)    1.00E-12 (Final)
 MAX. NUMBER OF ITERATIONS:       60
 INTERPOLATION TYPE:            DIIS
 INTERPOLATION STEPS:              2 (START)      1 (STEP)
 LEVEL SHIFTS:                  0.00 (CLOSED)  0.00 (OPEN) 



 Use fine grid record 1800.2 for energy threshold  1.0D-08
 Orbital guess generated from atomic densities. Full valence occupancy:   36

 Molecular orbital dump at record        2201.2

 Initial occupancy:  21

 Direct Fock-matrix evaluation.        Authors: Roland Lindh & Martin Schuetz (1993/96)

 Integral Threshold:                  0.1D-11
 Threshold for writing integrals:     0.1D-06
 Prescreening on density matrix:        ON 
 Calculation will be performed fully direct        

 ITERATION   DDIFF            GRAD            ENERGY        2-EL.EN.            DIPOLE MOMENTS         DIIS   CPU(IT)  CPU(TOT)
    1      0.000D+00      0.000D+00      -231.74167305    643.367173   -0.00009    0.00062   -0.00300    0     43.5     55.0     start
    2      0.000D+00      0.477D-02      -231.38471256    599.441129   -0.00143   -0.00243    0.01045    1     42.2     97.2     diag
    3      0.613D-01      0.798D-02      -231.96012633    627.088432   -0.00109    0.00047    0.00101    2     42.0    139.2     diag
    4      0.257D-01      0.521D-03      -231.96221732    626.685455    0.00191   -0.00034    0.00145    3     41.1    180.2     diag
    5      0.205D-02      0.112D-03      -231.96231901    626.609265   -0.00384    0.00072    0.00035    4     40.3    220.5     diag
    6      0.377D-03      0.129D-04      -231.96231901    626.642491    0.00772   -0.00135    0.00280    5     39.2    259.7     diag
    7      0.167D-03      0.132D-04      -231.96232070    626.644820   -0.00088    0.00020    0.00093    6     38.3    298.0     diag
    8      0.324D-04      0.139D-05      -231.96232072    626.645605   -0.00008    0.00005    0.00114    7     37.2    335.1     diag
    9      0.562D-05      0.373D-06      -231.96232072    626.645572   -0.00010    0.00005    0.00112    8     35.1    370.2     diag
   10      0.116D-05      0.663D-07      -231.96232072    626.645479   -0.00009    0.00005    0.00112    0     34.4    404.7     orth

 Final occupancy:  21

 !RKS STATE  1.1 Energy              -231.962320721804
 Nuclear energy                       203.67735969
 One-electron energy                 -714.47615937
 Two-electron energy                  313.32273956
 Density functional                   -34.48626061     PBEX=-33.10713339 PBEC= -1.37912721
 Virial quotient                       -1.00519650
 !RKS STATE  1.1 Dipole moment         -0.00008885     0.00005277     0.00111631
 Dipole moment /Debye                  -0.00022582     0.00013411     0.00283718

 Orbital energies:

         1.1          2.1          3.1          4.1          5.1          6.1          7.1          8.1          9.1         10.1
     -9.900182    -9.900066    -9.900059    -9.899694    -9.899684    -9.899512    -0.781685    -0.679085    -0.679012    -0.545584

        11.1         12.1         13.1         14.1         15.1         16.1         17.1         18.1         19.1         20.1
     -0.545574    -0.474018    -0.411637    -0.399687    -0.375342    -0.375246    -0.332596    -0.301162    -0.301148    -0.231937

        21.1         22.1         23.1
     -0.231876    -0.043321    -0.043300


 HOMO     21.1    -0.231876 =      -6.3097eV
 LUMO     22.1    -0.043321 =      -1.1788eV
 LUMO-HOMO         0.188555 =       5.1309eV


 **********************************************************************************************************************************
 DATASETS  * FILE   NREC   LENGTH (MB)   RECORD NAMES
              1      19       36.24       500      610      700      900      950      970     1000      129      960     1100   
                                          VAR    BASINP    GEOM    SYMINP    ZMAT    AOBASIS   BASIS     P2S    ABASIS      S 
                                         1400     1410     1200     1210     1080     1600     1650     1700     1800   
                                           T        V       H0       H01     AOSYM     SMH    MOLCAS    OPER     GRID   

              2       6       15.26       700     1000      520     1800     2101     2201   
                                         GEOM     BASIS   MCVARS    GRID      RKS      RKS  

 PROGRAMS   *        TOTAL   RKS-SCF       INT   RKS-SCF       INT
 CPU TIMES  *       871.23    406.07      0.30    463.96      0.71
 REAL TIME  *       876.51 SEC
 DISK USED  *        62.34 MB (local),      249.38 MB (total)
 SF USED    *         1.90 MB
 GA USED    *         8.09 MB       (max)       8.08 MB       (current)
 **********************************************************************************************************************************
 SETTING EA_PBE         =      -231.96232072  AU                              

 Dummy atoms: C1  H1  C2  H2  C3  H3  C4  H4  C5  H5  C6  H6


 Recomputing one-electron integrals since nuclear charges changed


 PROGRAM * SEWARD (Integral evaluation for generally contracted gaussian basis sets)     Author: Roland Lindh, 1990

 Geometry written to block  1 of record 700


 Point group  C1  



 ATOMIC COORDINATES

 NR  ATOM    CHARGE       X              Y              Z

   1  C1      0.00    1.446671253    1.640743987    1.551448050
   2  H1      0.00    2.716436829    3.174752429    2.012752609
   3  C2      0.00    2.338824455   -0.836842679    1.500230805
   4  H2      0.00    4.300560808   -1.225559345    1.923195841
   5  C3      0.00    0.703426426   -2.812926623    0.901906976
   6  H3      0.00    1.394972935   -4.735805077    0.863710836
   7  C4      0.00   -1.823459441   -2.311081426    0.353148872
   8  H4      0.00   -3.092460241   -3.844762667   -0.109176315
   9  C5      0.00   -2.715659453    0.167062327    0.403035379
  10  H5      0.00   -4.676475604    0.556150473   -0.021670364
  11  C6      0.00   -1.080746635    2.142995077    1.003090825
  12  H6      0.00   -1.771994961    4.066143701    1.041385821
  13  C7      6.00   -1.445210204   -1.377812271    7.616875731
  14  H7      1.00   -1.646000863   -1.047206273    5.590509434
  15  H8      1.00   -2.676626753   -2.944893920    8.133055678
  16  C8      6.00    1.331820166   -1.863591108    8.267186953
  17  H9      1.00    2.267670709   -3.068452230    6.886582757
  18  H10     1.00    1.451400476   -2.808858143   10.095433930
  19  C9      6.00    2.541503865    0.792223702    8.439062941
  20  H11     1.00    3.770332890    1.156318997    6.829294216
  21  H12     1.00    3.699654992    0.960729490   10.131738558
  22  C10     6.00    0.313429605    2.680394616    8.489843730
  23  H13     1.00    0.092045377    3.547722958    6.633593465
  24  H14     1.00    0.588561615    4.195019232    9.854979242
  25  C11     6.00   -2.018061131    1.060719446    9.048539114
  26  H15     1.00   -3.777374440    1.959732926    8.470447053
  27  H16     1.00   -2.141697905    0.665160250   11.071557528

 Bond lengths in Bohr (Angstrom)

  1- 2  2.044086205   1- 3  2.633817805   1-11  2.634538477   3- 4  2.044115845   3- 5  2.633899366
       ( 1.081683837)       ( 1.393756360)       ( 1.394137723)       ( 1.081699522)       ( 1.393799521)

  5- 6  2.043809450   5- 7  2.634034214   7- 8  2.043596281   7- 9  2.634332170   9-10  2.043664486
       ( 1.081537384)       ( 1.393870879)       ( 1.081424580)       ( 1.394028550)       ( 1.081460673)

  9-11  2.633878641  11-12  2.043964624  13-14  2.062953606  13-15  2.058779578  13-16  2.893230624
       ( 1.393788553)       ( 1.081619499)       ( 1.091668036)       ( 1.089459235)       ( 1.531031712)

 13-25  2.885178533  16-17  2.057565189  16-18  2.061629507  16-19  2.923393288  19-20  2.057654369
       ( 1.526770729)       ( 1.088816608)       ( 1.090967353)       ( 1.546993106)       ( 1.088863800)

 19-21  2.057877299  19-22  2.920972954  22-23  2.060809180  22-24  2.057518000  22-25  2.893326328
       ( 1.088981769)       ( 1.545712321)       ( 1.090533254)       ( 1.088791636)       ( 1.531082357)

 25-26  2.058542928  25-27  2.065031872
       ( 1.089334005)       ( 1.092767807)

 Bond angles

  1- 3- 4  119.99595885   1- 3- 5  119.98982100   1-11- 9  119.99247721   1-11-12  119.99417428

  2- 1- 3  119.99465290   2- 1-11  119.98917260   3- 1-11  120.01603888   3- 5- 6  120.00092044

  3-5-7  120.00210231   4-3-5  120.01419816   5-7-8  119.99020545   5-7-9  120.01235738

  6- 5- 7  119.99697646   7- 9-10  120.00766751   7- 9-11  119.98717818   8- 7- 9  119.99739636

  9-11-12  120.01331426  10- 9-11  120.00511714  13-16-17  112.58587324  13-16-18  109.38914197

 13-16-19  104.94290677  13-25-22  102.55190478  13-25-26  113.54406249  13-25-27  109.63989370

 14-13-15  108.06175064  14-13-16  109.94474614  14-13-25  109.42897214  15-13-16  112.95140774

 15-13-25  113.58855187  16-13-25  102.76489019  16-19-20  111.21523674  16-19-21  110.83188089

 16-19-22  105.82128726  17-16-18  107.46722478  17-16-19  112.53329638  18-16-19  109.90117520

 19-22-23  109.77579238  19-22-24  112.66797385  19-22-25  104.84225976  20-19-21  107.03220053

 20-19-22  110.77833589  21-19-22  111.22655207  22-25-26  112.95325923  22-25-27  110.16010309

 23-22-24  107.58826097  23-22-25  108.84237492  24-22-25  113.06193905  26-25-27  107.91456707

 NUCLEAR CHARGE:                   40
 NUMBER OF PRIMITIVE AOS:         583
 NUMBER OF SYMMETRY AOS:          561
 NUMBER OF CONTRACTIONS:          397   (  397A   )
 NUMBER OF CORE ORBITALS:           5   (    5A   )
 NUMBER OF VALENCE ORBITALS:       30   (   30A   )

 MOLECULE CHANGED: INITIALIZING OCCUPATION AND DUMP RECORDS


 NUCLEAR REPULSION ENERGY  188.40454382


 Eigenvalues of metric

         1 0.229E-05 0.235E-05 0.777E-05 0.795E-05 0.128E-04 0.174E-04 0.176E-04 0.202E-04


 OPERATOR DM      FOR CENTER  0  COORDINATES:    0.000000    0.000000    0.000000


 **********************************************************************************************************************************
 DATASETS  * FILE   NREC   LENGTH (MB)   RECORD NAMES
              1      19       36.24       500      610      700      900      950      970     1000      129      960     1100   
                                          VAR    BASINP    GEOM    SYMINP    ZMAT    AOBASIS   BASIS     P2S    ABASIS      S 
                                         1400     1410     1200     1210     1080     1600     1650     1700     1800   
                                           T        V       H0       H01     AOSYM     SMH    MOLCAS    OPER     GRID   

              2       6       15.26       700     1000      520     1800     2101     2201   
                                         GEOM     BASIS   MCVARS    GRID      RKS      RKS  

 PROGRAMS   *        TOTAL       INT   RKS-SCF       INT   RKS-SCF       INT
 CPU TIMES  *       871.55      0.30    406.07      0.30    463.96      0.71
 REAL TIME  *       877.17 SEC
 DISK USED  *        62.34 MB (local),      249.38 MB (total)
 SF USED    *         1.90 MB
 GA USED    *         8.09 MB       (max)       8.08 MB       (current)
 **********************************************************************************************************************************

 Density functional group PBE=PBEX+PBEC
 Functional: PBEX(Automatically generated (new) PBEX)                          Gradient terms: 1
 Functional: PBEC(Automatically generated (new) PBEC)                          Gradient terms: 1
 Use libxcgrid:  F
 Use grid at  1800.2

 Functional: PBEX                      Factor:  1.0000
 Functional: PBEC                      Factor:  1.0000

 Generated new metagrid on record  1800.2 with target accuracy 1.0D-08 and 250588 points in CPU time    0.7
 Computed new grid on record 1800.1 in CPU time    1.3
  320661 words reserved for DFT integration

 PROGRAM * RKS-SCF (Restricted closed shell Kohn-Sham)     Authors: W. Meyer, H.-J. Werner, P.J. Knowles, 1993

 NUMBER OF ELECTRONS:      20+   20-    SPACE SYMMETRY=1    SPIN SYMMETRY: Singlet 
 CONVERGENCE THRESHOLDS:    1.00E-04 (Density)    1.00E-08 (Energy)
 INTEGRAL THRESHOLDS:       1.00E-12 (Initial)    1.00E-12 (Final)
 MAX. NUMBER OF ITERATIONS:       60
 INTERPOLATION TYPE:            DIIS
 INTERPOLATION STEPS:              2 (START)      1 (STEP)
 LEVEL SHIFTS:                  0.00 (CLOSED)  0.00 (OPEN) 



 Use fine grid record 1800.2 for energy threshold  1.0D-08
 Orbital guess generated from atomic densities. Full valence occupancy:   35

 Molecular orbital dump at record        2301.2

 Initial occupancy:  20

 Direct Fock-matrix evaluation.        Authors: Roland Lindh & Martin Schuetz (1993/96)

 Integral Threshold:                  0.1D-11
 Threshold for writing integrals:     0.1D-06
 Prescreening on density matrix:        ON 
 Calculation will be performed fully direct        

 ITERATION   DDIFF            GRAD            ENERGY        2-EL.EN.            DIPOLE MOMENTS         DIIS   CPU(IT)  CPU(TOT)
    1      0.000D+00      0.000D+00      -196.00362603    582.359529   -0.00466   -0.00152   -0.00137    0     43.5     54.8     start
    2      0.000D+00      0.574D-02      -195.27801420    528.784076   -0.02335   -0.00494    0.00450    1     42.1     96.9     diag
    3      0.308D-01      0.110D-01      -196.28594330    564.423786   -0.01424   -0.00287   -0.00161    2     41.9    138.8     diag
    4      0.201D-01      0.659D-03      -196.28895742    563.785093   -0.00464   -0.00140    0.00016    3     41.0    179.8     diag
    5      0.136D-02      0.196D-03      -196.28925699    563.805303   -0.01709   -0.00351   -0.00068    4     40.3    220.1     diag
    6      0.342D-03      0.253D-04      -196.28925964    563.842473   -0.00666   -0.00172   -0.00016    5     39.4    259.5     diag
    7      0.909D-04      0.192D-04      -196.28926255    563.852589   -0.01105   -0.00247   -0.00036    6     38.5    298.0     diag
    8      0.309D-04      0.114D-05      -196.28926256    563.853197   -0.01134   -0.00252   -0.00040    7     36.9    334.9     diag
    9      0.512D-05      0.179D-06      -196.28926256    563.853078   -0.01122   -0.00250   -0.00037    8     35.2    370.0     diag
   10      0.655D-06      0.675D-07      -196.28926256    563.853077   -0.01125   -0.00250   -0.00040    0     34.3    404.4     orth

 Final occupancy:  20

 !RKS STATE  1.1 Energy              -196.289262563819
 Nuclear energy                       188.40454382
 One-electron energy                 -635.96773404
 Two-electron energy                  281.92653827
 Density functional                   -30.65261062     PBEX=-29.34449082 PBEC= -1.30811979
 Virial quotient                       -1.00550387
 !RKS STATE  1.1 Dipole moment         -0.01125105    -0.00250260    -0.00040119
 Dipole moment /Debye                  -0.02859543    -0.00636056    -0.00101965

 Orbital energies:

         1.1          2.1          3.1          4.1          5.1          6.1          7.1          8.1          9.1         10.1
     -9.881729    -9.881584    -9.881263    -9.881199    -9.880958    -0.759218    -0.637337    -0.636809    -0.509039    -0.499720

        11.1         12.1         13.1         14.1         15.1         16.1         17.1         18.1         19.1         20.1
     -0.429230    -0.427295    -0.365839    -0.364707    -0.293488    -0.292724    -0.292133    -0.288361    -0.280430    -0.269167

        21.1         22.1
     -0.019908    -0.003758


 HOMO     20.1    -0.269167 =      -7.3244eV
 LUMO     21.1    -0.019908 =      -0.5417eV
 LUMO-HOMO         0.249259 =       6.7827eV


 **********************************************************************************************************************************
 DATASETS  * FILE   NREC   LENGTH (MB)   RECORD NAMES
              1      19       36.24       500      610      700      900      950      970     1000      129      960     1100   
                                          VAR    BASINP    GEOM    SYMINP    ZMAT    AOBASIS   BASIS     P2S    ABASIS      S 
                                         1400     1410     1200     1210     1080     1600     1650     1700     1800   
                                           T        V       H0       H01     AOSYM     SMH    MOLCAS    OPER     GRID   

              2       7       24.08       700     1000      520     1800     2101     2201     2301   
                                         GEOM     BASIS   MCVARS    GRID      RKS      RKS      RKS  

 PROGRAMS   *        TOTAL   RKS-SCF       INT   RKS-SCF       INT   RKS-SCF       INT
 CPU TIMES  *      1277.35    405.79      0.30    406.07      0.30    463.96      0.71
 REAL TIME  *      1284.01 SEC
 DISK USED  *        71.17 MB (local),      284.66 MB (total)
 SF USED    *         1.90 MB
 GA USED    *         8.09 MB       (max)       8.08 MB       (current)
 **********************************************************************************************************************************
 SETTING EB_PBE         =      -196.28926256  AU                              
 SETTING E_AB_INT       =         0.00055409  AU                              

 *** results in hartree
 E_AB_INT         =         0.00055409 AU
 Molecular orbitals read from record     2301.2  Type=RKS/CANONICAL (state 1.1)
 Occupation numbers read from record     2301.2  Type=RKS/RHF (state 1.1)
 Orbital energies read from record       2301.2  Type=RKS/CANONICAL (state 1.1)
 Redundancy group numbers read from rec  2301.2  Type=RKS/RHF (state 1.1)

 RPBE/aug-cc-pVDZ energy=   -196.289262563819

         RKS-SCF         RKS-SCF         RKS-SCF
   -196.28926256   -231.96232072   -428.25102920
 **********************************************************************************************************************************
 Molpro calculation terminated
Wed 20 Nov 2019 03:34:11 PM CET
