
 Primary working directories    : /scratch/sirous/43717/molpro.JYTMhlPCwY
 Secondary working directories  : /scratch/sirous/43717/molpro.JYTMhlPCwY
 Wavefunction directory         : /scratch/sirous/43717/
 Main file repository           : /scratch/sirous/43717/molpro.JYTMhlPCwY/

 id        : karlovklimes

 Nodes                      nprocs
 nc-14.cc.karlov.mff.cuni.cz    4

 Using customized tuning parameters: mindgm=1; mindgv=20; mindgc=4; mindgr=1; noblas=0; minvec=7
 default implementation of scratch files=sf  


 Variables initialized (934), CPU time= 0.00 sec
 ***,CH3C6H4CN+CF3CN+BF3
 memory,500,m
 gdirect
 gthresh,energy=1.d-8,twoint=1.d-15,oneint=1.d-15,zero=1.d-15,orbital=1.d-8,grid=1.d-8
 symmetry,nosym
 geomtyp=xyz
                                                                                 ! Geometry
 geometry={
 O1        -0.636134928    -0.023282411     0.280599321
 H1        0.308097372    -0.047078748     0.076463691
 C1        -1.152065407    -1.311287783     0.015259549
 H2        -2.209945023    -1.296265392     0.263955863
 H3        -1.05661024    -1.592670859     -1.036190606
 H4        -0.674835746    -2.086272765     0.620511449
 O2        3.4011319910570474    -0.16909315200933758     -0.0675387084290249
 H5        3.8699213010570475    0.44529137199066243     -0.637204662429025
 C2        3.9099659170570478    -0.012074214009337579     1.254178615570975
 H6        3.356396837057048    -0.7002706410093376     1.8843094955709752
 H7        4.968962019057048    -0.26251311300933755     1.310901756570975
 H8        3.757526279057048    0.9986198389906625     1.632071161570975
 }
 
 
 
 basis=aug-cc-pv5z
 
 
 
                                                                                 ! Dimer Calculation
 {rhf,accu=1.d-8;orbital,2101.2}
 eab_HF=energy
 
 
                                                                                 !monomer A
 dummy,7,8,9,10,11,12;                                                           ! NOW MONOMER B IS DUMMY
 {rhf,accu=1.d-8;orbital,2201.2}
 ea_HF=energy
                                                                                 !monomer B
 dummy,1,2,3,4,5,6;                                                              !NOW MONOMER A IS DUMMY
 {rhf,accu=1.d-8;orbital,2301.2}
 eb_HF=energy
 
 E_AB_int=eab_HF-ea_HF-eb_HF
 
 
 text,results in hartree
 show,E_AB_int
 
 Commands  initialized (763), CPU time= 0.01 sec, 617 directives.
 Default parameters read. Elapsed time= 0.21 sec

 Checking input...
 Passed
1


                                         ***  PROGRAM SYSTEM MOLPRO  ***
                                       Copyright, TTI GmbH Stuttgart, 2015
                                    Version 2019.2 linked Jun  8 2019 11:26:33


 **********************************************************************************************************************************
 LABEL *   CH3C6H4CN+CF3CN+BF3                                                           
  64 bit mpp version                                                                     DATE: 07-Oct-19          TIME: 16:48:11  
 **********************************************************************************************************************************

 SHA1:             8135a10abc80eafa5b3ae28ffc55be4890dc4c84
 **********************************************************************************************************************************

 THRESHOLDS:

 ZERO    =  1.00D-15  ONEINT  =  1.00D-15  TWOINT  =  1.00D-15  PREFAC  =  1.00D-14  XXXXXX  =  1.00D-09  EORDER  =  1.00D-04
 ENERGY  =  1.00D-08  ETEST   =  0.00D+00  EDENS   =  0.00D+00  THRDEDEF=  1.00D-06  GRADIENT=  1.00D-02  STEP    =  1.00D-03
 ORBITAL =  1.00D-08  CIVEC   =  1.00D-05  COEFF   =  1.00D-04  PRINTCI =  5.00D-02  PUNCHCI =  9.90D+01  OPTGRAD =  3.00D-04
 OPTENERG=  1.00D-06  OPTSTEP =  3.00D-04  THRGRAD =  1.00D-10  COMPRESS=  1.00D-11  VARMIN  =  1.00D-07  VARMAX  =  1.00D-03
 THRDOUB =  0.00D+00  THRDIV  =  1.00D-05  THRRED  =  1.00D-07  THRPSP  =  1.00D+00  THRDC   =  1.00D-10  THRCS   =  1.00D-10
 THRNRM  =  1.00D-08  THREQ   =  0.00D+00  THRDE   =  1.00D+00  THRREF  =  1.00D-05  SPARFAC =  1.00D+00  THRDLP  =  1.00D-07
 THRDIA  =  1.00D-10  THRDLS  =  1.00D-07  THRGPS  =  0.00D+00  THRKEX  =  0.00D+00  THRDIS  =  2.00D-01  THRVAR  =  1.00D-10
 THRLOC  =  1.00D-06  THRGAP  =  1.00D-06  THRLOCT = -1.00D+00  THRGAPT = -1.00D+00  THRORB  =  1.00D-06  THRMLTP =  0.00D+00
 THRCPQCI=  1.00D-10  KEXTA   =  0.00D+00  THRCOARS=  0.00D+00  SYMTOL  =  1.00D-06  GRADTOL =  1.00D-06  THROVL  =  1.00D-08
 THRORTH =  1.00D-08  GRID    =  1.00D-08  GRIDMAX =  1.00D-03  DTMAX   =  0.00D+00  THROCCDE=  1.00D-01  THROCCDE=  1.00D-01
 THRPRINT=  2.50D-01


 Variable memory set to  500000000 words,  buffer space 

 SETTING GEOMTYP        =    XYZ
 ZSYMEL=NOSYM

 SETTING BASIS          =    AUG-CC-PV5Z


 Recomputing integrals since basis changed


 Using spherical harmonics

 Library entry O      S aug-cc-pV5Z          selected for orbital group  1
 Library entry O      P aug-cc-pV5Z          selected for orbital group  1
 Library entry O      D aug-cc-pV5Z          selected for orbital group  1
 Library entry O      F aug-cc-pV5Z          selected for orbital group  1
 Library entry O      G aug-cc-pV5Z          selected for orbital group  1
 Library entry O      H aug-cc-pV5Z          selected for orbital group  1
 Library entry H      S aug-cc-pV5Z          selected for orbital group  2
 Library entry H      P aug-cc-pV5Z          selected for orbital group  2
 Library entry H      D aug-cc-pV5Z          selected for orbital group  2
 Library entry H      F aug-cc-pV5Z          selected for orbital group  2
 Library entry H      G aug-cc-pV5Z          selected for orbital group  2
 Library entry C      S aug-cc-pV5Z          selected for orbital group  3
 Library entry C      P aug-cc-pV5Z          selected for orbital group  3
 Library entry C      D aug-cc-pV5Z          selected for orbital group  3
 Library entry C      F aug-cc-pV5Z          selected for orbital group  3
 Library entry C      G aug-cc-pV5Z          selected for orbital group  3
 Library entry C      H aug-cc-pV5Z          selected for orbital group  3


 PROGRAM * SEWARD (Integral evaluation for generally contracted gaussian basis sets)     Author: Roland Lindh, 1990

 Geometry written to block  1 of record 700


 Point group  C1  



 ATOMIC COORDINATES

 NR  ATOM    CHARGE       X              Y              Z

   1  O1      8.00   -1.202120792   -0.043997380    0.530255867
   2  H1      1.00    0.582219653   -0.088965940    0.144495434
   3  C1      6.00   -2.177088097   -2.477974780    0.028836368
   4  H2      1.00   -4.176190844   -2.449586576    0.498804290
   5  H3      1.00   -1.996703974   -3.009711730   -1.958116458
   6  H4      1.00   -1.275254739   -3.942484147    1.172596696
   7  O2      8.00    6.427207977   -0.319539747   -0.127629662
   8  H5      1.00    7.313091383    0.841478739   -1.204142297
   9  C2      6.00    7.388764740   -0.022816958    2.370054095
  10  H6      1.00    6.342670787   -1.323319725    3.560828881
  11  H7      1.00    9.389977339   -0.496077888    2.477245296
  12  H8      1.00    7.100695573    1.887117998    3.084167511

 Bond lengths in Bohr (Angstrom)

 1-2  1.826117221  1-3  2.669499718  3-4  2.053798318  3-5  2.064767336  3-6  2.065497223
     ( 0.966339618)     ( 1.412638415)     ( 1.086823266)     ( 1.092627820)     ( 1.093014059)

  7- 8  1.814285751   7- 9  2.692779228   9-10  2.050259641   9-11  2.059203179   9-12  2.059318662
       ( 0.960078674)       ( 1.424957401)       ( 1.084950678)       ( 1.089683395)       ( 1.089744506)

 Bond angles

  1-3-4  107.45243548   1-3-5  112.56023931   1-3-6  112.51984286   2-1-3  107.14181275

  4- 3- 5  107.98697639   4- 3- 6  107.94343217   5- 3- 6  108.18798930   7- 9-10  106.65583749

  7- 9-11  111.71494436   7- 9-12  111.95602748   8- 7- 9  107.78761842  10- 9-11  108.65333210

 10- 9-12  108.39236686  11- 9-12  109.33255661

 NUCLEAR CHARGE:                   36
 NUMBER OF PRIMITIVE AOS:        1660
 NUMBER OF SYMMETRY AOS:         1240
 NUMBER OF CONTRACTIONS:         1148   ( 1148A   )
 NUMBER OF CORE ORBITALS:           4   (    4A   )
 NUMBER OF VALENCE ORBITALS:       24   (   24A   )


 NUCLEAR REPULSION ENERGY  117.38883037


 Eigenvalues of metric

         1 0.148E-05 0.158E-05 0.168E-05 0.184E-05 0.194E-05 0.230E-05 0.357E-05 0.365E-05


 OPERATOR DM      FOR CENTER  0  COORDINATES:    0.000000    0.000000    0.000000


 **********************************************************************************************************************************
 DATASETS  * FILE   NREC   LENGTH (MB)   RECORD NAMES
              1      18       78.02       500      610      700      900      950      970     1000      129      960     1100   
                                          VAR    BASINP    GEOM    SYMINP    ZMAT    AOBASIS   BASIS     P2S    ABASIS      S 
                                         1400     1410     1200     1210     1080     1600     1650     1700   
                                           T        V       H0       H01     AOSYM     SMH    MOLCAS    OPER   

 PROGRAMS   *        TOTAL       INT
 CPU TIMES  *         2.89      2.72
 REAL TIME  *         4.32 SEC
 DISK USED  *        78.89 MB (local),      315.55 MB (total)
 GA USED    *         0.00 MB       (max)       0.00 MB       (current)
 **********************************************************************************************************************************


 PROGRAM * RHF-SCF (CLOSED SHELL)       Authors: W. Meyer, H.-J. Werner


 NUMBER OF ELECTRONS:      18+   18-    SPACE SYMMETRY=1    SPIN SYMMETRY: Singlet 
 CONVERGENCE THRESHOLDS:    1.00E-04 (Density)    1.00E-09 (Energy)
 INTEGRAL THRESHOLDS:       1.00E-12 (Initial)    1.00E-12 (Final)
 MAX. NUMBER OF ITERATIONS:       60
 INTERPOLATION TYPE:            DIIS
 INTERPOLATION STEPS:              2 (START)      1 (STEP)
 LEVEL SHIFTS:                  0.00 (CLOSED)  0.00 (OPEN) 



 Orbital guess generated from atomic densities. Full valence occupancy:   28

 Molecular orbital dump at record        2101.2

 Initial occupancy:  18

 Direct Fock-matrix evaluation.        Authors: Roland Lindh & Martin Schuetz (1993/96)

 Integral Threshold:                  0.1D-11
 Threshold for writing integrals:     0.1D-06
 Prescreening on density matrix:        ON 
 Calculation will be performed fully direct        

 ITERATION   DDIFF            GRAD            ENERGY        2-EL.EN.            DIPOLE MOMENTS         DIIS   CPU(IT)  CPU(TOT)
    1      0.000D+00      0.000D+00      -230.13457787    402.400826    1.36976   -0.06717   -0.12993    0   3832.1   3874.8     start
    2      0.000D+00      0.193D-02      -230.19009867    397.289192    0.84865   -0.04761   -0.02560    1   3653.4   7528.2     diag
    3      0.103D-02      0.105D-02      -230.20435963    399.795632    0.97760   -0.08849   -0.01282    2   3464.4  10992.7     diag
    4      0.372D-03      0.211D-03      -230.20541747    399.443296    0.97045   -0.08456   -0.01399    3   3349.9  14342.5     diag
    5      0.946D-04      0.413D-04      -230.20548363    399.467288    0.96521   -0.08908   -0.00805    4   3138.2  17480.7     diag
    6      0.253D-04      0.771D-05      -230.20548656    399.463217    0.96527   -0.08959   -0.00774    5   2909.0  20389.7     diag
    7      0.816D-05      0.169D-05      -230.20548669    399.462640    0.96505   -0.08970   -0.00738    6   2630.9  23020.6     diag
    8      0.196D-05      0.625D-06      -230.20548670    399.463121    0.96499   -0.08981   -0.00739    7   2279.2  25299.8     diag
    9      0.383D-06      0.214D-06      -230.20548671    399.463139    0.96497   -0.08979   -0.00737    8   2030.5  27330.2     diag
   10      0.148D-06      0.527D-07      -230.20548671    399.463053    0.96496   -0.08980   -0.00737    0   1707.8  29038.0     orth

 Final occupancy:  18

 !RHF STATE  1.1 Energy              -230.205486705332
 Nuclear energy                       117.38883037
 One-electron energy                 -547.32584360
 Two-electron energy                  199.73152652
 Virial quotient                       -1.00104411
 !RHF STATE  1.1 Dipole moment          0.96495689    -0.08980039    -0.00736869
 Dipole moment /Debye                   2.45251512    -0.22823488    -0.01872811

 Orbital energies:

         1.1          2.1          3.1          4.1          5.1          6.1          7.1          8.1          9.1         10.1
    -20.565308   -20.546347   -11.275899   -11.260396    -1.364899    -1.348423    -0.933706    -0.915758    -0.699317    -0.682022

        11.1         12.1         13.1         14.1         15.1         16.1         17.1         18.1         19.1         20.1
     -0.628763    -0.611589    -0.600949    -0.586007    -0.514007    -0.494969    -0.461620    -0.441417     0.019608     0.030374


 HOMO     18.1    -0.441417 =     -12.0116eV
 LUMO     19.1     0.019608 =       0.5336eV
 LUMO-HOMO         0.461025 =      12.5451eV


 **********************************************************************************************************************************
 DATASETS  * FILE   NREC   LENGTH (MB)   RECORD NAMES
              1      18       78.02       500      610      700      900      950      970     1000      129      960     1100   
                                          VAR    BASINP    GEOM    SYMINP    ZMAT    AOBASIS   BASIS     P2S    ABASIS      S 
                                         1400     1410     1200     1210     1080     1600     1650     1700   
                                           T        V       H0       H01     AOSYM     SMH    MOLCAS    OPER   

              2       4       29.53       700     1000      520     2101   
                                         GEOM     BASIS   MCVARS     RHF  

 PROGRAMS   *        TOTAL   RHF-SCF       INT
 CPU TIMES  *     29042.84  29039.95      2.72
 REAL TIME  *     29127.64 SEC
 DISK USED  *       197.50 MB (local),      790.00 MB (total)
 SF USED    *        15.83 MB
 GA USED    *         0.00 MB       (max)       0.00 MB       (current)
 **********************************************************************************************************************************
 SETTING EAB_HF         =      -230.20548671  AU                              

 Dummy atoms: O2  H5  C2  H6  H7  H8


 Recomputing one-electron integrals since nuclear charges changed


 PROGRAM * SEWARD (Integral evaluation for generally contracted gaussian basis sets)     Author: Roland Lindh, 1990

 Geometry written to block  1 of record 700


 Point group  C1  



 ATOMIC COORDINATES

 NR  ATOM    CHARGE       X              Y              Z

   1  O1      8.00   -1.202120792   -0.043997380    0.530255867
   2  H1      1.00    0.582219653   -0.088965940    0.144495434
   3  C1      6.00   -2.177088097   -2.477974780    0.028836368
   4  H2      1.00   -4.176190844   -2.449586576    0.498804290
   5  H3      1.00   -1.996703974   -3.009711730   -1.958116458
   6  H4      1.00   -1.275254739   -3.942484147    1.172596696
   7  O2      0.00    6.427207977   -0.319539747   -0.127629662
   8  H5      0.00    7.313091383    0.841478739   -1.204142297
   9  C2      0.00    7.388764740   -0.022816958    2.370054095
  10  H6      0.00    6.342670787   -1.323319725    3.560828881
  11  H7      0.00    9.389977339   -0.496077888    2.477245296
  12  H8      0.00    7.100695573    1.887117998    3.084167511

 Bond lengths in Bohr (Angstrom)

 1-2  1.826117221  1-3  2.669499718  3-4  2.053798318  3-5  2.064767336  3-6  2.065497223
     ( 0.966339618)     ( 1.412638415)     ( 1.086823266)     ( 1.092627820)     ( 1.093014059)

  7- 8  1.814285751   7- 9  2.692779228   9-10  2.050259641   9-11  2.059203179   9-12  2.059318662
       ( 0.960078674)       ( 1.424957401)       ( 1.084950678)       ( 1.089683395)       ( 1.089744506)

 Bond angles

  1-3-4  107.45243548   1-3-5  112.56023931   1-3-6  112.51984286   2-1-3  107.14181275

  4- 3- 5  107.98697639   4- 3- 6  107.94343217   5- 3- 6  108.18798930   7- 9-10  106.65583749

  7- 9-11  111.71494436   7- 9-12  111.95602748   8- 7- 9  107.78761842  10- 9-11  108.65333210

 10- 9-12  108.39236686  11- 9-12  109.33255661

 NUCLEAR CHARGE:                   18
 NUMBER OF PRIMITIVE AOS:        1660
 NUMBER OF SYMMETRY AOS:         1240
 NUMBER OF CONTRACTIONS:         1148   ( 1148A   )
 NUMBER OF CORE ORBITALS:           2   (    2A   )
 NUMBER OF VALENCE ORBITALS:       12   (   12A   )

 MOLECULE CHANGED: INITIALIZING OCCUPATION AND DUMP RECORDS


 NUCLEAR REPULSION ENERGY   40.41731286


 Eigenvalues of metric

         1 0.148E-05 0.158E-05 0.168E-05 0.184E-05 0.194E-05 0.230E-05 0.357E-05 0.365E-05


 OPERATOR DM      FOR CENTER  0  COORDINATES:    0.000000    0.000000    0.000000


 **********************************************************************************************************************************
 DATASETS  * FILE   NREC   LENGTH (MB)   RECORD NAMES
              1      18       78.02       500      610      700      900      950      970     1000      129      960     1100   
                                          VAR    BASINP    GEOM    SYMINP    ZMAT    AOBASIS   BASIS     P2S    ABASIS      S 
                                         1400     1410     1200     1210     1080     1600     1650     1700   
                                           T        V       H0       H01     AOSYM     SMH    MOLCAS    OPER   

              2       4       29.53       700     1000      520     2101   
                                         GEOM     BASIS   MCVARS     RHF  

 PROGRAMS   *        TOTAL       INT   RHF-SCF       INT
 CPU TIMES  *     29045.23      2.38  29039.95      2.72
 REAL TIME  *     29130.20 SEC
 DISK USED  *       197.50 MB (local),      790.00 MB (total)
 SF USED    *        15.83 MB
 GA USED    *         0.00 MB       (max)       0.00 MB       (current)
 **********************************************************************************************************************************


 PROGRAM * RHF-SCF (CLOSED SHELL)       Authors: W. Meyer, H.-J. Werner


 NUMBER OF ELECTRONS:       9+    9-    SPACE SYMMETRY=1    SPIN SYMMETRY: Singlet 
 CONVERGENCE THRESHOLDS:    1.00E-04 (Density)    1.00E-09 (Energy)
 INTEGRAL THRESHOLDS:       1.00E-12 (Initial)    1.00E-12 (Final)
 MAX. NUMBER OF ITERATIONS:       60
 INTERPOLATION TYPE:            DIIS
 INTERPOLATION STEPS:              2 (START)      1 (STEP)
 LEVEL SHIFTS:                  0.00 (CLOSED)  0.00 (OPEN) 



 Orbital guess generated from atomic densities. Full valence occupancy:   14

 Molecular orbital dump at record        2201.2

 Initial occupancy:   9

 Direct Fock-matrix evaluation.        Authors: Roland Lindh & Martin Schuetz (1993/96)

 Integral Threshold:                  0.1D-11
 Threshold for writing integrals:     0.1D-06
 Prescreening on density matrix:        ON 
 Calculation will be performed fully direct        

 ITERATION   DDIFF            GRAD            ENERGY        2-EL.EN.            DIPOLE MOMENTS         DIIS   CPU(IT)  CPU(TOT)
    1      0.000D+00      0.000D+00      -115.06466447    164.630016    0.61892   -0.74815   -0.34502    0   3541.1   3567.3     start
    2      0.000D+00      0.195D-02      -115.09313790    162.031927    0.32058   -0.44033   -0.19363    1   3401.8   6969.2     diag
    3      0.728D-03      0.107D-02      -115.10061400    163.301519    0.37641   -0.56132   -0.24050    2   3185.8  10154.9     diag
    4      0.266D-03      0.212D-03      -115.10115313    163.123747    0.37332   -0.55481   -0.23800    3   3056.5  13211.5     diag
    5      0.676D-04      0.430D-04      -115.10118862    163.135216    0.36763   -0.55757   -0.23762    4   2828.6  16040.1     diag
    6      0.186D-04      0.812D-05      -115.10119028    163.133058    0.36743   -0.55830   -0.23780    5   2556.7  18596.8     diag
    7      0.597D-05      0.178D-05      -115.10119036    163.132590    0.36714   -0.55848   -0.23779    6   2236.5  20833.3     diag
    8      0.156D-05      0.476D-06      -115.10119037    163.132989    0.36711   -0.55850   -0.23779    7   1821.2  22654.4     diag
    9      0.267D-06      0.148D-06      -115.10119037    163.132812    0.36710   -0.55850   -0.23779    0   1418.4  24072.9     orth

 Final occupancy:   9

 !RHF STATE  1.1 Energy              -115.101190369311
 Nuclear energy                        40.41731286
 One-electron energy                 -237.08490923
 Two-electron energy                   81.56640600
 Virial quotient                       -1.00102414
 !RHF STATE  1.1 Dipole moment          0.36710078    -0.55850139    -0.23778541
 Dipole moment /Debye                   0.93301601    -1.41947596    -0.60435065

 Orbital energies:

         1.1          2.1          3.1          4.1          5.1          6.1          7.1          8.1          9.1         10.1
    -20.557655   -11.269073    -1.359314    -0.924935    -0.692457    -0.621013    -0.595659    -0.504485    -0.451457     0.015212

        11.1
      0.027940


 HOMO      9.1    -0.451457 =     -12.2848eV
 LUMO     10.1     0.015212 =       0.4139eV
 LUMO-HOMO         0.466669 =      12.6987eV


 **********************************************************************************************************************************
 DATASETS  * FILE   NREC   LENGTH (MB)   RECORD NAMES
              1      18       78.02       500      610      700      900      950      970     1000      129      960     1100   
                                          VAR    BASINP    GEOM    SYMINP    ZMAT    AOBASIS   BASIS     P2S    ABASIS      S 
                                         1400     1410     1200     1210     1080     1600     1650     1700   
                                           T        V       H0       H01     AOSYM     SMH    MOLCAS    OPER   

              2       5       84.80       700     1000      520     2101     2201   
                                         GEOM     BASIS   MCVARS     RHF      RHF  

 PROGRAMS   *        TOTAL   RHF-SCF       INT   RHF-SCF       INT
 CPU TIMES  *     53120.05  24074.82      2.38  29039.95      2.72
 REAL TIME  *     53273.60 SEC
 DISK USED  *       247.49 MB (local),      989.97 MB (total)
 SF USED    *        15.83 MB
 GA USED    *         0.00 MB       (max)       0.00 MB       (current)
 **********************************************************************************************************************************
 SETTING EA_HF          =      -115.10119037  AU                              

 Dummy atoms: O1  H1  C1  H2  H3  H4


 Recomputing one-electron integrals since nuclear charges changed


 PROGRAM * SEWARD (Integral evaluation for generally contracted gaussian basis sets)     Author: Roland Lindh, 1990

 Geometry written to block  1 of record 700


 Point group  C1  



 ATOMIC COORDINATES

 NR  ATOM    CHARGE       X              Y              Z

   1  O1      0.00   -1.202120792   -0.043997380    0.530255867
   2  H1      0.00    0.582219653   -0.088965940    0.144495434
   3  C1      0.00   -2.177088097   -2.477974780    0.028836368
   4  H2      0.00   -4.176190844   -2.449586576    0.498804290
   5  H3      0.00   -1.996703974   -3.009711730   -1.958116458
   6  H4      0.00   -1.275254739   -3.942484147    1.172596696
   7  O2      8.00    6.427207977   -0.319539747   -0.127629662
   8  H5      1.00    7.313091383    0.841478739   -1.204142297
   9  C2      6.00    7.388764740   -0.022816958    2.370054095
  10  H6      1.00    6.342670787   -1.323319725    3.560828881
  11  H7      1.00    9.389977339   -0.496077888    2.477245296
  12  H8      1.00    7.100695573    1.887117998    3.084167511

 Bond lengths in Bohr (Angstrom)

 1-2  1.826117221  1-3  2.669499718  3-4  2.053798318  3-5  2.064767336  3-6  2.065497223
     ( 0.966339618)     ( 1.412638415)     ( 1.086823266)     ( 1.092627820)     ( 1.093014059)

  7- 8  1.814285751   7- 9  2.692779228   9-10  2.050259641   9-11  2.059203179   9-12  2.059318662
       ( 0.960078674)       ( 1.424957401)       ( 1.084950678)       ( 1.089683395)       ( 1.089744506)

 Bond angles

  1-3-4  107.45243548   1-3-5  112.56023931   1-3-6  112.51984286   2-1-3  107.14181275

  4- 3- 5  107.98697639   4- 3- 6  107.94343217   5- 3- 6  108.18798930   7- 9-10  106.65583749

  7- 9-11  111.71494436   7- 9-12  111.95602748   8- 7- 9  107.78761842  10- 9-11  108.65333210

 10- 9-12  108.39236686  11- 9-12  109.33255661

 NUCLEAR CHARGE:                   18
 NUMBER OF PRIMITIVE AOS:        1660
 NUMBER OF SYMMETRY AOS:         1240
 NUMBER OF CONTRACTIONS:         1148   ( 1148A   )
 NUMBER OF CORE ORBITALS:           2   (    2A   )
 NUMBER OF VALENCE ORBITALS:       12   (   12A   )

 MOLECULE CHANGED: INITIALIZING OCCUPATION AND DUMP RECORDS


 NUCLEAR REPULSION ENERGY   40.29806389


 Eigenvalues of metric

         1 0.148E-05 0.158E-05 0.168E-05 0.184E-05 0.194E-05 0.230E-05 0.357E-05 0.365E-05


 OPERATOR DM      FOR CENTER  0  COORDINATES:    0.000000    0.000000    0.000000


 **********************************************************************************************************************************
 DATASETS  * FILE   NREC   LENGTH (MB)   RECORD NAMES
              1      18       78.02       500      610      700      900      950      970     1000      129      960     1100   
                                          VAR    BASINP    GEOM    SYMINP    ZMAT    AOBASIS   BASIS     P2S    ABASIS      S 
                                         1400     1410     1200     1210     1080     1600     1650     1700   
                                           T        V       H0       H01     AOSYM     SMH    MOLCAS    OPER   

              2       5       84.80       700     1000      520     2101     2201   
                                         GEOM     BASIS   MCVARS     RHF      RHF  

 PROGRAMS   *        TOTAL       INT   RHF-SCF       INT   RHF-SCF       INT
 CPU TIMES  *     53122.46      2.41  24074.82      2.38  29039.95      2.72
 REAL TIME  *     53276.15 SEC
 DISK USED  *       247.49 MB (local),      989.97 MB (total)
 SF USED    *        15.83 MB
 GA USED    *         0.00 MB       (max)       0.00 MB       (current)
 **********************************************************************************************************************************


 PROGRAM * RHF-SCF (CLOSED SHELL)       Authors: W. Meyer, H.-J. Werner


 NUMBER OF ELECTRONS:       9+    9-    SPACE SYMMETRY=1    SPIN SYMMETRY: Singlet 
 CONVERGENCE THRESHOLDS:    1.00E-04 (Density)    1.00E-09 (Energy)
 INTEGRAL THRESHOLDS:       1.00E-12 (Initial)    1.00E-12 (Final)
 MAX. NUMBER OF ITERATIONS:       60
 INTERPOLATION TYPE:            DIIS
 INTERPOLATION STEPS:              2 (START)      1 (STEP)
 LEVEL SHIFTS:                  0.00 (CLOSED)  0.00 (OPEN) 



 Orbital guess generated from atomic densities. Full valence occupancy:   14

 Molecular orbital dump at record        2301.2

 Initial occupancy:   9

 Direct Fock-matrix evaluation.        Authors: Roland Lindh & Martin Schuetz (1993/96)

 Integral Threshold:                  0.1D-11
 Threshold for writing integrals:     0.1D-06
 Prescreening on density matrix:        ON 
 Calculation will be performed fully direct        

 ITERATION   DDIFF            GRAD            ENERGY        2-EL.EN.            DIPOLE MOMENTS         DIIS   CPU(IT)  CPU(TOT)
    1      0.000D+00      0.000D+00      -115.06482705    164.417317    0.74225    0.68115    0.21516    0   3574.2   3599.9     start
    2      0.000D+00      0.196D-02      -115.09323871    161.817094    0.41836    0.37493    0.15588    1   3428.4   7028.3     diag
    3      0.746D-03      0.108D-02      -115.10085088    163.088341    0.51682    0.45665    0.21651    2   3229.8  10258.1     diag
    4      0.269D-03      0.211D-03      -115.10138517    162.913383    0.51197    0.45271    0.21306    3   3057.3  13315.4     diag
    5      0.667D-04      0.424D-04      -115.10141975    162.924335    0.51095    0.45023    0.21861    4   2847.6  16163.0     diag
    6      0.179D-04      0.797D-05      -115.10142134    162.922226    0.51132    0.45041    0.21929    5   2592.4  18755.4     diag
    7      0.575D-05      0.171D-05      -115.10142142    162.921750    0.51130    0.45031    0.21960    6   2264.2  21019.6     diag
    8      0.140D-05      0.459D-06      -115.10142142    162.922138    0.51130    0.45030    0.21963    7   1812.7  22832.3     diag
    9      0.246D-06      0.144D-06      -115.10142142    162.921968    0.51129    0.45029    0.21964    0   1414.9  24247.2     orth

 Final occupancy:   9

 !RHF STATE  1.1 Energy              -115.101421422324
 Nuclear energy                        40.29806389
 One-electron energy                 -236.86046912
 Two-electron energy                   81.46098381
 Virial quotient                       -1.00101940
 !RHF STATE  1.1 Dipole moment          0.51128870     0.45029184     0.21964053
 Dipole moment /Debye                   1.29948114     1.14445274     0.55823397

 Orbital energies:

         1.1          2.1          3.1          4.1          5.1          6.1          7.1          8.1          9.1         10.1
    -20.555592   -11.269429    -1.355326    -0.926601    -0.690360    -0.621218    -0.592451    -0.505430    -0.452843     0.019728

        11.1
      0.026633


 HOMO      9.1    -0.452843 =     -12.3225eV
 LUMO     10.1     0.019728 =       0.5368eV
 LUMO-HOMO         0.472571 =      12.8593eV


 **********************************************************************************************************************************
 DATASETS  * FILE   NREC   LENGTH (MB)   RECORD NAMES
              1      18       78.02       500      610      700      900      950      970     1000      129      960     1100   
                                          VAR    BASINP    GEOM    SYMINP    ZMAT    AOBASIS   BASIS     P2S    ABASIS      S 
                                         1400     1410     1200     1210     1080     1600     1650     1700   
                                           T        V       H0       H01     AOSYM     SMH    MOLCAS    OPER   

              2       6      140.07       700     1000      520     2101     2201     2301   
                                         GEOM     BASIS   MCVARS     RHF      RHF      RHF  

 PROGRAMS   *        TOTAL   RHF-SCF       INT   RHF-SCF       INT   RHF-SCF       INT
 CPU TIMES  *     77371.66  24249.20      2.41  24074.82      2.38  29039.95      2.72
 REAL TIME  *     77593.78 SEC
 DISK USED  *       302.76 MB (local),        1.21 GB (total)
 SF USED    *        15.83 MB
 GA USED    *         0.00 MB       (max)       0.00 MB       (current)
 **********************************************************************************************************************************
 SETTING EB_HF          =      -115.10142142  AU                              
 SETTING E_AB_INT       =        -0.00287491  AU                              

 *** results in hartree
 E_AB_INT         =        -0.00287491 AU
 Molecular orbitals read from record     2301.2  Type=RHF/CANONICAL (state 1.1)
 Occupation numbers read from record     2301.2  Type=RHF/RHF (state 1.1)
 Orbital energies read from record       2301.2  Type=RHF/CANONICAL (state 1.1)
 Redundancy group numbers read from rec  2301.2  Type=RHF/RHF (state 1.1)

 RHF/aug-cc-pV5Z energy=   -115.101421422324

         RHF-SCF         RHF-SCF         RHF-SCF
   -115.10142142   -115.10119037   -230.20548671
 **********************************************************************************************************************************
 Molpro calculation terminated
