
 Primary working directories    : /scratch/sirous/75621/molpro.ESucMZpuOg
 Secondary working directories  : /scratch/sirous/75621/molpro.ESucMZpuOg
 Wavefunction directory         : /scratch/sirous/75621/
 Main file repository           : /scratch/sirous/75621/molpro.ESucMZpuOg/

 id        : karlovklimes

 Nodes                      nprocs
 nc-01.cc.karlov.mff.cuni.cz    4

 Using customized tuning parameters: mindgm=1; mindgv=20; mindgc=4; mindgr=1; noblas=0; minvec=7
 default implementation of scratch files=sf  


 Variables initialized (934), CPU time= 0.01 sec
 ***,CH3C6H4CN+CF3CN+BF3
 memory,500,m
 gdirect
 gthresh,energy=1.d-8,twoint=1.d-15,oneint=1.d-15,zero=1.d-15,orbital=1.d-8,grid=1.d-8
 symmetry,nosym
 geomtyp=xyz
                                                                                 ! Geometry
 geometry={
 N1        1.210755335    0.028675778     0.329711113
 C1        0.61193497    -1.158449011     0.153451764
 H1        1.251477905    -2.029523404     0.219292947
 C2        -0.75131399    -1.308649559     -0.088834071
 H2        -1.170415774    -2.296869318     -0.213383204
 C3        -1.54786767    -0.169940268     -0.156466912
 H3        -2.611012747    -0.245954694     -0.338755744
 C4        -0.943622374    1.070636117     0.019823098
 H4        -1.518814305    1.984500285     -0.011644028
 C5        0.42771857    1.116108629     0.257348792
 H5        0.924694513    2.068051734     0.397547985
 N2        -0.27860959624653614    -0.03507927795455887     8.168741345148344
 H6        -1.1734986152465363    -0.4669427689545589     7.984137857148344
 C6        -0.27835471024653613    1.362730514045441     8.261752346148343
 O1        -1.3182377872465363    1.990930317045441     8.146902216148344
 C7        1.0411400427534638    1.921811859045441     8.489315413148343
 H7        1.1424564087534639    2.989034029045441     8.585183594148344
 C8        2.1110136337534637    1.103119557045441     8.560835466148344
 H8        3.114892673753464    1.471784255045441     8.709261999148344
 N3        1.9929524927534636    -0.2541737069545589     8.448280802148343
 H9        2.806388486753464    -0.8463610569545589     8.440113163148343
 C9        0.7925055557534639    -0.9014061349545589     8.221899105148344
 O2        0.7003683087534638    -2.106824210954559     8.088319826148343
 }
 
 
 
 basis=avqz
 
 
 
                                                                                 ! Dimer Calculation
 {rhf,accu=1.d-8;orbital,2101.2}
 eab_HF=energy
 
 
                                                                                 !monomer A
 dummy,12,13,14,15,16,17,18,19,20,21,22,23;                                      ! NOW MONOMER B IS DUMMY
 {rhf,accu=1.d-8;orbital,2201.2}
 ea_HF=energy
                                                                                 !monomer B
 dummy,1,2,3,4,5,6,7,8,9,10,11;                                                  !NOW MONOMER A IS DUMMY
 {rhf,accu=1.d-8;orbital,2301.2}
 eb_HF=energy
 
 E_AB_int=eab_HF-ea_HF-eb_HF
 
 
 text,results in hartree
 show,E_AB_int
 
 Commands  initialized (763), CPU time= 0.02 sec, 617 directives.
 Default parameters read. Elapsed time= 0.21 sec

 Checking input...
 Passed
1


                                         ***  PROGRAM SYSTEM MOLPRO  ***
                                       Copyright, TTI GmbH Stuttgart, 2015
                                    Version 2019.2 linked Jun  8 2019 11:26:33


 **********************************************************************************************************************************
 LABEL *   CH3C6H4CN+CF3CN+BF3                                                           
  64 bit mpp version                                                                     DATE: 22-Oct-19          TIME: 18:50:18  
 **********************************************************************************************************************************

 SHA1:             8135a10abc80eafa5b3ae28ffc55be4890dc4c84
 **********************************************************************************************************************************

 THRESHOLDS:

 ZERO    =  1.00D-15  ONEINT  =  1.00D-15  TWOINT  =  1.00D-15  PREFAC  =  1.00D-14  XXXXXX  =  1.00D-09  EORDER  =  1.00D-04
 ENERGY  =  1.00D-08  ETEST   =  0.00D+00  EDENS   =  0.00D+00  THRDEDEF=  1.00D-06  GRADIENT=  1.00D-02  STEP    =  1.00D-03
 ORBITAL =  1.00D-08  CIVEC   =  1.00D-05  COEFF   =  1.00D-04  PRINTCI =  5.00D-02  PUNCHCI =  9.90D+01  OPTGRAD =  3.00D-04
 OPTENERG=  1.00D-06  OPTSTEP =  3.00D-04  THRGRAD =  1.00D-10  COMPRESS=  1.00D-11  VARMIN  =  1.00D-07  VARMAX  =  1.00D-03
 THRDOUB =  0.00D+00  THRDIV  =  1.00D-05  THRRED  =  1.00D-07  THRPSP  =  1.00D+00  THRDC   =  1.00D-10  THRCS   =  1.00D-10
 THRNRM  =  1.00D-08  THREQ   =  0.00D+00  THRDE   =  1.00D+00  THRREF  =  1.00D-05  SPARFAC =  1.00D+00  THRDLP  =  1.00D-07
 THRDIA  =  1.00D-10  THRDLS  =  1.00D-07  THRGPS  =  0.00D+00  THRKEX  =  0.00D+00  THRDIS  =  2.00D-01  THRVAR  =  1.00D-10
 THRLOC  =  1.00D-06  THRGAP  =  1.00D-06  THRLOCT = -1.00D+00  THRGAPT = -1.00D+00  THRORB  =  1.00D-06  THRMLTP =  0.00D+00
 THRCPQCI=  1.00D-10  KEXTA   =  0.00D+00  THRCOARS=  0.00D+00  SYMTOL  =  1.00D-06  GRADTOL =  1.00D-06  THROVL  =  1.00D-08
 THRORTH =  1.00D-08  GRID    =  1.00D-08  GRIDMAX =  1.00D-03  DTMAX   =  0.00D+00  THROCCDE=  1.00D-01  THROCCDE=  1.00D-01
 THRPRINT=  2.50D-01


 Variable memory set to  500000000 words,  buffer space 

 SETTING GEOMTYP        =    XYZ
 ZSYMEL=NOSYM

 SETTING BASIS          =    AVQZ


 Recomputing integrals since basis changed


 Using spherical harmonics

 Library entry N      S aug-cc-pVQZ          selected for orbital group  1
 Library entry N      P aug-cc-pVQZ          selected for orbital group  1
 Library entry N      D aug-cc-pVQZ          selected for orbital group  1
 Library entry N      F aug-cc-pVQZ          selected for orbital group  1
 Library entry N      G aug-cc-pVQZ          selected for orbital group  1
 Library entry C      S aug-cc-pVQZ          selected for orbital group  2
 Library entry C      P aug-cc-pVQZ          selected for orbital group  2
 Library entry C      D aug-cc-pVQZ          selected for orbital group  2
 Library entry C      F aug-cc-pVQZ          selected for orbital group  2
 Library entry C      G aug-cc-pVQZ          selected for orbital group  2
 Library entry H      S aug-cc-pVQZ          selected for orbital group  3
 Library entry H      P aug-cc-pVQZ          selected for orbital group  3
 Library entry H      D aug-cc-pVQZ          selected for orbital group  3
 Library entry H      F aug-cc-pVQZ          selected for orbital group  3
 Library entry O      S aug-cc-pVQZ          selected for orbital group 15
 Library entry O      P aug-cc-pVQZ          selected for orbital group 15
 Library entry O      D aug-cc-pVQZ          selected for orbital group 15
 Library entry O      F aug-cc-pVQZ          selected for orbital group 15
 Library entry O      G aug-cc-pVQZ          selected for orbital group 15


 PROGRAM * SEWARD (Integral evaluation for generally contracted gaussian basis sets)     Author: Roland Lindh, 1990

 Geometry written to block  1 of record 700


 Point group  C1  



 ATOMIC COORDINATES

 NR  ATOM    CHARGE       X              Y              Z

   1  N1      7.00    2.287995987    0.054189367    0.623063704
   2  C1      6.00    1.156389499   -2.189151360    0.289981807
   3  H1      1.00    2.364950491   -3.835243397    0.414403611
   4  C2      6.00   -1.419777675   -2.472989260   -0.167872065
   5  H2      1.00   -2.211765265   -4.340453955   -0.403235815
   6  C3      6.00   -2.925045973   -0.321140564   -0.295679611
   7  H3      1.00   -4.934099000   -0.464787011   -0.640155579
   8  C4      6.00   -1.783187852    2.023209040    0.037460226
   9  H4      1.00   -2.870143071    3.750162033   -0.022004024
  10  C5      6.00    0.808270956    2.109139634    0.486318735
  11  H5      1.00    1.747419378    3.908051389    0.751256813
  12  N2      7.00   -0.526495833   -0.066290228   15.436683925
  13  H6      1.00   -2.217590990   -0.882393949   15.087833891
  14  C6      6.00   -0.526014168    2.575187453   15.612449243
  15  O1      8.00   -2.491108385    3.762313032   15.395413952
  16  C7      6.00    1.967469538    3.631698077   16.042481116
  17  H7      1.00    2.158929722    5.648455692   16.223645722
  18  C8      6.00    3.989237613    2.084593845   16.177634428
  19  H8      1.00    5.886294061    2.781269156   16.458119925
  20  N3      7.00    3.766134391   -0.480318694   15.964936939
  21  H9      1.00    5.303305639   -1.599390600   15.949502339
  22  C9      6.00    1.497618453   -1.703410722   15.537137533
  23  O2      8.00    1.323504290   -3.981320751   15.284709279

 Bond lengths in Bohr (Angstrom)

  1- 2  2.534571840   1-10  2.535962530   2- 3  2.045903089   2- 4  2.631887427   4- 5  2.042073658
       ( 1.341237657)       ( 1.341973579)       ( 1.082645291)       ( 1.392734848)       ( 1.080618843)

  4- 6  2.629186229   6- 7  2.043426548   6- 8  2.628839514   8- 9  2.041414775   8-10  2.631447659
       ( 1.391305436)       ( 1.081334761)       ( 1.391121962)       ( 1.080270177)       ( 1.392502133)

 10-11  2.046527656  12-13  1.909849330  12-14  2.647319025  12-22  2.605243382  14-15  2.306071712
       ( 1.082975797)       ( 1.010648742)       ( 1.400900898)       ( 1.378635427)       ( 1.220320597)

 14-16  2.742007130  16-17  2.033909756  16-18  2.549381115  18-19  2.040306783  18-20  2.583368268
       ( 1.451007685)       ( 1.076298692)       ( 1.349074388)       ( 1.079683853)       ( 1.367059615)

 20-21  1.901435143  20-22  2.612495168  22-23  2.298458150
       ( 1.006196146)       ( 1.382472906)       ( 1.216291673)

 Bond angles

  1- 2- 3  116.12938241   1- 2- 4  123.73356412   1-10- 8  123.87381722   1-10-11  115.94662740

  2- 1-10  116.71902414   2- 4- 5  119.88752564   2- 4- 6  118.72407949   3- 2- 4  120.13408522

  4-6-7  120.90073989   4-6-8  118.36164306   5-4-6  121.38712167   6-8-9  121.29496181

  6- 8-10  118.58715075   7- 6- 8  120.73740123   8-10-11  120.17953185   9- 8-10  120.11281066

 12-14-15  120.48036477  12-14-16  113.26805952  12-22-20  112.75304754  12-22-23  124.03414457

 13-12-14  116.01833504  13-12-22  115.24373662  14-12-22  128.63130521  14-16-17  118.79176313

 14-16-18  119.71292002  15-14-16  126.25049516  16-18-19  122.50931206  16-18-20  121.98291288

 17-16-18  121.49087416  18-20-21  121.00999363  18-20-22  123.59356933  19-18-20  115.50775450

 20-22-23  123.21259234  21-20-22  115.15809660

 NUCLEAR CHARGE:                  100
 NUMBER OF PRIMITIVE AOS:        2165
 NUMBER OF SYMMETRY AOS:         1734
 NUMBER OF CONTRACTIONS:         1534   ( 1534A   )
 NUMBER OF CORE ORBITALS:          14   (   14A   )
 NUMBER OF VALENCE ORBITALS:       65   (   65A   )


 NUCLEAR REPULSION ENERGY  713.79884299


 Eigenvalues of metric

         1 0.679E-06 0.976E-06 0.113E-05 0.114E-05 0.130E-05 0.146E-05 0.158E-05 0.199E-05


 OPERATOR DM      FOR CENTER  0  COORDINATES:    0.000000    0.000000    0.000000


 **********************************************************************************************************************************
 DATASETS  * FILE   NREC   LENGTH (MB)   RECORD NAMES
              1      18      115.64       500      610      700      900      950      970     1000      129      960     1100   
                                          VAR    BASINP    GEOM    SYMINP    ZMAT    AOBASIS   BASIS     P2S    ABASIS      S 
                                         1400     1410     1200     1210     1080     1600     1650     1700   
                                           T        V       H0       H01     AOSYM     SMH    MOLCAS    OPER   

 PROGRAMS   *        TOTAL       INT
 CPU TIMES  *         5.79      5.62
 REAL TIME  *         8.10 SEC
 DISK USED  *       116.81 MB (local),      467.24 MB (total)
 GA USED    *         0.00 MB       (max)       0.00 MB       (current)
 **********************************************************************************************************************************


 PROGRAM * RHF-SCF (CLOSED SHELL)       Authors: W. Meyer, H.-J. Werner


 NUMBER OF ELECTRONS:      50+   50-    SPACE SYMMETRY=1    SPIN SYMMETRY: Singlet 
 CONVERGENCE THRESHOLDS:    1.00E-04 (Density)    1.00E-09 (Energy)
 INTEGRAL THRESHOLDS:       1.00E-13 (Initial)    1.00E-13 (Final)
 MAX. NUMBER OF ITERATIONS:       60
 INTERPOLATION TYPE:            DIIS
 INTERPOLATION STEPS:              2 (START)      1 (STEP)
 LEVEL SHIFTS:                  0.00 (CLOSED)  0.00 (OPEN) 



 Orbital guess generated from atomic densities. Full valence occupancy:   79

 Molecular orbital dump at record        2101.2

 Initial occupancy:  50

 Direct Fock-matrix evaluation.        Authors: Roland Lindh & Martin Schuetz (1993/96)

 Integral Threshold:                  0.1D-12
 Threshold for writing integrals:     0.1D-06
 Prescreening on density matrix:        ON 
 Calculation will be performed fully direct        

 ITERATION   DDIFF            GRAD            ENERGY        2-EL.EN.            DIPOLE MOMENTS         DIIS   CPU(IT)  CPU(TOT)
    1      0.000D+00      0.000D+00      -659.17212896   1880.353239    2.13792   -0.16946    0.24288    0   4804.2   4891.4     start
    2      0.000D+00      0.190D-02      -659.31387529   1879.438394    0.41194    0.32395   -0.00079    1   4653.7   9545.2     diag
    3      0.171D-02      0.153D-02      -659.43624480   1879.088843    1.14391    0.26987    0.13036    2   4505.9  14051.1     diag
    4      0.778D-03      0.227D-03      -659.44200582   1879.785232    1.07047    0.24566    0.10783    3   4400.4  18451.4     diag
    5      0.203D-03      0.783D-04      -659.44275745   1879.456239    1.03903    0.27657    0.10811    4   4218.0  22669.4     diag
    6      0.688D-04      0.252D-04      -659.44290903   1879.514172    1.03526    0.27525    0.10674    5   4110.2  26779.6     diag
    7      0.322D-04      0.120D-04      -659.44293882   1879.520579    1.02691    0.27748    0.10561    6   3943.8  30723.4     diag
    8      0.146D-04      0.535D-05      -659.44294359   1879.511896    1.02479    0.27854    0.10543    7   3811.0  34534.4     diag
    9      0.618D-05      0.173D-05      -659.44294416   1879.515248    1.02428    0.27842    0.10535    8   3657.6  38191.9     diag
   10      0.233D-05      0.663D-06      -659.44294425   1879.515789    1.02346    0.27883    0.10526    9   3475.6  41667.5     orth
   11      0.834D-06      0.323D-06      -659.44294428   1879.515420    1.02338    0.27885    0.10525    9   3367.1  45034.6     diag
   12      0.511D-06      0.930D-07      -659.44294428   1879.515589    1.02329    0.27892    0.10524    9   3220.0  48254.6     diag
   13      0.170D-06      0.399D-07      -659.44294428   1879.515554    1.02329    0.27892    0.10524    9   3039.0  51293.6     diag
   14      0.676D-07      0.192D-07      -659.44294428   1879.515556    1.02329    0.27893    0.10524    0   2994.4  54287.9     orth

 Final occupancy:  50

 !RHF STATE  1.1 Energy              -659.442944279556
 Nuclear energy                       713.79884299
 One-electron energy                -2312.99956520
 Two-electron energy                  939.75777793
 Virial quotient                       -1.00141330
 !RHF STATE  1.1 Dipole moment          1.02328533     0.27893397     0.10524161
 Dipole moment /Debye                   2.60076152     0.70893301     0.26747996

 Orbital energies:

         1.1          2.1          3.1          4.1          5.1          6.1          7.1          8.1          9.1         10.1
    -20.543644   -20.538030   -15.641892   -15.624562   -15.565064   -11.416924   -11.378849   -11.338943   -11.273926   -11.273804

        11.1         12.1         13.1         14.1         15.1         16.1         17.1         18.1         19.1         20.1
    -11.258773   -11.253411   -11.240567   -11.240514    -1.434866    -1.395833    -1.313227    -1.254994    -1.245223    -1.088779

        21.1         22.1         23.1         24.1         25.1         26.1         27.1         28.1         29.1         30.1
     -1.087597    -1.032877    -0.933614    -0.901241    -0.858931    -0.854883    -0.806829    -0.764939    -0.721391    -0.713978

        31.1         32.1         33.1         34.1         35.1         36.1         37.1         38.1         39.1         40.1
     -0.676718    -0.668922    -0.659811    -0.653997    -0.652031    -0.613913    -0.601034    -0.598008    -0.576412    -0.570066

        41.1         42.1         43.1         44.1         45.1         46.1         47.1         48.1         49.1         50.1
     -0.540517    -0.525546    -0.519739    -0.483205    -0.448777    -0.436302    -0.419747    -0.383351    -0.368389    -0.347415

        51.1         52.1
      0.013422     0.024366


 HOMO     50.1    -0.347415 =      -9.4536eV
 LUMO     51.1     0.013422 =       0.3652eV
 LUMO-HOMO         0.360837 =       9.8189eV


 **********************************************************************************************************************************
 DATASETS  * FILE   NREC   LENGTH (MB)   RECORD NAMES
              1      18      115.64       500      610      700      900      950      970     1000      129      960     1100   
                                          VAR    BASINP    GEOM    SYMINP    ZMAT    AOBASIS   BASIS     P2S    ABASIS      S 
                                         1400     1410     1200     1210     1080     1600     1650     1700   
                                           T        V       H0       H01     AOSYM     SMH    MOLCAS    OPER   

              2       4       50.50       700     1000      520     2101   
                                         GEOM     BASIS   MCVARS     RHF  

 PROGRAMS   *        TOTAL   RHF-SCF       INT
 CPU TIMES  *     54298.06  54292.27      5.62
 REAL TIME  *     54552.81 SEC
 DISK USED  *       335.99 MB (local),        1.34 GB (total)
 SF USED    *        28.26 MB
 GA USED    *         0.00 MB       (max)       0.00 MB       (current)
 **********************************************************************************************************************************
 SETTING EAB_HF         =      -659.44294428  AU                              

 Dummy atoms: N2  H6  C6  O1  C7  H7  C8  H8  N3  H9  C9  O2


 Recomputing one-electron integrals since nuclear charges changed


 PROGRAM * SEWARD (Integral evaluation for generally contracted gaussian basis sets)     Author: Roland Lindh, 1990

 Geometry written to block  1 of record 700


 Point group  C1  



 ATOMIC COORDINATES

 NR  ATOM    CHARGE       X              Y              Z

   1  N1      7.00    2.287995987    0.054189367    0.623063704
   2  C1      6.00    1.156389499   -2.189151360    0.289981807
   3  H1      1.00    2.364950491   -3.835243397    0.414403611
   4  C2      6.00   -1.419777675   -2.472989260   -0.167872065
   5  H2      1.00   -2.211765265   -4.340453955   -0.403235815
   6  C3      6.00   -2.925045973   -0.321140564   -0.295679611
   7  H3      1.00   -4.934099000   -0.464787011   -0.640155579
   8  C4      6.00   -1.783187852    2.023209040    0.037460226
   9  H4      1.00   -2.870143071    3.750162033   -0.022004024
  10  C5      6.00    0.808270956    2.109139634    0.486318735
  11  H5      1.00    1.747419378    3.908051389    0.751256813
  12  N2      0.00   -0.526495833   -0.066290228   15.436683925
  13  H6      0.00   -2.217590990   -0.882393949   15.087833891
  14  C6      0.00   -0.526014168    2.575187453   15.612449243
  15  O1      0.00   -2.491108385    3.762313032   15.395413952
  16  C7      0.00    1.967469538    3.631698077   16.042481116
  17  H7      0.00    2.158929722    5.648455692   16.223645722
  18  C8      0.00    3.989237613    2.084593845   16.177634428
  19  H8      0.00    5.886294061    2.781269156   16.458119925
  20  N3      0.00    3.766134391   -0.480318694   15.964936939
  21  H9      0.00    5.303305639   -1.599390600   15.949502339
  22  C9      0.00    1.497618453   -1.703410722   15.537137533
  23  O2      0.00    1.323504290   -3.981320751   15.284709279

 Bond lengths in Bohr (Angstrom)

  1- 2  2.534571840   1-10  2.535962530   2- 3  2.045903089   2- 4  2.631887427   4- 5  2.042073658
       ( 1.341237657)       ( 1.341973579)       ( 1.082645291)       ( 1.392734848)       ( 1.080618843)

  4- 6  2.629186229   6- 7  2.043426548   6- 8  2.628839514   8- 9  2.041414775   8-10  2.631447659
       ( 1.391305436)       ( 1.081334761)       ( 1.391121962)       ( 1.080270177)       ( 1.392502133)

 10-11  2.046527656  12-13  1.909849330  12-14  2.647319025  12-22  2.605243382  14-15  2.306071712
       ( 1.082975797)       ( 1.010648742)       ( 1.400900898)       ( 1.378635427)       ( 1.220320597)

 14-16  2.742007130  16-17  2.033909756  16-18  2.549381115  18-19  2.040306783  18-20  2.583368268
       ( 1.451007685)       ( 1.076298692)       ( 1.349074388)       ( 1.079683853)       ( 1.367059615)

 20-21  1.901435143  20-22  2.612495168  22-23  2.298458150
       ( 1.006196146)       ( 1.382472906)       ( 1.216291673)

 Bond angles

  1- 2- 3  116.12938241   1- 2- 4  123.73356412   1-10- 8  123.87381722   1-10-11  115.94662740

  2- 1-10  116.71902414   2- 4- 5  119.88752564   2- 4- 6  118.72407949   3- 2- 4  120.13408522

  4-6-7  120.90073989   4-6-8  118.36164306   5-4-6  121.38712167   6-8-9  121.29496181

  6- 8-10  118.58715075   7- 6- 8  120.73740123   8-10-11  120.17953185   9- 8-10  120.11281066

 12-14-15  120.48036477  12-14-16  113.26805952  12-22-20  112.75304754  12-22-23  124.03414457

 13-12-14  116.01833504  13-12-22  115.24373662  14-12-22  128.63130521  14-16-17  118.79176313

 14-16-18  119.71292002  15-14-16  126.25049516  16-18-19  122.50931206  16-18-20  121.98291288

 17-16-18  121.49087416  18-20-21  121.00999363  18-20-22  123.59356933  19-18-20  115.50775450

 20-22-23  123.21259234  21-20-22  115.15809660

 NUCLEAR CHARGE:                   42
 NUMBER OF PRIMITIVE AOS:        2165
 NUMBER OF SYMMETRY AOS:         1734
 NUMBER OF CONTRACTIONS:         1534   ( 1534A   )
 NUMBER OF CORE ORBITALS:           6   (    6A   )
 NUMBER OF VALENCE ORBITALS:       29   (   29A   )

 MOLECULE CHANGED: INITIALIZING OCCUPATION AND DUMP RECORDS


 NUCLEAR REPULSION ENERGY  206.16040112


 Eigenvalues of metric

         1 0.679E-06 0.976E-06 0.113E-05 0.114E-05 0.130E-05 0.146E-05 0.158E-05 0.199E-05


 OPERATOR DM      FOR CENTER  0  COORDINATES:    0.000000    0.000000    0.000000


 **********************************************************************************************************************************
 DATASETS  * FILE   NREC   LENGTH (MB)   RECORD NAMES
              1      18      115.64       500      610      700      900      950      970     1000      129      960     1100   
                                          VAR    BASINP    GEOM    SYMINP    ZMAT    AOBASIS   BASIS     P2S    ABASIS      S 
                                         1400     1410     1200     1210     1080     1600     1650     1700   
                                           T        V       H0       H01     AOSYM     SMH    MOLCAS    OPER   

              2       4       50.50       700     1000      520     2101   
                                         GEOM     BASIS   MCVARS     RHF  

 PROGRAMS   *        TOTAL       INT   RHF-SCF       INT
 CPU TIMES  *     54303.14      5.08  54292.27      5.62
 REAL TIME  *     54558.47 SEC
 DISK USED  *       335.99 MB (local),        1.34 GB (total)
 SF USED    *        28.26 MB
 GA USED    *         0.00 MB       (max)       0.00 MB       (current)
 **********************************************************************************************************************************


 PROGRAM * RHF-SCF (CLOSED SHELL)       Authors: W. Meyer, H.-J. Werner


 NUMBER OF ELECTRONS:      21+   21-    SPACE SYMMETRY=1    SPIN SYMMETRY: Singlet 
 CONVERGENCE THRESHOLDS:    1.00E-04 (Density)    1.00E-09 (Energy)
 INTEGRAL THRESHOLDS:       1.00E-13 (Initial)    1.00E-13 (Final)
 MAX. NUMBER OF ITERATIONS:       60
 INTERPOLATION TYPE:            DIIS
 INTERPOLATION STEPS:              2 (START)      1 (STEP)
 LEVEL SHIFTS:                  0.00 (CLOSED)  0.00 (OPEN) 



 Orbital guess generated from atomic densities. Full valence occupancy:   35

 Molecular orbital dump at record        2201.2

 Initial occupancy:  21

 Direct Fock-matrix evaluation.        Authors: Roland Lindh & Martin Schuetz (1993/96)

 Integral Threshold:                  0.1D-12
 Threshold for writing integrals:     0.1D-06
 Prescreening on density matrix:        ON 
 Calculation will be performed fully direct        

 ITERATION   DDIFF            GRAD            ENERGY        2-EL.EN.            DIPOLE MOMENTS         DIIS   CPU(IT)  CPU(TOT)
    1      0.000D+00      0.000D+00      -246.73949359    577.884976   -1.05726   -0.07692   -0.18231    0   4450.5   4495.8     start
    2      0.000D+00      0.108D-02      -246.78722560    575.516765   -0.91664   -0.06673   -0.15486    1   4236.3   8732.1     diag
    3      0.663D-03      0.357D-03      -246.79183212    576.782071   -0.88536   -0.06440   -0.14973    2   4067.7  12799.8     diag
    4      0.233D-03      0.146D-03      -246.79263916    576.380551   -0.90895   -0.06621   -0.15336    3   3959.1  16758.9     diag
    5      0.844D-04      0.218D-04      -246.79266558    576.377709   -0.90349   -0.06577   -0.15237    4   3758.2  20517.2     diag
    6      0.202D-04      0.780D-05      -246.79266947    576.384663   -0.90338   -0.06580   -0.15231    5   3560.9  24078.1     diag
    7      0.623D-05      0.318D-05      -246.79267054    576.381458   -0.90380   -0.06582   -0.15238    6   3387.3  27465.4     diag
    8      0.289D-05      0.154D-05      -246.79267092    576.381234   -0.90289   -0.06577   -0.15221    7   3125.6  30591.0     diag
    9      0.174D-05      0.805D-06      -246.79267101    576.381481   -0.90336   -0.06580   -0.15230    8   3019.2  33610.2     diag
   10      0.932D-06      0.352D-06      -246.79267102    576.381143   -0.90322   -0.06579   -0.15227    9   2933.6  36543.8     orth
   11      0.466D-06      0.775D-07      -246.79267102    576.381291   -0.90324   -0.06579   -0.15227    9   2579.2  39123.1     diag
   12      0.108D-06      0.299D-07      -246.79267102    576.381204   -0.90322   -0.06579   -0.15227    0   2400.9  41524.0     orth

 Final occupancy:  21

 !RHF STATE  1.1 Energy              -246.792671020476
 Nuclear energy                       206.16040112
 One-electron energy                 -741.14367397
 Two-electron energy                  288.19060182
 Virial quotient                       -1.00145970
 !RHF STATE  1.1 Dipole moment         -0.90322178    -0.06578805    -0.15227232
 Dipole moment /Debye                  -2.29561040    -0.16720558    -0.38701228

 Orbital energies:

         1.1          2.1          3.1          4.1          5.1          6.1          7.1          8.1          9.1         10.1
    -15.565643   -11.274650   -11.274594   -11.259833   -11.241538   -11.241484    -1.255672    -1.089735    -1.033731    -0.859859

        11.1         12.1         13.1         14.1         15.1         16.1         17.1         18.1         19.1         20.1
     -0.855701    -0.722265    -0.660659    -0.654956    -0.598883    -0.577345    -0.541259    -0.520615    -0.420278    -0.384224

        21.1         22.1         23.1
     -0.348312     0.016588     0.023609


 HOMO     21.1    -0.348312 =      -9.4780eV
 LUMO     22.1     0.016588 =       0.4514eV
 LUMO-HOMO         0.364900 =       9.9294eV


 **********************************************************************************************************************************
 DATASETS  * FILE   NREC   LENGTH (MB)   RECORD NAMES
              1      18      115.64       500      610      700      900      950      970     1000      129      960     1100   
                                          VAR    BASINP    GEOM    SYMINP    ZMAT    AOBASIS   BASIS     P2S    ABASIS      S 
                                         1400     1410     1200     1210     1080     1600     1650     1700   
                                           T        V       H0       H01     AOSYM     SMH    MOLCAS    OPER   

              2       5      147.20       700     1000      520     2101     2201   
                                         GEOM     BASIS   MCVARS     RHF      RHF  

 PROGRAMS   *        TOTAL   RHF-SCF       INT   RHF-SCF       INT
 CPU TIMES  *     95831.69  41528.55      5.08  54292.27      5.62
 REAL TIME  *     96286.57 SEC
 DISK USED  *       432.69 MB (local),        1.73 GB (total)
 SF USED    *        28.26 MB
 GA USED    *         0.00 MB       (max)       0.00 MB       (current)
 **********************************************************************************************************************************
 SETTING EA_HF          =      -246.79267102  AU                              

 Dummy atoms: N1  C1  H1  C2  H2  C3  H3  C4  H4  C5  H5


 Recomputing one-electron integrals since nuclear charges changed


 PROGRAM * SEWARD (Integral evaluation for generally contracted gaussian basis sets)     Author: Roland Lindh, 1990

 Geometry written to block  1 of record 700


 Point group  C1  



 ATOMIC COORDINATES

 NR  ATOM    CHARGE       X              Y              Z

   1  N1      0.00    2.287995987    0.054189367    0.623063704
   2  C1      0.00    1.156389499   -2.189151360    0.289981807
   3  H1      0.00    2.364950491   -3.835243397    0.414403611
   4  C2      0.00   -1.419777675   -2.472989260   -0.167872065
   5  H2      0.00   -2.211765265   -4.340453955   -0.403235815
   6  C3      0.00   -2.925045973   -0.321140564   -0.295679611
   7  H3      0.00   -4.934099000   -0.464787011   -0.640155579
   8  C4      0.00   -1.783187852    2.023209040    0.037460226
   9  H4      0.00   -2.870143071    3.750162033   -0.022004024
  10  C5      0.00    0.808270956    2.109139634    0.486318735
  11  H5      0.00    1.747419378    3.908051389    0.751256813
  12  N2      7.00   -0.526495833   -0.066290228   15.436683925
  13  H6      1.00   -2.217590990   -0.882393949   15.087833891
  14  C6      6.00   -0.526014168    2.575187453   15.612449243
  15  O1      8.00   -2.491108385    3.762313032   15.395413952
  16  C7      6.00    1.967469538    3.631698077   16.042481116
  17  H7      1.00    2.158929722    5.648455692   16.223645722
  18  C8      6.00    3.989237613    2.084593845   16.177634428
  19  H8      1.00    5.886294061    2.781269156   16.458119925
  20  N3      7.00    3.766134391   -0.480318694   15.964936939
  21  H9      1.00    5.303305639   -1.599390600   15.949502339
  22  C9      6.00    1.497618453   -1.703410722   15.537137533
  23  O2      8.00    1.323504290   -3.981320751   15.284709279

 Bond lengths in Bohr (Angstrom)

  1- 2  2.534571840   1-10  2.535962530   2- 3  2.045903089   2- 4  2.631887427   4- 5  2.042073658
       ( 1.341237657)       ( 1.341973579)       ( 1.082645291)       ( 1.392734848)       ( 1.080618843)

  4- 6  2.629186229   6- 7  2.043426548   6- 8  2.628839514   8- 9  2.041414775   8-10  2.631447659
       ( 1.391305436)       ( 1.081334761)       ( 1.391121962)       ( 1.080270177)       ( 1.392502133)

 10-11  2.046527656  12-13  1.909849330  12-14  2.647319025  12-22  2.605243382  14-15  2.306071712
       ( 1.082975797)       ( 1.010648742)       ( 1.400900898)       ( 1.378635427)       ( 1.220320597)

 14-16  2.742007130  16-17  2.033909756  16-18  2.549381115  18-19  2.040306783  18-20  2.583368268
       ( 1.451007685)       ( 1.076298692)       ( 1.349074388)       ( 1.079683853)       ( 1.367059615)

 20-21  1.901435143  20-22  2.612495168  22-23  2.298458150
       ( 1.006196146)       ( 1.382472906)       ( 1.216291673)

 Bond angles

  1- 2- 3  116.12938241   1- 2- 4  123.73356412   1-10- 8  123.87381722   1-10-11  115.94662740

  2- 1-10  116.71902414   2- 4- 5  119.88752564   2- 4- 6  118.72407949   3- 2- 4  120.13408522

  4-6-7  120.90073989   4-6-8  118.36164306   5-4-6  121.38712167   6-8-9  121.29496181

  6- 8-10  118.58715075   7- 6- 8  120.73740123   8-10-11  120.17953185   9- 8-10  120.11281066

 12-14-15  120.48036477  12-14-16  113.26805952  12-22-20  112.75304754  12-22-23  124.03414457

 13-12-14  116.01833504  13-12-22  115.24373662  14-12-22  128.63130521  14-16-17  118.79176313

 14-16-18  119.71292002  15-14-16  126.25049516  16-18-19  122.50931206  16-18-20  121.98291288

 17-16-18  121.49087416  18-20-21  121.00999363  18-20-22  123.59356933  19-18-20  115.50775450

 20-22-23  123.21259234  21-20-22  115.15809660

 NUCLEAR CHARGE:                   58
 NUMBER OF PRIMITIVE AOS:        2165
 NUMBER OF SYMMETRY AOS:         1734
 NUMBER OF CONTRACTIONS:         1534   ( 1534A   )
 NUMBER OF CORE ORBITALS:           8   (    8A   )
 NUMBER OF VALENCE ORBITALS:       36   (   36A   )

 MOLECULE CHANGED: INITIALIZING OCCUPATION AND DUMP RECORDS


 NUCLEAR REPULSION ENERGY  357.23565737


 Eigenvalues of metric

         1 0.679E-06 0.976E-06 0.113E-05 0.114E-05 0.130E-05 0.146E-05 0.158E-05 0.199E-05


 OPERATOR DM      FOR CENTER  0  COORDINATES:    0.000000    0.000000    0.000000


 **********************************************************************************************************************************
 DATASETS  * FILE   NREC   LENGTH (MB)   RECORD NAMES
              1      18      115.64       500      610      700      900      950      970     1000      129      960     1100   
                                          VAR    BASINP    GEOM    SYMINP    ZMAT    AOBASIS   BASIS     P2S    ABASIS      S 
                                         1400     1410     1200     1210     1080     1600     1650     1700   
                                           T        V       H0       H01     AOSYM     SMH    MOLCAS    OPER   

              2       5      147.20       700     1000      520     2101     2201   
                                         GEOM     BASIS   MCVARS     RHF      RHF  

 PROGRAMS   *        TOTAL       INT   RHF-SCF       INT   RHF-SCF       INT
 CPU TIMES  *     95836.81      5.12  41528.55      5.08  54292.27      5.62
 REAL TIME  *     96292.26 SEC
 DISK USED  *       432.69 MB (local),        1.73 GB (total)
 SF USED    *        28.26 MB
 GA USED    *         0.00 MB       (max)       0.00 MB       (current)
 **********************************************************************************************************************************


 PROGRAM * RHF-SCF (CLOSED SHELL)       Authors: W. Meyer, H.-J. Werner


 NUMBER OF ELECTRONS:      29+   29-    SPACE SYMMETRY=1    SPIN SYMMETRY: Singlet 
 CONVERGENCE THRESHOLDS:    1.00E-04 (Density)    1.00E-09 (Energy)
 INTEGRAL THRESHOLDS:       1.00E-13 (Initial)    1.00E-13 (Final)
 MAX. NUMBER OF ITERATIONS:       60
 INTERPOLATION TYPE:            DIIS
 INTERPOLATION STEPS:              2 (START)      1 (STEP)
 LEVEL SHIFTS:                  0.00 (CLOSED)  0.00 (OPEN) 



 Orbital guess generated from atomic densities. Full valence occupancy:   44

 Molecular orbital dump at record        2301.2

 Initial occupancy:  29

 Direct Fock-matrix evaluation.        Authors: Roland Lindh & Martin Schuetz (1993/96)

 Integral Threshold:                  0.1D-12
 Threshold for writing integrals:     0.1D-06
 Prescreening on density matrix:        ON 
 Calculation will be performed fully direct        

 ITERATION   DDIFF            GRAD            ENERGY        2-EL.EN.            DIPOLE MOMENTS         DIIS   CPU(IT)  CPU(TOT)
    1      0.000D+00      0.000D+00      -412.43186123   1001.422968    3.19517   -0.09254    0.42519    0   4612.6   4666.0     start
    2      0.000D+00      0.230D-02      -412.52597568   1002.828742    1.35673    0.39184    0.16776    1   4499.2   9165.2     diag
    3      0.157D-02      0.197D-02      -412.64516537   1001.800609    2.03121    0.34159    0.28443    2   4340.5  13505.8     diag
    4      0.741D-03      0.226D-03      -412.64909683   1002.185714    1.98630    0.31858    0.26785    3   4191.1  17696.9     diag
    5      0.152D-03      0.901D-04      -412.64976391   1002.036152    1.95579    0.34891    0.26802    4   4033.4  21730.3     diag
    6      0.609D-04      0.315D-04      -412.64991089   1002.070534    1.94923    0.34826    0.26633    5   3929.8  25660.1     diag
    7      0.311D-04      0.150D-04      -412.64993610   1002.079765    1.94083    0.35016    0.26515    6   3769.8  29429.9     diag
    8      0.136D-04      0.638D-05      -412.64993970   1002.073528    1.93897    0.35139    0.26506    7   3589.3  33019.2     diag
    9      0.536D-05      0.210D-05      -412.64994012   1002.075538    1.93824    0.35116    0.26493    8   3407.0  36426.2     diag
   10      0.195D-05      0.768D-06      -412.64994019   1002.076074    1.93753    0.35157    0.26486    9   3168.6  39594.8     orth
   11      0.706D-06      0.372D-06      -412.64994020   1002.075808    1.93740    0.35160    0.26484    9   3049.9  42644.7     diag
   12      0.418D-06      0.859D-07      -412.64994020   1002.075889    1.93732    0.35166    0.26484    9   2884.8  45529.5     diag
   13      0.113D-06      0.315D-07      -412.64994020   1002.075894    1.93732    0.35166    0.26483    0   2668.8  48198.3     orth

 Final occupancy:  29

 !RHF STATE  1.1 Energy              -412.649940201046
 Nuclear energy                       357.23565737
 One-electron energy                -1270.92354478
 Two-electron energy                  501.03794721
 Virial quotient                       -1.00138274
 !RHF STATE  1.1 Dipole moment          1.93731516     0.35166260     0.26483486
 Dipole moment /Debye                   4.92384147     0.89377864     0.67309899

 Orbital energies:

         1.1          2.1          3.1          4.1          5.1          6.1          7.1          8.1          9.1         10.1
    -20.545260   -20.539411   -15.643616   -15.626065   -11.418532   -11.380254   -11.340564   -11.255069    -1.436474    -1.397221

        11.1         12.1         13.1         14.1         15.1         16.1         17.1         18.1         19.1         20.1
     -1.314896    -1.246778    -1.089236    -0.935246    -0.902807    -0.808463    -0.766530    -0.715585    -0.678189    -0.670581

        21.1         22.1         23.1         24.1         25.1         26.1         27.1         28.1         29.1         30.1
     -0.653606    -0.615384    -0.602576    -0.571531    -0.527249    -0.484768    -0.450171    -0.437744    -0.370021     0.010788

        31.1
      0.018210


 HOMO     29.1    -0.370021 =     -10.0688eV
 LUMO     30.1     0.010788 =       0.2935eV
 LUMO-HOMO         0.380808 =      10.3623eV


 **********************************************************************************************************************************
 DATASETS  * FILE   NREC   LENGTH (MB)   RECORD NAMES
              1      18      115.64       500      610      700      900      950      970     1000      129      960     1100   
                                          VAR    BASINP    GEOM    SYMINP    ZMAT    AOBASIS   BASIS     P2S    ABASIS      S 
                                         1400     1410     1200     1210     1080     1600     1650     1700   
                                           T        V       H0       H01     AOSYM     SMH    MOLCAS    OPER   

              2       6      243.91       700     1000      520     2101     2201     2301   
                                         GEOM     BASIS   MCVARS     RHF      RHF      RHF  

 PROGRAMS   *        TOTAL   RHF-SCF       INT   RHF-SCF       INT   RHF-SCF       INT
 CPU TIMES  *    144039.56  48202.75      5.12  41528.55      5.08  54292.27      5.62
 REAL TIME  *    144711.76 SEC
 DISK USED  *       529.39 MB (local),        2.12 GB (total)
 SF USED    *        28.26 MB
 GA USED    *         0.00 MB       (max)       0.00 MB       (current)
 **********************************************************************************************************************************
 SETTING EB_HF          =      -412.64994020  AU                              
 SETTING E_AB_INT       =        -0.00033306  AU                              

 *** results in hartree
 E_AB_INT         =        -0.00033306 AU
 Molecular orbitals read from record     2301.2  Type=RHF/CANONICAL (state 1.1)
 Occupation numbers read from record     2301.2  Type=RHF/RHF (state 1.1)
 Orbital energies read from record       2301.2  Type=RHF/CANONICAL (state 1.1)
 Redundancy group numbers read from rec  2301.2  Type=RHF/RHF (state 1.1)

 RHF/aug-cc-pVQZ energy=   -412.649940201046

         RHF-SCF         RHF-SCF         RHF-SCF
   -412.64994020   -246.79267102   -659.44294428
 **********************************************************************************************************************************
 Molpro calculation terminated
