
 Primary working directories    : /scratch/sirous/45123/molpro.oqyYONFjkS
 Secondary working directories  : /scratch/sirous/45123/molpro.oqyYONFjkS
 Wavefunction directory         : /scratch/sirous/45123/
 Main file repository           : /scratch/sirous/45123/molpro.oqyYONFjkS/

 id        : karlovklimes

 Nodes                      nprocs
 nc-17.cc.karlov.mff.cuni.cz    4

 Using customized tuning parameters: mindgm=1; mindgv=20; mindgc=4; mindgr=1; noblas=0; minvec=7
 default implementation of scratch files=sf  


 Variables initialized (934), CPU time= 0.00 sec
 ***,CH3C6H4CN+CF3CN+BF3
 memory,500,m
 gdirect
 gthresh,energy=1.d-8,twoint=1.d-15,oneint=1.d-15,zero=1.d-15,orbital=1.d-8,grid=1.d-8
 symmetry,nosym
 geomtyp=xyz
                                                                                 ! Geometry
 geometry={
 N1        -0.638641380    0.470916372     0.044568477
 H1        0.189954359    -0.113937162     -0.005773605
 H2        -1.300468945    0.081256802     -0.613668480
 C1        -1.198658820    0.391398577     1.391946599
 H3        -2.092737771    1.009244715     1.453167495
 H4        -1.462745512    -0.615843668     1.729452190
 H5        -0.480275539    0.798674912     2.101087305
 N2        2.430610125    -0.460425723     0.199956645
 H6        2.726878795    -0.185887988     -0.728028598
 H7        3.054159792    -1.208116039     0.475151508
 C2        2.590840101    0.674784870     1.113631949
 H8        2.320649797    0.360089090     2.119285058
 H9        3.598250412    1.096561429     1.150603683
 H10        1.898299718    1.460560352     0.820974703
 }
 
 
 
 basis=avdz
 
 
 
                                                                                 ! Dimer Calculation
 {rhf,accu=1.d-8;orbital,2101.2}
 eab_HF=energy
 
 
                                                                                 !monomer A
 dummy,8,9,10,11,12,13,14;                                                       ! NOW MONOMER B IS DUMMY
 {rhf,accu=1.d-8;orbital,2201.2}
 ea_HF=energy
                                                                                 !monomer B
 dummy,1,2,3,4,5,6,7;                                                            !NOW MONOMER A IS DUMMY
 {rhf,accu=1.d-8;orbital,2301.2}
 eb_HF=energy
 
 E_AB_int=eab_HF-ea_HF-eb_HF
 
 
 text,results in hartree
 show,E_AB_int
 
 Commands  initialized (763), CPU time= 0.01 sec, 617 directives.
 Default parameters read. Elapsed time= 0.21 sec

 Checking input...
 Passed
1


                                         ***  PROGRAM SYSTEM MOLPRO  ***
                                       Copyright, TTI GmbH Stuttgart, 2015
                                    Version 2019.2 linked Jun  8 2019 11:26:33


 **********************************************************************************************************************************
 LABEL *   CH3C6H4CN+CF3CN+BF3                                                           
  64 bit mpp version                                                                     DATE: 16-Oct-19          TIME: 21:22:56  
 **********************************************************************************************************************************

 SHA1:             8135a10abc80eafa5b3ae28ffc55be4890dc4c84
 **********************************************************************************************************************************

 THRESHOLDS:

 ZERO    =  1.00D-15  ONEINT  =  1.00D-15  TWOINT  =  1.00D-15  PREFAC  =  1.00D-14  XXXXXX  =  1.00D-09  EORDER  =  1.00D-04
 ENERGY  =  1.00D-08  ETEST   =  0.00D+00  EDENS   =  0.00D+00  THRDEDEF=  1.00D-06  GRADIENT=  1.00D-02  STEP    =  1.00D-03
 ORBITAL =  1.00D-08  CIVEC   =  1.00D-05  COEFF   =  1.00D-04  PRINTCI =  5.00D-02  PUNCHCI =  9.90D+01  OPTGRAD =  3.00D-04
 OPTENERG=  1.00D-06  OPTSTEP =  3.00D-04  THRGRAD =  1.00D-10  COMPRESS=  1.00D-11  VARMIN  =  1.00D-07  VARMAX  =  1.00D-03
 THRDOUB =  0.00D+00  THRDIV  =  1.00D-05  THRRED  =  1.00D-07  THRPSP  =  1.00D+00  THRDC   =  1.00D-10  THRCS   =  1.00D-10
 THRNRM  =  1.00D-08  THREQ   =  0.00D+00  THRDE   =  1.00D+00  THRREF  =  1.00D-05  SPARFAC =  1.00D+00  THRDLP  =  1.00D-07
 THRDIA  =  1.00D-10  THRDLS  =  1.00D-07  THRGPS  =  0.00D+00  THRKEX  =  0.00D+00  THRDIS  =  2.00D-01  THRVAR  =  1.00D-10
 THRLOC  =  1.00D-06  THRGAP  =  1.00D-06  THRLOCT = -1.00D+00  THRGAPT = -1.00D+00  THRORB  =  1.00D-06  THRMLTP =  0.00D+00
 THRCPQCI=  1.00D-10  KEXTA   =  0.00D+00  THRCOARS=  0.00D+00  SYMTOL  =  1.00D-06  GRADTOL =  1.00D-06  THROVL  =  1.00D-08
 THRORTH =  1.00D-08  GRID    =  1.00D-08  GRIDMAX =  1.00D-03  DTMAX   =  0.00D+00  THROCCDE=  1.00D-01  THROCCDE=  1.00D-01
 THRPRINT=  2.50D-01


 Variable memory set to  500000000 words,  buffer space 

 SETTING GEOMTYP        =    XYZ
 ZSYMEL=NOSYM

 SETTING BASIS          =    AVDZ


 Recomputing integrals since basis changed


 Using spherical harmonics

 Library entry N      S aug-cc-pVDZ          selected for orbital group  1
 Library entry N      P aug-cc-pVDZ          selected for orbital group  1
 Library entry N      D aug-cc-pVDZ          selected for orbital group  1
 Library entry H      S aug-cc-pVDZ          selected for orbital group  2
 Library entry H      P aug-cc-pVDZ          selected for orbital group  2
 Library entry C      S aug-cc-pVDZ          selected for orbital group  3
 Library entry C      P aug-cc-pVDZ          selected for orbital group  3
 Library entry C      D aug-cc-pVDZ          selected for orbital group  3


 PROGRAM * SEWARD (Integral evaluation for generally contracted gaussian basis sets)     Author: Roland Lindh, 1990

 Geometry written to block  1 of record 700


 Point group  C1  



 ATOMIC COORDINATES

 NR  ATOM    CHARGE       X              Y              Z

   1  N1      7.00   -1.206857300    0.889902971    0.084222215
   2  H1      1.00    0.358961715   -0.215310032   -0.010910532
   3  H2      1.00   -2.457530140    0.153553102   -1.159665358
   4  C1      6.00   -2.265136887    0.739636116    2.630397852
   5  H3      1.00   -3.954701238    1.907196104    2.746088579
   6  H4      1.00   -2.764188408   -1.163775868    3.268190985
   7  H5      1.00   -0.907589233    1.509276846    3.970479570
   8  N2      7.00    4.593187452   -0.870078517    0.377863296
   9  H6      1.00    5.153054097   -0.351277387   -1.375774661
  10  H7      1.00    5.771525548   -2.283008440    0.897906218
  11  C2      6.00    4.895978223    1.275158597    2.104459387
  12  H8      1.00    4.385392547    0.680469761    4.004868340
  13  H9      1.00    6.799707806    2.072200780    2.174325839
  14  H10     1.00    3.587266569    2.760059054    1.551417344

 Bond lengths in Bohr (Angstrom)

 1-2  1.918941168  1-3  1.911452322  1-4  2.761439151  4-5  2.056990123  4-6  2.068528386
     ( 1.015459935)     ( 1.011497008)     ( 1.461290668)     ( 1.088512296)     ( 1.094618082)

  4- 7  2.056964146   8- 9  1.912551008   8-10  1.911882914   8-11  2.770353514  11-12  2.055701032
       ( 1.088498550)       ( 1.012078408)       ( 1.011724868)       ( 1.466007946)       ( 1.087830138)

 11-13  2.065028786  11-14  2.055118259
       ( 1.092766173)       ( 1.087521749)

 Bond angles

  1-4-5  109.61825688   1-4-6  115.26640673   1-4-7  109.11184884   2-1-3  106.24620114

  2-1-4  109.09178005   3-1-4  109.16631862   5-4-6  107.86599269   5-4-7  107.04188174

  6- 4- 7  107.61673376   8-11-12  108.96566474   8-11-13  114.88035325   8-11-14  108.79498984

  9- 8-10  105.63187803   9- 8-11  109.23286158  10- 8-11  109.59570301  12-11-13  108.02032199

 12-11-14  107.43539387  13-11-14  108.49916731

 NUCLEAR CHARGE:                   36
 NUMBER OF PRIMITIVE AOS:         258
 NUMBER OF SYMMETRY AOS:          250
 NUMBER OF CONTRACTIONS:          182   (  182A   )
 NUMBER OF CORE ORBITALS:           4   (    4A   )
 NUMBER OF VALENCE ORBITALS:       26   (   26A   )


 NUCLEAR REPULSION ENERGY  131.31244782


 Eigenvalues of metric

         1 0.208E-03 0.330E-03 0.379E-03 0.451E-03 0.498E-03 0.553E-03 0.638E-03 0.715E-03


 OPERATOR DM      FOR CENTER  0  COORDINATES:    0.000000    0.000000    0.000000


 **********************************************************************************************************************************
 DATASETS  * FILE   NREC   LENGTH (MB)   RECORD NAMES
              1      18       31.43       500      610      700      900      950      970     1000      129      960     1100   
                                          VAR    BASINP    GEOM    SYMINP    ZMAT    AOBASIS   BASIS     P2S    ABASIS      S 
                                         1400     1410     1200     1210     1080     1600     1650     1700   
                                           T        V       H0       H01     AOSYM     SMH    MOLCAS    OPER   

 PROGRAMS   *        TOTAL       INT
 CPU TIMES  *         0.52      0.34
 REAL TIME  *         2.01 SEC
 DISK USED  *        31.96 MB (local),      127.85 MB (total)
 GA USED    *         0.00 MB       (max)       0.00 MB       (current)
 **********************************************************************************************************************************


 PROGRAM * RHF-SCF (CLOSED SHELL)       Authors: W. Meyer, H.-J. Werner


 NUMBER OF ELECTRONS:      18+   18-    SPACE SYMMETRY=1    SPIN SYMMETRY: Singlet 
 CONVERGENCE THRESHOLDS:    1.00E-04 (Density)    1.00E-09 (Energy)
 INTEGRAL THRESHOLDS:       1.00E-11 (Initial)    1.00E-11 (Final)
 MAX. NUMBER OF ITERATIONS:       60
 INTERPOLATION TYPE:            DIIS
 INTERPOLATION STEPS:              2 (START)      1 (STEP)
 LEVEL SHIFTS:                  0.00 (CLOSED)  0.00 (OPEN) 



 Orbital guess generated from atomic densities. Full valence occupancy:   30

 Molecular orbital dump at record        2101.2

 Initial occupancy:  18

 Direct Fock-matrix evaluation.        Authors: Roland Lindh & Martin Schuetz (1993/96)

 Integral Threshold:                  0.1D-10
 Threshold for writing integrals:     0.1D-06
 Prescreening on density matrix:        ON 
 Calculation will be performed fully direct        

 ITERATION   DDIFF            GRAD            ENERGY        2-EL.EN.            DIPOLE MOMENTS         DIIS   CPU(IT)  CPU(TOT)
    1      0.000D+00      0.000D+00      -190.40716609    393.749917    0.75886   -0.66859   -0.04450    0      5.0      7.1     start
    2      0.000D+00      0.382D-02      -190.45610595    389.625483    0.56570   -0.35406    0.02070    1      3.8     10.9     diag
    3      0.665D-02      0.150D-02      -190.46260929    391.588897    0.58702   -0.41489    0.06298    2      2.9     13.9     diag
    4      0.192D-02      0.484D-03      -190.46359163    391.135648    0.58089   -0.40766    0.06194    3      2.9     16.8     diag
    5      0.790D-03      0.851D-04      -190.46363200    391.150241    0.57818   -0.40327    0.06980    4      2.9     19.6     diag
    6      0.158D-03      0.206D-04      -190.46363484    391.157847    0.57818   -0.40399    0.06994    5      2.9     22.5     diag
    7      0.444D-04      0.563D-05      -190.46363504    391.154465    0.57823   -0.40402    0.07049    6      2.8     25.3     diag
    8      0.112D-04      0.151D-05      -190.46363507    391.154872    0.57822   -0.40397    0.07061    7      2.8     28.1     diag
    9      0.419D-05      0.402D-06      -190.46363507    391.154771    0.57822   -0.40398    0.07062    0      2.6     30.7     orth

 Final occupancy:  18

 !RHF STATE  1.1 Energy              -190.463635068120
 Nuclear energy                       131.31244782
 One-electron energy                 -517.35346834
 Two-electron energy                  195.57738546
 Virial quotient                       -1.00140621
 !RHF STATE  1.1 Dipole moment          0.57821742    -0.40398404     0.07062479
 Dipole moment /Debye                   1.46958583    -1.02675776     0.17949856

 Orbital energies:

         1.1          2.1          3.1          4.1          5.1          6.1          7.1          8.1          9.1         10.1
    -15.555796   -15.528029   -11.248361   -11.235571    -1.180133    -1.155670    -0.900669    -0.883235    -0.669614    -0.649285

        11.1         12.1         13.1         14.1         15.1         16.1         17.1         18.1         19.1         20.1
     -0.606206    -0.589708    -0.558567    -0.539300    -0.519185    -0.502999    -0.402110    -0.374911     0.034049     0.046433


 HOMO     18.1    -0.374911 =     -10.2019eV
 LUMO     19.1     0.034049 =       0.9265eV
 LUMO-HOMO         0.408960 =      11.1284eV


 **********************************************************************************************************************************
 DATASETS  * FILE   NREC   LENGTH (MB)   RECORD NAMES
              1      18       31.43       500      610      700      900      950      970     1000      129      960     1100   
                                          VAR    BASINP    GEOM    SYMINP    ZMAT    AOBASIS   BASIS     P2S    ABASIS      S 
                                         1400     1410     1200     1210     1080     1600     1650     1700   
                                           T        V       H0       H01     AOSYM     SMH    MOLCAS    OPER   

              2       4        3.66       700     1000      520     2101   
                                         GEOM     BASIS   MCVARS     RHF  

 PROGRAMS   *        TOTAL   RHF-SCF       INT
 CPU TIMES  *        31.26     30.74      0.34
 REAL TIME  *        34.18 SEC
 DISK USED  *        37.28 MB (local),      149.13 MB (total)
 SF USED    *         0.40 MB
 GA USED    *         0.00 MB       (max)       0.00 MB       (current)
 **********************************************************************************************************************************
 SETTING EAB_HF         =      -190.46363507  AU                              

 Dummy atoms: N2  H6  H7  C2  H8  H9  H10


 Recomputing one-electron integrals since nuclear charges changed


 PROGRAM * SEWARD (Integral evaluation for generally contracted gaussian basis sets)     Author: Roland Lindh, 1990

 Geometry written to block  1 of record 700


 Point group  C1  



 ATOMIC COORDINATES

 NR  ATOM    CHARGE       X              Y              Z

   1  N1      7.00   -1.206857300    0.889902971    0.084222215
   2  H1      1.00    0.358961715   -0.215310032   -0.010910532
   3  H2      1.00   -2.457530140    0.153553102   -1.159665358
   4  C1      6.00   -2.265136887    0.739636116    2.630397852
   5  H3      1.00   -3.954701238    1.907196104    2.746088579
   6  H4      1.00   -2.764188408   -1.163775868    3.268190985
   7  H5      1.00   -0.907589233    1.509276846    3.970479570
   8  N2      0.00    4.593187452   -0.870078517    0.377863296
   9  H6      0.00    5.153054097   -0.351277387   -1.375774661
  10  H7      0.00    5.771525548   -2.283008440    0.897906218
  11  C2      0.00    4.895978223    1.275158597    2.104459387
  12  H8      0.00    4.385392547    0.680469761    4.004868340
  13  H9      0.00    6.799707806    2.072200780    2.174325839
  14  H10     0.00    3.587266569    2.760059054    1.551417344

 Bond lengths in Bohr (Angstrom)

 1-2  1.918941168  1-3  1.911452322  1-4  2.761439151  4-5  2.056990123  4-6  2.068528386
     ( 1.015459935)     ( 1.011497008)     ( 1.461290668)     ( 1.088512296)     ( 1.094618082)

  4- 7  2.056964146   8- 9  1.912551008   8-10  1.911882914   8-11  2.770353514  11-12  2.055701032
       ( 1.088498550)       ( 1.012078408)       ( 1.011724868)       ( 1.466007946)       ( 1.087830138)

 11-13  2.065028786  11-14  2.055118259
       ( 1.092766173)       ( 1.087521749)

 Bond angles

  1-4-5  109.61825688   1-4-6  115.26640673   1-4-7  109.11184884   2-1-3  106.24620114

  2-1-4  109.09178005   3-1-4  109.16631862   5-4-6  107.86599269   5-4-7  107.04188174

  6- 4- 7  107.61673376   8-11-12  108.96566474   8-11-13  114.88035325   8-11-14  108.79498984

  9- 8-10  105.63187803   9- 8-11  109.23286158  10- 8-11  109.59570301  12-11-13  108.02032199

 12-11-14  107.43539387  13-11-14  108.49916731

 NUCLEAR CHARGE:                   18
 NUMBER OF PRIMITIVE AOS:         258
 NUMBER OF SYMMETRY AOS:          250
 NUMBER OF CONTRACTIONS:          182   (  182A   )
 NUMBER OF CORE ORBITALS:           2   (    2A   )
 NUMBER OF VALENCE ORBITALS:       13   (   13A   )

 MOLECULE CHANGED: INITIALIZING OCCUPATION AND DUMP RECORDS


 NUCLEAR REPULSION ENERGY   42.09217566


 Eigenvalues of metric

         1 0.208E-03 0.330E-03 0.379E-03 0.451E-03 0.498E-03 0.553E-03 0.638E-03 0.715E-03


 OPERATOR DM      FOR CENTER  0  COORDINATES:    0.000000    0.000000    0.000000


 **********************************************************************************************************************************
 DATASETS  * FILE   NREC   LENGTH (MB)   RECORD NAMES
              1      18       31.43       500      610      700      900      950      970     1000      129      960     1100   
                                          VAR    BASINP    GEOM    SYMINP    ZMAT    AOBASIS   BASIS     P2S    ABASIS      S 
                                         1400     1410     1200     1210     1080     1600     1650     1700   
                                           T        V       H0       H01     AOSYM     SMH    MOLCAS    OPER   

              2       4        3.66       700     1000      520     2101   
                                         GEOM     BASIS   MCVARS     RHF  

 PROGRAMS   *        TOTAL       INT   RHF-SCF       INT
 CPU TIMES  *        31.35      0.07     30.74      0.34
 REAL TIME  *        34.40 SEC
 DISK USED  *        37.28 MB (local),      149.13 MB (total)
 SF USED    *         0.40 MB
 GA USED    *         0.00 MB       (max)       0.00 MB       (current)
 **********************************************************************************************************************************


 PROGRAM * RHF-SCF (CLOSED SHELL)       Authors: W. Meyer, H.-J. Werner


 NUMBER OF ELECTRONS:       9+    9-    SPACE SYMMETRY=1    SPIN SYMMETRY: Singlet 
 CONVERGENCE THRESHOLDS:    1.00E-04 (Density)    1.00E-09 (Energy)
 INTEGRAL THRESHOLDS:       1.00E-11 (Initial)    1.00E-11 (Final)
 MAX. NUMBER OF ITERATIONS:       60
 INTERPOLATION TYPE:            DIIS
 INTERPOLATION STEPS:              2 (START)      1 (STEP)
 LEVEL SHIFTS:                  0.00 (CLOSED)  0.00 (OPEN) 



 Orbital guess generated from atomic densities. Full valence occupancy:   15

 Molecular orbital dump at record        2201.2

 Initial occupancy:   9

 Direct Fock-matrix evaluation.        Authors: Roland Lindh & Martin Schuetz (1993/96)

 Integral Threshold:                  0.1D-10
 Threshold for writing integrals:     0.1D-06
 Prescreening on density matrix:        ON 
 Calculation will be performed fully direct        

 ITERATION   DDIFF            GRAD            ENERGY        2-EL.EN.            DIPOLE MOMENTS         DIIS   CPU(IT)  CPU(TOT)
    1      0.000D+00      0.000D+00       -95.20202125    149.497532   -0.11501   -0.77476    0.04629    0      4.7      8.2     start
    2      0.000D+00      0.379D-02       -95.22691374    147.511247   -0.08707   -0.45915    0.06983    1      4.0     12.2     diag
    3      0.473D-02      0.152D-02       -95.23035455    148.464778   -0.11379   -0.55101    0.10713    2      3.1     15.3     diag
    4      0.140D-02      0.470D-03       -95.23085675    148.247457   -0.11395   -0.54604    0.10833    3      3.0     18.3     diag
    5      0.545D-03      0.885D-04       -95.23087957    148.256467   -0.11609   -0.54531    0.11361    4      3.0     21.4     diag
    6      0.114D-03      0.201D-04       -95.23088103    148.260143   -0.11647   -0.54634    0.11417    5      3.0     24.4     diag
    7      0.308D-04      0.562D-05       -95.23088113    148.258299   -0.11666   -0.54660    0.11454    6      2.9     27.3     diag
    8      0.799D-05      0.150D-05       -95.23088114    148.258488   -0.11671   -0.54663    0.11465    7      2.9     30.2     diag
    9      0.316D-05      0.379D-06       -95.23088114    148.258444   -0.11671   -0.54664    0.11466    0      2.7     32.9     orth

 Final occupancy:   9

 !RHF STATE  1.1 Energy               -95.230881139406
 Nuclear energy                        42.09217566
 One-electron energy                 -211.45227889
 Two-electron energy                   74.12922209
 Virial quotient                       -1.00155858
 !RHF STATE  1.1 Dipole moment         -0.11671418    -0.54663976     0.11466427
 Dipole moment /Debye                  -0.29663844    -1.38932867     0.29142842

 Orbital energies:

         1.1          2.1          3.1          4.1          5.1          6.1          7.1          8.1          9.1         10.1
    -15.549154   -11.247503    -1.173567    -0.896571    -0.662913    -0.603779    -0.555200    -0.515640    -0.392590     0.026515

        11.1
      0.042525


 HOMO      9.1    -0.392590 =     -10.6829eV
 LUMO     10.1     0.026515 =       0.7215eV
 LUMO-HOMO         0.419105 =      11.4044eV


 **********************************************************************************************************************************
 DATASETS  * FILE   NREC   LENGTH (MB)   RECORD NAMES
              1      18       31.43       500      610      700      900      950      970     1000      129      960     1100   
                                          VAR    BASINP    GEOM    SYMINP    ZMAT    AOBASIS   BASIS     P2S    ABASIS      S 
                                         1400     1410     1200     1210     1080     1600     1650     1700   
                                           T        V       H0       H01     AOSYM     SMH    MOLCAS    OPER   

              2       5        7.48       700     1000      520     2101     2201   
                                         GEOM     BASIS   MCVARS     RHF      RHF  

 PROGRAMS   *        TOTAL   RHF-SCF       INT   RHF-SCF       INT
 CPU TIMES  *        64.24     32.89      0.07     30.74      0.34
 REAL TIME  *        67.69 SEC
 DISK USED  *        41.11 MB (local),      164.43 MB (total)
 SF USED    *         0.40 MB
 GA USED    *         0.00 MB       (max)       0.00 MB       (current)
 **********************************************************************************************************************************
 SETTING EA_HF          =       -95.23088114  AU                              

 Dummy atoms: N1  H1  H2  C1  H3  H4  H5


 Recomputing one-electron integrals since nuclear charges changed


 PROGRAM * SEWARD (Integral evaluation for generally contracted gaussian basis sets)     Author: Roland Lindh, 1990

 Geometry written to block  1 of record 700


 Point group  C1  



 ATOMIC COORDINATES

 NR  ATOM    CHARGE       X              Y              Z

   1  N1      0.00   -1.206857300    0.889902971    0.084222215
   2  H1      0.00    0.358961715   -0.215310032   -0.010910532
   3  H2      0.00   -2.457530140    0.153553102   -1.159665358
   4  C1      0.00   -2.265136887    0.739636116    2.630397852
   5  H3      0.00   -3.954701238    1.907196104    2.746088579
   6  H4      0.00   -2.764188408   -1.163775868    3.268190985
   7  H5      0.00   -0.907589233    1.509276846    3.970479570
   8  N2      7.00    4.593187452   -0.870078517    0.377863296
   9  H6      1.00    5.153054097   -0.351277387   -1.375774661
  10  H7      1.00    5.771525548   -2.283008440    0.897906218
  11  C2      6.00    4.895978223    1.275158597    2.104459387
  12  H8      1.00    4.385392547    0.680469761    4.004868340
  13  H9      1.00    6.799707806    2.072200780    2.174325839
  14  H10     1.00    3.587266569    2.760059054    1.551417344

 Bond lengths in Bohr (Angstrom)

 1-2  1.918941168  1-3  1.911452322  1-4  2.761439151  4-5  2.056990123  4-6  2.068528386
     ( 1.015459935)     ( 1.011497008)     ( 1.461290668)     ( 1.088512296)     ( 1.094618082)

  4- 7  2.056964146   8- 9  1.912551008   8-10  1.911882914   8-11  2.770353514  11-12  2.055701032
       ( 1.088498550)       ( 1.012078408)       ( 1.011724868)       ( 1.466007946)       ( 1.087830138)

 11-13  2.065028786  11-14  2.055118259
       ( 1.092766173)       ( 1.087521749)

 Bond angles

  1-4-5  109.61825688   1-4-6  115.26640673   1-4-7  109.11184884   2-1-3  106.24620114

  2-1-4  109.09178005   3-1-4  109.16631862   5-4-6  107.86599269   5-4-7  107.04188174

  6- 4- 7  107.61673376   8-11-12  108.96566474   8-11-13  114.88035325   8-11-14  108.79498984

  9- 8-10  105.63187803   9- 8-11  109.23286158  10- 8-11  109.59570301  12-11-13  108.02032199

 12-11-14  107.43539387  13-11-14  108.49916731

 NUCLEAR CHARGE:                   18
 NUMBER OF PRIMITIVE AOS:         258
 NUMBER OF SYMMETRY AOS:          250
 NUMBER OF CONTRACTIONS:          182   (  182A   )
 NUMBER OF CORE ORBITALS:           2   (    2A   )
 NUMBER OF VALENCE ORBITALS:       13   (   13A   )

 MOLECULE CHANGED: INITIALIZING OCCUPATION AND DUMP RECORDS


 NUCLEAR REPULSION ENERGY   42.05982949


 Eigenvalues of metric

         1 0.208E-03 0.330E-03 0.379E-03 0.451E-03 0.498E-03 0.553E-03 0.638E-03 0.715E-03


 OPERATOR DM      FOR CENTER  0  COORDINATES:    0.000000    0.000000    0.000000


 **********************************************************************************************************************************
 DATASETS  * FILE   NREC   LENGTH (MB)   RECORD NAMES
              1      18       31.43       500      610      700      900      950      970     1000      129      960     1100   
                                          VAR    BASINP    GEOM    SYMINP    ZMAT    AOBASIS   BASIS     P2S    ABASIS      S 
                                         1400     1410     1200     1210     1080     1600     1650     1700   
                                           T        V       H0       H01     AOSYM     SMH    MOLCAS    OPER   

              2       5        7.48       700     1000      520     2101     2201   
                                         GEOM     BASIS   MCVARS     RHF      RHF  

 PROGRAMS   *        TOTAL       INT   RHF-SCF       INT   RHF-SCF       INT
 CPU TIMES  *        64.32      0.08     32.89      0.07     30.74      0.34
 REAL TIME  *        67.91 SEC
 DISK USED  *        41.11 MB (local),      164.43 MB (total)
 SF USED    *         0.40 MB
 GA USED    *         0.00 MB       (max)       0.00 MB       (current)
 **********************************************************************************************************************************


 PROGRAM * RHF-SCF (CLOSED SHELL)       Authors: W. Meyer, H.-J. Werner


 NUMBER OF ELECTRONS:       9+    9-    SPACE SYMMETRY=1    SPIN SYMMETRY: Singlet 
 CONVERGENCE THRESHOLDS:    1.00E-04 (Density)    1.00E-09 (Energy)
 INTEGRAL THRESHOLDS:       1.00E-11 (Initial)    1.00E-11 (Final)
 MAX. NUMBER OF ITERATIONS:       60
 INTERPOLATION TYPE:            DIIS
 INTERPOLATION STEPS:              2 (START)      1 (STEP)
 LEVEL SHIFTS:                  0.00 (CLOSED)  0.00 (OPEN) 



 Orbital guess generated from atomic densities. Full valence occupancy:   15

 Molecular orbital dump at record        2301.2

 Initial occupancy:   9

 Direct Fock-matrix evaluation.        Authors: Roland Lindh & Martin Schuetz (1993/96)

 Integral Threshold:                  0.1D-10
 Threshold for writing integrals:     0.1D-06
 Prescreening on density matrix:        ON 
 Calculation will be performed fully direct        

 ITERATION   DDIFF            GRAD            ENERGY        2-EL.EN.            DIPOLE MOMENTS         DIIS   CPU(IT)  CPU(TOT)
    1      0.000D+00      0.000D+00       -95.20222061    149.435034    0.76772    0.13375   -0.09273    0      5.2      8.6     start
    2      0.000D+00      0.379D-02       -95.22710463    147.452745    0.45707    0.11659   -0.02383    1      4.1     12.8     diag
    3      0.473D-02      0.153D-02       -95.23055161    148.403951    0.55045    0.15902   -0.01365    2      3.5     16.2     diag
    4      0.140D-02      0.470D-03       -95.23105282    148.188195    0.54573    0.15973   -0.01192    3      3.5     19.8     diag
    5      0.554D-03      0.886D-04       -95.23107571    148.196964    0.54539    0.16418   -0.00815    4      3.5     23.2     diag
    6      0.119D-03      0.202D-04       -95.23107718    148.200679    0.54647    0.16480   -0.00793    5      3.4     26.6     diag
    7      0.322D-04      0.565D-05       -95.23107728    148.198819    0.54676    0.16516   -0.00771    6      3.4     30.0     diag
    8      0.817D-05      0.151D-05       -95.23107729    148.199008    0.54680    0.16526   -0.00764    7      3.3     33.3     diag
    9      0.336D-05      0.383D-06       -95.23107729    148.198964    0.54681    0.16527   -0.00763    0      3.1     36.4     orth

 Final occupancy:   9

 !RHF STATE  1.1 Energy               -95.231077294929
 Nuclear energy                        42.05982949
 One-electron energy                 -211.39038880
 Two-electron energy                   74.09948202
 Virial quotient                       -1.00153858
 !RHF STATE  1.1 Dipole moment          0.54680938     0.16527148    -0.00762947
 Dipole moment /Debye                   1.38975977     0.42005069    -0.01939091

 Orbital energies:

         1.1          2.1          3.1          4.1          5.1          6.1          7.1          8.1          9.1         10.1
    -15.548648   -11.247525    -1.172451    -0.897339    -0.661762    -0.603967    -0.554591    -0.516602    -0.392829     0.030403

        11.1
      0.041288


 HOMO      9.1    -0.392829 =     -10.6894eV
 LUMO     10.1     0.030403 =       0.8273eV
 LUMO-HOMO         0.423232 =      11.5167eV


 **********************************************************************************************************************************
 DATASETS  * FILE   NREC   LENGTH (MB)   RECORD NAMES
              1      18       31.43       500      610      700      900      950      970     1000      129      960     1100   
                                          VAR    BASINP    GEOM    SYMINP    ZMAT    AOBASIS   BASIS     P2S    ABASIS      S 
                                         1400     1410     1200     1210     1080     1600     1650     1700   
                                           T        V       H0       H01     AOSYM     SMH    MOLCAS    OPER   

              2       6       11.31       700     1000      520     2101     2201     2301   
                                         GEOM     BASIS   MCVARS     RHF      RHF      RHF  

 PROGRAMS   *        TOTAL   RHF-SCF       INT   RHF-SCF       INT   RHF-SCF       INT
 CPU TIMES  *       100.77     36.45      0.08     32.89      0.07     30.74      0.34
 REAL TIME  *       104.63 SEC
 DISK USED  *        44.93 MB (local),      179.73 MB (total)
 SF USED    *         0.40 MB
 GA USED    *         0.00 MB       (max)       0.00 MB       (current)
 **********************************************************************************************************************************
 SETTING EB_HF          =       -95.23107729  AU                              
 SETTING E_AB_INT       =        -0.00167663  AU                              

 *** results in hartree
 E_AB_INT         =        -0.00167663 AU
 Molecular orbitals read from record     2301.2  Type=RHF/CANONICAL (state 1.1)
 Occupation numbers read from record     2301.2  Type=RHF/RHF (state 1.1)
 Orbital energies read from record       2301.2  Type=RHF/CANONICAL (state 1.1)
 Redundancy group numbers read from rec  2301.2  Type=RHF/RHF (state 1.1)

 RHF/aug-cc-pVDZ energy=    -95.231077294929

         RHF-SCF         RHF-SCF         RHF-SCF
    -95.23107729    -95.23088114   -190.46363507
 **********************************************************************************************************************************
 Molpro calculation terminated
