
 Primary working directories    : /scratch/sirous/45126/molpro.NoCNDqK0Ye
 Secondary working directories  : /scratch/sirous/45126/molpro.NoCNDqK0Ye
 Wavefunction directory         : /scratch/sirous/45126/
 Main file repository           : /scratch/sirous/45126/molpro.NoCNDqK0Ye/

 id        : karlovklimes

 Nodes                      nprocs
 nc-04.cc.karlov.mff.cuni.cz    4

 Using customized tuning parameters: mindgm=1; mindgv=20; mindgc=4; mindgr=1; noblas=0; minvec=7
 default implementation of scratch files=sf  


 Variables initialized (934), CPU time= 0.01 sec
 ***,CH3C6H4CN+CF3CN+BF3
 memory,500,m
 gdirect
 gthresh,energy=1.d-8,twoint=1.d-15,oneint=1.d-15,zero=1.d-15,orbital=1.d-8,grid=1.d-8
 symmetry,nosym
 geomtyp=xyz
                                                                                 ! Geometry
 geometry={
 N1        -0.63864138    0.470916372     0.044568477
 H1        0.189954359    -0.113937162     -0.005773605
 H2        -1.300468945    0.081256802     -0.61366848
 C1        -1.19865882    0.391398577     1.391946599
 H3        -2.092737771    1.009244715     1.453167495
 H4        -1.462745512    -0.615843668     1.72945219
 H5        -0.480275539    0.798674912     2.101087305
 N2        3.102806854714639    -0.5643722924225448     0.26167571903910164
 H6        3.3990755247146396    -0.2898345574225448     -0.6663095239608984
 H7        3.7263565217146395    -1.3120626084225449     0.5368705820391017
 C2        3.263036830714639    0.5708383005774552     1.1753510230391016
 H8        2.992846526714639    0.25614252057745523     2.1810041320391016
 H9        4.270447141714639    0.9926148595774553     1.2123227570391015
 H10        2.570496447714639    1.3566137825774551     0.8826937770391016
 }
 
 
 
 basis=avdz
 
 
 
                                                                                 ! Dimer Calculation
 {rhf,accu=1.d-8;orbital,2101.2}
 eab_HF=energy
 
 
                                                                                 !monomer A
 dummy,8,9,10,11,12,13,14;                                                       ! NOW MONOMER B IS DUMMY
 {rhf,accu=1.d-8;orbital,2201.2}
 ea_HF=energy
                                                                                 !monomer B
 dummy,1,2,3,4,5,6,7;                                                            !NOW MONOMER A IS DUMMY
 {rhf,accu=1.d-8;orbital,2301.2}
 eb_HF=energy
 
 E_AB_int=eab_HF-ea_HF-eb_HF
 
 
 text,results in hartree
 show,E_AB_int
 
 Commands  initialized (763), CPU time= 0.01 sec, 617 directives.
 Default parameters read. Elapsed time= 0.19 sec

 Checking input...
 Passed
1


                                         ***  PROGRAM SYSTEM MOLPRO  ***
                                       Copyright, TTI GmbH Stuttgart, 2015
                                    Version 2019.2 linked Jun  8 2019 11:26:33


 **********************************************************************************************************************************
 LABEL *   CH3C6H4CN+CF3CN+BF3                                                           
  64 bit mpp version                                                                     DATE: 16-Oct-19          TIME: 21:23:16  
 **********************************************************************************************************************************

 SHA1:             8135a10abc80eafa5b3ae28ffc55be4890dc4c84
 **********************************************************************************************************************************

 THRESHOLDS:

 ZERO    =  1.00D-15  ONEINT  =  1.00D-15  TWOINT  =  1.00D-15  PREFAC  =  1.00D-14  XXXXXX  =  1.00D-09  EORDER  =  1.00D-04
 ENERGY  =  1.00D-08  ETEST   =  0.00D+00  EDENS   =  0.00D+00  THRDEDEF=  1.00D-06  GRADIENT=  1.00D-02  STEP    =  1.00D-03
 ORBITAL =  1.00D-08  CIVEC   =  1.00D-05  COEFF   =  1.00D-04  PRINTCI =  5.00D-02  PUNCHCI =  9.90D+01  OPTGRAD =  3.00D-04
 OPTENERG=  1.00D-06  OPTSTEP =  3.00D-04  THRGRAD =  1.00D-10  COMPRESS=  1.00D-11  VARMIN  =  1.00D-07  VARMAX  =  1.00D-03
 THRDOUB =  0.00D+00  THRDIV  =  1.00D-05  THRRED  =  1.00D-07  THRPSP  =  1.00D+00  THRDC   =  1.00D-10  THRCS   =  1.00D-10
 THRNRM  =  1.00D-08  THREQ   =  0.00D+00  THRDE   =  1.00D+00  THRREF  =  1.00D-05  SPARFAC =  1.00D+00  THRDLP  =  1.00D-07
 THRDIA  =  1.00D-10  THRDLS  =  1.00D-07  THRGPS  =  0.00D+00  THRKEX  =  0.00D+00  THRDIS  =  2.00D-01  THRVAR  =  1.00D-10
 THRLOC  =  1.00D-06  THRGAP  =  1.00D-06  THRLOCT = -1.00D+00  THRGAPT = -1.00D+00  THRORB  =  1.00D-06  THRMLTP =  0.00D+00
 THRCPQCI=  1.00D-10  KEXTA   =  0.00D+00  THRCOARS=  0.00D+00  SYMTOL  =  1.00D-06  GRADTOL =  1.00D-06  THROVL  =  1.00D-08
 THRORTH =  1.00D-08  GRID    =  1.00D-08  GRIDMAX =  1.00D-03  DTMAX   =  0.00D+00  THROCCDE=  1.00D-01  THROCCDE=  1.00D-01
 THRPRINT=  2.50D-01


 Variable memory set to  500000000 words,  buffer space 

 SETTING GEOMTYP        =    XYZ
 ZSYMEL=NOSYM

 SETTING BASIS          =    AVDZ


 Recomputing integrals since basis changed


 Using spherical harmonics

 Library entry N      S aug-cc-pVDZ          selected for orbital group  1
 Library entry N      P aug-cc-pVDZ          selected for orbital group  1
 Library entry N      D aug-cc-pVDZ          selected for orbital group  1
 Library entry H      S aug-cc-pVDZ          selected for orbital group  2
 Library entry H      P aug-cc-pVDZ          selected for orbital group  2
 Library entry C      S aug-cc-pVDZ          selected for orbital group  3
 Library entry C      P aug-cc-pVDZ          selected for orbital group  3
 Library entry C      D aug-cc-pVDZ          selected for orbital group  3


 PROGRAM * SEWARD (Integral evaluation for generally contracted gaussian basis sets)     Author: Roland Lindh, 1990

 Geometry written to block  1 of record 700


 Point group  C1  



 ATOMIC COORDINATES

 NR  ATOM    CHARGE       X              Y              Z

   1  N1      7.00   -1.206857300    0.889902971    0.084222215
   2  H1      1.00    0.358961715   -0.215310032   -0.010910532
   3  H2      1.00   -2.457530140    0.153553102   -1.159665358
   4  C1      6.00   -2.265136887    0.739636116    2.630397852
   5  H3      1.00   -3.954701238    1.907196104    2.746088579
   6  H4      1.00   -2.764188408   -1.163775868    3.268190985
   7  H5      1.00   -0.907589233    1.509276846    3.970479570
   8  N2      7.00    5.863455173   -1.066509065    0.494495442
   9  H6      1.00    6.423321818   -0.547707935   -1.259142514
  10  H7      1.00    7.041793269   -2.479438988    1.014538364
  11  C2      6.00    6.166245944    1.078728050    2.221091534
  12  H8      1.00    5.655660268    0.484039213    4.121500486
  13  H9      1.00    8.069975527    1.875770232    2.290957985
  14  H10     1.00    4.857534290    2.563628506    1.668049490

 Bond lengths in Bohr (Angstrom)

 1-2  1.918941168  1-3  1.911452322  1-4  2.761439151  4-5  2.056990123  4-6  2.068528386
     ( 1.015459935)     ( 1.011497008)     ( 1.461290668)     ( 1.088512296)     ( 1.094618082)

  4- 7  2.056964146   8- 9  1.912551008   8-10  1.911882914   8-11  2.770353514  11-12  2.055701032
       ( 1.088498550)       ( 1.012078408)       ( 1.011724868)       ( 1.466007946)       ( 1.087830138)

 11-13  2.065028786  11-14  2.055118259
       ( 1.092766173)       ( 1.087521749)

 Bond angles

  1-4-5  109.61825688   1-4-6  115.26640673   1-4-7  109.11184884   2-1-3  106.24620114

  2-1-4  109.09178005   3-1-4  109.16631862   5-4-6  107.86599269   5-4-7  107.04188174

  6- 4- 7  107.61673376   8-11-12  108.96566474   8-11-13  114.88035325   8-11-14  108.79498984

  9- 8-10  105.63187803   9- 8-11  109.23286158  10- 8-11  109.59570301  12-11-13  108.02032199

 12-11-14  107.43539387  13-11-14  108.49916731

 NUCLEAR CHARGE:                   36
 NUMBER OF PRIMITIVE AOS:         258
 NUMBER OF SYMMETRY AOS:          250
 NUMBER OF CONTRACTIONS:          182   (  182A   )
 NUMBER OF CORE ORBITALS:           4   (    4A   )
 NUMBER OF VALENCE ORBITALS:       26   (   26A   )


 NUCLEAR REPULSION ENERGY  124.07137605


 Eigenvalues of metric

         1 0.279E-03 0.397E-03 0.476E-03 0.518E-03 0.558E-03 0.624E-03 0.706E-03 0.762E-03


 OPERATOR DM      FOR CENTER  0  COORDINATES:    0.000000    0.000000    0.000000


 **********************************************************************************************************************************
 DATASETS  * FILE   NREC   LENGTH (MB)   RECORD NAMES
              1      18       31.43       500      610      700      900      950      970     1000      129      960     1100   
                                          VAR    BASINP    GEOM    SYMINP    ZMAT    AOBASIS   BASIS     P2S    ABASIS      S 
                                         1400     1410     1200     1210     1080     1600     1650     1700   
                                           T        V       H0       H01     AOSYM     SMH    MOLCAS    OPER   

 PROGRAMS   *        TOTAL       INT
 CPU TIMES  *         0.65      0.48
 REAL TIME  *         5.73 SEC
 DISK USED  *        31.96 MB (local),      127.85 MB (total)
 GA USED    *         0.00 MB       (max)       0.00 MB       (current)
 **********************************************************************************************************************************


 PROGRAM * RHF-SCF (CLOSED SHELL)       Authors: W. Meyer, H.-J. Werner


 NUMBER OF ELECTRONS:      18+   18-    SPACE SYMMETRY=1    SPIN SYMMETRY: Singlet 
 CONVERGENCE THRESHOLDS:    1.00E-04 (Density)    1.00E-09 (Energy)
 INTEGRAL THRESHOLDS:       1.00E-11 (Initial)    1.00E-11 (Final)
 MAX. NUMBER OF ITERATIONS:       60
 INTERPOLATION TYPE:            DIIS
 INTERPOLATION STEPS:              2 (START)      1 (STEP)
 LEVEL SHIFTS:                  0.00 (CLOSED)  0.00 (OPEN) 



 Orbital guess generated from atomic densities. Full valence occupancy:   30

 Molecular orbital dump at record        2101.2

 Initial occupancy:  18

 Direct Fock-matrix evaluation.        Authors: Roland Lindh & Martin Schuetz (1993/96)

 Integral Threshold:                  0.1D-10
 Threshold for writing integrals:     0.1D-06
 Prescreening on density matrix:        ON 
 Calculation will be performed fully direct        

 ITERATION   DDIFF            GRAD            ENERGY        2-EL.EN.            DIPOLE MOMENTS         DIIS   CPU(IT)  CPU(TOT)
    1      0.000D+00      0.000D+00      -190.40721937    379.125471    0.67454   -0.64519   -0.04475    0      3.8      5.7     start
    2      0.000D+00      0.385D-02      -190.45612976    375.023408    0.46879   -0.34516    0.03729    1      2.8      8.4     diag
    3      0.664D-02      0.153D-02      -190.46279410    376.976722    0.51326   -0.39804    0.08009    2      2.7     11.1     diag
    4      0.195D-02      0.482D-03      -190.46378707    376.533681    0.51063   -0.39313    0.08023    3      2.7     13.9     diag
    5      0.776D-03      0.884D-04      -190.46383072    376.550437    0.50924   -0.38823    0.08847    4      2.7     16.5     diag
    6      0.156D-03      0.206D-04      -190.46383362    376.558398    0.50972   -0.38892    0.08878    5      2.6     19.2     diag
    7      0.425D-04      0.574D-05      -190.46383383    376.554928    0.50989   -0.38888    0.08930    6      2.6     21.7     diag
    8      0.112D-04      0.156D-05      -190.46383386    376.555296    0.50990   -0.38883    0.08944    7      2.5     24.2     diag
    9      0.454D-05      0.410D-06      -190.46383386    376.555212    0.50991   -0.38883    0.08945    0      2.4     26.7     orth

 Final occupancy:  18

 !RHF STATE  1.1 Energy              -190.463833860315
 Nuclear energy                       124.07137605
 One-electron energy                 -502.81281601
 Two-electron energy                  188.27760610
 Virial quotient                       -1.00156663
 !RHF STATE  1.1 Dipole moment          0.50991095    -0.38883409     0.08945243
 Dipole moment /Debye                   1.29597948    -0.98825295     0.22735051

 Orbital energies:

         1.1          2.1          3.1          4.1          5.1          6.1          7.1          8.1          9.1         10.1
    -15.552796   -15.537250   -11.248543   -11.239459    -1.176089    -1.162546    -0.899185    -0.887627    -0.665263    -0.652072

        11.1         12.1         13.1         14.1         15.1         16.1         17.1         18.1         19.1         20.1
     -0.606409    -0.594427    -0.556944    -0.545579    -0.518156    -0.506698    -0.397625    -0.382134     0.034326     0.045029


 HOMO     18.1    -0.382134 =     -10.3984eV
 LUMO     19.1     0.034326 =       0.9340eV
 LUMO-HOMO         0.416460 =      11.3325eV


 **********************************************************************************************************************************
 DATASETS  * FILE   NREC   LENGTH (MB)   RECORD NAMES
              1      18       31.43       500      610      700      900      950      970     1000      129      960     1100   
                                          VAR    BASINP    GEOM    SYMINP    ZMAT    AOBASIS   BASIS     P2S    ABASIS      S 
                                         1400     1410     1200     1210     1080     1600     1650     1700   
                                           T        V       H0       H01     AOSYM     SMH    MOLCAS    OPER   

              2       4        3.66       700     1000      520     2101   
                                         GEOM     BASIS   MCVARS     RHF  

 PROGRAMS   *        TOTAL   RHF-SCF       INT
 CPU TIMES  *        27.33     26.68      0.48
 REAL TIME  *        33.61 SEC
 DISK USED  *        37.28 MB (local),      149.13 MB (total)
 SF USED    *         0.40 MB
 GA USED    *         0.00 MB       (max)       0.00 MB       (current)
 **********************************************************************************************************************************
 SETTING EAB_HF         =      -190.46383386  AU                              

 Dummy atoms: N2  H6  H7  C2  H8  H9  H10


 Recomputing one-electron integrals since nuclear charges changed


 PROGRAM * SEWARD (Integral evaluation for generally contracted gaussian basis sets)     Author: Roland Lindh, 1990

 Geometry written to block  1 of record 700


 Point group  C1  



 ATOMIC COORDINATES

 NR  ATOM    CHARGE       X              Y              Z

   1  N1      7.00   -1.206857300    0.889902971    0.084222215
   2  H1      1.00    0.358961715   -0.215310032   -0.010910532
   3  H2      1.00   -2.457530140    0.153553102   -1.159665358
   4  C1      6.00   -2.265136887    0.739636116    2.630397852
   5  H3      1.00   -3.954701238    1.907196104    2.746088579
   6  H4      1.00   -2.764188408   -1.163775868    3.268190985
   7  H5      1.00   -0.907589233    1.509276846    3.970479570
   8  N2      0.00    5.863455173   -1.066509065    0.494495442
   9  H6      0.00    6.423321818   -0.547707935   -1.259142514
  10  H7      0.00    7.041793269   -2.479438988    1.014538364
  11  C2      0.00    6.166245944    1.078728050    2.221091534
  12  H8      0.00    5.655660268    0.484039213    4.121500486
  13  H9      0.00    8.069975527    1.875770232    2.290957985
  14  H10     0.00    4.857534290    2.563628506    1.668049490

 Bond lengths in Bohr (Angstrom)

 1-2  1.918941168  1-3  1.911452322  1-4  2.761439151  4-5  2.056990123  4-6  2.068528386
     ( 1.015459935)     ( 1.011497008)     ( 1.461290668)     ( 1.088512296)     ( 1.094618082)

  4- 7  2.056964146   8- 9  1.912551008   8-10  1.911882914   8-11  2.770353514  11-12  2.055701032
       ( 1.088498550)       ( 1.012078408)       ( 1.011724868)       ( 1.466007946)       ( 1.087830138)

 11-13  2.065028786  11-14  2.055118259
       ( 1.092766173)       ( 1.087521749)

 Bond angles

  1-4-5  109.61825688   1-4-6  115.26640673   1-4-7  109.11184884   2-1-3  106.24620114

  2-1-4  109.09178005   3-1-4  109.16631862   5-4-6  107.86599269   5-4-7  107.04188174

  6- 4- 7  107.61673376   8-11-12  108.96566474   8-11-13  114.88035325   8-11-14  108.79498984

  9- 8-10  105.63187803   9- 8-11  109.23286158  10- 8-11  109.59570301  12-11-13  108.02032199

 12-11-14  107.43539387  13-11-14  108.49916731

 NUCLEAR CHARGE:                   18
 NUMBER OF PRIMITIVE AOS:         258
 NUMBER OF SYMMETRY AOS:          250
 NUMBER OF CONTRACTIONS:          182   (  182A   )
 NUMBER OF CORE ORBITALS:           2   (    2A   )
 NUMBER OF VALENCE ORBITALS:       13   (   13A   )

 MOLECULE CHANGED: INITIALIZING OCCUPATION AND DUMP RECORDS


 NUCLEAR REPULSION ENERGY   42.09217566


 Eigenvalues of metric

         1 0.279E-03 0.397E-03 0.476E-03 0.518E-03 0.558E-03 0.624E-03 0.706E-03 0.762E-03


 OPERATOR DM      FOR CENTER  0  COORDINATES:    0.000000    0.000000    0.000000


 **********************************************************************************************************************************
 DATASETS  * FILE   NREC   LENGTH (MB)   RECORD NAMES
              1      18       31.43       500      610      700      900      950      970     1000      129      960     1100   
                                          VAR    BASINP    GEOM    SYMINP    ZMAT    AOBASIS   BASIS     P2S    ABASIS      S 
                                         1400     1410     1200     1210     1080     1600     1650     1700   
                                           T        V       H0       H01     AOSYM     SMH    MOLCAS    OPER   

              2       4        3.66       700     1000      520     2101   
                                         GEOM     BASIS   MCVARS     RHF  

 PROGRAMS   *        TOTAL       INT   RHF-SCF       INT
 CPU TIMES  *        27.42      0.09     26.68      0.48
 REAL TIME  *        33.82 SEC
 DISK USED  *        37.28 MB (local),      149.13 MB (total)
 SF USED    *         0.40 MB
 GA USED    *         0.00 MB       (max)       0.00 MB       (current)
 **********************************************************************************************************************************


 PROGRAM * RHF-SCF (CLOSED SHELL)       Authors: W. Meyer, H.-J. Werner


 NUMBER OF ELECTRONS:       9+    9-    SPACE SYMMETRY=1    SPIN SYMMETRY: Singlet 
 CONVERGENCE THRESHOLDS:    1.00E-04 (Density)    1.00E-09 (Energy)
 INTEGRAL THRESHOLDS:       1.00E-11 (Initial)    1.00E-11 (Final)
 MAX. NUMBER OF ITERATIONS:       60
 INTERPOLATION TYPE:            DIIS
 INTERPOLATION STEPS:              2 (START)      1 (STEP)
 LEVEL SHIFTS:                  0.00 (CLOSED)  0.00 (OPEN) 



 Orbital guess generated from atomic densities. Full valence occupancy:   15

 Molecular orbital dump at record        2201.2

 Initial occupancy:   9

 Direct Fock-matrix evaluation.        Authors: Roland Lindh & Martin Schuetz (1993/96)

 Integral Threshold:                  0.1D-10
 Threshold for writing integrals:     0.1D-06
 Prescreening on density matrix:        ON 
 Calculation will be performed fully direct        

 ITERATION   DDIFF            GRAD            ENERGY        2-EL.EN.            DIPOLE MOMENTS         DIIS   CPU(IT)  CPU(TOT)
    1      0.000D+00      0.000D+00       -95.20183954    149.495665   -0.11504   -0.77487    0.04653    0      3.7      5.9     start
    2      0.000D+00      0.379D-02       -95.22673355    147.510225   -0.08734   -0.45947    0.07017    1      2.7      8.6     diag
    3      0.470D-02      0.152D-02       -95.23017345    148.463570   -0.11401   -0.55124    0.10744    2      2.7     11.3     diag
    4      0.140D-02      0.470D-03       -95.23067592    148.246181   -0.11418   -0.54626    0.10864    3      2.7     13.9     diag
    5      0.544D-03      0.885D-04       -95.23069871    148.255211   -0.11632   -0.54553    0.11391    4      2.6     16.6     diag
    6      0.112D-03      0.201D-04       -95.23070017    148.258890   -0.11669   -0.54656    0.11448    5      2.6     19.1     diag
    7      0.298D-04      0.562D-05       -95.23070027    148.257046   -0.11688   -0.54682    0.11484    6      2.5     21.6     diag
    8      0.771D-05      0.150D-05       -95.23070028    148.257234   -0.11693   -0.54684    0.11495    7      2.4     24.1     diag
    9      0.311D-05      0.379D-06       -95.23070028    148.257191   -0.11694   -0.54685    0.11497    0      2.2     26.3     orth

 Final occupancy:   9

 !RHF STATE  1.1 Energy               -95.230700278927
 Nuclear energy                        42.09217566
 One-electron energy                 -211.45147133
 Two-electron energy                   74.12859539
 Virial quotient                       -1.00156952
 !RHF STATE  1.1 Dipole moment         -0.11694139    -0.54685124     0.11496680
 Dipole moment /Debye                  -0.29721589    -1.38986617     0.29219731

 Orbital energies:

         1.1          2.1          3.1          4.1          5.1          6.1          7.1          8.1          9.1         10.1
    -15.549229   -11.247559    -1.173575    -0.896571    -0.662923    -0.603795    -0.555208    -0.515652    -0.392629     0.025649

        11.1
      0.041544


 HOMO      9.1    -0.392629 =     -10.6840eV
 LUMO     10.1     0.025649 =       0.6980eV
 LUMO-HOMO         0.418278 =      11.3819eV


 **********************************************************************************************************************************
 DATASETS  * FILE   NREC   LENGTH (MB)   RECORD NAMES
              1      18       31.43       500      610      700      900      950      970     1000      129      960     1100   
                                          VAR    BASINP    GEOM    SYMINP    ZMAT    AOBASIS   BASIS     P2S    ABASIS      S 
                                         1400     1410     1200     1210     1080     1600     1650     1700   
                                           T        V       H0       H01     AOSYM     SMH    MOLCAS    OPER   

              2       5        7.48       700     1000      520     2101     2201   
                                         GEOM     BASIS   MCVARS     RHF      RHF  

 PROGRAMS   *        TOTAL   RHF-SCF       INT   RHF-SCF       INT
 CPU TIMES  *        53.80     26.38      0.09     26.68      0.48
 REAL TIME  *        60.48 SEC
 DISK USED  *        41.11 MB (local),      164.43 MB (total)
 SF USED    *         0.40 MB
 GA USED    *         0.00 MB       (max)       0.00 MB       (current)
 **********************************************************************************************************************************
 SETTING EA_HF          =       -95.23070028  AU                              

 Dummy atoms: N1  H1  H2  C1  H3  H4  H5


 Recomputing one-electron integrals since nuclear charges changed


 PROGRAM * SEWARD (Integral evaluation for generally contracted gaussian basis sets)     Author: Roland Lindh, 1990

 Geometry written to block  1 of record 700


 Point group  C1  



 ATOMIC COORDINATES

 NR  ATOM    CHARGE       X              Y              Z

   1  N1      0.00   -1.206857300    0.889902971    0.084222215
   2  H1      0.00    0.358961715   -0.215310032   -0.010910532
   3  H2      0.00   -2.457530140    0.153553102   -1.159665358
   4  C1      0.00   -2.265136887    0.739636116    2.630397852
   5  H3      0.00   -3.954701238    1.907196104    2.746088579
   6  H4      0.00   -2.764188408   -1.163775868    3.268190985
   7  H5      0.00   -0.907589233    1.509276846    3.970479570
   8  N2      7.00    5.863455173   -1.066509065    0.494495442
   9  H6      1.00    6.423321818   -0.547707935   -1.259142514
  10  H7      1.00    7.041793269   -2.479438988    1.014538364
  11  C2      6.00    6.166245944    1.078728050    2.221091534
  12  H8      1.00    5.655660268    0.484039213    4.121500486
  13  H9      1.00    8.069975527    1.875770232    2.290957985
  14  H10     1.00    4.857534290    2.563628506    1.668049490

 Bond lengths in Bohr (Angstrom)

 1-2  1.918941168  1-3  1.911452322  1-4  2.761439151  4-5  2.056990123  4-6  2.068528386
     ( 1.015459935)     ( 1.011497008)     ( 1.461290668)     ( 1.088512296)     ( 1.094618082)

  4- 7  2.056964146   8- 9  1.912551008   8-10  1.911882914   8-11  2.770353514  11-12  2.055701032
       ( 1.088498550)       ( 1.012078408)       ( 1.011724868)       ( 1.466007946)       ( 1.087830138)

 11-13  2.065028786  11-14  2.055118259
       ( 1.092766173)       ( 1.087521749)

 Bond angles

  1-4-5  109.61825688   1-4-6  115.26640673   1-4-7  109.11184884   2-1-3  106.24620114

  2-1-4  109.09178005   3-1-4  109.16631862   5-4-6  107.86599269   5-4-7  107.04188174

  6- 4- 7  107.61673376   8-11-12  108.96566474   8-11-13  114.88035325   8-11-14  108.79498984

  9- 8-10  105.63187803   9- 8-11  109.23286158  10- 8-11  109.59570301  12-11-13  108.02032199

 12-11-14  107.43539387  13-11-14  108.49916731

 NUCLEAR CHARGE:                   18
 NUMBER OF PRIMITIVE AOS:         258
 NUMBER OF SYMMETRY AOS:          250
 NUMBER OF CONTRACTIONS:          182   (  182A   )
 NUMBER OF CORE ORBITALS:           2   (    2A   )
 NUMBER OF VALENCE ORBITALS:       13   (   13A   )

 MOLECULE CHANGED: INITIALIZING OCCUPATION AND DUMP RECORDS


 NUCLEAR REPULSION ENERGY   42.05982949


 Eigenvalues of metric

         1 0.279E-03 0.397E-03 0.476E-03 0.518E-03 0.558E-03 0.624E-03 0.706E-03 0.762E-03


 OPERATOR DM      FOR CENTER  0  COORDINATES:    0.000000    0.000000    0.000000


 **********************************************************************************************************************************
 DATASETS  * FILE   NREC   LENGTH (MB)   RECORD NAMES
              1      18       31.43       500      610      700      900      950      970     1000      129      960     1100   
                                          VAR    BASINP    GEOM    SYMINP    ZMAT    AOBASIS   BASIS     P2S    ABASIS      S 
                                         1400     1410     1200     1210     1080     1600     1650     1700   
                                           T        V       H0       H01     AOSYM     SMH    MOLCAS    OPER   

              2       5        7.48       700     1000      520     2101     2201   
                                         GEOM     BASIS   MCVARS     RHF      RHF  

 PROGRAMS   *        TOTAL       INT   RHF-SCF       INT   RHF-SCF       INT
 CPU TIMES  *        53.89      0.09     26.38      0.09     26.68      0.48
 REAL TIME  *        60.70 SEC
 DISK USED  *        41.11 MB (local),      164.43 MB (total)
 SF USED    *         0.40 MB
 GA USED    *         0.00 MB       (max)       0.00 MB       (current)
 **********************************************************************************************************************************


 PROGRAM * RHF-SCF (CLOSED SHELL)       Authors: W. Meyer, H.-J. Werner


 NUMBER OF ELECTRONS:       9+    9-    SPACE SYMMETRY=1    SPIN SYMMETRY: Singlet 
 CONVERGENCE THRESHOLDS:    1.00E-04 (Density)    1.00E-09 (Energy)
 INTEGRAL THRESHOLDS:       1.00E-11 (Initial)    1.00E-11 (Final)
 MAX. NUMBER OF ITERATIONS:       60
 INTERPOLATION TYPE:            DIIS
 INTERPOLATION STEPS:              2 (START)      1 (STEP)
 LEVEL SHIFTS:                  0.00 (CLOSED)  0.00 (OPEN) 



 Orbital guess generated from atomic densities. Full valence occupancy:   15

 Molecular orbital dump at record        2301.2

 Initial occupancy:   9

 Direct Fock-matrix evaluation.        Authors: Roland Lindh & Martin Schuetz (1993/96)

 Integral Threshold:                  0.1D-10
 Threshold for writing integrals:     0.1D-06
 Prescreening on density matrix:        ON 
 Calculation will be performed fully direct        

 ITERATION   DDIFF            GRAD            ENERGY        2-EL.EN.            DIPOLE MOMENTS         DIIS   CPU(IT)  CPU(TOT)
    1      0.000D+00      0.000D+00       -95.20197167    149.432456    0.76779    0.13406   -0.09251    0      3.8      5.9     start
    2      0.000D+00      0.379D-02       -95.22685252    147.451404    0.45780    0.11705   -0.02358    1      2.7      8.6     diag
    3      0.472D-02      0.152D-02       -95.23029880    148.402542    0.55108    0.15944   -0.01341    2      2.7     11.3     diag
    4      0.140D-02      0.470D-03       -95.23080063    148.186580    0.54639    0.16015   -0.01168    3      2.7     13.9     diag
    5      0.546D-03      0.885D-04       -95.23082347    148.195338    0.54605    0.16460   -0.00791    4      2.6     16.6     diag
    6      0.114D-03      0.201D-04       -95.23082493    148.199070    0.54713    0.16522   -0.00768    5      2.6     19.1     diag
    7      0.303D-04      0.564D-05       -95.23082504    148.197212    0.54741    0.16558   -0.00746    6      2.5     21.6     diag
    8      0.800D-05      0.151D-05       -95.23082505    148.197398    0.54744    0.16567   -0.00739    7      2.4     24.0     diag
    9      0.327D-05      0.383D-06       -95.23082505    148.197354    0.54746    0.16569   -0.00738    0      2.3     26.3     orth

 Final occupancy:   9

 !RHF STATE  1.1 Energy               -95.230825049582
 Nuclear energy                        42.05982949
 One-electron energy                 -211.38933170
 Two-electron energy                   74.09867717
 Virial quotient                       -1.00154072
 !RHF STATE  1.1 Dipole moment          0.54745820     0.16568779    -0.00738241
 Dipole moment /Debye                   1.39140882     0.42110877    -0.01876299

 Orbital energies:

         1.1          2.1          3.1          4.1          5.1          6.1          7.1          8.1          9.1         10.1
    -15.548626   -11.247645    -1.172471    -0.897348    -0.661807    -0.603967    -0.554620    -0.516637    -0.392868     0.029777

        11.1
      0.040266


 HOMO      9.1    -0.392868 =     -10.6905eV
 LUMO     10.1     0.029777 =       0.8103eV
 LUMO-HOMO         0.422645 =      11.5007eV


 **********************************************************************************************************************************
 DATASETS  * FILE   NREC   LENGTH (MB)   RECORD NAMES
              1      18       31.43       500      610      700      900      950      970     1000      129      960     1100   
                                          VAR    BASINP    GEOM    SYMINP    ZMAT    AOBASIS   BASIS     P2S    ABASIS      S 
                                         1400     1410     1200     1210     1080     1600     1650     1700   
                                           T        V       H0       H01     AOSYM     SMH    MOLCAS    OPER   

              2       6       11.31       700     1000      520     2101     2201     2301   
                                         GEOM     BASIS   MCVARS     RHF      RHF      RHF  

 PROGRAMS   *        TOTAL   RHF-SCF       INT   RHF-SCF       INT   RHF-SCF       INT
 CPU TIMES  *        80.24     26.34      0.09     26.38      0.09     26.68      0.48
 REAL TIME  *        87.33 SEC
 DISK USED  *        44.93 MB (local),      179.73 MB (total)
 SF USED    *         0.40 MB
 GA USED    *         0.00 MB       (max)       0.00 MB       (current)
 **********************************************************************************************************************************
 SETTING EB_HF          =       -95.23082505  AU                              
 SETTING E_AB_INT       =        -0.00230853  AU                              

 *** results in hartree
 E_AB_INT         =        -0.00230853 AU
 Molecular orbitals read from record     2301.2  Type=RHF/CANONICAL (state 1.1)
 Occupation numbers read from record     2301.2  Type=RHF/RHF (state 1.1)
 Orbital energies read from record       2301.2  Type=RHF/CANONICAL (state 1.1)
 Redundancy group numbers read from rec  2301.2  Type=RHF/RHF (state 1.1)

 RHF/aug-cc-pVDZ energy=    -95.230825049582

         RHF-SCF         RHF-SCF         RHF-SCF
    -95.23082505    -95.23070028   -190.46383386
 **********************************************************************************************************************************
 Molpro calculation terminated
