
 Primary working directories    : /scratch/sirous/57691/molpro.SfayjAYYRl
 Secondary working directories  : /scratch/sirous/57691/molpro.SfayjAYYRl
 Wavefunction directory         : /scratch/sirous/57691/
 Main file repository           : /scratch/sirous/57691/molpro.SfayjAYYRl/

 id        : karlovklimes

 Nodes                      nprocs
 nc-08.cc.karlov.mff.cuni.cz    4

 Using customized tuning parameters: mindgm=1; mindgv=20; mindgc=4; mindgr=1; noblas=0; minvec=7
 default implementation of scratch files=sf  


 Variables initialized (934), CPU time= 0.01 sec
 ***,CH3C6H4CN+CF3CN+BF3
 memory,500,m
 gdirect
 gthresh,energy=1.d-8,twoint=1.d-19,oneint=1.d-19,zero=1.d-15,orbital=1.d-8,grid=1.d-8
 symmetry,nosym
 geomtyp=xyz
                                                                                 ! Geometry
 geometry={
 C1        0.818746988    0.86417234     0.188286116
 H1        1.466113611    1.716667667     0.344721407
 C2        1.368997119    -0.390523941     -0.066698182
 H2        2.443036367    -0.51186194     -0.110574439
 C3        0.534378602    -1.488493196     -0.271888037
 H3        0.960848252    -2.461564217     -0.475507491
 C4        -0.849115613    -1.330507345     -0.219896434
 H4        -1.497069424    -2.181860285     -0.379553211
 C5        -1.399485456    -0.076030202     0.040434165
 H5        -2.472686669    0.044907778     0.093382057
 C6        -0.565292303    1.02140336     0.242279208
 H6        -0.992556673    1.993661308     0.446258168
 N1        -2.9253628372837928    0.4200659849832127     5.437145297891564
 C7        -2.310476906283793    1.5777337949832129     5.717209487891564
 H7        -2.958080963283793    2.4309052479832127     5.879721580891564
 C8        -0.9282620082837929    1.7185815309832129     5.807380303891565
 H8        -0.49641325028379296    2.6822316459832125     6.038596600891564
 C9        -0.12731061728379295    0.6016022269832126     5.593166392891564
 H9        0.9502585507162071    0.6719865049832128     5.648000902891564
 C10        -0.747862520283793    -0.6070528110167872     5.299506815891564
 H10        -0.172088010283793    -1.5026746940167872     5.115431878891564
 C11        -2.138376797283793    -0.6450906940167873     5.234057397891564
 H11        -2.647229722283793    -1.5735440720167873     5.005214723891564
 }
 
 
 
 basis=avdz
 
 
 
                                                                                 ! Dimer Calculation
 {rks,pbe,accu=1.d-8;orbital,2101.2}
 eab_PBE=energy
 
 
                                                                                 !monomer A
 dummy,13,14,15,16,17,18,19,20,21,22,23;                                         ! NOW MONOMER B IS DUMMY
 {rks,pbe,accu=1.d-8;orbital,2201.2}
 ea_PBE=energy
                                                                                 !monomer B
 dummy,1,2,3,4,5,6,7,8,9,10,11,12;                                               !NOW MONOMER A IS DUMMY
 {rks,pbe,accu=1.d-8;orbital,2301.2}
 eb_PBE=energy
 
 E_AB_int=eab_PBE-ea_PBE-eb_PBE
 
 
 text,results in hartree
 show,E_AB_int
 
 Commands  initialized (763), CPU time= 0.02 sec, 617 directives.
 Default parameters read. Elapsed time= 0.20 sec

 Checking input...
 Passed
1


                                         ***  PROGRAM SYSTEM MOLPRO  ***
                                       Copyright, TTI GmbH Stuttgart, 2015
                                    Version 2019.2 linked Jun  8 2019 11:26:33


 **********************************************************************************************************************************
 LABEL *   CH3C6H4CN+CF3CN+BF3                                                           
  64 bit mpp version                                                                     DATE: 18-Oct-19          TIME: 12:35:42  
 **********************************************************************************************************************************

 SHA1:             8135a10abc80eafa5b3ae28ffc55be4890dc4c84
 **********************************************************************************************************************************

 THRESHOLDS:

 ZERO    =  1.00D-15  ONEINT  =  1.00D-19  TWOINT  =  1.00D-19  PREFAC  =  1.00D-14  XXXXXX  =  1.00D-09  EORDER  =  1.00D-04
 ENERGY  =  1.00D-08  ETEST   =  0.00D+00  EDENS   =  0.00D+00  THRDEDEF=  1.00D-06  GRADIENT=  1.00D-02  STEP    =  1.00D-03
 ORBITAL =  1.00D-08  CIVEC   =  1.00D-05  COEFF   =  1.00D-04  PRINTCI =  5.00D-02  PUNCHCI =  9.90D+01  OPTGRAD =  3.00D-04
 OPTENERG=  1.00D-06  OPTSTEP =  3.00D-04  THRGRAD =  1.00D-10  COMPRESS=  1.00D-11  VARMIN  =  1.00D-07  VARMAX  =  1.00D-03
 THRDOUB =  0.00D+00  THRDIV  =  1.00D-05  THRRED  =  1.00D-07  THRPSP  =  1.00D+00  THRDC   =  1.00D-10  THRCS   =  1.00D-10
 THRNRM  =  1.00D-08  THREQ   =  0.00D+00  THRDE   =  1.00D+00  THRREF  =  1.00D-05  SPARFAC =  1.00D+00  THRDLP  =  1.00D-07
 THRDIA  =  1.00D-10  THRDLS  =  1.00D-07  THRGPS  =  0.00D+00  THRKEX  =  0.00D+00  THRDIS  =  2.00D-01  THRVAR  =  1.00D-10
 THRLOC  =  1.00D-06  THRGAP  =  1.00D-06  THRLOCT = -1.00D+00  THRGAPT = -1.00D+00  THRORB  =  1.00D-06  THRMLTP =  0.00D+00
 THRCPQCI=  1.00D-10  KEXTA   =  0.00D+00  THRCOARS=  0.00D+00  SYMTOL  =  1.00D-06  GRADTOL =  1.00D-06  THROVL  =  1.00D-08
 THRORTH =  1.00D-08  GRID    =  1.00D-08  GRIDMAX =  1.00D-03  DTMAX   =  0.00D+00  THROCCDE=  1.00D-01  THROCCDE=  1.00D-01
 THRPRINT=  2.50D-01


 Variable memory set to  500000000 words,  buffer space 

 SETTING GEOMTYP        =    XYZ
 ZSYMEL=NOSYM

 SETTING BASIS          =    AVDZ


 Recomputing integrals since basis changed


 Using spherical harmonics

 Library entry C      S aug-cc-pVDZ          selected for orbital group  1
 Library entry C      P aug-cc-pVDZ          selected for orbital group  1
 Library entry C      D aug-cc-pVDZ          selected for orbital group  1
 Library entry H      S aug-cc-pVDZ          selected for orbital group  2
 Library entry H      P aug-cc-pVDZ          selected for orbital group  2
 Library entry N      S aug-cc-pVDZ          selected for orbital group 13
 Library entry N      P aug-cc-pVDZ          selected for orbital group 13
 Library entry N      D aug-cc-pVDZ          selected for orbital group 13


 PROGRAM * SEWARD (Integral evaluation for generally contracted gaussian basis sets)     Author: Roland Lindh, 1990

 Geometry written to block  1 of record 700


 Point group  C1  



 ATOMIC COORDINATES

 NR  ATOM    CHARGE       X              Y              Z

   1  C1      6.00    1.547207573    1.633049047    0.355809192
   2  H1      1.00    2.770553192    3.244031738    0.651429049
   3  C2      6.00    2.587029620   -0.737983294   -0.126041297
   4  H2      1.00    4.616669646   -0.967278880   -0.208955406
   5  C3      6.00    1.009829205   -2.812844479   -0.513793926
   6  H3      1.00    1.815740044   -4.651682208   -0.898578928
   7  C4      6.00   -1.604595957   -2.514294489   -0.415544036
   8  H4      1.00   -2.829051201   -4.123118381   -0.717251618
   9  C5      6.00   -2.644644227   -0.143676259    0.076409498
  10  H5      1.00   -4.672700596    0.084863401    0.176466513
  11  C6      6.00   -1.068247633    1.930172613    0.457841349
  12  H6      1.00   -1.875660275    3.767473857    0.843305718
  13  N1      7.00   -5.528134577    0.793809666   10.274715512
  14  C7      6.00   -4.366168570    2.981484770   10.803960129
  15  H7      1.00   -5.589962875    4.593745153   11.111063477
  16  C8      6.00   -1.754160967    3.247648416   10.974358276
  17  H8      1.00   -0.938085088    5.068683214   11.411293752
  18  C9      6.00   -0.240582199    1.136863445   10.569552652
  19  H9      1.00    1.795728408    1.269870454   10.673174858
  20  C10     6.00   -1.413255342   -1.147163556   10.014616477
  21  H10     1.00   -0.325199209   -2.839643626    9.666765260
  22  C11     6.00   -4.040946498   -1.219044737    9.890935002
  23  H11     1.00   -5.002539164   -2.973567341    9.458485023

 Bond lengths in Bohr (Angstrom)

  1- 2  2.044316716   1- 3  2.633477576   1-11  2.634254905   3- 4  2.044233316   3- 5  2.634950131
       ( 1.081805818)       ( 1.393576319)       ( 1.393987664)       ( 1.081761685)       ( 1.394355561)

  5- 6  2.044229922   5- 7  2.633249715   7- 8  2.044170351   7- 9  2.635061570   9-10  2.043343931
       ( 1.081759888)       ( 1.393455740)       ( 1.081728365)       ( 1.394414532)       ( 1.081291042)

  9-11  2.632748682  11-12  2.043568892  13-14  2.533019390  13-22  2.531916016  14-15  2.047283202
       ( 1.393190605)       ( 1.081410087)       ( 1.340416136)       ( 1.339832256)       ( 1.083375615)

 14-16  2.631057265  16-17  2.042806938  16-18  2.628726208  18-19  2.043279060  18-20  2.626765273
       ( 1.392295545)       ( 1.081006878)       ( 1.391062003)       ( 1.081256714)       ( 1.390024321)

 20-21  2.041899950  20-22  2.631582190  22-23  2.046954569
       ( 1.080526921)       ( 1.392573324)       ( 1.083201710)

 Bond angles

  1- 3- 4  120.02903932   1- 3- 5  119.96999962   1-11- 9  120.00211231   1-11-12  120.06572512

  2- 1- 3  119.97842015   2- 1-11  119.97735275   3- 1-11  120.04422460   3- 5- 6  120.00281972

  3-5-7  119.96839764   4-3-5  120.00019645   5-7-8  119.99857437   5-7-9  120.05553861

  6- 5- 7  120.02826872   7- 9-10  120.09972148   7- 9-11  119.95895073   8- 7- 9  119.94576864

  9-11-12  119.93127597  10- 9-11  119.93968321  13-14-15  115.93018233  13-14-16  123.80086070

 13-22-20  123.89474785  13-22-23  115.94517513  14-13-22  116.66864618  14-16-17  120.04151134

 14-16-18  118.71230779  15-14-16  120.26867913  16-18-19  120.91338718  16-18-20  118.27358530

 17-16-18  121.24612622  18-20-21  121.25353825  18-20-22  118.64963085  19-18-20  120.81215774

 20-22-23  120.15988210  21-20-22  120.09462226

 NUCLEAR CHARGE:                   84
 NUMBER OF PRIMITIVE AOS:         565
 NUMBER OF SYMMETRY AOS:          541
 NUMBER OF CONTRACTIONS:          375   (  375A   )
 NUMBER OF CORE ORBITALS:          12   (   12A   )
 NUMBER OF VALENCE ORBITALS:       59   (   59A   )


 NUCLEAR REPULSION ENERGY  563.26053992


 Eigenvalues of metric

         1 0.231E-05 0.297E-05 0.819E-05 0.102E-04 0.123E-04 0.192E-04 0.194E-04 0.272E-04


 OPERATOR DM      FOR CENTER  0  COORDINATES:    0.000000    0.000000    0.000000


 **********************************************************************************************************************************
 DATASETS  * FILE   NREC   LENGTH (MB)   RECORD NAMES
              1      18       35.55       500      610      700      900      950      970     1000      129      960     1100   
                                          VAR    BASINP    GEOM    SYMINP    ZMAT    AOBASIS   BASIS     P2S    ABASIS      S 
                                         1400     1410     1200     1210     1080     1600     1650     1700   
                                           T        V       H0       H01     AOSYM     SMH    MOLCAS    OPER   

 PROGRAMS   *        TOTAL       INT
 CPU TIMES  *         0.89      0.70
 REAL TIME  *         2.93 SEC
 DISK USED  *        36.31 MB (local),      145.22 MB (total)
 GA USED    *         0.00 MB       (max)       0.00 MB       (current)
 **********************************************************************************************************************************

 Density functional group PBE=PBEX+PBEC
 Functional: PBEX(Automatically generated (new) PBEX)                          Gradient terms: 1
 Functional: PBEC(Automatically generated (new) PBEC)                          Gradient terms: 1
 Use libxcgrid:  F
 Use grid at  1800.2

 Functional: PBEX                      Factor:  1.0000
 Functional: PBEC                      Factor:  1.0000

 Generated new metagrid on record  1800.2 with target accuracy 1.0D-08 and 242806 points in CPU time    0.7
 Computed new grid on record 1800.1 in CPU time    1.1
  303269 words reserved for DFT integration

 PROGRAM * RKS-SCF (Restricted closed shell Kohn-Sham)     Authors: W. Meyer, H.-J. Werner, P.J. Knowles, 1993

 NUMBER OF ELECTRONS:      42+   42-    SPACE SYMMETRY=1    SPIN SYMMETRY: Singlet 
 CONVERGENCE THRESHOLDS:    1.00E-04 (Density)    1.00E-08 (Energy)
 INTEGRAL THRESHOLDS:       1.00E-12 (Initial)    1.00E-12 (Final)
 MAX. NUMBER OF ITERATIONS:       60
 INTERPOLATION TYPE:            DIIS
 INTERPOLATION STEPS:              2 (START)      1 (STEP)
 LEVEL SHIFTS:                  0.00 (CLOSED)  0.00 (OPEN) 



 Use fine grid record 1800.2 for energy threshold  1.0D-08
 Orbital guess generated from atomic densities. Full valence occupancy:   71

 Molecular orbital dump at record        2101.2

 Initial occupancy:  42

 Direct Fock-matrix evaluation.        Authors: Roland Lindh & Martin Schuetz (1993/96)

 Integral Threshold:                  0.1D-11
 Threshold for writing integrals:     0.1D-06
 Prescreening on density matrix:        ON 
 Calculation will be performed fully direct        

 ITERATION   DDIFF            GRAD            ENERGY        2-EL.EN.            DIPOLE MOMENTS         DIIS   CPU(IT)  CPU(TOT)
    1      0.000D+00      0.000D+00      -479.57560735   1611.152307    0.91709    0.06068    0.04787    0     33.5     42.4     start
    2      0.000D+00      0.473D-02      -479.01383886   1530.838951    1.14024    0.05867   -0.01248    1     32.3     74.8     diag
    3      0.641D-01      0.766D-02      -479.95164766   1580.689713    0.54542    0.04400    0.01370    2     31.9    106.7     diag
    4      0.282D-01      0.702D-03      -479.95452814   1580.529647    1.25692    0.06139    0.04710    3     30.9    137.5     diag
    5      0.282D-02      0.532D-03      -479.95847508   1579.805586    0.70257    0.04724    0.01644    4     30.4    167.9     diag
    6      0.114D-02      0.231D-03      -479.95922354   1579.913997    0.87965    0.05594    0.02855    5     29.7    197.7     diag
    7      0.393D-03      0.818D-04      -479.95930673   1579.922063    0.85731    0.05097    0.02622    6     29.3    226.9     diag
    8      0.176D-03      0.145D-04      -479.95930901   1579.949091    0.86391    0.05365    0.02655    7     28.6    255.5     diag
    9      0.873D-04      0.701D-05      -479.95930968   1579.953257    0.85913    0.05185    0.02628    8     27.8    283.3     diag
   10      0.248D-04      0.281D-05      -479.95930981   1579.954956    0.86122    0.05258    0.02649    9     27.0    310.3     orth
   11      0.683D-05      0.444D-06      -479.95930981   1579.955080    0.86097    0.05244    0.02643    9     26.0    336.2     diag
   12      0.175D-05      0.108D-06      -479.95930981   1579.954747    0.86104    0.05258    0.02647    0     25.3    361.5     orth

 Final occupancy:  42

 !RKS STATE  1.1 Energy              -479.959309813179
 Nuclear energy                       563.26053992
 One-electron energy                -1763.13501359
 Two-electron energy                  789.97737342
 Density functional                   -70.06220956     PBEX=-67.29432732 PBEC= -2.76788224
 Virial quotient                       -1.00520341
 !RKS STATE  1.1 Dipole moment          0.86103544     0.05258006     0.02647458
 Dipole moment /Debye                   2.18839046     0.13363642     0.06728726

 Orbital energies:

         1.1          2.1          3.1          4.1          5.1          6.1          7.1          8.1          9.1         10.1
    -13.999746    -9.930297    -9.929942    -9.918613    -9.909925    -9.909334    -9.900215    -9.899974    -9.899763    -9.899567

        11.1         12.1         13.1         14.1         15.1         16.1         17.1         18.1         19.1         20.1
     -9.899333    -9.898981    -0.865414    -0.781778    -0.737084    -0.695549    -0.679163    -0.679079    -0.573103    -0.571588

        21.1         22.1         23.1         24.1         25.1         26.1         27.1         28.1         29.1         30.1
     -0.545640    -0.545552    -0.479681    -0.474037    -0.434034    -0.421721    -0.411578    -0.399747    -0.383047    -0.375368

        31.1         32.1         33.1         34.1         35.1         36.1         37.1         38.1         39.1         40.1
     -0.375276    -0.362607    -0.359299    -0.332620    -0.321117    -0.301237    -0.301061    -0.265969    -0.243725    -0.231976

        41.1         42.1         43.1         44.1
     -0.231875    -0.215562    -0.066056    -0.052616


 HOMO     42.1    -0.215562 =      -5.8657eV
 LUMO     43.1    -0.066056 =      -1.7975eV
 LUMO-HOMO         0.149506 =       4.0683eV


 **********************************************************************************************************************************
 DATASETS  * FILE   NREC   LENGTH (MB)   RECORD NAMES
              1      19       35.55       500      610      700      900      950      970     1000      129      960     1100   
                                          VAR    BASINP    GEOM    SYMINP    ZMAT    AOBASIS   BASIS     P2S    ABASIS      S 
                                         1400     1410     1200     1210     1080     1600     1650     1700     1800   
                                           T        V       H0       H01     AOSYM     SMH    MOLCAS    OPER     GRID   

              2       5        6.02       700     1000      520     1800     2101   
                                         GEOM     BASIS   MCVARS    GRID      RKS  

 PROGRAMS   *        TOTAL   RKS-SCF       INT
 CPU TIMES  *       363.60    362.70      0.70
 REAL TIME  *       369.00 SEC
 DISK USED  *        51.82 MB (local),      207.29 MB (total)
 SF USED    *         1.69 MB
 GA USED    *         7.84 MB       (max)       7.84 MB       (current)
 **********************************************************************************************************************************
 SETTING EAB_PBE        =      -479.95930981  AU                              

 Dummy atoms: N1  C7  H7  C8  H8  C9  H9  C10  H10  C11  H11


 Recomputing one-electron integrals since nuclear charges changed


 PROGRAM * SEWARD (Integral evaluation for generally contracted gaussian basis sets)     Author: Roland Lindh, 1990

 Geometry written to block  1 of record 700


 Point group  C1  



 ATOMIC COORDINATES

 NR  ATOM    CHARGE       X              Y              Z

   1  C1      6.00    1.547207573    1.633049047    0.355809192
   2  H1      1.00    2.770553192    3.244031738    0.651429049
   3  C2      6.00    2.587029620   -0.737983294   -0.126041297
   4  H2      1.00    4.616669646   -0.967278880   -0.208955406
   5  C3      6.00    1.009829205   -2.812844479   -0.513793926
   6  H3      1.00    1.815740044   -4.651682208   -0.898578928
   7  C4      6.00   -1.604595957   -2.514294489   -0.415544036
   8  H4      1.00   -2.829051201   -4.123118381   -0.717251618
   9  C5      6.00   -2.644644227   -0.143676259    0.076409498
  10  H5      1.00   -4.672700596    0.084863401    0.176466513
  11  C6      6.00   -1.068247633    1.930172613    0.457841349
  12  H6      1.00   -1.875660275    3.767473857    0.843305718
  13  N1      0.00   -5.528134577    0.793809666   10.274715512
  14  C7      0.00   -4.366168570    2.981484770   10.803960129
  15  H7      0.00   -5.589962875    4.593745153   11.111063477
  16  C8      0.00   -1.754160967    3.247648416   10.974358276
  17  H8      0.00   -0.938085088    5.068683214   11.411293752
  18  C9      0.00   -0.240582199    1.136863445   10.569552652
  19  H9      0.00    1.795728408    1.269870454   10.673174858
  20  C10     0.00   -1.413255342   -1.147163556   10.014616477
  21  H10     0.00   -0.325199209   -2.839643626    9.666765260
  22  C11     0.00   -4.040946498   -1.219044737    9.890935002
  23  H11     0.00   -5.002539164   -2.973567341    9.458485023

 Bond lengths in Bohr (Angstrom)

  1- 2  2.044316716   1- 3  2.633477576   1-11  2.634254905   3- 4  2.044233316   3- 5  2.634950131
       ( 1.081805818)       ( 1.393576319)       ( 1.393987664)       ( 1.081761685)       ( 1.394355561)

  5- 6  2.044229922   5- 7  2.633249715   7- 8  2.044170351   7- 9  2.635061570   9-10  2.043343931
       ( 1.081759888)       ( 1.393455740)       ( 1.081728365)       ( 1.394414532)       ( 1.081291042)

  9-11  2.632748682  11-12  2.043568892  13-14  2.533019390  13-22  2.531916016  14-15  2.047283202
       ( 1.393190605)       ( 1.081410087)       ( 1.340416136)       ( 1.339832256)       ( 1.083375615)

 14-16  2.631057265  16-17  2.042806938  16-18  2.628726208  18-19  2.043279060  18-20  2.626765273
       ( 1.392295545)       ( 1.081006878)       ( 1.391062003)       ( 1.081256714)       ( 1.390024321)

 20-21  2.041899950  20-22  2.631582190  22-23  2.046954569
       ( 1.080526921)       ( 1.392573324)       ( 1.083201710)

 Bond angles

  1- 3- 4  120.02903932   1- 3- 5  119.96999962   1-11- 9  120.00211231   1-11-12  120.06572512

  2- 1- 3  119.97842015   2- 1-11  119.97735275   3- 1-11  120.04422460   3- 5- 6  120.00281972

  3-5-7  119.96839764   4-3-5  120.00019645   5-7-8  119.99857437   5-7-9  120.05553861

  6- 5- 7  120.02826872   7- 9-10  120.09972148   7- 9-11  119.95895073   8- 7- 9  119.94576864

  9-11-12  119.93127597  10- 9-11  119.93968321  13-14-15  115.93018233  13-14-16  123.80086070

 13-22-20  123.89474785  13-22-23  115.94517513  14-13-22  116.66864618  14-16-17  120.04151134

 14-16-18  118.71230779  15-14-16  120.26867913  16-18-19  120.91338718  16-18-20  118.27358530

 17-16-18  121.24612622  18-20-21  121.25353825  18-20-22  118.64963085  19-18-20  120.81215774

 20-22-23  120.15988210  21-20-22  120.09462226

 NUCLEAR CHARGE:                   42
 NUMBER OF PRIMITIVE AOS:         565
 NUMBER OF SYMMETRY AOS:          541
 NUMBER OF CONTRACTIONS:          375   (  375A   )
 NUMBER OF CORE ORBITALS:           6   (    6A   )
 NUMBER OF VALENCE ORBITALS:       30   (   30A   )

 MOLECULE CHANGED: INITIALIZING OCCUPATION AND DUMP RECORDS


 NUCLEAR REPULSION ENERGY  203.68422471


 Eigenvalues of metric

         1 0.231E-05 0.297E-05 0.819E-05 0.102E-04 0.123E-04 0.192E-04 0.194E-04 0.272E-04


 OPERATOR DM      FOR CENTER  0  COORDINATES:    0.000000    0.000000    0.000000


 **********************************************************************************************************************************
 DATASETS  * FILE   NREC   LENGTH (MB)   RECORD NAMES
              1      19       35.55       500      610      700      900      950      970     1000      129      960     1100   
                                          VAR    BASINP    GEOM    SYMINP    ZMAT    AOBASIS   BASIS     P2S    ABASIS      S 
                                         1400     1410     1200     1210     1080     1600     1650     1700     1800   
                                           T        V       H0       H01     AOSYM     SMH    MOLCAS    OPER     GRID   

              2       5        6.02       700     1000      520     1800     2101   
                                         GEOM     BASIS   MCVARS    GRID      RKS  

 PROGRAMS   *        TOTAL       INT   RKS-SCF       INT
 CPU TIMES  *       363.88      0.27    362.70      0.70
 REAL TIME  *       369.65 SEC
 DISK USED  *        51.82 MB (local),      207.29 MB (total)
 SF USED    *         1.69 MB
 GA USED    *         7.84 MB       (max)       7.84 MB       (current)
 **********************************************************************************************************************************

 Density functional group PBE=PBEX+PBEC
 Functional: PBEX(Automatically generated (new) PBEX)                          Gradient terms: 1
 Functional: PBEC(Automatically generated (new) PBEC)                          Gradient terms: 1
 Use libxcgrid:  F
 Use grid at  1800.2

 Functional: PBEX                      Factor:  1.0000
 Functional: PBEC                      Factor:  1.0000

 Generated new metagrid on record  1800.2 with target accuracy 1.0D-08 and 242806 points in CPU time    0.6
 Computed new grid on record 1800.1 in CPU time    1.0
  303269 words reserved for DFT integration

 PROGRAM * RKS-SCF (Restricted closed shell Kohn-Sham)     Authors: W. Meyer, H.-J. Werner, P.J. Knowles, 1993

 NUMBER OF ELECTRONS:      21+   21-    SPACE SYMMETRY=1    SPIN SYMMETRY: Singlet 
 CONVERGENCE THRESHOLDS:    1.00E-04 (Density)    1.00E-08 (Energy)
 INTEGRAL THRESHOLDS:       1.00E-12 (Initial)    1.00E-12 (Final)
 MAX. NUMBER OF ITERATIONS:       60
 INTERPOLATION TYPE:            DIIS
 INTERPOLATION STEPS:              2 (START)      1 (STEP)
 LEVEL SHIFTS:                  0.00 (CLOSED)  0.00 (OPEN) 



 Use fine grid record 1800.2 for energy threshold  1.0D-08
 Orbital guess generated from atomic densities. Full valence occupancy:   36

 Molecular orbital dump at record        2201.2

 Initial occupancy:  21

 Direct Fock-matrix evaluation.        Authors: Roland Lindh & Martin Schuetz (1993/96)

 Integral Threshold:                  0.1D-11
 Threshold for writing integrals:     0.1D-06
 Prescreening on density matrix:        ON 
 Calculation will be performed fully direct        

 ITERATION   DDIFF            GRAD            ENERGY        2-EL.EN.            DIPOLE MOMENTS         DIIS   CPU(IT)  CPU(TOT)
    1      0.000D+00      0.000D+00      -231.74113433    643.347233    0.00171   -0.00188    0.00145    0     32.5     41.1     start
    2      0.000D+00      0.490D-02      -231.38754016    599.548490   -0.00452    0.00445    0.00349    1     31.2     72.4     diag
    3      0.577D-01      0.820D-02      -231.95931705    627.064317    0.00109   -0.00197    0.00115    2     31.1    103.5     diag
    4      0.239D-01      0.532D-03      -231.96137914    626.685379   -0.00195    0.00273    0.00156    3     29.7    133.1     diag
    5      0.192D-02      0.114D-03      -231.96147707    626.611075    0.00310   -0.00508    0.00022    4     28.8    161.9     diag
    6      0.304D-03      0.156D-04      -231.96147591    626.641549   -0.00629    0.00935    0.00304    5     27.7    189.6     diag
    7      0.142D-03      0.194D-04      -231.96147937    626.646153    0.00020   -0.00060    0.00101    6     27.1    216.7     diag
    8      0.395D-04      0.147D-05      -231.96147938    626.646923   -0.00027    0.00010    0.00121    7     25.7    242.4     diag
    9      0.656D-05      0.129D-05      -231.96147934    626.646912    0.00010   -0.00043    0.00106    0     25.8    268.2     orth

 Final occupancy:  21

 !RKS STATE  1.1 Energy              -231.961479340154
 Nuclear energy                       203.68422471
 One-electron energy                 -714.48331565
 Two-electron energy                  313.32345587
 Density functional                   -34.48584427     PBEX=-33.10692904 PBEC= -1.37891524
 Virial quotient                       -1.00516478
 !RKS STATE  1.1 Dipole moment          0.00009559    -0.00043081     0.00105807
 Dipole moment /Debye                   0.00024296    -0.00109494     0.00268918

 Orbital energies:

         1.1          2.1          3.1          4.1          5.1          6.1          7.1          8.1          9.1         10.1
     -9.900169    -9.900077    -9.899918    -9.899648    -9.899596    -9.899371    -0.781939    -0.679342    -0.679239    -0.545806

        11.1         12.1         13.1         14.1         15.1         16.1         17.1         18.1         19.1         20.1
     -0.545740    -0.474220    -0.411772    -0.399915    -0.375589    -0.375420    -0.332769    -0.301493    -0.301177    -0.232112

        21.1         22.1         23.1
     -0.232052    -0.043479    -0.043416


 HOMO     21.1    -0.232052 =      -6.3145eV
 LUMO     22.1    -0.043479 =      -1.1831eV
 LUMO-HOMO         0.188573 =       5.1313eV


 **********************************************************************************************************************************
 DATASETS  * FILE   NREC   LENGTH (MB)   RECORD NAMES
              1      19       35.55       500      610      700      900      950      970     1000      129      960     1100   
                                          VAR    BASINP    GEOM    SYMINP    ZMAT    AOBASIS   BASIS     P2S    ABASIS      S 
                                         1400     1410     1200     1210     1080     1600     1650     1700     1800   
                                           T        V       H0       H01     AOSYM     SMH    MOLCAS    OPER     GRID   

              2       6       14.16       700     1000      520     1800     2101     2201   
                                         GEOM     BASIS   MCVARS    GRID      RKS      RKS  

 PROGRAMS   *        TOTAL   RKS-SCF       INT   RKS-SCF       INT
 CPU TIMES  *       633.25    269.37      0.27    362.70      0.70
 REAL TIME  *       640.70 SEC
 DISK USED  *        58.83 MB (local),      235.31 MB (total)
 SF USED    *         1.69 MB
 GA USED    *         7.84 MB       (max)       7.84 MB       (current)
 **********************************************************************************************************************************
 SETTING EA_PBE         =      -231.96147934  AU                              

 Dummy atoms: C1  H1  C2  H2  C3  H3  C4  H4  C5  H5  C6  H6


 Recomputing one-electron integrals since nuclear charges changed


 PROGRAM * SEWARD (Integral evaluation for generally contracted gaussian basis sets)     Author: Roland Lindh, 1990

 Geometry written to block  1 of record 700


 Point group  C1  



 ATOMIC COORDINATES

 NR  ATOM    CHARGE       X              Y              Z

   1  C1      0.00    1.547207573    1.633049047    0.355809192
   2  H1      0.00    2.770553192    3.244031738    0.651429049
   3  C2      0.00    2.587029620   -0.737983294   -0.126041297
   4  H2      0.00    4.616669646   -0.967278880   -0.208955406
   5  C3      0.00    1.009829205   -2.812844479   -0.513793926
   6  H3      0.00    1.815740044   -4.651682208   -0.898578928
   7  C4      0.00   -1.604595957   -2.514294489   -0.415544036
   8  H4      0.00   -2.829051201   -4.123118381   -0.717251618
   9  C5      0.00   -2.644644227   -0.143676259    0.076409498
  10  H5      0.00   -4.672700596    0.084863401    0.176466513
  11  C6      0.00   -1.068247633    1.930172613    0.457841349
  12  H6      0.00   -1.875660275    3.767473857    0.843305718
  13  N1      7.00   -5.528134577    0.793809666   10.274715512
  14  C7      6.00   -4.366168570    2.981484770   10.803960129
  15  H7      1.00   -5.589962875    4.593745153   11.111063477
  16  C8      6.00   -1.754160967    3.247648416   10.974358276
  17  H8      1.00   -0.938085088    5.068683214   11.411293752
  18  C9      6.00   -0.240582199    1.136863445   10.569552652
  19  H9      1.00    1.795728408    1.269870454   10.673174858
  20  C10     6.00   -1.413255342   -1.147163556   10.014616477
  21  H10     1.00   -0.325199209   -2.839643626    9.666765260
  22  C11     6.00   -4.040946498   -1.219044737    9.890935002
  23  H11     1.00   -5.002539164   -2.973567341    9.458485023

 Bond lengths in Bohr (Angstrom)

  1- 2  2.044316716   1- 3  2.633477576   1-11  2.634254905   3- 4  2.044233316   3- 5  2.634950131
       ( 1.081805818)       ( 1.393576319)       ( 1.393987664)       ( 1.081761685)       ( 1.394355561)

  5- 6  2.044229922   5- 7  2.633249715   7- 8  2.044170351   7- 9  2.635061570   9-10  2.043343931
       ( 1.081759888)       ( 1.393455740)       ( 1.081728365)       ( 1.394414532)       ( 1.081291042)

  9-11  2.632748682  11-12  2.043568892  13-14  2.533019390  13-22  2.531916016  14-15  2.047283202
       ( 1.393190605)       ( 1.081410087)       ( 1.340416136)       ( 1.339832256)       ( 1.083375615)

 14-16  2.631057265  16-17  2.042806938  16-18  2.628726208  18-19  2.043279060  18-20  2.626765273
       ( 1.392295545)       ( 1.081006878)       ( 1.391062003)       ( 1.081256714)       ( 1.390024321)

 20-21  2.041899950  20-22  2.631582190  22-23  2.046954569
       ( 1.080526921)       ( 1.392573324)       ( 1.083201710)

 Bond angles

  1- 3- 4  120.02903932   1- 3- 5  119.96999962   1-11- 9  120.00211231   1-11-12  120.06572512

  2- 1- 3  119.97842015   2- 1-11  119.97735275   3- 1-11  120.04422460   3- 5- 6  120.00281972

  3-5-7  119.96839764   4-3-5  120.00019645   5-7-8  119.99857437   5-7-9  120.05553861

  6- 5- 7  120.02826872   7- 9-10  120.09972148   7- 9-11  119.95895073   8- 7- 9  119.94576864

  9-11-12  119.93127597  10- 9-11  119.93968321  13-14-15  115.93018233  13-14-16  123.80086070

 13-22-20  123.89474785  13-22-23  115.94517513  14-13-22  116.66864618  14-16-17  120.04151134

 14-16-18  118.71230779  15-14-16  120.26867913  16-18-19  120.91338718  16-18-20  118.27358530

 17-16-18  121.24612622  18-20-21  121.25353825  18-20-22  118.64963085  19-18-20  120.81215774

 20-22-23  120.15988210  21-20-22  120.09462226

 NUCLEAR CHARGE:                   42
 NUMBER OF PRIMITIVE AOS:         565
 NUMBER OF SYMMETRY AOS:          541
 NUMBER OF CONTRACTIONS:          375   (  375A   )
 NUMBER OF CORE ORBITALS:           6   (    6A   )
 NUMBER OF VALENCE ORBITALS:       29   (   29A   )

 MOLECULE CHANGED: INITIALIZING OCCUPATION AND DUMP RECORDS


 NUCLEAR REPULSION ENERGY  206.25955836


 Eigenvalues of metric

         1 0.231E-05 0.297E-05 0.819E-05 0.102E-04 0.123E-04 0.192E-04 0.194E-04 0.272E-04


 OPERATOR DM      FOR CENTER  0  COORDINATES:    0.000000    0.000000    0.000000


 **********************************************************************************************************************************
 DATASETS  * FILE   NREC   LENGTH (MB)   RECORD NAMES
              1      19       35.55       500      610      700      900      950      970     1000      129      960     1100   
                                          VAR    BASINP    GEOM    SYMINP    ZMAT    AOBASIS   BASIS     P2S    ABASIS      S 
                                         1400     1410     1200     1210     1080     1600     1650     1700     1800   
                                           T        V       H0       H01     AOSYM     SMH    MOLCAS    OPER     GRID   

              2       6       14.16       700     1000      520     1800     2101     2201   
                                         GEOM     BASIS   MCVARS    GRID      RKS      RKS  

 PROGRAMS   *        TOTAL       INT   RKS-SCF       INT   RKS-SCF       INT
 CPU TIMES  *       633.53      0.26    269.37      0.27    362.70      0.70
 REAL TIME  *       641.34 SEC
 DISK USED  *        58.83 MB (local),      235.31 MB (total)
 SF USED    *         1.69 MB
 GA USED    *         7.84 MB       (max)       7.84 MB       (current)
 **********************************************************************************************************************************

 Density functional group PBE=PBEX+PBEC
 Functional: PBEX(Automatically generated (new) PBEX)                          Gradient terms: 1
 Functional: PBEC(Automatically generated (new) PBEC)                          Gradient terms: 1
 Use libxcgrid:  F
 Use grid at  1800.2

 Functional: PBEX                      Factor:  1.0000
 Functional: PBEC                      Factor:  1.0000

 Generated new metagrid on record  1800.2 with target accuracy 1.0D-08 and 242806 points in CPU time    0.7
 Computed new grid on record 1800.1 in CPU time    1.1
  303269 words reserved for DFT integration

 PROGRAM * RKS-SCF (Restricted closed shell Kohn-Sham)     Authors: W. Meyer, H.-J. Werner, P.J. Knowles, 1993

 NUMBER OF ELECTRONS:      21+   21-    SPACE SYMMETRY=1    SPIN SYMMETRY: Singlet 
 CONVERGENCE THRESHOLDS:    1.00E-04 (Density)    1.00E-08 (Energy)
 INTEGRAL THRESHOLDS:       1.00E-12 (Initial)    1.00E-12 (Final)
 MAX. NUMBER OF ITERATIONS:       60
 INTERPOLATION TYPE:            DIIS
 INTERPOLATION STEPS:              2 (START)      1 (STEP)
 LEVEL SHIFTS:                  0.00 (CLOSED)  0.00 (OPEN) 



 Use fine grid record 1800.2 for energy threshold  1.0D-08
 Orbital guess generated from atomic densities. Full valence occupancy:   35

 Molecular orbital dump at record        2301.2

 Initial occupancy:  21

 Direct Fock-matrix evaluation.        Authors: Roland Lindh & Martin Schuetz (1993/96)

 Integral Threshold:                  0.1D-11
 Threshold for writing integrals:     0.1D-06
 Prescreening on density matrix:        ON 
 Calculation will be performed fully direct        

 ITERATION   DDIFF            GRAD            ENERGY        2-EL.EN.            DIPOLE MOMENTS         DIIS   CPU(IT)  CPU(TOT)
    1      0.000D+00      0.000D+00      -247.83493145    660.483680    0.91531    0.06251    0.04632    0     32.6     41.3     start
    2      0.000D+00      0.424D-02      -247.63992970    625.912126    1.19586    0.07155    0.06380    1     31.2     72.5     diag
    3      0.281D-01      0.644D-02      -247.99273970    646.742029    0.55369    0.03906    0.02637    2     31.0    103.5     diag
    4      0.147D-01      0.759D-03      -247.99464229    646.978364    1.21067    0.07729    0.06390    3     30.0    133.6     diag
    5      0.187D-02      0.575D-03      -247.99737906    646.391455    0.80281    0.05326    0.04121    4     29.5    163.1     diag
    6      0.784D-03      0.174D-03      -247.99755516    646.470740    0.88826    0.05841    0.04571    5     28.7    191.8     diag
    7      0.212D-03      0.964D-04      -247.99761600    646.463253    0.88083    0.05788    0.04535    6     28.3    220.0     diag
    8      0.948D-04      0.479D-05      -247.99761619    646.474222    0.88055    0.05794    0.04540    7     27.0    247.0     diag
    9      0.189D-04      0.986D-06      -247.99761619    646.474400    0.88082    0.05783    0.04536    8     25.1    272.1     diag
   10      0.266D-05      0.857D-06      -247.99761617    646.475043    0.88069    0.05810    0.04543    0     25.3    297.4     orth

 Final occupancy:  21

 !RKS STATE  1.1 Energy              -247.997616170964
 Nuclear energy                       206.25955836
 One-electron energy                 -741.91792685
 Two-electron energy                  323.23752141
 Density functional                   -35.57676909     PBEX=-34.18772988 PBEC= -1.38903921
 Virial quotient                       -1.00523167
 !RKS STATE  1.1 Dipole moment          0.88068558     0.05810046     0.04542920
 Dipole moment /Debye                   2.23833286     0.14766697     0.11546194

 Orbital energies:

         1.1          2.1          3.1          4.1          5.1          6.1          7.1          8.1          9.1         10.1
    -14.001757    -9.932290    -9.932164    -9.920834    -9.912077    -9.911901    -0.867539    -0.739399    -0.697781    -0.575281

        11.1         12.1         13.1         14.1         15.1         16.1         17.1         18.1         19.1         20.1
     -0.573838    -0.481876    -0.436247    -0.423935    -0.385239    -0.364861    -0.361512    -0.323272    -0.268293    -0.246056

        21.1         22.1         23.1
     -0.217461    -0.068278    -0.054844


 HOMO     21.1    -0.217461 =      -5.9174eV
 LUMO     22.1    -0.068278 =      -1.8579eV
 LUMO-HOMO         0.149182 =       4.0595eV


 **********************************************************************************************************************************
 DATASETS  * FILE   NREC   LENGTH (MB)   RECORD NAMES
              1      19       35.55       500      610      700      900      950      970     1000      129      960     1100   
                                          VAR    BASINP    GEOM    SYMINP    ZMAT    AOBASIS   BASIS     P2S    ABASIS      S 
                                         1400     1410     1200     1210     1080     1600     1650     1700     1800   
                                           T        V       H0       H01     AOSYM     SMH    MOLCAS    OPER     GRID   

              2       7       22.29       700     1000      520     1800     2101     2201     2301   
                                         GEOM     BASIS   MCVARS    GRID      RKS      RKS      RKS  

 PROGRAMS   *        TOTAL   RKS-SCF       INT   RKS-SCF       INT   RKS-SCF       INT
 CPU TIMES  *       932.12    298.59      0.26    269.37      0.27    362.70      0.70
 REAL TIME  *       941.89 SEC
 DISK USED  *        67.52 MB (local),      270.10 MB (total)
 SF USED    *         1.69 MB
 GA USED    *         7.84 MB       (max)       7.84 MB       (current)
 **********************************************************************************************************************************
 SETTING EB_PBE         =      -247.99761617  AU                              
 SETTING E_AB_INT       =        -0.00021430  AU                              

 *** results in hartree
 E_AB_INT         =        -0.00021430 AU
 Molecular orbitals read from record     2301.2  Type=RKS/CANONICAL (state 1.1)
 Occupation numbers read from record     2301.2  Type=RKS/RHF (state 1.1)
 Orbital energies read from record       2301.2  Type=RKS/CANONICAL (state 1.1)
 Redundancy group numbers read from rec  2301.2  Type=RKS/RHF (state 1.1)

 RPBE/aug-cc-pVDZ energy=   -247.997616170964

         RKS-SCF         RKS-SCF         RKS-SCF
   -247.99761617   -231.96147934   -479.95930981
 **********************************************************************************************************************************
 Molpro calculation terminated
