
 Primary working directories    : /scratch/sirous/119768/molpro.U4Mi63xFm4
 Secondary working directories  : /scratch/sirous/119768/molpro.U4Mi63xFm4
 Wavefunction directory         : /scratch/sirous/119768/
 Main file repository           : /scratch/sirous/119768/molpro.U4Mi63xFm4/

 id        : karlovklimes

 Nodes                      nprocs
 nc-05.cc.karlov.mff.cuni.cz    4

 Using customized tuning parameters: mindgm=1; mindgv=20; mindgc=4; mindgr=1; noblas=0; minvec=7
 default implementation of scratch files=sf  


 Variables initialized (934), CPU time= 0.00 sec
 ***,CH3C6H4CN+CF3CN+BF3
 memory,500,m
 gdirect
 gthresh,energy=1.d-8,twoint=1.d-15,oneint=1.d-15,zero=1.d-15,orbital=1.d-8,grid=1.d-8
 symmetry,nosym
 geomtyp=xyz
                                                                                 ! Geometry
 geometry={
 C1        -1.309749745    1.180176173     -0.025170341
 O1        -0.725300438    2.155147669     0.452713346
 N1        -0.665621156    0.095054696     -0.491994491
 H1        0.354582662    0.051448166     -0.459309217
 H2        -1.183627037    -0.673599692     -0.870756096
 C2        -2.816719340    1.155998649     -0.110605975
 H3        -3.220628949    1.262541455     0.893082386
 H4        -3.209427538    0.248634016     -0.561900090
 H5        -3.143158132    2.016595633     -0.688893115
 C3        2.793888264    1.064181930     0.135246428
 O2        2.209466501    0.090161494     -0.344484538
 N2        2.149800700    2.148925153     0.603092982
 H6        1.129695332    2.193362937     0.568791665
 H7        2.667824766    2.916886353     0.983213632
 C4        4.300887446    1.088466310     0.220471513
 H8        4.692758510    1.988115826     0.687655523
 H9        4.704443640    1.000921273     -0.785308796
 H10        4.628666208    0.217891406     0.782651851
 }
 
 
 
 basis=avdz
 
 
 
                                                                                 ! Dimer Calculation
 {rhf,accu=1.d-8;orbital,2101.2}
 eab_HF=energy
 
 
                                                                                 !monomer A
 dummy,10,11,12,13,14,15,16,17,18;                                               ! NOW MONOMER B IS DUMMY
 {rhf,accu=1.d-8;orbital,2201.2}
 ea_HF=energy
                                                                                 !monomer B
 dummy,1,2,3,4,5,6,7,8,9;                                                        !NOW MONOMER A IS DUMMY
 {rhf,accu=1.d-8;orbital,2301.2}
 eb_HF=energy
 
 E_AB_int=eab_HF-ea_HF-eb_HF
 
 
 text,results in hartree
 show,E_AB_int
 
 Commands  initialized (763), CPU time= 0.01 sec, 617 directives.
 Default parameters read. Elapsed time= 0.19 sec

 Checking input...
 Passed
1


                                         ***  PROGRAM SYSTEM MOLPRO  ***
                                       Copyright, TTI GmbH Stuttgart, 2015
                                    Version 2019.2 linked Jun  8 2019 11:26:33


 **********************************************************************************************************************************
 LABEL *   CH3C6H4CN+CF3CN+BF3                                                           
  64 bit mpp version                                                                     DATE: 20-Nov-19          TIME: 10:29:41  
 **********************************************************************************************************************************

 SHA1:             8135a10abc80eafa5b3ae28ffc55be4890dc4c84
 **********************************************************************************************************************************

 THRESHOLDS:

 ZERO    =  1.00D-15  ONEINT  =  1.00D-15  TWOINT  =  1.00D-15  PREFAC  =  1.00D-14  XXXXXX  =  1.00D-09  EORDER  =  1.00D-04
 ENERGY  =  1.00D-08  ETEST   =  0.00D+00  EDENS   =  0.00D+00  THRDEDEF=  1.00D-06  GRADIENT=  1.00D-02  STEP    =  1.00D-03
 ORBITAL =  1.00D-08  CIVEC   =  1.00D-05  COEFF   =  1.00D-04  PRINTCI =  5.00D-02  PUNCHCI =  9.90D+01  OPTGRAD =  3.00D-04
 OPTENERG=  1.00D-06  OPTSTEP =  3.00D-04  THRGRAD =  1.00D-10  COMPRESS=  1.00D-11  VARMIN  =  1.00D-07  VARMAX  =  1.00D-03
 THRDOUB =  0.00D+00  THRDIV  =  1.00D-05  THRRED  =  1.00D-07  THRPSP  =  1.00D+00  THRDC   =  1.00D-10  THRCS   =  1.00D-10
 THRNRM  =  1.00D-08  THREQ   =  0.00D+00  THRDE   =  1.00D+00  THRREF  =  1.00D-05  SPARFAC =  1.00D+00  THRDLP  =  1.00D-07
 THRDIA  =  1.00D-10  THRDLS  =  1.00D-07  THRGPS  =  0.00D+00  THRKEX  =  0.00D+00  THRDIS  =  2.00D-01  THRVAR  =  1.00D-10
 THRLOC  =  1.00D-06  THRGAP  =  1.00D-06  THRLOCT = -1.00D+00  THRGAPT = -1.00D+00  THRORB  =  1.00D-06  THRMLTP =  0.00D+00
 THRCPQCI=  1.00D-10  KEXTA   =  0.00D+00  THRCOARS=  0.00D+00  SYMTOL  =  1.00D-06  GRADTOL =  1.00D-06  THROVL  =  1.00D-08
 THRORTH =  1.00D-08  GRID    =  1.00D-08  GRIDMAX =  1.00D-03  DTMAX   =  0.00D+00  THROCCDE=  1.00D-01  THROCCDE=  1.00D-01
 THRPRINT=  2.50D-01


 Variable memory set to  500000000 words,  buffer space 

 SETTING GEOMTYP        =    XYZ
 ZSYMEL=NOSYM

 SETTING BASIS          =    AVDZ


 Recomputing integrals since basis changed


 Using spherical harmonics

 Library entry C      S aug-cc-pVDZ          selected for orbital group  1
 Library entry C      P aug-cc-pVDZ          selected for orbital group  1
 Library entry C      D aug-cc-pVDZ          selected for orbital group  1
 Library entry O      S aug-cc-pVDZ          selected for orbital group  2
 Library entry O      P aug-cc-pVDZ          selected for orbital group  2
 Library entry O      D aug-cc-pVDZ          selected for orbital group  2
 Library entry N      S aug-cc-pVDZ          selected for orbital group  3
 Library entry N      P aug-cc-pVDZ          selected for orbital group  3
 Library entry N      D aug-cc-pVDZ          selected for orbital group  3
 Library entry H      S aug-cc-pVDZ          selected for orbital group  4
 Library entry H      P aug-cc-pVDZ          selected for orbital group  4


 PROGRAM * SEWARD (Integral evaluation for generally contracted gaussian basis sets)     Author: Roland Lindh, 1990

 Geometry written to block  1 of record 700


 Point group  C1  



 ATOMIC COORDINATES

 NR  ATOM    CHARGE       X              Y              Z

   1  C1      6.00   -2.475068310    2.230209746   -0.047565051
   2  O1      8.00   -1.370619186    4.072638852    0.855504237
   3  N1      7.00   -1.257841688    0.179627342   -0.929734843
   4  H1      1.00    0.670064120    0.097222943   -0.867968627
   5  H2      1.00   -2.236730934   -1.272918935   -1.645490543
   6  C2      6.00   -5.322828122    2.184520847   -0.209015000
   7  H3      1.00   -6.086106662    2.385857571    1.687681116
   8  H4      1.00   -6.064939063    0.469850195   -1.061837279
   9  H5      1.00   -5.939708036    3.810813450   -1.301819316
  10  C3      6.00    5.279683642    2.011012394    0.255578708
  11  O2      8.00    4.175286568    0.170380531   -0.650981431
  12  N2      7.00    4.062534545    4.060880001    1.139680564
  13  H6      1.00    2.134814782    4.144855243    1.074860469
  14  H7      1.00    5.041458156    5.512116344    1.858004486
  15  C4      6.00    8.127499366    2.056903222    0.416630778
  16  H8      1.00    8.868028353    3.756994415    1.299480607
  17  H9      1.00    8.890110048    1.891467078   -1.484018548
  18  H10     1.00    8.746911455    0.411755082    1.478997649

 Bond lengths in Bohr (Angstrom)

 1-2  2.330211797  1-3  2.542587734  1-6  2.852698637  3-4  1.930654384  3-5  1.892200060
     ( 1.233094980)     ( 1.345479486)     ( 1.509583108)     ( 1.021658302)     ( 1.001309150)

  6- 7  2.054406670   6- 8  2.053808640   6- 9  2.054163998  10-11  2.330122280  10-12  2.542645319
       ( 1.087145192)       ( 1.086828728)       ( 1.087016775)       ( 1.233047609)       ( 1.345509958)

 10-15  2.852735202  12-13  1.930636417  12-14  1.892185936  15-16  2.053805508  15-17  2.054607512
       ( 1.509602458)       ( 1.021648794)       ( 1.001301676)       ( 1.086827071)       ( 1.087251473)

 15-18  2.053973492
       ( 1.086915964)

 Bond angles

  1-3-4  120.09112214   1-3-5  120.17771163   1-6-7  108.48574251   1-6-8  113.42701073

  1-6-9  108.49462337   2-1-3  123.04023309   2-1-6  120.51378993   3-1-6  116.44595471

  4-3-5  119.73101970   7-6-8  109.32553924   7-6-9  107.57730366   8-6-9  109.36334244

 10-12-13  120.09021967  10-12-14  120.17671051  10-15-16  113.42364218  10-15-17  108.48223908

 10-15-18  108.50352934  11-10-12  123.04057800  11-10-15  120.51871637  12-10-15  116.44058452

 13-12-14  119.73273735  16-15-17  109.29735773  16-15-18  109.38689259  17-15-18  107.58028268

 NUCLEAR CHARGE:                   64
 NUMBER OF PRIMITIVE AOS:         406
 NUMBER OF SYMMETRY AOS:          390
 NUMBER OF CONTRACTIONS:          274   (  274A   )
 NUMBER OF CORE ORBITALS:           8   (    8A   )
 NUMBER OF VALENCE ORBITALS:       42   (   42A   )


 NUCLEAR REPULSION ENERGY  373.20399521


 Eigenvalues of metric

         1 0.128E-04 0.464E-04 0.109E-03 0.119E-03 0.145E-03 0.215E-03 0.348E-03 0.351E-03


 OPERATOR DM      FOR CENTER  0  COORDINATES:    0.000000    0.000000    0.000000


 **********************************************************************************************************************************
 DATASETS  * FILE   NREC   LENGTH (MB)   RECORD NAMES
              1      18       33.05       500      610      700      900      950      970     1000      129      960     1100   
                                          VAR    BASINP    GEOM    SYMINP    ZMAT    AOBASIS   BASIS     P2S    ABASIS      S 
                                         1400     1410     1200     1210     1080     1600     1650     1700   
                                           T        V       H0       H01     AOSYM     SMH    MOLCAS    OPER   

 PROGRAMS   *        TOTAL       INT
 CPU TIMES  *         0.69      0.51
 REAL TIME  *         2.14 SEC
 DISK USED  *        33.69 MB (local),      134.75 MB (total)
 GA USED    *         0.00 MB       (max)       0.00 MB       (current)
 **********************************************************************************************************************************


 PROGRAM * RHF-SCF (CLOSED SHELL)       Authors: W. Meyer, H.-J. Werner


 NUMBER OF ELECTRONS:      32+   32-    SPACE SYMMETRY=1    SPIN SYMMETRY: Singlet 
 CONVERGENCE THRESHOLDS:    1.00E-04 (Density)    1.00E-09 (Energy)
 INTEGRAL THRESHOLDS:       1.00E-11 (Initial)    1.00E-11 (Final)
 MAX. NUMBER OF ITERATIONS:       60
 INTERPOLATION TYPE:            DIIS
 INTERPOLATION STEPS:              2 (START)      1 (STEP)
 LEVEL SHIFTS:                  0.00 (CLOSED)  0.00 (OPEN) 



 Orbital guess generated from atomic densities. Full valence occupancy:   50

 Molecular orbital dump at record        2101.2

 Initial occupancy:  32

 Direct Fock-matrix evaluation.        Authors: Roland Lindh & Martin Schuetz (1993/96)

 Integral Threshold:                  0.1D-10
 Threshold for writing integrals:     0.1D-06
 Prescreening on density matrix:        ON 
 Calculation will be performed fully direct        

 ITERATION   DDIFF            GRAD            ENERGY        2-EL.EN.            DIPOLE MOMENTS         DIIS   CPU(IT)  CPU(TOT)
    1      0.000D+00      0.000D+00      -415.86687884   1042.298749    0.00023   -0.00070    0.00090    0     11.9     14.8     start
    2      0.000D+00      0.472D-02      -415.98058980   1035.430553    0.00022   -0.00026    0.00036    1     10.6     25.3     diag
    3      0.917D-02      0.318D-02      -416.03829256   1037.917518    0.00018   -0.00070    0.00103    2     10.3     35.7     diag
    4      0.332D-02      0.554D-03      -416.04183219   1038.050339    0.00018   -0.00061    0.00091    3     10.2     45.9     diag
    5      0.120D-02      0.165D-03      -416.04221453   1037.895224    0.00017   -0.00065    0.00095    4     10.0     55.9     diag
    6      0.384D-03      0.469D-04      -416.04226293   1037.913839    0.00017   -0.00064    0.00096    5      9.7     65.6     diag
    7      0.131D-03      0.209D-04      -416.04227087   1037.920489    0.00017   -0.00065    0.00095    6      9.5     75.1     diag
    8      0.465D-04      0.795D-05      -416.04227238   1037.918274    0.00017   -0.00064    0.00095    7      9.3     84.4     diag
    9      0.199D-04      0.275D-05      -416.04227259   1037.918331    0.00017   -0.00065    0.00095    8      9.0     93.4     diag
   10      0.864D-05      0.647D-06      -416.04227260   1037.918703    0.00017   -0.00064    0.00095    9      8.6    102.0     orth
   11      0.222D-05      0.176D-06      -416.04227260   1037.918398    0.00017   -0.00065    0.00095    0      7.8    109.8     orth

 Final occupancy:  32

 !RHF STATE  1.1 Energy              -416.042272597415
 Nuclear energy                       373.20399521
 One-electron energy                -1308.20546675
 Two-electron energy                  518.95919895
 Virial quotient                       -1.00130096
 !RHF STATE  1.1 Dipole moment          0.00016738    -0.00064614     0.00095031
 Dipole moment /Debye                   0.00042540    -0.00164222     0.00241529

 Orbital energies:

         1.1          2.1          3.1          4.1          5.1          6.1          7.1          8.1          9.1         10.1
    -20.524794   -20.524770   -15.576598   -15.576592   -11.359433   -11.359425   -11.240597   -11.240592    -1.381061    -1.376500

        11.1         12.1         13.1         14.1         15.1         16.1         17.1         18.1         19.1         20.1
     -1.209907    -1.203661    -1.005373    -1.000393    -0.802028    -0.787644    -0.723482    -0.719711    -0.675893    -0.649435

        21.1         22.1         23.1         24.1         25.1         26.1         27.1         28.1         29.1         30.1
     -0.613391    -0.610952    -0.587990    -0.575890    -0.560021    -0.553642    -0.522819    -0.517003    -0.436610    -0.415264

        31.1         32.1         33.1         34.1
     -0.411161    -0.400901     0.034221     0.038051


 HOMO     32.1    -0.400901 =     -10.9091eV
 LUMO     33.1     0.034221 =       0.9312eV
 LUMO-HOMO         0.435122 =      11.8403eV


 **********************************************************************************************************************************
 DATASETS  * FILE   NREC   LENGTH (MB)   RECORD NAMES
              1      18       33.05       500      610      700      900      950      970     1000      129      960     1100   
                                          VAR    BASINP    GEOM    SYMINP    ZMAT    AOBASIS   BASIS     P2S    ABASIS      S 
                                         1400     1410     1200     1210     1080     1600     1650     1700   
                                           T        V       H0       H01     AOSYM     SMH    MOLCAS    OPER   

              2       4        4.59       700     1000      520     2101   
                                         GEOM     BASIS   MCVARS     RHF  

 PROGRAMS   *        TOTAL   RHF-SCF       INT
 CPU TIMES  *       110.56    109.87      0.51
 REAL TIME  *       114.09 SEC
 DISK USED  *        43.14 MB (local),      172.57 MB (total)
 SF USED    *         0.90 MB
 GA USED    *         0.00 MB       (max)       0.00 MB       (current)
 **********************************************************************************************************************************
 SETTING EAB_HF         =      -416.04227260  AU                              

 Dummy atoms: C3  O2  N2  H6  H7  C4  H8  H9  H10


 Recomputing one-electron integrals since nuclear charges changed


 PROGRAM * SEWARD (Integral evaluation for generally contracted gaussian basis sets)     Author: Roland Lindh, 1990

 Geometry written to block  1 of record 700


 Point group  C1  



 ATOMIC COORDINATES

 NR  ATOM    CHARGE       X              Y              Z

   1  C1      6.00   -2.475068310    2.230209746   -0.047565051
   2  O1      8.00   -1.370619186    4.072638852    0.855504237
   3  N1      7.00   -1.257841688    0.179627342   -0.929734843
   4  H1      1.00    0.670064120    0.097222943   -0.867968627
   5  H2      1.00   -2.236730934   -1.272918935   -1.645490543
   6  C2      6.00   -5.322828122    2.184520847   -0.209015000
   7  H3      1.00   -6.086106662    2.385857571    1.687681116
   8  H4      1.00   -6.064939063    0.469850195   -1.061837279
   9  H5      1.00   -5.939708036    3.810813450   -1.301819316
  10  C3      0.00    5.279683642    2.011012394    0.255578708
  11  O2      0.00    4.175286568    0.170380531   -0.650981431
  12  N2      0.00    4.062534545    4.060880001    1.139680564
  13  H6      0.00    2.134814782    4.144855243    1.074860469
  14  H7      0.00    5.041458156    5.512116344    1.858004486
  15  C4      0.00    8.127499366    2.056903222    0.416630778
  16  H8      0.00    8.868028353    3.756994415    1.299480607
  17  H9      0.00    8.890110048    1.891467078   -1.484018548
  18  H10     0.00    8.746911455    0.411755082    1.478997649

 Bond lengths in Bohr (Angstrom)

 1-2  2.330211797  1-3  2.542587734  1-6  2.852698637  3-4  1.930654384  3-5  1.892200060
     ( 1.233094980)     ( 1.345479486)     ( 1.509583108)     ( 1.021658302)     ( 1.001309150)

  6- 7  2.054406670   6- 8  2.053808640   6- 9  2.054163998  10-11  2.330122280  10-12  2.542645319
       ( 1.087145192)       ( 1.086828728)       ( 1.087016775)       ( 1.233047609)       ( 1.345509958)

 10-15  2.852735202  12-13  1.930636417  12-14  1.892185936  15-16  2.053805508  15-17  2.054607512
       ( 1.509602458)       ( 1.021648794)       ( 1.001301676)       ( 1.086827071)       ( 1.087251473)

 15-18  2.053973492
       ( 1.086915964)

 Bond angles

  1-3-4  120.09112214   1-3-5  120.17771163   1-6-7  108.48574251   1-6-8  113.42701073

  1-6-9  108.49462337   2-1-3  123.04023309   2-1-6  120.51378993   3-1-6  116.44595471

  4-3-5  119.73101970   7-6-8  109.32553924   7-6-9  107.57730366   8-6-9  109.36334244

 10-12-13  120.09021967  10-12-14  120.17671051  10-15-16  113.42364218  10-15-17  108.48223908

 10-15-18  108.50352934  11-10-12  123.04057800  11-10-15  120.51871637  12-10-15  116.44058452

 13-12-14  119.73273735  16-15-17  109.29735773  16-15-18  109.38689259  17-15-18  107.58028268

 NUCLEAR CHARGE:                   32
 NUMBER OF PRIMITIVE AOS:         406
 NUMBER OF SYMMETRY AOS:          390
 NUMBER OF CONTRACTIONS:          274   (  274A   )
 NUMBER OF CORE ORBITALS:           4   (    4A   )
 NUMBER OF VALENCE ORBITALS:       21   (   21A   )

 MOLECULE CHANGED: INITIALIZING OCCUPATION AND DUMP RECORDS


 NUCLEAR REPULSION ENERGY  121.85534952


 Eigenvalues of metric

         1 0.128E-04 0.464E-04 0.109E-03 0.119E-03 0.145E-03 0.215E-03 0.348E-03 0.351E-03


 OPERATOR DM      FOR CENTER  0  COORDINATES:    0.000000    0.000000    0.000000


 **********************************************************************************************************************************
 DATASETS  * FILE   NREC   LENGTH (MB)   RECORD NAMES
              1      18       33.05       500      610      700      900      950      970     1000      129      960     1100   
                                          VAR    BASINP    GEOM    SYMINP    ZMAT    AOBASIS   BASIS     P2S    ABASIS      S 
                                         1400     1410     1200     1210     1080     1600     1650     1700   
                                           T        V       H0       H01     AOSYM     SMH    MOLCAS    OPER   

              2       4        4.59       700     1000      520     2101   
                                         GEOM     BASIS   MCVARS     RHF  

 PROGRAMS   *        TOTAL       INT   RHF-SCF       INT
 CPU TIMES  *       110.73      0.15    109.87      0.51
 REAL TIME  *       114.45 SEC
 DISK USED  *        43.14 MB (local),      172.57 MB (total)
 SF USED    *         0.90 MB
 GA USED    *         0.00 MB       (max)       0.00 MB       (current)
 **********************************************************************************************************************************


 PROGRAM * RHF-SCF (CLOSED SHELL)       Authors: W. Meyer, H.-J. Werner


 NUMBER OF ELECTRONS:      16+   16-    SPACE SYMMETRY=1    SPIN SYMMETRY: Singlet 
 CONVERGENCE THRESHOLDS:    1.00E-04 (Density)    1.00E-09 (Energy)
 INTEGRAL THRESHOLDS:       1.00E-11 (Initial)    1.00E-11 (Final)
 MAX. NUMBER OF ITERATIONS:       60
 INTERPOLATION TYPE:            DIIS
 INTERPOLATION STEPS:              2 (START)      1 (STEP)
 LEVEL SHIFTS:                  0.00 (CLOSED)  0.00 (OPEN) 



 Orbital guess generated from atomic densities. Full valence occupancy:   25

 Molecular orbital dump at record        2201.2

 Initial occupancy:  16

 Direct Fock-matrix evaluation.        Authors: Roland Lindh & Martin Schuetz (1993/96)

 Integral Threshold:                  0.1D-10
 Threshold for writing integrals:     0.1D-06
 Prescreening on density matrix:        ON 
 Calculation will be performed fully direct        

 ITERATION   DDIFF            GRAD            ENERGY        2-EL.EN.            DIPOLE MOMENTS         DIIS   CPU(IT)  CPU(TOT)
    1      0.000D+00      0.000D+00      -207.90619742    391.431716   -0.71895   -2.45510   -1.16163    0     11.8     14.7     start
    2      0.000D+00      0.493D-02      -207.96804745    387.825694   -0.36748   -1.13269   -0.53728    1     10.4     25.2     diag
    3      0.702D-02      0.368D-02      -208.00913500    389.067909   -0.56163   -1.56330   -0.74509    2     10.2     35.4     diag
    4      0.270D-02      0.530D-03      -208.01107441    389.227248   -0.56453   -1.49643   -0.71438    3     10.1     45.5     diag
    5      0.883D-03      0.164D-03      -208.01130307    389.109494   -0.57474   -1.49024   -0.71211    4      9.8     55.3     diag
    6      0.290D-03      0.495D-04      -208.01133301    389.135101   -0.57812   -1.48205   -0.70852    5      9.6     64.8     diag
    7      0.107D-03      0.213D-04      -208.01133752    389.134129   -0.57849   -1.48057   -0.70786    6      9.2     74.0     diag
    8      0.343D-04      0.837D-05      -208.01133827    389.133068   -0.57885   -1.47957   -0.70742    7      8.9     82.9     diag
    9      0.145D-04      0.306D-05      -208.01133839    389.133463   -0.57865   -1.47915   -0.70721    8      8.6     91.5     diag
   10      0.676D-05      0.701D-06      -208.01133840    389.133420   -0.57856   -1.47907   -0.70717    9      8.0     99.5     orth
   11      0.182D-05      0.126D-06      -208.01133840    389.133444   -0.57855   -1.47907   -0.70717    0      7.2    106.7     orth

 Final occupancy:  16

 !RHF STATE  1.1 Energy              -208.011338401070
 Nuclear energy                       121.85534952
 One-electron energy                 -524.43340969
 Two-electron energy                  194.56672177
 Virial quotient                       -1.00155751
 !RHF STATE  1.1 Dipole moment         -0.57855149    -1.47906912    -0.70717102
 Dipole moment /Debye                  -1.47043489    -3.75917250    -1.79733173

 Orbital energies:

         1.1          2.1          3.1          4.1          5.1          6.1          7.1          8.1          9.1         10.1
    -20.522052   -15.600969   -11.360965   -11.244607    -1.373686    -1.221489    -1.007127    -0.806518    -0.731703    -0.664283

        11.1         12.1         13.1         14.1         15.1         16.1         17.1         18.1
     -0.615236    -0.580080    -0.563933    -0.523671    -0.420621    -0.413043     0.023138     0.033568


 HOMO     16.1    -0.413043 =     -11.2395eV
 LUMO     17.1     0.023138 =       0.6296eV
 LUMO-HOMO         0.436181 =      11.8691eV


 **********************************************************************************************************************************
 DATASETS  * FILE   NREC   LENGTH (MB)   RECORD NAMES
              1      18       33.05       500      610      700      900      950      970     1000      129      960     1100   
                                          VAR    BASINP    GEOM    SYMINP    ZMAT    AOBASIS   BASIS     P2S    ABASIS      S 
                                         1400     1410     1200     1210     1080     1600     1650     1700   
                                           T        V       H0       H01     AOSYM     SMH    MOLCAS    OPER   

              2       5       10.10       700     1000      520     2101     2201   
                                         GEOM     BASIS   MCVARS     RHF      RHF  

 PROGRAMS   *        TOTAL   RHF-SCF       INT   RHF-SCF       INT
 CPU TIMES  *       217.50    106.77      0.15    109.87      0.51
 REAL TIME  *       222.20 SEC
 DISK USED  *        48.65 MB (local),      194.61 MB (total)
 SF USED    *         0.90 MB
 GA USED    *         0.00 MB       (max)       0.00 MB       (current)
 **********************************************************************************************************************************
 SETTING EA_HF          =      -208.01133840  AU                              

 Dummy atoms: C1  O1  N1  H1  H2  C2  H3  H4  H5


 Recomputing one-electron integrals since nuclear charges changed


 PROGRAM * SEWARD (Integral evaluation for generally contracted gaussian basis sets)     Author: Roland Lindh, 1990

 Geometry written to block  1 of record 700


 Point group  C1  



 ATOMIC COORDINATES

 NR  ATOM    CHARGE       X              Y              Z

   1  C1      0.00   -2.475068310    2.230209746   -0.047565051
   2  O1      0.00   -1.370619186    4.072638852    0.855504237
   3  N1      0.00   -1.257841688    0.179627342   -0.929734843
   4  H1      0.00    0.670064120    0.097222943   -0.867968627
   5  H2      0.00   -2.236730934   -1.272918935   -1.645490543
   6  C2      0.00   -5.322828122    2.184520847   -0.209015000
   7  H3      0.00   -6.086106662    2.385857571    1.687681116
   8  H4      0.00   -6.064939063    0.469850195   -1.061837279
   9  H5      0.00   -5.939708036    3.810813450   -1.301819316
  10  C3      6.00    5.279683642    2.011012394    0.255578708
  11  O2      8.00    4.175286568    0.170380531   -0.650981431
  12  N2      7.00    4.062534545    4.060880001    1.139680564
  13  H6      1.00    2.134814782    4.144855243    1.074860469
  14  H7      1.00    5.041458156    5.512116344    1.858004486
  15  C4      6.00    8.127499366    2.056903222    0.416630778
  16  H8      1.00    8.868028353    3.756994415    1.299480607
  17  H9      1.00    8.890110048    1.891467078   -1.484018548
  18  H10     1.00    8.746911455    0.411755082    1.478997649

 Bond lengths in Bohr (Angstrom)

 1-2  2.330211797  1-3  2.542587734  1-6  2.852698637  3-4  1.930654384  3-5  1.892200060
     ( 1.233094980)     ( 1.345479486)     ( 1.509583108)     ( 1.021658302)     ( 1.001309150)

  6- 7  2.054406670   6- 8  2.053808640   6- 9  2.054163998  10-11  2.330122280  10-12  2.542645319
       ( 1.087145192)       ( 1.086828728)       ( 1.087016775)       ( 1.233047609)       ( 1.345509958)

 10-15  2.852735202  12-13  1.930636417  12-14  1.892185936  15-16  2.053805508  15-17  2.054607512
       ( 1.509602458)       ( 1.021648794)       ( 1.001301676)       ( 1.086827071)       ( 1.087251473)

 15-18  2.053973492
       ( 1.086915964)

 Bond angles

  1-3-4  120.09112214   1-3-5  120.17771163   1-6-7  108.48574251   1-6-8  113.42701073

  1-6-9  108.49462337   2-1-3  123.04023309   2-1-6  120.51378993   3-1-6  116.44595471

  4-3-5  119.73101970   7-6-8  109.32553924   7-6-9  107.57730366   8-6-9  109.36334244

 10-12-13  120.09021967  10-12-14  120.17671051  10-15-16  113.42364218  10-15-17  108.48223908

 10-15-18  108.50352934  11-10-12  123.04057800  11-10-15  120.51871637  12-10-15  116.44058452

 13-12-14  119.73273735  16-15-17  109.29735773  16-15-18  109.38689259  17-15-18  107.58028268

 NUCLEAR CHARGE:                   32
 NUMBER OF PRIMITIVE AOS:         406
 NUMBER OF SYMMETRY AOS:          390
 NUMBER OF CONTRACTIONS:          274   (  274A   )
 NUMBER OF CORE ORBITALS:           4   (    4A   )
 NUMBER OF VALENCE ORBITALS:       21   (   21A   )

 MOLECULE CHANGED: INITIALIZING OCCUPATION AND DUMP RECORDS


 NUCLEAR REPULSION ENERGY  121.85562789


 Eigenvalues of metric

         1 0.128E-04 0.464E-04 0.109E-03 0.119E-03 0.145E-03 0.215E-03 0.348E-03 0.351E-03


 OPERATOR DM      FOR CENTER  0  COORDINATES:    0.000000    0.000000    0.000000


 **********************************************************************************************************************************
 DATASETS  * FILE   NREC   LENGTH (MB)   RECORD NAMES
              1      18       33.05       500      610      700      900      950      970     1000      129      960     1100   
                                          VAR    BASINP    GEOM    SYMINP    ZMAT    AOBASIS   BASIS     P2S    ABASIS      S 
                                         1400     1410     1200     1210     1080     1600     1650     1700   
                                           T        V       H0       H01     AOSYM     SMH    MOLCAS    OPER   

              2       5       10.10       700     1000      520     2101     2201   
                                         GEOM     BASIS   MCVARS     RHF      RHF  

 PROGRAMS   *        TOTAL       INT   RHF-SCF       INT   RHF-SCF       INT
 CPU TIMES  *       217.66      0.15    106.77      0.15    109.87      0.51
 REAL TIME  *       222.55 SEC
 DISK USED  *        48.65 MB (local),      194.61 MB (total)
 SF USED    *         0.90 MB
 GA USED    *         0.00 MB       (max)       0.00 MB       (current)
 **********************************************************************************************************************************


 PROGRAM * RHF-SCF (CLOSED SHELL)       Authors: W. Meyer, H.-J. Werner


 NUMBER OF ELECTRONS:      16+   16-    SPACE SYMMETRY=1    SPIN SYMMETRY: Singlet 
 CONVERGENCE THRESHOLDS:    1.00E-04 (Density)    1.00E-09 (Energy)
 INTEGRAL THRESHOLDS:       1.00E-11 (Initial)    1.00E-11 (Final)
 MAX. NUMBER OF ITERATIONS:       60
 INTERPOLATION TYPE:            DIIS
 INTERPOLATION STEPS:              2 (START)      1 (STEP)
 LEVEL SHIFTS:                  0.00 (CLOSED)  0.00 (OPEN) 



 Orbital guess generated from atomic densities. Full valence occupancy:   25

 Molecular orbital dump at record        2301.2

 Initial occupancy:  16

 Direct Fock-matrix evaluation.        Authors: Roland Lindh & Martin Schuetz (1993/96)

 Integral Threshold:                  0.1D-10
 Threshold for writing integrals:     0.1D-06
 Prescreening on density matrix:        ON 
 Calculation will be performed fully direct        

 ITERATION   DDIFF            GRAD            ENERGY        2-EL.EN.            DIPOLE MOMENTS         DIIS   CPU(IT)  CPU(TOT)
    1      0.000D+00      0.000D+00      -207.90621353    391.432039    0.71908    2.45432    1.16267    0     11.9     15.0     start
    2      0.000D+00      0.493D-02      -207.96806309    387.826262    0.36756    1.13241    0.53765    1     10.4     25.4     diag
    3      0.702D-02      0.368D-02      -208.00914056    389.068340    0.56169    1.56257    0.74617    2     10.1     35.5     diag
    4      0.270D-02      0.530D-03      -208.01107991    389.227668    0.56459    1.49576    0.71532    3     10.1     45.6     diag
    5      0.883D-03      0.164D-03      -208.01130859    389.109917    0.57480    1.48955    0.71311    4      9.8     55.4     diag
    6      0.290D-03      0.495D-04      -208.01133854    389.135521    0.57818    1.48136    0.70952    5      9.5     64.9     diag
    7      0.107D-03      0.213D-04      -208.01134305    389.134550    0.57855    1.47988    0.70885    6      9.1     74.0     diag
    8      0.343D-04      0.838D-05      -208.01134380    389.133488    0.57890    1.47888    0.70841    7      8.8     82.8     diag
    9      0.145D-04      0.306D-05      -208.01134392    389.133883    0.57870    1.47846    0.70820    8      8.6     91.4     diag
   10      0.676D-05      0.701D-06      -208.01134393    389.133841    0.57861    1.47838    0.70816    9      8.0     99.5     orth
   11      0.182D-05      0.126D-06      -208.01134393    389.133864    0.57861    1.47838    0.70816    0      7.2    106.7     orth

 Final occupancy:  16

 !RHF STATE  1.1 Energy              -208.011343928469
 Nuclear energy                       121.85562789
 One-electron energy                 -524.43390379
 Two-electron energy                  194.56693197
 Virial quotient                       -1.00155707
 !RHF STATE  1.1 Dipole moment          0.57860540     1.47837989     0.70816142
 Dipole moment /Debye                   1.47057192     3.75742077     1.79984889

 Orbital energies:

         1.1          2.1          3.1          4.1          5.1          6.1          7.1          8.1          9.1         10.1
    -20.522067   -15.600954   -11.360963   -11.244606    -1.373716    -1.221481    -1.007123    -0.806505    -0.731698    -0.664287

        11.1         12.1         13.1         14.1         15.1         16.1         17.1         18.1
     -0.615240    -0.580099    -0.563926    -0.523678    -0.420628    -0.413050     0.023139     0.033569


 HOMO     16.1    -0.413050 =     -11.2397eV
 LUMO     17.1     0.023139 =       0.6297eV
 LUMO-HOMO         0.436189 =      11.8693eV


 **********************************************************************************************************************************
 DATASETS  * FILE   NREC   LENGTH (MB)   RECORD NAMES
              1      18       33.05       500      610      700      900      950      970     1000      129      960     1100   
                                          VAR    BASINP    GEOM    SYMINP    ZMAT    AOBASIS   BASIS     P2S    ABASIS      S 
                                         1400     1410     1200     1210     1080     1600     1650     1700   
                                           T        V       H0       H01     AOSYM     SMH    MOLCAS    OPER   

              2       6       15.61       700     1000      520     2101     2201     2301   
                                         GEOM     BASIS   MCVARS     RHF      RHF      RHF  

 PROGRAMS   *        TOTAL   RHF-SCF       INT   RHF-SCF       INT   RHF-SCF       INT
 CPU TIMES  *       324.41    106.75      0.15    106.77      0.15    109.87      0.51
 REAL TIME  *       330.21 SEC
 DISK USED  *        54.16 MB (local),      216.66 MB (total)
 SF USED    *         0.90 MB
 GA USED    *         0.00 MB       (max)       0.00 MB       (current)
 **********************************************************************************************************************************
 SETTING EB_HF          =      -208.01134393  AU                              
 SETTING E_AB_INT       =        -0.01959027  AU                              

 *** results in hartree
 E_AB_INT         =        -0.01959027 AU
 Molecular orbitals read from record     2301.2  Type=RHF/CANONICAL (state 1.1)
 Occupation numbers read from record     2301.2  Type=RHF/RHF (state 1.1)
 Orbital energies read from record       2301.2  Type=RHF/CANONICAL (state 1.1)
 Redundancy group numbers read from rec  2301.2  Type=RHF/RHF (state 1.1)

 RHF/aug-cc-pVDZ energy=   -208.011343928469

         RHF-SCF         RHF-SCF         RHF-SCF
   -208.01134393   -208.01133840   -416.04227260
 **********************************************************************************************************************************
 Molpro calculation terminated
Wed 20 Nov 2019 10:35:12 AM CET
