
 Primary working directories    : /scratch/sirous/71208/molpro.RQ5jMgYfST
 Secondary working directories  : /scratch/sirous/71208/molpro.RQ5jMgYfST
 Wavefunction directory         : /scratch/sirous/71208/
 Main file repository           : /scratch/sirous/71208/molpro.RQ5jMgYfST/

 id        : karlovklimes

 Nodes                      nprocs
 nc-05.cc.karlov.mff.cuni.cz    4

 Using customized tuning parameters: mindgm=1; mindgv=20; mindgc=4; mindgr=1; noblas=0; minvec=7
 default implementation of scratch files=sf  


 Variables initialized (934), CPU time= 0.00 sec
 ***,CH3C6H4CN+CF3CN+BF3
 memory,500,m
 gdirect
 gthresh,energy=1.d-8,twoint=1.d-19,oneint=1.d-19,zero=1.d-15,orbital=1.d-8,grid=1.d-8
 symmetry,nosym
 geomtyp=xyz
                                                                                 ! Geometry
 geometry={
 C1        -1.061709204    1.297140572     0.292060003
 O1        -0.358161116    2.270458613     0.531812668
 O2        -0.589303516    0.094917758     0.003788813
 H1        0.404435659    0.127722621     0.018411838
 C2        -2.558427798    1.342549823     0.29625732
 H2        -2.895997978    2.347464002     0.51831634
 H3        -2.932889278    1.022390451     -0.672995551
 H4        -2.93721196    0.644910433     1.039557084
 C3        6.013435073199497    1.12268626541037     0.29585720180723313
 O3        5.309816708199497    0.14937177741036994     0.05606959980723315
 O4        5.541008739199497    2.3251216534103696     0.5836356728072332
 H5        4.547220199199497    2.29222341941037     0.5692351688072331
 C4        7.510147521199498    1.07678351941037     0.2938928068072332
 H6        7.847727085199496    0.07546432641036992     0.056367311807233145
 H7        7.891646066199497    1.78713645841037     -0.43557609119276686
 H8        7.8816638321994965    1.37947803641037     1.269948167807233
 }
 
 
 
 basis=aug-cc-pv5z
 
 
 
                                                                                 ! Dimer Calculation
 {rks,pbe,accu=1.d-8;orbital,2101.2}
 eab_PBE=energy
 
 
                                                                                 !monomer A
 dummy,9,10,11,12,13,14,15,16;                                                   ! NOW MONOMER B IS DUMMY
 {rks,pbe,accu=1.d-8;orbital,2201.2}
 ea_PBE=energy
                                                                                 !monomer B
 dummy,1,2,3,4,5,6,7,8;                                                          !NOW MONOMER A IS DUMMY
 {rks,pbe,accu=1.d-8;orbital,2301.2}
 eb_PBE=energy
 
 E_AB_int=eab_PBE-ea_PBE-eb_PBE
 
 
 text,results in hartree
 show,E_AB_int
 
 Commands  initialized (763), CPU time= 0.02 sec, 617 directives.
 Default parameters read. Elapsed time= 3.58 sec

 Checking input...
 Passed
1


                                         ***  PROGRAM SYSTEM MOLPRO  ***
                                       Copyright, TTI GmbH Stuttgart, 2015
                                    Version 2019.2 linked Jun  8 2019 11:26:33


 **********************************************************************************************************************************
 LABEL *   CH3C6H4CN+CF3CN+BF3                                                           
  64 bit mpp version                                                                     DATE: 25-Oct-19          TIME: 19:46:08  
 **********************************************************************************************************************************

 SHA1:             8135a10abc80eafa5b3ae28ffc55be4890dc4c84
 **********************************************************************************************************************************

 THRESHOLDS:

 ZERO    =  1.00D-15  ONEINT  =  1.00D-19  TWOINT  =  1.00D-19  PREFAC  =  1.00D-14  XXXXXX  =  1.00D-09  EORDER  =  1.00D-04
 ENERGY  =  1.00D-08  ETEST   =  0.00D+00  EDENS   =  0.00D+00  THRDEDEF=  1.00D-06  GRADIENT=  1.00D-02  STEP    =  1.00D-03
 ORBITAL =  1.00D-08  CIVEC   =  1.00D-05  COEFF   =  1.00D-04  PRINTCI =  5.00D-02  PUNCHCI =  9.90D+01  OPTGRAD =  3.00D-04
 OPTENERG=  1.00D-06  OPTSTEP =  3.00D-04  THRGRAD =  1.00D-10  COMPRESS=  1.00D-11  VARMIN  =  1.00D-07  VARMAX  =  1.00D-03
 THRDOUB =  0.00D+00  THRDIV  =  1.00D-05  THRRED  =  1.00D-07  THRPSP  =  1.00D+00  THRDC   =  1.00D-10  THRCS   =  1.00D-10
 THRNRM  =  1.00D-08  THREQ   =  0.00D+00  THRDE   =  1.00D+00  THRREF  =  1.00D-05  SPARFAC =  1.00D+00  THRDLP  =  1.00D-07
 THRDIA  =  1.00D-10  THRDLS  =  1.00D-07  THRGPS  =  0.00D+00  THRKEX  =  0.00D+00  THRDIS  =  2.00D-01  THRVAR  =  1.00D-10
 THRLOC  =  1.00D-06  THRGAP  =  1.00D-06  THRLOCT = -1.00D+00  THRGAPT = -1.00D+00  THRORB  =  1.00D-06  THRMLTP =  0.00D+00
 THRCPQCI=  1.00D-10  KEXTA   =  0.00D+00  THRCOARS=  0.00D+00  SYMTOL  =  1.00D-06  GRADTOL =  1.00D-06  THROVL  =  1.00D-08
 THRORTH =  1.00D-08  GRID    =  1.00D-08  GRIDMAX =  1.00D-03  DTMAX   =  0.00D+00  THROCCDE=  1.00D-01  THROCCDE=  1.00D-01
 THRPRINT=  2.50D-01


 Variable memory set to  500000000 words,  buffer space 

 SETTING GEOMTYP        =    XYZ
 ZSYMEL=NOSYM

 SETTING BASIS          =    AUG-CC-PV5Z


 Recomputing integrals since basis changed


 Using spherical harmonics

 Library entry C      S aug-cc-pV5Z          selected for orbital group  1
 Library entry C      P aug-cc-pV5Z          selected for orbital group  1
 Library entry C      D aug-cc-pV5Z          selected for orbital group  1
 Library entry C      F aug-cc-pV5Z          selected for orbital group  1
 Library entry C      G aug-cc-pV5Z          selected for orbital group  1
 Library entry C      H aug-cc-pV5Z          selected for orbital group  1
 Library entry O      S aug-cc-pV5Z          selected for orbital group  2
 Library entry O      P aug-cc-pV5Z          selected for orbital group  2
 Library entry O      D aug-cc-pV5Z          selected for orbital group  2
 Library entry O      F aug-cc-pV5Z          selected for orbital group  2
 Library entry O      G aug-cc-pV5Z          selected for orbital group  2
 Library entry O      H aug-cc-pV5Z          selected for orbital group  2
 Library entry H      S aug-cc-pV5Z          selected for orbital group  3
 Library entry H      P aug-cc-pV5Z          selected for orbital group  3
 Library entry H      D aug-cc-pV5Z          selected for orbital group  3
 Library entry H      F aug-cc-pV5Z          selected for orbital group  3
 Library entry H      G aug-cc-pV5Z          selected for orbital group  3


 PROGRAM * SEWARD (Integral evaluation for generally contracted gaussian basis sets)     Author: Roland Lindh, 1990

 Geometry written to block  1 of record 700


 Point group  C1  



 ATOMIC COORDINATES

 NR  ATOM    CHARGE       X              Y              Z

   1  C1      6.00   -2.006339619    2.451240426    0.551913418
   2  O1      8.00   -0.676826418    4.290544956    1.004980292
   3  O2      8.00   -1.113622249    0.179368567    0.007159819
   4  H1      1.00    0.764272631    0.241360774    0.034793331
   5  C2      6.00   -4.834727848    2.537051474    0.559845197
   6  H2      1.00   -5.472643036    4.436064051    0.979475928
   7  H3      1.00   -5.542357489    1.932037945   -1.271777274
   8  H4      1.00   -5.550526174    1.218704093    1.964478180
   9  C3      6.00   11.363745356    2.121569565    0.559089083
  10  O3      8.00   10.034099350    0.282271750    0.105956188
  11  O4      8.00   10.470988971    4.393843131    1.102911578
  12  H5      1.00    8.593000805    4.331674479    1.075698570
  13  C4      6.00   14.192121970    2.034825947    0.555376915
  14  H6      1.00   14.830054891    0.142606909    0.106518782
  15  H7      1.00   14.913049737    3.377198454   -0.823119519
  16  H8      1.00   14.894186049    2.606835684    2.399854230

 Bond lengths in Bohr (Angstrom)

 1-2  2.314285224  1-3  2.501020298  1-5  2.829700765  3-4  1.879121025  5-6  2.046771728
     ( 1.224667000)     ( 1.323482946)     ( 1.497413158)     ( 0.994388023)     ( 1.083104954)

  5- 7  2.054658599   5- 8  2.055091452   9-10  2.314369110   9-11  2.501196519   9-13  2.829708908
       ( 1.087278507)       ( 1.087507563)       ( 1.224711391)       ( 1.323576198)       ( 1.497417468)

 11-12  1.879213943  13-14  2.046686328  13-15  2.054739207  13-16  2.054795774
       ( 0.994437193)       ( 1.083059762)       ( 1.087321163)       ( 1.087351097)

 Bond angles

  1-3-4  108.87701878   1-5-6  109.89119120   1-5-7  109.43969357   1-5-8  109.30552992

  2-1-3  124.02321982   2-1-5  123.33715270   3-1-5  112.63957654   6-5-7  110.40341342

  6- 5- 8  110.27380138   7- 5- 8  107.48414510   9-11-12  108.87447824   9-13-14  109.88739098

  9-13-15  109.36282320   9-13-16  109.37800168  10- 9-11  124.02108976  10- 9-13  123.34151116

 11- 9-13  112.63739793  14-13-15  110.33493204  14-13-16  110.34882885  15-13-16  107.48601334

 NUCLEAR CHARGE:                   64
 NUMBER OF PRIMITIVE AOS:        2456
 NUMBER OF SYMMETRY AOS:         1816
 NUMBER OF CONTRACTIONS:         1656   ( 1656A   )
 NUMBER OF CORE ORBITALS:           8   (    8A   )
 NUMBER OF VALENCE ORBITALS:       40   (   40A   )


 NUCLEAR REPULSION ENERGY  318.12507932


 Eigenvalues of metric

         1 0.441E-06 0.460E-06 0.104E-05 0.105E-05 0.146E-05 0.168E-05 0.200E-05 0.226E-05


 OPERATOR DM      FOR CENTER  0  COORDINATES:    0.000000    0.000000    0.000000


 **********************************************************************************************************************************
 DATASETS  * FILE   NREC   LENGTH (MB)   RECORD NAMES
              1      18      129.58       500      610      700      900      950      970     1000      129      960     1100   
                                          VAR    BASINP    GEOM    SYMINP    ZMAT    AOBASIS   BASIS     P2S    ABASIS      S 
                                         1400     1410     1200     1210     1080     1600     1650     1700   
                                           T        V       H0       H01     AOSYM     SMH    MOLCAS    OPER   

 PROGRAMS   *        TOTAL       INT
 CPU TIMES  *         6.79      6.63
 REAL TIME  *        17.08 SEC
 DISK USED  *       130.72 MB (local),      522.88 MB (total)
 GA USED    *         0.00 MB       (max)       0.00 MB       (current)
 **********************************************************************************************************************************

 Density functional group PBE=PBEX+PBEC
 Functional: PBEX(Automatically generated (new) PBEX)                          Gradient terms: 1
 Functional: PBEC(Automatically generated (new) PBEC)                          Gradient terms: 1
 Use libxcgrid:  F
 Use grid at  1800.2

 Functional: PBEX                      Factor:  1.0000
 Functional: PBEC                      Factor:  1.0000

 Generated new metagrid on record  1800.2 with target accuracy 1.0D-08 and 173228 points in CPU time    0.4
 Computed new grid on record 1800.1 in CPU time    0.6
 1336100 words reserved for DFT integration

 PROGRAM * RKS-SCF (Restricted closed shell Kohn-Sham)     Authors: W. Meyer, H.-J. Werner, P.J. Knowles, 1993

 NUMBER OF ELECTRONS:      32+   32-    SPACE SYMMETRY=1    SPIN SYMMETRY: Singlet 
 CONVERGENCE THRESHOLDS:    1.00E-04 (Density)    1.00E-08 (Energy)
 INTEGRAL THRESHOLDS:       1.00E-13 (Initial)    1.00E-13 (Final)
 MAX. NUMBER OF ITERATIONS:       60
 INTERPOLATION TYPE:            DIIS
 INTERPOLATION STEPS:              2 (START)      1 (STEP)
 LEVEL SHIFTS:                  0.00 (CLOSED)  0.00 (OPEN) 



 Use fine grid record 1800.2 for energy threshold  1.0D-08
 Orbital guess generated from atomic densities. Full valence occupancy:   48

 Molecular orbital dump at record        2101.2

 Initial occupancy:  32

 Direct Fock-matrix evaluation.        Authors: Roland Lindh & Martin Schuetz (1993/96)

 Integral Threshold:                  0.1D-12
 Threshold for writing integrals:     0.1D-06
 Prescreening on density matrix:        ON 
 Calculation will be performed fully direct        

 ITERATION   DDIFF            GRAD            ENERGY        2-EL.EN.            DIPOLE MOMENTS         DIIS   CPU(IT)  CPU(TOT)
    1      0.000D+00      0.000D+00      -457.54211636   1098.048209    0.00003   -0.00091    0.00324    0  13920.3  14033.5     start
    2      0.000D+00      0.284D-02      -456.37725102   1039.745214   -0.00033    0.00061   -0.00169    1  13847.0  27880.5     diag
    3      0.378D-02      0.582D-02      -457.74344878   1074.941058    0.00025   -0.00052    0.00181    2  13681.1  41561.5     diag
    4      0.268D-02      0.190D-02      -457.88766461   1078.049298    0.00009   -0.00064    0.00191    3  13049.3  54610.9     diag
    5      0.787D-03      0.289D-03      -457.88817879   1076.737935    0.00015   -0.00035    0.00175    4  12795.6  67406.4     diag
    6      0.247D-03      0.248D-03      -457.89057625   1076.760738    0.00009   -0.00061    0.00175    5  12350.4  79756.8     diag
    7      0.123D-03      0.329D-04      -457.89062516   1076.858263    0.00018   -0.00038    0.00183    6  11807.4  91564.2     diag
    8      0.153D-04      0.964D-05      -457.89062871   1076.819898    0.00004   -0.00073    0.00173    7  11106.2 102670.4     diag
    9      0.554D-05      0.292D-05      -457.89062910   1076.843575    0.00024   -0.00022    0.00186    8  10481.2 113151.7     diag
   10      0.172D-05      0.593D-06      -457.89062910   1076.841766   -0.00008   -0.00103    0.00166    9   9458.6 122610.3     orth
   11      0.360D-06      0.575D-06      -457.89062899   1076.840928    0.00078    0.00110    0.00218    0   9668.0 132278.2     orth

 Final occupancy:  32

 !RKS STATE  1.1 Energy              -457.890628985140
 Nuclear energy                       318.12507932
 One-electron energy                -1255.92470458
 Two-electron energy                  538.42046405
 Density functional                   -58.51146777     PBEX=-56.38597652 PBEC= -2.12549125
 Virial quotient                       -1.00369633
 !RKS STATE  1.1 Dipole moment          0.00077625     0.00110122     0.00217897
 Dipole moment /Debye                   0.00197289     0.00279883     0.00553803

 Orbital energies:

         1.1          2.1          3.1          4.1          5.1          6.1          7.1          8.1          9.1         10.1
    -18.809442   -18.809019   -18.737880   -18.737183   -10.014521   -10.014348    -9.896357    -9.896295    -1.027919    -1.027843

        11.1         12.1         13.1         14.1         15.1         16.1         17.1         18.1         19.1         20.1
     -0.929368    -0.929200    -0.695671    -0.695596    -0.569245    -0.569127    -0.441368    -0.441285    -0.432011    -0.431987

        21.1         22.1         23.1         24.1         25.1         26.1         27.1         28.1         29.1         30.1
     -0.430315    -0.430268    -0.372151    -0.372107    -0.354954    -0.354885    -0.346818    -0.346599    -0.286734    -0.286649

        31.1         32.1         33.1         34.1
     -0.234371    -0.233919    -0.040436    -0.039915


 HOMO     32.1    -0.233919 =      -6.3652eV
 LUMO     33.1    -0.040436 =      -1.1003eV
 LUMO-HOMO         0.193483 =       5.2649eV


 **********************************************************************************************************************************
 DATASETS  * FILE   NREC   LENGTH (MB)   RECORD NAMES
              1      19      129.58       500      610      700      900      950      970     1000      129      960     1100   
                                          VAR    BASINP    GEOM    SYMINP    ZMAT    AOBASIS   BASIS     P2S    ABASIS      S 
                                         1400     1410     1200     1210     1080     1600     1650     1700     1800   
                                           T        V       H0       H01     AOSYM     SMH    MOLCAS    OPER     GRID   

              2       5       58.23       700     1000      520     1800     2101   
                                         GEOM     BASIS   MCVARS    GRID      RKS  

 PROGRAMS   *        TOTAL   RKS-SCF       INT
 CPU TIMES  *    132295.70 132288.91      6.63
 REAL TIME  *    133012.23 SEC
 DISK USED  *       385.73 MB (local),        1.54 GB (total)
 SF USED    *        32.93 MB
 GA USED    *         5.61 MB       (max)       5.61 MB       (current)
 **********************************************************************************************************************************
 SETTING EAB_PBE        =      -457.89062899  AU                              

 Dummy atoms: C3  O3  O4  H5  C4  H6  H7  H8


 Recomputing one-electron integrals since nuclear charges changed


 PROGRAM * SEWARD (Integral evaluation for generally contracted gaussian basis sets)     Author: Roland Lindh, 1990

 Geometry written to block  1 of record 700


 Point group  C1  



 ATOMIC COORDINATES

 NR  ATOM    CHARGE       X              Y              Z

   1  C1      6.00   -2.006339619    2.451240426    0.551913418
   2  O1      8.00   -0.676826418    4.290544956    1.004980292
   3  O2      8.00   -1.113622249    0.179368567    0.007159819
   4  H1      1.00    0.764272631    0.241360774    0.034793331
   5  C2      6.00   -4.834727848    2.537051474    0.559845197
   6  H2      1.00   -5.472643036    4.436064051    0.979475928
   7  H3      1.00   -5.542357489    1.932037945   -1.271777274
   8  H4      1.00   -5.550526174    1.218704093    1.964478180
   9  C3      0.00   11.363745356    2.121569565    0.559089083
  10  O3      0.00   10.034099350    0.282271750    0.105956188
  11  O4      0.00   10.470988971    4.393843131    1.102911578
  12  H5      0.00    8.593000805    4.331674479    1.075698570
  13  C4      0.00   14.192121970    2.034825947    0.555376915
  14  H6      0.00   14.830054891    0.142606909    0.106518782
  15  H7      0.00   14.913049737    3.377198454   -0.823119519
  16  H8      0.00   14.894186049    2.606835684    2.399854230

 Bond lengths in Bohr (Angstrom)

 1-2  2.314285224  1-3  2.501020298  1-5  2.829700765  3-4  1.879121025  5-6  2.046771728
     ( 1.224667000)     ( 1.323482946)     ( 1.497413158)     ( 0.994388023)     ( 1.083104954)

  5- 7  2.054658599   5- 8  2.055091452   9-10  2.314369110   9-11  2.501196519   9-13  2.829708908
       ( 1.087278507)       ( 1.087507563)       ( 1.224711391)       ( 1.323576198)       ( 1.497417468)

 11-12  1.879213943  13-14  2.046686328  13-15  2.054739207  13-16  2.054795774
       ( 0.994437193)       ( 1.083059762)       ( 1.087321163)       ( 1.087351097)

 Bond angles

  1-3-4  108.87701878   1-5-6  109.89119120   1-5-7  109.43969357   1-5-8  109.30552992

  2-1-3  124.02321982   2-1-5  123.33715270   3-1-5  112.63957654   6-5-7  110.40341342

  6- 5- 8  110.27380138   7- 5- 8  107.48414510   9-11-12  108.87447824   9-13-14  109.88739098

  9-13-15  109.36282320   9-13-16  109.37800168  10- 9-11  124.02108976  10- 9-13  123.34151116

 11- 9-13  112.63739793  14-13-15  110.33493204  14-13-16  110.34882885  15-13-16  107.48601334

 NUCLEAR CHARGE:                   32
 NUMBER OF PRIMITIVE AOS:        2456
 NUMBER OF SYMMETRY AOS:         1816
 NUMBER OF CONTRACTIONS:         1656   ( 1656A   )
 NUMBER OF CORE ORBITALS:           4   (    4A   )
 NUMBER OF VALENCE ORBITALS:       20   (   20A   )

 MOLECULE CHANGED: INITIALIZING OCCUPATION AND DUMP RECORDS


 NUCLEAR REPULSION ENERGY  121.35354254


 Eigenvalues of metric

         1 0.441E-06 0.460E-06 0.104E-05 0.105E-05 0.146E-05 0.168E-05 0.200E-05 0.226E-05


 OPERATOR DM      FOR CENTER  0  COORDINATES:    0.000000    0.000000    0.000000


 **********************************************************************************************************************************
 DATASETS  * FILE   NREC   LENGTH (MB)   RECORD NAMES
              1      19      129.58       500      610      700      900      950      970     1000      129      960     1100   
                                          VAR    BASINP    GEOM    SYMINP    ZMAT    AOBASIS   BASIS     P2S    ABASIS      S 
                                         1400     1410     1200     1210     1080     1600     1650     1700     1800   
                                           T        V       H0       H01     AOSYM     SMH    MOLCAS    OPER     GRID   

              2       5       58.23       700     1000      520     1800     2101   
                                         GEOM     BASIS   MCVARS    GRID      RKS  

 PROGRAMS   *        TOTAL       INT   RKS-SCF       INT
 CPU TIMES  *    132302.36      6.64 132288.91      6.63
 REAL TIME  *    133019.05 SEC
 DISK USED  *       385.73 MB (local),        1.54 GB (total)
 SF USED    *        32.93 MB
 GA USED    *         5.61 MB       (max)       5.61 MB       (current)
 **********************************************************************************************************************************

 Density functional group PBE=PBEX+PBEC
 Functional: PBEX(Automatically generated (new) PBEX)                          Gradient terms: 1
 Functional: PBEC(Automatically generated (new) PBEC)                          Gradient terms: 1
 Use libxcgrid:  F
 Use grid at  1800.2

 Functional: PBEX                      Factor:  1.0000
 Functional: PBEC                      Factor:  1.0000

 Generated new metagrid on record  1800.2 with target accuracy 1.0D-08 and 173228 points in CPU time    0.4
 Computed new grid on record 1800.1 in CPU time    0.6
 1336100 words reserved for DFT integration

 PROGRAM * RKS-SCF (Restricted closed shell Kohn-Sham)     Authors: W. Meyer, H.-J. Werner, P.J. Knowles, 1993

 NUMBER OF ELECTRONS:      16+   16-    SPACE SYMMETRY=1    SPIN SYMMETRY: Singlet 
 CONVERGENCE THRESHOLDS:    1.00E-04 (Density)    1.00E-08 (Energy)
 INTEGRAL THRESHOLDS:       1.00E-13 (Initial)    1.00E-13 (Final)
 MAX. NUMBER OF ITERATIONS:       60
 INTERPOLATION TYPE:            DIIS
 INTERPOLATION STEPS:              2 (START)      1 (STEP)
 LEVEL SHIFTS:                  0.00 (CLOSED)  0.00 (OPEN) 



 Use fine grid record 1800.2 for energy threshold  1.0D-08
 Orbital guess generated from atomic densities. Full valence occupancy:   24

 Molecular orbital dump at record        2201.2

 Initial occupancy:  16

 Direct Fock-matrix evaluation.        Authors: Roland Lindh & Martin Schuetz (1993/96)

 Integral Threshold:                  0.1D-12
 Threshold for writing integrals:     0.1D-06
 Prescreening on density matrix:        ON 
 Calculation will be performed fully direct        

 ITERATION   DDIFF            GRAD            ENERGY        2-EL.EN.            DIPOLE MOMENTS         DIIS   CPU(IT)  CPU(TOT)
    1      0.000D+00      0.000D+00      -228.76959328    473.635693   -0.36370   -1.21627   -0.29237    0  13112.7  13193.7     start
    2      0.000D+00      0.283D-02      -228.14819307    443.849281   -0.49202    2.11201    0.50600    1  13181.6  26375.3     diag
    3      0.268D-02      0.592D-02      -228.86518341    461.816335   -0.71709   -1.53462   -0.37328    2  13053.0  39428.3     diag
    4      0.191D-02      0.196D-02      -228.94303025    463.612902   -0.33729   -0.64485   -0.15559    3  12099.4  51527.8     diag
    5      0.578D-03      0.299D-03      -228.94327915    462.912414   -0.31782   -0.69425   -0.16767    4  11744.7  63272.4     diag
    6      0.180D-03      0.258D-03      -228.94458571    462.932783   -0.34982   -0.64004   -0.15468    5  11202.7  74475.2     diag
    7      0.905D-04      0.368D-04      -228.94461750    462.992222   -0.34970   -0.66509   -0.16072    6  10545.3  85020.5     diag
    8      0.118D-04      0.104D-04      -228.94461962    462.970273   -0.35046   -0.66548   -0.16083    7   9754.3  94774.8     diag
    9      0.424D-05      0.307D-05      -228.94461984    462.982730   -0.35074   -0.66526   -0.16077    8   8929.0 103703.8     diag
   10      0.126D-05      0.488D-06      -228.94461985    462.981818   -0.35059   -0.66529   -0.16078    9   7517.0 111220.8     orth
   11      0.137D-06      0.654D-07      -228.94461985    462.981635   -0.35066   -0.66533   -0.16079    0   6536.5 117757.3     orth

 Final occupancy:  16

 !RKS STATE  1.1 Energy              -228.944619847657
 Nuclear energy                       121.35354254
 One-electron energy                 -552.53321293
 Two-electron energy                  231.49081758
 Density functional                   -29.25576703     PBEX=-28.19301889 PBEC= -1.06274814
 Virial quotient                       -1.00368620
 !RKS STATE  1.1 Dipole moment         -0.35066017    -0.66533371    -0.16079285
 Dipole moment /Debye                  -0.89123088    -1.69099884    -0.40866788

 Orbital energies:

         1.1          2.1          3.1          4.1          5.1          6.1          7.1          8.1          9.1         10.1
    -18.810338   -18.737215   -10.014449    -9.896621    -1.028655    -0.929273    -0.696004    -0.570254    -0.441173    -0.432524

        11.1         12.1         13.1         14.1         15.1         16.1         17.1         18.1
     -0.430676    -0.372376    -0.355405    -0.346971    -0.286901    -0.233746    -0.040272    -0.029837


 HOMO     16.1    -0.233746 =      -6.3606eV
 LUMO     17.1    -0.040272 =      -1.0959eV
 LUMO-HOMO         0.193474 =       5.2647eV


 **********************************************************************************************************************************
 DATASETS  * FILE   NREC   LENGTH (MB)   RECORD NAMES
              1      19      129.58       500      610      700      900      950      970     1000      129      960     1100   
                                          VAR    BASINP    GEOM    SYMINP    ZMAT    AOBASIS   BASIS     P2S    ABASIS      S 
                                         1400     1410     1200     1210     1080     1600     1650     1700     1800   
                                           T        V       H0       H01     AOSYM     SMH    MOLCAS    OPER     GRID   

              2       6      170.50       700     1000      520     1800     2101     2201   
                                         GEOM     BASIS   MCVARS    GRID      RKS      RKS  

 PROGRAMS   *        TOTAL   RKS-SCF       INT   RKS-SCF       INT
 CPU TIMES  *    250070.64 117768.29      6.64 132288.91      6.63
 REAL TIME  *    251423.04 SEC
 DISK USED  *       498.00 MB (local),        1.99 GB (total)
 SF USED    *        32.93 MB
 GA USED    *         5.61 MB       (max)       5.61 MB       (current)
 **********************************************************************************************************************************
 SETTING EA_PBE         =      -228.94461985  AU                              

 Dummy atoms: C1  O1  O2  H1  C2  H2  H3  H4


 Recomputing one-electron integrals since nuclear charges changed


 PROGRAM * SEWARD (Integral evaluation for generally contracted gaussian basis sets)     Author: Roland Lindh, 1990

 Geometry written to block  1 of record 700


 Point group  C1  



 ATOMIC COORDINATES

 NR  ATOM    CHARGE       X              Y              Z

   1  C1      0.00   -2.006339619    2.451240426    0.551913418
   2  O1      0.00   -0.676826418    4.290544956    1.004980292
   3  O2      0.00   -1.113622249    0.179368567    0.007159819
   4  H1      0.00    0.764272631    0.241360774    0.034793331
   5  C2      0.00   -4.834727848    2.537051474    0.559845197
   6  H2      0.00   -5.472643036    4.436064051    0.979475928
   7  H3      0.00   -5.542357489    1.932037945   -1.271777274
   8  H4      0.00   -5.550526174    1.218704093    1.964478180
   9  C3      6.00   11.363745356    2.121569565    0.559089083
  10  O3      8.00   10.034099350    0.282271750    0.105956188
  11  O4      8.00   10.470988971    4.393843131    1.102911578
  12  H5      1.00    8.593000805    4.331674479    1.075698570
  13  C4      6.00   14.192121970    2.034825947    0.555376915
  14  H6      1.00   14.830054891    0.142606909    0.106518782
  15  H7      1.00   14.913049737    3.377198454   -0.823119519
  16  H8      1.00   14.894186049    2.606835684    2.399854230

 Bond lengths in Bohr (Angstrom)

 1-2  2.314285224  1-3  2.501020298  1-5  2.829700765  3-4  1.879121025  5-6  2.046771728
     ( 1.224667000)     ( 1.323482946)     ( 1.497413158)     ( 0.994388023)     ( 1.083104954)

  5- 7  2.054658599   5- 8  2.055091452   9-10  2.314369110   9-11  2.501196519   9-13  2.829708908
       ( 1.087278507)       ( 1.087507563)       ( 1.224711391)       ( 1.323576198)       ( 1.497417468)

 11-12  1.879213943  13-14  2.046686328  13-15  2.054739207  13-16  2.054795774
       ( 0.994437193)       ( 1.083059762)       ( 1.087321163)       ( 1.087351097)

 Bond angles

  1-3-4  108.87701878   1-5-6  109.89119120   1-5-7  109.43969357   1-5-8  109.30552992

  2-1-3  124.02321982   2-1-5  123.33715270   3-1-5  112.63957654   6-5-7  110.40341342

  6- 5- 8  110.27380138   7- 5- 8  107.48414510   9-11-12  108.87447824   9-13-14  109.88739098

  9-13-15  109.36282320   9-13-16  109.37800168  10- 9-11  124.02108976  10- 9-13  123.34151116

 11- 9-13  112.63739793  14-13-15  110.33493204  14-13-16  110.34882885  15-13-16  107.48601334

 NUCLEAR CHARGE:                   32
 NUMBER OF PRIMITIVE AOS:        2456
 NUMBER OF SYMMETRY AOS:         1816
 NUMBER OF CONTRACTIONS:         1656   ( 1656A   )
 NUMBER OF CORE ORBITALS:           4   (    4A   )
 NUMBER OF VALENCE ORBITALS:       20   (   20A   )

 MOLECULE CHANGED: INITIALIZING OCCUPATION AND DUMP RECORDS


 NUCLEAR REPULSION ENERGY  121.35037583


 Eigenvalues of metric

         1 0.441E-06 0.460E-06 0.104E-05 0.105E-05 0.146E-05 0.168E-05 0.200E-05 0.226E-05


 OPERATOR DM      FOR CENTER  0  COORDINATES:    0.000000    0.000000    0.000000


 **********************************************************************************************************************************
 DATASETS  * FILE   NREC   LENGTH (MB)   RECORD NAMES
              1      19      129.58       500      610      700      900      950      970     1000      129      960     1100   
                                          VAR    BASINP    GEOM    SYMINP    ZMAT    AOBASIS   BASIS     P2S    ABASIS      S 
                                         1400     1410     1200     1210     1080     1600     1650     1700     1800   
                                           T        V       H0       H01     AOSYM     SMH    MOLCAS    OPER     GRID   

              2       6      170.50       700     1000      520     1800     2101     2201   
                                         GEOM     BASIS   MCVARS    GRID      RKS      RKS  

 PROGRAMS   *        TOTAL       INT   RKS-SCF       INT   RKS-SCF       INT
 CPU TIMES  *    250077.31      6.66 117768.29      6.64 132288.91      6.63
 REAL TIME  *    251429.87 SEC
 DISK USED  *       498.00 MB (local),        1.99 GB (total)
 SF USED    *        32.93 MB
 GA USED    *         5.61 MB       (max)       5.61 MB       (current)
 **********************************************************************************************************************************

 Density functional group PBE=PBEX+PBEC
 Functional: PBEX(Automatically generated (new) PBEX)                          Gradient terms: 1
 Functional: PBEC(Automatically generated (new) PBEC)                          Gradient terms: 1
 Use libxcgrid:  F
 Use grid at  1800.2

 Functional: PBEX                      Factor:  1.0000
 Functional: PBEC                      Factor:  1.0000

 Generated new metagrid on record  1800.2 with target accuracy 1.0D-08 and 173228 points in CPU time    0.4
 Computed new grid on record 1800.1 in CPU time    0.6
 1336100 words reserved for DFT integration

 PROGRAM * RKS-SCF (Restricted closed shell Kohn-Sham)     Authors: W. Meyer, H.-J. Werner, P.J. Knowles, 1993

 NUMBER OF ELECTRONS:      16+   16-    SPACE SYMMETRY=1    SPIN SYMMETRY: Singlet 
 CONVERGENCE THRESHOLDS:    1.00E-04 (Density)    1.00E-08 (Energy)
 INTEGRAL THRESHOLDS:       1.00E-13 (Initial)    1.00E-13 (Final)
 MAX. NUMBER OF ITERATIONS:       60
 INTERPOLATION TYPE:            DIIS
 INTERPOLATION STEPS:              2 (START)      1 (STEP)
 LEVEL SHIFTS:                  0.00 (CLOSED)  0.00 (OPEN) 



 Use fine grid record 1800.2 for energy threshold  1.0D-08
 Orbital guess generated from atomic densities. Full valence occupancy:   24

 Molecular orbital dump at record        2301.2

 Initial occupancy:  16

 Direct Fock-matrix evaluation.        Authors: Roland Lindh & Martin Schuetz (1993/96)

 Integral Threshold:                  0.1D-12
 Threshold for writing integrals:     0.1D-06
 Prescreening on density matrix:        ON 
 Calculation will be performed fully direct        

 ITERATION   DDIFF            GRAD            ENERGY        2-EL.EN.            DIPOLE MOMENTS         DIIS   CPU(IT)  CPU(TOT)
    1      0.000D+00      0.000D+00      -228.76959846    473.628526    0.36373    1.21536    0.29562    0  13124.2  13206.7     start
    2      0.000D+00      0.283D-02      -228.14828040    443.847332    0.49174   -2.11133   -0.50760    1  13175.8  26382.5     diag
    3      0.268D-02      0.592D-02      -228.86517282    461.809920    0.71737    1.53413    0.37510    2  13056.2  39438.7     diag
    4      0.191D-02      0.196D-02      -228.94303156    463.606512    0.33741    0.64426    0.15752    3  12096.6  51535.3     diag
    5      0.578D-03      0.299D-03      -228.94327996    462.906387    0.31794    0.69380    0.16940    4  11760.0  63295.3     diag
    6      0.181D-03      0.259D-03      -228.94458740    462.926666    0.34994    0.63951    0.15646    5  11213.2  74508.5     diag
    7      0.906D-04      0.368D-04      -228.94461918    462.986071    0.34982    0.66456    0.16252    6  10536.9  85045.4     diag
    8      0.118D-04      0.104D-04      -228.94462131    462.964125    0.35058    0.66495    0.16262    7   9729.5  94775.0     diag
    9      0.424D-05      0.307D-05      -228.94462153    462.976582    0.35086    0.66473    0.16256    8   8915.1 103690.1     diag
   10      0.126D-05      0.488D-06      -228.94462153    462.975669    0.35071    0.66476    0.16257    9   7494.8 111184.9     orth
   11      0.137D-06      0.654D-07      -228.94462153    462.975487    0.35078    0.66480    0.16258    0   6529.7 117714.6     orth

 Final occupancy:  16

 !RKS STATE  1.1 Energy              -228.944621531929
 Nuclear energy                       121.35037583
 One-electron energy                 -552.52703402
 Two-electron energy                  231.48774343
 Density functional                   -29.25570677     PBEX=-28.19296375 PBEC= -1.06274302
 Virial quotient                       -1.00368736
 !RKS STATE  1.1 Dipole moment          0.35078103     0.66480318     0.16258232
 Dipole moment /Debye                   0.89153805     1.68965047     0.41321598

 Orbital energies:

         1.1          2.1          3.1          4.1          5.1          6.1          7.1          8.1          9.1         10.1
    -18.810333   -18.737230   -10.014463    -9.896615    -1.028611    -0.929254    -0.696015    -0.570227    -0.441177    -0.432506

        11.1         12.1         13.1         14.1         15.1         16.1         17.1         18.1
     -0.430671    -0.372390    -0.355406    -0.346975    -0.286899    -0.233751    -0.040290    -0.029838


 HOMO     16.1    -0.233751 =      -6.3607eV
 LUMO     17.1    -0.040290 =      -1.0963eV
 LUMO-HOMO         0.193461 =       5.2643eV


 **********************************************************************************************************************************
 DATASETS  * FILE   NREC   LENGTH (MB)   RECORD NAMES
              1      19      129.58       500      610      700      900      950      970     1000      129      960     1100   
                                          VAR    BASINP    GEOM    SYMINP    ZMAT    AOBASIS   BASIS     P2S    ABASIS      S 
                                         1400     1410     1200     1210     1080     1600     1650     1700     1800   
                                           T        V       H0       H01     AOSYM     SMH    MOLCAS    OPER     GRID   

              2       7      282.77       700     1000      520     1800     2101     2201     2301   
                                         GEOM     BASIS   MCVARS    GRID      RKS      RKS      RKS  

 PROGRAMS   *        TOTAL   RKS-SCF       INT   RKS-SCF       INT   RKS-SCF       INT
 CPU TIMES  *    367802.88 117725.57      6.66 117768.29      6.64 132288.91      6.63
 REAL TIME  *    369786.84 SEC
 DISK USED  *       610.27 MB (local),        2.44 GB (total)
 SF USED    *        32.93 MB
 GA USED    *         5.61 MB       (max)       5.61 MB       (current)
 **********************************************************************************************************************************
 SETTING EB_PBE         =      -228.94462153  AU                              
 SETTING E_AB_INT       =        -0.00138761  AU                              

 *** results in hartree
 E_AB_INT         =        -0.00138761 AU
 Molecular orbitals read from record     2301.2  Type=RKS/CANONICAL (state 1.1)
 Occupation numbers read from record     2301.2  Type=RKS/RHF (state 1.1)
 Orbital energies read from record       2301.2  Type=RKS/CANONICAL (state 1.1)
 Redundancy group numbers read from rec  2301.2  Type=RKS/RHF (state 1.1)

 RPBE/aug-cc-pV5Z energy=   -228.944621531929

         RKS-SCF         RKS-SCF         RKS-SCF
   -228.94462153   -228.94461985   -457.89062899
 **********************************************************************************************************************************
 Molpro calculation terminated
