
 Primary working directories    : /scratch/sirous/71193/molpro.Fq4g1F39Vw
 Secondary working directories  : /scratch/sirous/71193/molpro.Fq4g1F39Vw
 Wavefunction directory         : /scratch/sirous/71193/
 Main file repository           : /scratch/sirous/71193/molpro.Fq4g1F39Vw/

 id        : karlovklimes

 Nodes                      nprocs
 nc-04.cc.karlov.mff.cuni.cz    4

 Using customized tuning parameters: mindgm=1; mindgv=20; mindgc=4; mindgr=1; noblas=0; minvec=7
 default implementation of scratch files=sf  


 Variables initialized (934), CPU time= 0.00 sec
 ***,CH3C6H4CN+CF3CN+BF3
 memory,500,m
 gdirect
 gthresh,energy=1.d-8,twoint=1.d-19,oneint=1.d-19,zero=1.d-15,orbital=1.d-8,grid=1.d-8
 symmetry,nosym
 geomtyp=xyz
                                                                                 ! Geometry
 geometry={
 C1        -1.061709204    1.297140572     0.292060003
 O1        -0.358161116    2.270458613     0.531812668
 O2        -0.589303516    0.094917758     0.003788813
 H1        0.404435659    0.127722621     0.018411838
 C2        -2.558427798    1.342549823     0.29625732
 H2        -2.895997978    2.347464002     0.51831634
 H3        -2.932889278    1.022390451     -0.672995551
 H4        -2.93721196    0.644910433     1.039557084
 C3        3.4761692061609013    1.1114585179844514     0.27643989301779237
 O3        2.7725508411609012    0.1381440299844515     0.0366522910177924
 O4        3.003742872160901    2.313893905984451     0.5642183640177925
 H5        2.0099543321609015    2.2809956719844515     0.5498178600177924
 C4        4.9728816541609016    1.0655557719844515     0.2744754980177924
 H6        5.310461218160901    0.0642365789844515     0.0369500030177924
 H7        5.354380199160901    1.7759087109844514     -0.4549933999822076
 H8        5.344397965160901    1.3682502889844514     1.2505308590177924
 }
 
 
 
 basis=aug-cc-pv5z
 
 
 
                                                                                 ! Dimer Calculation
 {rks,pbe,accu=1.d-8;orbital,2101.2}
 eab_PBE=energy
 
 
                                                                                 !monomer A
 dummy,9,10,11,12,13,14,15,16;                                                   ! NOW MONOMER B IS DUMMY
 {rks,pbe,accu=1.d-8;orbital,2201.2}
 ea_PBE=energy
                                                                                 !monomer B
 dummy,1,2,3,4,5,6,7,8;                                                          !NOW MONOMER A IS DUMMY
 {rks,pbe,accu=1.d-8;orbital,2301.2}
 eb_PBE=energy
 
 E_AB_int=eab_PBE-ea_PBE-eb_PBE
 
 
 text,results in hartree
 show,E_AB_int
 
 Commands  initialized (763), CPU time= 0.02 sec, 617 directives.
 Default parameters read. Elapsed time= 3.61 sec

 Checking input...
 Passed
1


                                         ***  PROGRAM SYSTEM MOLPRO  ***
                                       Copyright, TTI GmbH Stuttgart, 2015
                                    Version 2019.2 linked Jun  8 2019 11:26:33


 **********************************************************************************************************************************
 LABEL *   CH3C6H4CN+CF3CN+BF3                                                           
  64 bit mpp version                                                                     DATE: 25-Oct-19          TIME: 19:46:08  
 **********************************************************************************************************************************

 SHA1:             8135a10abc80eafa5b3ae28ffc55be4890dc4c84
 **********************************************************************************************************************************

 THRESHOLDS:

 ZERO    =  1.00D-15  ONEINT  =  1.00D-19  TWOINT  =  1.00D-19  PREFAC  =  1.00D-14  XXXXXX  =  1.00D-09  EORDER  =  1.00D-04
 ENERGY  =  1.00D-08  ETEST   =  0.00D+00  EDENS   =  0.00D+00  THRDEDEF=  1.00D-06  GRADIENT=  1.00D-02  STEP    =  1.00D-03
 ORBITAL =  1.00D-08  CIVEC   =  1.00D-05  COEFF   =  1.00D-04  PRINTCI =  5.00D-02  PUNCHCI =  9.90D+01  OPTGRAD =  3.00D-04
 OPTENERG=  1.00D-06  OPTSTEP =  3.00D-04  THRGRAD =  1.00D-10  COMPRESS=  1.00D-11  VARMIN  =  1.00D-07  VARMAX  =  1.00D-03
 THRDOUB =  0.00D+00  THRDIV  =  1.00D-05  THRRED  =  1.00D-07  THRPSP  =  1.00D+00  THRDC   =  1.00D-10  THRCS   =  1.00D-10
 THRNRM  =  1.00D-08  THREQ   =  0.00D+00  THRDE   =  1.00D+00  THRREF  =  1.00D-05  SPARFAC =  1.00D+00  THRDLP  =  1.00D-07
 THRDIA  =  1.00D-10  THRDLS  =  1.00D-07  THRGPS  =  0.00D+00  THRKEX  =  0.00D+00  THRDIS  =  2.00D-01  THRVAR  =  1.00D-10
 THRLOC  =  1.00D-06  THRGAP  =  1.00D-06  THRLOCT = -1.00D+00  THRGAPT = -1.00D+00  THRORB  =  1.00D-06  THRMLTP =  0.00D+00
 THRCPQCI=  1.00D-10  KEXTA   =  0.00D+00  THRCOARS=  0.00D+00  SYMTOL  =  1.00D-06  GRADTOL =  1.00D-06  THROVL  =  1.00D-08
 THRORTH =  1.00D-08  GRID    =  1.00D-08  GRIDMAX =  1.00D-03  DTMAX   =  0.00D+00  THROCCDE=  1.00D-01  THROCCDE=  1.00D-01
 THRPRINT=  2.50D-01


 Variable memory set to  500000000 words,  buffer space 

 SETTING GEOMTYP        =    XYZ
 ZSYMEL=NOSYM

 SETTING BASIS          =    AUG-CC-PV5Z


 Recomputing integrals since basis changed


 Using spherical harmonics

 Library entry C      S aug-cc-pV5Z          selected for orbital group  1
 Library entry C      P aug-cc-pV5Z          selected for orbital group  1
 Library entry C      D aug-cc-pV5Z          selected for orbital group  1
 Library entry C      F aug-cc-pV5Z          selected for orbital group  1
 Library entry C      G aug-cc-pV5Z          selected for orbital group  1
 Library entry C      H aug-cc-pV5Z          selected for orbital group  1
 Library entry O      S aug-cc-pV5Z          selected for orbital group  2
 Library entry O      P aug-cc-pV5Z          selected for orbital group  2
 Library entry O      D aug-cc-pV5Z          selected for orbital group  2
 Library entry O      F aug-cc-pV5Z          selected for orbital group  2
 Library entry O      G aug-cc-pV5Z          selected for orbital group  2
 Library entry O      H aug-cc-pV5Z          selected for orbital group  2
 Library entry H      S aug-cc-pV5Z          selected for orbital group  3
 Library entry H      P aug-cc-pV5Z          selected for orbital group  3
 Library entry H      D aug-cc-pV5Z          selected for orbital group  3
 Library entry H      F aug-cc-pV5Z          selected for orbital group  3
 Library entry H      G aug-cc-pV5Z          selected for orbital group  3


 PROGRAM * SEWARD (Integral evaluation for generally contracted gaussian basis sets)     Author: Roland Lindh, 1990

 Geometry written to block  1 of record 700


 Point group  C1  



 ATOMIC COORDINATES

 NR  ATOM    CHARGE       X              Y              Z

   1  C1      6.00   -2.006339619    2.451240426    0.551913418
   2  O1      8.00   -0.676826418    4.290544956    1.004980292
   3  O2      8.00   -1.113622249    0.179368567    0.007159819
   4  H1      1.00    0.764272631    0.241360774    0.034793331
   5  C2      6.00   -4.834727848    2.537051474    0.559845197
   6  H2      1.00   -5.472643036    4.436064051    0.979475928
   7  H3      1.00   -5.542357489    1.932037945   -1.271777274
   8  H4      1.00   -5.550526174    1.218704093    1.964478180
   9  C3      6.00    6.569007762    2.100352198    0.522395688
  10  O3      8.00    5.239361756    0.261054382    0.069262792
  11  O4      8.00    5.676251377    4.372625764    1.066218182
  12  H5      1.00    3.798263211    4.310457111    1.039005174
  13  C4      6.00    9.397384376    2.013608580    0.518683519
  14  H6      1.00   10.035317297    0.121389541    0.069825386
  15  H7      1.00   10.118312143    3.355981086   -0.859812914
  16  H8      1.00   10.099448455    2.585618316    2.363160834

 Bond lengths in Bohr (Angstrom)

 1-2  2.314285224  1-3  2.501020298  1-5  2.829700765  3-4  1.879121025  5-6  2.046771728
     ( 1.224667000)     ( 1.323482946)     ( 1.497413158)     ( 0.994388023)     ( 1.083104954)

  5- 7  2.054658599   5- 8  2.055091452   9-10  2.314369110   9-11  2.501196519   9-13  2.829708908
       ( 1.087278507)       ( 1.087507563)       ( 1.224711391)       ( 1.323576198)       ( 1.497417468)

 11-12  1.879213943  13-14  2.046686328  13-15  2.054739207  13-16  2.054795774
       ( 0.994437193)       ( 1.083059762)       ( 1.087321163)       ( 1.087351097)

 Bond angles

  1-3-4  108.87701878   1-5-6  109.89119120   1-5-7  109.43969357   1-5-8  109.30552992

  2-1-3  124.02321982   2-1-5  123.33715270   3-1-5  112.63957654   6-5-7  110.40341342

  6- 5- 8  110.27380138   7- 5- 8  107.48414510   9-11-12  108.87447824   9-13-14  109.88739098

  9-13-15  109.36282320   9-13-16  109.37800168  10- 9-11  124.02108976  10- 9-13  123.34151116

 11- 9-13  112.63739793  14-13-15  110.33493204  14-13-16  110.34882885  15-13-16  107.48601334

 NUCLEAR CHARGE:                   64
 NUMBER OF PRIMITIVE AOS:        2456
 NUMBER OF SYMMETRY AOS:         1816
 NUMBER OF CONTRACTIONS:         1656   ( 1656A   )
 NUMBER OF CORE ORBITALS:           8   (    8A   )
 NUMBER OF VALENCE ORBITALS:       40   (   40A   )


 NUCLEAR REPULSION ENERGY  360.25709844


 Eigenvalues of metric

         1 0.260E-06 0.341E-06 0.618E-06 0.743E-06 0.879E-06 0.931E-06 0.934E-06 0.118E-05


 OPERATOR DM      FOR CENTER  0  COORDINATES:    0.000000    0.000000    0.000000


 **********************************************************************************************************************************
 DATASETS  * FILE   NREC   LENGTH (MB)   RECORD NAMES
              1      18      129.58       500      610      700      900      950      970     1000      129      960     1100   
                                          VAR    BASINP    GEOM    SYMINP    ZMAT    AOBASIS   BASIS     P2S    ABASIS      S 
                                         1400     1410     1200     1210     1080     1600     1650     1700   
                                           T        V       H0       H01     AOSYM     SMH    MOLCAS    OPER   

 PROGRAMS   *        TOTAL       INT
 CPU TIMES  *         6.99      6.81
 REAL TIME  *        17.08 SEC
 DISK USED  *       130.72 MB (local),      522.88 MB (total)
 GA USED    *         0.00 MB       (max)       0.00 MB       (current)
 **********************************************************************************************************************************

 Density functional group PBE=PBEX+PBEC
 Functional: PBEX(Automatically generated (new) PBEX)                          Gradient terms: 1
 Functional: PBEC(Automatically generated (new) PBEC)                          Gradient terms: 1
 Use libxcgrid:  F
 Use grid at  1800.2

 Functional: PBEX                      Factor:  1.0000
 Functional: PBEC                      Factor:  1.0000

 Generated new metagrid on record  1800.2 with target accuracy 1.0D-08 and 173228 points in CPU time    0.4
 Computed new grid on record 1800.1 in CPU time    0.6
 1336100 words reserved for DFT integration

 PROGRAM * RKS-SCF (Restricted closed shell Kohn-Sham)     Authors: W. Meyer, H.-J. Werner, P.J. Knowles, 1993

 NUMBER OF ELECTRONS:      32+   32-    SPACE SYMMETRY=1    SPIN SYMMETRY: Singlet 
 CONVERGENCE THRESHOLDS:    1.00E-04 (Density)    1.00E-08 (Energy)
 INTEGRAL THRESHOLDS:       1.00E-13 (Initial)    1.00E-13 (Final)
 MAX. NUMBER OF ITERATIONS:       60
 INTERPOLATION TYPE:            DIIS
 INTERPOLATION STEPS:              2 (START)      1 (STEP)
 LEVEL SHIFTS:                  0.00 (CLOSED)  0.00 (OPEN) 



 Use fine grid record 1800.2 for energy threshold  1.0D-08
 Orbital guess generated from atomic densities. Full valence occupancy:   48

 Molecular orbital dump at record        2101.2

 Initial occupancy:  32

 Direct Fock-matrix evaluation.        Authors: Roland Lindh & Martin Schuetz (1993/96)

 Integral Threshold:                  0.1D-12
 Threshold for writing integrals:     0.1D-06
 Prescreening on density matrix:        ON 
 Calculation will be performed fully direct        

 ITERATION   DDIFF            GRAD            ENERGY        2-EL.EN.            DIPOLE MOMENTS         DIIS   CPU(IT)  CPU(TOT)
    1      0.000D+00      0.000D+00      -457.57276871   1181.547462    0.00003   -0.00092    0.00325    0  20691.2  20828.8     start
    2      0.000D+00      0.280D-02      -456.77988482   1128.562752   -0.00003    0.00036   -0.00180    1  20419.0  41247.7     diag
    3      0.371D-02      0.514D-02      -457.80500213   1159.730457    0.00023   -0.00046    0.00185    2  19984.7  61232.4     diag
    4      0.251D-02      0.158D-02      -457.90409336   1161.732216    0.00009   -0.00061    0.00190    3  18785.2  80017.6     diag
    5      0.661D-03      0.246D-03      -457.90460942   1161.105709    0.00013   -0.00039    0.00180    4  18368.8  98386.5     diag
    6      0.217D-03      0.197D-03      -457.90616583   1160.956691    0.00009   -0.00058    0.00176    5  17554.0 115940.5     diag
    7      0.102D-03      0.215D-04      -457.90618586   1160.967051    0.00014   -0.00040    0.00182    6  16265.7 132206.2     diag
    8      0.122D-04      0.310D-05      -457.90618619   1160.970022    0.00003   -0.00078    0.00172    7  14864.5 147070.6     diag
    9      0.198D-05      0.113D-05      -457.90618624   1160.976751    0.00024   -0.00011    0.00189    8  13345.7 160416.3     diag
   10      0.808D-06      0.607D-06      -457.90618625   1160.974873    0.00002   -0.00080    0.00172    9  12137.8 172554.1     orth
   11      0.309D-06      0.330D-06      -457.90618625   1160.974345    0.00012   -0.00048    0.00180    9  11119.5 183673.7     diag
   12      0.138D-06      0.578D-07      -457.90618625   1160.974528    0.00007   -0.00064    0.00176    0  10935.4 194609.1     orth

 Final occupancy:  32

 !RKS STATE  1.1 Energy              -457.906186249867
 Nuclear energy                       360.25709844
 One-electron energy                -1340.13087505
 Two-electron energy                  580.48726410
 Density functional                   -58.51967375     PBEX=-56.39150253 PBEC= -2.12817122
 Virial quotient                       -1.00374823
 !RKS STATE  1.1 Dipole moment          0.00006838    -0.00063738     0.00176117
 Dipole moment /Debye                   0.00017379    -0.00161996     0.00447617

 Orbital energies:

         1.1          2.1          3.1          4.1          5.1          6.1          7.1          8.1          9.1         10.1
    -18.803136   -18.803101   -18.744533   -18.744465   -10.017846   -10.017843    -9.897164    -9.897154    -1.026524    -1.025090

        11.1         12.1         13.1         14.1         15.1         16.1         17.1         18.1         19.1         20.1
     -0.933900    -0.932406    -0.696800    -0.695287    -0.565687    -0.563115    -0.451071    -0.443693    -0.432154    -0.431502

        21.1         22.1         23.1         24.1         25.1         26.1         27.1         28.1         29.1         30.1
     -0.431404    -0.430584    -0.373760    -0.372214    -0.355495    -0.354378    -0.354338    -0.341513    -0.289743    -0.287487

        31.1         32.1         33.1         34.1
     -0.245744    -0.238259    -0.045569    -0.040427


 HOMO     32.1    -0.238259 =      -6.4834eV
 LUMO     33.1    -0.045569 =      -1.2400eV
 LUMO-HOMO         0.192690 =       5.2434eV


 **********************************************************************************************************************************
 DATASETS  * FILE   NREC   LENGTH (MB)   RECORD NAMES
              1      19      129.58       500      610      700      900      950      970     1000      129      960     1100   
                                          VAR    BASINP    GEOM    SYMINP    ZMAT    AOBASIS   BASIS     P2S    ABASIS      S 
                                         1400     1410     1200     1210     1080     1600     1650     1700     1800   
                                           T        V       H0       H01     AOSYM     SMH    MOLCAS    OPER     GRID   

              2       5       58.23       700     1000      520     1800     2101   
                                         GEOM     BASIS   MCVARS    GRID      RKS  

 PROGRAMS   *        TOTAL   RKS-SCF       INT
 CPU TIMES  *    194626.74 194619.75      6.81
 REAL TIME  *    195798.12 SEC
 DISK USED  *       385.73 MB (local),        1.54 GB (total)
 SF USED    *        32.93 MB
 GA USED    *         5.61 MB       (max)       5.61 MB       (current)
 **********************************************************************************************************************************
 SETTING EAB_PBE        =      -457.90618625  AU                              

 Dummy atoms: C3  O3  O4  H5  C4  H6  H7  H8


 Recomputing one-electron integrals since nuclear charges changed


 PROGRAM * SEWARD (Integral evaluation for generally contracted gaussian basis sets)     Author: Roland Lindh, 1990

 Geometry written to block  1 of record 700


 Point group  C1  



 ATOMIC COORDINATES

 NR  ATOM    CHARGE       X              Y              Z

   1  C1      6.00   -2.006339619    2.451240426    0.551913418
   2  O1      8.00   -0.676826418    4.290544956    1.004980292
   3  O2      8.00   -1.113622249    0.179368567    0.007159819
   4  H1      1.00    0.764272631    0.241360774    0.034793331
   5  C2      6.00   -4.834727848    2.537051474    0.559845197
   6  H2      1.00   -5.472643036    4.436064051    0.979475928
   7  H3      1.00   -5.542357489    1.932037945   -1.271777274
   8  H4      1.00   -5.550526174    1.218704093    1.964478180
   9  C3      0.00    6.569007762    2.100352198    0.522395688
  10  O3      0.00    5.239361756    0.261054382    0.069262792
  11  O4      0.00    5.676251377    4.372625764    1.066218182
  12  H5      0.00    3.798263211    4.310457111    1.039005174
  13  C4      0.00    9.397384376    2.013608580    0.518683519
  14  H6      0.00   10.035317297    0.121389541    0.069825386
  15  H7      0.00   10.118312143    3.355981086   -0.859812914
  16  H8      0.00   10.099448455    2.585618316    2.363160834

 Bond lengths in Bohr (Angstrom)

 1-2  2.314285224  1-3  2.501020298  1-5  2.829700765  3-4  1.879121025  5-6  2.046771728
     ( 1.224667000)     ( 1.323482946)     ( 1.497413158)     ( 0.994388023)     ( 1.083104954)

  5- 7  2.054658599   5- 8  2.055091452   9-10  2.314369110   9-11  2.501196519   9-13  2.829708908
       ( 1.087278507)       ( 1.087507563)       ( 1.224711391)       ( 1.323576198)       ( 1.497417468)

 11-12  1.879213943  13-14  2.046686328  13-15  2.054739207  13-16  2.054795774
       ( 0.994437193)       ( 1.083059762)       ( 1.087321163)       ( 1.087351097)

 Bond angles

  1-3-4  108.87701878   1-5-6  109.89119120   1-5-7  109.43969357   1-5-8  109.30552992

  2-1-3  124.02321982   2-1-5  123.33715270   3-1-5  112.63957654   6-5-7  110.40341342

  6- 5- 8  110.27380138   7- 5- 8  107.48414510   9-11-12  108.87447824   9-13-14  109.88739098

  9-13-15  109.36282320   9-13-16  109.37800168  10- 9-11  124.02108976  10- 9-13  123.34151116

 11- 9-13  112.63739793  14-13-15  110.33493204  14-13-16  110.34882885  15-13-16  107.48601334

 NUCLEAR CHARGE:                   32
 NUMBER OF PRIMITIVE AOS:        2456
 NUMBER OF SYMMETRY AOS:         1816
 NUMBER OF CONTRACTIONS:         1656   ( 1656A   )
 NUMBER OF CORE ORBITALS:           4   (    4A   )
 NUMBER OF VALENCE ORBITALS:       20   (   20A   )

 MOLECULE CHANGED: INITIALIZING OCCUPATION AND DUMP RECORDS


 NUCLEAR REPULSION ENERGY  121.35354254


 Eigenvalues of metric

         1 0.260E-06 0.341E-06 0.618E-06 0.743E-06 0.879E-06 0.931E-06 0.934E-06 0.118E-05


 OPERATOR DM      FOR CENTER  0  COORDINATES:    0.000000    0.000000    0.000000


 **********************************************************************************************************************************
 DATASETS  * FILE   NREC   LENGTH (MB)   RECORD NAMES
              1      19      129.58       500      610      700      900      950      970     1000      129      960     1100   
                                          VAR    BASINP    GEOM    SYMINP    ZMAT    AOBASIS   BASIS     P2S    ABASIS      S 
                                         1400     1410     1200     1210     1080     1600     1650     1700     1800   
                                           T        V       H0       H01     AOSYM     SMH    MOLCAS    OPER     GRID   

              2       5       58.23       700     1000      520     1800     2101   
                                         GEOM     BASIS   MCVARS    GRID      RKS  

 PROGRAMS   *        TOTAL       INT   RKS-SCF       INT
 CPU TIMES  *    194633.37      6.63 194619.75      6.81
 REAL TIME  *    195804.93 SEC
 DISK USED  *       385.73 MB (local),        1.54 GB (total)
 SF USED    *        32.93 MB
 GA USED    *         5.61 MB       (max)       5.61 MB       (current)
 **********************************************************************************************************************************

 Density functional group PBE=PBEX+PBEC
 Functional: PBEX(Automatically generated (new) PBEX)                          Gradient terms: 1
 Functional: PBEC(Automatically generated (new) PBEC)                          Gradient terms: 1
 Use libxcgrid:  F
 Use grid at  1800.2

 Functional: PBEX                      Factor:  1.0000
 Functional: PBEC                      Factor:  1.0000

 Generated new metagrid on record  1800.2 with target accuracy 1.0D-08 and 173228 points in CPU time    0.4
 Computed new grid on record 1800.1 in CPU time    0.6
 1336100 words reserved for DFT integration

 PROGRAM * RKS-SCF (Restricted closed shell Kohn-Sham)     Authors: W. Meyer, H.-J. Werner, P.J. Knowles, 1993

 NUMBER OF ELECTRONS:      16+   16-    SPACE SYMMETRY=1    SPIN SYMMETRY: Singlet 
 CONVERGENCE THRESHOLDS:    1.00E-04 (Density)    1.00E-08 (Energy)
 INTEGRAL THRESHOLDS:       1.00E-13 (Initial)    1.00E-13 (Final)
 MAX. NUMBER OF ITERATIONS:       60
 INTERPOLATION TYPE:            DIIS
 INTERPOLATION STEPS:              2 (START)      1 (STEP)
 LEVEL SHIFTS:                  0.00 (CLOSED)  0.00 (OPEN) 



 Use fine grid record 1800.2 for energy threshold  1.0D-08
 Orbital guess generated from atomic densities. Full valence occupancy:   24

 Molecular orbital dump at record        2201.2

 Initial occupancy:  16

 Direct Fock-matrix evaluation.        Authors: Roland Lindh & Martin Schuetz (1993/96)

 Integral Threshold:                  0.1D-12
 Threshold for writing integrals:     0.1D-06
 Prescreening on density matrix:        ON 
 Calculation will be performed fully direct        

 ITERATION   DDIFF            GRAD            ENERGY        2-EL.EN.            DIPOLE MOMENTS         DIIS   CPU(IT)  CPU(TOT)
    1      0.000D+00      0.000D+00      -228.76961504    473.635289   -0.36378   -1.21630   -0.29235    0  19631.0  19729.9     start
    2      0.000D+00      0.283D-02      -228.14833132    443.851724   -0.49110    2.11208    0.50577    1  19310.5  39040.4     diag
    3      0.277D-02      0.592D-02      -228.86521338    461.815890   -0.71714   -1.53452   -0.37323    2  19023.7  58064.1     diag
    4      0.199D-02      0.196D-02      -228.94304789    463.612696   -0.33731   -0.64485   -0.15558    3  17700.4  75764.5     diag
    5      0.583D-03      0.299D-03      -228.94329679    462.912456   -0.31782   -0.69426   -0.16766    4  17367.9  93132.3     diag
    6      0.186D-03      0.258D-03      -228.94460306    462.932758   -0.34981   -0.64005   -0.15468    5  16377.1 109509.5     diag
    7      0.913D-04      0.368D-04      -228.94463484    462.992156   -0.34969   -0.66511   -0.16071    6  15172.2 124681.6     diag
    8      0.118D-04      0.104D-04      -228.94463696    462.970209   -0.35045   -0.66549   -0.16083    7  13797.0 138478.6     diag
    9      0.435D-05      0.307D-05      -228.94463718    462.982667   -0.35073   -0.66527   -0.16077    8  12772.8 151251.4     diag
   10      0.128D-05      0.488D-06      -228.94463718    462.981753   -0.35058   -0.66530   -0.16077    9  11018.3 162269.7     orth
   11      0.145D-06      0.654D-07      -228.94463718    462.981570   -0.35065   -0.66534   -0.16078    0   9584.2 171853.9     orth

 Final occupancy:  16

 !RKS STATE  1.1 Energy              -228.944637183139
 Nuclear energy                       121.35354254
 One-electron energy                 -552.53319794
 Two-electron energy                  231.49078510
 Density functional                   -29.25576688     PBEX=-28.19301922 PBEC= -1.06274766
 Virial quotient                       -1.00368521
 !RKS STATE  1.1 Dipole moment         -0.35065178    -0.66534187    -0.16078489
 Dipole moment /Debye                  -0.89120955    -1.69101959    -0.40864766

 Orbital energies:

         1.1          2.1          3.1          4.1          5.1          6.1          7.1          8.1          9.1         10.1
    -18.810354   -18.737217   -10.014450    -9.896623    -1.028656    -0.929271    -0.696004    -0.570255    -0.441172    -0.432526

        11.1         12.1         13.1         14.1         15.1         16.1         17.1         18.1
     -0.430676    -0.372376    -0.355405    -0.346972    -0.286901    -0.233745    -0.040282    -0.029863


 HOMO     16.1    -0.233745 =      -6.3605eV
 LUMO     17.1    -0.040282 =      -1.0961eV
 LUMO-HOMO         0.193462 =       5.2644eV


 **********************************************************************************************************************************
 DATASETS  * FILE   NREC   LENGTH (MB)   RECORD NAMES
              1      19      129.58       500      610      700      900      950      970     1000      129      960     1100   
                                          VAR    BASINP    GEOM    SYMINP    ZMAT    AOBASIS   BASIS     P2S    ABASIS      S 
                                         1400     1410     1200     1210     1080     1600     1650     1700     1800   
                                           T        V       H0       H01     AOSYM     SMH    MOLCAS    OPER     GRID   

              2       6      170.50       700     1000      520     1800     2101     2201   
                                         GEOM     BASIS   MCVARS    GRID      RKS      RKS  

 PROGRAMS   *        TOTAL   RKS-SCF       INT   RKS-SCF       INT
 CPU TIMES  *    366498.16 171864.77      6.63 194619.75      6.81
 REAL TIME  *    368694.15 SEC
 DISK USED  *       498.00 MB (local),        1.99 GB (total)
 SF USED    *        32.93 MB
 GA USED    *         5.61 MB       (max)       5.61 MB       (current)
 **********************************************************************************************************************************
 SETTING EA_PBE         =      -228.94463718  AU                              

 Dummy atoms: C1  O1  O2  H1  C2  H2  H3  H4


 Recomputing one-electron integrals since nuclear charges changed


 PROGRAM * SEWARD (Integral evaluation for generally contracted gaussian basis sets)     Author: Roland Lindh, 1990

 Geometry written to block  1 of record 700


 Point group  C1  



 ATOMIC COORDINATES

 NR  ATOM    CHARGE       X              Y              Z

   1  C1      0.00   -2.006339619    2.451240426    0.551913418
   2  O1      0.00   -0.676826418    4.290544956    1.004980292
   3  O2      0.00   -1.113622249    0.179368567    0.007159819
   4  H1      0.00    0.764272631    0.241360774    0.034793331
   5  C2      0.00   -4.834727848    2.537051474    0.559845197
   6  H2      0.00   -5.472643036    4.436064051    0.979475928
   7  H3      0.00   -5.542357489    1.932037945   -1.271777274
   8  H4      0.00   -5.550526174    1.218704093    1.964478180
   9  C3      6.00    6.569007762    2.100352198    0.522395688
  10  O3      8.00    5.239361756    0.261054382    0.069262792
  11  O4      8.00    5.676251377    4.372625764    1.066218182
  12  H5      1.00    3.798263211    4.310457111    1.039005174
  13  C4      6.00    9.397384376    2.013608580    0.518683519
  14  H6      1.00   10.035317297    0.121389541    0.069825386
  15  H7      1.00   10.118312143    3.355981086   -0.859812914
  16  H8      1.00   10.099448455    2.585618316    2.363160834

 Bond lengths in Bohr (Angstrom)

 1-2  2.314285224  1-3  2.501020298  1-5  2.829700765  3-4  1.879121025  5-6  2.046771728
     ( 1.224667000)     ( 1.323482946)     ( 1.497413158)     ( 0.994388023)     ( 1.083104954)

  5- 7  2.054658599   5- 8  2.055091452   9-10  2.314369110   9-11  2.501196519   9-13  2.829708908
       ( 1.087278507)       ( 1.087507563)       ( 1.224711391)       ( 1.323576198)       ( 1.497417468)

 11-12  1.879213943  13-14  2.046686328  13-15  2.054739207  13-16  2.054795774
       ( 0.994437193)       ( 1.083059762)       ( 1.087321163)       ( 1.087351097)

 Bond angles

  1-3-4  108.87701878   1-5-6  109.89119120   1-5-7  109.43969357   1-5-8  109.30552992

  2-1-3  124.02321982   2-1-5  123.33715270   3-1-5  112.63957654   6-5-7  110.40341342

  6- 5- 8  110.27380138   7- 5- 8  107.48414510   9-11-12  108.87447824   9-13-14  109.88739098

  9-13-15  109.36282320   9-13-16  109.37800168  10- 9-11  124.02108976  10- 9-13  123.34151116

 11- 9-13  112.63739793  14-13-15  110.33493204  14-13-16  110.34882885  15-13-16  107.48601334

 NUCLEAR CHARGE:                   32
 NUMBER OF PRIMITIVE AOS:        2456
 NUMBER OF SYMMETRY AOS:         1816
 NUMBER OF CONTRACTIONS:         1656   ( 1656A   )
 NUMBER OF CORE ORBITALS:           4   (    4A   )
 NUMBER OF VALENCE ORBITALS:       20   (   20A   )

 MOLECULE CHANGED: INITIALIZING OCCUPATION AND DUMP RECORDS


 NUCLEAR REPULSION ENERGY  121.35037583


 Eigenvalues of metric

         1 0.260E-06 0.341E-06 0.618E-06 0.743E-06 0.879E-06 0.931E-06 0.934E-06 0.118E-05


 OPERATOR DM      FOR CENTER  0  COORDINATES:    0.000000    0.000000    0.000000


 **********************************************************************************************************************************
 DATASETS  * FILE   NREC   LENGTH (MB)   RECORD NAMES
              1      19      129.58       500      610      700      900      950      970     1000      129      960     1100   
                                          VAR    BASINP    GEOM    SYMINP    ZMAT    AOBASIS   BASIS     P2S    ABASIS      S 
                                         1400     1410     1200     1210     1080     1600     1650     1700     1800   
                                           T        V       H0       H01     AOSYM     SMH    MOLCAS    OPER     GRID   

              2       6      170.50       700     1000      520     1800     2101     2201   
                                         GEOM     BASIS   MCVARS    GRID      RKS      RKS  

 PROGRAMS   *        TOTAL       INT   RKS-SCF       INT   RKS-SCF       INT
 CPU TIMES  *    366504.89      6.73 171864.77      6.63 194619.75      6.81
 REAL TIME  *    368701.02 SEC
 DISK USED  *       498.00 MB (local),        1.99 GB (total)
 SF USED    *        32.93 MB
 GA USED    *         5.61 MB       (max)       5.61 MB       (current)
 **********************************************************************************************************************************

 Density functional group PBE=PBEX+PBEC
 Functional: PBEX(Automatically generated (new) PBEX)                          Gradient terms: 1
 Functional: PBEC(Automatically generated (new) PBEC)                          Gradient terms: 1
 Use libxcgrid:  F
 Use grid at  1800.2

 Functional: PBEX                      Factor:  1.0000
 Functional: PBEC                      Factor:  1.0000

 Generated new metagrid on record  1800.2 with target accuracy 1.0D-08 and 173228 points in CPU time    0.4
 Computed new grid on record 1800.1 in CPU time    0.6
 1336100 words reserved for DFT integration

 PROGRAM * RKS-SCF (Restricted closed shell Kohn-Sham)     Authors: W. Meyer, H.-J. Werner, P.J. Knowles, 1993

 NUMBER OF ELECTRONS:      16+   16-    SPACE SYMMETRY=1    SPIN SYMMETRY: Singlet 
 CONVERGENCE THRESHOLDS:    1.00E-04 (Density)    1.00E-08 (Energy)
 INTEGRAL THRESHOLDS:       1.00E-13 (Initial)    1.00E-13 (Final)
 MAX. NUMBER OF ITERATIONS:       60
 INTERPOLATION TYPE:            DIIS
 INTERPOLATION STEPS:              2 (START)      1 (STEP)
 LEVEL SHIFTS:                  0.00 (CLOSED)  0.00 (OPEN) 



 Use fine grid record 1800.2 for energy threshold  1.0D-08
 Orbital guess generated from atomic densities. Full valence occupancy:   24

 Molecular orbital dump at record        2301.2

 Initial occupancy:  16

 Direct Fock-matrix evaluation.        Authors: Roland Lindh & Martin Schuetz (1993/96)

 Integral Threshold:                  0.1D-12
 Threshold for writing integrals:     0.1D-06
 Prescreening on density matrix:        ON 
 Calculation will be performed fully direct        

 ITERATION   DDIFF            GRAD            ENERGY        2-EL.EN.            DIPOLE MOMENTS         DIIS   CPU(IT)  CPU(TOT)
    1      0.000D+00      0.000D+00      -228.76962023    473.628120    0.36380    1.21539    0.29560    0  19667.9  19768.5     start
    2      0.000D+00      0.283D-02      -228.14841799    443.849766    0.49083   -2.11141   -0.50738    1  19335.1  39103.7     diag
    3      0.277D-02      0.592D-02      -228.86520270    461.809474    0.71742    1.53404    0.37505    2  19024.8  58128.5     diag
    4      0.199D-02      0.196D-02      -228.94304920    463.606306    0.33743    0.64426    0.15751    3  17809.9  75938.4     diag
    5      0.583D-03      0.299D-03      -228.94329761    462.906427    0.31793    0.69381    0.16939    4  17497.7  93436.1     diag
    6      0.186D-03      0.259D-03      -228.94460475    462.926639    0.34993    0.63952    0.15645    5  16599.1 110035.1     diag
    7      0.913D-04      0.368D-04      -228.94463653    462.986003    0.34981    0.66457    0.16251    6  15451.3 125486.5     diag
    8      0.118D-04      0.104D-04      -228.94463865    462.964060    0.35057    0.66496    0.16261    7  14025.8 139512.3     diag
    9      0.434D-05      0.307D-05      -228.94463887    462.976518    0.35085    0.66474    0.16256    8  12947.6 152459.9     diag
   10      0.128D-05      0.488D-06      -228.94463887    462.975604    0.35071    0.66477    0.16256    9  10785.5 163245.5     orth
   11      0.145D-06      0.654D-07      -228.94463887    462.975421    0.35077    0.66481    0.16257    0   9305.8 172551.2     orth

 Final occupancy:  16

 !RKS STATE  1.1 Energy              -228.944638872579
 Nuclear energy                       121.35037583
 One-electron energy                 -552.52701862
 Two-electron energy                  231.48771049
 Density functional                   -29.25570658     PBEX=-28.19296404 PBEC= -1.06274253
 Virial quotient                       -1.00368638
 !RKS STATE  1.1 Dipole moment          0.35077289     0.66481153     0.16257399
 Dipole moment /Debye                   0.89151735     1.68967169     0.41319480

 Orbital energies:

         1.1          2.1          3.1          4.1          5.1          6.1          7.1          8.1          9.1         10.1
    -18.810349   -18.737231   -10.014464    -9.896617    -1.028612    -0.929253    -0.696015    -0.570229    -0.441176    -0.432508

        11.1         12.1         13.1         14.1         15.1         16.1         17.1         18.1
     -0.430671    -0.372391    -0.355407    -0.346976    -0.286899    -0.233750    -0.040300    -0.029864


 HOMO     16.1    -0.233750 =      -6.3607eV
 LUMO     17.1    -0.040300 =      -1.0966eV
 LUMO-HOMO         0.193449 =       5.2640eV


 **********************************************************************************************************************************
 DATASETS  * FILE   NREC   LENGTH (MB)   RECORD NAMES
              1      19      129.58       500      610      700      900      950      970     1000      129      960     1100   
                                          VAR    BASINP    GEOM    SYMINP    ZMAT    AOBASIS   BASIS     P2S    ABASIS      S 
                                         1400     1410     1200     1210     1080     1600     1650     1700     1800   
                                           T        V       H0       H01     AOSYM     SMH    MOLCAS    OPER     GRID   

              2       7      282.77       700     1000      520     1800     2101     2201     2301   
                                         GEOM     BASIS   MCVARS    GRID      RKS      RKS      RKS  

 PROGRAMS   *        TOTAL   RKS-SCF       INT   RKS-SCF       INT   RKS-SCF       INT
 CPU TIMES  *    539067.08 172562.19      6.73 171864.77      6.63 194619.75      6.81
 REAL TIME  *    542252.03 SEC
 DISK USED  *       610.27 MB (local),        2.44 GB (total)
 SF USED    *        32.93 MB
 GA USED    *         5.61 MB       (max)       5.61 MB       (current)
 **********************************************************************************************************************************
 SETTING EB_PBE         =      -228.94463887  AU                              
 SETTING E_AB_INT       =        -0.01691019  AU                              

 *** results in hartree
 E_AB_INT         =        -0.01691019 AU
 Molecular orbitals read from record     2301.2  Type=RKS/CANONICAL (state 1.1)
 Occupation numbers read from record     2301.2  Type=RKS/RHF (state 1.1)
 Orbital energies read from record       2301.2  Type=RKS/CANONICAL (state 1.1)
 Redundancy group numbers read from rec  2301.2  Type=RKS/RHF (state 1.1)

 RPBE/aug-cc-pV5Z energy=   -228.944638872579

         RKS-SCF         RKS-SCF         RKS-SCF
   -228.94463887   -228.94463718   -457.90618625
 **********************************************************************************************************************************
 Molpro calculation terminated
