
 Primary working directories    : /scratch/sirous/532775/molpro.EBolKzXhh9
 Secondary working directories  : /scratch/sirous/532775/molpro.EBolKzXhh9
 Wavefunction directory         : /scratch/sirous/532775/
 Main file repository           : /scratch/sirous/532775/molpro.EBolKzXhh9/

 id        : karlovklimes

 Nodes                      nprocs
 nc-06.cc.karlov.mff.cuni.cz   12

 Using customized tuning parameters: mindgm=1; mindgv=20; mindgc=4; mindgr=1; noblas=0; minvec=7
 default implementation of scratch files=sf  


 Variables initialized (934), CPU time= 0.00 sec
 ***,CH3C6H4CN+CF3CN+BF3
 memory,500,m
 gdirect
 gthresh,energy=1.d-8,twoint=1.d-19,oneint=1.d-19,zero=1.d-15,orbital=1.d-8,grid=1.d-8,THROVL=1d-9
 symmetry,nosym
 geomtyp=xyz
                                                                                 ! Geometry
 geometry={
 C1        -2.530382875    -0.417575328     0.681306427
 H1        -2.559886030    -0.982789976     -0.250156186
 H2        -2.554036254    -1.133864955     1.502657895
 H3        -3.436213548    0.184143757     0.736771328
 C2        -1.276156833    0.443634931     0.750024835
 H4        -1.278083837    1.025217854     1.675085476
 H5        -1.280338992    1.168555644     -0.067158059
 C3        0.002204702    -0.380716198     0.678992565
 H6        0.007828937    -1.111413037     1.493831222
 H7        0.006248662    -0.960522698     -0.248820457
 C4        1.268333474    0.462396346     0.749369126
 H8        1.262019855    1.044250286     1.674246445
 H9        1.261634884    1.187057109     -0.068034584
 C5        2.534966272    -0.380424693     0.680686361
 H10        2.572440242    -0.945716519     -0.250451864
 H11        3.431981168    0.234414915     0.735577717
 H12        2.569207714    -1.095810030     1.502456084
 C6        -0.000523380    0.064682599     5.266332281
 C7        0.000548363    -0.075448506     6.786065235
 H13        -0.886487662    0.388627536     7.219434648
 H14        0.009799865    -1.126228753     7.079075104
 H15        0.879208586    0.404216056     7.219708304
 C8        -1.239978717    -0.616969432     4.692433770
 H16        -1.263277931    -0.528012308     3.605604585
 H17        -1.252064346    -1.678245827     4.945446971
 H18        -2.150922438    -0.164678174     5.087518890
 C9        1.252081732    -0.592858208     4.692861943
 H19        1.273408518    -0.504572543     3.605890984
 H20        1.285212266    -1.653419048     4.946954262
 H21        2.153893966    -0.122214896     5.087283065
 C10        -0.014771255    1.544475090     4.891711005
 H22        0.862994742    2.055062108     5.290666136
 H23        -0.015295456    1.670930016     3.808059316
 H24        -0.902877204    2.037808802     5.289499146
 }
 
 
 
 basis=aug-cc-pv5z
 
 
 
                                                                                 ! Dimer Calculation
 {rks,pbe,accu=1.d-8;orbital,2101.2}
 eab_PBE=energy
 
 
                                                                                 !monomer A
 dummy,18,19,20,21,22,23,24,25,26,27,28,29,30,31,32,33,34;                       ! NOW MONOMER B IS DUMMY
 {rks,pbe,accu=1.d-8;orbital,2201.2}
 ea_PBE=energy
                                                                                 !monomer B
 dummy,1,2,3,4,5,6,7,8,9,10,11,12,13,14,15,16,17;                                !NOW MONOMER A IS DUMMY
 {rks,pbe,accu=1.d-8;orbital,2301.2}
 eb_PBE=energy
 
 E_AB_int=eab_PBE-ea_PBE-eb_PBE
 
 
 text,results in hartree
 show,E_AB_int
 
 Commands  initialized (763), CPU time= 0.03 sec, 617 directives.
 Default parameters read. Elapsed time= 0.37 sec

 Checking input...
 Passed
1


                                         ***  PROGRAM SYSTEM MOLPRO  ***
                                       Copyright, TTI GmbH Stuttgart, 2015
                                    Version 2019.2 linked Jun  8 2019 11:26:33


 **********************************************************************************************************************************
 LABEL *   CH3C6H4CN+CF3CN+BF3                                                           
  64 bit mpp version                                                                     DATE: 15-Apr-20          TIME: 12:26:36  
 **********************************************************************************************************************************

 SHA1:             8135a10abc80eafa5b3ae28ffc55be4890dc4c84
 **********************************************************************************************************************************

 THRESHOLDS:

 ZERO    =  1.00D-15  ONEINT  =  1.00D-19  TWOINT  =  1.00D-19  PREFAC  =  1.00D-14  XXXXXX  =  1.00D-09  EORDER  =  1.00D-04
 ENERGY  =  1.00D-08  ETEST   =  0.00D+00  EDENS   =  0.00D+00  THRDEDEF=  1.00D-06  GRADIENT=  1.00D-02  STEP    =  1.00D-03
 ORBITAL =  1.00D-08  CIVEC   =  1.00D-05  COEFF   =  1.00D-04  PRINTCI =  5.00D-02  PUNCHCI =  9.90D+01  OPTGRAD =  3.00D-04
 OPTENERG=  1.00D-06  OPTSTEP =  3.00D-04  THRGRAD =  1.00D-10  COMPRESS=  1.00D-11  VARMIN  =  1.00D-07  VARMAX  =  1.00D-03
 THRDOUB =  0.00D+00  THRDIV  =  1.00D-05  THRRED  =  1.00D-07  THRPSP  =  1.00D+00  THRDC   =  1.00D-10  THRCS   =  1.00D-10
 THRNRM  =  1.00D-08  THREQ   =  0.00D+00  THRDE   =  1.00D+00  THRREF  =  1.00D-05  SPARFAC =  1.00D+00  THRDLP  =  1.00D-07
 THRDIA  =  1.00D-10  THRDLS  =  1.00D-07  THRGPS  =  0.00D+00  THRKEX  =  0.00D+00  THRDIS  =  2.00D-01  THRVAR  =  1.00D-10
 THRLOC  =  1.00D-06  THRGAP  =  1.00D-06  THRLOCT = -1.00D+00  THRGAPT = -1.00D+00  THRORB  =  1.00D-06  THRMLTP =  0.00D+00
 THRCPQCI=  1.00D-10  KEXTA   =  0.00D+00  THRCOARS=  0.00D+00  SYMTOL  =  1.00D-06  GRADTOL =  1.00D-06  THROVL  =  1.00D-09
 THRORTH =  1.00D-08  GRID    =  1.00D-08  GRIDMAX =  1.00D-03  DTMAX   =  0.00D+00  THROCCDE=  1.00D-01  THROCCDE=  1.00D-01
 THRPRINT=  2.50D-01


 Variable memory set to  500000000 words,  buffer space 

 SETTING GEOMTYP        =    XYZ
 ZSYMEL=NOSYM

 SETTING BASIS          =    AUG-CC-PV5Z


 Recomputing integrals since basis changed


 Using spherical harmonics

 Library entry C      S aug-cc-pV5Z          selected for orbital group  1
 Library entry C      P aug-cc-pV5Z          selected for orbital group  1
 Library entry C      D aug-cc-pV5Z          selected for orbital group  1
 Library entry C      F aug-cc-pV5Z          selected for orbital group  1
 Library entry C      G aug-cc-pV5Z          selected for orbital group  1
 Library entry C      H aug-cc-pV5Z          selected for orbital group  1
 Library entry H      S aug-cc-pV5Z          selected for orbital group  2
 Library entry H      P aug-cc-pV5Z          selected for orbital group  2
 Library entry H      D aug-cc-pV5Z          selected for orbital group  2
 Library entry H      F aug-cc-pV5Z          selected for orbital group  2
 Library entry H      G aug-cc-pV5Z          selected for orbital group  2


 PROGRAM * SEWARD (Integral evaluation for generally contracted gaussian basis sets)     Author: Roland Lindh, 1990

 Geometry written to block  1 of record 700


 Point group  C1  



 ATOMIC COORDINATES

 NR  ATOM    CHARGE       X              Y              Z

   1  C1      6.00   -4.781730624   -0.789103006    1.287482554
   2  H1      1.00   -4.837483507   -1.857203893   -0.472726680
   3  H2      1.00   -4.826429032   -2.142694227    2.839611880
   4  H3      1.00   -6.493502511    0.347981268    1.392296026
   5  C2      6.00   -2.411586906    0.838348519    1.417341525
   6  H4      1.00   -2.415228416    1.937380962    3.165452785
   7  H5      1.00   -2.419490041    2.208250128   -0.126910339
   8  C3      6.00    0.004166283   -0.719449345    1.283109988
   9  H6      1.00    0.014794547   -2.100266251    2.822931886
  10  H7      1.00    0.011808260   -1.815124836   -0.470202518
  11  C4      6.00    2.396802900    0.873802455    1.416102414
  12  H8      1.00    2.384871890    1.973347046    3.163867246
  13  H9      1.00    2.384144400    2.243212830   -0.128566731
  14  C5      6.00    4.790391989   -0.718898481    1.286310799
  15  H10     1.00    4.861207529   -1.787145212   -0.473285430
  16  H11     1.00    6.485504472    0.442979989    1.390040428
  17  H12     1.00    4.855098937   -2.070780841    2.839230513
  18  C6      6.00   -0.000989045    0.122232397    9.951925692
  19  C7      6.00    0.001036256   -0.142577013   12.823804758
  20  H13     1.00   -1.675218894    0.734399608   13.642754259
  21  H14     1.00    0.018519061   -2.128263897   13.377513162
  22  H15     1.00    1.661463434    0.763857641   13.643271394
  23  C8      6.00   -2.343220175   -1.165903254    8.867414683
  24  H16     1.00   -2.387249309   -0.997798653    6.813605179
  25  H17     1.00   -2.366058704   -3.171424983    9.345540339
  26  H18     1.00   -4.064654323   -0.311196648    9.614017356
  27  C9      6.00    2.366091559   -1.120339644    8.868223813
  28  H19     1.00    2.406393344   -0.953503916    6.814146395
  29  H20     1.00    2.428699195   -3.124509170    9.348388706
  30  H21     1.00    4.070269697   -0.230952682    9.613571711
  31  C10     6.00   -0.027913626    2.918634926    9.243994080
  32  H22     1.00    1.630823709    3.883504553    9.997910014
  33  H23     1.00   -0.028904223    3.157600104    7.196189173
  34  H24     1.00   -1.706190640    3.850900530    9.995704722

 Bond lengths in Bohr (Angstrom)

 1-2  2.059680663  1-3  2.059930238  1-4  2.057695193  1-5  2.878027634  5-6  2.064891898
     ( 1.089936069)     ( 1.090068138)     ( 1.088885403)     ( 1.522986636)     ( 1.092693735)

  5- 7  2.064317489   5- 8  2.877605908   8- 9  2.068289091   8-10  2.067527007   8-11  2.877646307
       ( 1.092389771)       ( 1.522763469)       ( 1.094491452)       ( 1.094088175)       ( 1.522784847)

 11-12  2.064902556  11-13  2.064327440  11-14  2.877987293  14-15  2.059695320  14-16  2.057699624
       ( 1.092699375)       ( 1.092395037)       ( 1.522965289)       ( 1.089943825)       ( 1.088887748)

 14-17  2.059935082  18-19  2.884062671  18-23  2.884701761  18-27  2.884695066  18-31  2.884745952
       ( 1.090070702)       ( 1.526180241)       ( 1.526518432)       ( 1.526514890)       ( 1.526541817)

 19-20  2.061455216  19-21  2.061516686  19-22  2.061593501  23-24  2.061148030  23-25  2.061854298
       ( 1.090875121)       ( 1.090907650)       ( 1.090948299)       ( 1.090712566)       ( 1.091086307)

 23-26  2.061861891  27-28  2.061235657  27-29  2.061837416  27-30  2.061740959  31-32  2.061740086
       ( 1.091090325)       ( 1.090758936)       ( 1.091077373)       ( 1.091026331)       ( 1.091025868)

 31-33  2.061700820  31-34  2.061747263
       ( 1.091005090)       ( 1.091029666)

 Bond angles

  1-5-6  109.73793529   1-5-7  109.77627153   1-5-8  112.52764714   2-1-3  107.61294681

  2-1-4  107.91336700   2-1-5  110.73791743   3-1-4  107.85958643   3-1-5  110.82091941

  4- 1- 5  111.73443172   5- 8- 9  109.32944807   5- 8-10  109.24131130   5- 8-11  113.33614492

  6- 5- 7  106.26584870   6- 5- 8  109.21441254   7- 5- 8  109.12107503   8-11-12  109.21632943

  8-11-13  109.12340085   8-11-14  112.52123103   9- 8-10  106.11276802   9- 8-11  109.32670293

 10- 8-11  109.24029470  11-14-15  110.74094026  11-14-16  111.73917831  11-14-17  110.81271956

 12-11-13  106.26443049  12-11-14  109.73453029  13-11-14  109.78356730  15-14-16  107.91428490

 15-14-17  107.61245126  16-14-17  107.85955890  18-19-20  110.85213582  18-19-21  110.84890920

 18-19-22  110.85523151  18-23-24  110.82649288  18-23-25  110.86418164  18-23-26  110.89477535

 18-27-28  110.82701722  18-27-29  110.86257743  18-27-30  110.89347903  18-31-32  110.87987771

 18-31-33  110.86166557  18-31-34  110.88222397  19-18-23  109.50772938  19-18-27  109.50926826

 19-18-31  109.47413882  20-19-21  108.05686022  20-19-22  108.05656726  21-19-22  108.05381387

 23-18-27  109.43130474  23-18-31  109.45256541  24-23-25  108.06883017  24-23-26  108.00914476

 25-23-26  108.05862839  27-18-31  109.45228279  28-27-29  108.06859782  28-27-30  108.00991391

 29-27-30  108.06058644  32-31-33  108.01998227  32-31-34  108.05689667  33-31-34  108.01948627

 NUCLEAR CHARGE:                   84
 NUMBER OF PRIMITIVE AOS:        4582
 NUMBER OF SYMMETRY AOS:         3432
 NUMBER OF CONTRACTIONS:         3190   ( 3190A   )
 NUMBER OF CORE ORBITALS:          10   (   10A   )
 NUMBER OF VALENCE ORBITALS:       64   (   64A   )


 NUCLEAR REPULSION ENERGY  573.24739470


 Eigenvalues of metric

         1 0.549E-08 0.605E-08 0.886E-08 0.121E-07 0.144E-07 0.169E-07 0.171E-07 0.182E-07


 OPERATOR DM      FOR CENTER  0  COORDINATES:    0.000000    0.000000    0.000000


 **********************************************************************************************************************************
 DATASETS  * FILE   NREC   LENGTH (MB)   RECORD NAMES
              1      18      398.14       500      610      700      900      950      970     1000      129      960     1100   
                                          VAR    BASINP    GEOM    SYMINP    ZMAT    AOBASIS   BASIS     P2S    ABASIS      S 
                                         1400     1410     1200     1210     1080     1600     1650     1700   
                                           T        V       H0       H01     AOSYM     SMH    MOLCAS    OPER   

 PROGRAMS   *        TOTAL       INT
 CPU TIMES  *        42.45     42.00
 REAL TIME  *        59.67 SEC
 DISK USED  *       400.12 MB (local),        4.80 GB (total)
 GA USED    *         0.00 MB       (max)       0.00 MB       (current)
 **********************************************************************************************************************************

 Density functional group PBE=PBEX+PBEC
 Functional: PBEX(Automatically generated (new) PBEX)                          Gradient terms: 1
 Functional: PBEC(Automatically generated (new) PBEC)                          Gradient terms: 1
 Use libxcgrid:  F
 Use grid at  1800.2

 Functional: PBEX                      Factor:  1.0000
 Functional: PBEC                      Factor:  1.0000

 Generated new metagrid on record  1800.2 with target accuracy 1.0D-08 and 298420 points in CPU time    0.7
 Computed new grid on record 1800.1 in CPU time    1.0
 2566772 words reserved for DFT integration

 PROGRAM * RKS-SCF (Restricted closed shell Kohn-Sham)     Authors: W. Meyer, H.-J. Werner, P.J. Knowles, 1993

 NUMBER OF ELECTRONS:      42+   42-    SPACE SYMMETRY=1    SPIN SYMMETRY: Singlet 
 CONVERGENCE THRESHOLDS:    1.00E-04 (Density)    1.00E-08 (Energy)
 INTEGRAL THRESHOLDS:       1.00E-13 (Initial)    1.00E-13 (Final)
 MAX. NUMBER OF ITERATIONS:       60
 INTERPOLATION TYPE:            DIIS
 INTERPOLATION STEPS:              2 (START)      1 (STEP)
 LEVEL SHIFTS:                  0.00 (CLOSED)  0.00 (OPEN) 



 Use fine grid record 1800.2 for energy threshold  1.0D-08
 Orbital guess generated from atomic densities. Full valence occupancy:   74

 Molecular orbital dump at record        2101.2

 Initial occupancy:  42

 Direct Fock-matrix evaluation.        Authors: Roland Lindh & Martin Schuetz (1993/96)

 Integral Threshold:                  0.1D-12
 Threshold for writing integrals:     0.1D-06
 Prescreening on density matrix:        ON 
 Calculation will be performed fully direct        

 ITERATION   DDIFF            GRAD            ENERGY        2-EL.EN.            DIPOLE MOMENTS         DIIS   CPU(IT)  CPU(TOT)
    1      0.000D+00      0.000D+00      -394.39224165   1564.361974    0.00011   -0.01473   -0.00109    0  82466.5  82795.6     start
    2      0.000D+00      0.227D-02      -392.89606352   1447.664535   -0.00165    0.23082   -0.43160    1  70693.5 153489.2     diag
    3      0.783D-02      0.385D-02      -395.09568965   1527.432849   -0.00034    0.05392    0.01556    2  74987.1 228476.3     diag
    4      0.585D-02      0.460D-03      -395.11568643   1522.926407   -0.00023    0.03225   -0.00897    3  71233.2 299709.5     diag
    5      0.104D-02      0.245D-03      -395.12282721   1523.129324   -0.00014    0.02118   -0.03403    4  64570.8 364280.3     diag
    6      0.458D-03      0.370D-04      -395.12298552   1523.341503   -0.00032    0.04737   -0.01572    5  59287.7 423568.0     diag
    7      0.929D-04      0.118D-04      -395.12300283   1523.349826   -0.00025    0.03659   -0.01782    6  54810.6 478378.6     diag
    8      0.228D-04      0.443D-05      -395.12300533   1523.368747   -0.00024    0.03550   -0.01900    7  52168.4 530547.0     diag
    9      0.721D-05      0.113D-05      -395.12300550   1523.369235   -0.00025    0.03743   -0.01898    8  48142.1 578689.1     diag
   10      0.175D-05      0.277D-06      -395.12300551   1523.368309   -0.00025    0.03730   -0.01861    9  44406.1 623095.2     orth
   11      0.648D-06      0.104D-06      -395.12300551   1523.367610   -0.00025    0.03709   -0.01883    0  43459.7 666554.9     orth

 Final occupancy:  42

 !RKS STATE  1.1 Energy              -395.123005506403
 Nuclear energy                       573.24739470
 One-electron energy                -1667.29420732
 Two-electron energy                  761.68380476
 Density functional                   -62.75999764     PBEX=-60.06672682 PBEC= -2.69327082
 Virial quotient                       -1.00446892
 !RKS STATE  1.1 Dipole moment         -0.00025215     0.03709248    -0.01882982
 Dipole moment /Debye                  -0.00064086     0.09427350    -0.04785749

 Orbital energies:

         1.1          2.1          3.1          4.1          5.1          6.1          7.1          8.1          9.1         10.1
     -9.894126    -9.875126    -9.875121    -9.873059    -9.866920    -9.866917    -9.866245    -9.865850    -9.865818    -9.865813

        11.1         12.1         13.1         14.1         15.1         16.1         17.1         18.1         19.1         20.1
     -0.750201    -0.730884    -0.681692    -0.617937    -0.617785    -0.617731    -0.609869    -0.537455    -0.516973    -0.477091

        21.1         22.1         23.1         24.1         25.1         26.1         27.1         28.1         29.1         30.1
     -0.430258    -0.403099    -0.402586    -0.401009    -0.392873    -0.386749    -0.361644    -0.355644    -0.354843    -0.349120

        31.1         32.1         33.1         34.1         35.1         36.1         37.1         38.1         39.1         40.1
     -0.332521    -0.318705    -0.318293    -0.318281    -0.311164    -0.292281    -0.289852    -0.282039    -0.281204    -0.278783

        41.1         42.1         43.1         44.1
     -0.277461    -0.276701    -0.024249    -0.011124


 HOMO     42.1    -0.276701 =      -7.5294eV
 LUMO     43.1    -0.024249 =      -0.6599eV
 LUMO-HOMO         0.252452 =       6.8696eV


 **********************************************************************************************************************************
 DATASETS  * FILE   NREC   LENGTH (MB)   RECORD NAMES
              1      19      398.14       500      610      700      900      950      970     1000      129      960     1100   
                                          VAR    BASINP    GEOM    SYMINP    ZMAT    AOBASIS   BASIS     P2S    ABASIS      S 
                                         1400     1410     1200     1210     1080     1600     1650     1700     1800   
                                           T        V       H0       H01     AOSYM     SMH    MOLCAS    OPER     GRID   

              2       5      207.55       700     1000      520     1800     2101   
                                         GEOM     BASIS   MCVARS    GRID      RKS  

 PROGRAMS   *        TOTAL   RKS-SCF       INT
 CPU TIMES  *    666661.11 666618.62     42.00
 REAL TIME  *    677914.05 SEC
 DISK USED  *         1.34 GB (local),       16.07 GB (total)
 SF USED    *       122.15 MB
 GA USED    *         9.62 MB       (max)       9.61 MB       (current)
 **********************************************************************************************************************************
 SETTING EAB_PBE        =      -395.12300551  AU                              

 Dummy atoms: C6  C7  H13  H14  H15  C8  H16  H17  H18  C9  H19  H20  H21  C10  H22  H23  H24


 Recomputing one-electron integrals since nuclear charges changed


 PROGRAM * SEWARD (Integral evaluation for generally contracted gaussian basis sets)     Author: Roland Lindh, 1990

 Geometry written to block  1 of record 700


 Point group  C1  



 ATOMIC COORDINATES

 NR  ATOM    CHARGE       X              Y              Z

   1  C1      6.00   -4.781730624   -0.789103006    1.287482554
   2  H1      1.00   -4.837483507   -1.857203893   -0.472726680
   3  H2      1.00   -4.826429032   -2.142694227    2.839611880
   4  H3      1.00   -6.493502511    0.347981268    1.392296026
   5  C2      6.00   -2.411586906    0.838348519    1.417341525
   6  H4      1.00   -2.415228416    1.937380962    3.165452785
   7  H5      1.00   -2.419490041    2.208250128   -0.126910339
   8  C3      6.00    0.004166283   -0.719449345    1.283109988
   9  H6      1.00    0.014794547   -2.100266251    2.822931886
  10  H7      1.00    0.011808260   -1.815124836   -0.470202518
  11  C4      6.00    2.396802900    0.873802455    1.416102414
  12  H8      1.00    2.384871890    1.973347046    3.163867246
  13  H9      1.00    2.384144400    2.243212830   -0.128566731
  14  C5      6.00    4.790391989   -0.718898481    1.286310799
  15  H10     1.00    4.861207529   -1.787145212   -0.473285430
  16  H11     1.00    6.485504472    0.442979989    1.390040428
  17  H12     1.00    4.855098937   -2.070780841    2.839230513
  18  C6      0.00   -0.000989045    0.122232397    9.951925692
  19  C7      0.00    0.001036256   -0.142577013   12.823804758
  20  H13     0.00   -1.675218894    0.734399608   13.642754259
  21  H14     0.00    0.018519061   -2.128263897   13.377513162
  22  H15     0.00    1.661463434    0.763857641   13.643271394
  23  C8      0.00   -2.343220175   -1.165903254    8.867414683
  24  H16     0.00   -2.387249309   -0.997798653    6.813605179
  25  H17     0.00   -2.366058704   -3.171424983    9.345540339
  26  H18     0.00   -4.064654323   -0.311196648    9.614017356
  27  C9      0.00    2.366091559   -1.120339644    8.868223813
  28  H19     0.00    2.406393344   -0.953503916    6.814146395
  29  H20     0.00    2.428699195   -3.124509170    9.348388706
  30  H21     0.00    4.070269697   -0.230952682    9.613571711
  31  C10     0.00   -0.027913626    2.918634926    9.243994080
  32  H22     0.00    1.630823709    3.883504553    9.997910014
  33  H23     0.00   -0.028904223    3.157600104    7.196189173
  34  H24     0.00   -1.706190640    3.850900530    9.995704722

 Bond lengths in Bohr (Angstrom)

 1-2  2.059680663  1-3  2.059930238  1-4  2.057695193  1-5  2.878027634  5-6  2.064891898
     ( 1.089936069)     ( 1.090068138)     ( 1.088885403)     ( 1.522986636)     ( 1.092693735)

  5- 7  2.064317489   5- 8  2.877605908   8- 9  2.068289091   8-10  2.067527007   8-11  2.877646307
       ( 1.092389771)       ( 1.522763469)       ( 1.094491452)       ( 1.094088175)       ( 1.522784847)

 11-12  2.064902556  11-13  2.064327440  11-14  2.877987293  14-15  2.059695320  14-16  2.057699624
       ( 1.092699375)       ( 1.092395037)       ( 1.522965289)       ( 1.089943825)       ( 1.088887748)

 14-17  2.059935082  18-19  2.884062671  18-23  2.884701761  18-27  2.884695066  18-31  2.884745952
       ( 1.090070702)       ( 1.526180241)       ( 1.526518432)       ( 1.526514890)       ( 1.526541817)

 19-20  2.061455216  19-21  2.061516686  19-22  2.061593501  23-24  2.061148030  23-25  2.061854298
       ( 1.090875121)       ( 1.090907650)       ( 1.090948299)       ( 1.090712566)       ( 1.091086307)

 23-26  2.061861891  27-28  2.061235657  27-29  2.061837416  27-30  2.061740959  31-32  2.061740086
       ( 1.091090325)       ( 1.090758936)       ( 1.091077373)       ( 1.091026331)       ( 1.091025868)

 31-33  2.061700820  31-34  2.061747263
       ( 1.091005090)       ( 1.091029666)

 Bond angles

  1-5-6  109.73793529   1-5-7  109.77627153   1-5-8  112.52764714   2-1-3  107.61294681

  2-1-4  107.91336700   2-1-5  110.73791743   3-1-4  107.85958643   3-1-5  110.82091941

  4- 1- 5  111.73443172   5- 8- 9  109.32944807   5- 8-10  109.24131130   5- 8-11  113.33614492

  6- 5- 7  106.26584870   6- 5- 8  109.21441254   7- 5- 8  109.12107503   8-11-12  109.21632943

  8-11-13  109.12340085   8-11-14  112.52123103   9- 8-10  106.11276802   9- 8-11  109.32670293

 10- 8-11  109.24029470  11-14-15  110.74094026  11-14-16  111.73917831  11-14-17  110.81271956

 12-11-13  106.26443049  12-11-14  109.73453029  13-11-14  109.78356730  15-14-16  107.91428490

 15-14-17  107.61245126  16-14-17  107.85955890  18-19-20  110.85213582  18-19-21  110.84890920

 18-19-22  110.85523151  18-23-24  110.82649288  18-23-25  110.86418164  18-23-26  110.89477535

 18-27-28  110.82701722  18-27-29  110.86257743  18-27-30  110.89347903  18-31-32  110.87987771

 18-31-33  110.86166557  18-31-34  110.88222397  19-18-23  109.50772938  19-18-27  109.50926826

 19-18-31  109.47413882  20-19-21  108.05686022  20-19-22  108.05656726  21-19-22  108.05381387

 23-18-27  109.43130474  23-18-31  109.45256541  24-23-25  108.06883017  24-23-26  108.00914476

 25-23-26  108.05862839  27-18-31  109.45228279  28-27-29  108.06859782  28-27-30  108.00991391

 29-27-30  108.06058644  32-31-33  108.01998227  32-31-34  108.05689667  33-31-34  108.01948627

 NUCLEAR CHARGE:                   42
 NUMBER OF PRIMITIVE AOS:        4582
 NUMBER OF SYMMETRY AOS:         3432
 NUMBER OF CONTRACTIONS:         3190   ( 3190A   )
 NUMBER OF CORE ORBITALS:           5   (    5A   )
 NUMBER OF VALENCE ORBITALS:       32   (   32A   )

 MOLECULE CHANGED: INITIALIZING OCCUPATION AND DUMP RECORDS


 NUCLEAR REPULSION ENERGY  185.63471320


 Eigenvalues of metric

         1 0.549E-08 0.605E-08 0.886E-08 0.121E-07 0.144E-07 0.169E-07 0.171E-07 0.182E-07


 OPERATOR DM      FOR CENTER  0  COORDINATES:    0.000000    0.000000    0.000000


 **********************************************************************************************************************************
 DATASETS  * FILE   NREC   LENGTH (MB)   RECORD NAMES
              1      19      398.14       500      610      700      900      950      970     1000      129      960     1100   
                                          VAR    BASINP    GEOM    SYMINP    ZMAT    AOBASIS   BASIS     P2S    ABASIS      S 
                                         1400     1410     1200     1210     1080     1600     1650     1700     1800   
                                           T        V       H0       H01     AOSYM     SMH    MOLCAS    OPER     GRID   

              2       5      207.55       700     1000      520     1800     2101   
                                         GEOM     BASIS   MCVARS    GRID      RKS  

 PROGRAMS   *        TOTAL       INT   RKS-SCF       INT
 CPU TIMES  *    666697.92     36.79 666618.62     42.00
 REAL TIME  *    677951.99 SEC
 DISK USED  *         1.34 GB (local),       16.07 GB (total)
 SF USED    *       122.15 MB
 GA USED    *         9.62 MB       (max)       9.61 MB       (current)
 **********************************************************************************************************************************

 Density functional group PBE=PBEX+PBEC
 Functional: PBEX(Automatically generated (new) PBEX)                          Gradient terms: 1
 Functional: PBEC(Automatically generated (new) PBEC)                          Gradient terms: 1
 Use libxcgrid:  F
 Use grid at  1800.2

 Functional: PBEX                      Factor:  1.0000
 Functional: PBEC                      Factor:  1.0000

 Generated new metagrid on record  1800.2 with target accuracy 1.0D-08 and 298420 points in CPU time    0.8
 Computed new grid on record 1800.1 in CPU time    1.1
 2566772 words reserved for DFT integration

 PROGRAM * RKS-SCF (Restricted closed shell Kohn-Sham)     Authors: W. Meyer, H.-J. Werner, P.J. Knowles, 1993

 NUMBER OF ELECTRONS:      21+   21-    SPACE SYMMETRY=1    SPIN SYMMETRY: Singlet 
 CONVERGENCE THRESHOLDS:    1.00E-04 (Density)    1.00E-08 (Energy)
 INTEGRAL THRESHOLDS:       1.00E-13 (Initial)    1.00E-13 (Final)
 MAX. NUMBER OF ITERATIONS:       60
 INTERPOLATION TYPE:            DIIS
 INTERPOLATION STEPS:              2 (START)      1 (STEP)
 LEVEL SHIFTS:                  0.00 (CLOSED)  0.00 (OPEN) 



 Use fine grid record 1800.2 for energy threshold  1.0D-08
 Orbital guess generated from atomic densities. Full valence occupancy:   37

 Molecular orbital dump at record        2201.2

 Initial occupancy:  21

 Direct Fock-matrix evaluation.        Authors: Roland Lindh & Martin Schuetz (1993/96)

 Integral Threshold:                  0.1D-12
 Threshold for writing integrals:     0.1D-06
 Prescreening on density matrix:        ON 
 Calculation will be performed fully direct        

 ITERATION   DDIFF            GRAD            ENERGY        2-EL.EN.            DIPOLE MOMENTS         DIIS   CPU(IT)  CPU(TOT)
    1      0.000D+00      0.000D+00      -197.19767208    579.789430    0.00011   -0.01525   -0.00121    0  76120.7  76344.2     start
    2      0.000D+00      0.224D-02      -196.53151673    525.533890   -0.00149    0.20722    0.01677    1  73740.7 150084.9     diag
    3      0.495D-02      0.368D-02      -197.55545953    561.141555   -0.00053    0.07177    0.00552    2  73710.4 223795.3     diag
    4      0.384D-02      0.263D-03      -197.55794786    559.636070   -0.00010    0.01362    0.00102    3  68823.0 292618.3     diag
    5      0.591D-03      0.194D-03      -197.56029597    559.770010   -0.00018    0.02447    0.00186    4  65338.9 357957.2     diag
    6      0.241D-03      0.380D-04      -197.56038157    559.800629   -0.00034    0.04646    0.00354    5  60060.0 418017.2     diag
    7      0.563D-04      0.612D-05      -197.56038393    559.820645   -0.00025    0.03468    0.00267    6  54319.8 472337.0     diag
    8      0.110D-04      0.226D-05      -197.56038424    559.823219   -0.00027    0.03714    0.00283    7  47281.6 519618.6     diag
    9      0.258D-05      0.664D-06      -197.56038426    559.822800   -0.00028    0.03793    0.00290    8  44291.5 563910.2     diag
   10      0.805D-06      0.179D-06      -197.56038426    559.822487   -0.00027    0.03761    0.00288    9  41987.7 605897.8     orth
   11      0.358D-06      0.125D-07      -197.56038426    559.822459   -0.00028    0.03765    0.00288    0  40731.9 646629.7     orth

 Final occupancy:  21

 !RKS STATE  1.1 Energy              -197.560384263461
 Nuclear energy                       185.63471320
 One-electron energy                 -631.72965453
 Two-electron energy                  279.91122935
 Density functional                   -31.37667229     PBEX=-30.03378840 PBEC= -1.34288388
 Virial quotient                       -1.00453008
 !RKS STATE  1.1 Dipole moment         -0.00027512     0.03765091     0.00287767
 Dipole moment /Debye                  -0.00069924     0.09569281     0.00731383

 Orbital energies:

         1.1          2.1          3.1          4.1          5.1          6.1          7.1          8.1          9.1         10.1
     -9.874235    -9.874231    -9.872086    -9.866494    -9.866492    -0.729749    -0.680799    -0.609138    -0.536645    -0.515876

        11.1         12.1         13.1         14.1         15.1         16.1         17.1         18.1         19.1         20.1
     -0.427088    -0.392135    -0.384947    -0.360669    -0.348595    -0.331588    -0.310896    -0.291221    -0.286329    -0.278046

        21.1         22.1         23.1
     -0.275903    -0.018531    -0.006599


 HOMO     21.1    -0.275903 =      -7.5077eV
 LUMO     22.1    -0.018531 =      -0.5042eV
 LUMO-HOMO         0.257372 =       7.0034eV


 **********************************************************************************************************************************
 DATASETS  * FILE   NREC   LENGTH (MB)   RECORD NAMES
              1      19      398.14       500      610      700      900      950      970     1000      129      960     1100   
                                          VAR    BASINP    GEOM    SYMINP    ZMAT    AOBASIS   BASIS     P2S    ABASIS      S 
                                         1400     1410     1200     1210     1080     1600     1650     1700     1800   
                                           T        V       H0       H01     AOSYM     SMH    MOLCAS    OPER     GRID   

              2       6      617.26       700     1000      520     1800     2101     2201   
                                         GEOM     BASIS   MCVARS    GRID      RKS      RKS  

 PROGRAMS   *        TOTAL   RKS-SCF       INT   RKS-SCF       INT
 CPU TIMES  *   1313393.80 646695.85     36.79 666618.62     42.00
 REAL TIME  *   1327632.34 SEC
 DISK USED  *         1.75 GB (local),       20.99 GB (total)
 SF USED    *       122.15 MB
 GA USED    *         9.62 MB       (max)       9.61 MB       (current)
 **********************************************************************************************************************************
 SETTING EA_PBE         =      -197.56038426  AU                              

 Dummy atoms: C1  H1  H2  H3  C2  H4  H5  C3  H6  H7  C4  H8  H9  C5  H10  H11  H12


 Recomputing one-electron integrals since nuclear charges changed


 PROGRAM * SEWARD (Integral evaluation for generally contracted gaussian basis sets)     Author: Roland Lindh, 1990

 Geometry written to block  1 of record 700


 Point group  C1  



 ATOMIC COORDINATES

 NR  ATOM    CHARGE       X              Y              Z

   1  C1      0.00   -4.781730624   -0.789103006    1.287482554
   2  H1      0.00   -4.837483507   -1.857203893   -0.472726680
   3  H2      0.00   -4.826429032   -2.142694227    2.839611880
   4  H3      0.00   -6.493502511    0.347981268    1.392296026
   5  C2      0.00   -2.411586906    0.838348519    1.417341525
   6  H4      0.00   -2.415228416    1.937380962    3.165452785
   7  H5      0.00   -2.419490041    2.208250128   -0.126910339
   8  C3      0.00    0.004166283   -0.719449345    1.283109988
   9  H6      0.00    0.014794547   -2.100266251    2.822931886
  10  H7      0.00    0.011808260   -1.815124836   -0.470202518
  11  C4      0.00    2.396802900    0.873802455    1.416102414
  12  H8      0.00    2.384871890    1.973347046    3.163867246
  13  H9      0.00    2.384144400    2.243212830   -0.128566731
  14  C5      0.00    4.790391989   -0.718898481    1.286310799
  15  H10     0.00    4.861207529   -1.787145212   -0.473285430
  16  H11     0.00    6.485504472    0.442979989    1.390040428
  17  H12     0.00    4.855098937   -2.070780841    2.839230513
  18  C6      6.00   -0.000989045    0.122232397    9.951925692
  19  C7      6.00    0.001036256   -0.142577013   12.823804758
  20  H13     1.00   -1.675218894    0.734399608   13.642754259
  21  H14     1.00    0.018519061   -2.128263897   13.377513162
  22  H15     1.00    1.661463434    0.763857641   13.643271394
  23  C8      6.00   -2.343220175   -1.165903254    8.867414683
  24  H16     1.00   -2.387249309   -0.997798653    6.813605179
  25  H17     1.00   -2.366058704   -3.171424983    9.345540339
  26  H18     1.00   -4.064654323   -0.311196648    9.614017356
  27  C9      6.00    2.366091559   -1.120339644    8.868223813
  28  H19     1.00    2.406393344   -0.953503916    6.814146395
  29  H20     1.00    2.428699195   -3.124509170    9.348388706
  30  H21     1.00    4.070269697   -0.230952682    9.613571711
  31  C10     6.00   -0.027913626    2.918634926    9.243994080
  32  H22     1.00    1.630823709    3.883504553    9.997910014
  33  H23     1.00   -0.028904223    3.157600104    7.196189173
  34  H24     1.00   -1.706190640    3.850900530    9.995704722

 Bond lengths in Bohr (Angstrom)

 1-2  2.059680663  1-3  2.059930238  1-4  2.057695193  1-5  2.878027634  5-6  2.064891898
     ( 1.089936069)     ( 1.090068138)     ( 1.088885403)     ( 1.522986636)     ( 1.092693735)

  5- 7  2.064317489   5- 8  2.877605908   8- 9  2.068289091   8-10  2.067527007   8-11  2.877646307
       ( 1.092389771)       ( 1.522763469)       ( 1.094491452)       ( 1.094088175)       ( 1.522784847)

 11-12  2.064902556  11-13  2.064327440  11-14  2.877987293  14-15  2.059695320  14-16  2.057699624
       ( 1.092699375)       ( 1.092395037)       ( 1.522965289)       ( 1.089943825)       ( 1.088887748)

 14-17  2.059935082  18-19  2.884062671  18-23  2.884701761  18-27  2.884695066  18-31  2.884745952
       ( 1.090070702)       ( 1.526180241)       ( 1.526518432)       ( 1.526514890)       ( 1.526541817)

 19-20  2.061455216  19-21  2.061516686  19-22  2.061593501  23-24  2.061148030  23-25  2.061854298
       ( 1.090875121)       ( 1.090907650)       ( 1.090948299)       ( 1.090712566)       ( 1.091086307)

 23-26  2.061861891  27-28  2.061235657  27-29  2.061837416  27-30  2.061740959  31-32  2.061740086
       ( 1.091090325)       ( 1.090758936)       ( 1.091077373)       ( 1.091026331)       ( 1.091025868)

 31-33  2.061700820  31-34  2.061747263
       ( 1.091005090)       ( 1.091029666)

 Bond angles

  1-5-6  109.73793529   1-5-7  109.77627153   1-5-8  112.52764714   2-1-3  107.61294681

  2-1-4  107.91336700   2-1-5  110.73791743   3-1-4  107.85958643   3-1-5  110.82091941

  4- 1- 5  111.73443172   5- 8- 9  109.32944807   5- 8-10  109.24131130   5- 8-11  113.33614492

  6- 5- 7  106.26584870   6- 5- 8  109.21441254   7- 5- 8  109.12107503   8-11-12  109.21632943

  8-11-13  109.12340085   8-11-14  112.52123103   9- 8-10  106.11276802   9- 8-11  109.32670293

 10- 8-11  109.24029470  11-14-15  110.74094026  11-14-16  111.73917831  11-14-17  110.81271956

 12-11-13  106.26443049  12-11-14  109.73453029  13-11-14  109.78356730  15-14-16  107.91428490

 15-14-17  107.61245126  16-14-17  107.85955890  18-19-20  110.85213582  18-19-21  110.84890920

 18-19-22  110.85523151  18-23-24  110.82649288  18-23-25  110.86418164  18-23-26  110.89477535

 18-27-28  110.82701722  18-27-29  110.86257743  18-27-30  110.89347903  18-31-32  110.87987771

 18-31-33  110.86166557  18-31-34  110.88222397  19-18-23  109.50772938  19-18-27  109.50926826

 19-18-31  109.47413882  20-19-21  108.05686022  20-19-22  108.05656726  21-19-22  108.05381387

 23-18-27  109.43130474  23-18-31  109.45256541  24-23-25  108.06883017  24-23-26  108.00914476

 25-23-26  108.05862839  27-18-31  109.45228279  28-27-29  108.06859782  28-27-30  108.00991391

 29-27-30  108.06058644  32-31-33  108.01998227  32-31-34  108.05689667  33-31-34  108.01948627

 NUCLEAR CHARGE:                   42
 NUMBER OF PRIMITIVE AOS:        4582
 NUMBER OF SYMMETRY AOS:         3432
 NUMBER OF CONTRACTIONS:         3190   ( 3190A   )
 NUMBER OF CORE ORBITALS:           5   (    5A   )
 NUMBER OF VALENCE ORBITALS:       32   (   32A   )

 MOLECULE CHANGED: INITIALIZING OCCUPATION AND DUMP RECORDS


 NUCLEAR REPULSION ENERGY  199.36895826


 Eigenvalues of metric

         1 0.549E-08 0.605E-08 0.886E-08 0.121E-07 0.144E-07 0.169E-07 0.171E-07 0.182E-07


 OPERATOR DM      FOR CENTER  0  COORDINATES:    0.000000    0.000000    0.000000


 **********************************************************************************************************************************
 DATASETS  * FILE   NREC   LENGTH (MB)   RECORD NAMES
              1      19      398.14       500      610      700      900      950      970     1000      129      960     1100   
                                          VAR    BASINP    GEOM    SYMINP    ZMAT    AOBASIS   BASIS     P2S    ABASIS      S 
                                         1400     1410     1200     1210     1080     1600     1650     1700     1800   
                                           T        V       H0       H01     AOSYM     SMH    MOLCAS    OPER     GRID   

              2       6      617.26       700     1000      520     1800     2101     2201   
                                         GEOM     BASIS   MCVARS    GRID      RKS      RKS  

 PROGRAMS   *        TOTAL       INT   RKS-SCF       INT   RKS-SCF       INT
 CPU TIMES  *   1313431.56     37.71 646695.85     36.79 666618.62     42.00
 REAL TIME  *   1327670.83 SEC
 DISK USED  *         1.75 GB (local),       20.99 GB (total)
 SF USED    *       122.15 MB
 GA USED    *         9.62 MB       (max)       9.61 MB       (current)
 **********************************************************************************************************************************

 Density functional group PBE=PBEX+PBEC
 Functional: PBEX(Automatically generated (new) PBEX)                          Gradient terms: 1
 Functional: PBEC(Automatically generated (new) PBEC)                          Gradient terms: 1
 Use libxcgrid:  F
 Use grid at  1800.2

 Functional: PBEX                      Factor:  1.0000
 Functional: PBEC                      Factor:  1.0000

 Generated new metagrid on record  1800.2 with target accuracy 1.0D-08 and 298420 points in CPU time    0.7
 Computed new grid on record 1800.1 in CPU time    1.0
 2566772 words reserved for DFT integration

 PROGRAM * RKS-SCF (Restricted closed shell Kohn-Sham)     Authors: W. Meyer, H.-J. Werner, P.J. Knowles, 1993

 NUMBER OF ELECTRONS:      21+   21-    SPACE SYMMETRY=1    SPIN SYMMETRY: Singlet 
 CONVERGENCE THRESHOLDS:    1.00E-04 (Density)    1.00E-08 (Energy)
 INTEGRAL THRESHOLDS:       1.00E-13 (Initial)    1.00E-13 (Final)
 MAX. NUMBER OF ITERATIONS:       60
 INTERPOLATION TYPE:            DIIS
 INTERPOLATION STEPS:              2 (START)      1 (STEP)
 LEVEL SHIFTS:                  0.00 (CLOSED)  0.00 (OPEN) 



 Use fine grid record 1800.2 for energy threshold  1.0D-08
 Orbital guess generated from atomic densities. Full valence occupancy:   37

 Molecular orbital dump at record        2301.2

 Initial occupancy:  21

 Direct Fock-matrix evaluation.        Authors: Roland Lindh & Martin Schuetz (1993/96)

 Integral Threshold:                  0.1D-12
 Threshold for writing integrals:     0.1D-06
 Prescreening on density matrix:        ON 
 Calculation will be performed fully direct        

 ITERATION   DDIFF            GRAD            ENERGY        2-EL.EN.            DIPOLE MOMENTS         DIIS   CPU(IT)  CPU(TOT)
    1      0.000D+00      0.000D+00      -197.18473071    608.174592   -0.00001    0.00031   -0.00092    0  74846.6  75122.6     start
    2      0.000D+00      0.231D-02      -196.27328182    546.177619    0.00003   -0.00226    0.00160    1  77676.7 152799.2     diag
    3      0.471D-02      0.412D-02      -197.54461332    589.401976    0.00000    0.00014   -0.00119    2  69236.0 222035.3     diag
    4      0.378D-02      0.541D-03      -197.55871061    586.907845    0.00001   -0.00012   -0.00055    3  68667.0 290702.3     diag
    5      0.792D-03      0.259D-03      -197.56263618    587.038752    0.00001   -0.00013   -0.00073    4  65068.0 355770.2     diag
    6      0.326D-03      0.259D-04      -197.56267639    587.138009    0.00001   -0.00011   -0.00069    5  56546.5 412316.8     diag
    7      0.646D-04      0.355D-05      -197.56267728    587.159386    0.00001   -0.00010   -0.00077    6  52386.0 464702.7     diag
    8      0.101D-04      0.296D-06      -197.56267728    587.157295    0.00001   -0.00012   -0.00065    7  45413.7 510116.4     diag
    9      0.173D-05      0.125D-06      -197.56267728    587.157466    0.00001   -0.00008   -0.00084    0  36910.4 547026.8     orth

 Final occupancy:  21

 !RKS STATE  1.1 Energy              -197.562677281642
 Nuclear energy                       199.36895826
 One-electron energy                 -659.13549985
 Two-electron energy                  293.57873310
 Density functional                   -31.37486879     PBEX=-30.02854241 PBEC= -1.34632638
 Virial quotient                       -1.00448289
 !RKS STATE  1.1 Dipole moment          0.00000964    -0.00008391    -0.00083725
 Dipole moment /Debye                   0.00002450    -0.00021326    -0.00212795

 Orbital energies:

         1.1          2.1          3.1          4.1          5.1          6.1          7.1          8.1          9.1         10.1
     -9.893810    -9.865768    -9.865737    -9.865732    -9.865627    -0.749782    -0.617450    -0.617373    -0.617361    -0.476342

        11.1         12.1         13.1         14.1         15.1         16.1         17.1         18.1         19.1         20.1
     -0.402173    -0.402124    -0.402098    -0.355099    -0.355075    -0.317925    -0.317886    -0.317859    -0.281018    -0.280947

        21.1         22.1         23.1
     -0.280942    -0.023091     0.001870


 HOMO     21.1    -0.280942 =      -7.6448eV
 LUMO     22.1    -0.023091 =      -0.6283eV
 LUMO-HOMO         0.257851 =       7.0165eV


 **********************************************************************************************************************************
 DATASETS  * FILE   NREC   LENGTH (MB)   RECORD NAMES
              1      19      398.14       500      610      700      900      950      970     1000      129      960     1100   
                                          VAR    BASINP    GEOM    SYMINP    ZMAT    AOBASIS   BASIS     P2S    ABASIS      S 
                                         1400     1410     1200     1210     1080     1600     1650     1700     1800   
                                           T        V       H0       H01     AOSYM     SMH    MOLCAS    OPER     GRID   

              2       7     1026.97       700     1000      520     1800     2101     2201     2301   
                                         GEOM     BASIS   MCVARS    GRID      RKS      RKS      RKS  

 PROGRAMS   *        TOTAL   RKS-SCF       INT   RKS-SCF       INT   RKS-SCF       INT
 CPU TIMES  *   1860522.31 547090.76     37.71 646695.85     36.79 666618.62     42.00
 REAL TIME  *   1881296.47 SEC
 DISK USED  *         2.08 GB (local),       24.93 GB (total)
 SF USED    *       122.15 MB
 GA USED    *         9.62 MB       (max)       9.61 MB       (current)
 **********************************************************************************************************************************
 SETTING EB_PBE         =      -197.56267728  AU                              
 SETTING E_AB_INT       =     5.60386994D-05  AU                              

 *** results in hartree
 E_AB_INT         =         0.00005604 AU
 Molecular orbitals read from record     2301.2  Type=RKS/CANONICAL (state 1.1)
 Occupation numbers read from record     2301.2  Type=RKS/RHF (state 1.1)
 Orbital energies read from record       2301.2  Type=RKS/CANONICAL (state 1.1)
 Redundancy group numbers read from rec  2301.2  Type=RKS/RHF (state 1.1)

 RPBE/aug-cc-pV5Z energy=   -197.562677281642

         RKS-SCF         RKS-SCF         RKS-SCF
   -197.56267728   -197.56038426   -395.12300551
 **********************************************************************************************************************************
 Molpro calculation terminated
Thu 07 May 2020 07:01:34 AM CEST
